This is XeTeX, Version 3.141592653-2.6-0.999997 (TeX Live 2025) (preloaded format=xelatex 2025.8.30)  27 MAY 2026 15:44
entering extended mode
 restricted \write18 enabled.
 file:line:error style messages enabled.
 %&-line parsing enabled.
**word.tex
(./word.tex
LaTeX2e <2024-11-01> patch level 2
L3 programming layer <2025-01-18>
(./elegantbook.cls
Document Class: elegantbook 2022/04/09 v4.3 ElegantBook document class

(e:/Program Files/LateX/texlive/2025/texmf-dist/tex/latex/kvoptions/kvoptions.s
ty
Package: kvoptions 2022-06-15 v3.15 Key value format for package options (HO)

(e:/Program Files/LateX/texlive/2025/texmf-dist/tex/latex/graphics/keyval.sty
Package: keyval 2022/05/29 v1.15 key=value parser (DPC)
\KV@toks@=\toks17
)
(e:/Program Files/LateX/texlive/2025/texmf-dist/tex/generic/ltxcmds/ltxcmds.sty
Package: ltxcmds 2023-12-04 v1.26 LaTeX kernel commands for general use (HO)
)
(e:/Program Files/LateX/texlive/2025/texmf-dist/tex/latex/kvsetkeys/kvsetkeys.s
ty
Package: kvsetkeys 2022-10-05 v1.19 Key value parser (HO)
))
(e:/Program Files/LateX/texlive/2025/texmf-dist/tex/latex/etoolbox/etoolbox.sty
Package: etoolbox 2025/02/11 v2.5l e-TeX tools for LaTeX (JAW)
\etb@tempcnta=\count192
) (e:/Program Files/LateX/texlive/2025/texmf-dist/tex/latex/base/book.cls
Document Class: book 2024/06/29 v1.4n Standard LaTeX document class
(e:/Program Files/LateX/texlive/2025/texmf-dist/tex/latex/base/bk11.clo
File: bk11.clo 2024/06/29 v1.4n Standard LaTeX file (size option)
)
\c@part=\count193
\c@chapter=\count194
\c@section=\count195
\c@subsection=\count196
\c@subsubsection=\count197
\c@paragraph=\count198
\c@subparagraph=\count199
\c@figure=\count266
\c@table=\count267
\abovecaptionskip=\skip49
\belowcaptionskip=\skip50
\bibindent=\dimen141
)
(e:/Program Files/LateX/texlive/2025/texmf-dist/tex/latex/setspace/setspace.sty
Package: setspace 2022/12/04 v6.7b set line spacing
)
(e:/Program Files/LateX/texlive/2025/texmf-dist/tex/latex/csquotes/csquotes.sty
Package: csquotes 2024-04-04 v5.2o context-sensitive quotations (JAW)
\csq@reset=\count268
\csq@gtype=\count269
\csq@glevel=\count270
\csq@qlevel=\count271
\csq@maxlvl=\count272
\csq@tshold=\count273
\csq@ltx@everypar=\toks18

(e:/Program Files/LateX/texlive/2025/texmf-dist/tex/latex/csquotes/csquotes.def
File: csquotes.def 2024-04-04 v5.2o csquotes generic definitions (JAW)
)
Package csquotes Info: Trying to load configuration file 'csquotes.cfg'...
Package csquotes Info: ... configuration file loaded successfully.

(e:/Program Files/LateX/texlive/2025/texmf-dist/tex/latex/csquotes/csquotes.cfg
File: csquotes.cfg 
))
(e:/Program Files/LateX/texlive/2025/texmf-dist/tex/latex/hyperref/hyperref.sty
Package: hyperref 2024-11-05 v7.01l Hypertext links for LaTeX
(e:/Program Files/LateX/texlive/2025/texmf-dist/tex/generic/iftex/iftex.sty
Package: iftex 2024/12/12 v1.0g TeX engine tests
)
(e:/Program Files/LateX/texlive/2025/texmf-dist/tex/generic/kvdefinekeys/kvdefi
nekeys.sty
Package: kvdefinekeys 2019-12-19 v1.6 Define keys (HO)
)
(e:/Program Files/LateX/texlive/2025/texmf-dist/tex/generic/pdfescape/pdfescape
.sty
Package: pdfescape 2019/12/09 v1.15 Implements pdfTeX's escape features (HO)

(e:/Program Files/LateX/texlive/2025/texmf-dist/tex/generic/pdftexcmds/pdftexcm
ds.sty
Package: pdftexcmds 2020-06-27 v0.33 Utility functions of pdfTeX for LuaTeX (HO
)

(e:/Program Files/LateX/texlive/2025/texmf-dist/tex/generic/infwarerr/infwarerr
.sty
Package: infwarerr 2019/12/03 v1.5 Providing info/warning/error messages (HO)
)
Package pdftexcmds Info: \pdf@primitive is available.
Package pdftexcmds Info: \pdf@ifprimitive is available.
Package pdftexcmds Info: \pdfdraftmode not found.
))
(e:/Program Files/LateX/texlive/2025/texmf-dist/tex/latex/hycolor/hycolor.sty
Package: hycolor 2020-01-27 v1.10 Color options for hyperref/bookmark (HO)
)
(e:/Program Files/LateX/texlive/2025/texmf-dist/tex/latex/hyperref/nameref.sty
Package: nameref 2023-11-26 v2.56 Cross-referencing by name of section

(e:/Program Files/LateX/texlive/2025/texmf-dist/tex/latex/refcount/refcount.sty
Package: refcount 2019/12/15 v3.6 Data extraction from label references (HO)
)
(e:/Program Files/LateX/texlive/2025/texmf-dist/tex/generic/gettitlestring/gett
itlestring.sty
Package: gettitlestring 2019/12/15 v1.6 Cleanup title references (HO)
)
\c@section@level=\count274
)
(e:/Program Files/LateX/texlive/2025/texmf-dist/tex/generic/stringenc/stringenc
.sty
Package: stringenc 2019/11/29 v1.12 Convert strings between diff. encodings (HO
)
)
\@linkdim=\dimen142
\Hy@linkcounter=\count275
\Hy@pagecounter=\count276

(e:/Program Files/LateX/texlive/2025/texmf-dist/tex/latex/hyperref/pd1enc.def
File: pd1enc.def 2024-11-05 v7.01l Hyperref: PDFDocEncoding definition (HO)
)
(e:/Program Files/LateX/texlive/2025/texmf-dist/tex/generic/intcalc/intcalc.sty
Package: intcalc 2019/12/15 v1.3 Expandable calculations with integers (HO)
)
\Hy@SavedSpaceFactor=\count277
 (e:/Program Files/LateX/texlive/2025/texmf-dist/tex/latex/hyperref/puenc.def
File: puenc.def 2024-11-05 v7.01l Hyperref: PDF Unicode definition (HO)
)
Package hyperref Info: Hyper figures OFF on input line 4157.
Package hyperref Info: Link nesting OFF on input line 4162.
Package hyperref Info: Hyper index ON on input line 4165.
Package hyperref Info: Plain pages OFF on input line 4172.
Package hyperref Info: Backreferencing OFF on input line 4177.
Package hyperref Info: Implicit mode ON; LaTeX internals redefined.
Package hyperref Info: Bookmarks ON on input line 4424.
\c@Hy@tempcnt=\count278
(e:/Program Files/LateX/texlive/2025/texmf-dist/tex/latex/url/url.sty
\Urlmuskip=\muskip17
Package: url 2013/09/16  ver 3.4  Verb mode for urls, etc.
)
LaTeX Info: Redefining \url on input line 4763.
\XeTeXLinkMargin=\dimen143

(e:/Program Files/LateX/texlive/2025/texmf-dist/tex/generic/bitset/bitset.sty
Package: bitset 2019/12/09 v1.3 Handle bit-vector datatype (HO)

(e:/Program Files/LateX/texlive/2025/texmf-dist/tex/generic/bigintcalc/bigintca
lc.sty
Package: bigintcalc 2019/12/15 v1.5 Expandable calculations on big integers (HO
)
))
\Fld@menulength=\count279
\Field@Width=\dimen144
\Fld@charsize=\dimen145
Package hyperref Info: Hyper figures OFF on input line 6042.
Package hyperref Info: Link nesting OFF on input line 6047.
Package hyperref Info: Hyper index ON on input line 6050.
Package hyperref Info: backreferencing OFF on input line 6057.
Package hyperref Info: Link coloring OFF on input line 6062.
Package hyperref Info: Link coloring with OCG OFF on input line 6067.
Package hyperref Info: PDF/A mode OFF on input line 6072.

(e:/Program Files/LateX/texlive/2025/texmf-dist/tex/latex/base/atbegshi-ltx.sty
Package: atbegshi-ltx 2021/01/10 v1.0c Emulation of the original atbegshi
package with kernel methods
)
\Hy@abspage=\count280
\c@Item=\count281
\c@Hfootnote=\count282
)
Package hyperref Info: Driver (autodetected): hxetex.

(e:/Program Files/LateX/texlive/2025/texmf-dist/tex/latex/hyperref/hxetex.def
File: hxetex.def 2024-11-05 v7.01l Hyperref driver for XeTeX
\pdfm@box=\box52
\c@Hy@AnnotLevel=\count283
\HyField@AnnotCount=\count284
\Fld@listcount=\count285
\c@bookmark@seq@number=\count286

(e:/Program Files/LateX/texlive/2025/texmf-dist/tex/latex/rerunfilecheck/rerunf
ilecheck.sty
Package: rerunfilecheck 2022-07-10 v1.10 Rerun checks for auxiliary files (HO)

(e:/Program Files/LateX/texlive/2025/texmf-dist/tex/latex/base/atveryend-ltx.st
y
Package: atveryend-ltx 2020/08/19 v1.0a Emulation of the original atveryend pac
kage
with kernel methods
)
(e:/Program Files/LateX/texlive/2025/texmf-dist/tex/generic/uniquecounter/uniqu
ecounter.sty
Package: uniquecounter 2019/12/15 v1.4 Provide unlimited unique counter (HO)
)
Package uniquecounter Info: New unique counter `rerunfilecheck' on input line 2
85.
)
\Hy@SectionHShift=\skip51
)
Package hyperref Info: Option `breaklinks' set `true' on input line 135.
Package hyperref Info: Option `unicode' set `true' on input line 135.
Package hyperref Info: Option `bookmarksnumbered' set `true' on input line 135.

Package hyperref Info: Option `bookmarksopen' set `true' on input line 135.
Package hyperref Info: Option `colorlinks' set `true' on input line 135.
Package hyperref Info: Option `plainpages' set `false' on input line 135.
Package hyperref Info: Option `linktocpage' set `true' on input line 135.

(e:/Program Files/LateX/texlive/2025/texmf-dist/tex/latex/geometry/geometry.sty
Package: geometry 2020/01/02 v5.9 Page Geometry
(e:/Program Files/LateX/texlive/2025/texmf-dist/tex/generic/iftex/ifvtex.sty
Package: ifvtex 2019/10/25 v1.7 ifvtex legacy package. Use iftex instead.
)
\Gm@cnth=\count287
\Gm@cntv=\count288
\c@Gm@tempcnt=\count289
\Gm@bindingoffset=\dimen146
\Gm@wd@mp=\dimen147
\Gm@odd@mp=\dimen148
\Gm@even@mp=\dimen149
\Gm@layoutwidth=\dimen150
\Gm@layoutheight=\dimen151
\Gm@layouthoffset=\dimen152
\Gm@layoutvoffset=\dimen153
\Gm@dimlist=\toks19
)
(e:/Program Files/LateX/texlive/2025/texmf-dist/tex/latex/tools/indentfirst.sty
Package: indentfirst 2023/07/02 v1.03 Indent first paragraph (DPC)
) (e:/Program Files/LateX/texlive/2025/texmf-dist/tex/latex/comment/comment.sty
\CommentStream=\write3
Excluding comment 'comment')
(e:/Program Files/LateX/texlive/2025/texmf-dist/tex/latex/fontspec/fontspec.sty

(e:/Program Files/LateX/texlive/2025/texmf-dist/tex/latex/l3packages/xparse/xpa
rse.sty
(e:/Program Files/LateX/texlive/2025/texmf-dist/tex/latex/l3kernel/expl3.sty
Package: expl3 2025-01-18 L3 programming layer (loader) 

(e:/Program Files/LateX/texlive/2025/texmf-dist/tex/latex/l3backend/l3backend-x
etex.def
File: l3backend-xetex.def 2024-05-08 L3 backend support: XeTeX
\g__graphics_track_int=\count290
\l__pdf_internal_box=\box53
\g__pdf_backend_annotation_int=\count291
\g__pdf_backend_link_int=\count292
))
Package: xparse 2024-08-16 L3 Experimental document command parser
)
Package: fontspec 2024/05/11 v2.9e Font selection for XeLaTeX and LuaLaTeX

(e:/Program Files/LateX/texlive/2025/texmf-dist/tex/latex/fontspec/fontspec-xet
ex.sty
Package: fontspec-xetex 2024/05/11 v2.9e Font selection for XeLaTeX and LuaLaTe
X
\l__fontspec_script_int=\count293
\l__fontspec_language_int=\count294
\l__fontspec_strnum_int=\count295
\l__fontspec_tmp_int=\count296
\l__fontspec_tmpa_int=\count297
\l__fontspec_tmpb_int=\count298
\l__fontspec_tmpc_int=\count299
\l__fontspec_em_int=\count300
\l__fontspec_emdef_int=\count301
\l__fontspec_strong_int=\count302
\l__fontspec_strongdef_int=\count303
\l__fontspec_tmpa_dim=\dimen154
\l__fontspec_tmpb_dim=\dimen155
\l__fontspec_tmpc_dim=\dimen156

(e:/Program Files/LateX/texlive/2025/texmf-dist/tex/latex/base/fontenc.sty
Package: fontenc 2021/04/29 v2.0v Standard LaTeX package
)
(e:/Program Files/LateX/texlive/2025/texmf-dist/tex/latex/fontspec/fontspec.cfg
)))
LaTeX Font Info:    Font shape `TU/texgyretermes(0)/m/n' will be
(Font)              scaled to size 10.95pt on input line 187.
 (e:/Program Files/LateX/texlive/2025/texmf-dist/tex/latex/ctex/ctex.sty
Package: ctex 2022/07/14 v2.5.10 Chinese adapter in LaTeX (CTEX)

(e:/Program Files/LateX/texlive/2025/texmf-dist/tex/latex/ctex/ctexhook.sty
Package: ctexhook 2022/07/14 v2.5.10 Document and package hooks (CTEX)
)
(e:/Program Files/LateX/texlive/2025/texmf-dist/tex/latex/ctex/ctexpatch.sty
Package: ctexpatch 2022/07/14 v2.5.10 Patching commands (CTEX)
)
(e:/Program Files/LateX/texlive/2025/texmf-dist/tex/latex/base/fix-cm.sty
Package: fix-cm 2020/11/24 v1.1t fixes to LaTeX

(e:/Program Files/LateX/texlive/2025/texmf-dist/tex/latex/base/ts1enc.def
File: ts1enc.def 2001/06/05 v3.0e (jk/car/fm) Standard LaTeX file
LaTeX Font Info:    Redeclaring font encoding TS1 on input line 47.
))
\l__ctex_tmp_int=\count304
\l__ctex_tmp_box=\box54
\l__ctex_tmp_dim=\dimen157
\g__ctex_section_depth_int=\count305
\g__ctex_font_size_int=\count306

(e:/Program Files/LateX/texlive/2025/texmf-dist/tex/latex/ctex/config/ctexopts.
cfg
File: ctexopts.cfg 2022/07/14 v2.5.10 Option configuration file (CTEX)
)
(e:/Program Files/LateX/texlive/2025/texmf-dist/tex/latex/ctex/engine/ctex-engi
ne-xetex.def
File: ctex-engine-xetex.def 2022/07/14 v2.5.10 XeLaTeX adapter (CTEX)

(e:/Program Files/LateX/texlive/2025/texmf-dist/tex/xelatex/xecjk/xeCJK.sty
Package: xeCJK 2022/08/05 v3.9.1 Typesetting CJK scripts with XeLaTeX

(e:/Program Files/LateX/texlive/2025/texmf-dist/tex/latex/l3packages/xtemplate/
xtemplate.sty
Package: xtemplate 2024-08-16 L3 Experimental prototype document functions
)
\l__xeCJK_tmp_int=\count307
\l__xeCJK_tmp_box=\box55
\l__xeCJK_tmp_dim=\dimen158
\l__xeCJK_tmp_skip=\skip52
\g__xeCJK_space_factor_int=\count308
\l__xeCJK_begin_int=\count309
\l__xeCJK_end_int=\count310
\c__xeCJK_CJK_class_int=\XeTeXcharclass1
\c__xeCJK_FullLeft_class_int=\XeTeXcharclass2
\c__xeCJK_FullRight_class_int=\XeTeXcharclass3
\c__xeCJK_HalfLeft_class_int=\XeTeXcharclass4
\c__xeCJK_HalfRight_class_int=\XeTeXcharclass5
\c__xeCJK_NormalSpace_class_int=\XeTeXcharclass6
\c__xeCJK_CM_class_int=\XeTeXcharclass7
\c__xeCJK_HangulJamo_class_int=\XeTeXcharclass8
\l__xeCJK_last_skip=\skip53
\c__xeCJK_none_node=\count311
\g__xeCJK_node_int=\count312
\c__xeCJK_CJK_node_dim=\dimen159
\c__xeCJK_CJK-space_node_dim=\dimen160
\c__xeCJK_default_node_dim=\dimen161
\c__xeCJK_CJK-widow_node_dim=\dimen162
\c__xeCJK_normalspace_node_dim=\dimen163
\c__xeCJK_default-space_node_skip=\skip54
\l__xeCJK_ccglue_skip=\skip55
\l__xeCJK_ecglue_skip=\skip56
\l__xeCJK_punct_kern_skip=\skip57
\l__xeCJK_indent_box=\box56
\l__xeCJK_last_penalty_int=\count313
\l__xeCJK_last_bound_dim=\dimen164
\l__xeCJK_last_kern_dim=\dimen165
\l__xeCJK_widow_penalty_int=\count314

LaTeX template Info: Declaring template type 'xeCJK/punctuation' taking 0
(template)           argument(s) on line 2396.

\l__xeCJK_fixed_punct_width_dim=\dimen166
\l__xeCJK_mixed_punct_width_dim=\dimen167
\l__xeCJK_middle_punct_width_dim=\dimen168
\l__xeCJK_fixed_margin_width_dim=\dimen169
\l__xeCJK_mixed_margin_width_dim=\dimen170
\l__xeCJK_middle_margin_width_dim=\dimen171
\l__xeCJK_bound_punct_width_dim=\dimen172
\l__xeCJK_bound_margin_width_dim=\dimen173
\l__xeCJK_margin_minimum_dim=\dimen174
\l__xeCJK_kerning_total_width_dim=\dimen175
\l__xeCJK_same_align_margin_dim=\dimen176
\l__xeCJK_different_align_margin_dim=\dimen177
\l__xeCJK_kerning_margin_width_dim=\dimen178
\l__xeCJK_kerning_margin_minimum_dim=\dimen179
\l__xeCJK_bound_dim=\dimen180
\l__xeCJK_reverse_bound_dim=\dimen181
\l__xeCJK_margin_dim=\dimen182
\l__xeCJK_minimum_bound_dim=\dimen183
\l__xeCJK_kerning_margin_dim=\dimen184
\g__xeCJK_family_int=\count315
\l__xeCJK_fam_int=\count316
\g__xeCJK_fam_allocation_int=\count317
\l__xeCJK_verb_case_int=\count318
\l__xeCJK_verb_exspace_skip=\skip58

(e:/Program Files/LateX/texlive/2025/texmf-dist/tex/xelatex/xecjk/xeCJK.cfg
File: xeCJK.cfg 2022/08/05 v3.9.1 Configuration file for xeCJK package
))
\ccwd=\dimen185
\l__ctex_ccglue_skip=\skip59
)
\l__ctex_ziju_dim=\dimen186

(e:/Program Files/LateX/texlive/2025/texmf-dist/tex/latex/zhnumber/zhnumber.sty
Package: zhnumber 2022/07/14 v3.0 Typesetting numbers with Chinese glyphs
\l__zhnum_scale_int=\count319
\l__zhnum_tmp_int=\count320

(e:/Program Files/LateX/texlive/2025/texmf-dist/tex/latex/zhnumber/zhnumber-utf
8.cfg
File: zhnumber-utf8.cfg 2022/07/14 v3.0 Chinese numerals with UTF8 encoding
))
(e:/Program Files/LateX/texlive/2025/texmf-dist/tex/latex/ctex/scheme/ctex-sche
me-plain.def
File: ctex-scheme-plain.def 2022/07/14 v2.5.10 Plain scheme for generic (CTEX)
)
(e:/Program Files/LateX/texlive/2025/texmf-dist/tex/latex/ctex/fontset/ctex-fon
tset-windows.def
File: ctex-fontset-windows.def 2022/07/14 v2.5.10 Windows fonts definition (CTE
X)
))
(e:/Program Files/LateX/texlive/2025/texmf-dist/tex/latex/ctex/config/ctex.cfg
File: ctex.cfg 2022/07/14 v2.5.10 Configuration file (CTEX)
)
(e:/Program Files/LateX/texlive/2025/texmf-dist/tex/latex/anyfontsize/anyfontsi
ze.sty
Invalid UTF-8 byte or sequence at line 3 replaced by U+FFFD.
Invalid UTF-8 byte or sequence at line 3 replaced by U+FFFD.
Package: anyfontsize 2007/11/22 anyfontsize.sty by pts
)
(e:/Program Files/LateX/texlive/2025/texmf-dist/tex/latex/xcolor/xcolor.sty
Package: xcolor 2024/09/29 v3.02 LaTeX color extensions (UK)

(e:/Program Files/LateX/texlive/2025/texmf-dist/tex/latex/graphics-cfg/color.cf
g
File: color.cfg 2016/01/02 v1.6 sample color configuration
)
Package xcolor Info: Driver file: xetex.def on input line 274.

(e:/Program Files/LateX/texlive/2025/texmf-dist/tex/latex/graphics-def/xetex.de
f
File: xetex.def 2022/09/22 v5.0n Graphics/color driver for xetex
)
(e:/Program Files/LateX/texlive/2025/texmf-dist/tex/latex/graphics/mathcolor.lt
x)
Package xcolor Info: Model `cmy' substituted by `cmy0' on input line 1349.
Package xcolor Info: Model `RGB' extended on input line 1365.
Package xcolor Info: Model `HTML' substituted by `rgb' on input line 1367.
Package xcolor Info: Model `Hsb' substituted by `hsb' on input line 1368.
Package xcolor Info: Model `tHsb' substituted by `hsb' on input line 1369.
Package xcolor Info: Model `HSB' substituted by `hsb' on input line 1370.
Package xcolor Info: Model `Gray' substituted by `gray' on input line 1371.
Package xcolor Info: Model `wave' substituted by `hsb' on input line 1372.
)
(e:/Program Files/LateX/texlive/2025/texmf-dist/tex/latex/colortbl/colortbl.sty
Package: colortbl 2024/07/06 v1.0i Color table columns (DPC)
(e:/Program Files/LateX/texlive/2025/texmf-dist/tex/latex/tools/array.sty
Package: array 2024/10/17 v2.6g Tabular extension package (FMi)
\col@sep=\dimen187
\ar@mcellbox=\box57
\extrarowheight=\dimen188
\NC@list=\toks20
\extratabsurround=\skip60
\backup@length=\skip61
\ar@cellbox=\box58
)
\everycr=\toks21
\minrowclearance=\skip62
\rownum=\count321
)
(e:/Program Files/LateX/texlive/2025/texmf-dist/tex/latex/mwe/mwe.sty
Package: mwe 2018/03/30 v0.5 Package to support minimal working examples (MWE)

(e:/Program Files/LateX/texlive/2025/texmf-dist/tex/latex/graphics/graphicx.sty
Package: graphicx 2021/09/16 v1.2d Enhanced LaTeX Graphics (DPC,SPQR)

(e:/Program Files/LateX/texlive/2025/texmf-dist/tex/latex/graphics/graphics.sty
Package: graphics 2024/08/06 v1.4g Standard LaTeX Graphics (DPC,SPQR)
(e:/Program Files/LateX/texlive/2025/texmf-dist/tex/latex/graphics/trig.sty
Package: trig 2023/12/02 v1.11 sin cos tan (DPC)
)
(e:/Program Files/LateX/texlive/2025/texmf-dist/tex/latex/graphics-cfg/graphics
.cfg
File: graphics.cfg 2016/06/04 v1.11 sample graphics configuration
)
Package graphics Info: Driver file: xetex.def on input line 106.
)
\Gin@req@height=\dimen189
\Gin@req@width=\dimen190
)
(e:/Program Files/LateX/texlive/2025/texmf-dist/tex/latex/lipsum/lipsum.sty
(e:/Program Files/LateX/texlive/2025/texmf-dist/tex/latex/l3packages/l3keys2e/l
3keys2e.sty
Package: l3keys2e 2024-08-16 LaTeX2e option processing using LaTeX3 keys
)
Package: lipsum 2021-09-20 v2.7 150 paragraphs of Lorem Ipsum dummy text
\g__lipsum_par_int=\count322
\l__lipsum_a_int=\count323
\l__lipsum_b_int=\count324

(e:/Program Files/LateX/texlive/2025/texmf-dist/tex/latex/lipsum/lipsum.ltd.tex
))
(e:/Program Files/LateX/texlive/2025/texmf-dist/tex/latex/blindtext/blindtext.s
ty
Package: blindtext 2012/01/06 V2.0 blindtext-Package
 (e:/Program Files/LateX/texlive/2025/texmf-dist/tex/latex/tools/xspace.sty
Package: xspace 2014/10/28 v1.13 Space after command names (DPC,MH)
)
\c@blindtext=\count325
\c@Blindtext=\count326
\c@blind@countparstart=\count327
\blind@countxx=\count328
\blindtext@numBlindtext=\count329
\blind@countyy=\count330
\c@blindlist=\count331
\c@blindlistlevel=\count332
\c@blindlist@level=\count333
\blind@listitem=\count334
\c@blind@listcount=\count335
\c@blind@levelcount=\count336
\blind@mathformula=\count337
\blind@Mathformula=\count338
\c@blind@randomcount=\count339
\c@blind@randommax=\count340
\c@blind@pangramcount=\count341
\c@blind@pangrammax=\count342
)) (e:/Program Files/LateX/texlive/2025/texmf-dist/tex/latex/tools/enumerate.st
y
Package: enumerate 2023/07/04 v3.00 enumerate extensions (DPC)
\@enLab=\toks22
)
(e:/Program Files/LateX/texlive/2025/texmf-dist/tex/latex/enumitem/enumitem.sty
Package: enumitem 2025/02/06 v3.11 Customized lists
\labelindent=\skip63
\enit@outerparindent=\dimen191
\enit@toks=\toks23
\enit@inbox=\box59
\enit@count@id=\count343
\enitdp@description=\count344
) (e:/Program Files/LateX/texlive/2025/texmf-dist/tex/latex/caption/caption.sty
Package: caption 2023/08/05 v3.6o Customizing captions (AR)
(e:/Program Files/LateX/texlive/2025/texmf-dist/tex/latex/caption/caption3.sty
Package: caption3 2023/07/31 v2.4d caption3 kernel (AR)
\caption@tempdima=\dimen192
\captionmargin=\dimen193
\caption@leftmargin=\dimen194
\caption@rightmargin=\dimen195
\caption@width=\dimen196
\caption@indent=\dimen197
\caption@parindent=\dimen198
\caption@hangindent=\dimen199
Package caption Info: Standard document class detected.
)
\c@caption@flags=\count345
\c@continuedfloat=\count346
Package caption Info: hyperref package is loaded.
) (e:/Program Files/LateX/texlive/2025/texmf-dist/tex/latex/amsmath/amsmath.sty
Package: amsmath 2024/11/05 v2.17t AMS math features
\@mathmargin=\skip64
For additional information on amsmath, use the `?' option.
(e:/Program Files/LateX/texlive/2025/texmf-dist/tex/latex/amsmath/amstext.sty
Package: amstext 2021/08/26 v2.01 AMS text

(e:/Program Files/LateX/texlive/2025/texmf-dist/tex/latex/amsmath/amsgen.sty
File: amsgen.sty 1999/11/30 v2.0 generic functions
\@emptytoks=\toks24
\ex@=\dimen256
))
(e:/Program Files/LateX/texlive/2025/texmf-dist/tex/latex/amsmath/amsbsy.sty
Package: amsbsy 1999/11/29 v1.2d Bold Symbols
\pmbraise@=\dimen257
)
(e:/Program Files/LateX/texlive/2025/texmf-dist/tex/latex/amsmath/amsopn.sty
Package: amsopn 2022/04/08 v2.04 operator names
)
\inf@bad=\count347
LaTeX Info: Redefining \frac on input line 233.
\uproot@=\count348
\leftroot@=\count349
LaTeX Info: Redefining \overline on input line 398.
LaTeX Info: Redefining \colon on input line 409.
\classnum@=\count350
\DOTSCASE@=\count351
LaTeX Info: Redefining \ldots on input line 495.
LaTeX Info: Redefining \dots on input line 498.
LaTeX Info: Redefining \cdots on input line 619.
\Mathstrutbox@=\box60
\strutbox@=\box61
LaTeX Info: Redefining \big on input line 721.
LaTeX Info: Redefining \Big on input line 722.
LaTeX Info: Redefining \bigg on input line 723.
LaTeX Info: Redefining \Bigg on input line 724.
\big@size=\dimen258
LaTeX Font Info:    Redeclaring font encoding OML on input line 742.
LaTeX Font Info:    Redeclaring font encoding OMS on input line 743.
\macc@depth=\count352
LaTeX Info: Redefining \bmod on input line 904.
LaTeX Info: Redefining \pmod on input line 909.
LaTeX Info: Redefining \smash on input line 939.
LaTeX Info: Redefining \relbar on input line 969.
LaTeX Info: Redefining \Relbar on input line 970.
\c@MaxMatrixCols=\count353
\dotsspace@=\muskip18
\c@parentequation=\count354
\dspbrk@lvl=\count355
\tag@help=\toks25
\row@=\count356
\column@=\count357
\maxfields@=\count358
\andhelp@=\toks26
\eqnshift@=\dimen259
\alignsep@=\dimen260
\tagshift@=\dimen261
\tagwidth@=\dimen262
\totwidth@=\dimen263
\lineht@=\dimen264
\@envbody=\toks27
\multlinegap=\skip65
\multlinetaggap=\skip66
\mathdisplay@stack=\toks28
LaTeX Info: Redefining \[ on input line 2953.
LaTeX Info: Redefining \] on input line 2954.
)
(e:/Program Files/LateX/texlive/2025/texmf-dist/tex/latex/jknapltx/mathrsfs.sty
Package: mathrsfs 1996/01/01 Math RSFS package v1.0 (jk)
\symrsfs=\mathgroup4
)
(e:/Program Files/LateX/texlive/2025/texmf-dist/tex/latex/amsfonts/amsfonts.sty
Package: amsfonts 2013/01/14 v3.01 Basic AMSFonts support
\symAMSa=\mathgroup5
\symAMSb=\mathgroup6
LaTeX Font Info:    Redeclaring math symbol \hbar on input line 98.
LaTeX Font Info:    Overwriting math alphabet `\mathfrak' in version `bold'
(Font)                  U/euf/m/n --> U/euf/b/n on input line 106.
)
(e:/Program Files/LateX/texlive/2025/texmf-dist/tex/latex/amsfonts/amssymb.sty
Package: amssymb 2013/01/14 v3.01 AMS font symbols
)
(e:/Program Files/LateX/texlive/2025/texmf-dist/tex/latex/booktabs/booktabs.sty
Package: booktabs 2020/01/12 v1.61803398 Publication quality tables
\heavyrulewidth=\dimen265
\lightrulewidth=\dimen266
\cmidrulewidth=\dimen267
\belowrulesep=\dimen268
\belowbottomsep=\dimen269
\aboverulesep=\dimen270
\abovetopsep=\dimen271
\cmidrulesep=\dimen272
\cmidrulekern=\dimen273
\defaultaddspace=\dimen274
\@cmidla=\count359
\@cmidlb=\count360
\@aboverulesep=\dimen275
\@belowrulesep=\dimen276
\@thisruleclass=\count361
\@lastruleclass=\count362
\@thisrulewidth=\dimen277
) (e:/Program Files/LateX/texlive/2025/texmf-dist/tex/latex/tools/multicol.sty
Package: multicol 2024/09/14 v1.9i multicolumn formatting (FMi)
\c@tracingmulticols=\count363
\mult@box=\box62
\multicol@leftmargin=\dimen278
\c@unbalance=\count364
\c@collectmore=\count365
\doublecol@number=\count366
\multicoltolerance=\count367
\multicolpretolerance=\count368
\full@width=\dimen279
\page@free=\dimen280
\premulticols=\dimen281
\postmulticols=\dimen282
\multicolsep=\skip67
\multicolbaselineskip=\skip68
\partial@page=\box63
\last@line=\box64
\mc@boxedresult=\box65
\maxbalancingoverflow=\dimen283
\mult@rightbox=\box66
\mult@grightbox=\box67
\mult@firstbox=\box68
\mult@gfirstbox=\box69
\@tempa=\box70
\@tempa=\box71
\@tempa=\box72
\@tempa=\box73
\@tempa=\box74
\@tempa=\box75
\@tempa=\box76
\@tempa=\box77
\@tempa=\box78
\@tempa=\box79
\@tempa=\box80
\@tempa=\box81
\@tempa=\box82
\@tempa=\box83
\@tempa=\box84
\@tempa=\box85
\@tempa=\box86
\@tempa=\box87
\@tempa=\box88
\@tempa=\box89
\@tempa=\box90
\@tempa=\box91
\@tempa=\box92
\@tempa=\box93
\@tempa=\box94
\@tempa=\box95
\@tempa=\box96
\@tempa=\box97
\@tempa=\box98
\@tempa=\box99
\@tempa=\box100
\@tempa=\box101
\@tempa=\box102
\@tempa=\box103
\@tempa=\box104
\@tempa=\box105
\c@minrows=\count369
\c@columnbadness=\count370
\c@finalcolumnbadness=\count371
\last@try=\dimen284
\multicolovershoot=\dimen285
\multicolundershoot=\dimen286
\mult@nat@firstbox=\box106
\colbreak@box=\box107
\mc@col@check@num=\count372
)
(e:/Program Files/LateX/texlive/2025/texmf-dist/tex/latex/multirow/multirow.sty
Package: multirow 2024/11/12 v2.9 Span multiple rows of a table
\multirow@colwidth=\skip69
\multirow@cntb=\count373
\multirow@dima=\skip70
\bigstrutjot=\dimen287
)
(e:/Program Files/LateX/texlive/2025/texmf-dist/tex/latex/fancyvrb/fancyvrb.sty
Package: fancyvrb 2024/01/20 4.5c verbatim text (tvz,hv)
\FV@CodeLineNo=\count374
\FV@InFile=\read2
\FV@TabBox=\box108
\c@FancyVerbLine=\count375
\FV@StepNumber=\count376
\FV@OutFile=\write4
)
(e:/Program Files/LateX/texlive/2025/texmf-dist/tex/latex/makecell/makecell.sty
Package: makecell 2009/08/03 V0.1e Managing of Tab Column Heads and Cells
\rotheadsize=\dimen288
\c@nlinenum=\count377
\TeXr@lab=\toks29
) (e:/Program Files/LateX/texlive/2025/texmf-dist/tex/generic/hologo/hologo.sty
Package: hologo 2021-11-16 v1.15 A logo collection with bookmark support (HO)
)
(e:/Program Files/LateX/texlive/2025/texmf-dist/tex/latex/titlesec/titlesec.sty
Package: titlesec 2025/01/04 v2.17 Sectioning titles
\ttl@box=\box109
\beforetitleunit=\skip71
\aftertitleunit=\skip72
\ttl@plus=\dimen289
\ttl@minus=\dimen290
\ttl@toksa=\toks30
\titlewidth=\dimen291
\titlewidthlast=\dimen292
\titlewidthfirst=\dimen293
(e:/Program Files/LateX/texlive/2025/texmf-dist/tex/latex/titlesec/titleps.sty)
)
(e:/Program Files/LateX/texlive/2025/texmf-dist/tex/latex/appendix/appendix.sty
Package: appendix 2020/02/08 v1.2c extra appendix facilities
\c@@pps=\count378
\c@@ppsavesec=\count379
\c@@ppsaveapp=\count380
)
(e:/Program Files/LateX/texlive/2025/texmf-dist/tex/latex/pgf/frontendlayer/tik
z.sty
(e:/Program Files/LateX/texlive/2025/texmf-dist/tex/latex/pgf/basiclayer/pgf.st
y
(e:/Program Files/LateX/texlive/2025/texmf-dist/tex/latex/pgf/utilities/pgfrcs.
sty
(e:/Program Files/LateX/texlive/2025/texmf-dist/tex/generic/pgf/utilities/pgfut
il-common.tex
\pgfutil@everybye=\toks31
\pgfutil@tempdima=\dimen294
\pgfutil@tempdimb=\dimen295
)
(e:/Program Files/LateX/texlive/2025/texmf-dist/tex/generic/pgf/utilities/pgfut
il-latex.def
\pgfutil@abb=\box110
)
(e:/Program Files/LateX/texlive/2025/texmf-dist/tex/generic/pgf/utilities/pgfrc
s.code.tex
(e:/Program Files/LateX/texlive/2025/texmf-dist/tex/generic/pgf/pgf.revision.te
x)
Package: pgfrcs 2023-01-15 v3.1.10 (3.1.10)
))
Package: pgf 2023-01-15 v3.1.10 (3.1.10)

(e:/Program Files/LateX/texlive/2025/texmf-dist/tex/latex/pgf/basiclayer/pgfcor
e.sty
(e:/Program Files/LateX/texlive/2025/texmf-dist/tex/latex/pgf/systemlayer/pgfsy
s.sty
(e:/Program Files/LateX/texlive/2025/texmf-dist/tex/generic/pgf/systemlayer/pgf
sys.code.tex
Package: pgfsys 2023-01-15 v3.1.10 (3.1.10)

(e:/Program Files/LateX/texlive/2025/texmf-dist/tex/generic/pgf/utilities/pgfke
ys.code.tex
\pgfkeys@pathtoks=\toks32
\pgfkeys@temptoks=\toks33

(e:/Program Files/LateX/texlive/2025/texmf-dist/tex/generic/pgf/utilities/pgfke
yslibraryfiltered.code.tex
\pgfkeys@tmptoks=\toks34
))
\pgf@x=\dimen296
\pgf@y=\dimen297
\pgf@xa=\dimen298
\pgf@ya=\dimen299
\pgf@xb=\dimen300
\pgf@yb=\dimen301
\pgf@xc=\dimen302
\pgf@yc=\dimen303
\pgf@xd=\dimen304
\pgf@yd=\dimen305
\w@pgf@writea=\write5
\r@pgf@reada=\read3
\c@pgf@counta=\count381
\c@pgf@countb=\count382
\c@pgf@countc=\count383
\c@pgf@countd=\count384
\t@pgf@toka=\toks35
\t@pgf@tokb=\toks36
\t@pgf@tokc=\toks37
\pgf@sys@id@count=\count385

(e:/Program Files/LateX/texlive/2025/texmf-dist/tex/generic/pgf/systemlayer/pgf
.cfg
File: pgf.cfg 2023-01-15 v3.1.10 (3.1.10)
)
Driver file for pgf: pgfsys-xetex.def

(e:/Program Files/LateX/texlive/2025/texmf-dist/tex/generic/pgf/systemlayer/pgf
sys-xetex.def
File: pgfsys-xetex.def 2023-01-15 v3.1.10 (3.1.10)

(e:/Program Files/LateX/texlive/2025/texmf-dist/tex/generic/pgf/systemlayer/pgf
sys-dvipdfmx.def
File: pgfsys-dvipdfmx.def 2023-01-15 v3.1.10 (3.1.10)

(e:/Program Files/LateX/texlive/2025/texmf-dist/tex/generic/pgf/systemlayer/pgf
sys-common-pdf.def
File: pgfsys-common-pdf.def 2023-01-15 v3.1.10 (3.1.10)
)
\pgfsys@objnum=\count386
)))
(e:/Program Files/LateX/texlive/2025/texmf-dist/tex/generic/pgf/systemlayer/pgf
syssoftpath.code.tex
File: pgfsyssoftpath.code.tex 2023-01-15 v3.1.10 (3.1.10)
\pgfsyssoftpath@smallbuffer@items=\count387
\pgfsyssoftpath@bigbuffer@items=\count388
)
(e:/Program Files/LateX/texlive/2025/texmf-dist/tex/generic/pgf/systemlayer/pgf
sysprotocol.code.tex
File: pgfsysprotocol.code.tex 2023-01-15 v3.1.10 (3.1.10)
))
(e:/Program Files/LateX/texlive/2025/texmf-dist/tex/generic/pgf/basiclayer/pgfc
ore.code.tex
Package: pgfcore 2023-01-15 v3.1.10 (3.1.10)

(e:/Program Files/LateX/texlive/2025/texmf-dist/tex/generic/pgf/math/pgfmath.co
de.tex
(e:/Program Files/LateX/texlive/2025/texmf-dist/tex/generic/pgf/math/pgfmathuti
l.code.tex)
(e:/Program Files/LateX/texlive/2025/texmf-dist/tex/generic/pgf/math/pgfmathpar
ser.code.tex
\pgfmath@dimen=\dimen306
\pgfmath@count=\count389
\pgfmath@box=\box111
\pgfmath@toks=\toks38
\pgfmath@stack@operand=\toks39
\pgfmath@stack@operation=\toks40
)
(e:/Program Files/LateX/texlive/2025/texmf-dist/tex/generic/pgf/math/pgfmathfun
ctions.code.tex)
(e:/Program Files/LateX/texlive/2025/texmf-dist/tex/generic/pgf/math/pgfmathfun
ctions.basic.code.tex)
(e:/Program Files/LateX/texlive/2025/texmf-dist/tex/generic/pgf/math/pgfmathfun
ctions.trigonometric.code.tex)
(e:/Program Files/LateX/texlive/2025/texmf-dist/tex/generic/pgf/math/pgfmathfun
ctions.random.code.tex)
(e:/Program Files/LateX/texlive/2025/texmf-dist/tex/generic/pgf/math/pgfmathfun
ctions.comparison.code.tex)
(e:/Program Files/LateX/texlive/2025/texmf-dist/tex/generic/pgf/math/pgfmathfun
ctions.base.code.tex)
(e:/Program Files/LateX/texlive/2025/texmf-dist/tex/generic/pgf/math/pgfmathfun
ctions.round.code.tex)
(e:/Program Files/LateX/texlive/2025/texmf-dist/tex/generic/pgf/math/pgfmathfun
ctions.misc.code.tex)
(e:/Program Files/LateX/texlive/2025/texmf-dist/tex/generic/pgf/math/pgfmathfun
ctions.integerarithmetics.code.tex)
(e:/Program Files/LateX/texlive/2025/texmf-dist/tex/generic/pgf/math/pgfmathcal
c.code.tex)
(e:/Program Files/LateX/texlive/2025/texmf-dist/tex/generic/pgf/math/pgfmathflo
at.code.tex
\c@pgfmathroundto@lastzeros=\count390
))
(e:/Program Files/LateX/texlive/2025/texmf-dist/tex/generic/pgf/math/pgfint.cod
e.tex)
(e:/Program Files/LateX/texlive/2025/texmf-dist/tex/generic/pgf/basiclayer/pgfc
orepoints.code.tex
File: pgfcorepoints.code.tex 2023-01-15 v3.1.10 (3.1.10)
\pgf@picminx=\dimen307
\pgf@picmaxx=\dimen308
\pgf@picminy=\dimen309
\pgf@picmaxy=\dimen310
\pgf@pathminx=\dimen311
\pgf@pathmaxx=\dimen312
\pgf@pathminy=\dimen313
\pgf@pathmaxy=\dimen314
\pgf@xx=\dimen315
\pgf@xy=\dimen316
\pgf@yx=\dimen317
\pgf@yy=\dimen318
\pgf@zx=\dimen319
\pgf@zy=\dimen320
)
(e:/Program Files/LateX/texlive/2025/texmf-dist/tex/generic/pgf/basiclayer/pgfc
orepathconstruct.code.tex
File: pgfcorepathconstruct.code.tex 2023-01-15 v3.1.10 (3.1.10)
\pgf@path@lastx=\dimen321
\pgf@path@lasty=\dimen322
)
(e:/Program Files/LateX/texlive/2025/texmf-dist/tex/generic/pgf/basiclayer/pgfc
orepathusage.code.tex
File: pgfcorepathusage.code.tex 2023-01-15 v3.1.10 (3.1.10)
\pgf@shorten@end@additional=\dimen323
\pgf@shorten@start@additional=\dimen324
)
(e:/Program Files/LateX/texlive/2025/texmf-dist/tex/generic/pgf/basiclayer/pgfc
orescopes.code.tex
File: pgfcorescopes.code.tex 2023-01-15 v3.1.10 (3.1.10)
\pgfpic=\box112
\pgf@hbox=\box113
\pgf@layerbox@main=\box114
\pgf@picture@serial@count=\count391
)
(e:/Program Files/LateX/texlive/2025/texmf-dist/tex/generic/pgf/basiclayer/pgfc
oregraphicstate.code.tex
File: pgfcoregraphicstate.code.tex 2023-01-15 v3.1.10 (3.1.10)
\pgflinewidth=\dimen325
)
(e:/Program Files/LateX/texlive/2025/texmf-dist/tex/generic/pgf/basiclayer/pgfc
oretransformations.code.tex
File: pgfcoretransformations.code.tex 2023-01-15 v3.1.10 (3.1.10)
\pgf@pt@x=\dimen326
\pgf@pt@y=\dimen327
\pgf@pt@temp=\dimen328
)
(e:/Program Files/LateX/texlive/2025/texmf-dist/tex/generic/pgf/basiclayer/pgfc
orequick.code.tex
File: pgfcorequick.code.tex 2023-01-15 v3.1.10 (3.1.10)
)
(e:/Program Files/LateX/texlive/2025/texmf-dist/tex/generic/pgf/basiclayer/pgfc
oreobjects.code.tex
File: pgfcoreobjects.code.tex 2023-01-15 v3.1.10 (3.1.10)
)
(e:/Program Files/LateX/texlive/2025/texmf-dist/tex/generic/pgf/basiclayer/pgfc
orepathprocessing.code.tex
File: pgfcorepathprocessing.code.tex 2023-01-15 v3.1.10 (3.1.10)
)
(e:/Program Files/LateX/texlive/2025/texmf-dist/tex/generic/pgf/basiclayer/pgfc
orearrows.code.tex
File: pgfcorearrows.code.tex 2023-01-15 v3.1.10 (3.1.10)
\pgfarrowsep=\dimen329
)
(e:/Program Files/LateX/texlive/2025/texmf-dist/tex/generic/pgf/basiclayer/pgfc
oreshade.code.tex
File: pgfcoreshade.code.tex 2023-01-15 v3.1.10 (3.1.10)
\pgf@max=\dimen330
\pgf@sys@shading@range@num=\count392
\pgf@shadingcount=\count393
)
(e:/Program Files/LateX/texlive/2025/texmf-dist/tex/generic/pgf/basiclayer/pgfc
oreimage.code.tex
File: pgfcoreimage.code.tex 2023-01-15 v3.1.10 (3.1.10)
)
(e:/Program Files/LateX/texlive/2025/texmf-dist/tex/generic/pgf/basiclayer/pgfc
oreexternal.code.tex
File: pgfcoreexternal.code.tex 2023-01-15 v3.1.10 (3.1.10)
\pgfexternal@startupbox=\box115
)
(e:/Program Files/LateX/texlive/2025/texmf-dist/tex/generic/pgf/basiclayer/pgfc
orelayers.code.tex
File: pgfcorelayers.code.tex 2023-01-15 v3.1.10 (3.1.10)
)
(e:/Program Files/LateX/texlive/2025/texmf-dist/tex/generic/pgf/basiclayer/pgfc
oretransparency.code.tex
File: pgfcoretransparency.code.tex 2023-01-15 v3.1.10 (3.1.10)
)
(e:/Program Files/LateX/texlive/2025/texmf-dist/tex/generic/pgf/basiclayer/pgfc
orepatterns.code.tex
File: pgfcorepatterns.code.tex 2023-01-15 v3.1.10 (3.1.10)
)
(e:/Program Files/LateX/texlive/2025/texmf-dist/tex/generic/pgf/basiclayer/pgfc
orerdf.code.tex
File: pgfcorerdf.code.tex 2023-01-15 v3.1.10 (3.1.10)
)))
(e:/Program Files/LateX/texlive/2025/texmf-dist/tex/generic/pgf/modules/pgfmodu
leshapes.code.tex
File: pgfmoduleshapes.code.tex 2023-01-15 v3.1.10 (3.1.10)
\pgfnodeparttextbox=\box116
)
(e:/Program Files/LateX/texlive/2025/texmf-dist/tex/generic/pgf/modules/pgfmodu
leplot.code.tex
File: pgfmoduleplot.code.tex 2023-01-15 v3.1.10 (3.1.10)
)
(e:/Program Files/LateX/texlive/2025/texmf-dist/tex/latex/pgf/compatibility/pgf
comp-version-0-65.sty
Package: pgfcomp-version-0-65 2023-01-15 v3.1.10 (3.1.10)
\pgf@nodesepstart=\dimen331
\pgf@nodesepend=\dimen332
)
(e:/Program Files/LateX/texlive/2025/texmf-dist/tex/latex/pgf/compatibility/pgf
comp-version-1-18.sty
Package: pgfcomp-version-1-18 2023-01-15 v3.1.10 (3.1.10)
))
(e:/Program Files/LateX/texlive/2025/texmf-dist/tex/latex/pgf/utilities/pgffor.
sty
(e:/Program Files/LateX/texlive/2025/texmf-dist/tex/latex/pgf/utilities/pgfkeys
.sty
(e:/Program Files/LateX/texlive/2025/texmf-dist/tex/generic/pgf/utilities/pgfke
ys.code.tex))
(e:/Program Files/LateX/texlive/2025/texmf-dist/tex/latex/pgf/math/pgfmath.sty
(e:/Program Files/LateX/texlive/2025/texmf-dist/tex/generic/pgf/math/pgfmath.co
de.tex))
(e:/Program Files/LateX/texlive/2025/texmf-dist/tex/generic/pgf/utilities/pgffo
r.code.tex
Package: pgffor 2023-01-15 v3.1.10 (3.1.10)
\pgffor@iter=\dimen333
\pgffor@skip=\dimen334
\pgffor@stack=\toks41
\pgffor@toks=\toks42
))
(e:/Program Files/LateX/texlive/2025/texmf-dist/tex/generic/pgf/frontendlayer/t
ikz/tikz.code.tex
Package: tikz 2023-01-15 v3.1.10 (3.1.10)

(e:/Program Files/LateX/texlive/2025/texmf-dist/tex/generic/pgf/libraries/pgfli
braryplothandlers.code.tex
File: pgflibraryplothandlers.code.tex 2023-01-15 v3.1.10 (3.1.10)
\pgf@plot@mark@count=\count394
\pgfplotmarksize=\dimen335
)
\tikz@lastx=\dimen336
\tikz@lasty=\dimen337
\tikz@lastxsaved=\dimen338
\tikz@lastysaved=\dimen339
\tikz@lastmovetox=\dimen340
\tikz@lastmovetoy=\dimen341
\tikzleveldistance=\dimen342
\tikzsiblingdistance=\dimen343
\tikz@figbox=\box117
\tikz@figbox@bg=\box118
\tikz@tempbox=\box119
\tikz@tempbox@bg=\box120
\tikztreelevel=\count395
\tikznumberofchildren=\count396
\tikznumberofcurrentchild=\count397
\tikz@fig@count=\count398

(e:/Program Files/LateX/texlive/2025/texmf-dist/tex/generic/pgf/modules/pgfmodu
lematrix.code.tex
File: pgfmodulematrix.code.tex 2023-01-15 v3.1.10 (3.1.10)
\pgfmatrixcurrentrow=\count399
\pgfmatrixcurrentcolumn=\count400
\pgf@matrix@numberofcolumns=\count401
)
\tikz@expandcount=\count402

(e:/Program Files/LateX/texlive/2025/texmf-dist/tex/generic/pgf/frontendlayer/t
ikz/libraries/tikzlibrarytopaths.code.tex
File: tikzlibrarytopaths.code.tex 2023-01-15 v3.1.10 (3.1.10)
)))
(e:/Program Files/LateX/texlive/2025/texmf-dist/tex/generic/pgf/frontendlayer/t
ikz/libraries/tikzlibrarybackgrounds.code.tex
File: tikzlibrarybackgrounds.code.tex 2023-01-15 v3.1.10 (3.1.10)
\pgf@layerbox@background=\box121
\pgf@layerboxsaved@background=\box122
)
(e:/Program Files/LateX/texlive/2025/texmf-dist/tex/generic/pgf/frontendlayer/t
ikz/libraries/tikzlibrarycalc.code.tex
File: tikzlibrarycalc.code.tex 2023-01-15 v3.1.10 (3.1.10)
)
(e:/Program Files/LateX/texlive/2025/texmf-dist/tex/generic/pgf/frontendlayer/t
ikz/libraries/tikzlibraryshadows.code.tex
File: tikzlibraryshadows.code.tex 2023-01-15 v3.1.10 (3.1.10)

(e:/Program Files/LateX/texlive/2025/texmf-dist/tex/generic/pgf/frontendlayer/t
ikz/libraries/tikzlibraryfadings.code.tex
File: tikzlibraryfadings.code.tex 2023-01-15 v3.1.10 (3.1.10)

(e:/Program Files/LateX/texlive/2025/texmf-dist/tex/generic/pgf/libraries/pgfli
braryfadings.code.tex
File: pgflibraryfadings.code.tex 2023-01-15 v3.1.10 (3.1.10)
)))
(e:/Program Files/LateX/texlive/2025/texmf-dist/tex/generic/pgf/frontendlayer/t
ikz/libraries/tikzlibrarypositioning.code.tex
File: tikzlibrarypositioning.code.tex 2023-01-15 v3.1.10 (3.1.10)
)
(e:/Program Files/LateX/texlive/2025/texmf-dist/tex/generic/pgf/frontendlayer/t
ikz/libraries/tikzlibraryfit.code.tex
File: tikzlibraryfit.code.tex 2023-01-15 v3.1.10 (3.1.10)
)
(e:/Program Files/LateX/texlive/2025/texmf-dist/tex/latex/apptools/apptools.sty
Package: apptools 2012/11/28 v1.0 Tools for customizing appendices
) (e:/Program Files/LateX/texlive/2025/texmf-dist/tex/latex/psnfss/pifont.sty
Package: pifont 2020/03/25 PSNFSS-v9.3 Pi font support (SPQR) 
LaTeX Font Info:    Trying to load font information for U+pzd on input line 63.


(e:/Program Files/LateX/texlive/2025/texmf-dist/tex/latex/psnfss/upzd.fd
File: upzd.fd 2001/06/04 font definitions for U/pzd.
)
LaTeX Font Info:    Trying to load font information for U+psy on input line 64.


(e:/Program Files/LateX/texlive/2025/texmf-dist/tex/latex/psnfss/upsy.fd
File: upsy.fd 2001/06/04 font definitions for U/psy.
))
(e:/Program Files/LateX/texlive/2025/texmf-dist/tex/latex/manfnt/manfnt.sty
Package: manfnt 1999/07/010.2LaTeX2e manfnt package
\dbend@height=\skip73
)
(e:/Program Files/LateX/texlive/2025/texmf-dist/tex/latex/bbding/bbding.sty
Package: bbding 1999/04/15 v1.01 Dingbats symbols
)
(e:/Program Files/LateX/texlive/2025/texmf-dist/tex/latex/tcolorbox/tcolorbox.s
ty
Package: tcolorbox 2024/10/22 version 6.4.1 text color boxes
 (e:/Program Files/LateX/texlive/2025/texmf-dist/tex/latex/tools/verbatim.sty
Package: verbatim 2024-01-22 v1.5x LaTeX2e package for verbatim enhancements
\every@verbatim=\toks43
\verbatim@line=\toks44
\verbatim@in@stream=\read4
) (e:/Program Files/LateX/texlive/2025/texmf-dist/tex/latex/environ/environ.sty
Package: environ 2014/05/04 v0.3 A new way to define environments

(e:/Program Files/LateX/texlive/2025/texmf-dist/tex/latex/trimspaces/trimspaces
.sty
Package: trimspaces 2009/09/17 v1.1 Trim spaces around a token list
))
\tcb@titlebox=\box123
\tcb@upperbox=\box124
\tcb@lowerbox=\box125
\tcb@phantombox=\box126
\c@tcbbreakpart=\count403
\c@tcblayer=\count404
\c@tcolorbox@number=\count405
\l__tcobox_tmpa_box=\box127
\l__tcobox_tmpa_dim=\dimen344
\tcb@temp=\box128
\tcb@temp=\box129
\tcb@temp=\box130
\tcb@temp=\box131

(e:/Program Files/LateX/texlive/2025/texmf-dist/tex/latex/tcolorbox/tcbraster.c
ode.tex
Library (tcolorbox): 'tcbraster.code.tex' version '6.4.1'
\c@tcbrastercolumn=\count406
\c@tcbrasterrow=\count407
\c@tcbrasternum=\count408
\c@tcbraster=\count409
)
(e:/Program Files/LateX/texlive/2025/texmf-dist/tex/latex/tcolorbox/tcbskins.co
de.tex
Library (tcolorbox): 'tcbskins.code.tex' version '6.4.1'

(e:/Program Files/LateX/texlive/2025/texmf-dist/tex/latex/tikzfill/tikzfill.ima
ge.sty
Package: tikzfill.image 2023/08/08 v1.0.1 Image filling library for TikZ

(e:/Program Files/LateX/texlive/2025/texmf-dist/tex/latex/tikzfill/tikzfill-com
mon.sty
Package: tikzfill-common 2023/08/08 v1.0.1 Auxiliary code for tikzfill
)
(e:/Program Files/LateX/texlive/2025/texmf-dist/tex/latex/tikzfill/tikzlibraryf
ill.image.code.tex
File: tikzlibraryfill.image.code.tex 2023/08/08 v1.0.1 Image filling library
\l__tikzfill_img_box=\box132
))
(e:/Program Files/LateX/texlive/2025/texmf-dist/tex/latex/tcolorbox/tcbskinsjig
saw.code.tex
Library (tcolorbox): 'tcbskinsjigsaw.code.tex' version '6.4.1'
))
(e:/Program Files/LateX/texlive/2025/texmf-dist/tex/latex/tcolorbox/tcbbreakabl
e.code.tex
Library (tcolorbox): 'tcbbreakable.code.tex' version '6.4.1'
(e:/Program Files/LateX/texlive/2025/texmf-dist/tex/latex/pdfcol/pdfcol.sty
Package: pdfcol 2022-09-21 v1.7 Handle new color stacks for pdfTeX (HO)
Package pdfcol Info: Interface disabled because of missing PDF mode of pdfTeX.
)
Package pdfcol Info: pdfTeX's color stacks are not available.
\tcb@testbox=\box133
\tcb@totalupperbox=\box134
\tcb@totallowerbox=\box135
)
(e:/Program Files/LateX/texlive/2025/texmf-dist/tex/latex/tcolorbox/tcbhooks.co
de.tex
Library (tcolorbox): 'tcbhooks.code.tex' version '6.4.1'
)
(e:/Program Files/LateX/texlive/2025/texmf-dist/tex/latex/tcolorbox/tcbtheorems
.code.tex
Library (tcolorbox): 'tcbtheorems.code.tex' version '6.4.1'
)
(e:/Program Files/LateX/texlive/2025/texmf-dist/tex/latex/tcolorbox/tcbfitting.
code.tex
Library (tcolorbox): 'tcbfitting.code.tex' version '6.4.1'
\tcbfitdim=\dimen345
\tcb@lowerfitdim=\dimen346
\tcb@upperfitdim=\dimen347
\tcb@cur@hbadness=\count410
))
\c@tcb@cnt@definition=\count411
\c@tcb@cnt@theorem=\count412
\c@tcb@cnt@postulate=\count413
\c@tcb@cnt@axiom=\count414
\c@tcb@cnt@corollary=\count415
\c@tcb@cnt@lemma=\count416
\c@tcb@cnt@proposition=\count417
\c@exam=\count418
\c@exer=\count419
\c@prob=\count420
\c@skill=\count421
\c@prop=\count422
\ebword@headbox=\box136
\ebword@leftwidth=\skip74
\ebword@leftmin=\skip75
\ebword@leftmax=\skip76
\ebword@gap=\skip77
\ebword@rightwidth=\skip78
\ebword@measure=\skip79
\ebword@labelwidth=\skip80
\c@ebword@sense=\count423
 (e:/Program Files/LateX/texlive/2025/texmf-dist/tex/latex/adforn/adforn.sty
(e:/Program Files/LateX/texlive/2025/texmf-dist/tex/latex/svn-prov/svn-prov.sty
Package: svn-prov 2010/04/24 v3.1862 Package Date/Version from SVN Keywords
)
Package: adforn 2024/09/29 v1.2 (SVN Rev: 10442)
)
(e:/Program Files/LateX/texlive/2025/texmf-dist/tex/latex/fancyhdr/fancyhdr.sty
Package: fancyhdr 2025/02/07 v5.2 Extensive control of page headers and footers

\f@nch@headwidth=\skip81
\f@nch@offset@elh=\skip82
\f@nch@offset@erh=\skip83
\f@nch@offset@olh=\skip84
\f@nch@offset@orh=\skip85
\f@nch@offset@elf=\skip86
\f@nch@offset@erf=\skip87
\f@nch@offset@olf=\skip88
\f@nch@offset@orf=\skip89
\f@nch@height=\skip90
\f@nch@footalignment=\skip91
\f@nch@widthL=\skip92
\f@nch@widthC=\skip93
\f@nch@widthR=\skip94
\@temptokenb=\toks45
)
(e:/Program Files/LateX/texlive/2025/texmf-dist/tex/latex/listings/listings.sty
\lst@mode=\count424
\lst@gtempboxa=\box137
\lst@token=\toks46
\lst@length=\count425
\lst@currlwidth=\dimen348
\lst@column=\count426
\lst@pos=\count427
\lst@lostspace=\dimen349
\lst@width=\dimen350
\lst@newlines=\count428
\lst@lineno=\count429
\lst@maxwidth=\dimen351

(e:/Program Files/LateX/texlive/2025/texmf-dist/tex/latex/listings/lstpatch.sty
File: lstpatch.sty 2024/09/23 1.10c (Carsten Heinz)
)
(e:/Program Files/LateX/texlive/2025/texmf-dist/tex/latex/listings/lstmisc.sty
File: lstmisc.sty 2024/09/23 1.10c (Carsten Heinz)
\c@lstnumber=\count430
\lst@skipnumbers=\count431
\lst@framebox=\box138
)
(e:/Program Files/LateX/texlive/2025/texmf-dist/tex/latex/listings/listings.cfg
File: listings.cfg 2024/09/23 1.10c listings configuration
))
Package: listings 2024/09/23 1.10c (Carsten Heinz)

(e:/Program Files/LateX/texlive/2025/texmf-dist/tex/xelatex/xecjk/xeCJK-listing
s.sty
Package: xeCJK-listings 2022/08/05 v3.9.1 xeCJK patch file for listings
\l__xeCJK_listings_max_char_int=\count432
\l__xeCJK_listings_flag_int=\count433
)
(e:/Program Files/LateX/texlive/2025/texmf-dist/tex/latex/listings/lstlang1.sty
File: lstlang1.sty 2024/09/23 1.10c listings language file
)
(e:/Program Files/LateX/texlive/2025/texmf-dist/tex/latex/listings/lstlang2.sty
File: lstlang2.sty 2024/09/23 1.10c listings language file
)
(e:/Program Files/LateX/texlive/2025/texmf-dist/tex/latex/listings/lstlang3.sty
File: lstlang3.sty 2024/09/23 1.10c listings language file
)
(e:/Program Files/LateX/texlive/2025/texmf-dist/tex/latex/listings/lstlang1.sty
File: lstlang1.sty 2024/09/23 1.10c listings language file
)
(e:/Program Files/LateX/texlive/2025/texmf-dist/tex/latex/listings/lstlang2.sty
File: lstlang2.sty 2024/09/23 1.10c listings language file
)
(e:/Program Files/LateX/texlive/2025/texmf-dist/tex/latex/listings/lstlang3.sty
File: lstlang3.sty 2024/09/23 1.10c listings language file
)
(e:/Program Files/LateX/texlive/2025/texmf-dist/tex/latex/listings/lstlang1.sty
File: lstlang1.sty 2024/09/23 1.10c listings language file
)
(e:/Program Files/LateX/texlive/2025/texmf-dist/tex/latex/listings/lstlang2.sty
File: lstlang2.sty 2024/09/23 1.10c listings language file
)
(e:/Program Files/LateX/texlive/2025/texmf-dist/tex/latex/listings/lstlang3.sty
File: lstlang3.sty 2024/09/23 1.10c listings language file
)
(e:/Program Files/LateX/texlive/2025/texmf-dist/tex/latex/listings/lstmisc.sty
File: lstmisc.sty 2024/09/23 1.10c (Carsten Heinz)
) (e:/Program Files/LateX/texlive/2025/texmf-dist/tex/latex/tools/bm.sty
Package: bm 2023/12/19 v1.2f Bold Symbol Support (DPC/FMi)
Package bm Info: No bold for \OMX/cmex/m/n, using \pmb.
Package bm Info: No bold for \U/rsfs/m/n, using \pmb.
Package bm Info: No bold for \U/msa/m/n, using \pmb.
Package bm Info: No bold for \U/msb/m/n, using \pmb.
)
(e:/Program Files/LateX/texlive/2025/texmf-dist/tex/latex/tools/calc.sty
Package: calc 2023/07/08 v4.3 Infix arithmetic (KKT,FJ)
\calc@Acount=\count434
\calc@Bcount=\count435
\calc@Adimen=\dimen352
\calc@Bdimen=\dimen353
\calc@Askip=\skip95
\calc@Bskip=\skip96
LaTeX Info: Redefining \setlength on input line 80.
LaTeX Info: Redefining \addtolength on input line 81.
\calc@Ccount=\count436
\calc@Cskip=\skip97
)
(e:/Program Files/LateX/texlive/2025/texmf-dist/tex/latex/tocloft/tocloft.sty
Package: tocloft 2017/08/31 v2.3i parameterised ToC, etc., typesetting
Package tocloft Info: The document has chapter divisions on input line 51.
\cftparskip=\skip98
\cftbeforetoctitleskip=\skip99
\cftaftertoctitleskip=\skip100
\cftbeforepartskip=\skip101
\cftpartnumwidth=\skip102
\cftpartindent=\skip103
\cftbeforechapskip=\skip104
\cftchapindent=\skip105
\cftchapnumwidth=\skip106
\cftbeforesecskip=\skip107
\cftsecindent=\skip108
\cftsecnumwidth=\skip109
\cftbeforesubsecskip=\skip110
\cftsubsecindent=\skip111
\cftsubsecnumwidth=\skip112
\cftbeforesubsubsecskip=\skip113
\cftsubsubsecindent=\skip114
\cftsubsubsecnumwidth=\skip115
\cftbeforeparaskip=\skip116
\cftparaindent=\skip117
\cftparanumwidth=\skip118
\cftbeforesubparaskip=\skip119
\cftsubparaindent=\skip120
\cftsubparanumwidth=\skip121
\cftbeforeloftitleskip=\skip122
\cftafterloftitleskip=\skip123
\cftbeforefigskip=\skip124
\cftfigindent=\skip125
\cftfignumwidth=\skip126
\c@lofdepth=\count437
\c@lotdepth=\count438
\cftbeforelottitleskip=\skip127
\cftafterlottitleskip=\skip128
\cftbeforetabskip=\skip129
\cfttabindent=\skip130
\cfttabnumwidth=\skip131
)
\c@definitions=\count439
\cftbeforedefinitionsskip=\skip132
\cftdefinitionsindent=\skip133
\cftdefinitionsnumwidth=\skip134
\c@loddepth=\count440
\cftbeforelodtitleskip=\skip135
\cftafterlodtitleskip=\skip136
\c@theorems=\count441
\cftbeforetheoremsskip=\skip137
\cfttheoremsindent=\skip138
\cfttheoremsnumwidth=\skip139
\c@lothdepth=\count442
\cftbeforelothtitleskip=\skip140
\cftafterlothtitleskip=\skip141
\c@exercises=\count443
\cftbeforeexercisesskip=\skip142
\cftexercisesindent=\skip143
\cftexercisesnumwidth=\skip144
\c@loexerdepth=\count444
\cftbeforeloexertitleskip=\skip145
\cftafterloexertitleskip=\skip146
\c@skills=\count445
\cftbeforeskillsskip=\skip147
\cftskillsindent=\skip148
\cftskillsnumwidth=\skip149
\c@loskdepth=\count446
\cftbeforelosktitleskip=\skip150
\cftafterlosktitleskip=\skip151
\c@properties=\count447
\cftbeforepropertiesskip=\skip152
\cftpropertiesindent=\skip153
\cftpropertiesnumwidth=\skip154
\c@loprdepth=\count448
\cftbeforeloprtitleskip=\skip155
\cftafterloprtitleskip=\skip156
LaTeX Font Info:    Font shape `TU/texgyretermes(0)/b/n' will be
(Font)              scaled to size 10.95pt on input line 1636.
)
Package csquotes Info: Checking for multilingual support...
Package csquotes Info: ... none found.
(build/word.aux)
\openout1 = `word.aux'.

LaTeX Font Info:    Checking defaults for OML/cmm/m/it on input line 23.
LaTeX Font Info:    ... okay on input line 23.
LaTeX Font Info:    Checking defaults for OMS/cmsy/m/n on input line 23.
LaTeX Font Info:    ... okay on input line 23.
LaTeX Font Info:    Checking defaults for OT1/cmr/m/n on input line 23.
LaTeX Font Info:    ... okay on input line 23.
LaTeX Font Info:    Checking defaults for T1/cmr/m/n on input line 23.
LaTeX Font Info:    ... okay on input line 23.
LaTeX Font Info:    Checking defaults for TS1/cmr/m/n on input line 23.
LaTeX Font Info:    ... okay on input line 23.
LaTeX Font Info:    Checking defaults for TU/lmr/m/n on input line 23.
LaTeX Font Info:    ... okay on input line 23.
LaTeX Font Info:    Checking defaults for OMX/cmex/m/n on input line 23.
LaTeX Font Info:    ... okay on input line 23.
LaTeX Font Info:    Checking defaults for U/cmr/m/n on input line 23.
LaTeX Font Info:    ... okay on input line 23.
LaTeX Font Info:    Checking defaults for PD1/pdf/m/n on input line 23.
LaTeX Font Info:    ... okay on input line 23.
LaTeX Font Info:    Checking defaults for PU/pdf/m/n on input line 23.
LaTeX Font Info:    ... okay on input line 23.
Package hyperref Info: Link coloring ON on input line 23.
 (build/word.out) (build/word.out)
\@outlinefile=\write6
\openout6 = `word.out'.


*geometry* driver: auto-detecting
*geometry* detected driver: xetex
*geometry* verbose mode - [ preamble ] result:
* driver: xetex
* paper: a4paper
* layout: <same size as paper>
* layoutoffset:(h,v)=(0.0pt,0.0pt)
* modes: 
* h-part:(L,W,R)=(56.9055pt, 483.69687pt, 56.9055pt)
* v-part:(T,H,B)=(72.26997pt, 700.5069pt, 72.26997pt)
* \paperwidth=597.50787pt
* \paperheight=845.04684pt
* \textwidth=483.69687pt
* \textheight=700.5069pt
* \oddsidemargin=-15.36449pt
* \evensidemargin=-15.36449pt
* \topmargin=-73.12352pt
* \headheight=61.74242pt
* \headsep=11.38109pt
* \topskip=11.0pt
* \footskip=34.1433pt
* \marginparwidth=53.0pt
* \marginparsep=7.0pt
* \columnsep=10.0pt
* \skip\footins=10.0pt plus 4.0pt minus 2.0pt
* \hoffset=0.0pt
* \voffset=0.0pt
* \mag=1000
* \@twocolumnfalse
* \@twosidefalse
* \@mparswitchfalse
* \@reversemarginfalse
* (1in=72.27pt=25.4mm, 1cm=28.453pt)

Package caption Info: Begin \AtBeginDocument code.
Package caption Info: listings package is loaded.
Package caption Info: End \AtBeginDocument code.

(e:/Program Files/LateX/texlive/2025/texmf-dist/tex/latex/footmisc/footmisc.sty
Package: footmisc 2024/12/24 v6.0g a miscellany of footnote facilities
\FN@temptoken=\toks47
\footnotemargin=\dimen354
\@outputbox@depth=\dimen355
Package footmisc Info: Declaring symbol style bringhurst on input line 699.
Package footmisc Info: Declaring symbol style chicago on input line 707.
Package footmisc Info: Declaring symbol style wiley on input line 716.
Package footmisc Info: Declaring symbol style lamport-robust on input line 727.

Package footmisc Info: Declaring symbol style lamport* on input line 747.
Package footmisc Info: Declaring symbol style lamport*-robust on input line 768
.
)
\c@lstlisting=\count449


[1



]

[2

]

[3

]

[4

]

[5

]

[6]

[7]

[8

]

[9]

[10

]

[11]

[12]

[1


]
Chapter 1.


[2

]

[3]

[4]

[5]

[6]
Chapter 2.


[7

]

[8]

[9]
Chapter 3.


[10

]

[11]

[12]

[13]

[14]

[15]
Chapter 4.


[16

]

[17]
Chapter 5.


[18

]
Chapter 6.


[19

]

[20]

[21]

[22]

[23]
Chapter 7.


[24

]
Chapter 8.


[25

]

[26]

[27]

[28]

[29]
Chapter 9.


[30

]

[31]
Chapter 10.


[32

]

[33]
Chapter 11.


[34

]

[35]
Chapter 12.


[36

]

[37]

[38]
Chapter 13.


[39

]

[40]
Chapter 14.


[41

]

[42]
Chapter 15.


[43

]

[44]
Chapter 16.


[45

]

[46]

[47]

[48]
Chapter 17.


[49

]

[50]
Chapter 18.


[51

]

[52]
Chapter 19.


[53

]

[54]
Chapter 20.


[55

]

[56]
Chapter 21.


[57

]

[58]

[59]

[60]
Chapter 22.


[61

]

[62]
Chapter 23.


[63

]

[64]
Chapter 24.


[65

]

[66]
Chapter 25.


[67

]

[68]

[69]

[70]

[71]

[72]

[73]

[74]

[75]
Chapter 26.


[76

]

[77]

[78]

[79]

[80]

[81]

[82]
Chapter 27.


[83

]

[84]

[85]

[86]

[87]

[88]

[89]
Chapter 28.


[90

]

[91]

[92]

[93]

[94]

[95]

[96]

[97]

[98]
Chapter 29.


[99

]

[100]

[101]

[102]
Chapter 30.


[103

]
Chapter 31.


[104

]

[105]
Chapter 32.


[106

]

[107]

[108]

[109]

[110]
Chapter 33.


[111

]
Chapter 34.


[112

]

[113]

[114]
Chapter 35.


[115

]

[116]

[117]

[118]
Chapter 36.


[119

]

[120]

[121]
Chapter 37.


[122

]

[123]
Chapter 38.


[124

]
Chapter 39.


[125

]

[126]
Chapter 40.


[127

]
Chapter 41.


[128

]

[129]
Chapter 42.


[130

]

[131]

[132]

[133]

[134]

[135]

[136]
Chapter 43.


[137

]

[138]

[139]

[140]

[141]

[142]

[143]
Chapter 44.


[144

]
Chapter 45.


[145

]

[146]

[147]

[148]

[149]
Chapter 46.


[150

]

[151]
Chapter 47.


[152

]
Chapter 48.


[153

]
Chapter 49.


[154

]

[155]
Chapter 50.


[156

]

[157]
Chapter 51.


[158

]

[159]

[160]

[161]
Chapter 52.


[162

]

[163]
Chapter 53.


[164

]
Chapter 54.


[165

]
Chapter 55.


[166

]

[167]

[168]
Chapter 56.


[169

]

[170]
Chapter 57.


[171

]

[172]
Chapter 58.


[173

]

[174]
Chapter 59.


[175

]
Chapter 60.


[176

]

[177]

[178]
Chapter 61.


[179

]

[180]
Chapter 62.


[181

]

[182]

[183]

[184]
Chapter 63.


[185

]

[186]
Chapter 64.


[187

]

[188]

[189]

[190]

[191]

[192]
Chapter 65.


[193

]

[194]
Chapter 66.


[195

]

[196]
Chapter 67.


[197

]

[198]
Chapter 68.


[199

]

[200]

[201]
Chapter 69.


[202

]
Chapter 70.


[203

]

[204]

[205]
Chapter 71.


[206

]

[207]

[208]

[209]
Chapter 72.


[210

]
Chapter 73.


[211

]

[212]
Chapter 74.


[213

]
Chapter 75.


[214

]

[215]

[216]

[217]

[218]

[219]

[220]

[221]

[222]

[223]
Chapter 76.


[224

]

[225]
Chapter 77.


[226

]
Chapter 78.


[227

]
Chapter 79.


[228

]

[229]

[230]
Chapter 80.


[231

]
Chapter 81.


[232

]

[233]
Chapter 82.


[234

]

[235]

[236]

[237]
Chapter 83.


[238

]
Chapter 84.


[239

]

[240]

[241]

[242]
Chapter 85.


[243

]

[244]

[245]

[246]

[247]

[248]

[249]

[250]

[251]

[252]
Chapter 86.


[253

]
Chapter 87.


[254

]

[255]

[256]

[257]
Chapter 88.


[258

]

[259]
Chapter 89.


[260

]
Chapter 90.


[261

]

[262]

[263]
Chapter 91.


[264

]

[265]

[266]

[267]
Chapter 92.


[268

]

[269]
Chapter 93.


[270

]
Chapter 94.


[271

]
Chapter 95.


[272

]

[273]

[274]
Chapter 96.

Underfull \hbox (badness 1215) in paragraph at lines 10662--10662
| []\TU/SimSun(0)/b/n/10.95 例 句：| []\TU/TimesNewRoman(0)/m/n/10.95 aesthetic pe
rson |\TU/SimSun(0)/m/n/10.95 （有 审 美 眼 光 的 人）| \TU/TimesNewRoman(0)/m/n/10.95 a
esthetic standards |\TU/SimSun(0)/m/n/10.95 （审 美 标 准）|
 []



[275

]
Chapter 97.


[276

]
Chapter 98.


[277

]
Chapter 99.


[278

]

[279]

[280]

[281]
Chapter 100.


[282

]

[283]

[284]
Chapter 101.


[285

]

[286]

[287]

[288]

[289]

[290]

[291]

[292]

[293]
Chapter 102.


[294

]

[295]

[296]

[297]

[298]

[299]
Chapter 103.


[300

]
Chapter 104.


[301

]

[302]

[303]

[304]
Chapter 105.


[305

]

[306]

[307]

[308]

[309]
Chapter 106.


[310

]

[311]

[312]

[313]
Chapter 107.


[314

]

[315]
Chapter 108.


[316

]

[317]

[318]

[319]
Chapter 109.


[320

]

[321]
Chapter 110.


[322

]

[323]

[324]
Chapter 111.


[325

]

[326]
Chapter 112.


[327

]

[328]

[329]

[330]

[331]
Chapter 113.


[332

]

[333]

[334]
Chapter 114.


[335

]

[336]

[337]
Chapter 115.


[338

]

[339]
Chapter 116.


[340

]

[341]
Chapter 117.


[342

]

[343]

[344]

[345]

[346]

[347]

[348]

[349]

[350]
Chapter 118.


[351

]

[352]

[353]

[354]
Chapter 119.


[355

]

[356]

[357]

[358]

[359]
Chapter 120.


[360

]

[361]

[362]

[363]

[364]

[365]

[366]
Chapter 121.


[367

]

[368]
Chapter 122.


[369

]

[370]

[371]

[372]

[373]
Chapter 123.


[374

]

[375]

[376]

[377]

[378]
Chapter 124.


[379

]
Chapter 125.


[380

]

[381]
Chapter 126.


[382

]

[383]

[384]

[385]
Chapter 127.


[386

]
Chapter 128.


[387

]

[388]
Chapter 129.


[389

]

[390]

[391]

[392]
Chapter 130.


[393

]
Chapter 131.


[394

]
Chapter 132.


[395

]
Chapter 133.


[396

]

[397]

[398]

[399]
Chapter 134.


[400

]
Chapter 135.


[401

]

[402]
Chapter 136.


[403

]

[404]
Chapter 137.


[405

]

[406]

[407]

[408]
Chapter 138.


[409

]

[410]
Chapter 139.


[411

]

[412]
Chapter 140.


[413

]
Chapter 141.


[414

]
Chapter 142.


[415

]

[416]
Chapter 143.


[417

]

[418]
Chapter 144.


[419

]

[420]

[421]

[422]
Chapter 145.


[423

]

[424]

[425]

[426]

[427]

[428]

[429]

[430]
Chapter 146.


[431

]

[432]
Chapter 147.


[433

]

[434]

[435]
Chapter 148.


[436

]

[437]
Chapter 149.


[438

]

[439]

[440]

[441]

[442]
Chapter 150.


[443

]
Chapter 151.


[444

]

[445]

[446]

[447]

[448]

[449]

[450]

[451]

[452]

[453]

[454]
Chapter 152.


[455

]
Chapter 153.


[456

]
Chapter 154.


[457

]

[458]
Chapter 155.


[459

]
Chapter 156.


[460

]

[461]

[462]

[463]

[464]

[465]

[466]

[467]

[468]

[469]

[470]

[471]

[472]

[473]

[474]

[475]

[476]

[477]
Chapter 157.


[478

]

[479]
Chapter 158.


[480

]

[481]
Chapter 159.


[482

]

[483]
Chapter 160.


[484

]

[485]
Chapter 161.


[486

]
Chapter 162.


[487

]
Chapter 163.


[488

]
Chapter 164.


[489

]

[490]

[491]
Chapter 165.


[492

]

[493]

[494]
Chapter 166.

Underfull \hbox (badness 2293) in paragraph at lines 18361--18361
[]  |\TU/SimSun(0)/m/n/10.95 【两 人 之 间 不 存 在 什 么 的 \TU/TimesNewRoman(0)/m/n/10.9
5 dis |\TU/SimSun(0)/m/n/10.95 （\TU/TimesNewRoman(0)/m/n/10.95 =not\TU/SimSun(0
)/m/n/10.95 ）| \TU/TimesNewRoman(0)/m/n/10.95 +inter |\TU/SimSun(0)/m/n/10.95 （
\TU/TimesNewRoman(0)/m/n/10.95 =between\TU/SimSun(0)/m/n/10.95 ）| \TU/TimesNewR
oman(0)/m/n/10.95 +est |\TU/SimSun(0)/m/n/10.95 （\TU/TimesNewRoman(0)/m/n/10.95
 =to be\TU/SimSun(0)/m/n/10.95 ） 】|
 []



[495

]

[496]

[497]
Chapter 167.


[498

]

[499]
Chapter 168.


[500

]
Chapter 169.


[501

]

[502]

[503]

[504]

[505]
Chapter 170.


[506

]

[507]

[508]
Chapter 171.


[509

]
Chapter 172.


[510

]

[511]

[512]
Chapter 173.


[513

]
Chapter 174.


[514

]
Chapter 175.


[515

]

[516]

[517]

[518]
Chapter 176.


[519

]

[520]

[521]
Chapter 177.


[522

]

[523]

[524]
Chapter 178.


[525

]

[526]

[527]
Chapter 179.


[528

]

[529]

[530]

[531]

[532]
Chapter 180.


[533

]
Chapter 181.


[534

]

[535]

[536]
Chapter 182.


[537

]
Chapter 183.


[538

]

[539]

[540]

[541]
Chapter 184.


[542

]

[543]
Chapter 185.


[544

]

[545]
Chapter 186.

Overfull \hbox (0.69696pt too wide) in paragraph at lines 20203--20204
[]\TU/SimSun(0)/m/n/10.95 来 自 拉 丁 语 的 \TU/TimesNewRoman(0)/m/n/10.95 ‘bol‘\TU/S
imSun(0)/m/n/10.95 、| \TU/TimesNewRoman(0)/m/n/10.95 ‘bl‘\TU/SimSun(0)/m/n/10.9
5 、| \TU/TimesNewRoman(0)/m/n/10.95 ‘bal‘ \TU/SimSun(0)/m/n/10.95 意 为 \TU/Times
NewRoman(0)/m/n/10.95 ‘to throw‘\TU/SimSun(0)/m/n/10.95 ，|  同 义 词 根 有 来 自 拉 丁 语
 的 \TU/TimesNewRoman(0)/m/n/10.95 ‘ject[jec, jac]‘\TU/SimSun(0)/m/n/10.95 、| \T
U/TimesNewRoman(0)/m/n/10.95 ‘lanc[launc]‘\TU/SimSun(0)/m/n/10.95 、|
 []



[546

]

[547]
Chapter 187.


[548

]

[549]
Chapter 188.


[550

]
Chapter 189.


[551

]

[552]
Chapter 190.


[553

]
Chapter 191.


[554

]

[555]
Chapter 192.


[556

]
Chapter 193.


[557

]

[558]
Chapter 194.


[559

]

[560]

[561]
Chapter 195.


[562

]

[563]
Chapter 196.


[564

]
Chapter 197.


[565

]

[566]
Chapter 198.


[567

]
Chapter 199.


[568

]

[569]
Chapter 200.


[570

]

[571]
Chapter 201.


[572

]

[573]

[574]

[575]
Chapter 202.


[576

]

[577]
Chapter 203.


[578

]
Chapter 204.


[579

]
Chapter 205.


[580

]

[581]

[582]
Chapter 206.


[583

]

[584]
Chapter 207.


[585

]
Chapter 208.


[586

]

[587]
Chapter 209.


[588

]

[589]

[590]
Chapter 210.


[591

]

[592]

[593]
Chapter 211.


[594

]

[595]
Chapter 212.


[596

]

[597]
Chapter 213.


[598

]

[599]
Chapter 214.


[600

]
Chapter 215.


[601

]
Chapter 216.


[602

]
Chapter 217.


[603

]
Chapter 218.


[604

]
Chapter 219.


[605

]
Chapter 220.


[606

]
Chapter 221.


[607

]
Chapter 222.


[608

]

[609]
Chapter 223.


[610

]

[611]
Chapter 224.


[612

]
Chapter 225.


[613

]
Chapter 226.


[614

]
Chapter 227.


[615

]

[616]
Chapter 228.


[617

]
Chapter 229.


[618

]
Chapter 230.


[619

]

[620]

[621]

[622]
Chapter 231.


[623

]

[624]
Chapter 232.


[625

]
Chapter 233.


[626

]

[627]

[628]
Chapter 234.


[629

]
Chapter 235.


[630

]

[631]

[632]
Chapter 236.


[633

]

[634]

[635]

[636]

[637]
Chapter 237.


[638

]

[639]

[640]
Chapter 238.


[641

]

[642]
Chapter 239.


[643

]
Chapter 240.


[644

]

[645]
Chapter 241.


[646

]
Chapter 242.


[647

]
Chapter 243.


[648

]

[649]
Chapter 244.


[650

]
Chapter 245.


[651

]

[652]
Chapter 246.


[653

]
Chapter 247.


[654

]
Chapter 248.


[655

]
Chapter 249.


[656

]

[657]

[658]

[659]
Chapter 250.


[660

]

[661]
Chapter 251.


[662

]
Chapter 252.


[663

]

[664]
Chapter 253.


[665

]

[666]

[667]

[668]

[669]
Chapter 254.


[670

]
Chapter 255.


[671

]
Chapter 256.


[672

]
Chapter 257.


[673

]

[674]
Chapter 258.


[675

]
Chapter 259.


[676

]

[677]
Chapter 260.


[678

]
Chapter 261.


[679

]
Chapter 262.


[680

]

[681]
Chapter 263.


[682

]
Chapter 264.


[683

]

[684]
Chapter 265.


[685

]

[686]
Chapter 266.


[687

]

[688]
Chapter 267.


[689

]
Chapter 268.


[690

]

[691]
Chapter 269.


[692

]

[693]
Chapter 270.


[694

]

[695]

[696]

[697]
Chapter 271.


[698

]
Chapter 272.


[699

]
Chapter 273.


[700

]
Chapter 274.


[701

]

[702]
Chapter 275.


[703

]

[704]
Chapter 276.


[705

]
Chapter 277.


[706

]

[707]
Chapter 278.


[708

]

[709]
Chapter 279.


[710

]

[711]

[712]
Chapter 280.


[713

]
Chapter 281.


[714

]
Chapter 282.


[715

]
Chapter 283.


[716

]

[717]
Chapter 284.


[718

]

[719]
Chapter 285.


[720

]
Chapter 286.


[721

]
Chapter 287.


[722

]
Chapter 288.


[723

]

[724]
Chapter 289.


[725

]

[726]
Chapter 290.


[727

]

[728]
Chapter 291.


[729

]
Chapter 292.


[730

]

[731]
Chapter 293.


[732

]

[733]

[734]
Chapter 294.


[735

]
Chapter 295.


[736

]

[737]

[738]
Chapter 296.


[739

]
Chapter 297.


[740

]
Chapter 298.


[741

]
Chapter 299.


[742

]
Chapter 300.


[743

]

[744]

[745]
Chapter 301.


[746

]

[747]
Chapter 302.


[748

]

[749]
Chapter 303.


[750

]
Chapter 304.


[751

]

[752]

[753]
Chapter 305.


[754

]

[755]
Chapter 306.


[756

]

[757]
Chapter 307.


[758

]
Chapter 308.


[759

]

[760]

[761]
Chapter 309.


[762

]

[763]

[764]
Chapter 310.


[765

]

[766]

[767]
Chapter 311.


[768

]

[769]

[770]

[771]

[772]
Chapter 312.


[773

]
Chapter 313.


[774

]
Chapter 314.


[775

]

[776]
Chapter 315.


[777

]
Chapter 316.


[778

]

[779]

[780]
Chapter 317.


[781

]
Chapter 318.


[782

]
Underfull \hbox (badness 2035) in paragraph at lines 27876--27876
[] \TU/TimesNewRoman(0)/m/n/10.95 [ha”bitjuer] habitueof theRestaurantMaxim |\T
U/SimSun(0)/m/n/10.95 （马 克 西 姆 餐 厅 的 常 客）|
 []



[783]

[784]
Chapter 319.


[785

]
Chapter 320.


[786

]
Chapter 321.


[787

]
Chapter 322.


[788

]

[789]
Chapter 323.


[790

]

[791]
Chapter 324.


[792

]
Chapter 325.


[793

]
Chapter 326.


[794

]
Chapter 327.


[795

]

[796]
Chapter 328.


[797

]
Chapter 329.


[798

]
Chapter 330.


[799

]
Chapter 331.


[800

]
Chapter 332.


[801

]
Chapter 333.


[802

]
Chapter 334.


[803

]
Chapter 335.

Overfull \hbox (64.3655pt too wide) in paragraph at lines 28460--28460
[]\TU/TimesNewRoman(0)/b/n/10.95 cept/ceiv[cipcupceit],empt/emsump/sumpt\TU/Sim
Sun(0)/b/n/10.95 ，| 
 []



[804

]

[805]

[806]
Chapter 336.


[807

]
Chapter 337.


[808

]
Chapter 338.


[809

]

[810]

[811]

[812]

[813]

[814]

[815]
Chapter 339.


[816

]

[817]

[818]

[819]
Chapter 340.


[820

]

[821]
Chapter 341.


[822

]

[823]

[824

]
Chapter 342.


[825

]

[826]
Chapter 343.


[827

]
Chapter 344.


[828

]
Chapter 345.


[829

]
Chapter 346.


[830

]
Chapter 347.


[831

]

[832]
Chapter 348.


[833

]

[834]
Chapter 349.


[835

]
Chapter 350.


[836

]
Chapter 351.


[837

]
Chapter 352.


[838

]
Chapter 353.


[839

]
Chapter 354.

Underfull \hbox (badness 10000) in paragraph at lines 29553--29553
| []\TU/SimSun(0)/b/n/10.95 例 句：| []\TU/TimesNewRoman(0)/m/n/10.95 Don’tappropr
iateothersideas. |\TU/SimSun(0)/m/n/10.95 （不 要 盗 用 别 人 的 见 解。 ）| \TU/TimesNewRo
man(0)/m/n/10.95 appropri-
 []


Underfull \hbox (badness 1303) in paragraph at lines 29553--29553
\TU/TimesNewRoman(0)/m/n/10.95 ate$500.000for thenewschoolbuildings |\TU/SimSun
(0)/m/n/10.95 （为 建 新 校 舍 拨 款 \TU/TimesNewRoman(0)/m/n/10.95 50 \TU/SimSun(0)/m/
n/10.95 万 美 元）| \TU/TimesNewRoman(0)/m/n/10.95 Thelegisla-
 []



[840

]
Chapter 355.


[841

]
Chapter 356.


[842

]

[843]
Chapter 357.


[844

]

[845]
Chapter 358.

Underfull \hbox (badness 10000) in paragraph at lines 29764--29764
[]  |\TU/SimSun(0)/m/n/10.95 【在 某 物 上 撒 石 灰 使 本 来 的 形 态 消 失 \TU/TimesNewRoman(0
)/m/n/10.95 de |\TU/SimSun(0)/m/n/10.95 （\TU/TimesNewRoman(0)/m/n/10.95 =away\T
U/SimSun(0)/m/n/10.95 ）| \TU/TimesNewRoman(0)/m/n/10.95 +let |\TU/SimSun(0)/m/n
/10.95 （\TU/TimesNewRoman(0)/m/n/10.95 =lime\TU/SimSun(0)/m/n/10.95 ）| \TU/Time
sNewRoman(0)/m/n/10.95 ] [dilist]
 []



[846

]
Chapter 359.


[847

]
Chapter 360.


[848

]

[849]
Chapter 361.


[850

]
Chapter 362.


[851

]

[852]
Chapter 363.


[853

]
Chapter 364.


[854

]
Chapter 365.


[855

]
Chapter 366.


[856

]
Chapter 367.


[857

]
Chapter 368.


[858

]
Chapter 369.


[859

]
Chapter 370.


[860

]

[861]
Chapter 371.


[862

]

[863]

[864]
Chapter 372.


[865

]
Chapter 373.


[866

]

[867]

[868]
Chapter 374.


[869

]

[870]
Underfull \hbox (badness 5274) in paragraph at lines 30544--30544
[] \TU/TimesNewRoman(0)/m/n/10.95 n. \TU/SimSun(0)/m/n/10.95 支 配，|  统 治；|  在 位 
期 间；|  优 势 \TU/TimesNewRoman(0)/m/n/10.95 v. \TU/SimSun(0)/m/n/10.95 支 配；|  占 优
 势；|  盛 行 \TU/TimesNewRoman(0)/m/n/10.95 *reig<reg |\TU/SimSun(0)/m/n/10.95 （\T
U/TimesNewRoman(0)/m/n/10.95 =rule\TU/SimSun(0)/m/n/10.95 ）|
 []


Underfull \hbox (badness 1953) in paragraph at lines 30544--30544
\TU/TimesNewRoman(0)/m/n/10.95 Alfred |\TU/SimSun(0)/m/n/10.95 （在 艾 尔 弗 雷 德 国 王
 的 统 治 下）| \TU/TimesNewRoman(0)/m/n/10.95 reignoflaw/reason |\TU/SimSun(0)/m/n/
10.95 （法 律 ／ 理 性 的 主 宰）| \TU/TimesNewRoman(0)/m/n/10.95 The
 []


Underfull \hbox (badness 3780) in paragraph at lines 30549--30549
[] \TU/TimesNewRoman(0)/m/n/10.95 n. \TU/SimSun(0)/m/n/10.95 最 高 统 治 者，|  元 首，|
  君 主 \TU/TimesNewRoman(0)/m/n/10.95 a. \TU/SimSun(0)/m/n/10.95 君 主 的；|  有 独 立 
自 主 权 的；|  最 高 的，|  至 上
 []


Underfull \hbox (badness 4859) in paragraph at lines 30549--30549
\TU/SimSun(0)/m/n/10.95 的； （国 家、|  政 \TU/TimesNewRoman(0)/m/n/10.95 [’spvrin] \
TU/SimSun(0)/m/n/10.95 府、|  统 治 者）|  拥 有 最 高 统 治 权 的；|  卓 越 的；|  有 效
 []



[871]
Chapter 375.


[872

]
Chapter 376.


[873

]

[874]
Chapter 377.


[875

]
Chapter 378.


[876

]
Chapter 379.


[877

]
Chapter 380.


[878

]

[879]
Chapter 381.


[880

]
Chapter 382.


[881

]

[882]

[883]
Chapter 383.


[884

]
Chapter 384.

Underfull \hbox (badness 10000) in paragraph at lines 30909--30909
[] \TU/TimesNewRoman(0)/m/n/10.95 n. \TU/SimSun(0)/m/n/10.95 雷 达，|  无 线 电 探 测 器
  |（来 源 于 \TU/TimesNewRoman(0)/m/n/10.95 radiodetectingandranging\TU/SimSun(0)/
m/n/10.95 ）| \TU/TimesNewRoman(0)/m/n/10.95 [’reida:(r)] radar
 []


Underfull \hbox (badness 10000) in paragraph at lines 30909--30909
\TU/TimesNewRoman(0)/m/n/10.95 fence/screen |\TU/SimSun(0)/m/n/10.95 （雷 达 网）| \
TU/TimesNewRoman(0)/m/n/10.95 radarhoming |\TU/SimSun(0)/m/n/10.95 （雷 达 导 航 的）|
 \TU/TimesNewRoman(0)/m/n/10.95 radar installation |\TU/SimSun(0)/m/n/10.95 （雷 
达 装 置）|
 []



[885

]
Chapter 385.


[886

]

[887]
Chapter 386.


[888

]
Chapter 387.


[889

]
Chapter 388.


[890

]
Chapter 389.


[891

]

[892]
Chapter 390.


[893

]
Chapter 391.


[894

]
Chapter 392.


[895

]

[896]

[897]
Chapter 393.


[898

]
Chapter 394.


[899

]

[900]
Chapter 395.


[901

]
Chapter 396.


[902

]
Chapter 397.


[903

]
Chapter 398.

Underfull \hbox (badness 2229) in paragraph at lines 31398--31398
[]  |\TU/SimSun(0)/m/n/10.95 【看 上 去 分 明、|  透 明 \TU/TimesNewRoman(0)/m/n/10.95 c
lair(clar(=clear)+voy(=look)+ant(=having the quality of)]
 []



[904

]
Chapter 399.


[905

]

[906]
Chapter 400.


[907

]

[908]
Chapter 401.


[909

]
Chapter 402.


[910

]

[911]

[912]
Chapter 403.


[913

]
Chapter 404.


[914

]

[915]

[916]

[917]
Chapter 405.


[918

]
Chapter 406.


[919

]

[920]

[921]
Chapter 407.


[922

]

[923]
Chapter 408.


[924

]
Chapter 409.


[925

]

[926]
Chapter 410.


[927

]
Chapter 411.


[928

]

[929]
Chapter 412.


[930

]
Chapter 413.


[931

]
Chapter 414.


[932

]

[933]
Chapter 415.


[934

]
Chapter 416.


[935

]

[936]

[937]
Chapter 417.


[938

]

[939]
Chapter 418.


[940

]
Chapter 419.


[941

]
Chapter 420.


[942

]
Chapter 421.


[943

]

[944]
Chapter 422.


[945

]
Chapter 423.


[946

]

[947]
Chapter 424.


[948

]
Chapter 425.


[949

]
Underfull \hbox (badness 10000) in paragraph at lines 32828--32828
[] \TU/TimesNewRoman(0)/m/n/10.95 a. \TU/SimSun(0)/m/n/10.95 陷 人 空 想 的，|  想 像 的
，|  充 满 幻 想 的；|  不 现 实 的；|  奇 异 的 \TU/TimesNewRoman(0)/m/n/10.95 [faensif]
 []



[950]
Chapter 426.


[951

]
Chapter 427.


[952

]

[953]
Underfull \hbox (badness 2368) in paragraph at lines 32979--32979
| []\TU/SimSun(0)/b/n/10.95 搭 配：| []\TU/TimesNewRoman(0)/m/n/10.95 theFirst/Sec
ond/Third/Fourth/FifthRepublic |\TU/SimSun(0)/m/n/10.95 （法 兰 西 第 一 共 和 国\TU/Tim
esNewRoman(0)/m/n/10.95 /\TU/SimSun(0)/m/n/10.95 第 二 共 和
 []



[954]
Chapter 428.


[955

]

[956]
Chapter 429.


[957

]
Chapter 430.


[958

]
Chapter 431.


[959

]
Chapter 432.


[960

]
Chapter 433.


[961

]
Chapter 434.


[962

]
Chapter 435.


[963

]
Chapter 436.


[964

]
Chapter 437.


[965

]
Chapter 438.


[966

]
Chapter 439.


[967

]
Chapter 440.


[968

]

[969]
Chapter 441.


[970

]
Chapter 442.


[971

]
Chapter 443.


[972

]
Chapter 444.


[973

]

[974]
Chapter 445.


[975

]

[976]
附录 A.


[977

]

[978]

[979]

[980]

[981]

[982]

[983]

[984]

[985]

[986]

[987]

[988]

[989]

[990]
Underfull \hbox (badness 10000) in paragraph at lines 34354--34354
[] \TU/SimSun(0)/m/n/10.95 以 教 名 \TU/TimesNewRoman(0)/m/n/10.95 bibliophile* |\
TU/SimSun(0)/m/n/10.95 ［ ‘\TU/TimesNewRoman(0)/m/n/10.95 brbliafarl\TU/SimSun(0
)/m/n/10.95 ］|  爱 书 者；|  藏 书 家 \TU/TimesNewRoman(0)/m/n/10.95 bap-
 []


Underfull \hbox (badness 10000) in paragraph at lines 34354--34354
\TU/TimesNewRoman(0)/m/n/10.95 tism++[tbaeptizam\TU/SimSun(0)/m/n/10.95 ］|  洗 礼
 \TU/TimesNewRoman(0)/m/n/10.95 bibliography+[,bibli’pgrafi\TU/SimSun(0)/m/n/10
.95 ］|  书 志 学；|  参 考
 []



[991]

[992]

[993]

[994]

[995]

[996]
Overfull \hbox (2.56323pt too wide) in paragraph at lines 34643--34643
[]\TU/TimesNewRoman(0)/b/n/10.95 encampment[in’kaempmant\TU/SimSun(0)/b/n/10.95
 】| 
 []



[997]

[998]

[999]

[1000]
Overfull \hbox (7.61584pt too wide) in paragraph at lines 34845--34845
[]\TU/TimesNewRoman(0)/b/n/10.95 concentration***[,knsn’treifn] 
 []



[1001]

[1002]

[1003]
Overfull \hbox (7.50357pt too wide) in paragraph at lines 35031--35031
[]\TU/TimesNewRoman(0)/b/n/10.95 cosmetology*[ikpzma’tDlad3i] 
 []



[1004]

[1005]

[1006]
Overfull \hbox (0.90042pt too wide) in paragraph at lines 35212--35212
[]\TU/TimesNewRoman(0)/b/n/10.95 accumulate***[a’kjuimjalet\TU/SimSun(0)/b/n/10
.95 ］| 
 []



[1007]

[1008]

[1009]

[1010]
Overfull \hbox (22.75764pt too wide) in paragraph at lines 35390--35390
[]\TU/TimesNewRoman(0)/b/n/10.95 Pandemonium*[panda’mauniam] 
 []


Overfull \hbox (0.92181pt too wide) in paragraph at lines 35400--35400
[]\TU/TimesNewRoman(0)/b/n/10.95 demonolatry”[idima’nplatri\TU/SimSun(0)/b/n/10
.95 ］| 
 []



[1011]
Overfull \hbox (28.94374pt too wide) in paragraph at lines 35417--35417
[]\TU/TimesNewRoman(0)/b/n/10.95 majordomo*[,meid3a’daumau\TU/SimSun(0)/b/n/10.
95 ］ （王 
 []


Overfull \hbox (3.80902pt too wide) in paragraph at lines 35457--35457
[]\TU/TimesNewRoman(0)/b/n/10.95 desideratum+[di,zidairaitam\TU/SimSun(0)/b/n/1
0.95 ］| 
 []



[1012]

[1013]
Overfull \hbox (0.78815pt too wide) in paragraph at lines 35575--35575
[]\TU/TimesNewRoman(0)/b/n/10.95 ecclesiastical*[1kli:zi’aestik]] 
 []



[1014]

[1015]
Overfull \hbox (17.05273pt too wide) in paragraph at lines 35638--35638
[]\TU/TimesNewRoman(0)/b/n/10.95 entomophagoust[renta’mpfagas] 
 []



[1016]

[1017]
Overfull \hbox (1.50995pt too wide) in paragraph at lines 35748--35748
[]\TU/TimesNewRoman(0)/b/n/10.95 felicitation”[falisa’teifn\TU/SimSun(0)/b/n/10
.95 ］ （\TU/TimesNewRoman(0)/b/n/10.95 pl.\TU/SimSun(0)/b/n/10.95 》| 
 []



[1018]

[1019]

[1020]

[1021]

[1022]

[1023]

[1024]
Overfull \hbox (28.08829pt too wide) in paragraph at lines 36102--36102
[]\TU/TimesNewRoman(0)/b/n/10.95 conglomeration*[kan;glpma’reifn\TU/SimSun(0)/b
/n/10.95 ］| 
 []



[1025]

[1026]

[1027]

[1028]

[1029]

[1030]
Overfull \hbox (17.23987pt too wide) in paragraph at lines 36443--36443
[]\TU/TimesNewRoman(0)/b/n/10.95 cinematography[sinama’tpgrafi] 
 []


Overfull \hbox (19.07378pt too wide) in paragraph at lines 36450--36450
[]\TU/TimesNewRoman(0)/b/n/10.95 kleptomaniac*[iklepta’meiniaek] 
 []



[1031]
Underfull \hbox (badness 10000) in paragraph at lines 36498--36498
[] \TU/SimSun(0)/m/n/10.95 复 杂，|  曲 折 \TU/TimesNewRoman(0)/m/n/10.95 lb.***(=li
bra |\TU/SimSun(0)/m/n/10.95 【\TU/TimesNewRoman(0)/m/n/10.95 li:bra]) \TU/SimSu
n(0)/m/n/10.95 磅  |（重 量）| \TU/TimesNewRoman(0)/m/n/10.95 labyrinthine+
 []



[1032]

[1033]

[1034]
Overfull \hbox (19.23952pt too wide) in paragraph at lines 36641--36641
[]\TU/TimesNewRoman(0)/b/n/10.95 lubrication**[,lu:bri’keifn\TU/SimSun(0)/b/n/1
0.95 ］ 】 （使）| 
 []



[1035]
Overfull \hbox (0.62239pt too wide) in paragraph at lines 36703--36703
[]\TU/TimesNewRoman(0)/b/n/10.95 monomania*[,mDna’meinia\TU/SimSun(0)/b/n/10.95
 ］| 
 []



[1036]
Overfull \hbox (2.0553pt too wide) in paragraph at lines 36758--36758
[]\TU/TimesNewRoman(0)/b/n/10.95 magistrate+**[’maed3istreit\TU/SimSun(0)/b/n/1
0.95 ］| 
 []



[1037]

[1038]
Overfull \hbox (19.30368pt too wide) in paragraph at lines 36859--36859
\TU/TimesNewRoman(0)/b/n/10.95 Mesopotamia+*[imesapa’teimia\TU/SimSun(0)/b/n/10
.95 ］| 
 []



[1039]
Overfull \hbox (28.8796pt too wide) in paragraph at lines 36876--36876
[]\TU/TimesNewRoman(0)/b/n/10.95 megalomaniac*[imegala’meiniaek\TU/SimSun(0)/b/
n/10.95 ］| 
 []



[1040]
Overfull \hbox (5.61084pt too wide) in paragraph at lines 36953--36953
[]\TU/TimesNewRoman(0)/b/n/10.95 promiscuous**[pra’miskjuas\TU/SimSun(0)/b/n/10
.95 ］| 
 []



[1041]

[1042]

[1043]

[1044]

[1045]

[1046]

[1047]

[1048]

[1049]
Overfull \hbox (1.93768pt too wide) in paragraph at lines 37434--37434
[]\TU/TimesNewRoman(0)/b/n/10.95 archipelago**[ra:ki’pelagou\TU/SimSun(0)/b/n/1
0.95 ］| 
 []



[1050]

[1051]
Overfull \hbox (10.13948pt too wide) in paragraph at lines 37542--37542
[]\TU/TimesNewRoman(0)/b/n/10.95 pharmaceutical*[fa:ma’suitikl] 
 []



[1052]
Overfull \hbox (10.98961pt too wide) in paragraph at lines 37574--37574
[]\TU/TimesNewRoman(0)/b/n/10.95 claustrophobia[klo:straifaubia] 
 []


Overfull \hbox (15.021pt too wide) in paragraph at lines 37613--37613
[]\TU/TimesNewRoman(0)/b/n/10.95 photosynthesis*[ifautau’sinasis\TU/SimSun(0)/b
/n/10.95 」| 
 []



[1053]

[1054]

[1055]
Overfull \hbox (7.05444pt too wide) in paragraph at lines 37762--37762
[]\TU/TimesNewRoman(0)/b/n/10.95 purification**[pjuarifr’kerfn\TU/SimSun(0)/b/n
/10.95 」| 
 []



[1056]
Overfull \hbox (6.81384pt too wide) in paragraph at lines 37807--37807
[]\TU/TimesNewRoman(0)/b/n/10.95 pyromaniac*[pairau’meiniak\TU/SimSun(0)/b/n/10
.95 ］| 
 []



[1057]

[1058]
Overfull \hbox (5.04944pt too wide) in paragraph at lines 37902--37902
[]\TU/TimesNewRoman(0)/b/n/10.95 ramification**[iraemifi’keifn] 
 []



[1059]

[1060]

[1061]

[1062]

[1063]

[1064]

[1065]

[1066]

[1067]

[1068]

[1069]
Overfull \hbox (5.5841pt too wide) in paragraph at lines 38480--38480
[]\TU/TimesNewRoman(0)/b/n/10.95 chromosome*[”kraumasaum\TU/SimSun(0)/b/n/10.95
 ］| 
 []


Overfull \hbox (19.89717pt too wide) in paragraph at lines 38485--38485
[]\TU/TimesNewRoman(0)/b/n/10.95 psychosomatic*[’saikausa’matik] 
 []



[1070]

[1071]

[1072]

[1073]

[1074]

[1075]

[1076]

[1077]

[1078]

[1079]

[1080]

[1081]

[1082]

[1083]

[1084]

[1085]

[1086]

[1087]

[1088]

[1089]

[1090]

[1091]

[1092]

[1093]

[1094]

[1095]

[1096]

[1097]

[1098]

[1099


]

[1100]

[1101]

[1102]

[1103]

[1104]

[1105]

[1106]

[1107]

[1108]

[1109]

[1110]

[1111]

[1112]

[1113]

[1114]

[1115]

[1116]

[1117]

[1118]

[1119]

[1120]

[1121]

[1122]

[1123]

[1124]

[1125]

[1126]

[1127]

[1128]

[1129]

[1130]

[1131]

[1132]

[1133]

[1134]

[1135]

[1136]

[1137]

[1138]

[1139]

[1140]

[1141]

[1142]

[1143]

[1144]

[1145]

[1146]

[1147]

[1148]

[1149]

[1150]

[1151]

[1152]

[1153]

[1154]

[1155]

[1156]

[1157]

[1158]

[1159]

[1160]

[1161]

[1162]

[1163]

[1164]

[1165]

[1166]

[1167]

[1168]

[1169]

[1170]

[1171]

[1172]

[1173]

[1174]

[1175]

[1176]

[1177]

[1178]

[1179] (build/word.aux)
 ***********
LaTeX2e <2024-11-01> patch level 2
L3 programming layer <2022/08/05>
 ***********
Package rerunfilecheck Info: File `word.out' has not changed.
(rerunfilecheck)             Checksum: DC11A0AFED63487F5DD192883CC3E9B5;1031.
 ) 
Here is how much of TeX's memory you used:
 46600 strings out of 473832
 1069743 string characters out of 5723978
 1590511 words of memory out of 5000000
 68924 multiletter control sequences out of 15000+600000
 561675 words of font info for 127 fonts, out of 8000000 for 9000
 1348 hyphenation exceptions out of 8191
 103i,13n,127p,1403b,1095s stack positions out of 10000i,1000n,20000p,200000b,200000s

Output written on build/word.xdv (1191 pages, 26303964 bytes).
