\BOOKMARK [0][]{chapter.1}{\376\377\0001\000\040\177\373\213\321}{}% 1
\BOOKMARK [0][]{chapter.2}{\376\377\0002\000\040\121\231\117\134}{}% 2
\BOOKMARK [1][]{section.2.1}{\376\377\0002\000.\0001\000\040\133\356\040\254\157\266\133\130\341\214}{chapter.2}% 3
\BOOKMARK [2][]{subsection.2.1.1}{\376\377\0002\000.\0001\000.\0001\000\040\126\340\147\234\230\172\143\250\116\016\116\367\120\074\155\361\123\026\127\213}{section.2.1}% 4
\BOOKMARK [2][]{subsection.2.1.2}{\376\377\0002\000.\0001\000.\0002\000\040\223\127\217\250\156\200\223\112\143\227\040\254\225\364\173\014\223\270\142\036\127\254\144\064\145\277\341\356\223\150\132\253}{section.2.1}% 5
\BOOKMARK [2][]{subsection.2.1.3}{\376\377\0002\000.\0001\000.\0003\000\040\136\163\210\141\123\005\133\271\116\016\123\314\217\150\136\166\210\114\127\213}{section.2.1}% 6
\BOOKMARK [1][]{section.2.2}{\376\377\0002\000.\0002\000\040\116\055\225\364\153\265}{chapter.2}% 7
\BOOKMARK [2][]{subsection.2.2.1}{\376\377\0002\000.\0002\000.\0001\000\040\217\336\143\245\213\315}{section.2.2}% 8
\BOOKMARK [3][]{subsubsection.2.2.1.1}{\376\377\0002\000.\0002\000.\0001\000.\0001\000\040\231\226\121\110}{subsection.2.2.1}% 9
\BOOKMARK [3][]{subsubsection.2.2.1.2}{\376\377\0002\000.\0002\000.\0001\000.\0002\000\040\121\166\153\041\377\014\153\144\131\026}{subsection.2.2.1}% 10
\BOOKMARK [3][]{subsubsection.2.2.1.3}{\376\377\0002\000.\0002\000.\0001\000.\0003\000\040\126\340\153\144}{subsection.2.2.1}% 11
\BOOKMARK [3][]{subsubsection.2.2.1.4}{\376\377\0002\000.\0002\000.\0001\000.\0004\000\040\150\071\147\054\123\237\126\340}{subsection.2.2.1}% 12
\BOOKMARK [3][]{subsubsection.2.2.1.5}{\376\377\0002\000.\0002\000.\0001\000.\0005\000\040\217\154\142\230}{subsection.2.2.1}% 13
\BOOKMARK [3][]{subsubsection.2.2.1.6}{\376\377\0002\000.\0002\000.\0001\000.\0006\000\040\116\076\117\213}{subsection.2.2.1}% 14
\BOOKMARK [2][]{subsection.2.2.2}{\376\377\0002\000.\0002\000.\0002\000\040\163\260\214\141\143\317\217\360}{section.2.2}% 15
\BOOKMARK [3][]{subsubsection.2.2.2.1}{\376\377\0002\000.\0002\000.\0002\000.\0001\000\040\146\156\220\115\133\130\127\050}{subsection.2.2.2}% 16
\BOOKMARK [3][]{subsubsection.2.2.2.2}{\376\377\0002\000.\0002\000.\0002\000.\0002\000\040\223\273\137\332\130\052\224\034\142\314\205\204\223\304\342\027\040\254\156\306\176\116\232\236\133\130\157\165\223\302\147\177\126\255\224\034\000?\164\201\061\050\341\221\224\021\341\136\133\263\151\102\152\074\153\221\224\022\376\076\120\143\222\045\157\101}{subsection.2.2.2}% 17
\BOOKMARK [3][]{subsubsection.2.2.2.3}{\376\377\0002\000.\0002\000.\0002\000.\0003\000\040\223\273\137\332\130\052\224\034\147\177\156\152\131\335\377\105\156\152\222\045\156\304\123\303\223\261\062\040\137\110\223\122\147\177\142\367\164\131\000?\164\032\340\243\215\060\216\107\152\074\153\221\225\305\141\054\124\226\224\034\142\314\205\204\222\045\157\101}{subsection.2.2.2}% 18
\BOOKMARK [2][]{subsection.2.2.3}{\376\377\0002\000.\0002\000.\0003\000\040\163\260\214\141\122\006\147\220}{section.2.2}% 19
\BOOKMARK [3][]{subsubsection.2.2.3.1}{\376\377\0002\000.\0002\000.\0003\000.\0001\000\040}{subsection.2.2.3}% 20
\BOOKMARK [2][]{subsection.2.2.4}{\376\377\0002\000.\0002\000.\0004\000\040\136\372\213\256}{section.2.2}% 21
\BOOKMARK [1][]{section.2.3}{\376\377\0002\000.\0003\000\040\176\323\134\076}{chapter.2}% 22
\BOOKMARK [2][]{subsection.2.3.1}{\376\377\0002\000.\0003\000.\0001\000\040\153\265\231\226\217\336\143\245\213\315}{section.2.3}% 23
