\BOOKMARK [1][-]{section*.1}{\376\377\144\130\211\201}{}% 1
\BOOKMARK [1][-]{section*.2}{\376\377\173\054\116\000\172\340\000\040\121\110\142\212\217\331\116\375\142\245\124\112\167\013\141\302}{}% 2
\BOOKMARK [2][-]{section*.3}{\376\377\0001\000.\0001\000\040\217\331\116\375\142\245\124\112\122\060\136\225\127\050\136\056\117\140\211\343\121\263\116\300\116\110}{section*.2}% 3
\BOOKMARK [2][-]{section*.4}{\376\377\0001\000.\0002\000\040\150\067\147\054\123\343\137\204\123\352\147\011\116\000\116\052}{section*.2}% 4
\BOOKMARK [2][-]{section*.5}{\376\377\0001\000.\0003\000\040\040\034\117\115\177\156\166\176\122\006\153\324\040\035\122\060\136\225\146\057\116\300\116\110\141\017\140\035}{section*.2}% 5
\BOOKMARK [2][-]{section*.6}{\376\377\0001\000.\0004\000\040\136\225\134\102\146\016\176\306\210\150\124\214\154\107\140\073\210\150\377\014\133\236\226\105\220\375\127\050\213\260\116\300\116\110}{section*.2}% 6
\BOOKMARK [2][-]{section*.7}{\376\377\0001\000.\0005\000\040\217\331\000\040\0005\000\040\137\040\126\376\122\060\136\225\213\345\140\016\116\110\213\373}{section*.2}% 7
\BOOKMARK [1][-]{section*.19}{\376\377\173\054\116\214\172\340\000\040\123\125\162\354\167\013\153\317\116\000\220\123\230\230\145\366\377\014\147\000\213\345\213\260\117\117\116\300\116\110}{}% 8
\BOOKMARK [2][-]{section*.20}{\376\377\0002\000.\0001\000\040\123\101\220\123\230\230\166\204\131\047\151\202\204\075\160\271}{section*.19}% 9
\BOOKMARK [2][-]{section*.21}{\376\377\0002\000.\0002\000\040\214\001\220\002\124\010\121\110\120\132\377\014\214\001\146\364\220\002\124\010\124\016\120\132}{section*.19}% 10
\BOOKMARK [2][-]{section*.22}{\376\377\0002\000.\0003\000\040\133\271\221\317\215\046\147\054\116\072\116\300\116\110\137\305\230\173\116\000\166\364\213\260}{section*.19}% 11
\BOOKMARK [1][-]{section*.23}{\376\377\173\054\116\011\172\340\000\040\230\230\124\214\230\230\116\113\225\364\377\014\124\352\116\233\121\163\174\373\123\357\116\345\166\364\143\245\165\050\116\216\120\132\230\230}{}% 12
\BOOKMARK [2][-]{section*.24}{\376\377\0003\000.\0001\000\040\166\370\220\273\230\230\220\032\136\070\116\015\146\057\040\034\134\061\217\321\230\230\040\035}{section*.23}% 13
\BOOKMARK [2][-]{section*.25}{\376\377\0003\000.\0002\000\040\146\364\220\002\124\010\116\000\215\167\167\013\166\204\377\014\146\057\116\055\225\364\226\224\116\000\220\123\230\230\166\204\176\304\124\010}{section*.23}% 14
\BOOKMARK [2][-]{section*.26}{\376\377\0003\000.\0003\000\040\116\000\230\230\116\000\145\346\120\132\121\372\147\145\377\014\116\013\116\000\230\230\213\345\137\200\124\352\221\314\142\176}{section*.23}% 15
\BOOKMARK [2][-]{section*.27}{\376\377\0003\000.\0004\000\040\217\331\116\000\172\340\123\357\116\345\121\110\213\260\116\300\116\110}{section*.23}% 16
\BOOKMARK [1][-]{section*.28}{\376\377\173\054\126\333\172\340\000\040\200\003\127\072\133\236\142\030\377\032\116\316\142\377\122\060\230\230\122\060\120\132\133\214\230\230}{}% 17
\BOOKMARK [2][-]{section*.29}{\376\377\0004\000.\0001\000\040\137\000\120\132\122\115\000\040\0003\0000\000\040\171\322\377\014\121\110\120\132\116\300\116\110}{section*.28}% 18
\BOOKMARK [2][-]{section*.30}{\376\377\0004\000.\0002\000\040\173\054\116\000\217\156\140\016\116\110\137\000\134\100}{section*.28}% 19
\BOOKMARK [2][-]{section*.31}{\376\377\0004\000.\0003\000\040\153\317\120\132\121\372\116\000\230\230\377\014\220\375\211\201\213\260\215\046}{section*.28}% 20
\BOOKMARK [2][-]{section*.32}{\376\377\0004\000.\0004\000\040\120\132\121\372\116\000\230\230\116\345\124\016\377\014\116\013\116\000\153\145\140\016\116\110\147\072\150\260\143\250\217\333}{section*.28}% 21
\BOOKMARK [2][-]{section*.33}{\376\377\0004\000.\0005\000\040\136\070\165\050\166\204\121\263\173\126\123\141}{section*.28}% 22
\BOOKMARK [2][-]{section*.34}{\376\377\0004\000.\0006\000\040\147\000\167\355\142\147\210\114\162\110}{section*.28}% 23
\BOOKMARK [1][-]{section*.35}{\376\377\173\054\116\224\172\340\000\040\217\331\116\233\211\304\137\213\166\204\117\235\143\156\124\214\117\177\165\050\217\271\165\114}{}% 24
\BOOKMARK [2][-]{section*.36}{\376\377\0005\000.\0001\000\040\116\073\211\201\213\301\143\156}{section*.35}% 25
\BOOKMARK [2][-]{section*.37}{\376\377\0005\000.\0002\000\040\116\300\116\110\145\366\120\031\116\015\211\201\166\364\143\245\131\127\165\050}{section*.35}% 26
\BOOKMARK [2][-]{section*.38}{\376\377\0005\000.\0003\000\040\147\000\124\016\123\352\213\260\217\331\121\340\123\345\213\335}{section*.35}% 27
