\BOOKMARK [1][-]{section*.1}{\376\377\144\130\211\201}{}% 1
\BOOKMARK [1][-]{section*.2}{\376\377\0001\000.\000\040\137\025\212\000}{}% 2
\BOOKMARK [2][-]{section*.3}{\376\377\0001\000.\0001\000\040\170\024\172\166\225\356\230\230}{section*.2}% 3
\BOOKMARK [2][-]{section*.4}{\376\377\0001\000.\0002\000\040\142\245\124\112\176\323\147\204}{section*.2}% 4
\BOOKMARK [2][-]{section*.5}{\376\377\0001\000.\0003\000\040\145\207\150\143\124\010\136\166\213\364\146\016}{section*.2}% 5
\BOOKMARK [1][-]{section*.6}{\376\377\0002\000.\000\040\145\160\143\156\116\016\150\067\147\054\123\343\137\204}{}% 6
\BOOKMARK [2][-]{section*.7}{\376\377\0002\000.\0001\000\040\137\123\122\115\150\067\147\054\123\343\137\204\135\362\176\317\176\337\116\000}{section*.6}% 7
\BOOKMARK [2][-]{section*.8}{\376\377\0002\000.\0002\000\040\123\206\123\362\116\012\116\072\117\125\146\376\176\317\121\372\163\260\116\044\134\102\123\343\137\204}{section*.6}% 8
\BOOKMARK [2][-]{section*.9}{\376\377\0002\000.\0003\000\040\137\123\122\115\145\160\143\156\220\002\124\010\126\336\173\124\116\300\116\110}{section*.6}% 9
\BOOKMARK [1][-]{section*.10}{\376\377\0003\000.\000\040\123\330\221\317\060\001\145\207\116\366\116\016\126\376\210\150\213\364\146\016}{}% 10
\BOOKMARK [2][-]{section*.11}{\376\377\0003\000.\0001\000\040\150\070\137\303\133\127\153\265\213\364\146\016}{section*.10}% 11
\BOOKMARK [2][-]{section*.12}{\376\377\0003\000.\0002\000\040\121\163\225\056\217\223\121\372\145\207\116\366\213\364\146\016}{section*.10}% 12
\BOOKMARK [2][-]{section*.13}{\376\377\0003\000.\0003\000\040\126\376\210\150\140\016\116\110\213\373\377\014\140\016\116\110\165\050}{section*.10}% 13
\BOOKMARK [3][-]{section*.14}{\376\377\000q\000u\000e\000s\000t\000i\000o\000n\000\137\000p\000o\000s\000i\000t\000i\000o\000n\000\137\000b\000o\000x\000p\000l\000o\000t\000.\000p\000n\000g}{section*.13}% 14
\BOOKMARK [3][-]{section*.16}{\376\377\000q\000u\000e\000s\000t\000i\000o\000n\000\137\000p\000o\000s\000i\000t\000i\000o\000n\000\137\000b\000a\000n\000d\000\137\000d\000i\000s\000t\000r\000i\000b\000u\000t\000i\000o\000n\000.\000p\000n\000g}{section*.13}% 15
\BOOKMARK [3][-]{section*.18}{\376\377\000q\000u\000e\000s\000t\000i\000o\000n\000\137\000p\000o\000s\000i\000t\000i\000o\000n\000\137\000b\000a\000n\000d\000\137\000h\000e\000a\000t\000m\000a\000p\000.\000p\000n\000g}{section*.13}% 16
\BOOKMARK [3][-]{section*.20}{\376\377\000q\000u\000e\000s\000t\000i\000o\000n\000\137\000a\000n\000s\000w\000e\000r\000\137\000d\000i\000s\000t\000r\000i\000b\000u\000t\000i\000o\000n\000.\000p\000n\000g}{section*.13}% 17
\BOOKMARK [3][-]{section*.22}{\376\377\000l\000e\000t\000t\000e\000r\000\137\000t\000o\000\137\000q\000u\000e\000s\000t\000i\000o\000n\000\137\000h\000e\000a\000t\000m\000a\000p\000.\000p\000n\000g}{section*.13}% 18
\BOOKMARK [2][-]{section*.24}{\376\377\0003\000.\0004\000\040\126\376\210\150\145\207\116\366\175\042\137\025}{section*.10}% 19
\BOOKMARK [1][-]{section*.25}{\376\377\0004\000.\000\040\123\125\230\230\117\115\177\156\122\006\136\003\377\032\121\110\142\212\127\372\170\100\134\102\213\262\156\005\151\132}{}% 20
\BOOKMARK [2][-]{section*.26}{\376\377\0004\000.\0001\000\040\174\227\174\222\136\246\000\040\0002\0000\000\045\000\040\122\006\136\046\122\006\136\003}{section*.25}% 21
\BOOKMARK [2][-]{section*.27}{\376\377\0004\000.\0002\000\040\176\306\174\222\136\246\000\040\0001\0000\000\045\000\040\160\355\123\072\122\006\136\003}{section*.25}% 22
\BOOKMARK [2][-]{section*.28}{\376\377\0004\000.\0003\000\040\122\006\145\143\136\246\143\007\150\007\213\364\146\016}{section*.25}% 23
\BOOKMARK [2][-]{section*.29}{\376\377\0004\000.\0004\000\040\123\125\230\230\217\336\176\355\172\227\123\343\211\206\166\326\163\207}{section*.25}% 24
\BOOKMARK [1][-]{section*.30}{\376\377\0005\000.\000\040\173\124\150\110\133\127\153\315\122\006\136\003\134\102\227\142\217\330\200\375\167\013\122\060\116\300\116\110}{}% 25
\BOOKMARK [2][-]{section*.31}{\376\377\0005\000.\0001\000\040\123\125\230\230\133\371\136\224\133\127\153\315\122\006\136\003}{section*.30}% 26
\BOOKMARK [2][-]{section*.32}{\376\377\0005\000.\0002\000\040\123\315\124\021\167\013\377\032\147\320\133\127\153\315\146\364\120\117\124\021\124\352\116\233\230\230\123\367}{section*.30}% 27
\BOOKMARK [2][-]{section*.33}{\376\377\0005\000.\0003\000\040\133\127\153\315\134\102\227\142\166\204\176\323\147\204\140\047\117\341\140\157}{section*.30}% 28
\BOOKMARK [1][-]{section*.34}{\376\377\0006\000.\000\040\123\125\230\230\211\322\202\162\221\315\117\060}{}% 29
\BOOKMARK [2][-]{section*.35}{\376\377\0006\000.\0001\000\040\000Q\0003\0006\377\032\117\115\177\156\225\032\377\014\116\015\146\057\215\167\142\113\225\032}{section*.34}% 30
\BOOKMARK [2][-]{section*.36}{\376\377\0006\000.\0002\000\040\000Q\0003\0007\377\032\122\115\153\265\131\107\145\160\225\032}{section*.34}% 31
\BOOKMARK [2][-]{section*.37}{\376\377\0006\000.\0003\000\040\000Q\0003\0008\377\032\144\106\122\250\230\230\060\001\123\315\143\250\230\230}{section*.34}% 32
\BOOKMARK [2][-]{section*.38}{\376\377\0006\000.\0004\000\040\000Q\0004\0001\000\040\116\016\000\040\000Q\0004\0005\377\032\124\016\153\265\123\314\225\032}{section*.34}% 33
\BOOKMARK [2][-]{section*.39}{\376\377\0006\000.\0005\000\040\000Q\0004\0004\377\032\116\055\124\016\153\265\140\073\147\242\176\275}{section*.34}% 34
\BOOKMARK [1][-]{section*.40}{\376\377\0007\000.\000\040\230\230\225\364\145\340\147\141\116\366\166\370\121\163\140\047\377\032\121\110\167\013\145\164\117\123\176\323\147\204}{}% 35
\BOOKMARK [2][-]{section*.41}{\376\377\0007\000.\0001\000\040\166\370\220\273\230\230\220\032\136\070\116\015\146\057\134\061\217\321\230\230}{section*.40}% 36
\BOOKMARK [3][-]{section*.42}{\376\377\000Q\0004\0000\000/\000Q\0004\0001}{section*.41}% 37
\BOOKMARK [3][-]{section*.43}{\376\377\000Q\0004\0001\000/\000Q\0004\0002}{section*.41}% 38
\BOOKMARK [3][-]{section*.44}{\376\377\000Q\0004\0003\000/\000Q\0004\0004}{section*.41}% 39
\BOOKMARK [3][-]{section*.45}{\376\377\000Q\0004\0004\000/\000Q\0004\0005}{section*.41}% 40
\BOOKMARK [2][-]{section*.46}{\376\377\0007\000.\0002\000\040\226\224\116\000\230\230\166\204\124\014\131\107\120\166\224\376\146\364\137\072}{section*.40}% 41
\BOOKMARK [3][-]{section*.47}{\376\377\000Q\0003\0007\000/\000Q\0003\0009}{section*.46}% 42
\BOOKMARK [3][-]{section*.48}{\376\377\000Q\0003\0006\000/\000Q\0003\0008}{section*.46}% 43
\BOOKMARK [3][-]{section*.49}{\376\377\000Q\0004\0003\000/\000Q\0004\0005}{section*.46}% 44
\BOOKMARK [2][-]{section*.50}{\376\377\0007\000.\0003\000\040\133\127\153\315\134\102\227\142\116\137\145\057\143\001\040\034\166\370\220\273\230\230\122\006\171\273\377\014\226\224\116\000\230\230\146\364\217\321\040\035}{section*.40}% 45
\BOOKMARK [1][-]{section*.51}{\376\377\0008\000.\000\040\147\141\116\366\200\124\122\250\377\032\217\331\217\156\147\000\147\011\116\367\120\074\166\204\145\260\117\341\140\157}{}% 46
\BOOKMARK [2][-]{section*.52}{\376\377\0008\000.\0001\000\040\147\000\137\072\215\363\136\046\211\304\122\031}{section*.51}% 47
\BOOKMARK [3][-]{section*.53}{\376\377\211\304\122\031\000\040\000A\377\032\000Q\0003\0009\000\040\000=\000\040\0000\000-\0002\0000\000\045\000\040\000-\000>\000\040\000Q\0004\0001\000\040\000=\000\040\0006\0000\000-\0001\0000\0000\000\045}{section*.52}% 48
\BOOKMARK [3][-]{section*.54}{\376\377\211\304\122\031\000\040\000B\377\032\000Q\0004\0004\000\040\000=\000\040\0000\000-\0002\0000\000\045\000\040\000-\000>\000\040\000Q\0004\0005\000\040\000=\000\040\0006\0000\000-\0001\0000\0000\000\045}{section*.52}% 49
\BOOKMARK [2][-]{section*.55}{\376\377\0008\000.\0002\000\040\147\000\137\072\123\213\177\051\172\227\123\343\211\304\122\031}{section*.51}% 50
\BOOKMARK [3][-]{section*.56}{\376\377\211\304\122\031\000\040\000C\377\032\000Q\0003\0007\000\040\000=\000\040\0000\000-\0002\0000\000\045\000\040\000-\000>\000\040\000Q\0003\0009\000\040\000=\000\040\0001\0000\000-\0005\0000\000\045}{section*.55}% 51
\BOOKMARK [3][-]{section*.57}{\376\377\211\304\122\031\000\040\000D\377\032\000Q\0004\0002\000\040\000=\000\040\0002\0000\000-\0004\0000\000\045\000\040\000-\000>\000\040\000Q\0004\0004\000\040\000=\000\040\0000\000-\0004\0000\000\045}{section*.55}% 52
\BOOKMARK [3][-]{section*.58}{\376\377\211\304\122\031\000\040\000E\377\032\000Q\0004\0002\000\040\000=\000\040\0002\0000\000-\0004\0000\000\045\000\040\000-\000>\000\040\000Q\0004\0005\000\040\000=\000\040\0005\0000\000-\0009\0000\000\045}{section*.55}% 53
\BOOKMARK [2][-]{section*.59}{\376\377\0008\000.\0003\000\040\147\000\137\072\123\315\124\021\143\222\226\144\211\304\122\031}{section*.51}% 54
\BOOKMARK [3][-]{section*.60}{\376\377\211\304\122\031\000\040\000F\377\032\000Q\0004\0001\000\040\000=\000\040\0008\0000\000-\0001\0000\0000\000\045\000\040\000-\000>\000\040\000Q\0004\0000\000\040\000=\000\040\0002\0000\000-\0006\0000\000\045}{section*.59}% 55
\BOOKMARK [3][-]{section*.61}{\376\377\211\304\122\031\000\040\000G\377\032\000Q\0004\0003\000\040\000=\000\040\0006\0000\000-\0008\0000\000\045\000\040\000-\000>\000\040\000Q\0004\0004\000\040\000=\000\040\0000\000-\0004\0000\000\045}{section*.59}% 56
\BOOKMARK [3][-]{section*.62}{\376\377\211\304\122\031\000\040\000H\377\032\000Q\0003\0007\000\040\000=\000\040\0006\0000\000-\0008\0000\000\045\000\040\000-\000>\000\040\000Q\0003\0006\000\040\000=\000\040\0001\0000\000-\0005\0000\000\045}{section*.59}% 57
\BOOKMARK [1][-]{section*.63}{\376\377\0009\000.\000\040\176\347\176\355\155\361\143\026\124\016\377\014\145\260\130\236\166\204\232\330\134\102\176\323\147\204}{}% 58
\BOOKMARK [2][-]{section*.64}{\376\377\0009\000.\0001\000\040\217\271\177\030\136\046\147\000\147\011\117\341\140\157\221\317}{section*.63}% 59
\BOOKMARK [2][-]{section*.65}{\376\377\0009\000.\0002\000\040\137\210\131\032\230\230\133\371\116\015\146\057\176\277\140\047\224\376\147\141\377\014\200\014\146\057\225\134\120\317\215\367\215\367\147\177}{section*.63}% 60
\BOOKMARK [2][-]{section*.66}{\376\377\0009\000.\0003\000\040\000Q\0003\0008\000\040\146\057\040\034\226\276\120\132\123\164\131\175\123\315\143\250\040\035\166\204\116\343\210\150\230\230}{section*.63}% 61
\BOOKMARK [2][-]{section*.67}{\376\377\0009\000.\0004\000\040\000Q\0004\0004\000\040\146\057\116\055\124\016\153\265\140\073\147\242\176\275}{section*.63}% 62
\BOOKMARK [1][-]{section*.68}{\376\377\0001\0000\000.\000\040\126\376\210\150\124\214\176\337\213\241\176\323\147\234\166\204\153\143\170\156\165\050\154\325}{}% 63
\BOOKMARK [2][-]{section*.69}{\376\377\0001\0000\000.\0001\000\040\153\143\170\156\155\101\172\013}{section*.68}% 64
\BOOKMARK [2][-]{section*.70}{\376\377\0001\0000\000.\0002\000\040\136\070\211\301\213\357\165\050}{section*.68}% 65
\BOOKMARK [1][-]{section*.71}{\376\377\0001\0001\000.\000\040\176\337\213\241\134\100\226\120}{}% 66
\BOOKMARK [2][-]{section*.72}{\376\377\0001\0001\000.\0001\000\040\134\017\150\067\147\054\147\141\116\366\211\304\122\031\116\015\200\375\145\340\226\120\131\026\143\250}{section*.71}% 67
\BOOKMARK [2][-]{section*.73}{\376\377\0001\0001\000.\0002\000\040\123\314\134\360\230\230\117\032\213\251\127\107\120\074\131\061\167\037}{section*.71}% 68
\BOOKMARK [2][-]{section*.74}{\376\377\0001\0001\000.\0003\000\040\126\376\210\150\146\364\220\002\124\010\143\222\226\144\377\014\116\015\220\002\124\010\123\125\162\354\133\232\160\271}{section*.71}% 69
\BOOKMARK [1][-]{section*.75}{\376\377\0001\0002\000.\000\040\176\374\124\010\133\236\142\030\173\126\165\145\140\073\176\323}{}% 70
\BOOKMARK [2][-]{section*.76}{\376\377\0001\0002\000.\0001\000\040\140\073\117\123\123\237\122\031}{section*.75}% 71
\BOOKMARK [2][-]{section*.77}{\376\377\0001\0002\000.\0002\000\040\147\000\220\002\124\010\117\030\121\110\121\163\154\350\166\204\230\230}{section*.75}% 72
\BOOKMARK [2][-]{section*.78}{\376\377\0001\0002\000.\0003\000\040\147\000\116\015\220\002\124\010\116\000\116\012\147\145\210\370\120\132\166\204\230\230}{section*.75}% 73
\BOOKMARK [1][-]{section*.79}{\376\377\0001\0003\000.\000\040\217\331\217\156\147\000\213\345\200\314\166\204\000\040\0001\0004\000\040\147\141\122\250\117\134\123\141\162\107}{}% 74
\BOOKMARK [1][-]{section*.80}{\376\377\0001\0004\000.\000\040\147\000\176\310\176\323\213\272}{}% 75
\BOOKMARK [2][-]{section*.81}{\376\377\0001\0004\000.\0001\000\040\147\000\176\310\176\337\116\000\133\236\142\030\123\343\137\204}{section*.80}% 76
\BOOKMARK [1][-]{section*.82}{\376\377\0001\0005\000.\000\040\226\104\137\125\000\040\000A\377\032\000s\000a\000m\000p\000l\000e\000.\000t\000x\000t\000\040\116\214\153\041\150\070\133\371\154\107\140\073}{}% 77
\BOOKMARK [2][-]{section*.83}{\376\377\0001\0005\000.\0001\000\040\176\323\213\272}{section*.82}% 78
\BOOKMARK [2][-]{section*.84}{\376\377\0001\0005\000.\0002\000\040\150\070\133\371\203\003\126\364}{section*.82}% 79
\BOOKMARK [2][-]{section*.85}{\376\377\0001\0005\000.\0003\000\040\145\271\154\325}{section*.82}% 80
\BOOKMARK [2][-]{section*.86}{\376\377\0001\0005\000.\0004\000\040\176\323\147\234\145\207\116\366}{section*.82}% 81
\BOOKMARK [2][-]{section*.87}{\376\377\0001\0005\000.\0005\000\040\137\123\122\115\162\266\140\001}{section*.82}% 82
\BOOKMARK [1][-]{section*.88}{\376\377\0001\0006\000.\000\040\226\104\137\125\000\040\000B\377\032\166\370\121\163\140\047\220\037\213\260\162\110}{}% 83
\BOOKMARK [2][-]{section*.89}{\376\377\0001\0006\000.\0001\000\040\217\331\217\156\147\000\213\345\213\260\166\204\150\070\137\303\176\323\147\204}{section*.88}% 84
\BOOKMARK [2][-]{section*.90}{\376\377\0001\0006\000.\0002\000\040\145\164\131\127\133\271\221\317\176\246\147\137}{section*.88}% 85
\BOOKMARK [2][-]{section*.91}{\376\377\0001\0006\000.\0003\000\040\230\230\123\367\211\322\202\162\221\315\117\060}{section*.88}% 86
\BOOKMARK [2][-]{section*.92}{\376\377\0001\0006\000.\0004\000\040\147\140\147\106\147\000\131\047\166\204\230\230\377\032\000Q\0004\0004}{section*.88}% 87
\BOOKMARK [2][-]{section*.93}{\376\377\0001\0006\000.\0005\000\040\147\000\120\074\224\261\166\204\147\141\116\366\200\124\122\250}{section*.88}% 88
\BOOKMARK [3][-]{section*.94}{\376\377\137\072\215\363\136\046}{section*.93}% 89
\BOOKMARK [3][-]{section*.95}{\376\377\123\213\177\051\172\227\123\343}{section*.93}% 90
\BOOKMARK [3][-]{section*.96}{\376\377\123\315\124\021\143\222\226\144}{section*.93}% 91
\BOOKMARK [2][-]{section*.97}{\376\377\0001\0006\000.\0006\000\040\232\330\134\102\211\304\137\213}{section*.88}% 92
\BOOKMARK [3][-]{section*.98}{\376\377\217\271\177\030\136\046\147\000\147\011\117\341\140\157\221\317}{section*.97}% 93
\BOOKMARK [3][-]{section*.99}{\376\377\225\134\120\317\215\367\215\367\147\177\153\324\176\277\140\047\224\376\146\364\221\315\211\201}{section*.97}% 94
\BOOKMARK [3][-]{section*.100}{\376\377\000Q\0003\0008\000\040\146\057\131\175\123\315\143\250\230\230}{section*.97}% 95
\BOOKMARK [3][-]{section*.101}{\376\377\000Q\0004\0004\000\040\146\057\121\150\134\100\147\242\176\275}{section*.97}% 96
\BOOKMARK [2][-]{section*.102}{\376\377\0001\0006\000.\0007\000\040\147\000\173\200\173\126\165\145\162\110}{section*.88}% 97
\BOOKMARK [1][-]{section*.103}{\376\377\0001\0007\000.\000\040\226\104\137\125\000\040\000C\377\032\200\003\213\325\133\236\142\030\147\072\150\260\162\110\144\315\117\134\142\113\121\214}{}% 98
\BOOKMARK [2][-]{section*.104}{\376\377\0001\0007\000.\0001\000\040\217\331\116\375\142\113\121\214\166\204\166\356\150\007}{section*.103}% 99
\BOOKMARK [2][-]{section*.105}{\376\377\0001\0007\000.\0002\000\040\121\110\213\260\117\117\166\204\126\372\133\232\136\225\134\102\211\304\122\031}{section*.103}% 100
\BOOKMARK [2][-]{section*.106}{\376\377\0001\0007\000.\0003\000\040\137\000\131\313\120\132\230\230\122\115\377\032\121\110\120\132\000\040\0003\0000\000\040\171\322\121\306\131\007}{section*.103}% 101
\BOOKMARK [3][-]{section*.107}{\376\377\153\145\232\244\000\040\0001\377\032\121\110\167\013\000\040\0001\0000\000\040\116\052\230\230\136\162\377\014\116\015\140\045\167\100\120\132}{section*.106}% 102
\BOOKMARK [3][-]{section*.108}{\376\377\153\145\232\244\000\040\0002\377\032\121\110\127\050\201\021\133\120\221\314\150\007\213\260\000\040\0005\000\040\116\052\117\030\121\110\230\230}{section*.106}% 103
\BOOKMARK [3][-]{section*.109}{\376\377\153\145\232\244\000\040\0003\377\032\136\372\172\313\133\271\221\317\215\046\147\054}{section*.106}% 104
\BOOKMARK [2][-]{section*.110}{\376\377\0001\0007\000.\0004\000\040\173\054\116\000\217\156\377\032\121\110\142\176\225\032\160\271\230\230}{section*.103}% 105
\BOOKMARK [3][-]{section*.111}{\376\377\140\073\123\237\122\031}{section*.110}% 106
\BOOKMARK [3][-]{section*.112}{\376\377\000i\000f\000-\000e\000l\000s\000e\000\040\211\304\122\031\000\040\0001\377\032\121\110\116\316\124\352\221\314\137\000\131\313\213\373\145\207\172\340}{section*.110}% 107
\BOOKMARK [3][-]{section*.113}{\376\377\000i\000f\000-\000e\000l\000s\000e\000\040\211\304\122\031\000\040\0002\377\032\173\054\116\000\230\230\121\110\120\132\214\001}{section*.110}% 108
\BOOKMARK [3][-]{section*.114}{\376\377\000i\000f\000-\000e\000l\000s\000e\000\040\211\304\122\031\000\040\0003\377\032\000Q\0003\0006\000\040\116\300\116\110\145\366\120\031\120\132}{section*.110}% 109
\BOOKMARK [2][-]{section*.115}{\376\377\0001\0007\000.\0005\000\040\173\054\116\214\217\156\377\032\225\032\160\271\230\230\120\132\121\372\147\145\124\016\140\016\116\110\147\072\150\260\143\250\217\333}{section*.103}% 110
\BOOKMARK [3][-]{section*.116}{\376\377\0001\0007\000.\0005\000.\0001\000\040\131\202\147\234\121\110\120\132\121\372\000\040\000Q\0003\0007}{section*.115}% 111
\BOOKMARK [3][-]{section*.120}{\376\377\0001\0007\000.\0005\000.\0002\000\040\131\202\147\234\121\110\120\132\121\372\000\040\000Q\0003\0009}{section*.115}% 112
\BOOKMARK [3][-]{section*.124}{\376\377\0001\0007\000.\0005\000.\0003\000\040\131\202\147\234\121\110\120\132\121\372\000\040\000Q\0004\0001}{section*.115}% 113
\BOOKMARK [3][-]{section*.128}{\376\377\0001\0007\000.\0005\000.\0004\000\040\131\202\147\234\121\110\120\132\121\372\000\040\000Q\0004\0004}{section*.115}% 114
\BOOKMARK [3][-]{section*.132}{\376\377\0001\0007\000.\0005\000.\0005\000\040\131\202\147\234\121\110\120\132\121\372\000\040\000Q\0004\0002}{section*.115}% 115
\BOOKMARK [3][-]{section*.136}{\376\377\0001\0007\000.\0005\000.\0006\000\040\131\202\147\234\121\110\120\132\121\372\000\040\000Q\0003\0008}{section*.115}% 116
\BOOKMARK [2][-]{section*.140}{\376\377\0001\0007\000.\0006\000\040\173\054\116\011\217\156\377\032\116\300\116\110\145\366\120\031\213\345\145\076\137\003\147\320\230\230\377\014\217\154\120\132\116\013\116\000\230\230}{section*.103}% 117
\BOOKMARK [3][-]{section*.141}{\376\377\000i\000f\000-\000e\000l\000s\000e\000\040\211\304\122\031\000\040\0004\377\032\147\320\230\230\142\153\116\206\137\210\116\105\217\330\154\241\142\176\122\060}{section*.140}% 118
\BOOKMARK [3][-]{section*.142}{\376\377\000i\000f\000-\000e\000l\000s\000e\000\040\211\304\122\031\000\040\0005\377\032\116\300\116\110\145\366\120\031\136\224\213\345\215\363\153\265}{section*.140}% 119
\BOOKMARK [2][-]{section*.143}{\376\377\0001\0007\000.\0007\000\040\176\331\200\003\165\037\166\204\147\000\167\355\142\147\210\114\162\110}{section*.103}% 120
\BOOKMARK [3][-]{section*.144}{\376\377\215\167\142\113}{section*.143}% 121
\BOOKMARK [3][-]{section*.145}{\376\377\116\055\220\024}{section*.143}% 122
\BOOKMARK [3][-]{section*.146}{\376\377\145\066\134\076}{section*.143}% 123
\BOOKMARK [2][-]{section*.147}{\376\377\0001\0007\000.\0008\000\040\147\000\124\016\166\204\147\072\150\260\224\301\137\213}{section*.103}% 124
\BOOKMARK [1][-]{section*.148}{\376\377\0001\0008\000.\000\040\226\104\137\125\000\040\000D\377\032\155\361\136\246\122\006\147\220\213\301\143\156\154\107\140\073\377\010\213\373\200\005\145\164\164\006\162\110\377\011}{}% 125
\BOOKMARK [2][-]{section*.149}{\376\377\0001\0008\000.\0001\000\040\122\115\124\016\123\112\123\072\122\006\210\302\153\324}{section*.148}% 126
\BOOKMARK [2][-]{section*.150}{\376\377\0001\0008\000.\0002\000\040\131\107\120\166\116\244\146\377\176\323\147\204}{section*.148}% 127
\BOOKMARK [2][-]{section*.151}{\376\377\0001\0008\000.\0003\000\040\145\207\172\340\153\265\204\075\145\160\122\006\176\304}{section*.148}% 128
\BOOKMARK [2][-]{section*.152}{\376\377\0001\0008\000.\0004\000\040\145\366\225\364\172\227\123\343\172\063\133\232\140\047}{section*.148}% 129
\BOOKMARK [2][-]{section*.153}{\376\377\0001\0008\000.\0005\000\040\124\014\153\265\221\315\131\015\163\207\377\032\116\015\146\057\225\031\213\357\377\014\116\137\116\015\146\057\170\154\176\246\147\137}{section*.148}% 130
\BOOKMARK [2][-]{section*.154}{\376\377\0001\0008\000.\0006\000\040\173\124\150\110\136\217\122\027\123\125\214\003\140\047}{section*.148}% 131
\BOOKMARK [2][-]{section*.155}{\376\377\0001\0008\000.\0007\000\040\173\124\150\110\133\127\153\315\122\006\136\003\116\016\137\061\143\222\226\144}{section*.148}% 132
\BOOKMARK [2][-]{section*.156}{\376\377\0001\0008\000.\0008\000\040\136\162\142\160\153\265\204\075\122\006\147\220}{section*.148}% 133
\BOOKMARK [2][-]{section*.157}{\376\377\0001\0008\000.\0009\000\040\131\032\225\032\160\271\131\015\124\010\147\141\116\366}{section*.148}% 134
\BOOKMARK [1][-]{section*.158}{\376\377\0001\0009\000.\000\040\226\104\137\125\000\040\000E\377\032\150\007\121\306\123\026\122\006\147\220\213\301\143\156\377\010\116\015\146\057\145\260\173\126\165\145\162\110\147\054\377\011}{}% 135
\BOOKMARK [2][-]{section*.159}{\376\377\0001\0009\000.\0001\000\040\150\007\121\306\123\026\153\265\204\075\117\115\177\156\120\117\131\175}{section*.158}% 136
\BOOKMARK [2][-]{section*.160}{\376\377\0001\0009\000.\0002\000\040\230\230\123\367\143\222\124\015\122\006\147\220}{section*.158}% 137
\BOOKMARK [2][-]{section*.161}{\376\377\0001\0009\000.\0003\000\040\153\265\204\075\211\206\166\326\176\323\147\204}{section*.158}% 138
\BOOKMARK [2][-]{section*.162}{\376\377\0001\0009\000.\0004\000\040\117\115\177\156\221\315\150\007\133\232}{section*.158}% 139
\BOOKMARK [2][-]{section*.163}{\376\377\0001\0009\000.\0005\000\040\117\341\140\157\116\222\210\145\140\047\147\000\137\072\166\204\116\011\230\230\225\032\176\304\124\010}{section*.158}% 140
\BOOKMARK [2][-]{section*.164}{\376\377\0001\0009\000.\0006\000\040\226\276\136\246\116\343\164\006\143\222\124\015}{section*.158}% 141
\BOOKMARK [2][-]{section*.165}{\376\377\0001\0009\000.\0007\000\040\153\317\230\230\147\000\117\163\142\153\143\317\172\227\123\343}{section*.158}% 142
\BOOKMARK [2][-]{section*.166}{\376\377\0001\0009\000.\0008\000\040\124\014\153\265\221\315\131\015\156\005\123\125}{section*.158}% 143
\BOOKMARK [2][-]{section*.167}{\376\377\0001\0009\000.\0009\000\040\133\371\153\143\145\207\133\236\142\030\173\126\165\145\166\204\210\145\121\105}{section*.158}% 144
\BOOKMARK [1][-]{section*.168}{\376\377\0002\0000\000.\000\040\226\104\137\125\000\040\000F\377\032\121\263\173\126\152\041\127\213\213\301\143\156\116\016\124\014\153\265\221\315\131\015\150\041\153\143}{}% 145
\BOOKMARK [2][-]{section*.169}{\376\377\0002\0000\000.\0001\000\040\124\014\153\265\221\315\131\015\156\005\123\125\377\010\116\015\146\057\145\160\143\156\225\031\213\357\156\005\123\125\377\011}{section*.168}% 146
\BOOKMARK [2][-]{section*.170}{\376\377\0002\0000\000.\0002\000\040\215\052\137\303\117\341\140\157\130\236\166\312\136\217\122\027}{section*.168}% 147
\BOOKMARK [2][-]{section*.171}{\376\377\0002\0000\000.\0003\000\040\173\126\165\145\144\034\175\042\145\110\163\207\221\317\123\026\133\371\153\324}{section*.168}% 148
\BOOKMARK [2][-]{section*.172}{\376\377\0002\0000\000.\0004\000\040\166\370\220\273\230\230\117\115\177\156\135\356\166\204\167\037\133\236\122\006\136\003}{section*.168}% 149
\BOOKMARK [2][-]{section*.173}{\376\377\0002\0000\000.\0005\000\040\153\265\204\075\174\173\127\213\120\117\131\175}{section*.168}% 150
\BOOKMARK [2][-]{section*.174}{\376\377\0002\0000\000.\0006\000\040\147\141\116\366\144\034\175\042\172\227\123\343\174\276\220\011\377\010\147\000\172\204\211\304\122\031\377\011}{section*.168}% 151
\BOOKMARK [2][-]{section*.175}{\376\377\0002\0000\000.\0007\000\040\147\072\150\260\123\026\121\263\173\126\150\021\174\276\211\201}{section*.168}% 152
\BOOKMARK [2][-]{section*.176}{\376\377\0002\0000\000.\0008\000\040\116\016\153\143\145\207\147\000\176\310\155\101\172\013\166\204\133\371\237\120\123\343\137\204}{section*.168}% 153
\BOOKMARK [1][-]{section*.177}{\376\377\0002\0001\000.\000\040\226\104\137\125\000\040\000G\377\032\135\345\117\134\123\005\116\016\126\376\210\150\121\145\123\343\175\042\137\025}{}% 154
\BOOKMARK [2][-]{section*.178}{\376\377\0002\0001\000.\0001\000\040\126\376\210\150\145\207\116\366\121\145\123\343}{section*.177}% 155
\BOOKMARK [2][-]{section*.179}{\376\377\0002\0001\000.\0002\000\040\220\020\173\307\000/\220\020\142\171\000\040\000M\000a\000r\000k\000d\000o\000w\000n\000\040\135\345\117\134\123\005\121\145\123\343}{section*.177}% 156
