\BOOKMARK [0][]{chapter.1}{\376\377\0001\000\040\226\217\147\072\116\213\116\366\116\016\151\202\163\207}{}% 1
\BOOKMARK [1][]{section.1.1}{\376\377\0001\000.\0001\000\040\127\372\147\054\151\202\137\365}{chapter.1}% 2
\BOOKMARK [1][]{section.1.2}{\376\377\0001\000.\0002\000\040\116\213\116\366\166\204\121\163\174\373\116\016\217\320\173\227}{chapter.1}% 3
\BOOKMARK [2][]{subsection.1.2.1}{\376\377\0001\000.\0002\000.\0001\000\040\116\213\116\366\166\204\121\163\174\373}{section.1.2}% 4
\BOOKMARK [2][]{subsection.1.2.2}{\376\377\0001\000.\0002\000.\0002\000\040\116\213\116\366\166\204\217\320\173\227\137\213}{section.1.2}% 5
\BOOKMARK [1][]{section.1.3}{\376\377\0001\000.\0003\000\040\151\202\163\207\166\204\133\232\116\111}{chapter.1}% 6
\BOOKMARK [1][]{section.1.4}{\376\377\0001\000.\0004\000\040\123\344\121\170\151\202\127\213}{chapter.1}% 7
\BOOKMARK [2][]{subsection.1.4.1}{\376\377\0001\000.\0004\000.\0001\000\040\121\340\117\125\151\202\127\213}{section.1.4}% 8
\BOOKMARK [1][]{section.1.5}{\376\377\0001\000.\0005\000\040\147\141\116\366\151\202\163\207}{chapter.1}% 9
\BOOKMARK [2][]{subsection.1.5.1}{\376\377\0001\000.\0005\000.\0001\000\040\147\141\116\366\151\202\163\207\166\204\133\232\116\111}{section.1.5}% 10
\BOOKMARK [1][]{section.1.6}{\376\377\0001\000.\0006\000\040\116\213\116\366\166\204\162\354\172\313\140\047}{chapter.1}% 11
\BOOKMARK [2][]{subsection.1.6.1}{\376\377\0001\000.\0006\000.\0001\000\040\162\354\172\313\140\047\166\204\133\232\116\111}{section.1.6}% 12
\BOOKMARK [1][]{section.1.7}{\376\377\0001\000.\0007\000\040\162\354\172\313\221\315\131\015\213\325\232\214\116\016\117\057\122\252\122\051\151\202\127\213}{chapter.1}% 13
\BOOKMARK [0][]{chapter.2}{\376\377\0002\000\040\116\000\176\364\226\217\147\072\123\330\221\317\123\312\121\166\122\006\136\003}{}% 14
\BOOKMARK [1][]{section.2.1}{\376\377\0002\000.\0001\000\040\226\217\147\072\123\330\221\317\116\016\122\006\136\003\121\375\145\160}{chapter.2}% 15
\BOOKMARK [2][]{subsection.2.1.1}{\376\377\0002\000.\0001\000.\0001\000\040\226\217\147\072\123\330\221\317\116\016\122\006\136\003\121\375\145\160}{section.2.1}% 16
\BOOKMARK [1][]{section.2.2}{\376\377\0002\000.\0002\000\040\171\273\145\143\127\213\226\217\147\072\123\330\221\317\124\214\217\336\176\355\127\213\226\217\147\072\123\330\221\317}{chapter.2}% 17
\BOOKMARK [1][]{section.2.3}{\376\377\0002\000.\0003\000\040\136\070\211\301\171\273\145\143\127\213\226\217\147\072\123\330\221\317\123\312\122\006\136\003}{chapter.2}% 18
\BOOKMARK [2][]{subsection.2.3.1}{\376\377\0002\000.\0003\000.\0001\000\040\000\050\0000\000-\0001\000\051\122\006\136\003}{section.2.3}% 19
\BOOKMARK [1][]{section.2.4}{\376\377\0002\000.\0004\000\040\136\070\211\301\217\336\176\355\127\213\226\217\147\072\123\330\221\317\123\312\122\006\136\003}{chapter.2}% 20
\BOOKMARK [1][]{section.2.5}{\376\377\0002\000.\0005\000\040\136\070\211\301\122\006\136\003\166\204\147\037\147\033\116\016\145\271\135\356}{chapter.2}% 21
\BOOKMARK [1][]{section.2.6}{\376\377\0002\000.\0006\000\040\116\000\176\364\226\217\147\072\123\330\221\317\121\375\145\160\166\204\122\006\136\003}{chapter.2}% 22
\BOOKMARK [2][]{subsection.2.6.1}{\376\377\0002\000.\0006\000.\0001\000\040\127\372\147\054\151\202\137\365}{section.2.6}% 23
\BOOKMARK [2][]{subsection.2.6.2}{\376\377\0002\000.\0006\000.\0002\000\040\171\273\145\143\127\213\226\217\147\072\123\330\221\317\121\375\145\160\166\204\122\006\136\003}{section.2.6}% 24
\BOOKMARK [2][]{subsection.2.6.3}{\376\377\0002\000.\0006\000.\0003\000\040\217\336\176\355\127\213\226\217\147\072\123\330\221\317\121\375\145\160\166\204\122\006\136\003}{section.2.6}% 25
\BOOKMARK [3][]{subsubsection.2.6.3.1}{\376\377\0002\000.\0006\000.\0003\000.\0001\000\040\137\123\000\040\000Y\000\040\116\072\171\273\145\143\127\213\145\366}{subsection.2.6.3}% 26
\BOOKMARK [3][]{subsubsection.2.6.3.2}{\376\377\0002\000.\0006\000.\0003\000.\0002\000\040\137\123\000\040\000Y\000\040\116\072\217\336\176\355\127\213\145\366}{subsection.2.6.3}% 27
\BOOKMARK [1][]{section.2.7}{\376\377\0002\000.\0007\000\040\121\170\127\213\117\213\230\230}{chapter.2}% 28
\BOOKMARK [0][]{chapter.3}{\376\377\0003\000\040\116\214\176\364\226\217\147\072\123\330\221\317\123\312\122\006\136\003}{}% 29
\BOOKMARK [1][]{section.3.1}{\376\377\0003\000.\0001\000\040\116\214\176\364\226\217\147\072\123\330\221\317}{chapter.3}% 30
\BOOKMARK [2][]{subsection.3.1.1}{\376\377\0003\000.\0001\000.\0001\000\040\200\124\124\010\122\006\136\003\121\375\145\160}{section.3.1}% 31
\BOOKMARK [1][]{section.3.2}{\376\377\0003\000.\0002\000\040\000n\176\364\226\217\147\072\123\330\221\317}{chapter.3}% 32
\BOOKMARK [1][]{section.3.3}{\376\377\0003\000.\0003\000\040\226\217\147\072\123\330\221\317\166\204\162\354\172\313\140\047}{chapter.3}% 33
\BOOKMARK [2][]{subsection.3.3.1}{\376\377\0003\000.\0003\000.\0001\000\040\162\354\172\313\140\047\166\204\133\232\116\111}{section.3.3}% 34
\BOOKMARK [2][]{subsection.3.3.2}{\376\377\0003\000.\0003\000.\0002\000\040\162\354\172\313\166\204\121\105\211\201\147\141\116\366}{section.3.3}% 35
\BOOKMARK [3][]{subsubsection.3.3.2.1}{\376\377\0003\000.\0003\000.\0002\000.\0001\000\040\171\273\145\143\127\213\226\217\147\072\123\330\221\317\166\204\162\354\172\313\140\047}{subsection.3.3.2}% 36
\BOOKMARK [3][]{subsubsection.3.3.2.2}{\376\377\0003\000.\0003\000.\0002\000.\0002\000\040\217\336\176\355\127\213\226\217\147\072\123\330\221\317\166\204\162\354\172\313\140\047}{subsection.3.3.2}% 37
\BOOKMARK [2][]{subsection.3.3.3}{\376\377\0003\000.\0003\000.\0003\000\040\162\354\172\313\140\047\166\204\140\047\215\050}{section.3.3}% 38
\BOOKMARK [2][]{subsection.3.3.4}{\376\377\0003\000.\0003\000.\0004\000\040\116\015\162\354\172\313\166\204\122\044\145\255\116\016\213\301\146\016}{section.3.3}% 39
\BOOKMARK [1][]{section.3.4}{\376\377\0003\000.\0004\000\040\116\214\176\364\171\273\145\143\127\213\226\217\147\072\123\330\221\317}{chapter.3}% 40
\BOOKMARK [2][]{subsection.3.4.1}{\376\377\0003\000.\0004\000.\0001\000\040\200\124\124\010\122\006\136\003\137\213}{section.3.4}% 41
\BOOKMARK [2][]{subsection.3.4.2}{\376\377\0003\000.\0004\000.\0002\000\040\217\271\177\030\122\006\136\003\137\213}{section.3.4}% 42
\BOOKMARK [2][]{subsection.3.4.3}{\376\377\0003\000.\0004\000.\0003\000\040\147\141\116\366\122\006\136\003\137\213}{section.3.4}% 43
\BOOKMARK [1][]{section.3.5}{\376\377\0003\000.\0005\000\040\116\214\176\364\217\336\176\355\127\213\226\217\147\072\123\330\221\317}{chapter.3}% 44
\BOOKMARK [2][]{subsection.3.5.1}{\376\377\0003\000.\0005\000.\0001\000\040\217\271\177\030\151\202\163\207\133\306\136\246}{section.3.5}% 45
\BOOKMARK [2][]{subsection.3.5.2}{\376\377\0003\000.\0005\000.\0002\000\040\147\141\116\366\151\202\163\207\133\306\136\246}{section.3.5}% 46
\BOOKMARK [1][]{section.3.6}{\376\377\0003\000.\0006\000\040\136\070\211\301\166\204\116\214\176\364\122\006\136\003}{chapter.3}% 47
\BOOKMARK [2][]{subsection.3.6.1}{\376\377\0003\000.\0006\000.\0001\000\040\116\214\176\364\127\107\123\000\122\006\136\003}{section.3.6}% 48
\BOOKMARK [2][]{subsection.3.6.2}{\376\377\0003\000.\0006\000.\0002\000\040\116\214\176\364\153\143\140\001\122\006\136\003}{section.3.6}% 49
\BOOKMARK [1][]{section.3.7}{\376\377\0003\000.\0007\000\040\116\214\176\364\226\217\147\072\123\330\221\317\121\375\145\160\166\204\122\006\136\003}{chapter.3}% 50
\BOOKMARK [2][]{subsection.3.7.1}{\376\377\0003\000.\0007\000.\0001\000\040\171\273\145\143\127\213\226\217\147\072\123\330\221\317\121\375\145\160\166\204\122\006\136\003}{section.3.7}% 51
\BOOKMARK [2][]{subsection.3.7.2}{\376\377\0003\000.\0007\000.\0002\000\040\217\336\176\355\127\213\226\217\147\072\123\330\221\317\121\375\145\160\166\204\122\006\136\003}{section.3.7}% 52
\BOOKMARK [3][]{subsubsection.3.7.2.1}{\376\377\0003\000.\0007\000.\0002\000.\0001\000\040\122\006\136\003\121\375\145\160\154\325}{subsection.3.7.2}% 53
\BOOKMARK [3][]{subsubsection.3.7.2.2}{\376\377\0003\000.\0007\000.\0002\000.\0002\000\040\123\167\171\357\121\154\137\017\116\016\136\070\165\050\122\006\136\003\121\375\145\160\121\154\137\017}{subsection.3.7.2}% 54
\BOOKMARK [3][]{subsubsection.3.7.2.3}{\376\377\0003\000.\0007\000.\0002\000.\0003\000\040\000m\000a\000x\000\040\124\214\000\040\000m\000i\000n\000\040\166\204\122\006\136\003}{subsection.3.7.2}% 55
\BOOKMARK [0][]{chapter.4}{\376\377\0004\000\040\226\217\147\072\123\330\221\317\166\204\145\160\133\127\162\171\137\201}{}% 56
\BOOKMARK [1][]{section.4.1}{\376\377\0004\000.\0001\000\040\145\160\133\146\147\037\147\033}{chapter.4}% 57
\BOOKMARK [2][]{subsection.4.1.1}{\376\377\0004\000.\0001\000.\0001\000\040\145\160\133\146\147\037\147\033\166\204\133\232\116\111}{section.4.1}% 58
\BOOKMARK [2][]{subsection.4.1.2}{\376\377\0004\000.\0001\000.\0002\000\040\116\214\176\364\226\217\147\072\123\330\221\317\121\375\145\160\166\204\145\160\133\146\147\037\147\033}{section.4.1}% 59
\BOOKMARK [2][]{subsection.4.1.3}{\376\377\0004\000.\0001\000.\0003\000\040\145\160\133\146\147\037\147\033\166\204\140\047\215\050}{section.4.1}% 60
\BOOKMARK [1][]{section.4.2}{\376\377\0004\000.\0002\000\040\145\271\135\356}{chapter.4}% 61
\BOOKMARK [2][]{subsection.4.2.1}{\376\377\0004\000.\0002\000.\0001\000\040\145\271\135\356\166\204\133\232\116\111}{section.4.2}% 62
\BOOKMARK [2][]{subsection.4.2.2}{\376\377\0004\000.\0002\000.\0002\000\040\145\271\135\356\166\204\140\047\215\050}{section.4.2}% 63
\BOOKMARK [1][]{section.4.3}{\376\377\0004\000.\0003\000\040\136\070\211\301\122\006\136\003\166\204\145\160\133\146\147\037\147\033\116\016\145\271\135\356}{chapter.4}% 64
\BOOKMARK [1][]{section.4.4}{\376\377\0004\000.\0004\000\040\123\117\145\271\135\356\116\016\166\370\121\163\174\373\145\160}{chapter.4}% 65
\BOOKMARK [2][]{subsection.4.4.1}{\376\377\0004\000.\0004\000.\0001\000\040\123\117\145\271\135\356}{section.4.4}% 66
\BOOKMARK [2][]{subsection.4.4.2}{\376\377\0004\000.\0004\000.\0002\000\040\166\370\121\163\174\373\145\160}{section.4.4}% 67
\BOOKMARK [2][]{subsection.4.4.3}{\376\377\0004\000.\0004\000.\0003\000\040\116\015\166\370\121\163\140\047\166\204\122\044\133\232}{section.4.4}% 68
\BOOKMARK [2][]{subsection.4.4.4}{\376\377\0004\000.\0004\000.\0004\000\040\153\143\140\001\122\006\136\003\166\204\145\160\133\127\162\171\137\201}{section.4.4}% 69
\BOOKMARK [0][]{chapter.5}{\376\377\0005\000\040\131\047\145\160\133\232\137\213\124\214\116\055\137\303\147\201\226\120\133\232\164\006}{}% 70
\BOOKMARK [1][]{section.5.1}{\376\377\0005\000.\0001\000\040\117\235\151\202\163\207\145\066\145\133}{chapter.5}% 71
\BOOKMARK [1][]{section.5.2}{\376\377\0005\000.\0002\000\040\232\154\134\024\123\357\131\053\116\015\173\111\137\017}{chapter.5}% 72
\BOOKMARK [1][]{section.5.3}{\376\377\0005\000.\0003\000\040\122\007\153\324\226\352\131\053\116\015\173\111\137\017}{chapter.5}% 73
\BOOKMARK [1][]{section.5.4}{\376\377\0005\000.\0004\000\040\131\047\145\160\133\232\137\213}{chapter.5}% 74
\BOOKMARK [2][]{subsection.5.4.1}{\376\377\0005\000.\0004\000.\0001\000\040\122\007\153\324\226\352\131\053\131\047\145\160\133\232\137\213}{section.5.4}% 75
\BOOKMARK [2][]{subsection.5.4.2}{\376\377\0005\000.\0004\000.\0002\000\040\117\057\122\252\122\051\131\047\145\160\133\232\137\213}{section.5.4}% 76
\BOOKMARK [2][]{subsection.5.4.3}{\376\377\0005\000.\0004\000.\0003\000\040\217\233\224\246\131\047\145\160\133\232\137\213}{section.5.4}% 77
\BOOKMARK [1][]{section.5.5}{\376\377\0005\000.\0005\000\040\116\055\137\303\147\201\226\120\133\232\164\006}{chapter.5}% 78
\BOOKMARK [2][]{subsection.5.5.1}{\376\377\0005\000.\0005\000.\0001\000\040\122\027\176\364\040\023\147\227\137\267\117\057\150\074\116\055\137\303\147\201\226\120\133\232\164\006}{section.5.5}% 79
\BOOKMARK [2][]{subsection.5.5.2}{\376\377\0005\000.\0005\000.\0002\000\040\150\343\203\253\137\027\040\023\142\311\146\156\142\311\145\257\116\055\137\303\147\201\226\120\133\232\164\006}{section.5.5}% 80
\BOOKMARK [0][]{chapter.6}{\376\377\0006\000\040\150\067\147\054\116\016\142\275\150\067\122\006\136\003}{}% 81
\BOOKMARK [1][]{section.6.1}{\376\377\0006\000.\0001\000\040\127\372\147\054\151\202\137\365}{chapter.6}% 82
\BOOKMARK [2][]{subsection.6.1.1}{\376\377\0006\000.\0001\000.\0001\000\040\140\073\117\123\116\016\150\067\147\054}{section.6.1}% 83
\BOOKMARK [2][]{subsection.6.1.2}{\376\377\0006\000.\0001\000.\0002\000\040\176\337\213\241\221\317}{section.6.1}% 84
\BOOKMARK [1][]{section.6.2}{\376\377\0006\000.\0002\000\040\116\011\131\047\142\275\150\067\122\006\136\003}{chapter.6}% 85
\BOOKMARK [2][]{subsection.6.2.1}{\376\377\0006\000.\0002\000.\0001\000\040\003\307\000\262\000\040\122\006\136\003}{section.6.2}% 86
\BOOKMARK [2][]{subsection.6.2.2}{\376\377\0006\000.\0002\000.\0002\000\040\000t\000\040\122\006\136\003}{section.6.2}% 87
\BOOKMARK [2][]{subsection.6.2.3}{\376\377\0006\000.\0002\000.\0003\000\040\000F\000\040\122\006\136\003}{section.6.2}% 88
\BOOKMARK [1][]{section.6.3}{\376\377\0006\000.\0003\000\040\153\143\140\001\140\073\117\123\116\013\166\204\142\275\150\067\122\006\136\003}{chapter.6}% 89
\BOOKMARK [2][]{subsection.6.3.1}{\376\377\0006\000.\0003\000.\0001\000\040\123\125\116\052\153\143\140\001\140\073\117\123}{section.6.3}% 90
\BOOKMARK [2][]{subsection.6.3.2}{\376\377\0006\000.\0003\000.\0002\000\040\116\044\116\052\153\143\140\001\140\073\117\123}{section.6.3}% 91
\BOOKMARK [1][]{section.6.4}{\376\377\0006\000.\0004\000\040\122\006\136\003\166\204\122\006\117\115\145\160}{chapter.6}% 92
\BOOKMARK [1][]{section.6.5}{\376\377\0006\000.\0005\000\040\176\374\124\010\176\303\116\140}{chapter.6}% 93
\BOOKMARK [0][]{chapter.7}{\376\377\0007\000\040\160\271\117\060\213\241}{}% 94
\BOOKMARK [1][]{section.7.1}{\376\377\0007\000.\0001\000\040\160\271\117\060\213\241\166\204\127\372\147\054\151\202\137\365}{chapter.7}% 95
\BOOKMARK [1][]{section.7.2}{\376\377\0007\000.\0002\000\040\167\351\117\060\213\241\154\325\377\010\000M\000M\000E\377\011}{chapter.7}% 96
\BOOKMARK [1][]{section.7.3}{\376\377\0007\000.\0003\000\040\147\000\131\047\117\074\161\066\117\060\213\241\154\325\377\010\000M\000L\000E\377\011}{chapter.7}% 97
\BOOKMARK [1][]{section.7.4}{\376\377\0007\000.\0004\000\040\117\060\213\241\221\317\166\204\213\304\116\367\150\007\121\306}{chapter.7}% 98
\BOOKMARK [0][]{chapter.8}{\376\377\0008\000\040\123\072\225\364\117\060\213\241}{}% 99
\BOOKMARK [1][]{section.8.1}{\376\377\0008\000.\0001\000\040\123\072\225\364\117\060\213\241\166\204\127\372\147\054\151\202\137\365}{chapter.8}% 100
\BOOKMARK [1][]{section.8.2}{\376\377\0008\000.\0002\000\040\147\204\220\040\177\156\117\341\123\072\225\364\166\204\127\372\147\054\123\237\164\006}{chapter.8}% 101
\BOOKMARK [1][]{section.8.3}{\376\377\0008\000.\0003\000\040\121\170\127\213\117\213\230\230}{chapter.8}% 102
\BOOKMARK [0][]{chapter.9}{\376\377\0009\000\040\120\107\213\276\150\300\232\214}{}% 103
\BOOKMARK [1][]{section.9.1}{\376\377\0009\000.\0001\000\040\127\372\147\054\151\202\137\365}{chapter.9}% 104
\BOOKMARK [1][]{section.9.2}{\376\377\0009\000.\0002\000\040\120\107\213\276\150\300\232\214\166\204\153\145\232\244}{chapter.9}% 105
\BOOKMARK [1][]{section.9.3}{\376\377\0009\000.\0003\000\040\153\143\140\001\140\073\117\123\123\302\145\160\166\204\120\107\213\276\150\300\232\214}{chapter.9}% 106
\BOOKMARK [2][]{subsection.9.3.1}{\376\377\0009\000.\0003\000.\0001\000\040\123\125\116\052\153\143\140\001\140\073\117\123\127\107\120\074\166\204\150\300\232\214}{section.9.3}% 107
\BOOKMARK [2][]{subsection.9.3.2}{\376\377\0009\000.\0003\000.\0002\000\040\116\044\116\052\153\143\140\001\140\073\117\123\127\107\120\074\135\356\166\204\150\300\232\214}{section.9.3}% 108
\BOOKMARK [2][]{subsection.9.3.3}{\376\377\0009\000.\0003\000.\0003\000\040\123\125\116\052\153\143\140\001\140\073\117\123\145\271\135\356\166\204\150\300\232\214}{section.9.3}% 109
\BOOKMARK [2][]{subsection.9.3.4}{\376\377\0009\000.\0003\000.\0004\000\040\116\044\116\052\153\143\140\001\140\073\117\123\145\271\135\356\153\324\166\204\150\300\232\214}{section.9.3}% 110
\BOOKMARK [1][]{section.9.4}{\376\377\0009\000.\0004\000\040\177\156\117\341\123\072\225\364\116\016\120\107\213\276\150\300\232\214\166\204\121\163\174\373}{chapter.9}% 111
\BOOKMARK [1][]{section.9.5}{\376\377\0009\000.\0005\000\040\116\044\174\173\225\031\213\357}{chapter.9}% 112
\BOOKMARK [0][]{chapter.10}{\376\377\0001\0000\000\040\123\206\136\164\167\037\230\230}{}% 113
\BOOKMARK [1][]{section.10.1}{\376\377\0001\0000\000.\0001\000\040\0002\0000\0001\0008\000-\0002\0000\0001\0009\000-\0002\133\146\147\037\060\012\151\202\163\207\213\272\116\016\145\160\164\006\176\337\213\241\060\013\000A\123\167}{chapter.10}% 114
\BOOKMARK [1][]{section.10.2}{\376\377\0001\0000\000.\0002\000\040\0002\0000\0001\0009\000-\0002\0000\0002\0000\000-\0002\133\146\147\037\060\012\151\202\163\207\213\272\116\016\145\160\164\006\176\337\213\241\060\013\000A\123\167}{chapter.10}% 115
