\BOOKMARK [-1][-]{part.1}{\376\377\173\054\116\000\220\350\122\006\000\040\155\361\136\246\133\146\116\140\116\113\127\372\170\100}{}% 1
\BOOKMARK [0][-]{chapter.1}{\376\377\171\136\176\317\177\121\176\334\116\016\155\361\136\246\133\146\116\140\127\372\170\100}{part.1}% 2
\BOOKMARK [1][-]{section.1.1}{\376\377\171\136\176\317\121\103\152\041\127\213\166\204\165\037\162\151\124\057\123\321}{chapter.1}% 3
\BOOKMARK [1][-]{section.1.2}{\376\377\171\136\176\317\121\103\377\032\155\361\136\246\133\146\116\140\166\204\127\372\167\363}{chapter.1}% 4
\BOOKMARK [2][-]{subsection.1.2.1}{\376\377\116\072\116\300\116\110\227\000\211\201\171\136\176\317\121\103\377\037}{section.1.2}% 5
\BOOKMARK [2][-]{subsection.1.2.2}{\376\377\174\173\153\324\116\272\174\173\171\136\176\317\121\103}{section.1.2}% 6
\BOOKMARK [1][-]{section.1.3}{\376\377\171\136\176\317\177\121\176\334\166\204\213\255\176\303\377\032\213\251\152\041\127\213\133\146\117\032\140\035\200\003}{chapter.1}% 7
\BOOKMARK [2][-]{subsection.1.3.1}{\376\377\122\115\231\210\171\136\176\317\177\121\176\334\176\323\147\204\166\204\210\150\171\072}{section.1.3}% 8
\BOOKMARK [3][-]{subsubsection.1.3.1.1}{\376\377\217\223\121\372\134\102\166\204\162\171\153\212\131\004\164\006\377\032\000S\000o\000f\000t\000m\000a\000x\121\375\145\160}{subsection.1.3.1}% 9
\BOOKMARK [3][-]{subsubsection.1.3.1.2}{\376\377\156\051\136\246\174\373\145\160\377\032\143\247\122\066\151\202\163\207\166\204\040\034\217\157\170\154\040\035\172\013\136\246}{subsection.1.3.1}% 10
\BOOKMARK [2][-]{subsection.1.3.2}{\376\377\173\054\116\000\153\145\377\032\133\232\116\111\143\137\131\061\121\375\145\160}{section.1.3}% 11
\BOOKMARK [3][-]{subsubsection.1.3.2.1}{\376\377\126\336\137\122\116\373\122\241\377\032\230\204\155\113\217\336\176\355\120\074}{subsection.1.3.2}% 12
\BOOKMARK [3][-]{subsubsection.1.3.2.2}{\376\377\122\006\174\173\116\373\122\241\377\032\230\204\155\113\171\273\145\143\174\173\122\053}{subsection.1.3.2}% 13
\BOOKMARK [2][-]{subsection.1.3.3}{\376\377\173\054\116\214\153\145\377\032\150\257\136\246\116\013\226\115}{section.1.3}% 14
\BOOKMARK [2][-]{subsection.1.3.4}{\376\377\173\054\116\011\153\145\377\032\213\241\173\227\150\257\136\246\040\024\040\024\123\315\124\021\117\040\144\255}{section.1.3}% 15
\BOOKMARK [2][-]{subsection.1.3.5}{\376\377\213\241\173\227\147\103\221\315\150\257\136\246}{section.1.3}% 16
\BOOKMARK [1][-]{section.1.4}{\376\377\136\070\211\301\166\204\157\300\155\073\121\375\145\160\123\312\121\166\162\171\160\271}{chapter.1}% 17
\BOOKMARK [0][-]{chapter.2}{\376\377\116\316\142\337\124\010\145\160\143\156\122\060\154\333\123\026\116\026\165\114}{part.1}% 18
\BOOKMARK [1][-]{section.2.1}{\376\377\152\041\127\213\140\047\200\375\213\304\117\060\377\032\116\015\123\352\146\057\167\013\213\255\176\303\122\006\145\160}{chapter.2}% 19
\BOOKMARK [2][-]{subsection.2.1.1}{\376\377\145\160\143\156\226\306\166\204\123\125\153\041\122\022\122\006}{section.2.1}% 20
\BOOKMARK [2][-]{subsection.2.1.2}{\376\377\000K\000-\142\230\116\244\123\311\232\214\213\301\377\032\134\017\150\067\147\054\127\072\146\157\116\013\166\204\172\063\120\145\213\304\117\060\145\271\154\325}{section.2.1}% 21
\BOOKMARK [1][-]{section.2.2}{\376\377\213\312\145\255\152\041\127\213\225\356\230\230\377\032\153\040\142\337\124\010\116\016\217\307\142\337\124\010}{chapter.2}% 22
\BOOKMARK [2][-]{subsection.2.2.1}{\376\377\217\307\142\337\124\010\377\010\000O\000v\000e\000r\000f\000i\000t\000t\000i\000n\000g\377\011}{section.2.2}% 23
\BOOKMARK [2][-]{subsection.2.2.2}{\376\377\153\040\142\337\124\010}{section.2.2}% 24
\BOOKMARK [1][-]{section.2.3}{\376\377\120\117\135\356\000-\145\271\135\356\147\103\210\141\377\032\176\337\213\241\133\146\116\140\164\006\213\272\166\204\211\306\211\322}{chapter.2}% 25
\BOOKMARK [1][-]{section.2.4}{\376\377\153\143\122\031\123\026}{chapter.2}% 26
\BOOKMARK [2][-]{subsection.2.4.1}{\376\377\000L\0001\153\143\122\031\123\026}{section.2.4}% 27
\BOOKMARK [2][-]{subsection.2.4.2}{\376\377\000L\0002\153\143\122\031\123\026}{section.2.4}% 28
\BOOKMARK [2][-]{subsection.2.4.3}{\376\377\134\017\176\323\000:\000L\0001\116\016\000L\0002\153\143\122\031\123\026\166\204\133\371\153\324}{section.2.4}% 29
\BOOKMARK [2][-]{subsection.2.4.4}{\376\377\000D\000r\000o\000p\000o\000u\000t\377\032\213\255\176\303\145\366\226\217\147\072\116\042\137\003\171\136\176\317\121\103}{section.2.4}% 30
\BOOKMARK [3][-]{subsubsection.2.4.4.1}{\376\377\131\202\117\125\220\011\142\351\116\042\137\003\151\202\163\207\377\037}{subsection.2.4.4}% 31
\BOOKMARK [1][-]{section.2.5}{\376\377\116\316\171\136\176\317\177\121\176\334\122\060\155\361\136\246\133\146\116\140}{chapter.2}% 32
\BOOKMARK [2][-]{subsection.2.5.1}{\376\377\123\321\134\125\123\206\172\013}{section.2.5}% 33
\BOOKMARK [2][-]{subsection.2.5.2}{\376\377\155\361\136\246\133\146\116\140\166\204\126\333\131\047\145\057\147\361}{section.2.5}% 34
\BOOKMARK [2][-]{subsection.2.5.3}{\376\377\116\072\116\300\116\110\123\353\040\034\155\361\136\246\133\146\116\140\040\035\377\037}{section.2.5}% 35
\BOOKMARK [2][-]{subsection.2.5.4}{\376\377\201\352\177\026\170\001\126\150\377\010\000A\000u\000t\000o\000e\000n\000c\000o\000d\000e\000r\000s\000,\000\040\000A\000E\000s\377\011}{section.2.5}% 36
\BOOKMARK [2][-]{subsection.2.5.5}{\376\377\123\167\171\357\171\136\176\317\177\121\176\334\377\010\000C\000o\000n\000v\000o\000l\000u\000t\000i\000o\000n\000a\000l\000\040\000N\000e\000u\000r\000a\000l\000\040\000N\000e\000t\000w\000o\000r\000k\000,\000\040\000C\000N\000N\377\011}{section.2.5}% 37
\BOOKMARK [3][-]{subsubsection.2.5.5.1}{\376\377\123\167\171\357\134\102}{subsection.2.5.5}% 38
\BOOKMARK [3][-]{subsubsection.2.5.5.2}{\376\377\154\140\123\026\134\102}{subsection.2.5.5}% 39
\BOOKMARK [3][-]{subsubsection.2.5.5.3}{\376\377\121\150\217\336\143\245\134\102}{subsection.2.5.5}% 40
\BOOKMARK [3][-]{subsubsection.2.5.5.4}{\376\377\176\317\121\170\147\266\147\204\166\204\157\024\217\333}{subsection.2.5.5}% 41
\BOOKMARK [2][-]{subsection.2.5.6}{\376\377\137\252\163\257\171\136\176\317\177\121\176\334\377\010\000R\000N\000N\377\011}{section.2.5}% 42
\BOOKMARK [3][-]{subsubsection.2.5.6.1}{\376\377\000R\000N\000N\166\204\126\360\130\203\377\032\150\257\136\246\155\210\131\061\116\016\225\177\147\037\117\235\215\126}{subsection.2.5.6}% 43
\BOOKMARK [3][-]{subsubsection.2.5.6.2}{\376\377\116\316\000R\000N\000N\122\060\000L\000S\000T\000M\377\032\225\350\143\247\147\072\122\066\166\204\137\025\121\145}{subsection.2.5.6}% 44
\BOOKMARK [2][-]{subsection.2.5.7}{\376\377\000L\000S\000T\000M\377\032\225\177\167\355\147\037\213\260\137\306\177\121\176\334}{section.2.5}% 45
\BOOKMARK [2][-]{subsection.2.5.8}{\376\377\165\037\142\020\133\371\142\227\177\121\176\334\377\010\000G\000A\000N\000s\377\011}{section.2.5}% 46
\BOOKMARK [2][-]{subsection.2.5.9}{\376\377\142\151\145\143\152\041\127\213\377\010\000D\000i\000f\000f\000u\000s\000i\000o\000n\000\040\000M\000o\000d\000e\000l\000s\377\011}{section.2.5}% 47
\BOOKMARK [3][-]{subsubsection.2.5.9.1}{\376\377\122\115\124\021\217\307\172\013\377\032\220\020\156\020\122\240\126\152}{subsection.2.5.9}% 48
\BOOKMARK [3][-]{subsubsection.2.5.9.2}{\376\377\123\315\124\021\217\307\172\013\377\032\133\146\116\140\123\273\126\152}{subsection.2.5.9}% 49
\BOOKMARK [3][-]{subsubsection.2.5.9.3}{\376\377\213\255\176\303\116\016\221\307\150\067}{subsection.2.5.9}% 50
\BOOKMARK [3][-]{subsubsection.2.5.9.4}{\376\377\117\030\122\277\116\016\143\021\142\030}{subsection.2.5.9}% 51
\BOOKMARK [3][-]{subsubsection.2.5.9.5}{\376\377\142\151\145\143\152\041\127\213\116\016\163\260\116\343\165\037\142\020\137\017\000\040\000A\000I}{subsection.2.5.9}% 52
\BOOKMARK [1][-]{section.2.6}{\376\377\000T\000r\000a\000n\000s\000f\000o\000r\000m\000e\000r\040\024\040\024\000A\000t\000t\000e\000n\000t\000i\000o\000n\000\040\000I\000s\000\040\000A\000l\000l\000\040\000Y\000o\000u\000\040\000N\000e\000e\000d}{chapter.2}% 53
\BOOKMARK [2][-]{subsection.2.6.1}{\376\377\201\352\154\350\141\017\122\233\147\072\122\066\377\010\000S\000e\000l\000f\000-\000A\000t\000t\000e\000n\000t\000i\000o\000n\377\011}{section.2.6}% 54
\BOOKMARK [2][-]{subsection.2.6.2}{\376\377\131\032\131\064\154\350\141\017\122\233\377\010\000M\000u\000l\000t\000i\000-\000H\000e\000a\000d\000\040\000A\000t\000t\000e\000n\000t\000i\000o\000n\377\011}{section.2.6}% 55
\BOOKMARK [2][-]{subsection.2.6.3}{\376\377\177\026\170\001\126\150\000-\211\343\170\001\126\150\176\323\147\204}{section.2.6}% 56
\BOOKMARK [3][-]{subsubsection.2.6.3.1}{\376\377\177\026\170\001\126\150\377\010\000E\000n\000c\000o\000d\000e\000r\377\011\377\032\142\212\217\223\121\145\123\330\142\020\155\361\134\102\210\150\171\072}{subsection.2.6.3}% 57
\BOOKMARK [3][-]{subsubsection.2.6.3.2}{\376\377\211\343\170\001\126\150\377\010\000D\000e\000c\000o\000d\000e\000r\377\011\377\032\116\000\153\145\116\000\153\145\165\037\142\020\217\223\121\372}{subsection.2.6.3}% 58
\BOOKMARK [2][-]{subsection.2.6.4}{\376\377\117\115\177\156\177\026\170\001\377\010\000P\000o\000s\000i\000t\000i\000o\000n\000a\000l\000\040\000E\000n\000c\000o\000d\000i\000n\000g\377\011\377\032\176\331\136\217\122\027\150\007\116\012\040\034\145\366\225\364\040\035}{section.2.6}% 59
\BOOKMARK [2][-]{subsection.2.6.5}{\376\377\116\072\116\300\116\110\000T\000r\000a\000n\000s\000f\000o\000r\000m\000e\000r\200\375\131\037\142\020\116\072\220\032\165\050\147\266\147\204\377\037}{section.2.6}% 60
\BOOKMARK [3][-]{subsubsection.2.6.5.1}{\376\377\116\316\116\023\133\266\152\041\127\213\122\060\220\032\165\050\152\041\127\213}{subsection.2.6.5}% 61
\BOOKMARK [3][-]{subsubsection.2.6.5.2}{\376\377\000T\000r\000a\000n\000s\000f\000o\000r\000m\000e\000r\166\204\150\070\137\303\117\030\122\277}{subsection.2.6.5}% 62
\BOOKMARK [1][-]{section.2.7}{\376\377\140\073\176\323\116\016\140\035\200\003}{chapter.2}% 63
\BOOKMARK [-1][-]{part.2}{\376\377\173\054\116\214\220\350\122\006\000\040\137\072\123\026\133\146\116\140\127\372\170\100}{}% 64
\BOOKMARK [0][-]{chapter.3}{\376\377\137\072\123\026\133\146\116\140\164\006\213\272\127\372\170\100}{part.2}% 65
\BOOKMARK [1][-]{section.3.1}{\376\377\166\321\167\143\133\146\116\140\166\204\217\211\161\114\116\016\134\100\226\120}{chapter.3}% 66
\BOOKMARK [2][-]{subsection.3.1.1}{\376\377\166\321\167\143\133\146\116\140\166\204\150\070\137\303\140\035\140\363}{section.3.1}% 67
\BOOKMARK [2][-]{subsection.3.1.2}{\376\377\166\321\167\143\133\146\116\140\166\204\134\100\226\120\140\047}{section.3.1}% 68
\BOOKMARK [1][-]{section.3.2}{\376\377\137\072\123\026\133\146\116\140\137\025\121\145}{chapter.3}% 69
\BOOKMARK [2][-]{subsection.3.2.1}{\376\377\137\072\123\026\133\146\116\140\000\040\000v\000s\000\040\116\272\174\173\133\146\116\140}{section.3.2}% 70
\BOOKMARK [2][-]{subsection.3.2.2}{\376\377\137\072\123\026\133\146\116\140\166\204\162\354\162\171\116\113\131\004}{section.3.2}% 71
\BOOKMARK [2][-]{subsection.3.2.3}{\376\377\137\072\123\026\133\146\116\140\127\050\116\272\135\345\146\172\200\375\116\055\166\204\117\115\177\156}{section.3.2}% 72
\BOOKMARK [1][-]{section.3.3}{\376\377\232\154\134\024\123\357\131\053\121\263\173\126\217\307\172\013\377\032\137\072\123\026\133\146\116\140\166\204\145\160\133\146\127\372\170\100}{chapter.3}% 73
\BOOKMARK [2][-]{subsection.3.3.1}{\376\377\116\072\116\300\116\110\211\201\165\050\000M\000D\000P\377\037\040\024\040\024\122\073\165\073\040\034\116\244\116\222\040\035\166\204\145\160\133\146\213\355\212\000}{section.3.3}% 74
\BOOKMARK [3][-]{subsubsection.3.3.1.1}{\376\377\162\266\140\001\116\016\122\250\117\134\377\032\146\172\200\375\117\123\142\100\131\004\166\204\040\034\117\115\177\156\040\035\116\016\040\034\220\011\142\351\040\035}{subsection.3.3.1}% 75
\BOOKMARK [3][-]{subsubsection.3.3.1.2}{\376\377\162\266\140\001\217\154\171\373\377\032\163\257\130\203\131\202\117\125\124\315\136\224\377\037}{subsection.3.3.1}% 76
\BOOKMARK [3][-]{subsubsection.3.3.1.3}{\376\377\131\126\122\261\116\016\142\230\142\143\377\032\116\300\116\110\173\227\040\034\131\175\040\035\377\037\131\202\117\125\147\103\210\141\137\123\116\013\116\016\147\052\147\145\377\037}{subsection.3.3.1}% 77
\BOOKMARK [2][-]{subsection.3.3.2}{\376\377\116\316\000M\000D\000P\122\060\146\172\200\375\117\123\377\032\173\126\165\145\060\001\217\150\217\371\116\016\126\336\142\245}{section.3.3}% 78
\BOOKMARK [3][-]{subsubsection.3.3.2.1}{\376\377\173\126\165\145\377\032\146\172\200\375\117\123\166\204\040\034\140\047\150\074\040\035}{subsection.3.3.2}% 79
\BOOKMARK [3][-]{subsubsection.3.3.2.2}{\376\377\217\150\217\371\116\016\126\336\142\245\377\032\146\172\200\375\117\123\166\204\040\034\176\317\123\206\040\035}{subsection.3.3.2}% 80
\BOOKMARK [3][-]{subsubsection.3.3.2.3}{\376\377\000R\000o\000l\000l\000o\000u\000t\377\032\165\050\040\034\140\363\214\141\040\035\147\145\213\304\117\060\173\126\165\145}{subsection.3.3.2}% 81
\BOOKMARK [2][-]{subsection.3.3.3}{\376\377\134\017\176\323\377\032\000M\000D\000P\116\072\117\125\221\315\211\201\377\037}{section.3.3}% 82
\BOOKMARK [0][-]{chapter.4}{\376\377\116\367\120\074\133\146\116\140}{part.2}% 83
\BOOKMARK [1][-]{section.4.1}{\376\377\116\367\120\074\121\375\145\160\377\032\213\304\117\060\173\126\165\145\166\204\150\007\134\072}{chapter.4}% 84
\BOOKMARK [2][-]{subsection.4.1.1}{\376\377\116\316\126\336\142\245\122\060\147\037\147\033\126\336\142\245}{section.4.1}% 85
\BOOKMARK [3][-]{subsubsection.4.1.1.1}{\376\377\162\266\140\001\116\367\120\074\121\375\145\160\166\204\133\232\116\111}{subsection.4.1.1}% 86
\BOOKMARK [3][-]{subsubsection.4.1.1.2}{\376\377\122\250\117\134\116\367\120\074\121\375\145\160\166\204\133\232\116\111}{subsection.4.1.1}% 87
\BOOKMARK [1][-]{section.4.2}{\376\377\215\035\134\024\146\374\145\271\172\013\377\032\116\367\120\074\121\375\145\160\166\204\201\352\155\075\140\047}{chapter.4}% 88
\BOOKMARK [2][-]{subsection.4.2.1}{\376\377\162\266\140\001\116\367\120\074\121\375\145\160\166\204\215\035\134\024\146\374\145\271\172\013}{section.4.2}% 89
\BOOKMARK [2][-]{subsection.4.2.2}{\376\377\122\250\117\134\116\367\120\074\121\375\145\160\166\204\215\035\134\024\146\374\145\271\172\013}{section.4.2}% 90
\BOOKMARK [2][-]{subsection.4.2.3}{\376\377\116\044\116\052\116\367\120\074\121\375\145\160\166\204\121\163\174\373}{section.4.2}% 91
\BOOKMARK [2][-]{subsection.4.2.4}{\376\377\131\202\117\125\142\176\122\060\147\000\131\175\166\204\173\126\165\145\377\037\040\024\040\024\147\000\117\030\116\367\120\074\121\375\145\160}{section.4.2}% 92
\BOOKMARK [2][-]{subsection.4.2.5}{\376\377\116\316\147\037\147\033\122\060\147\000\117\030\377\032\215\035\134\024\146\374\147\000\117\030\145\271\172\013}{section.4.2}% 93
\BOOKMARK [2][-]{subsection.4.2.6}{\376\377\145\271\172\013\140\016\116\110\211\343\377\037\167\351\226\065\137\142\137\017\116\016\217\355\116\343}{section.4.2}% 94
\BOOKMARK [2][-]{subsection.4.2.7}{\376\377\134\017\176\323}{section.4.2}% 95
\BOOKMARK [1][-]{section.4.3}{\376\377\116\367\120\074\133\146\116\140\377\032\116\316\213\304\117\060\122\060\121\263\173\126}{chapter.4}% 96
\BOOKMARK [2][-]{subsection.4.3.1}{\376\377\116\367\120\074\133\146\116\140\151\202\217\360}{section.4.3}% 97
\BOOKMARK [1][-]{section.4.4}{\376\377\000Q\000-\000L\000e\000a\000r\000n\000i\000n\000g\377\032\176\317\121\170\166\204\116\367\120\074\133\146\116\140\173\227\154\325}{chapter.4}% 98
\BOOKMARK [2][-]{subsection.4.4.1}{\376\377\116\316\215\035\134\024\146\374\147\000\117\030\145\271\172\013\122\060\000Q\000-\000L\000e\000a\000r\000n\000i\000n\000g\146\364\145\260\211\304\122\031}{section.4.4}% 99
\BOOKMARK [2][-]{subsection.4.4.2}{\376\377\210\150\150\074\000Q\000-\000L\000e\000a\000r\000n\000i\000n\000g}{section.4.4}% 100
\BOOKMARK [2][-]{subsection.4.4.3}{\376\377\143\242\175\042\116\016\122\051\165\050\166\204\136\163\210\141\377\032\000-\215\052\132\152\173\126\165\145}{section.4.4}% 101
\BOOKMARK [2][-]{subsection.4.4.4}{\376\377\210\150\150\074\000Q\000-\000L\000e\000a\000r\000n\000i\000n\000g\173\227\154\325\155\101\172\013}{section.4.4}% 102
\BOOKMARK [2][-]{subsection.4.4.5}{\376\377\000Q\000-\000L\000e\000a\000r\000n\000i\000n\000g\000\040\116\016\000\040\000S\000A\000R\000S\000A\377\032\171\273\176\277\173\126\165\145\000\040\000v\000s\000\040\127\050\176\277\173\126\165\145}{section.4.4}% 103
\BOOKMARK [2][-]{subsection.4.4.6}{\376\377\134\017\176\323}{section.4.4}% 104
\BOOKMARK [1][-]{section.4.5}{\376\377\155\361\136\246\000Q\177\121\176\334\377\032\137\123\000Q\000-\000L\000e\000a\000r\000n\000i\000n\000g\220\107\211\301\155\361\136\246\133\146\116\140}{chapter.4}% 105
\BOOKMARK [2][-]{subsection.4.5.1}{\376\377\155\361\136\246\000Q\177\121\176\334\166\204\127\372\147\054\140\035\140\363}{section.4.5}% 106
\BOOKMARK [2][-]{subsection.4.5.2}{\376\377\000D\000Q\000N\166\204\213\255\176\303\166\356\150\007\116\016\143\137\131\061\121\375\145\160}{section.4.5}% 107
\BOOKMARK [2][-]{subsection.4.5.3}{\376\377\000D\000Q\000N\166\204\213\255\176\303\155\101\172\013}{section.4.5}% 108
\BOOKMARK [2][-]{subsection.4.5.4}{\376\377\000D\000Q\000N\166\204\150\070\137\303\142\200\147\057}{section.4.5}% 109
\BOOKMARK [3][-]{subsubsection.4.5.4.1}{\376\377\176\317\232\214\126\336\145\076\377\032\213\251\146\172\200\375\117\123\133\146\117\032\040\034\156\051\145\105\200\014\167\345\145\260\040\035}{subsection.4.5.4}% 110
\BOOKMARK [3][-]{subsubsection.4.5.4.2}{\376\377\166\356\150\007\177\121\176\334\377\032\211\343\121\263\040\034\201\352\135\361\217\375\201\352\135\361\040\035\166\204\126\360\130\203}{subsection.4.5.4}% 111
\BOOKMARK [3][-]{subsubsection.4.5.4.3}{\376\377\166\356\150\007\177\121\176\334\166\204\166\364\211\302\174\173\153\324}{subsection.4.5.4}% 112
\BOOKMARK [2][-]{subsection.4.5.5}{\376\377\000D\000Q\000N\166\204\145\071\217\333\116\016\142\151\134\125}{section.4.5}% 113
\BOOKMARK [3][-]{subsubsection.4.5.5.1}{\376\377\116\072\116\300\116\110\227\000\211\201\117\030\121\110\176\317\232\214\126\336\145\076\377\037}{subsection.4.5.5}% 114
\BOOKMARK [3][-]{subsubsection.4.5.5.2}{\376\377\116\072\116\300\116\110\227\000\211\201\000D\000o\000u\000b\000l\000e\000\040\000D\000Q\000N\377\037}{subsection.4.5.5}% 115
\BOOKMARK [3][-]{subsubsection.4.5.5.3}{\376\377\116\072\116\300\116\110\227\000\211\201\000D\000u\000e\000l\000i\000n\000g\000\040\000D\000Q\000N\377\037}{subsection.4.5.5}% 116
\BOOKMARK [3][-]{subsubsection.4.5.5.4}{\376\377\116\072\116\300\116\110\227\000\211\201\000M\000u\000l\000t\000i\000-\000S\000t\000e\000p\000\040\000D\000Q\000N\377\037}{subsection.4.5.5}% 117
\BOOKMARK [3][-]{subsubsection.4.5.5.5}{\376\377\116\072\116\300\116\110\227\000\211\201\000N\000o\000i\000s\000y\000\040\000D\000Q\000N\377\037}{subsection.4.5.5}% 118
\BOOKMARK [3][-]{subsubsection.4.5.5.6}{\376\377\116\072\116\300\116\110\227\000\211\201\000D\000i\000s\000t\000r\000i\000b\000u\000t\000i\000o\000n\000a\000l\000\040\000D\000Q\000N\377\037}{subsection.4.5.5}% 119
\BOOKMARK [2][-]{subsection.4.5.6}{\376\377\000R\000a\000i\000n\000b\000o\000w\377\032\226\306\142\020\142\100\147\011\145\071\217\333}{section.4.5}% 120
\BOOKMARK [2][-]{subsection.4.5.7}{\376\377\140\073\176\323\116\016\153\324\217\203}{section.4.5}% 121
\BOOKMARK [0][-]{chapter.5}{\376\377\173\126\165\145\133\146\116\140}{part.2}% 122
\BOOKMARK [1][-]{section.5.1}{\376\377\173\126\165\145\133\146\116\140\166\204\122\250\147\072}{chapter.5}% 123
\BOOKMARK [2][-]{subsection.5.1.1}{\376\377\116\367\120\074\133\146\116\140\166\204\134\100\226\120}{section.5.1}% 124
\BOOKMARK [2][-]{subsection.5.1.2}{\376\377\173\126\165\145\133\146\116\140\166\204\166\364\211\311\377\032\116\316\225\364\143\245\213\304\116\367\122\060\166\364\143\245\117\030\123\026}{section.5.1}% 125
\BOOKMARK [2][-]{subsection.5.1.3}{\376\377\116\316\116\367\120\074\121\375\145\160\122\060\173\126\165\145\121\375\145\160}{section.5.1}% 126
\BOOKMARK [2][-]{subsection.5.1.4}{\376\377\173\126\165\145\133\146\116\140\166\204\117\030\122\277}{section.5.1}% 127
\BOOKMARK [2][-]{subsection.5.1.5}{\376\377\134\017\176\323}{section.5.1}% 128
\BOOKMARK [1][-]{section.5.2}{\376\377\173\126\165\145\133\146\116\140\166\204\145\160\133\146\150\106\147\266}{chapter.5}% 129
\BOOKMARK [2][-]{subsection.5.2.1}{\376\377\173\126\165\145\150\257\136\246\133\232\164\006\377\032\164\006\213\272\127\372\170\100}{section.5.2}% 130
\BOOKMARK [3][-]{subsubsection.5.2.1.1}{\376\377\166\356\150\007\121\375\145\160\166\204\145\160\133\146\137\142\137\017}{subsection.5.2.1}% 131
\BOOKMARK [3][-]{subsubsection.5.2.1.2}{\376\377\217\150\217\371\151\202\163\207\166\204\122\006\211\343}{subsection.5.2.1}% 132
\BOOKMARK [3][-]{subsubsection.5.2.1.3}{\376\377\173\126\165\145\150\257\136\246\121\154\137\017}{subsection.5.2.1}% 133
\BOOKMARK [3][-]{subsubsection.5.2.1.4}{\376\377\134\017\176\323}{subsection.5.2.1}% 134
\BOOKMARK [1][-]{section.5.3}{\376\377\000R\000E\000I\000N\000F\000O\000R\000C\000E\173\227\154\325\377\032\204\231\162\171\123\141\155\033\173\126\165\145\150\257\136\246}{chapter.5}% 135
\BOOKMARK [2][-]{subsection.5.3.1}{\376\377\127\372\147\054\000R\000E\000I\000N\000F\000O\000R\000C\000E\173\227\154\325\377\032\165\050\204\231\162\171\123\141\155\033\117\060\213\241\150\257\136\246}{section.5.3}% 136
\BOOKMARK [2][-]{subsection.5.3.2}{\376\377\126\340\147\234\121\163\174\373\117\356\153\143\377\032\122\250\117\134\123\352\137\161\124\315\147\052\147\145}{section.5.3}% 137
\BOOKMARK [2][-]{subsection.5.3.3}{\376\377\137\025\121\145\127\372\176\277\377\032\226\115\117\116\145\271\135\356}{section.5.3}% 138
\BOOKMARK [2][-]{subsection.5.3.4}{\376\377\000R\000E\000I\000N\000F\000O\000R\000C\000E\000\040\166\204\133\214\145\164\155\101\172\013}{section.5.3}% 139
\BOOKMARK [2][-]{subsection.5.3.5}{\376\377\000R\000E\000I\000N\000F\000O\000R\000C\000E\000\040\166\204\117\030\177\072\160\271}{section.5.3}% 140
\BOOKMARK [2][-]{subsection.5.3.6}{\376\377\134\017\176\323}{section.5.3}% 141
\BOOKMARK [1][-]{section.5.4}{\376\377\000A\000c\000t\000o\000r\000-\000C\000r\000i\000t\000i\000c\000\040\145\271\154\325\377\032\116\367\120\074\116\016\173\126\165\145\166\204\176\323\124\010}{chapter.5}% 142
\BOOKMARK [2][-]{subsection.5.4.1}{\376\377\116\072\116\300\116\110\211\201\176\323\124\010\377\037\116\316\173\126\165\145\150\257\136\246\145\271\135\356\213\364\215\167}{section.5.4}% 143
\BOOKMARK [2][-]{subsection.5.4.2}{\376\377\165\050\000\040\000C\000r\000i\000t\000i\000c\000\040\117\060\213\241\117\030\122\277\121\375\145\160}{section.5.4}% 144
\BOOKMARK [2][-]{subsection.5.4.3}{\376\377\000A\000c\000t\000o\000r\000-\000C\000r\000i\000t\000i\000c\000\040\173\227\154\325}{section.5.4}% 145
\BOOKMARK [2][-]{subsection.5.4.4}{\376\377\117\030\122\277\121\375\145\160\116\016\146\364\172\063\133\232\166\204\117\060\213\241}{section.5.4}% 146
\BOOKMARK [2][-]{subsection.5.4.5}{\376\377\000A\000c\000t\000o\000r\000-\000C\000r\000i\000t\000i\000c\000\040\166\204\117\030\177\072\160\271}{section.5.4}% 147
\BOOKMARK [1][-]{section.5.5}{\376\377\000A\0002\000C\000\040\124\214\000\040\000A\0003\000C\377\032\136\166\210\114\123\026\000\040\000A\000c\000t\000o\000r\000-\000C\000r\000i\000t\000i\000c}{chapter.5}% 148
\BOOKMARK [2][-]{subsection.5.5.1}{\376\377\116\072\116\300\116\110\227\000\211\201\136\166\210\114\377\037}{section.5.5}% 149
\BOOKMARK [2][-]{subsection.5.5.2}{\376\377\000A\0002\000C\377\032\124\014\153\145\117\030\122\277\000\040\000A\000c\000t\000o\000r\000-\000C\000r\000i\000t\000i\000c}{section.5.5}% 150
\BOOKMARK [2][-]{subsection.5.5.3}{\376\377\000A\0003\000C\377\032\137\002\153\145\117\030\122\277\000\040\000A\000c\000t\000o\000r\000-\000C\000r\000i\000t\000i\000c}{section.5.5}% 151
\BOOKMARK [2][-]{subsection.5.5.4}{\376\377\000A\0002\000C\000\040\000v\000s\000\040\000A\0003\000C\377\032\124\014\153\145\116\016\137\002\153\145\166\204\147\103\210\141}{section.5.5}% 152
\BOOKMARK [2][-]{subsection.5.5.5}{\376\377\134\017\176\323\377\032\000A\000c\000t\000o\000r\000-\000C\000r\000i\000t\000i\000c\000\040\166\204\132\001\122\233}{section.5.5}% 153
\BOOKMARK [1][-]{section.5.6}{\376\377\000T\000R\000P\000O\377\032\177\156\117\341\127\337\173\126\165\145\117\030\123\026}{chapter.5}% 154
\BOOKMARK [2][-]{subsection.5.6.1}{\376\377\116\072\116\300\116\110\227\000\211\201\117\341\116\373\127\337\377\037}{section.5.6}% 155
\BOOKMARK [2][-]{subsection.5.6.2}{\376\377\116\343\164\006\166\356\150\007\121\375\145\160\377\032\165\050\145\347\145\160\143\156\213\304\117\060\145\260\173\126\165\145}{section.5.6}% 156
\BOOKMARK [2][-]{subsection.5.6.3}{\376\377\176\246\147\137\173\126\165\145\135\356\137\002\377\032\000K\000L\000\040\145\143\136\246}{section.5.6}% 157
\BOOKMARK [2][-]{subsection.5.6.4}{\376\377\131\202\117\125\154\102\211\343\176\246\147\137\117\030\123\026\225\356\230\230\377\037}{section.5.6}% 158
\BOOKMARK [2][-]{subsection.5.6.5}{\376\377\133\236\226\105\154\102\211\343\377\032\121\161\217\155\150\257\136\246\154\325}{section.5.6}% 159
\BOOKMARK [2][-]{subsection.5.6.6}{\376\377\000T\000R\000P\000O\000\040\173\227\154\325\155\101\172\013}{section.5.6}% 160
\BOOKMARK [2][-]{subsection.5.6.7}{\376\377\000T\000R\000P\000O\000\040\166\204\117\030\177\072\160\271}{section.5.6}% 161
\BOOKMARK [1][-]{section.5.7}{\376\377\217\321\172\357\173\126\165\145\117\030\123\026\377\010\000P\000P\000O\377\011}{chapter.5}% 162
\BOOKMARK [2][-]{subsection.5.7.1}{\376\377\116\316\000\040\000T\000R\000P\000O\000\040\122\060\000\040\000P\000P\000O\377\032\173\200\123\026\176\246\147\137}{section.5.7}% 163
\BOOKMARK [2][-]{subsection.5.7.2}{\376\377\151\202\163\207\153\324\116\016\150\007\121\306\173\126\165\145\150\257\136\246}{section.5.7}% 164
\BOOKMARK [2][-]{subsection.5.7.3}{\376\377\000P\000P\000O\000\040\166\204\210\301\122\152\147\072\122\066}{section.5.7}% 165
\BOOKMARK [2][-]{subsection.5.7.4}{\376\377\117\030\122\277\117\060\213\241\377\032\000G\000A\000E}{section.5.7}% 166
\BOOKMARK [2][-]{subsection.5.7.5}{\376\377\133\214\145\164\166\204\166\356\150\007\121\375\145\160}{section.5.7}% 167
\BOOKMARK [2][-]{subsection.5.7.6}{\376\377\000P\000P\000O\000\040\173\227\154\325\155\101\172\013}{section.5.7}% 168
\BOOKMARK [2][-]{subsection.5.7.7}{\376\377\000P\000P\000O\000\040\166\204\123\330\117\123\377\032\000P\000P\000O\000-\000P\000e\000n\000a\000l\000t\000y}{section.5.7}% 169
\BOOKMARK [2][-]{subsection.5.7.8}{\376\377\000P\000P\000O\000\040\166\204\117\030\160\271\116\016\134\100\226\120}{section.5.7}% 170
\BOOKMARK [3][-]{subsubsection.5.7.8.1}{\376\377\117\030\160\271\377\032\116\072\116\300\116\110\000\040\000P\000P\000O\000\040\131\202\153\144\123\327\153\042\217\316\377\037}{subsection.5.7.8}% 171
\BOOKMARK [3][-]{subsubsection.5.7.8.2}{\376\377\177\072\160\271\377\032\131\051\116\013\154\241\147\011\121\115\215\071\166\204\123\110\231\020}{subsection.5.7.8}% 172
\BOOKMARK [2][-]{subsection.5.7.9}{\376\377\134\017\176\323}{section.5.7}% 173
\BOOKMARK [0][-]{chapter.6}{\376\377\217\336\176\355\122\250\117\134\172\172\225\364\166\204\137\072\123\026\133\146\116\140}{part.2}% 174
\BOOKMARK [1][-]{section.6.1}{\376\377\116\316\171\273\145\143\122\060\217\336\176\355\377\032\122\250\117\134\172\172\225\364\166\204\147\054\215\050\135\356\137\002}{chapter.6}% 175
\BOOKMARK [2][-]{subsection.6.1.1}{\376\377\217\336\176\355\143\247\122\066\225\356\230\230\166\204\133\236\117\213}{section.6.1}% 176
\BOOKMARK [1][-]{section.6.2}{\376\377\116\367\120\074\133\146\116\140\145\271\154\325\127\050\217\336\176\355\122\250\117\134\172\172\225\364\116\055\166\204\126\360\130\203}{chapter.6}% 177
\BOOKMARK [2][-]{subsection.6.2.1}{\376\377\117\040\176\337\173\126\165\145\150\257\136\246\145\271\154\325\166\204\126\360\130\203}{section.6.2}% 178
\BOOKMARK [2][-]{subsection.6.2.2}{\376\377\116\011\171\315\136\224\133\371\140\035\215\357}{section.6.2}% 179
\BOOKMARK [2][-]{subsection.6.2.3}{\376\377\171\273\145\143\123\026\377\032\147\000\166\364\211\302\166\204\040\034\146\362\176\277\145\121\126\375\040\035}{section.6.2}% 180
\BOOKMARK [1][-]{section.6.3}{\376\377\226\217\147\072\173\126\165\145\150\257\136\246\377\032\165\050\151\202\163\207\122\006\136\003\143\317\217\360\122\250\117\134}{chapter.6}% 181
\BOOKMARK [2][-]{subsection.6.3.1}{\376\377\123\125\123\330\221\317\232\330\145\257\173\126\165\145\377\032\116\316\116\000\176\364\137\000\131\313}{section.6.3}% 182
\BOOKMARK [2][-]{subsection.6.3.2}{\376\377\131\032\176\364\122\250\117\134\377\032\116\316\162\354\172\313\120\107\213\276\122\060\131\032\121\103\232\330\145\257}{section.6.3}% 183
\BOOKMARK [2][-]{subsection.6.3.3}{\376\377\173\126\165\145\177\121\176\334\166\204\217\223\121\372\213\276\213\241}{section.6.3}% 184
\BOOKMARK [2][-]{subsection.6.3.4}{\376\377\221\315\123\302\145\160\123\026\142\200\135\347\377\032\213\251\150\257\136\246\155\101\122\250}{section.6.3}% 185
\BOOKMARK [2][-]{subsection.6.3.5}{\376\377\226\217\147\072\173\126\165\145\150\257\136\246\127\050\000\040\000P\000P\000O\000\040\116\055\166\204\136\224\165\050}{section.6.3}% 186
\BOOKMARK [1][-]{section.6.4}{\376\377\170\156\133\232\140\047\173\126\165\145\150\257\136\246\377\032\166\364\143\245\217\223\121\372\122\250\117\134}{chapter.6}% 187
\BOOKMARK [2][-]{subsection.6.4.1}{\376\377\116\316\226\217\147\072\122\060\170\156\133\232\377\032\116\000\116\052\201\352\161\066\166\204\140\363\154\325}{section.6.4}% 188
\BOOKMARK [2][-]{subsection.6.4.2}{\376\377\170\156\133\232\140\047\173\126\165\145}{section.6.4}% 189
\BOOKMARK [2][-]{subsection.6.4.3}{\376\377\224\376\137\017\154\325\122\031\116\016\150\257\136\246}{section.6.4}% 190
\BOOKMARK [2][-]{subsection.6.4.4}{\376\377\143\242\175\042\377\032\170\156\133\232\140\047\166\204\116\343\116\367\377\014\142\113\122\250\155\373\122\240\126\152\130\360}{section.6.4}% 191
\BOOKMARK [2][-]{subsection.6.4.5}{\376\377\000C\000r\000i\000t\000i\000c\143\007\133\374\000A\000c\000t\000o\000r\146\364\145\260}{section.6.4}% 192
\BOOKMARK [2][-]{subsection.6.4.6}{\376\377\155\361\136\246\170\156\133\232\140\047\173\126\165\145\150\257\136\246\377\010\000D\000D\000P\000G\377\011}{section.6.4}% 193
\BOOKMARK [3][-]{subsubsection.6.4.6.1}{\376\377\213\251\000\040\000C\000r\000i\000t\000i\000c\000\040\133\146\117\032\213\304\117\060}{subsection.6.4.6}% 194
\BOOKMARK [3][-]{subsubsection.6.4.6.2}{\376\377\213\251\000\040\000A\000c\000t\000o\000r\000\040\133\146\117\032\145\071\217\333}{subsection.6.4.6}% 195
\BOOKMARK [3][-]{subsubsection.6.4.6.3}{\376\377\117\335\143\001\143\242\175\042\377\032\126\152\130\360\166\204\122\240\121\145}{subsection.6.4.6}% 196
\BOOKMARK [3][-]{subsubsection.6.4.6.4}{\376\377\217\157\146\364\145\260\377\032\213\251\166\356\150\007\177\121\176\334\177\023\141\142\123\330\123\026}{subsection.6.4.6}% 197
\BOOKMARK [3][-]{subsubsection.6.4.6.5}{\376\377\000D\000D\000P\000G\000\040\173\227\154\325\155\101\172\013}{subsection.6.4.6}% 198
\BOOKMARK [2][-]{subsection.6.4.7}{\376\377\000D\000D\000P\000G\000\040\166\204\121\163\225\056\142\200\147\057}{section.6.4}% 199
\BOOKMARK [3][-]{subsubsection.6.4.7.1}{\376\377\166\356\150\007\177\121\176\334\377\032\172\063\133\232\213\255\176\303\166\204\121\163\225\056}{subsection.6.4.7}% 200
\BOOKMARK [3][-]{subsubsection.6.4.7.2}{\376\377\176\317\232\214\126\336\145\076\377\032\142\123\170\064\145\160\143\156\166\370\121\163\140\047\377\014\143\320\232\330\150\067\147\054\145\110\163\207}{subsection.6.4.7}% 201
\BOOKMARK [3][-]{subsubsection.6.4.7.3}{\376\377\143\242\175\042\126\152\130\360\377\032\170\156\133\232\140\047\166\204\116\343\116\367}{subsection.6.4.7}% 202
\BOOKMARK [2][-]{subsection.6.4.8}{\376\377\000D\000D\000P\000G\000\040\166\204\145\071\217\333\377\032\000T\000D\0003\000\040\116\016\000\040\000S\000A\000C}{section.6.4}% 203
\BOOKMARK [3][-]{subsubsection.6.4.8.1}{\376\377\000T\000D\0003\377\010\000T\000w\000i\000n\000\040\000D\000e\000l\000a\000y\000e\000d\000\040\000D\000D\000P\000G\377\011}{subsection.6.4.8}% 204
\BOOKMARK [3][-]{subsubsection.6.4.8.2}{\376\377\000S\000A\000C\377\010\000S\000o\000f\000t\000\040\000A\000c\000t\000o\000r\000-\000C\000r\000i\000t\000i\000c\377\011}{subsection.6.4.8}% 205
\BOOKMARK [2][-]{subsection.6.4.9}{\376\377\134\017\176\323}{section.6.4}% 206
\BOOKMARK [1][-]{section.6.5}{\376\377\173\126\165\145\133\146\116\140\145\271\154\325\166\204\153\324\217\203\116\016\136\224\165\050}{chapter.6}% 207
\BOOKMARK [2][-]{subsection.6.5.1}{\376\377\145\271\154\325\133\371\153\324\377\032\116\316\173\200\123\125\122\060\137\072\131\047\377\014\116\316\174\227\174\331\122\060\174\276\176\306}{section.6.5}% 208
\BOOKMARK [2][-]{subsection.6.5.2}{\376\377\131\202\117\125\220\011\142\351\173\227\154\325\377\037\116\000\116\052\133\236\165\050\143\007\123\127}{section.6.5}% 209
\BOOKMARK [2][-]{subsection.6.5.3}{\376\377\133\236\226\105\136\224\165\050\116\055\166\204\142\200\135\347}{section.6.5}% 210
\BOOKMARK [2][-]{subsection.6.5.4}{\376\377\136\070\211\301\225\356\230\230\116\016\211\343\121\263\145\271\150\110}{section.6.5}% 211
\BOOKMARK [2][-]{subsection.6.5.5}{\376\377\173\126\165\145\133\146\116\140\166\204\123\321\134\125\201\011\176\334}{section.6.5}% 212
\BOOKMARK [2][-]{subsection.6.5.6}{\376\377\121\163\225\056\142\200\147\057\122\033\145\260}{section.6.5}% 213
\BOOKMARK [2][-]{subsection.6.5.7}{\376\377\122\115\154\277\123\321\134\125\116\016\147\052\147\145\145\271\124\021}{section.6.5}% 214
\BOOKMARK [0][-]{chapter.7}{\376\377\137\072\123\026\133\146\116\140\173\227\154\325\121\150\146\157\126\376}{part.2}% 215
\BOOKMARK [1][-]{section.7.1}{\376\377\133\371\163\257\130\203\166\204\116\206\211\343\172\013\136\246\377\032\147\011\152\041\127\213\000\040\000v\000s\000\040\145\340\152\041\127\213}{chapter.7}% 216
\BOOKMARK [1][-]{section.7.2}{\376\377\133\146\116\140\166\204\166\356\150\007\377\032\127\372\116\216\116\367\120\074\000\040\000v\000s\000\040\127\372\116\216\173\126\165\145}{chapter.7}% 217
\BOOKMARK [1][-]{section.7.3}{\376\377\116\367\120\074\145\271\154\325\166\204\150\070\137\303\377\032\131\202\117\125\220\011\142\351\122\250\117\134\377\037}{chapter.7}% 218
\BOOKMARK [1][-]{section.7.4}{\376\377\116\367\120\074\133\146\116\140\166\204\146\364\145\260\145\271\137\017\377\032\204\231\162\171\123\141\155\033\000\040\000v\000s\000\040\145\366\136\217\135\356\122\006}{chapter.7}% 219
\BOOKMARK [1][-]{section.7.5}{\376\377\145\160\143\156\147\145\156\220\377\032\127\050\176\277\173\126\165\145\000\040\000v\000s\000\040\171\273\176\277\173\126\165\145}{chapter.7}% 220
\BOOKMARK [1][-]{section.7.6}{\376\377\116\000\137\040\173\227\154\325\122\006\174\173\126\376}{chapter.7}% 221
\BOOKMARK [1][-]{section.7.7}{\376\377\137\072\123\026\133\146\116\140\166\204\143\021\142\030\116\016\122\115\154\277}{chapter.7}% 222
\BOOKMARK [-1][-]{part.3}{\376\377\173\054\116\011\220\350\122\006\000\040\217\333\123\026\213\241\173\227}{}% 223
\BOOKMARK [0][-]{chapter.8}{\376\377\217\333\123\026\213\241\173\227\116\113\215\167\156\220\116\016\220\127\117\040\173\227\154\325}{part.3}% 224
\BOOKMARK [1][-]{section.8.1}{\376\377\137\025\212\000\377\032\116\316\150\257\136\246\143\250\133\374\122\060\217\333\123\026\144\034\175\042}{chapter.8}% 225
\BOOKMARK [2][-]{subsection.8.1.1}{\376\377\163\260\133\236\116\026\165\114\117\030\123\026\225\356\230\230\166\204\131\015\147\102\140\047}{section.8.1}% 226
\BOOKMARK [3][-]{subsubsection.8.1.1.1}{\376\377\236\321\173\261\117\030\123\026\225\356\230\230\116\076\117\213}{subsection.8.1.1}% 227
\BOOKMARK [1][-]{section.8.2}{\376\377\220\127\117\040\173\227\154\325\166\204\143\320\121\372}{chapter.8}% 228
\BOOKMARK [2][-]{subsection.8.2.1}{\376\377\201\352\161\066\217\333\123\026\166\204\124\057\171\072}{section.8.2}% 229
\BOOKMARK [2][-]{subsection.8.2.2}{\376\377\220\127\117\040\173\227\154\325\166\204\213\336\165\037}{section.8.2}% 230
\BOOKMARK [1][-]{section.8.3}{\376\377\220\127\117\040\173\227\154\325\166\204\121\163\225\056\176\304\142\020\220\350\122\006}{chapter.8}% 231
\BOOKMARK [2][-]{subsection.8.3.1}{\376\377\177\026\170\001\210\150\171\072\377\032\142\212\211\343\146\040\134\004\116\072\147\323\202\162\117\123}{section.8.3}% 232
\BOOKMARK [2][-]{subsection.8.3.2}{\376\377\220\002\136\224\136\246\213\276\213\241\377\032\213\304\116\367\120\031\220\011\211\343\166\204\117\030\122\243}{section.8.3}% 233
\BOOKMARK [3][-]{subsubsection.8.3.2.1}{\376\377\116\316\166\356\150\007\121\375\145\160\122\060\220\002\136\224\136\246\377\032\213\251\040\034\131\175\040\035\123\330\142\020\040\034\131\047\040\035}{subsection.8.3.2}% 234
\BOOKMARK [3][-]{subsubsection.8.3.2.2}{\376\377\176\246\147\137\131\004\164\006\377\032\137\123\211\343\137\305\230\173\156\341\215\263\147\141\116\366\145\366}{subsection.8.3.2}% 235
\BOOKMARK [3][-]{subsubsection.8.3.2.3}{\376\377\220\002\136\224\136\246\121\375\145\160\166\204\213\276\213\241\123\237\122\031}{subsection.8.3.2}% 236
\BOOKMARK [2][-]{subsection.8.3.3}{\376\377\220\011\142\351\147\072\122\066\377\032\116\316\171\315\177\244\116\055\116\247\165\037\162\066\116\343}{section.8.3}% 237
\BOOKMARK [3][-]{subsubsection.8.3.3.1}{\376\377\116\316\166\364\211\302\140\363\154\325\122\060\217\156\166\330\215\114\220\011\142\351}{subsection.8.3.3}% 238
\BOOKMARK [3][-]{subsubsection.8.3.3.2}{\376\377\217\156\166\330\215\114\220\011\142\351\166\204\177\072\226\167\116\016\145\071\217\333}{subsection.8.3.3}% 239
\BOOKMARK [3][-]{subsubsection.8.3.3.3}{\376\377\116\000\171\315\156\051\136\246\123\026\166\204\151\202\163\207\220\011\142\351\377\032\000S\000o\000f\000t\000m\000a\000x\000\040\145\271\150\110}{subsection.8.3.3}% 240
\BOOKMARK [3][-]{subsubsection.8.3.3.4}{\376\377\123\346\116\000\171\315\140\035\215\357\377\032\225\046\150\007\215\133\220\011\142\351}{subsection.8.3.3}% 241
\BOOKMARK [3][-]{subsubsection.8.3.3.5}{\376\377\116\011\171\315\220\011\142\351\145\271\137\017\166\204\133\371\153\324\116\016\220\011\142\351}{subsection.8.3.3}% 242
\BOOKMARK [2][-]{subsection.8.3.4}{\376\377\116\244\123\311\173\227\133\120\377\032\131\202\117\125\116\247\165\037\145\260\166\204\124\016\116\343\377\037}{section.8.3}% 243
\BOOKMARK [3][-]{subsubsection.8.3.4.1}{\376\377\123\125\160\271\116\244\123\311\377\032\147\000\173\200\123\125\166\204\127\372\126\340\116\244\143\142}{subsection.8.3.4}% 244
\BOOKMARK [3][-]{subsubsection.8.3.4.2}{\376\377\116\044\160\271\116\244\123\311\377\032\146\364\160\165\155\073\166\204\176\304\124\010}{subsection.8.3.4}% 245
\BOOKMARK [3][-]{subsubsection.8.3.4.3}{\376\377\173\227\147\057\116\244\123\311\377\032\133\236\145\160\177\026\170\001\166\204\201\352\161\066\220\011\142\351}{subsection.8.3.4}% 246
\BOOKMARK [3][-]{subsubsection.8.3.4.4}{\376\377\116\072\116\300\116\110\116\244\123\311\147\011\145\110\377\037}{subsection.8.3.4}% 247
\BOOKMARK [2][-]{subsection.8.3.5}{\376\377\123\330\137\002\173\227\133\120\377\032\131\202\117\125\137\025\121\145\145\260\127\372\126\340\377\037}{section.8.3}% 248
\BOOKMARK [3][-]{subsubsection.8.3.5.1}{\376\377\116\316\127\107\123\000\123\330\137\002\213\364\215\167}{subsection.8.3.5}% 249
\BOOKMARK [3][-]{subsubsection.8.3.5.2}{\376\377\232\330\145\257\123\330\137\002\377\032\146\364\201\352\161\066\166\204\226\217\147\072\142\160\122\250}{subsection.8.3.5}% 250
\BOOKMARK [3][-]{subsubsection.8.3.5.3}{\376\377\123\330\137\002\151\202\163\207\377\032\131\032\134\017\142\115\173\227\134\017\377\037}{subsection.8.3.5}% 251
\BOOKMARK [3][-]{subsubsection.8.3.5.4}{\376\377\140\073\176\323\377\032\123\330\137\002\173\227\133\120\166\204\213\276\213\241\124\362\133\146}{subsection.8.3.5}% 252
\BOOKMARK [1][-]{section.8.4}{\376\377\220\127\117\040\173\227\154\325\166\204\123\302\145\160\213\276\177\156\377\032\143\242\175\042\116\016\122\051\165\050\166\204\136\163\210\141\202\172\147\057}{chapter.8}% 253
\BOOKMARK [2][-]{subsection.8.4.1}{\376\377\171\315\177\244\131\047\134\017\377\032\144\034\175\042\211\206\166\326\116\016\217\355\116\343\155\361\136\246\166\204\136\163\210\141}{section.8.4}% 254
\BOOKMARK [2][-]{subsection.8.4.2}{\376\377\116\244\123\311\151\202\163\207\377\032\221\315\176\304\116\016\170\064\127\117\166\204\147\103\210\141}{section.8.4}% 255
\BOOKMARK [2][-]{subsection.8.4.3}{\376\377\123\330\137\002\151\202\163\207\377\032\137\256\214\003\116\016\122\033\145\260\166\204\136\163\210\141}{section.8.4}% 256
\BOOKMARK [2][-]{subsection.8.4.4}{\376\377\143\242\175\042\116\016\122\051\165\050\377\032\154\070\140\122\166\204\147\103\210\141}{section.8.4}% 257
\BOOKMARK [2][-]{subsection.8.4.5}{\376\377\134\017\176\323}{section.8.4}% 258
\BOOKMARK [1][-]{section.8.5}{\376\377\220\127\117\040\173\227\154\325\166\204\147\072\122\066\060\001\117\030\122\277\116\016\134\100\226\120}{chapter.8}% 259
\BOOKMARK [2][-]{subsection.8.5.1}{\376\377\116\316\040\034\160\271\040\035\122\060\040\034\160\271\226\306\040\035\377\032\177\244\117\123\140\047\226\217\147\072\144\034\175\042}{section.8.5}% 260
\BOOKMARK [2][-]{subsection.8.5.2}{\376\377\160\165\155\073\140\047\137\072\377\032\123\352\225\356\176\323\147\234\377\014\116\015\225\356\217\307\172\013}{section.8.5}% 261
\BOOKMARK [2][-]{subsection.8.5.3}{\376\377\225\177\116\216\121\150\134\100\144\034\175\042\377\032\142\345\142\261\040\034\135\356\040\035\166\204\211\343}{section.8.5}% 262
\BOOKMARK [2][-]{subsection.8.5.4}{\376\377\226\220\124\053\136\166\210\114\140\047\377\032\131\051\161\066\220\002\124\010\136\166\210\114\213\241\173\227}{section.8.5}% 263
\BOOKMARK [2][-]{subsection.8.5.5}{\376\377\134\100\220\350\144\034\175\042\200\375\122\233\137\061\377\032\174\276\136\246\147\011\226\120}{section.8.5}% 264
\BOOKMARK [2][-]{subsection.8.5.6}{\376\377\133\236\145\366\140\047\135\356\377\032\141\142\135\345\121\372\176\306\155\073}{section.8.5}% 265
\BOOKMARK [2][-]{subsection.8.5.7}{\376\377\123\302\145\160\145\117\141\037\377\032\214\003\202\202\166\204\202\172\147\057}{section.8.5}% 266
\BOOKMARK [2][-]{subsection.8.5.8}{\376\377\134\017\176\323\377\032\220\127\117\040\173\227\154\325\166\204\162\171\160\271\116\016\220\002\165\050\127\072\146\157}{section.8.5}% 267
\BOOKMARK [1][-]{section.8.6}{\376\377\136\224\165\050\0001\377\032\121\375\145\160\117\030\123\026\377\010\0004\000D\000\040\000R\000a\000s\000t\000r\000i\000g\000i\000n\121\375\145\160\377\011}{chapter.8}% 268
\BOOKMARK [2][-]{subsection.8.6.1}{\376\377\225\356\230\230\133\232\116\111\377\032\0004\176\364\000R\000a\000s\000t\000r\000i\000g\000i\000n\121\375\145\160}{section.8.6}% 269
\BOOKMARK [2][-]{subsection.8.6.2}{\376\377\137\000\131\313\217\320\210\114\377\032\116\000\153\145\116\000\153\145\147\145}{section.8.6}% 270
\BOOKMARK [3][-]{subsubsection.8.6.2.1}{\376\377\173\054\0001\153\145\377\032\122\035\131\313\123\026\171\315\177\244}{subsection.8.6.2}% 271
\BOOKMARK [3][-]{subsubsection.8.6.2.2}{\376\377\173\054\0002\153\145\377\032\220\011\142\351\377\010\217\156\166\330\215\114\377\011}{subsection.8.6.2}% 272
\BOOKMARK [3][-]{subsubsection.8.6.2.3}{\376\377\173\054\0003\153\145\377\032\116\244\123\311\377\010\173\227\147\057\116\244\123\311\377\011}{subsection.8.6.2}% 273
\BOOKMARK [3][-]{subsubsection.8.6.2.4}{\376\377\173\054\0004\153\145\377\032\123\330\137\002\377\010\232\330\145\257\123\330\137\002\377\011}{subsection.8.6.2}% 274
\BOOKMARK [3][-]{subsubsection.8.6.2.5}{\376\377\173\054\0005\153\145\377\032\213\304\117\060\116\064\145\366\145\260\171\315\177\244}{subsection.8.6.2}% 275
\BOOKMARK [3][-]{subsubsection.8.6.2.6}{\376\377\173\054\0006\153\145\377\032\174\276\202\361\173\126\165\145}{subsection.8.6.2}% 276
\BOOKMARK [2][-]{subsection.8.6.3}{\376\377\176\323\147\234\122\006\147\220}{section.8.6}% 277
\BOOKMARK [1][-]{section.8.7}{\376\377\136\224\165\050\0002\377\032\145\305\210\114\125\106\225\356\230\230\377\010\000T\000r\000a\000v\000e\000l\000i\000n\000g\000\040\000S\000a\000l\000e\000s\000m\000a\000n\000\040\000P\000r\000o\000b\000l\000e\000m\000,\000\040\000T\000S\000P\377\011}{chapter.8}% 278
\BOOKMARK [2][-]{subsection.8.7.1}{\376\377\145\305\210\114\125\106\225\356\230\230\146\057\116\300\116\110\377\037}{section.8.7}% 279
\BOOKMARK [2][-]{subsection.8.7.2}{\376\377\177\026\170\001\173\126\165\145\377\032\131\202\117\125\142\212\215\357\176\277\210\150\171\072\142\020\147\323\202\162\117\123\377\037}{section.8.7}% 280
\BOOKMARK [2][-]{subsection.8.7.3}{\376\377\171\315\177\244\122\035\131\313\123\026\377\032\116\316\124\352\221\314\137\000\131\313\377\037}{section.8.7}% 281
\BOOKMARK [2][-]{subsection.8.7.4}{\376\377\220\002\136\224\136\246\116\016\220\011\142\351\377\032\131\202\117\125\121\263\133\232\214\001\165\131\116\013\377\037}{section.8.7}% 282
\BOOKMARK [2][-]{subsection.8.7.5}{\376\377\116\244\123\311\173\227\133\120\377\032\131\202\117\125\176\323\124\010\162\066\153\315\166\204\117\030\160\271\377\037}{section.8.7}% 283
\BOOKMARK [2][-]{subsection.8.7.6}{\376\377\123\330\137\002\173\227\133\120\377\032\131\202\117\125\137\025\121\145\145\260\127\372\126\340\377\037}{section.8.7}% 284
\BOOKMARK [2][-]{subsection.8.7.7}{\376\377\134\100\220\350\144\034\175\042\130\236\137\072\377\032\213\251\173\227\154\325\146\364\040\034\200\152\146\016\040\035}{section.8.7}% 285
\BOOKMARK [2][-]{subsection.8.7.8}{\376\377\145\164\117\123\155\101\172\013}{section.8.7}% 286
\BOOKMARK [2][-]{subsection.8.7.9}{\376\377\134\017\176\323}{section.8.7}% 287
\BOOKMARK [1][-]{section.8.8}{\376\377\220\127\117\040\173\227\154\325\377\032\126\336\230\176\116\016\140\035\200\003}{chapter.8}% 288
\BOOKMARK [2][-]{subsection.8.8.1}{\376\377\116\316\124\362\133\146\122\060\173\227\154\325\377\032\116\000\147\141\162\354\162\171\166\204\215\357}{section.8.8}% 289
\BOOKMARK [2][-]{subsection.8.8.2}{\376\377\150\070\137\303\176\304\116\366\200\314\124\016\166\204\213\276\213\241\140\035\140\363}{section.8.8}% 290
\BOOKMARK [2][-]{subsection.8.8.3}{\376\377\123\302\145\160\213\276\177\156\166\204\147\103\210\141}{section.8.8}% 291
\BOOKMARK [2][-]{subsection.8.8.4}{\376\377\220\127\117\040\173\227\154\325\166\204\117\030\122\277\116\016\134\100\226\120}{section.8.8}% 292
\BOOKMARK [2][-]{subsection.8.8.5}{\376\377\136\224\165\050\230\206\127\337\116\016\145\071\217\333\145\271\124\021}{section.8.8}% 293
\BOOKMARK [2][-]{subsection.8.8.6}{\376\377\147\000\124\016\166\204\140\035\200\003}{section.8.8}% 294
\BOOKMARK [0][-]{chapter.9}{\376\377\217\333\123\026\213\241\173\227\116\055\166\204\217\336\176\355\117\030\123\026\145\271\154\325}{part.3}% 295
\BOOKMARK [1][-]{section.9.1}{\376\377\137\025\212\000\377\032\131\015\147\102\117\030\123\026\225\356\230\230\166\204\143\021\142\030\116\016\217\333\123\026\213\241\173\227\166\204\141\017\116\111}{chapter.9}% 296
\BOOKMARK [2][-]{subsection.9.1.1}{\376\377\117\030\123\026\225\356\230\230\166\204\147\054\215\050\116\016\122\006\174\173}{section.9.1}% 297
\BOOKMARK [2][-]{subsection.9.1.2}{\376\377\117\040\176\337\117\030\123\026\145\271\154\325\166\204\134\100\226\120\140\047}{section.9.1}% 298
\BOOKMARK [2][-]{subsection.9.1.3}{\376\377\217\333\123\026\213\241\173\227\166\204\117\030\122\277\116\016\124\362\133\146\127\372\170\100}{section.9.1}% 299
\BOOKMARK [1][-]{section.9.2}{\376\377\220\002\136\224\136\246\127\060\137\142\126\376\377\032\164\006\211\343\117\030\123\026\225\356\230\230\166\204\121\340\117\125\211\306\211\322}{chapter.9}% 300
\BOOKMARK [2][-]{subsection.9.2.1}{\376\377\116\316\116\214\176\364\146\362\227\142\122\060\232\330\176\364\127\060\137\142}{section.9.2}% 301
\BOOKMARK [2][-]{subsection.9.2.2}{\376\377\127\060\137\142\162\171\137\201\131\202\117\125\137\161\124\315\117\030\123\026\377\037}{section.9.2}% 302
\BOOKMARK [3][-]{subsubsection.9.2.2.1}{\376\377\134\100\220\350\147\000\117\030\116\016\121\150\134\100\147\000\117\030}{subsection.9.2.2}% 303
\BOOKMARK [3][-]{subsubsection.9.2.2.2}{\376\377\145\351\161\237\145\066\145\133\377\032\137\123\166\173\134\161\226\037\143\044\127\050\116\000\136\247\134\017\134\161\116\030\116\012}{subsection.9.2.2}% 304
\BOOKMARK [3][-]{subsubsection.9.2.2.3}{\376\377\120\134\156\336\123\072\377\032\232\330\123\237\116\012\166\204\217\367\203\053}{subsection.9.2.2}% 305
\BOOKMARK [3][-]{subsubsection.9.2.2.4}{\376\377\155\361\214\067\116\016\140\254\135\026\377\032\226\167\226\061\116\016\215\363\147\177}{subsection.9.2.2}% 306
\BOOKMARK [2][-]{subsection.9.2.3}{\376\377\131\202\117\125\221\317\123\026\127\060\137\142\166\204\131\015\147\102\140\047\377\037}{section.9.2}% 307
\BOOKMARK [3][-]{subsubsection.9.2.3.1}{\376\377\135\016\134\226\136\246\377\032\127\060\137\142\166\204\040\034\166\261\176\271\040\035}{subsection.9.2.3}% 308
\BOOKMARK [3][-]{subsubsection.9.2.3.2}{\376\377\116\055\172\313\140\047\377\032\136\163\127\146\123\072\127\337\166\204\116\367\120\074}{subsection.9.2.3}% 309
\BOOKMARK [3][-]{subsubsection.9.2.3.3}{\376\377\153\072\232\227\140\047\377\032\145\105\141\017\213\357\133\374\117\140\166\204\127\060\137\142}{subsection.9.2.3}% 310
\BOOKMARK [3][-]{subsubsection.9.2.3.4}{\376\377\116\012\117\115\140\047\377\032\123\330\221\317\116\113\225\364\166\204\040\034\162\165\217\336\040\035}{subsection.9.2.3}% 311
\BOOKMARK [3][-]{subsubsection.9.2.3.5}{\376\377\176\364\136\246\160\176\226\276\377\032\232\330\176\364\172\172\225\364\166\204\226\167\226\061}{subsection.9.2.3}% 312
\BOOKMARK [2][-]{subsection.9.2.4}{\376\377\143\242\175\042\116\016\137\000\123\321\377\032\166\173\134\161\226\037\166\204\146\172\141\147}{section.9.2}% 313
\BOOKMARK [1][-]{section.9.3}{\376\377\135\356\122\006\217\333\123\026\173\227\154\325\377\032\127\372\116\216\124\021\221\317\135\356\122\006\166\204\121\150\134\100\117\030\123\026\126\150}{chapter.9}% 314
\BOOKMARK [2][-]{subsection.9.3.1}{\376\377\116\316\226\217\147\072\142\160\122\250\122\060\135\356\122\006\124\021\221\317\377\032\000D\000E\166\204\160\165\141\037\147\145\156\220}{section.9.3}% 315
\BOOKMARK [2][-]{subsection.9.3.2}{\376\377\127\372\147\054\155\101\172\013\377\032\116\316\171\315\177\244\122\060\145\260\116\000\116\343}{section.9.3}% 316
\BOOKMARK [2][-]{subsection.9.3.3}{\376\377\123\330\137\002\377\032\165\050\135\356\122\006\124\021\221\317\143\242\175\042\145\271\124\021}{section.9.3}% 317
\BOOKMARK [3][-]{subsubsection.9.3.3.1}{\376\377\165\050\226\217\147\072\116\052\117\123\117\134\127\372\377\032\000D\000E\000/\000r\000a\000n\000d\000/\0001}{subsection.9.3.3}% 318
\BOOKMARK [3][-]{subsubsection.9.3.3.2}{\376\377\165\050\137\123\122\115\147\000\117\030\211\343\117\134\127\372\377\032\000D\000E\000/\000b\000e\000s\000t\000/\0001}{subsection.9.3.3}% 319
\BOOKMARK [3][-]{subsubsection.9.3.3.3}{\376\377\176\323\124\010\137\123\122\115\116\052\117\123\116\016\147\000\117\030\116\052\117\123\377\032\000D\000E\000/\000c\000u\000r\000r\000e\000n\000t\000-\000t\000o\000-\000b\000e\000s\000t\000/\0001}{subsection.9.3.3}% 320
\BOOKMARK [3][-]{subsubsection.9.3.3.4}{\376\377\117\177\165\050\116\044\116\052\135\356\122\006\124\021\221\317\377\032\000D\000E\000/\000r\000a\000n\000d\000/\0002\124\214\000D\000E\000/\000b\000e\000s\000t\000/\0002}{subsection.9.3.3}% 321
\BOOKMARK [3][-]{subsubsection.9.3.3.5}{\376\377\123\330\137\002\173\126\165\145\166\204\220\011\142\351\116\016\220\002\136\224\136\246\127\060\137\142\166\204\123\071\221\115}{subsection.9.3.3}% 322
\BOOKMARK [2][-]{subsection.9.3.4}{\376\377\116\244\123\311\377\032\117\335\165\131\116\016\122\033\145\260\166\204\136\163\210\141}{section.9.3}% 323
\BOOKMARK [3][-]{subsubsection.9.3.4.1}{\376\377\116\214\230\171\116\244\123\311\377\032\153\317\116\052\176\364\136\246\162\354\172\313\220\011\142\351}{subsection.9.3.4}% 324
\BOOKMARK [3][-]{subsubsection.9.3.4.2}{\376\377\143\007\145\160\116\244\123\311\377\032\213\251\127\372\126\340\127\127\145\164\117\123\217\301\171\373}{subsection.9.3.4}% 325
\BOOKMARK [3][-]{subsubsection.9.3.4.3}{\376\377\116\044\171\315\116\244\123\311\166\204\220\011\142\351}{subsection.9.3.4}% 326
\BOOKMARK [2][-]{subsection.9.3.5}{\376\377\220\011\142\351\377\032\117\030\200\334\122\243\154\160}{section.9.3}% 327
\BOOKMARK [2][-]{subsection.9.3.6}{\376\377\123\302\145\160\213\276\177\156\116\016\201\352\220\002\136\224\173\126\165\145}{section.9.3}% 328
\BOOKMARK [3][-]{subsubsection.9.3.6.1}{\376\377\171\315\177\244\131\047\134\017\377\032\143\242\175\042\136\177\136\246\116\016\155\361\136\246\166\204\147\103\210\141}{subsection.9.3.6}% 329
\BOOKMARK [3][-]{subsubsection.9.3.6.2}{\376\377\177\051\145\076\126\340\133\120\377\032\153\145\225\177\166\204\202\172\147\057}{subsection.9.3.6}% 330
\BOOKMARK [3][-]{subsubsection.9.3.6.3}{\376\377\116\244\123\311\151\202\163\207\377\032\127\372\126\340\155\367\124\010\166\204\153\324\117\213}{subsection.9.3.6}% 331
\BOOKMARK [3][-]{subsubsection.9.3.6.4}{\376\377\116\072\116\300\116\110\126\372\133\232\123\302\145\160\116\015\131\037\131\175\377\037}{subsection.9.3.6}% 332
\BOOKMARK [3][-]{subsubsection.9.3.6.5}{\376\377\201\352\220\002\136\224\173\126\165\145\377\032\213\251\123\302\145\160\201\352\135\361\133\146\116\140}{subsection.9.3.6}% 333
\BOOKMARK [2][-]{subsection.9.3.7}{\376\377\145\066\145\133\140\047\122\006\147\220\377\032\000D\000E\200\375\117\335\213\301\142\176\122\060\121\150\134\100\147\000\117\030\124\027\377\037}{section.9.3}% 334
\BOOKMARK [2][-]{subsection.9.3.8}{\376\377\117\030\177\072\160\271\140\073\176\323\377\032\116\316\173\227\154\325\147\072\122\066\116\055\201\352\161\066\165\037\225\177}{section.9.3}% 335
\BOOKMARK [2][-]{subsection.9.3.9}{\376\377\134\017\176\323}{section.9.3}% 336
\BOOKMARK [1][-]{section.9.4}{\376\377\174\222\133\120\177\244\117\030\123\026\173\227\154\325\377\032\152\041\142\337\177\244\117\123\146\172\200\375\166\204\117\030\123\026\126\150}{chapter.9}% 337
\BOOKMARK [2][-]{subsection.9.4.1}{\376\377\116\316\236\037\177\244\211\305\230\337\122\060\145\160\133\146\117\030\123\026\377\032\116\000\116\052\166\364\211\302\166\204\174\173\153\324}{section.9.4}% 338
\BOOKMARK [2][-]{subsection.9.4.2}{\376\377\174\222\133\120\162\266\140\001\377\032\117\115\177\156\116\016\220\037\136\246}{section.9.4}% 339
\BOOKMARK [2][-]{subsection.9.4.3}{\376\377\220\037\136\246\116\016\117\115\177\156\146\364\145\260\121\154\137\017\166\204\165\061\147\145}{section.9.4}% 340
\BOOKMARK [2][-]{subsection.9.4.4}{\376\377\116\316\116\000\176\364\122\060\232\330\176\364\377\032\145\066\145\133\140\047\122\006\147\220}{section.9.4}% 341
\BOOKMARK [2][-]{subsection.9.4.5}{\376\377\142\323\142\121\176\323\147\204\377\032\117\341\140\157\131\202\117\125\117\040\144\255}{section.9.4}% 342
\BOOKMARK [2][-]{subsection.9.4.6}{\376\377\150\007\121\306\000P\000S\000O\173\227\154\325\155\101\172\013}{section.9.4}% 343
\BOOKMARK [2][-]{subsection.9.4.7}{\376\377\000P\000S\000O\166\204\123\330\117\123\173\227\154\325\377\032\116\316\150\007\121\306\122\060\217\333\226\066}{section.9.4}% 344
\BOOKMARK [3][-]{subsubsection.9.4.7.1}{\376\377\116\072\116\300\116\110\227\000\211\201\145\066\177\051\126\340\133\120\377\037}{subsection.9.4.7}% 345
\BOOKMARK [3][-]{subsubsection.9.4.7.2}{\376\377\201\352\220\002\136\224\000P\000S\000O\377\032\213\251\123\302\145\160\201\352\135\361\214\003\145\164}{subsection.9.4.7}% 346
\BOOKMARK [3][-]{subsubsection.9.4.7.3}{\376\377\131\032\166\356\150\007\000P\000S\000O\377\032\116\015\153\142\116\000\116\052\166\356\150\007}{subsection.9.4.7}% 347
\BOOKMARK [3][-]{subsubsection.9.4.7.4}{\376\377\155\367\124\010\000P\000S\000O\377\032\123\132\221\307\117\027\225\177}{subsection.9.4.7}% 348
\BOOKMARK [2][-]{subsection.9.4.8}{\376\377\116\316\133\236\215\365\116\055\140\073\176\323\377\032\000P\000S\000O\166\204\117\030\177\072\160\271}{section.9.4}% 349
\BOOKMARK [3][-]{subsubsection.9.4.8.1}{\376\377\116\316\220\037\136\246\146\364\145\260\121\154\137\017\167\013\145\066\145\133\220\037\136\246}{subsection.9.4.8}% 350
\BOOKMARK [3][-]{subsubsection.9.4.8.2}{\376\377\116\316\173\200\123\026\152\041\127\213\167\013\172\063\133\232\140\047\116\016\145\351\161\237}{subsection.9.4.8}% 351
\BOOKMARK [3][-]{subsubsection.9.4.8.3}{\376\377\116\316\176\364\136\246\160\176\226\276\167\013\232\330\176\364\140\047\200\375}{subsection.9.4.8}% 352
\BOOKMARK [3][-]{subsubsection.9.4.8.4}{\376\377\116\316\123\302\145\160\145\117\141\037\140\047\167\013\214\003\117\030\226\276\136\246}{subsection.9.4.8}% 353
\BOOKMARK [3][-]{subsubsection.9.4.8.5}{\376\377\116\316\171\273\145\143\117\030\123\026\167\013\134\100\226\120\140\047}{subsection.9.4.8}% 354
\BOOKMARK [3][-]{subsubsection.9.4.8.6}{\376\377\140\073\176\323}{subsection.9.4.8}% 355
\BOOKMARK [1][-]{section.9.5}{\376\377\123\117\145\271\135\356\167\351\226\065\201\352\220\002\136\224\217\333\123\026\173\126\165\145\377\032\133\146\116\140\225\356\230\230\176\323\147\204\166\204\117\030\123\026\126\150}{chapter.9}% 356
\BOOKMARK [2][-]{subsection.9.5.1}{\376\377\116\316\173\200\123\125\217\333\123\026\173\126\165\145\122\060\000C\000M\000A\000-\000E\000S\377\032\116\072\116\300\116\110\211\201\133\146\116\140\123\117\145\271\135\356\377\037}{section.9.5}% 357
\BOOKMARK [2][-]{subsection.9.5.2}{\376\377\131\202\117\125\146\364\145\260\127\107\120\074\377\037\122\240\147\103\221\315\176\304}{section.9.5}% 358
\BOOKMARK [2][-]{subsection.9.5.3}{\376\377\133\146\116\140\123\117\145\271\135\356\377\032\116\316\135\356\122\006\124\021\221\317\122\060\217\333\123\026\215\357\137\204}{section.9.5}% 359
\BOOKMARK [2][-]{subsection.9.5.4}{\376\377\153\145\225\177\143\247\122\066\377\032\131\202\117\125\201\352\220\002\136\224\127\060\214\003\145\164\121\150\134\100\153\145\225\177\377\037}{section.9.5}% 360
\BOOKMARK [2][-]{subsection.9.5.5}{\376\377\221\307\150\067\145\260\211\343\116\016\220\011\142\351\221\315\176\304}{section.9.5}% 361
\BOOKMARK [2][-]{subsection.9.5.6}{\376\377\133\214\145\164\166\204\000C\000M\000A\000-\000E\000S\173\227\154\325}{section.9.5}% 362
\BOOKMARK [3][-]{subsubsection.9.5.6.1}{\376\377\116\316\176\304\116\366\122\060\155\101\172\013\377\032\116\072\116\300\116\110\211\201\217\331\150\067\213\276\213\241\377\037}{subsection.9.5.6}% 363
\BOOKMARK [3][-]{subsubsection.9.5.6.2}{\376\377\173\227\154\325\117\052\116\343\170\001}{subsection.9.5.6}% 364
\BOOKMARK [2][-]{subsection.9.5.7}{\376\377\123\302\145\160\213\276\177\156\166\204\143\250\133\374\116\016\236\330\213\244\120\074\377\032\116\072\116\300\116\110\217\331\116\233\145\160\133\127\116\015\146\057\226\217\117\277\220\011\166\204\377\037}{section.9.5}% 365
\BOOKMARK [3][-]{subsubsection.9.5.7.1}{\376\377\171\315\177\244\131\047\134\017\000\040\000\040\166\204\220\011\142\351\377\032\143\242\175\042\116\016\145\110\163\207\166\204\136\163\210\141}{subsection.9.5.7}% 366
\BOOKMARK [3][-]{subsubsection.9.5.7.2}{\376\377\221\315\176\304\147\103\221\315\000\040\000w\000i\000\040\166\204\133\371\145\160\210\160\121\317\377\032\116\072\116\300\116\110\116\015\146\057\176\277\140\047\377\037}{subsection.9.5.7}% 367
\BOOKMARK [3][-]{subsubsection.9.5.7.3}{\376\377\133\146\116\140\163\207\000\040\000c\000,\000\040\000c\000c\000,\000\040\000c\0001\000,\000\040\000c\000\040\166\204\143\250\133\374\377\032\143\247\122\066\145\066\145\133\220\037\136\246\116\016\172\063\133\232\140\047}{subsection.9.5.7}% 368
\BOOKMARK [2][-]{subsection.9.5.8}{\376\377\123\302\145\160\213\276\177\156\116\016\133\236\165\050\136\372\213\256}{section.9.5}% 369
\BOOKMARK [3][-]{subsubsection.9.5.8.1}{\376\377\171\315\177\244\131\047\134\017\000\040\000\040\116\016\162\066\116\343\145\160\221\317\000\040}{subsection.9.5.8}% 370
\BOOKMARK [3][-]{subsubsection.9.5.8.2}{\376\377\221\315\176\304\147\103\221\315\000\040\000w\000i\377\032\116\072\116\300\116\110\146\057\133\371\145\160\210\160\121\317\377\037}{subsection.9.5.8}% 371
\BOOKMARK [3][-]{subsubsection.9.5.8.3}{\376\377\147\011\145\110\220\011\142\351\215\050\221\317\000\040\000e\000f\000f}{subsection.9.5.8}% 372
\BOOKMARK [3][-]{subsubsection.9.5.8.4}{\376\377\153\145\225\177\133\146\116\140\163\207\000\040\000c\000\040\116\016\226\073\134\074\174\373\145\160\000\040\000d}{subsection.9.5.8}% 373
\BOOKMARK [3][-]{subsubsection.9.5.8.5}{\376\377\123\117\145\271\135\356\215\357\137\204\133\146\116\140\163\207\000\040\000c\000c}{subsection.9.5.8}% 374
\BOOKMARK [3][-]{subsubsection.9.5.8.6}{\376\377\123\117\145\271\135\356\171\351\0001\133\146\116\140\163\207\000\040\000c\0001\000\040\116\016\171\351\003\274\133\146\116\140\163\207\000\040\000c}{subsection.9.5.8}% 375
\BOOKMARK [2][-]{subsection.9.5.9}{\376\377\116\072\116\300\116\110\000C\000M\000A\000-\000E\000S\131\202\153\144\137\072\131\047\377\037\040\024\040\024\116\015\123\330\140\047\116\016\164\006\213\272\140\047\215\050}{section.9.5}% 376
\BOOKMARK [3][-]{subsubsection.9.5.9.1}{\376\377\116\015\123\330\140\047\377\032\116\316\040\034\133\146\116\140\040\035\122\060\040\034\220\032\165\050\040\035}{subsection.9.5.9}% 377
\BOOKMARK [3][-]{subsubsection.9.5.9.2}{\376\377\145\066\145\133\140\047\122\006\147\220\377\032\116\316\133\236\232\214\122\060\164\006\213\272}{subsection.9.5.9}% 378
\BOOKMARK [3][-]{subsubsection.9.5.9.3}{\376\377\117\125\145\366\227\000\211\201\214\003\145\164\377\037\232\330\176\364\126\360\130\203\116\016\145\071\217\333}{subsection.9.5.9}% 379
\BOOKMARK [2][-]{subsection.9.5.10}{\376\377\000C\000M\000A\000-\000E\000S\000\040\166\204\117\030\177\072\160\271\377\032\147\103\210\141\166\204\202\172\147\057}{section.9.5}% 380
\BOOKMARK [3][-]{subsubsection.9.5.10.1}{\376\377\133\203\166\204\117\030\122\277\116\316\124\352\221\314\147\145\377\037}{subsection.9.5.10}% 381
\BOOKMARK [3][-]{subsubsection.9.5.10.2}{\376\377\131\051\116\013\154\241\147\011\121\115\215\071\166\204\123\110\231\020}{subsection.9.5.10}% 382
\BOOKMARK [3][-]{subsubsection.9.5.10.3}{\376\377\134\017\176\323}{subsection.9.5.10}% 383
\BOOKMARK [1][-]{section.9.6}{\376\377\173\227\154\325\133\371\153\324\116\016\176\374\124\010\136\224\165\050}{chapter.9}% 384
\BOOKMARK [2][-]{subsection.9.6.1}{\376\377\116\316\147\072\122\066\121\372\123\321\377\032\133\203\116\354\116\072\116\300\116\110\116\015\124\014\377\037}{section.9.6}% 385
\BOOKMARK [2][-]{subsection.9.6.2}{\376\377\140\047\200\375\127\372\121\306\155\113\213\325}{section.9.6}% 386
\BOOKMARK [2][-]{subsection.9.6.3}{\376\377\155\367\124\010\173\126\165\145\377\032\123\326\225\177\210\145\167\355}{section.9.6}% 387
\BOOKMARK [2][-]{subsection.9.6.4}{\376\377\133\236\226\105\136\224\165\050\150\110\117\213\377\032\173\227\154\325\127\050\167\037\133\236\116\026\165\114\116\055\166\204\165\050\153\146\116\113\127\060}{section.9.6}% 388
\BOOKMARK [3][-]{subsubsection.9.6.4.1}{\376\377\202\052\172\172\202\052\131\051\377\032\147\072\177\374\137\142\162\266\117\030\123\026}{subsection.9.6.4}% 389
\BOOKMARK [3][-]{subsubsection.9.6.4.2}{\376\377\154\175\217\146\135\345\116\032\377\032\123\321\122\250\147\072\123\302\145\160\117\030\123\026}{subsection.9.6.4}% 390
\BOOKMARK [3][-]{subsubsection.9.6.4.3}{\376\377\165\065\122\233\174\373\176\337\377\032\165\065\177\121\214\003\136\246\117\030\123\026}{subsection.9.6.4}% 391
\BOOKMARK [3][-]{subsubsection.9.6.4.4}{\376\377\123\026\133\146\135\345\172\013\377\032\123\315\136\224\126\150\213\276\213\241\117\030\123\026}{subsection.9.6.4}% 392
\BOOKMARK [3][-]{subsubsection.9.6.4.5}{\376\377\147\072\126\150\133\146\116\140\215\205\123\302\145\160\117\030\123\026}{subsection.9.6.4}% 393
\BOOKMARK [3][-]{subsubsection.9.6.4.6}{\376\377\221\321\207\215\117\030\123\026\377\032\142\225\215\104\176\304\124\010\221\115\177\156}{subsection.9.6.4}% 394
\BOOKMARK [1][-]{section.9.7}{\376\377\122\115\154\277\145\271\124\021\116\016\147\052\147\145\134\125\147\033}{chapter.9}% 395
\BOOKMARK [2][-]{subsection.9.7.1}{\376\377\137\123\225\356\230\230\123\330\137\227\136\236\131\047\377\032\131\047\211\304\152\041\117\030\123\026}{section.9.7}% 396
\BOOKMARK [2][-]{subsection.9.7.2}{\376\377\137\123\166\356\150\007\116\015\153\142\116\000\116\052\377\032\131\032\166\356\150\007\117\030\123\026}{section.9.7}% 397
\BOOKMARK [2][-]{subsection.9.7.3}{\376\377\137\123\213\304\117\060\142\020\147\054\146\002\215\065\377\032\146\002\215\065\117\030\123\026}{section.9.7}% 398
\BOOKMARK [2][-]{subsection.9.7.4}{\376\377\137\123\225\356\230\230\127\050\123\330\123\026\377\032\122\250\140\001\117\030\123\026}{section.9.7}% 399
\BOOKMARK [2][-]{subsection.9.7.5}{\376\377\137\123\117\030\123\026\126\150\133\146\117\032\133\146\116\140\377\032\133\146\116\140\117\030\123\026}{section.9.7}% 400
\BOOKMARK [2][-]{subsection.9.7.6}{\376\377\164\006\213\272\123\321\134\125\377\032\142\021\116\354\167\037\166\204\164\006\211\343\217\333\123\026\173\227\154\325\124\027\377\037}{section.9.7}% 401
\BOOKMARK [3][-]{subsubsection.9.7.6.1}{\376\377\145\066\145\133\140\047\164\006\213\272\377\032\173\227\154\325\117\032\117\335\213\301\142\176\122\060\147\000\117\030\211\343\124\027\377\037}{subsection.9.7.6}% 402
\BOOKMARK [3][-]{subsubsection.9.7.6.2}{\376\377\131\015\147\102\136\246\122\006\147\220\377\032\173\227\154\325\227\000\211\201\131\032\134\021\213\241\173\227\215\104\156\220\377\037}{subsection.9.7.6}% 403
\BOOKMARK [3][-]{subsubsection.9.7.6.3}{\376\377\116\072\116\300\116\110\154\241\147\011\116\000\171\315\173\227\154\325\220\002\124\010\142\100\147\011\225\356\230\230\377\037}{subsection.9.7.6}% 404
\BOOKMARK [1][-]{section.9.8}{\376\377\133\236\215\365\143\007\123\127\116\016\176\317\232\214\140\073\176\323\377\032\131\202\117\125\142\212\164\006\213\272\165\050\122\060\133\236\131\004\377\037}{chapter.9}% 405
\BOOKMARK [2][-]{subsection.9.8.1}{\376\377\173\227\154\325\220\011\142\351\155\101\172\013\377\032\131\202\117\125\217\310\121\372\173\054\116\000\153\145\377\037}{section.9.8}% 406
\BOOKMARK [2][-]{subsection.9.8.2}{\376\377\123\302\145\160\214\003\117\030\136\372\213\256\377\032\213\251\173\227\154\325\123\321\143\045\147\000\117\163\140\047\200\375}{section.9.8}% 407
\BOOKMARK [2][-]{subsection.9.8.3}{\376\377\136\070\211\301\226\167\226\061\116\016\220\177\121\115\145\271\154\325}{section.9.8}% 408
\BOOKMARK [2][-]{subsection.9.8.4}{\376\377\140\047\200\375\213\304\117\060\143\007\150\007\377\032\131\202\117\125\171\321\133\146\127\060\153\324\217\203\173\227\154\325\377\037}{section.9.8}% 409
\BOOKMARK [1][-]{section.9.9}{\376\377\176\323\213\272\377\032\217\333\123\026\166\204\146\172\141\147}{chapter.9}% 410
\BOOKMARK [0][-]{chapter.10}{\376\377\217\333\123\026\213\241\173\227\116\055\166\204\176\304\124\010\117\030\123\026\116\016\172\013\136\217\165\037\142\020}{part.3}% 411
\BOOKMARK [1][-]{section.10.1}{\376\377\137\025\212\000\377\032\116\316\217\336\176\355\117\030\123\026\122\060\176\304\124\010\117\030\123\026\116\016\172\013\136\217\165\037\142\020}{chapter.10}% 412
\BOOKMARK [2][-]{subsection.10.1.1}{\376\377\217\336\176\355\117\030\123\026\116\016\176\304\124\010\117\030\123\026\377\032\116\044\171\315\133\214\121\150\116\015\124\014\166\204\116\026\165\114}{section.10.1}% 413
\BOOKMARK [2][-]{subsection.10.1.2}{\376\377\206\201\177\244\117\030\123\026\166\204\143\320\121\372\116\016\127\372\147\054\140\035\140\363}{section.10.1}% 414
\BOOKMARK [2][-]{subsection.10.1.3}{\376\377\116\316\117\030\123\026\123\302\145\160\122\060\165\037\142\020\172\013\136\217\377\032\217\333\123\026\213\241\173\227\166\204\123\346\116\000\147\141\215\357}{section.10.1}% 415
\BOOKMARK [2][-]{subsection.10.1.4}{\376\377\116\316\217\336\176\355\122\060\171\273\145\143\377\014\116\316\123\302\145\160\122\060\172\013\136\217\377\032\217\333\123\026\213\241\173\227\166\204\145\340\226\120\123\357\200\375}{section.10.1}% 416
\BOOKMARK [1][-]{section.10.2}{\376\377\206\201\177\244\117\030\123\026\173\227\154\325\377\032\152\041\142\337\206\202\206\201\211\305\230\337\166\204\146\172\200\375\117\030\123\026}{chapter.10}% 417
\BOOKMARK [2][-]{subsection.10.2.1}{\376\377\201\352\161\066\165\114\166\204\206\202\206\201\211\305\230\337\210\114\116\072}{section.10.2}% 418
\BOOKMARK [3][-]{subsubsection.10.2.1.1}{\376\377\123\314\150\145\133\236\232\214\377\032\123\321\163\260\117\341\140\157\175\040\166\204\122\233\221\317}{subsection.10.2.1}% 419
\BOOKMARK [3][-]{subsubsection.10.2.1.2}{\376\377\145\160\133\146\136\372\152\041\377\032\116\316\226\217\147\072\220\011\142\351\122\060\170\156\133\232\215\357\137\204}{subsection.10.2.1}% 420
\BOOKMARK [3][-]{subsubsection.10.2.1.3}{\376\377\201\352\176\304\176\307\116\016\226\217\147\072\140\047\166\204\136\163\210\141}{subsection.10.2.1}% 421
\BOOKMARK [2][-]{subsection.10.2.2}{\376\377\206\201\177\244\117\030\123\026\377\032\117\341\140\157\175\040\232\161\122\250\166\204\215\357\137\204\144\034\175\042}{section.10.2}% 422
\BOOKMARK [3][-]{subsubsection.10.2.2.1}{\376\377\116\316\165\037\162\151\133\146\133\236\232\214\122\060\173\227\154\325\160\165\141\037\377\032\206\202\206\201\131\202\117\125\142\176\122\060\147\000\167\355\215\357\137\204\377\037}{subsection.10.2.2}% 423
\BOOKMARK [2][-]{subsection.10.2.3}{\376\377\127\372\147\054\206\201\177\244\174\373\176\337\377\010\000A\000n\000t\000\040\000S\000y\000s\000t\000e\000m\000,\000\040\000A\000S\377\011}{section.10.2}% 424
\BOOKMARK [3][-]{subsubsection.10.2.3.1}{\376\377\225\356\230\230\200\314\146\157\377\032\145\305\210\114\125\106\225\356\230\230\377\010\000T\000S\000P\377\011}{subsection.10.2.3}% 425
\BOOKMARK [3][-]{subsubsection.10.2.3.2}{\376\377\000A\000S\173\227\154\325\166\204\150\070\137\303\211\201\175\040}{subsection.10.2.3}% 426
\BOOKMARK [3][-]{subsubsection.10.2.3.3}{\376\377\215\357\137\204\147\204\136\372\377\032\226\217\147\072\153\324\117\213\211\304\122\031}{subsection.10.2.3}% 427
\BOOKMARK [3][-]{subsubsection.10.2.3.4}{\376\377\117\341\140\157\175\040\146\364\145\260\147\072\122\066}{subsection.10.2.3}% 428
\BOOKMARK [3][-]{subsubsection.10.2.3.5}{\376\377\122\035\131\313\117\341\140\157\175\040\213\276\177\156\377\032\116\000\116\052\131\175\166\204\215\167\160\271}{subsection.10.2.3}% 429
\BOOKMARK [3][-]{subsubsection.10.2.3.6}{\376\377\000A\000S\173\227\154\325\166\204\133\214\145\164\155\101\172\013}{subsection.10.2.3}% 430
\BOOKMARK [2][-]{subsection.10.2.4}{\376\377\000A\000S\173\227\154\325\133\236\117\213\377\032\126\333\127\316\136\002\000T\000S\000P\225\356\230\230\166\204\133\214\145\164\143\250\157\024}{section.10.2}% 431
\BOOKMARK [3][-]{subsubsection.10.2.4.1}{\376\377\173\054\116\000\153\145\377\032\122\035\131\313\123\026}{subsection.10.2.4}% 432
\BOOKMARK [3][-]{subsubsection.10.2.4.2}{\376\377\173\054\116\214\153\145\377\032\173\054\116\000\217\156\215\357\137\204\147\204\136\372}{subsection.10.2.4}% 433
\BOOKMARK [3][-]{subsubsection.10.2.4.3}{\376\377\173\054\116\011\153\145\377\032\173\054\116\000\217\156\117\341\140\157\175\040\146\364\145\260}{subsection.10.2.4}% 434
\BOOKMARK [3][-]{subsubsection.10.2.4.4}{\376\377\173\227\154\325\217\333\134\125\122\006\147\220}{subsection.10.2.4}% 435
\BOOKMARK [2][-]{subsection.10.2.5}{\376\377\206\201\177\244\174\373\176\337\377\010\000A\000C\000S\377\011\377\032\116\316\000A\000S\122\060\146\364\232\330\145\110\166\204\206\201\177\244}{section.10.2}% 436
\BOOKMARK [3][-]{subsubsection.10.2.5.1}{\376\377\000A\000S\173\227\154\325\166\204\116\015\215\263\377\032\116\072\116\300\116\110\227\000\211\201\145\071\217\333\377\037}{subsection.10.2.5}% 437
\BOOKMARK [3][-]{subsubsection.10.2.5.2}{\376\377\145\071\217\333\116\000\377\032\117\052\226\217\147\072\153\324\117\213\211\304\122\031\040\024\040\024\143\242\175\042\116\016\137\000\123\321\166\204\202\172\147\057}{subsection.10.2.5}% 438
\BOOKMARK [3][-]{subsubsection.10.2.5.3}{\376\377\145\071\217\333\116\214\377\032\134\100\220\350\117\341\140\157\175\040\146\364\145\260\040\024\040\024\133\236\145\366\122\067\145\260\040\034\127\060\126\376\040\035}{subsection.10.2.5}% 439
\BOOKMARK [3][-]{subsubsection.10.2.5.4}{\376\377\145\071\217\333\116\011\377\032\121\150\134\100\117\341\140\157\175\040\146\364\145\260\040\024\040\024\174\276\202\361\173\126\165\145}{subsection.10.2.5}% 440
\BOOKMARK [3][-]{subsubsection.10.2.5.5}{\376\377\117\341\140\157\175\040\217\271\165\114\226\120\122\066\377\032\226\062\153\142\145\351\161\237\166\204\040\034\133\211\121\150\177\121\040\035}{subsection.10.2.5}% 441
\BOOKMARK [3][-]{subsubsection.10.2.5.6}{\376\377\000A\000C\000S\173\227\154\325\166\204\133\214\145\164\155\101\172\013}{subsection.10.2.5}% 442
\BOOKMARK [2][-]{subsection.10.2.6}{\376\377\000A\000C\000O\123\302\145\160\213\276\177\156\116\016\214\003\117\030\377\032\213\251\173\227\154\325\123\321\143\045\147\000\131\047\157\134\122\233}{section.10.2}% 443
\BOOKMARK [3][-]{subsubsection.10.2.6.1}{\376\377\123\302\145\160\121\150\146\157\377\032\000A\000C\000O\173\227\154\325\166\204\000"\214\003\202\162\147\177\000"}{subsection.10.2.6}% 444
\BOOKMARK [3][-]{subsubsection.10.2.6.2}{\376\377\206\202\206\201\145\160\221\317\000m\377\032\143\242\175\042\166\204\136\177\136\246\116\016\145\110\163\207\166\204\147\103\210\141}{subsection.10.2.6}% 445
\BOOKMARK [3][-]{subsubsection.10.2.6.3}{\376\377\116\016\166\204\136\163\210\141\377\032\176\317\232\214\116\016\166\364\211\311\166\204\123\132\137\010}{subsection.10.2.6}% 446
\BOOKMARK [3][-]{subsubsection.10.2.6.4}{\376\377\143\045\123\321\163\207\377\032\213\260\137\306\166\204\123\112\210\160\147\037}{subsection.10.2.6}% 447
\BOOKMARK [3][-]{subsubsection.10.2.6.5}{\376\377\137\000\123\321\151\202\163\207\000q\0000\116\016\134\100\220\350\143\045\123\321\163\207\377\032\000A\000C\000S\162\171\147\011\166\204\137\256\214\003\145\313\224\256}{subsection.10.2.6}% 448
\BOOKMARK [3][-]{subsubsection.10.2.6.6}{\376\377\122\035\131\313\117\341\140\157\175\040\0000\377\032\215\167\153\145\166\204\000"\127\372\121\306\176\277\000"}{subsection.10.2.6}% 449
\BOOKMARK [3][-]{subsubsection.10.2.6.7}{\376\377\123\302\145\160\214\003\117\030\166\204\133\236\165\050\173\126\165\145}{subsection.10.2.6}% 450
\BOOKMARK [2][-]{subsection.10.2.7}{\376\377\000A\000C\000O\116\016\121\166\116\326\173\227\154\325\166\204\155\361\136\246\133\371\153\324\377\032\124\004\147\011\123\103\171\313\166\204\117\030\123\026\124\362\133\146}{section.10.2}% 451
\BOOKMARK [3][-]{subsubsection.10.2.7.1}{\376\377\000A\000C\000O\116\016\220\127\117\040\173\227\154\325\377\010\000G\000A\377\011\377\032\215\357\137\204\147\204\136\372\000\040\000v\000s\000\040\121\150\134\100\221\315\147\204}{subsection.10.2.7}% 452
\BOOKMARK [3][-]{subsubsection.10.2.7.2}{\376\377\000A\000C\000O\116\016\000Q\000-\000L\000e\000a\000r\000n\000i\000n\000g\377\032\153\212\220\024\124\014\137\122\166\204\000"\176\317\232\214\133\146\116\140\000"}{subsection.10.2.7}% 453
\BOOKMARK [2][-]{subsection.10.2.8}{\376\377\000A\000C\000O\166\204\136\224\165\050\230\206\127\337\377\032\116\316\215\357\137\204\211\304\122\022\122\060\145\160\143\156\143\026\143\230}{section.10.2}% 454
\BOOKMARK [1][-]{section.10.3}{\376\377\220\127\117\040\177\026\172\013\377\032\201\352\122\250\172\013\136\217\165\037\142\020\166\204\217\333\123\026\145\271\154\325}{chapter.10}% 455
\BOOKMARK [2][-]{subsection.10.3.1}{\376\377\220\127\117\040\177\026\172\013\166\204\127\372\147\054\140\035\140\363\377\032\116\316\123\302\145\160\217\333\123\026\122\060\172\013\136\217\217\333\123\026}{section.10.3}% 456
\BOOKMARK [3][-]{subsubsection.10.3.1.1}{\376\377\116\316\123\302\145\160\144\034\175\042\122\060\172\013\136\217\144\034\175\042}{subsection.10.3.1}% 457
\BOOKMARK [3][-]{subsubsection.10.3.1.2}{\376\377\116\016\000G\000A\166\204\155\361\134\102\200\124\174\373}{subsection.10.3.1}% 458
\BOOKMARK [2][-]{subsection.10.3.2}{\376\377\000G\000P\166\204\116\052\117\123\210\150\171\072\377\032\172\013\136\217\150\021}{section.10.3}% 459
\BOOKMARK [3][-]{subsubsection.10.3.2.1}{\376\377\116\000\116\052\121\167\117\123\166\204\117\213\133\120}{subsection.10.3.2}% 460
\BOOKMARK [3][-]{subsubsection.10.3.2.2}{\376\377\127\372\121\103\226\306\377\032\147\204\136\372\172\013\136\217\150\021\166\204\000"\171\357\147\050\000"}{subsection.10.3.2}% 461
\BOOKMARK [2][-]{subsection.10.3.3}{\376\377\000G\000P\166\204\127\372\147\054\153\145\232\244}{section.10.3}% 462
\BOOKMARK [3][-]{subsubsection.10.3.3.1}{\376\377\173\227\154\325\145\164\117\123\155\101\172\013}{subsection.10.3.3}% 463
\BOOKMARK [3][-]{subsubsection.10.3.3.2}{\376\377\171\315\177\244\122\035\131\313\123\026\377\032\131\202\117\125\165\037\142\020\173\054\116\000\116\343\172\013\136\217\150\021}{subsection.10.3.3}% 464
\BOOKMARK [3][-]{subsubsection.10.3.3.3}{\376\377\220\002\136\224\136\246\213\304\117\060\377\032\213\251\172\013\136\217\000"\215\321\000"\116\000\220\115}{subsection.10.3.3}% 465
\BOOKMARK [3][-]{subsubsection.10.3.3.4}{\376\377\220\011\142\351\144\315\117\134\377\032\162\151\172\336\131\051\142\351}{subsection.10.3.3}% 466
\BOOKMARK [3][-]{subsubsection.10.3.3.5}{\376\377\116\244\123\311\144\315\117\134\377\032\133\120\150\021\116\244\143\142}{subsection.10.3.3}% 467
\BOOKMARK [3][-]{subsubsection.10.3.3.6}{\376\377\123\330\137\002\144\315\117\134}{subsection.10.3.3}% 468
\BOOKMARK [3][-]{subsubsection.10.3.3.7}{\376\377\131\015\122\066\144\315\117\134}{subsection.10.3.3}% 469
\BOOKMARK [2][-]{subsection.10.3.4}{\376\377\000G\000P\166\204\123\302\145\160\213\276\177\156\116\016\214\003\117\030}{section.10.3}% 470
\BOOKMARK [2][-]{subsection.10.3.5}{\376\377\136\224\165\050\150\110\117\213\377\032\173\046\123\367\126\336\137\122\166\204\133\214\145\164\143\250\157\024}{section.10.3}% 471
\BOOKMARK [3][-]{subsubsection.10.3.5.1}{\376\377\225\356\230\230\143\317\217\360\116\016\000G\000P\213\276\177\156}{subsection.10.3.5}% 472
\BOOKMARK [3][-]{subsubsection.10.3.5.2}{\376\377\173\054\0001\116\343\377\032\122\035\131\313\123\026\116\016\220\002\136\224\136\246\213\304\117\060}{subsection.10.3.5}% 473
\BOOKMARK [3][-]{subsubsection.10.3.5.3}{\376\377\173\054\0001\116\343\166\204\220\127\117\040\144\315\117\134}{subsection.10.3.5}% 474
\BOOKMARK [3][-]{subsubsection.10.3.5.4}{\376\377\116\015\124\014\126\336\137\122\145\271\154\325\166\204\133\371\153\324}{subsection.10.3.5}% 475
\BOOKMARK [2][-]{subsection.10.3.6}{\376\377\000G\000P\227\142\116\064\166\204\143\021\142\030\116\016\136\224\133\371\173\126\165\145}{section.10.3}% 476
\BOOKMARK [3][-]{subsubsection.10.3.6.1}{\376\377\172\013\136\217\201\250\200\300\377\032\000G\000P\166\204\000"\226\077\125\200\164\011\145\257\116\113\216\065\000"}{subsection.10.3.6}% 477
\BOOKMARK [3][-]{subsubsection.10.3.6.2}{\376\377\144\034\175\042\172\172\225\364\166\204\211\304\152\041\116\016\143\242\175\042\173\126\165\145}{subsection.10.3.6}% 478
\BOOKMARK [3][-]{subsubsection.10.3.6.3}{\376\377\217\307\142\337\124\010\116\016\154\333\123\026\200\375\122\233}{subsection.10.3.6}% 479
\BOOKMARK [2][-]{subsection.10.3.7}{\376\377\000G\000P\116\016\121\166\116\326\173\227\154\325\166\204\155\361\136\246\133\371\153\324}{section.10.3}% 480
\BOOKMARK [3][-]{subsubsection.10.3.7.1}{\376\377\000G\000P\116\016\155\361\136\246\137\072\123\026\133\146\116\140\377\010\000D\000R\000L\377\011\166\204\133\371\153\324}{subsection.10.3.7}% 481
\BOOKMARK [3][-]{subsubsection.10.3.7.2}{\376\377\117\134\116\072\173\126\165\145\210\150\171\072\166\204\000G\000P}{subsection.10.3.7}% 482
\BOOKMARK [2][-]{subsection.10.3.8}{\376\377\000G\000P\166\204\136\224\165\050\230\206\127\337}{section.10.3}% 483
\BOOKMARK [0][-]{chapter.11}{\376\377\133\146\116\140\217\205\122\251\166\204\201\352\122\250\173\227\154\325\213\276\213\241}{part.3}% 484
\BOOKMARK [1][-]{section.11.1}{\376\377\154\241\147\011\121\115\215\071\166\204\123\110\231\020\133\232\164\006\377\032\117\030\123\026\173\227\154\325\166\204\150\071\147\054\134\100\226\120}{chapter.11}% 485
\BOOKMARK [2][-]{subsection.11.1.1}{\376\377\117\030\123\026\173\227\154\325\116\015\133\130\127\050\146\156\220\002\147\000\117\030\211\343}{section.11.1}% 486
\BOOKMARK [2][-]{subsection.11.1.2}{\376\377\000N\000F\000L\133\232\164\006\166\204\145\160\133\146\210\150\217\360}{section.11.1}% 487
\BOOKMARK [2][-]{subsection.11.1.3}{\376\377\000N\000F\000L\133\232\164\006\166\204\166\364\211\302\164\006\211\343\377\032\116\072\116\300\116\110\000"\131\175\000"\116\016\000"\127\117\000"\137\305\230\173\133\210\140\122}{section.11.1}% 488
\BOOKMARK [2][-]{subsection.11.1.4}{\376\377\000N\000F\000L\133\232\164\006\166\204\116\000\116\052\146\364\174\276\170\156\166\204\213\301\146\016\140\035\215\357}{section.11.1}% 489
\BOOKMARK [2][-]{subsection.11.1.5}{\376\377\000N\000F\000L\133\232\164\006\166\204\124\057\171\072\377\032\116\316\000"\133\373\142\176\116\007\200\375\173\227\154\325\000"\122\060\000"\122\051\165\050\121\110\232\214\167\345\213\306\000"}{section.11.1}% 490
\BOOKMARK [1][-]{section.11.2}{\376\377\116\316\176\317\232\214\154\325\122\031\122\060\145\160\143\156\232\161\122\250\145\271\154\325}{chapter.11}% 491
\BOOKMARK [2][-]{subsection.11.2.1}{\376\377\176\317\232\214\154\325\122\031\145\271\154\325}{section.11.2}% 492
\BOOKMARK [2][-]{subsection.11.2.2}{\376\377\121\103\133\146\116\140\377\032\116\316\145\160\143\156\116\055\133\146\117\032\220\011\142\351\173\227\154\325}{section.11.2}% 493
\BOOKMARK [3][-]{subsubsection.11.2.2.1}{\376\377\121\103\133\146\116\140\166\204\127\372\147\054\150\106\147\266}{subsection.11.2.2}% 494
\BOOKMARK [3][-]{subsubsection.11.2.2.2}{\376\377\121\103\133\146\116\140\166\204\145\160\133\146\137\142\137\017\123\026}{subsection.11.2.2}% 495
\BOOKMARK [3][-]{subsubsection.11.2.2.3}{\376\377\225\356\230\230\162\171\137\201\123\026\377\032\121\103\133\146\116\140\166\204\121\163\225\056\143\021\142\030}{subsection.11.2.2}% 496
\BOOKMARK [3][-]{subsubsection.11.2.2.4}{\376\377\121\103\133\146\116\140\166\204\117\030\122\277\124\214\134\100\226\120}{subsection.11.2.2}% 497
\BOOKMARK [1][-]{section.11.3}{\376\377\133\146\116\140\217\205\122\251\166\204\117\030\123\026\377\032\000L\0002\000O\116\016\000N\000C\000O}{chapter.11}% 498
\BOOKMARK [2][-]{subsection.11.3.1}{\376\377\000L\0002\000O\377\032\133\146\116\140\117\030\123\026\126\150\166\204\146\364\145\260\211\304\122\031}{section.11.3}% 499
\BOOKMARK [3][-]{subsubsection.11.3.1.1}{\376\377\116\316\142\113\135\345\213\276\213\241\122\060\201\352\122\250\133\146\116\140\377\032\000L\0002\000O\166\204\150\070\137\303\140\035\140\363}{subsection.11.3.1}% 500
\BOOKMARK [3][-]{subsubsection.11.3.1.2}{\376\377\000L\0002\000O\000-\000R\000N\000N\377\032\165\050\137\252\163\257\171\136\176\317\177\121\176\334\117\134\116\072\117\030\123\026\126\150}{subsection.11.3.1}% 501
\BOOKMARK [3][-]{subsubsection.11.3.1.3}{\376\377\000L\0002\000O\166\204\145\160\133\146\176\306\202\202\377\032\220\032\217\307\145\366\225\364\166\204\123\315\124\021\117\040\144\255}{subsection.11.3.1}% 502
\BOOKMARK [3][-]{subsubsection.11.3.1.4}{\376\377\000L\0002\000O\133\146\122\060\116\206\116\300\116\110\377\037}{subsection.11.3.1}% 503
\BOOKMARK [2][-]{subsection.11.3.2}{\376\377\000N\000C\000O\377\032\165\050\171\136\176\317\177\121\176\334\211\343\121\263\176\304\124\010\117\030\123\026}{section.11.3}% 504
\BOOKMARK [3][-]{subsubsection.11.3.2.1}{\376\377\000N\000C\000O\166\204\127\372\147\054\140\035\215\357\377\032\134\006\176\304\124\010\117\030\123\026\217\154\123\026\116\072\136\217\122\027\165\037\142\020}{subsection.11.3.2}% 505
\BOOKMARK [3][-]{subsubsection.11.3.2.2}{\376\377\000N\000C\000O\166\204\177\026\170\001\126\150\000-\211\343\170\001\126\150\147\266\147\204}{subsection.11.3.2}% 506
\BOOKMARK [3][-]{subsubsection.11.3.2.3}{\376\377\000N\000C\000O\166\204\213\255\176\303\145\271\154\325\377\032\173\126\165\145\150\257\136\246}{subsection.11.3.2}% 507
\BOOKMARK [3][-]{subsubsection.11.3.2.4}{\376\377\000N\000C\000O\166\204\117\030\122\277\116\016\134\100\226\120}{subsection.11.3.2}% 508
\BOOKMARK [1][-]{section.11.4}{\376\377\121\103\236\321\173\261\117\030\123\026\377\032\201\352\122\250\173\227\154\325\213\276\213\241\166\204\176\337\116\000\150\106\147\266}{chapter.11}% 509
\BOOKMARK [2][-]{subsection.11.4.1}{\376\377\116\316\121\167\117\123\145\271\154\325\122\060\176\337\116\000\150\106\147\266}{section.11.4}% 510
\BOOKMARK [2][-]{subsection.11.4.2}{\376\377\000M\000e\000t\000a\000B\000B\000O\166\204\145\160\133\146\137\142\137\017\123\026}{section.11.4}% 511
\BOOKMARK [3][-]{subsubsection.11.4.2.1}{\376\377\162\266\140\001\000-\122\250\117\134\000-\131\126\122\261\150\106\147\266}{subsection.11.4.2}% 512
\BOOKMARK [2][-]{subsection.11.4.3}{\376\377\000M\000e\000t\000a\000B\000B\000O\166\204\133\146\116\140\145\271\137\017\122\006\174\173}{section.11.4}% 513
\BOOKMARK [2][-]{subsection.11.4.4}{\376\377\116\316\217\223\121\372\137\142\137\017\167\013\000M\000e\000t\000a\000B\000B\000O\166\204\122\006\174\173}{section.11.4}% 514
\BOOKMARK [1][-]{section.11.5}{\376\377\201\352\122\250\173\227\154\325\213\276\213\241\166\204\116\011\131\047\150\070\137\303\142\200\147\057}{chapter.11}% 515
\BOOKMARK [2][-]{subsection.11.5.1}{\376\377\201\352\122\250\173\227\154\325\220\011\142\351}{section.11.5}% 516
\BOOKMARK [3][-]{subsubsection.11.5.1.1}{\376\377\225\356\230\230\137\142\137\017\123\026}{subsection.11.5.1}% 517
\BOOKMARK [3][-]{subsubsection.11.5.1.2}{\376\377\116\316\000k\217\321\220\273\122\060\173\227\154\325\214\003\136\246\377\032\220\011\142\351\173\126\165\145\166\204\220\022\217\333}{subsection.11.5.1}% 518
\BOOKMARK [3][-]{subsubsection.11.5.1.3}{\376\377\213\304\117\060\143\007\150\007\377\032\131\202\117\125\210\141\221\317\220\011\142\351\166\204\215\050\221\317}{subsection.11.5.1}% 519
\BOOKMARK [2][-]{subsection.11.5.2}{\376\377\201\352\122\250\173\227\154\325\221\115\177\156}{section.11.5}% 520
\BOOKMARK [3][-]{subsubsection.11.5.2.1}{\376\377\116\316\173\227\154\325\220\011\142\351\122\060\173\227\154\325\221\115\177\156}{subsection.11.5.2}% 521
\BOOKMARK [3][-]{subsubsection.11.5.2.2}{\376\377\221\115\177\156\172\172\225\364\166\204\131\015\147\102\140\047}{subsection.11.5.2}% 522
\BOOKMARK [3][-]{subsubsection.11.5.2.3}{\376\377\215\035\123\366\145\257\117\030\123\026\377\032\221\115\177\156\166\204\116\073\155\101\145\271\154\325}{subsection.11.5.2}% 523
\BOOKMARK [3][-]{subsubsection.11.5.2.4}{\376\377\000S\000M\000A\000C\124\214\000i\000r\000a\000c\000e\377\032\116\044\131\047\116\343\210\150\140\047\221\115\177\156\135\345\121\167}{subsection.11.5.2}% 524
\BOOKMARK [2][-]{subsection.11.5.3}{\376\377\201\352\122\250\173\227\154\325\165\037\142\020}{section.11.5}% 525
\BOOKMARK [3][-]{subsubsection.11.5.3.1}{\376\377\116\316\220\011\142\351\124\214\221\115\177\156\122\060\165\037\142\020\377\032\215\350\215\212\000"\122\033\220\040\166\204\217\271\165\114\000"}{subsection.11.5.3}% 526
\BOOKMARK [3][-]{subsubsection.11.5.3.2}{\376\377\173\227\154\325\165\037\142\020\166\204\144\034\175\042\172\172\225\364}{subsection.11.5.3}% 527
\BOOKMARK [3][-]{subsubsection.11.5.3.3}{\376\377\127\372\116\216\220\127\117\040\177\026\172\013\166\204\173\227\154\325\165\037\142\020}{subsection.11.5.3}% 528
\BOOKMARK [3][-]{subsubsection.11.5.3.4}{\376\377\127\372\116\216\137\072\123\026\133\146\116\140\166\204\173\227\154\325\165\037\142\020}{subsection.11.5.3}% 529
\BOOKMARK [3][-]{subsubsection.11.5.3.5}{\376\377\127\372\116\216\131\047\213\355\212\000\152\041\127\213\166\204\173\227\154\325\165\037\142\020}{subsection.11.5.3}% 530
\BOOKMARK [1][-]{section.11.6}{\376\377\150\070\137\303\143\021\142\030\116\016\147\052\147\145\145\271\124\021}{chapter.11}% 531
\BOOKMARK [2][-]{subsection.11.6.1}{\376\377\143\021\142\030\116\000\377\032\154\333\123\026\200\375\122\233\116\016\215\350\225\356\230\230\217\301\171\373}{section.11.6}% 532
\BOOKMARK [2][-]{subsection.11.6.2}{\376\377\143\021\142\030\116\214\377\032\121\154\136\163\234\201\150\322\166\204\213\304\117\060\117\123\174\373}{section.11.6}% 533
\BOOKMARK [2][-]{subsection.11.6.3}{\376\377\147\052\147\145\145\271\124\021\377\032\164\006\213\272\116\016\133\236\215\365\166\204\155\361\136\246\207\215\124\010}{section.11.6}% 534
