[
    {
        "script":  "audit_humanize_generation_qualification.py",
        "exit_code":  0,
        "status":  "PASS"
    },
    {
        "script":  "build_humanize_action_profile.py",
        "exit_code":  0,
        "status":  "PASS"
    },
    {
        "script":  "build_humanize_generator_projection.py",
        "exit_code":  0,
        "status":  "PASS"
    },
    {
        "script":  "build_humanize_voice_profile.py",
        "exit_code":  0,
        "status":  "PASS"
    },
    {
        "script":  "check_humanize_invariants.py",
        "exit_code":  0,
        "status":  "PASS"
    },
    {
        "script":  "extract_detector_report_scope.py",
        "exit_code":  0,
        "status":  "PASS"
    },
    {
        "script":  "finalize_humanize_long_document.py",
        "exit_code":  0,
        "status":  "PASS"
    },
    {
        "script":  "load_humanize_negative_guards.py",
        "exit_code":  0,
        "status":  "PASS"
    },
    {
        "script":  "prepare_humanize_candidate_revision.py",
        "exit_code":  0,
        "status":  "PASS"
    },
    {
        "script":  "prepare_humanize_long_document.py",
        "exit_code":  0,
        "status":  "PASS"
    },
    {
        "script":  "prepare_humanize_second_pass.py",
        "exit_code":  0,
        "status":  "PASS"
    },
    {
        "script":  "replay_humanize_long_fixture.py",
        "exit_code":  0,
        "status":  "PASS"
    },
    {
        "script":  "route_humanize_scene.py",
        "exit_code":  0,
        "status":  "PASS"
    },
    {
        "script":  "run_humanize_generation_trial.py",
        "exit_code":  0,
        "status":  "PASS"
    },
    {
        "script":  "scan_humanize_chinese.py",
        "exit_code":  0,
        "status":  "PASS"
    },
    {
        "script":  "seal_humanize_public_fixture.py",
        "exit_code":  0,
        "status":  "PASS"
    },
    {
        "script":  "validate_humanize_candidate_queue.py",
        "exit_code":  0,
        "status":  "PASS"
    },
    {
        "script":  "validate_humanize_output.py",
        "exit_code":  0,
        "status":  "PASS"
    },
    {
        "script":  "validate_humanize_voice_profile.py",
        "exit_code":  0,
        "status":  "PASS"
    },
    {
        "script":  "verify_humanize_second_pass.py",
        "exit_code":  0,
        "status":  "PASS"
    }
]
{
    "scripts":  20,
    "failures":  0
}
