This is XeTeX, Version 3.141592653-2.6-0.999997 (TeX Live 2025) (preloaded format=xelatex 2025.8.30)  14 MAY 2026 18:22
entering extended mode
 restricted \write18 enabled.
 file:line:error style messages enabled.
 %&-line parsing enabled.
**DiscreteMathematics.tex
(./DiscreteMathematics.tex
LaTeX2e <2024-11-01> patch level 2
L3 programming layer <2025-01-18>
(./elegantbook.cls
Document Class: elegantbook 2022/04/09 v4.3 ElegantBook document class

(e:/Program Files/LateX/texlive/2025/texmf-dist/tex/latex/kvoptions/kvoptions.s
ty
Package: kvoptions 2022-06-15 v3.15 Key value format for package options (HO)

(e:/Program Files/LateX/texlive/2025/texmf-dist/tex/latex/graphics/keyval.sty
Package: keyval 2022/05/29 v1.15 key=value parser (DPC)
\KV@toks@=\toks17
)
(e:/Program Files/LateX/texlive/2025/texmf-dist/tex/generic/ltxcmds/ltxcmds.sty
Package: ltxcmds 2023-12-04 v1.26 LaTeX kernel commands for general use (HO)
)
(e:/Program Files/LateX/texlive/2025/texmf-dist/tex/latex/kvsetkeys/kvsetkeys.s
ty
Package: kvsetkeys 2022-10-05 v1.19 Key value parser (HO)
))
(e:/Program Files/LateX/texlive/2025/texmf-dist/tex/latex/etoolbox/etoolbox.sty
Package: etoolbox 2025/02/11 v2.5l e-TeX tools for LaTeX (JAW)
\etb@tempcnta=\count192
) (e:/Program Files/LateX/texlive/2025/texmf-dist/tex/latex/base/book.cls
Document Class: book 2024/06/29 v1.4n Standard LaTeX document class
(e:/Program Files/LateX/texlive/2025/texmf-dist/tex/latex/base/bk11.clo
File: bk11.clo 2024/06/29 v1.4n Standard LaTeX file (size option)
)
\c@part=\count193
\c@chapter=\count194
\c@section=\count195
\c@subsection=\count196
\c@subsubsection=\count197
\c@paragraph=\count198
\c@subparagraph=\count199
\c@figure=\count266
\c@table=\count267
\abovecaptionskip=\skip49
\belowcaptionskip=\skip50
\bibindent=\dimen141
)
(e:/Program Files/LateX/texlive/2025/texmf-dist/tex/latex/setspace/setspace.sty
Package: setspace 2022/12/04 v6.7b set line spacing
)
(e:/Program Files/LateX/texlive/2025/texmf-dist/tex/latex/csquotes/csquotes.sty
Package: csquotes 2024-04-04 v5.2o context-sensitive quotations (JAW)
\csq@reset=\count268
\csq@gtype=\count269
\csq@glevel=\count270
\csq@qlevel=\count271
\csq@maxlvl=\count272
\csq@tshold=\count273
\csq@ltx@everypar=\toks18

(e:/Program Files/LateX/texlive/2025/texmf-dist/tex/latex/csquotes/csquotes.def
File: csquotes.def 2024-04-04 v5.2o csquotes generic definitions (JAW)
)
Package csquotes Info: Trying to load configuration file 'csquotes.cfg'...
Package csquotes Info: ... configuration file loaded successfully.

(e:/Program Files/LateX/texlive/2025/texmf-dist/tex/latex/csquotes/csquotes.cfg
File: csquotes.cfg 
))
(e:/Program Files/LateX/texlive/2025/texmf-dist/tex/latex/hyperref/hyperref.sty
Package: hyperref 2024-11-05 v7.01l Hypertext links for LaTeX
(e:/Program Files/LateX/texlive/2025/texmf-dist/tex/generic/iftex/iftex.sty
Package: iftex 2024/12/12 v1.0g TeX engine tests
)
(e:/Program Files/LateX/texlive/2025/texmf-dist/tex/generic/kvdefinekeys/kvdefi
nekeys.sty
Package: kvdefinekeys 2019-12-19 v1.6 Define keys (HO)
)
(e:/Program Files/LateX/texlive/2025/texmf-dist/tex/generic/pdfescape/pdfescape
.sty
Package: pdfescape 2019/12/09 v1.15 Implements pdfTeX's escape features (HO)

(e:/Program Files/LateX/texlive/2025/texmf-dist/tex/generic/pdftexcmds/pdftexcm
ds.sty
Package: pdftexcmds 2020-06-27 v0.33 Utility functions of pdfTeX for LuaTeX (HO
)

(e:/Program Files/LateX/texlive/2025/texmf-dist/tex/generic/infwarerr/infwarerr
.sty
Package: infwarerr 2019/12/03 v1.5 Providing info/warning/error messages (HO)
)
Package pdftexcmds Info: \pdf@primitive is available.
Package pdftexcmds Info: \pdf@ifprimitive is available.
Package pdftexcmds Info: \pdfdraftmode not found.
))
(e:/Program Files/LateX/texlive/2025/texmf-dist/tex/latex/hycolor/hycolor.sty
Package: hycolor 2020-01-27 v1.10 Color options for hyperref/bookmark (HO)
)
(e:/Program Files/LateX/texlive/2025/texmf-dist/tex/latex/hyperref/nameref.sty
Package: nameref 2023-11-26 v2.56 Cross-referencing by name of section

(e:/Program Files/LateX/texlive/2025/texmf-dist/tex/latex/refcount/refcount.sty
Package: refcount 2019/12/15 v3.6 Data extraction from label references (HO)
)
(e:/Program Files/LateX/texlive/2025/texmf-dist/tex/generic/gettitlestring/gett
itlestring.sty
Package: gettitlestring 2019/12/15 v1.6 Cleanup title references (HO)
)
\c@section@level=\count274
)
(e:/Program Files/LateX/texlive/2025/texmf-dist/tex/generic/stringenc/stringenc
.sty
Package: stringenc 2019/11/29 v1.12 Convert strings between diff. encodings (HO
)
)
\@linkdim=\dimen142
\Hy@linkcounter=\count275
\Hy@pagecounter=\count276

(e:/Program Files/LateX/texlive/2025/texmf-dist/tex/latex/hyperref/pd1enc.def
File: pd1enc.def 2024-11-05 v7.01l Hyperref: PDFDocEncoding definition (HO)
)
(e:/Program Files/LateX/texlive/2025/texmf-dist/tex/generic/intcalc/intcalc.sty
Package: intcalc 2019/12/15 v1.3 Expandable calculations with integers (HO)
)
\Hy@SavedSpaceFactor=\count277
 (e:/Program Files/LateX/texlive/2025/texmf-dist/tex/latex/hyperref/puenc.def
File: puenc.def 2024-11-05 v7.01l Hyperref: PDF Unicode definition (HO)
)
Package hyperref Info: Hyper figures OFF on input line 4157.
Package hyperref Info: Link nesting OFF on input line 4162.
Package hyperref Info: Hyper index ON on input line 4165.
Package hyperref Info: Plain pages OFF on input line 4172.
Package hyperref Info: Backreferencing OFF on input line 4177.
Package hyperref Info: Implicit mode ON; LaTeX internals redefined.
Package hyperref Info: Bookmarks ON on input line 4424.
\c@Hy@tempcnt=\count278
(e:/Program Files/LateX/texlive/2025/texmf-dist/tex/latex/url/url.sty
\Urlmuskip=\muskip17
Package: url 2013/09/16  ver 3.4  Verb mode for urls, etc.
)
LaTeX Info: Redefining \url on input line 4763.
\XeTeXLinkMargin=\dimen143

(e:/Program Files/LateX/texlive/2025/texmf-dist/tex/generic/bitset/bitset.sty
Package: bitset 2019/12/09 v1.3 Handle bit-vector datatype (HO)

(e:/Program Files/LateX/texlive/2025/texmf-dist/tex/generic/bigintcalc/bigintca
lc.sty
Package: bigintcalc 2019/12/15 v1.5 Expandable calculations on big integers (HO
)
))
\Fld@menulength=\count279
\Field@Width=\dimen144
\Fld@charsize=\dimen145
Package hyperref Info: Hyper figures OFF on input line 6042.
Package hyperref Info: Link nesting OFF on input line 6047.
Package hyperref Info: Hyper index ON on input line 6050.
Package hyperref Info: backreferencing OFF on input line 6057.
Package hyperref Info: Link coloring OFF on input line 6062.
Package hyperref Info: Link coloring with OCG OFF on input line 6067.
Package hyperref Info: PDF/A mode OFF on input line 6072.

(e:/Program Files/LateX/texlive/2025/texmf-dist/tex/latex/base/atbegshi-ltx.sty
Package: atbegshi-ltx 2021/01/10 v1.0c Emulation of the original atbegshi
package with kernel methods
)
\Hy@abspage=\count280
\c@Item=\count281
\c@Hfootnote=\count282
)
Package hyperref Info: Driver (autodetected): hxetex.

(e:/Program Files/LateX/texlive/2025/texmf-dist/tex/latex/hyperref/hxetex.def
File: hxetex.def 2024-11-05 v7.01l Hyperref driver for XeTeX
\pdfm@box=\box52
\c@Hy@AnnotLevel=\count283
\HyField@AnnotCount=\count284
\Fld@listcount=\count285
\c@bookmark@seq@number=\count286

(e:/Program Files/LateX/texlive/2025/texmf-dist/tex/latex/rerunfilecheck/rerunf
ilecheck.sty
Package: rerunfilecheck 2022-07-10 v1.10 Rerun checks for auxiliary files (HO)

(e:/Program Files/LateX/texlive/2025/texmf-dist/tex/latex/base/atveryend-ltx.st
y
Package: atveryend-ltx 2020/08/19 v1.0a Emulation of the original atveryend pac
kage
with kernel methods
)
(e:/Program Files/LateX/texlive/2025/texmf-dist/tex/generic/uniquecounter/uniqu
ecounter.sty
Package: uniquecounter 2019/12/15 v1.4 Provide unlimited unique counter (HO)
)
Package uniquecounter Info: New unique counter `rerunfilecheck' on input line 2
85.
)
\Hy@SectionHShift=\skip51
)
Package hyperref Info: Option `breaklinks' set `true' on input line 135.
Package hyperref Info: Option `unicode' set `true' on input line 135.
Package hyperref Info: Option `bookmarksnumbered' set `true' on input line 135.

Package hyperref Info: Option `bookmarksopen' set `true' on input line 135.
Package hyperref Info: Option `colorlinks' set `true' on input line 135.
Package hyperref Info: Option `plainpages' set `false' on input line 135.
Package hyperref Info: Option `linktocpage' set `true' on input line 135.

(e:/Program Files/LateX/texlive/2025/texmf-dist/tex/latex/geometry/geometry.sty
Package: geometry 2020/01/02 v5.9 Page Geometry
(e:/Program Files/LateX/texlive/2025/texmf-dist/tex/generic/iftex/ifvtex.sty
Package: ifvtex 2019/10/25 v1.7 ifvtex legacy package. Use iftex instead.
)
\Gm@cnth=\count287
\Gm@cntv=\count288
\c@Gm@tempcnt=\count289
\Gm@bindingoffset=\dimen146
\Gm@wd@mp=\dimen147
\Gm@odd@mp=\dimen148
\Gm@even@mp=\dimen149
\Gm@layoutwidth=\dimen150
\Gm@layoutheight=\dimen151
\Gm@layouthoffset=\dimen152
\Gm@layoutvoffset=\dimen153
\Gm@dimlist=\toks19
)
(e:/Program Files/LateX/texlive/2025/texmf-dist/tex/latex/tools/indentfirst.sty
Package: indentfirst 2023/07/02 v1.03 Indent first paragraph (DPC)
) (e:/Program Files/LateX/texlive/2025/texmf-dist/tex/latex/comment/comment.sty
\CommentStream=\write3
Excluding comment 'comment')
(e:/Program Files/LateX/texlive/2025/texmf-dist/tex/latex/fontspec/fontspec.sty

(e:/Program Files/LateX/texlive/2025/texmf-dist/tex/latex/l3packages/xparse/xpa
rse.sty
(e:/Program Files/LateX/texlive/2025/texmf-dist/tex/latex/l3kernel/expl3.sty
Package: expl3 2025-01-18 L3 programming layer (loader) 

(e:/Program Files/LateX/texlive/2025/texmf-dist/tex/latex/l3backend/l3backend-x
etex.def
File: l3backend-xetex.def 2024-05-08 L3 backend support: XeTeX
\g__graphics_track_int=\count290
\l__pdf_internal_box=\box53
\g__pdf_backend_annotation_int=\count291
\g__pdf_backend_link_int=\count292
))
Package: xparse 2024-08-16 L3 Experimental document command parser
)
Package: fontspec 2024/05/11 v2.9e Font selection for XeLaTeX and LuaLaTeX

(e:/Program Files/LateX/texlive/2025/texmf-dist/tex/latex/fontspec/fontspec-xet
ex.sty
Package: fontspec-xetex 2024/05/11 v2.9e Font selection for XeLaTeX and LuaLaTe
X
\l__fontspec_script_int=\count293
\l__fontspec_language_int=\count294
\l__fontspec_strnum_int=\count295
\l__fontspec_tmp_int=\count296
\l__fontspec_tmpa_int=\count297
\l__fontspec_tmpb_int=\count298
\l__fontspec_tmpc_int=\count299
\l__fontspec_em_int=\count300
\l__fontspec_emdef_int=\count301
\l__fontspec_strong_int=\count302
\l__fontspec_strongdef_int=\count303
\l__fontspec_tmpa_dim=\dimen154
\l__fontspec_tmpb_dim=\dimen155
\l__fontspec_tmpc_dim=\dimen156

(e:/Program Files/LateX/texlive/2025/texmf-dist/tex/latex/base/fontenc.sty
Package: fontenc 2021/04/29 v2.0v Standard LaTeX package
)
(e:/Program Files/LateX/texlive/2025/texmf-dist/tex/latex/fontspec/fontspec.cfg
)))
LaTeX Font Info:    Font shape `TU/texgyretermes(0)/m/n' will be
(Font)              scaled to size 10.95pt on input line 187.
 (e:/Program Files/LateX/texlive/2025/texmf-dist/tex/latex/ctex/ctex.sty
Package: ctex 2022/07/14 v2.5.10 Chinese adapter in LaTeX (CTEX)

(e:/Program Files/LateX/texlive/2025/texmf-dist/tex/latex/ctex/ctexhook.sty
Package: ctexhook 2022/07/14 v2.5.10 Document and package hooks (CTEX)
)
(e:/Program Files/LateX/texlive/2025/texmf-dist/tex/latex/ctex/ctexpatch.sty
Package: ctexpatch 2022/07/14 v2.5.10 Patching commands (CTEX)
)
(e:/Program Files/LateX/texlive/2025/texmf-dist/tex/latex/base/fix-cm.sty
Package: fix-cm 2020/11/24 v1.1t fixes to LaTeX

(e:/Program Files/LateX/texlive/2025/texmf-dist/tex/latex/base/ts1enc.def
File: ts1enc.def 2001/06/05 v3.0e (jk/car/fm) Standard LaTeX file
LaTeX Font Info:    Redeclaring font encoding TS1 on input line 47.
))
\l__ctex_tmp_int=\count304
\l__ctex_tmp_box=\box54
\l__ctex_tmp_dim=\dimen157
\g__ctex_section_depth_int=\count305
\g__ctex_font_size_int=\count306

(e:/Program Files/LateX/texlive/2025/texmf-dist/tex/latex/ctex/config/ctexopts.
cfg
File: ctexopts.cfg 2022/07/14 v2.5.10 Option configuration file (CTEX)
)
(e:/Program Files/LateX/texlive/2025/texmf-dist/tex/latex/ctex/engine/ctex-engi
ne-xetex.def
File: ctex-engine-xetex.def 2022/07/14 v2.5.10 XeLaTeX adapter (CTEX)

(e:/Program Files/LateX/texlive/2025/texmf-dist/tex/xelatex/xecjk/xeCJK.sty
Package: xeCJK 2022/08/05 v3.9.1 Typesetting CJK scripts with XeLaTeX

(e:/Program Files/LateX/texlive/2025/texmf-dist/tex/latex/l3packages/xtemplate/
xtemplate.sty
Package: xtemplate 2024-08-16 L3 Experimental prototype document functions
)
\l__xeCJK_tmp_int=\count307
\l__xeCJK_tmp_box=\box55
\l__xeCJK_tmp_dim=\dimen158
\l__xeCJK_tmp_skip=\skip52
\g__xeCJK_space_factor_int=\count308
\l__xeCJK_begin_int=\count309
\l__xeCJK_end_int=\count310
\c__xeCJK_CJK_class_int=\XeTeXcharclass1
\c__xeCJK_FullLeft_class_int=\XeTeXcharclass2
\c__xeCJK_FullRight_class_int=\XeTeXcharclass3
\c__xeCJK_HalfLeft_class_int=\XeTeXcharclass4
\c__xeCJK_HalfRight_class_int=\XeTeXcharclass5
\c__xeCJK_NormalSpace_class_int=\XeTeXcharclass6
\c__xeCJK_CM_class_int=\XeTeXcharclass7
\c__xeCJK_HangulJamo_class_int=\XeTeXcharclass8
\l__xeCJK_last_skip=\skip53
\c__xeCJK_none_node=\count311
\g__xeCJK_node_int=\count312
\c__xeCJK_CJK_node_dim=\dimen159
\c__xeCJK_CJK-space_node_dim=\dimen160
\c__xeCJK_default_node_dim=\dimen161
\c__xeCJK_CJK-widow_node_dim=\dimen162
\c__xeCJK_normalspace_node_dim=\dimen163
\c__xeCJK_default-space_node_skip=\skip54
\l__xeCJK_ccglue_skip=\skip55
\l__xeCJK_ecglue_skip=\skip56
\l__xeCJK_punct_kern_skip=\skip57
\l__xeCJK_indent_box=\box56
\l__xeCJK_last_penalty_int=\count313
\l__xeCJK_last_bound_dim=\dimen164
\l__xeCJK_last_kern_dim=\dimen165
\l__xeCJK_widow_penalty_int=\count314

LaTeX template Info: Declaring template type 'xeCJK/punctuation' taking 0
(template)           argument(s) on line 2396.

\l__xeCJK_fixed_punct_width_dim=\dimen166
\l__xeCJK_mixed_punct_width_dim=\dimen167
\l__xeCJK_middle_punct_width_dim=\dimen168
\l__xeCJK_fixed_margin_width_dim=\dimen169
\l__xeCJK_mixed_margin_width_dim=\dimen170
\l__xeCJK_middle_margin_width_dim=\dimen171
\l__xeCJK_bound_punct_width_dim=\dimen172
\l__xeCJK_bound_margin_width_dim=\dimen173
\l__xeCJK_margin_minimum_dim=\dimen174
\l__xeCJK_kerning_total_width_dim=\dimen175
\l__xeCJK_same_align_margin_dim=\dimen176
\l__xeCJK_different_align_margin_dim=\dimen177
\l__xeCJK_kerning_margin_width_dim=\dimen178
\l__xeCJK_kerning_margin_minimum_dim=\dimen179
\l__xeCJK_bound_dim=\dimen180
\l__xeCJK_reverse_bound_dim=\dimen181
\l__xeCJK_margin_dim=\dimen182
\l__xeCJK_minimum_bound_dim=\dimen183
\l__xeCJK_kerning_margin_dim=\dimen184
\g__xeCJK_family_int=\count315
\l__xeCJK_fam_int=\count316
\g__xeCJK_fam_allocation_int=\count317
\l__xeCJK_verb_case_int=\count318
\l__xeCJK_verb_exspace_skip=\skip58

(e:/Program Files/LateX/texlive/2025/texmf-dist/tex/xelatex/xecjk/xeCJK.cfg
File: xeCJK.cfg 2022/08/05 v3.9.1 Configuration file for xeCJK package
))
\ccwd=\dimen185
\l__ctex_ccglue_skip=\skip59
)
\l__ctex_ziju_dim=\dimen186

(e:/Program Files/LateX/texlive/2025/texmf-dist/tex/latex/zhnumber/zhnumber.sty
Package: zhnumber 2022/07/14 v3.0 Typesetting numbers with Chinese glyphs
\l__zhnum_scale_int=\count319
\l__zhnum_tmp_int=\count320

(e:/Program Files/LateX/texlive/2025/texmf-dist/tex/latex/zhnumber/zhnumber-utf
8.cfg
File: zhnumber-utf8.cfg 2022/07/14 v3.0 Chinese numerals with UTF8 encoding
))
(e:/Program Files/LateX/texlive/2025/texmf-dist/tex/latex/ctex/scheme/ctex-sche
me-plain.def
File: ctex-scheme-plain.def 2022/07/14 v2.5.10 Plain scheme for generic (CTEX)
)
(e:/Program Files/LateX/texlive/2025/texmf-dist/tex/latex/ctex/fontset/ctex-fon
tset-windows.def
File: ctex-fontset-windows.def 2022/07/14 v2.5.10 Windows fonts definition (CTE
X)
))
(e:/Program Files/LateX/texlive/2025/texmf-dist/tex/latex/ctex/config/ctex.cfg
File: ctex.cfg 2022/07/14 v2.5.10 Configuration file (CTEX)
)
(e:/Program Files/LateX/texlive/2025/texmf-dist/tex/latex/anyfontsize/anyfontsi
ze.sty
Invalid UTF-8 byte or sequence at line 3 replaced by U+FFFD.
Invalid UTF-8 byte or sequence at line 3 replaced by U+FFFD.
Package: anyfontsize 2007/11/22 anyfontsize.sty by pts
)
(e:/Program Files/LateX/texlive/2025/texmf-dist/tex/latex/xcolor/xcolor.sty
Package: xcolor 2024/09/29 v3.02 LaTeX color extensions (UK)

(e:/Program Files/LateX/texlive/2025/texmf-dist/tex/latex/graphics-cfg/color.cf
g
File: color.cfg 2016/01/02 v1.6 sample color configuration
)
Package xcolor Info: Driver file: xetex.def on input line 274.

(e:/Program Files/LateX/texlive/2025/texmf-dist/tex/latex/graphics-def/xetex.de
f
File: xetex.def 2022/09/22 v5.0n Graphics/color driver for xetex
)
(e:/Program Files/LateX/texlive/2025/texmf-dist/tex/latex/graphics/mathcolor.lt
x)
Package xcolor Info: Model `cmy' substituted by `cmy0' on input line 1349.
Package xcolor Info: Model `RGB' extended on input line 1365.
Package xcolor Info: Model `HTML' substituted by `rgb' on input line 1367.
Package xcolor Info: Model `Hsb' substituted by `hsb' on input line 1368.
Package xcolor Info: Model `tHsb' substituted by `hsb' on input line 1369.
Package xcolor Info: Model `HSB' substituted by `hsb' on input line 1370.
Package xcolor Info: Model `Gray' substituted by `gray' on input line 1371.
Package xcolor Info: Model `wave' substituted by `hsb' on input line 1372.
)
(e:/Program Files/LateX/texlive/2025/texmf-dist/tex/latex/colortbl/colortbl.sty
Package: colortbl 2024/07/06 v1.0i Color table columns (DPC)
(e:/Program Files/LateX/texlive/2025/texmf-dist/tex/latex/tools/array.sty
Package: array 2024/10/17 v2.6g Tabular extension package (FMi)
\col@sep=\dimen187
\ar@mcellbox=\box57
\extrarowheight=\dimen188
\NC@list=\toks20
\extratabsurround=\skip60
\backup@length=\skip61
\ar@cellbox=\box58
)
\everycr=\toks21
\minrowclearance=\skip62
\rownum=\count321
)
(e:/Program Files/LateX/texlive/2025/texmf-dist/tex/latex/mwe/mwe.sty
Package: mwe 2018/03/30 v0.5 Package to support minimal working examples (MWE)

(e:/Program Files/LateX/texlive/2025/texmf-dist/tex/latex/graphics/graphicx.sty
Package: graphicx 2021/09/16 v1.2d Enhanced LaTeX Graphics (DPC,SPQR)

(e:/Program Files/LateX/texlive/2025/texmf-dist/tex/latex/graphics/graphics.sty
Package: graphics 2024/08/06 v1.4g Standard LaTeX Graphics (DPC,SPQR)
(e:/Program Files/LateX/texlive/2025/texmf-dist/tex/latex/graphics/trig.sty
Package: trig 2023/12/02 v1.11 sin cos tan (DPC)
)
(e:/Program Files/LateX/texlive/2025/texmf-dist/tex/latex/graphics-cfg/graphics
.cfg
File: graphics.cfg 2016/06/04 v1.11 sample graphics configuration
)
Package graphics Info: Driver file: xetex.def on input line 106.
)
\Gin@req@height=\dimen189
\Gin@req@width=\dimen190
)
(e:/Program Files/LateX/texlive/2025/texmf-dist/tex/latex/lipsum/lipsum.sty
(e:/Program Files/LateX/texlive/2025/texmf-dist/tex/latex/l3packages/l3keys2e/l
3keys2e.sty
Package: l3keys2e 2024-08-16 LaTeX2e option processing using LaTeX3 keys
)
Package: lipsum 2021-09-20 v2.7 150 paragraphs of Lorem Ipsum dummy text
\g__lipsum_par_int=\count322
\l__lipsum_a_int=\count323
\l__lipsum_b_int=\count324

(e:/Program Files/LateX/texlive/2025/texmf-dist/tex/latex/lipsum/lipsum.ltd.tex
))
(e:/Program Files/LateX/texlive/2025/texmf-dist/tex/latex/blindtext/blindtext.s
ty
Package: blindtext 2012/01/06 V2.0 blindtext-Package
 (e:/Program Files/LateX/texlive/2025/texmf-dist/tex/latex/tools/xspace.sty
Package: xspace 2014/10/28 v1.13 Space after command names (DPC,MH)
)
\c@blindtext=\count325
\c@Blindtext=\count326
\c@blind@countparstart=\count327
\blind@countxx=\count328
\blindtext@numBlindtext=\count329
\blind@countyy=\count330
\c@blindlist=\count331
\c@blindlistlevel=\count332
\c@blindlist@level=\count333
\blind@listitem=\count334
\c@blind@listcount=\count335
\c@blind@levelcount=\count336
\blind@mathformula=\count337
\blind@Mathformula=\count338
\c@blind@randomcount=\count339
\c@blind@randommax=\count340
\c@blind@pangramcount=\count341
\c@blind@pangrammax=\count342
)) (e:/Program Files/LateX/texlive/2025/texmf-dist/tex/latex/tools/enumerate.st
y
Package: enumerate 2023/07/04 v3.00 enumerate extensions (DPC)
\@enLab=\toks22
)
(e:/Program Files/LateX/texlive/2025/texmf-dist/tex/latex/enumitem/enumitem.sty
Package: enumitem 2025/02/06 v3.11 Customized lists
\labelindent=\skip63
\enit@outerparindent=\dimen191
\enit@toks=\toks23
\enit@inbox=\box59
\enit@count@id=\count343
\enitdp@description=\count344
) (e:/Program Files/LateX/texlive/2025/texmf-dist/tex/latex/caption/caption.sty
Package: caption 2023/08/05 v3.6o Customizing captions (AR)
(e:/Program Files/LateX/texlive/2025/texmf-dist/tex/latex/caption/caption3.sty
Package: caption3 2023/07/31 v2.4d caption3 kernel (AR)
\caption@tempdima=\dimen192
\captionmargin=\dimen193
\caption@leftmargin=\dimen194
\caption@rightmargin=\dimen195
\caption@width=\dimen196
\caption@indent=\dimen197
\caption@parindent=\dimen198
\caption@hangindent=\dimen199
Package caption Info: Standard document class detected.
)
\c@caption@flags=\count345
\c@continuedfloat=\count346
Package caption Info: hyperref package is loaded.
) (e:/Program Files/LateX/texlive/2025/texmf-dist/tex/latex/amsmath/amsmath.sty
Package: amsmath 2024/11/05 v2.17t AMS math features
\@mathmargin=\skip64
For additional information on amsmath, use the `?' option.
(e:/Program Files/LateX/texlive/2025/texmf-dist/tex/latex/amsmath/amstext.sty
Package: amstext 2021/08/26 v2.01 AMS text

(e:/Program Files/LateX/texlive/2025/texmf-dist/tex/latex/amsmath/amsgen.sty
File: amsgen.sty 1999/11/30 v2.0 generic functions
\@emptytoks=\toks24
\ex@=\dimen256
))
(e:/Program Files/LateX/texlive/2025/texmf-dist/tex/latex/amsmath/amsbsy.sty
Package: amsbsy 1999/11/29 v1.2d Bold Symbols
\pmbraise@=\dimen257
)
(e:/Program Files/LateX/texlive/2025/texmf-dist/tex/latex/amsmath/amsopn.sty
Package: amsopn 2022/04/08 v2.04 operator names
)
\inf@bad=\count347
LaTeX Info: Redefining \frac on input line 233.
\uproot@=\count348
\leftroot@=\count349
LaTeX Info: Redefining \overline on input line 398.
LaTeX Info: Redefining \colon on input line 409.
\classnum@=\count350
\DOTSCASE@=\count351
LaTeX Info: Redefining \ldots on input line 495.
LaTeX Info: Redefining \dots on input line 498.
LaTeX Info: Redefining \cdots on input line 619.
\Mathstrutbox@=\box60
\strutbox@=\box61
LaTeX Info: Redefining \big on input line 721.
LaTeX Info: Redefining \Big on input line 722.
LaTeX Info: Redefining \bigg on input line 723.
LaTeX Info: Redefining \Bigg on input line 724.
\big@size=\dimen258
LaTeX Font Info:    Redeclaring font encoding OML on input line 742.
LaTeX Font Info:    Redeclaring font encoding OMS on input line 743.
\macc@depth=\count352
LaTeX Info: Redefining \bmod on input line 904.
LaTeX Info: Redefining \pmod on input line 909.
LaTeX Info: Redefining \smash on input line 939.
LaTeX Info: Redefining \relbar on input line 969.
LaTeX Info: Redefining \Relbar on input line 970.
\c@MaxMatrixCols=\count353
\dotsspace@=\muskip18
\c@parentequation=\count354
\dspbrk@lvl=\count355
\tag@help=\toks25
\row@=\count356
\column@=\count357
\maxfields@=\count358
\andhelp@=\toks26
\eqnshift@=\dimen259
\alignsep@=\dimen260
\tagshift@=\dimen261
\tagwidth@=\dimen262
\totwidth@=\dimen263
\lineht@=\dimen264
\@envbody=\toks27
\multlinegap=\skip65
\multlinetaggap=\skip66
\mathdisplay@stack=\toks28
LaTeX Info: Redefining \[ on input line 2953.
LaTeX Info: Redefining \] on input line 2954.
)
(e:/Program Files/LateX/texlive/2025/texmf-dist/tex/latex/jknapltx/mathrsfs.sty
Package: mathrsfs 1996/01/01 Math RSFS package v1.0 (jk)
\symrsfs=\mathgroup4
)
(e:/Program Files/LateX/texlive/2025/texmf-dist/tex/latex/amsfonts/amsfonts.sty
Package: amsfonts 2013/01/14 v3.01 Basic AMSFonts support
\symAMSa=\mathgroup5
\symAMSb=\mathgroup6
LaTeX Font Info:    Redeclaring math symbol \hbar on input line 98.
LaTeX Font Info:    Overwriting math alphabet `\mathfrak' in version `bold'
(Font)                  U/euf/m/n --> U/euf/b/n on input line 106.
)
(e:/Program Files/LateX/texlive/2025/texmf-dist/tex/latex/amsfonts/amssymb.sty
Package: amssymb 2013/01/14 v3.01 AMS font symbols
)
(e:/Program Files/LateX/texlive/2025/texmf-dist/tex/latex/booktabs/booktabs.sty
Package: booktabs 2020/01/12 v1.61803398 Publication quality tables
\heavyrulewidth=\dimen265
\lightrulewidth=\dimen266
\cmidrulewidth=\dimen267
\belowrulesep=\dimen268
\belowbottomsep=\dimen269
\aboverulesep=\dimen270
\abovetopsep=\dimen271
\cmidrulesep=\dimen272
\cmidrulekern=\dimen273
\defaultaddspace=\dimen274
\@cmidla=\count359
\@cmidlb=\count360
\@aboverulesep=\dimen275
\@belowrulesep=\dimen276
\@thisruleclass=\count361
\@lastruleclass=\count362
\@thisrulewidth=\dimen277
) (e:/Program Files/LateX/texlive/2025/texmf-dist/tex/latex/tools/multicol.sty
Package: multicol 2024/09/14 v1.9i multicolumn formatting (FMi)
\c@tracingmulticols=\count363
\mult@box=\box62
\multicol@leftmargin=\dimen278
\c@unbalance=\count364
\c@collectmore=\count365
\doublecol@number=\count366
\multicoltolerance=\count367
\multicolpretolerance=\count368
\full@width=\dimen279
\page@free=\dimen280
\premulticols=\dimen281
\postmulticols=\dimen282
\multicolsep=\skip67
\multicolbaselineskip=\skip68
\partial@page=\box63
\last@line=\box64
\mc@boxedresult=\box65
\maxbalancingoverflow=\dimen283
\mult@rightbox=\box66
\mult@grightbox=\box67
\mult@firstbox=\box68
\mult@gfirstbox=\box69
\@tempa=\box70
\@tempa=\box71
\@tempa=\box72
\@tempa=\box73
\@tempa=\box74
\@tempa=\box75
\@tempa=\box76
\@tempa=\box77
\@tempa=\box78
\@tempa=\box79
\@tempa=\box80
\@tempa=\box81
\@tempa=\box82
\@tempa=\box83
\@tempa=\box84
\@tempa=\box85
\@tempa=\box86
\@tempa=\box87
\@tempa=\box88
\@tempa=\box89
\@tempa=\box90
\@tempa=\box91
\@tempa=\box92
\@tempa=\box93
\@tempa=\box94
\@tempa=\box95
\@tempa=\box96
\@tempa=\box97
\@tempa=\box98
\@tempa=\box99
\@tempa=\box100
\@tempa=\box101
\@tempa=\box102
\@tempa=\box103
\@tempa=\box104
\@tempa=\box105
\c@minrows=\count369
\c@columnbadness=\count370
\c@finalcolumnbadness=\count371
\last@try=\dimen284
\multicolovershoot=\dimen285
\multicolundershoot=\dimen286
\mult@nat@firstbox=\box106
\colbreak@box=\box107
\mc@col@check@num=\count372
)
(e:/Program Files/LateX/texlive/2025/texmf-dist/tex/latex/multirow/multirow.sty
Package: multirow 2024/11/12 v2.9 Span multiple rows of a table
\multirow@colwidth=\skip69
\multirow@cntb=\count373
\multirow@dima=\skip70
\bigstrutjot=\dimen287
)
(e:/Program Files/LateX/texlive/2025/texmf-dist/tex/latex/fancyvrb/fancyvrb.sty
Package: fancyvrb 2024/01/20 4.5c verbatim text (tvz,hv)
\FV@CodeLineNo=\count374
\FV@InFile=\read2
\FV@TabBox=\box108
\c@FancyVerbLine=\count375
\FV@StepNumber=\count376
\FV@OutFile=\write4
)
(e:/Program Files/LateX/texlive/2025/texmf-dist/tex/latex/makecell/makecell.sty
Package: makecell 2009/08/03 V0.1e Managing of Tab Column Heads and Cells
\rotheadsize=\dimen288
\c@nlinenum=\count377
\TeXr@lab=\toks29
) (e:/Program Files/LateX/texlive/2025/texmf-dist/tex/generic/hologo/hologo.sty
Package: hologo 2021-11-16 v1.15 A logo collection with bookmark support (HO)
)
(e:/Program Files/LateX/texlive/2025/texmf-dist/tex/latex/titlesec/titlesec.sty
Package: titlesec 2025/01/04 v2.17 Sectioning titles
\ttl@box=\box109
\beforetitleunit=\skip71
\aftertitleunit=\skip72
\ttl@plus=\dimen289
\ttl@minus=\dimen290
\ttl@toksa=\toks30
\titlewidth=\dimen291
\titlewidthlast=\dimen292
\titlewidthfirst=\dimen293
(e:/Program Files/LateX/texlive/2025/texmf-dist/tex/latex/titlesec/titleps.sty)
)
(e:/Program Files/LateX/texlive/2025/texmf-dist/tex/latex/appendix/appendix.sty
Package: appendix 2020/02/08 v1.2c extra appendix facilities
\c@@pps=\count378
\c@@ppsavesec=\count379
\c@@ppsaveapp=\count380
)
(e:/Program Files/LateX/texlive/2025/texmf-dist/tex/latex/pgf/frontendlayer/tik
z.sty
(e:/Program Files/LateX/texlive/2025/texmf-dist/tex/latex/pgf/basiclayer/pgf.st
y
(e:/Program Files/LateX/texlive/2025/texmf-dist/tex/latex/pgf/utilities/pgfrcs.
sty
(e:/Program Files/LateX/texlive/2025/texmf-dist/tex/generic/pgf/utilities/pgfut
il-common.tex
\pgfutil@everybye=\toks31
\pgfutil@tempdima=\dimen294
\pgfutil@tempdimb=\dimen295
)
(e:/Program Files/LateX/texlive/2025/texmf-dist/tex/generic/pgf/utilities/pgfut
il-latex.def
\pgfutil@abb=\box110
)
(e:/Program Files/LateX/texlive/2025/texmf-dist/tex/generic/pgf/utilities/pgfrc
s.code.tex
(e:/Program Files/LateX/texlive/2025/texmf-dist/tex/generic/pgf/pgf.revision.te
x)
Package: pgfrcs 2023-01-15 v3.1.10 (3.1.10)
))
Package: pgf 2023-01-15 v3.1.10 (3.1.10)

(e:/Program Files/LateX/texlive/2025/texmf-dist/tex/latex/pgf/basiclayer/pgfcor
e.sty
(e:/Program Files/LateX/texlive/2025/texmf-dist/tex/latex/pgf/systemlayer/pgfsy
s.sty
(e:/Program Files/LateX/texlive/2025/texmf-dist/tex/generic/pgf/systemlayer/pgf
sys.code.tex
Package: pgfsys 2023-01-15 v3.1.10 (3.1.10)

(e:/Program Files/LateX/texlive/2025/texmf-dist/tex/generic/pgf/utilities/pgfke
ys.code.tex
\pgfkeys@pathtoks=\toks32
\pgfkeys@temptoks=\toks33

(e:/Program Files/LateX/texlive/2025/texmf-dist/tex/generic/pgf/utilities/pgfke
yslibraryfiltered.code.tex
\pgfkeys@tmptoks=\toks34
))
\pgf@x=\dimen296
\pgf@y=\dimen297
\pgf@xa=\dimen298
\pgf@ya=\dimen299
\pgf@xb=\dimen300
\pgf@yb=\dimen301
\pgf@xc=\dimen302
\pgf@yc=\dimen303
\pgf@xd=\dimen304
\pgf@yd=\dimen305
\w@pgf@writea=\write5
\r@pgf@reada=\read3
\c@pgf@counta=\count381
\c@pgf@countb=\count382
\c@pgf@countc=\count383
\c@pgf@countd=\count384
\t@pgf@toka=\toks35
\t@pgf@tokb=\toks36
\t@pgf@tokc=\toks37
\pgf@sys@id@count=\count385

(e:/Program Files/LateX/texlive/2025/texmf-dist/tex/generic/pgf/systemlayer/pgf
.cfg
File: pgf.cfg 2023-01-15 v3.1.10 (3.1.10)
)
Driver file for pgf: pgfsys-xetex.def

(e:/Program Files/LateX/texlive/2025/texmf-dist/tex/generic/pgf/systemlayer/pgf
sys-xetex.def
File: pgfsys-xetex.def 2023-01-15 v3.1.10 (3.1.10)

(e:/Program Files/LateX/texlive/2025/texmf-dist/tex/generic/pgf/systemlayer/pgf
sys-dvipdfmx.def
File: pgfsys-dvipdfmx.def 2023-01-15 v3.1.10 (3.1.10)

(e:/Program Files/LateX/texlive/2025/texmf-dist/tex/generic/pgf/systemlayer/pgf
sys-common-pdf.def
File: pgfsys-common-pdf.def 2023-01-15 v3.1.10 (3.1.10)
)
\pgfsys@objnum=\count386
)))
(e:/Program Files/LateX/texlive/2025/texmf-dist/tex/generic/pgf/systemlayer/pgf
syssoftpath.code.tex
File: pgfsyssoftpath.code.tex 2023-01-15 v3.1.10 (3.1.10)
\pgfsyssoftpath@smallbuffer@items=\count387
\pgfsyssoftpath@bigbuffer@items=\count388
)
(e:/Program Files/LateX/texlive/2025/texmf-dist/tex/generic/pgf/systemlayer/pgf
sysprotocol.code.tex
File: pgfsysprotocol.code.tex 2023-01-15 v3.1.10 (3.1.10)
))
(e:/Program Files/LateX/texlive/2025/texmf-dist/tex/generic/pgf/basiclayer/pgfc
ore.code.tex
Package: pgfcore 2023-01-15 v3.1.10 (3.1.10)

(e:/Program Files/LateX/texlive/2025/texmf-dist/tex/generic/pgf/math/pgfmath.co
de.tex
(e:/Program Files/LateX/texlive/2025/texmf-dist/tex/generic/pgf/math/pgfmathuti
l.code.tex)
(e:/Program Files/LateX/texlive/2025/texmf-dist/tex/generic/pgf/math/pgfmathpar
ser.code.tex
\pgfmath@dimen=\dimen306
\pgfmath@count=\count389
\pgfmath@box=\box111
\pgfmath@toks=\toks38
\pgfmath@stack@operand=\toks39
\pgfmath@stack@operation=\toks40
)
(e:/Program Files/LateX/texlive/2025/texmf-dist/tex/generic/pgf/math/pgfmathfun
ctions.code.tex)
(e:/Program Files/LateX/texlive/2025/texmf-dist/tex/generic/pgf/math/pgfmathfun
ctions.basic.code.tex)
(e:/Program Files/LateX/texlive/2025/texmf-dist/tex/generic/pgf/math/pgfmathfun
ctions.trigonometric.code.tex)
(e:/Program Files/LateX/texlive/2025/texmf-dist/tex/generic/pgf/math/pgfmathfun
ctions.random.code.tex)
(e:/Program Files/LateX/texlive/2025/texmf-dist/tex/generic/pgf/math/pgfmathfun
ctions.comparison.code.tex)
(e:/Program Files/LateX/texlive/2025/texmf-dist/tex/generic/pgf/math/pgfmathfun
ctions.base.code.tex)
(e:/Program Files/LateX/texlive/2025/texmf-dist/tex/generic/pgf/math/pgfmathfun
ctions.round.code.tex)
(e:/Program Files/LateX/texlive/2025/texmf-dist/tex/generic/pgf/math/pgfmathfun
ctions.misc.code.tex)
(e:/Program Files/LateX/texlive/2025/texmf-dist/tex/generic/pgf/math/pgfmathfun
ctions.integerarithmetics.code.tex)
(e:/Program Files/LateX/texlive/2025/texmf-dist/tex/generic/pgf/math/pgfmathcal
c.code.tex)
(e:/Program Files/LateX/texlive/2025/texmf-dist/tex/generic/pgf/math/pgfmathflo
at.code.tex
\c@pgfmathroundto@lastzeros=\count390
))
(e:/Program Files/LateX/texlive/2025/texmf-dist/tex/generic/pgf/math/pgfint.cod
e.tex)
(e:/Program Files/LateX/texlive/2025/texmf-dist/tex/generic/pgf/basiclayer/pgfc
orepoints.code.tex
File: pgfcorepoints.code.tex 2023-01-15 v3.1.10 (3.1.10)
\pgf@picminx=\dimen307
\pgf@picmaxx=\dimen308
\pgf@picminy=\dimen309
\pgf@picmaxy=\dimen310
\pgf@pathminx=\dimen311
\pgf@pathmaxx=\dimen312
\pgf@pathminy=\dimen313
\pgf@pathmaxy=\dimen314
\pgf@xx=\dimen315
\pgf@xy=\dimen316
\pgf@yx=\dimen317
\pgf@yy=\dimen318
\pgf@zx=\dimen319
\pgf@zy=\dimen320
)
(e:/Program Files/LateX/texlive/2025/texmf-dist/tex/generic/pgf/basiclayer/pgfc
orepathconstruct.code.tex
File: pgfcorepathconstruct.code.tex 2023-01-15 v3.1.10 (3.1.10)
\pgf@path@lastx=\dimen321
\pgf@path@lasty=\dimen322
)
(e:/Program Files/LateX/texlive/2025/texmf-dist/tex/generic/pgf/basiclayer/pgfc
orepathusage.code.tex
File: pgfcorepathusage.code.tex 2023-01-15 v3.1.10 (3.1.10)
\pgf@shorten@end@additional=\dimen323
\pgf@shorten@start@additional=\dimen324
)
(e:/Program Files/LateX/texlive/2025/texmf-dist/tex/generic/pgf/basiclayer/pgfc
orescopes.code.tex
File: pgfcorescopes.code.tex 2023-01-15 v3.1.10 (3.1.10)
\pgfpic=\box112
\pgf@hbox=\box113
\pgf@layerbox@main=\box114
\pgf@picture@serial@count=\count391
)
(e:/Program Files/LateX/texlive/2025/texmf-dist/tex/generic/pgf/basiclayer/pgfc
oregraphicstate.code.tex
File: pgfcoregraphicstate.code.tex 2023-01-15 v3.1.10 (3.1.10)
\pgflinewidth=\dimen325
)
(e:/Program Files/LateX/texlive/2025/texmf-dist/tex/generic/pgf/basiclayer/pgfc
oretransformations.code.tex
File: pgfcoretransformations.code.tex 2023-01-15 v3.1.10 (3.1.10)
\pgf@pt@x=\dimen326
\pgf@pt@y=\dimen327
\pgf@pt@temp=\dimen328
)
(e:/Program Files/LateX/texlive/2025/texmf-dist/tex/generic/pgf/basiclayer/pgfc
orequick.code.tex
File: pgfcorequick.code.tex 2023-01-15 v3.1.10 (3.1.10)
)
(e:/Program Files/LateX/texlive/2025/texmf-dist/tex/generic/pgf/basiclayer/pgfc
oreobjects.code.tex
File: pgfcoreobjects.code.tex 2023-01-15 v3.1.10 (3.1.10)
)
(e:/Program Files/LateX/texlive/2025/texmf-dist/tex/generic/pgf/basiclayer/pgfc
orepathprocessing.code.tex
File: pgfcorepathprocessing.code.tex 2023-01-15 v3.1.10 (3.1.10)
)
(e:/Program Files/LateX/texlive/2025/texmf-dist/tex/generic/pgf/basiclayer/pgfc
orearrows.code.tex
File: pgfcorearrows.code.tex 2023-01-15 v3.1.10 (3.1.10)
\pgfarrowsep=\dimen329
)
(e:/Program Files/LateX/texlive/2025/texmf-dist/tex/generic/pgf/basiclayer/pgfc
oreshade.code.tex
File: pgfcoreshade.code.tex 2023-01-15 v3.1.10 (3.1.10)
\pgf@max=\dimen330
\pgf@sys@shading@range@num=\count392
\pgf@shadingcount=\count393
)
(e:/Program Files/LateX/texlive/2025/texmf-dist/tex/generic/pgf/basiclayer/pgfc
oreimage.code.tex
File: pgfcoreimage.code.tex 2023-01-15 v3.1.10 (3.1.10)
)
(e:/Program Files/LateX/texlive/2025/texmf-dist/tex/generic/pgf/basiclayer/pgfc
oreexternal.code.tex
File: pgfcoreexternal.code.tex 2023-01-15 v3.1.10 (3.1.10)
\pgfexternal@startupbox=\box115
)
(e:/Program Files/LateX/texlive/2025/texmf-dist/tex/generic/pgf/basiclayer/pgfc
orelayers.code.tex
File: pgfcorelayers.code.tex 2023-01-15 v3.1.10 (3.1.10)
)
(e:/Program Files/LateX/texlive/2025/texmf-dist/tex/generic/pgf/basiclayer/pgfc
oretransparency.code.tex
File: pgfcoretransparency.code.tex 2023-01-15 v3.1.10 (3.1.10)
)
(e:/Program Files/LateX/texlive/2025/texmf-dist/tex/generic/pgf/basiclayer/pgfc
orepatterns.code.tex
File: pgfcorepatterns.code.tex 2023-01-15 v3.1.10 (3.1.10)
)
(e:/Program Files/LateX/texlive/2025/texmf-dist/tex/generic/pgf/basiclayer/pgfc
orerdf.code.tex
File: pgfcorerdf.code.tex 2023-01-15 v3.1.10 (3.1.10)
)))
(e:/Program Files/LateX/texlive/2025/texmf-dist/tex/generic/pgf/modules/pgfmodu
leshapes.code.tex
File: pgfmoduleshapes.code.tex 2023-01-15 v3.1.10 (3.1.10)
\pgfnodeparttextbox=\box116
)
(e:/Program Files/LateX/texlive/2025/texmf-dist/tex/generic/pgf/modules/pgfmodu
leplot.code.tex
File: pgfmoduleplot.code.tex 2023-01-15 v3.1.10 (3.1.10)
)
(e:/Program Files/LateX/texlive/2025/texmf-dist/tex/latex/pgf/compatibility/pgf
comp-version-0-65.sty
Package: pgfcomp-version-0-65 2023-01-15 v3.1.10 (3.1.10)
\pgf@nodesepstart=\dimen331
\pgf@nodesepend=\dimen332
)
(e:/Program Files/LateX/texlive/2025/texmf-dist/tex/latex/pgf/compatibility/pgf
comp-version-1-18.sty
Package: pgfcomp-version-1-18 2023-01-15 v3.1.10 (3.1.10)
))
(e:/Program Files/LateX/texlive/2025/texmf-dist/tex/latex/pgf/utilities/pgffor.
sty
(e:/Program Files/LateX/texlive/2025/texmf-dist/tex/latex/pgf/utilities/pgfkeys
.sty
(e:/Program Files/LateX/texlive/2025/texmf-dist/tex/generic/pgf/utilities/pgfke
ys.code.tex))
(e:/Program Files/LateX/texlive/2025/texmf-dist/tex/latex/pgf/math/pgfmath.sty
(e:/Program Files/LateX/texlive/2025/texmf-dist/tex/generic/pgf/math/pgfmath.co
de.tex))
(e:/Program Files/LateX/texlive/2025/texmf-dist/tex/generic/pgf/utilities/pgffo
r.code.tex
Package: pgffor 2023-01-15 v3.1.10 (3.1.10)
\pgffor@iter=\dimen333
\pgffor@skip=\dimen334
\pgffor@stack=\toks41
\pgffor@toks=\toks42
))
(e:/Program Files/LateX/texlive/2025/texmf-dist/tex/generic/pgf/frontendlayer/t
ikz/tikz.code.tex
Package: tikz 2023-01-15 v3.1.10 (3.1.10)

(e:/Program Files/LateX/texlive/2025/texmf-dist/tex/generic/pgf/libraries/pgfli
braryplothandlers.code.tex
File: pgflibraryplothandlers.code.tex 2023-01-15 v3.1.10 (3.1.10)
\pgf@plot@mark@count=\count394
\pgfplotmarksize=\dimen335
)
\tikz@lastx=\dimen336
\tikz@lasty=\dimen337
\tikz@lastxsaved=\dimen338
\tikz@lastysaved=\dimen339
\tikz@lastmovetox=\dimen340
\tikz@lastmovetoy=\dimen341
\tikzleveldistance=\dimen342
\tikzsiblingdistance=\dimen343
\tikz@figbox=\box117
\tikz@figbox@bg=\box118
\tikz@tempbox=\box119
\tikz@tempbox@bg=\box120
\tikztreelevel=\count395
\tikznumberofchildren=\count396
\tikznumberofcurrentchild=\count397
\tikz@fig@count=\count398

(e:/Program Files/LateX/texlive/2025/texmf-dist/tex/generic/pgf/modules/pgfmodu
lematrix.code.tex
File: pgfmodulematrix.code.tex 2023-01-15 v3.1.10 (3.1.10)
\pgfmatrixcurrentrow=\count399
\pgfmatrixcurrentcolumn=\count400
\pgf@matrix@numberofcolumns=\count401
)
\tikz@expandcount=\count402

(e:/Program Files/LateX/texlive/2025/texmf-dist/tex/generic/pgf/frontendlayer/t
ikz/libraries/tikzlibrarytopaths.code.tex
File: tikzlibrarytopaths.code.tex 2023-01-15 v3.1.10 (3.1.10)
)))
(e:/Program Files/LateX/texlive/2025/texmf-dist/tex/generic/pgf/frontendlayer/t
ikz/libraries/tikzlibrarybackgrounds.code.tex
File: tikzlibrarybackgrounds.code.tex 2023-01-15 v3.1.10 (3.1.10)
\pgf@layerbox@background=\box121
\pgf@layerboxsaved@background=\box122
)
(e:/Program Files/LateX/texlive/2025/texmf-dist/tex/generic/pgf/frontendlayer/t
ikz/libraries/tikzlibrarycalc.code.tex
File: tikzlibrarycalc.code.tex 2023-01-15 v3.1.10 (3.1.10)
)
(e:/Program Files/LateX/texlive/2025/texmf-dist/tex/generic/pgf/frontendlayer/t
ikz/libraries/tikzlibraryshadows.code.tex
File: tikzlibraryshadows.code.tex 2023-01-15 v3.1.10 (3.1.10)

(e:/Program Files/LateX/texlive/2025/texmf-dist/tex/generic/pgf/frontendlayer/t
ikz/libraries/tikzlibraryfadings.code.tex
File: tikzlibraryfadings.code.tex 2023-01-15 v3.1.10 (3.1.10)

(e:/Program Files/LateX/texlive/2025/texmf-dist/tex/generic/pgf/libraries/pgfli
braryfadings.code.tex
File: pgflibraryfadings.code.tex 2023-01-15 v3.1.10 (3.1.10)
)))
(e:/Program Files/LateX/texlive/2025/texmf-dist/tex/generic/pgf/frontendlayer/t
ikz/libraries/tikzlibrarypositioning.code.tex
File: tikzlibrarypositioning.code.tex 2023-01-15 v3.1.10 (3.1.10)
)
(e:/Program Files/LateX/texlive/2025/texmf-dist/tex/generic/pgf/frontendlayer/t
ikz/libraries/tikzlibraryfit.code.tex
File: tikzlibraryfit.code.tex 2023-01-15 v3.1.10 (3.1.10)
)
(e:/Program Files/LateX/texlive/2025/texmf-dist/tex/latex/apptools/apptools.sty
Package: apptools 2012/11/28 v1.0 Tools for customizing appendices
) (e:/Program Files/LateX/texlive/2025/texmf-dist/tex/latex/psnfss/pifont.sty
Package: pifont 2020/03/25 PSNFSS-v9.3 Pi font support (SPQR) 
LaTeX Font Info:    Trying to load font information for U+pzd on input line 63.


(e:/Program Files/LateX/texlive/2025/texmf-dist/tex/latex/psnfss/upzd.fd
File: upzd.fd 2001/06/04 font definitions for U/pzd.
)
LaTeX Font Info:    Trying to load font information for U+psy on input line 64.


(e:/Program Files/LateX/texlive/2025/texmf-dist/tex/latex/psnfss/upsy.fd
File: upsy.fd 2001/06/04 font definitions for U/psy.
))
(e:/Program Files/LateX/texlive/2025/texmf-dist/tex/latex/manfnt/manfnt.sty
Package: manfnt 1999/07/010.2LaTeX2e manfnt package
\dbend@height=\skip73
)
(e:/Program Files/LateX/texlive/2025/texmf-dist/tex/latex/bbding/bbding.sty
Package: bbding 1999/04/15 v1.01 Dingbats symbols
)
(e:/Program Files/LateX/texlive/2025/texmf-dist/tex/latex/tcolorbox/tcolorbox.s
ty
Package: tcolorbox 2024/10/22 version 6.4.1 text color boxes
 (e:/Program Files/LateX/texlive/2025/texmf-dist/tex/latex/tools/verbatim.sty
Package: verbatim 2024-01-22 v1.5x LaTeX2e package for verbatim enhancements
\every@verbatim=\toks43
\verbatim@line=\toks44
\verbatim@in@stream=\read4
) (e:/Program Files/LateX/texlive/2025/texmf-dist/tex/latex/environ/environ.sty
Package: environ 2014/05/04 v0.3 A new way to define environments

(e:/Program Files/LateX/texlive/2025/texmf-dist/tex/latex/trimspaces/trimspaces
.sty
Package: trimspaces 2009/09/17 v1.1 Trim spaces around a token list
))
\tcb@titlebox=\box123
\tcb@upperbox=\box124
\tcb@lowerbox=\box125
\tcb@phantombox=\box126
\c@tcbbreakpart=\count403
\c@tcblayer=\count404
\c@tcolorbox@number=\count405
\l__tcobox_tmpa_box=\box127
\l__tcobox_tmpa_dim=\dimen344
\tcb@temp=\box128
\tcb@temp=\box129
\tcb@temp=\box130
\tcb@temp=\box131

(e:/Program Files/LateX/texlive/2025/texmf-dist/tex/latex/tcolorbox/tcbraster.c
ode.tex
Library (tcolorbox): 'tcbraster.code.tex' version '6.4.1'
\c@tcbrastercolumn=\count406
\c@tcbrasterrow=\count407
\c@tcbrasternum=\count408
\c@tcbraster=\count409
)
(e:/Program Files/LateX/texlive/2025/texmf-dist/tex/latex/tcolorbox/tcbskins.co
de.tex
Library (tcolorbox): 'tcbskins.code.tex' version '6.4.1'

(e:/Program Files/LateX/texlive/2025/texmf-dist/tex/latex/tikzfill/tikzfill.ima
ge.sty
Package: tikzfill.image 2023/08/08 v1.0.1 Image filling library for TikZ

(e:/Program Files/LateX/texlive/2025/texmf-dist/tex/latex/tikzfill/tikzfill-com
mon.sty
Package: tikzfill-common 2023/08/08 v1.0.1 Auxiliary code for tikzfill
)
(e:/Program Files/LateX/texlive/2025/texmf-dist/tex/latex/tikzfill/tikzlibraryf
ill.image.code.tex
File: tikzlibraryfill.image.code.tex 2023/08/08 v1.0.1 Image filling library
\l__tikzfill_img_box=\box132
))
(e:/Program Files/LateX/texlive/2025/texmf-dist/tex/latex/tcolorbox/tcbskinsjig
saw.code.tex
Library (tcolorbox): 'tcbskinsjigsaw.code.tex' version '6.4.1'
))
(e:/Program Files/LateX/texlive/2025/texmf-dist/tex/latex/tcolorbox/tcbbreakabl
e.code.tex
Library (tcolorbox): 'tcbbreakable.code.tex' version '6.4.1'
(e:/Program Files/LateX/texlive/2025/texmf-dist/tex/latex/pdfcol/pdfcol.sty
Package: pdfcol 2022-09-21 v1.7 Handle new color stacks for pdfTeX (HO)
Package pdfcol Info: Interface disabled because of missing PDF mode of pdfTeX.
)
Package pdfcol Info: pdfTeX's color stacks are not available.
\tcb@testbox=\box133
\tcb@totalupperbox=\box134
\tcb@totallowerbox=\box135
)
(e:/Program Files/LateX/texlive/2025/texmf-dist/tex/latex/tcolorbox/tcbhooks.co
de.tex
Library (tcolorbox): 'tcbhooks.code.tex' version '6.4.1'
)
(e:/Program Files/LateX/texlive/2025/texmf-dist/tex/latex/tcolorbox/tcbtheorems
.code.tex
Library (tcolorbox): 'tcbtheorems.code.tex' version '6.4.1'
)
(e:/Program Files/LateX/texlive/2025/texmf-dist/tex/latex/tcolorbox/tcbfitting.
code.tex
Library (tcolorbox): 'tcbfitting.code.tex' version '6.4.1'
\tcbfitdim=\dimen345
\tcb@lowerfitdim=\dimen346
\tcb@upperfitdim=\dimen347
\tcb@cur@hbadness=\count410
))
\c@tcb@cnt@definition=\count411
\c@tcb@cnt@theorem=\count412
\c@tcb@cnt@postulate=\count413
\c@tcb@cnt@axiom=\count414
\c@tcb@cnt@corollary=\count415
\c@tcb@cnt@lemma=\count416
\c@tcb@cnt@proposition=\count417
\c@exam=\count418
\c@exer=\count419
\c@prob=\count420
\c@prop=\count421
\ebword@headbox=\box136
\ebword@leftwidth=\skip74
\ebword@leftmin=\skip75
\ebword@leftmax=\skip76
\ebword@gap=\skip77
\ebword@rightwidth=\skip78
\ebword@measure=\skip79
\ebword@labelwidth=\skip80
\c@ebword@sense=\count422
 (e:/Program Files/LateX/texlive/2025/texmf-dist/tex/latex/adforn/adforn.sty
(e:/Program Files/LateX/texlive/2025/texmf-dist/tex/latex/svn-prov/svn-prov.sty
Package: svn-prov 2010/04/24 v3.1862 Package Date/Version from SVN Keywords
)
Package: adforn 2024/09/29 v1.2 (SVN Rev: 10442)
)
(e:/Program Files/LateX/texlive/2025/texmf-dist/tex/latex/fancyhdr/fancyhdr.sty
Package: fancyhdr 2025/02/07 v5.2 Extensive control of page headers and footers

\f@nch@headwidth=\skip81
\f@nch@offset@elh=\skip82
\f@nch@offset@erh=\skip83
\f@nch@offset@olh=\skip84
\f@nch@offset@orh=\skip85
\f@nch@offset@elf=\skip86
\f@nch@offset@erf=\skip87
\f@nch@offset@olf=\skip88
\f@nch@offset@orf=\skip89
\f@nch@height=\skip90
\f@nch@footalignment=\skip91
\f@nch@widthL=\skip92
\f@nch@widthC=\skip93
\f@nch@widthR=\skip94
\@temptokenb=\toks45
)
(e:/Program Files/LateX/texlive/2025/texmf-dist/tex/latex/listings/listings.sty
\lst@mode=\count423
\lst@gtempboxa=\box137
\lst@token=\toks46
\lst@length=\count424
\lst@currlwidth=\dimen348
\lst@column=\count425
\lst@pos=\count426
\lst@lostspace=\dimen349
\lst@width=\dimen350
\lst@newlines=\count427
\lst@lineno=\count428
\lst@maxwidth=\dimen351

(e:/Program Files/LateX/texlive/2025/texmf-dist/tex/latex/listings/lstpatch.sty
File: lstpatch.sty 2024/09/23 1.10c (Carsten Heinz)
)
(e:/Program Files/LateX/texlive/2025/texmf-dist/tex/latex/listings/lstmisc.sty
File: lstmisc.sty 2024/09/23 1.10c (Carsten Heinz)
\c@lstnumber=\count429
\lst@skipnumbers=\count430
\lst@framebox=\box138
)
(e:/Program Files/LateX/texlive/2025/texmf-dist/tex/latex/listings/listings.cfg
File: listings.cfg 2024/09/23 1.10c listings configuration
))
Package: listings 2024/09/23 1.10c (Carsten Heinz)

(e:/Program Files/LateX/texlive/2025/texmf-dist/tex/xelatex/xecjk/xeCJK-listing
s.sty
Package: xeCJK-listings 2022/08/05 v3.9.1 xeCJK patch file for listings
\l__xeCJK_listings_max_char_int=\count431
\l__xeCJK_listings_flag_int=\count432
)
(e:/Program Files/LateX/texlive/2025/texmf-dist/tex/latex/listings/lstlang1.sty
File: lstlang1.sty 2024/09/23 1.10c listings language file
)
(e:/Program Files/LateX/texlive/2025/texmf-dist/tex/latex/listings/lstlang2.sty
File: lstlang2.sty 2024/09/23 1.10c listings language file
)
(e:/Program Files/LateX/texlive/2025/texmf-dist/tex/latex/listings/lstlang3.sty
File: lstlang3.sty 2024/09/23 1.10c listings language file
)
(e:/Program Files/LateX/texlive/2025/texmf-dist/tex/latex/listings/lstlang1.sty
File: lstlang1.sty 2024/09/23 1.10c listings language file
)
(e:/Program Files/LateX/texlive/2025/texmf-dist/tex/latex/listings/lstlang2.sty
File: lstlang2.sty 2024/09/23 1.10c listings language file
)
(e:/Program Files/LateX/texlive/2025/texmf-dist/tex/latex/listings/lstlang3.sty
File: lstlang3.sty 2024/09/23 1.10c listings language file
)
(e:/Program Files/LateX/texlive/2025/texmf-dist/tex/latex/listings/lstlang1.sty
File: lstlang1.sty 2024/09/23 1.10c listings language file
)
(e:/Program Files/LateX/texlive/2025/texmf-dist/tex/latex/listings/lstlang2.sty
File: lstlang2.sty 2024/09/23 1.10c listings language file
)
(e:/Program Files/LateX/texlive/2025/texmf-dist/tex/latex/listings/lstlang3.sty
File: lstlang3.sty 2024/09/23 1.10c listings language file
)
(e:/Program Files/LateX/texlive/2025/texmf-dist/tex/latex/listings/lstmisc.sty
File: lstmisc.sty 2024/09/23 1.10c (Carsten Heinz)
) (e:/Program Files/LateX/texlive/2025/texmf-dist/tex/latex/tools/bm.sty
Package: bm 2023/12/19 v1.2f Bold Symbol Support (DPC/FMi)
Package bm Info: No bold for \OMX/cmex/m/n, using \pmb.
Package bm Info: No bold for \U/rsfs/m/n, using \pmb.
Package bm Info: No bold for \U/msa/m/n, using \pmb.
Package bm Info: No bold for \U/msb/m/n, using \pmb.
)
(e:/Program Files/LateX/texlive/2025/texmf-dist/tex/latex/tools/calc.sty
Package: calc 2023/07/08 v4.3 Infix arithmetic (KKT,FJ)
\calc@Acount=\count433
\calc@Bcount=\count434
\calc@Adimen=\dimen352
\calc@Bdimen=\dimen353
\calc@Askip=\skip95
\calc@Bskip=\skip96
LaTeX Info: Redefining \setlength on input line 80.
LaTeX Info: Redefining \addtolength on input line 81.
\calc@Ccount=\count435
\calc@Cskip=\skip97
)
(e:/Program Files/LateX/texlive/2025/texmf-dist/tex/latex/tocloft/tocloft.sty
Package: tocloft 2017/08/31 v2.3i parameterised ToC, etc., typesetting
Package tocloft Info: The document has chapter divisions on input line 51.
\cftparskip=\skip98
\cftbeforetoctitleskip=\skip99
\cftaftertoctitleskip=\skip100
\cftbeforepartskip=\skip101
\cftpartnumwidth=\skip102
\cftpartindent=\skip103
\cftbeforechapskip=\skip104
\cftchapindent=\skip105
\cftchapnumwidth=\skip106
\cftbeforesecskip=\skip107
\cftsecindent=\skip108
\cftsecnumwidth=\skip109
\cftbeforesubsecskip=\skip110
\cftsubsecindent=\skip111
\cftsubsecnumwidth=\skip112
\cftbeforesubsubsecskip=\skip113
\cftsubsubsecindent=\skip114
\cftsubsubsecnumwidth=\skip115
\cftbeforeparaskip=\skip116
\cftparaindent=\skip117
\cftparanumwidth=\skip118
\cftbeforesubparaskip=\skip119
\cftsubparaindent=\skip120
\cftsubparanumwidth=\skip121
\cftbeforeloftitleskip=\skip122
\cftafterloftitleskip=\skip123
\cftbeforefigskip=\skip124
\cftfigindent=\skip125
\cftfignumwidth=\skip126
\c@lofdepth=\count436
\c@lotdepth=\count437
\cftbeforelottitleskip=\skip127
\cftafterlottitleskip=\skip128
\cftbeforetabskip=\skip129
\cfttabindent=\skip130
\cfttabnumwidth=\skip131
)
\c@definitions=\count438
\cftbeforedefinitionsskip=\skip132
\cftdefinitionsindent=\skip133
\cftdefinitionsnumwidth=\skip134
\c@loddepth=\count439
\cftbeforelodtitleskip=\skip135
\cftafterlodtitleskip=\skip136
\c@theorems=\count440
\cftbeforetheoremsskip=\skip137
\cfttheoremsindent=\skip138
\cfttheoremsnumwidth=\skip139
\c@lothdepth=\count441
\cftbeforelothtitleskip=\skip140
\cftafterlothtitleskip=\skip141
\c@exercises=\count442
\cftbeforeexercisesskip=\skip142
\cftexercisesindent=\skip143
\cftexercisesnumwidth=\skip144
\c@loexerdepth=\count443
\cftbeforeloexertitleskip=\skip145
\cftafterloexertitleskip=\skip146
\c@properties=\count444
\cftbeforepropertiesskip=\skip147
\cftpropertiesindent=\skip148
\cftpropertiesnumwidth=\skip149
\c@loprdepth=\count445
\cftbeforeloprtitleskip=\skip150
\cftafterloprtitleskip=\skip151
LaTeX Font Info:    Font shape `TU/texgyretermes(0)/b/n' will be
(Font)              scaled to size 10.95pt on input line 1533.
)
(e:/Program Files/LateX/texlive/2025/texmf-dist/tex/latex/pgfplots/pgfplots.sty

(e:/Program Files/LateX/texlive/2025/texmf-dist/tex/generic/pgfplots/pgfplots.r
evision.tex)
Package: pgfplots 2021/05/15 v1.18.1 Data Visualization (1.18.1)

(e:/Program Files/LateX/texlive/2025/texmf-dist/tex/generic/pgfplots/pgfplots.c
ode.tex
(e:/Program Files/LateX/texlive/2025/texmf-dist/tex/generic/pgfplots/pgfplotsco
re.code.tex
\t@pgfplots@toka=\toks47
\t@pgfplots@tokb=\toks48
\t@pgfplots@tokc=\toks49
\pgfplots@tmpa=\dimen354
\c@pgfplots@coordindex=\count446
\c@pgfplots@scanlineindex=\count447

(e:/Program Files/LateX/texlive/2025/texmf-dist/tex/generic/pgfplots/sys/pgfplo
tssysgeneric.code.tex))
(e:/Program Files/LateX/texlive/2025/texmf-dist/tex/generic/pgfplots/libs/pgfpl
otslibrary.code.tex)
(e:/Program Files/LateX/texlive/2025/texmf-dist/tex/generic/pgfplots/oldpgfcomp
atib/pgfplotsoldpgfsupp_loader.code.tex
(e:/Program Files/LateX/texlive/2025/texmf-dist/tex/generic/pgf/libraries/pgfli
braryfpu.code.tex)
Package pgfplots: loading complementary utilities for your pgf version...
\t@pgf@toka=\toks50
\t@pgf@tokb=\toks51
\t@pgf@tokc=\toks52

(e:/Program Files/LateX/texlive/2025/texmf-dist/tex/generic/pgfplots/oldpgfcomp
atib/pgfplotsoldpgfsupp_pgfutil-common-lists.tex))
(e:/Program Files/LateX/texlive/2025/texmf-dist/tex/generic/pgfplots/util/pgfpl
otsutil.code.tex
(e:/Program Files/LateX/texlive/2025/texmf-dist/tex/generic/pgfplots/liststruct
ure/pgfplotsliststructure.code.tex)
(e:/Program Files/LateX/texlive/2025/texmf-dist/tex/generic/pgfplots/liststruct
ure/pgfplotsliststructureext.code.tex)
(e:/Program Files/LateX/texlive/2025/texmf-dist/tex/generic/pgfplots/liststruct
ure/pgfplotsarray.code.tex
\c@pgfplotsarray@tmp=\count448
)
(e:/Program Files/LateX/texlive/2025/texmf-dist/tex/generic/pgfplots/liststruct
ure/pgfplotsmatrix.code.tex)
(e:/Program Files/LateX/texlive/2025/texmf-dist/tex/generic/pgfplots/numtable/p
gfplotstableshared.code.tex
\c@pgfplotstable@counta=\count449
\t@pgfplotstable@a=\toks53
)
(e:/Program Files/LateX/texlive/2025/texmf-dist/tex/generic/pgfplots/liststruct
ure/pgfplotsdeque.code.tex)
(e:/Program Files/LateX/texlive/2025/texmf-dist/tex/generic/pgfplots/util/pgfpl
otsbinary.code.tex
(e:/Program Files/LateX/texlive/2025/texmf-dist/tex/generic/pgfplots/util/pgfpl
otsbinary.data.code.tex))
(e:/Program Files/LateX/texlive/2025/texmf-dist/tex/generic/pgfplots/util/pgfpl
otsutil.verb.code.tex)
(e:/Program Files/LateX/texlive/2025/texmf-dist/tex/generic/pgfplots/libs/pgfli
brarypgfplots.surfshading.code.tex
\c@pgfplotslibrarysurf@no=\count450

(e:/Program Files/LateX/texlive/2025/texmf-dist/tex/generic/pgfplots/sys/pgflib
rarypgfplots.surfshading.pgfsys-xetex.def
(e:/Program Files/LateX/texlive/2025/texmf-dist/tex/generic/pgfplots/sys/pgflib
rarypgfplots.surfshading.pgfsys-dvipdfmx.def
\c@pgfplotslibrarysurf@streamlen=\count451
))))
(e:/Program Files/LateX/texlive/2025/texmf-dist/tex/generic/pgfplots/util/pgfpl
otscolormap.code.tex
(e:/Program Files/LateX/texlive/2025/texmf-dist/tex/generic/pgfplots/util/pgfpl
otscolor.code.tex))
(e:/Program Files/LateX/texlive/2025/texmf-dist/tex/generic/pgfplots/pgfplotsst
ackedplots.code.tex)
(e:/Program Files/LateX/texlive/2025/texmf-dist/tex/generic/pgfplots/pgfplotspl
othandlers.code.tex
(e:/Program Files/LateX/texlive/2025/texmf-dist/tex/generic/pgfplots/pgfplotsme
shplothandler.code.tex
(e:/Program Files/LateX/texlive/2025/texmf-dist/tex/generic/pgfplots/pgfplotsme
shplotimage.code.tex)))
(e:/Program Files/LateX/texlive/2025/texmf-dist/tex/generic/pgfplots/pgfplots.s
caling.code.tex)
(e:/Program Files/LateX/texlive/2025/texmf-dist/tex/generic/pgfplots/pgfplotsco
ordprocessing.code.tex)
(e:/Program Files/LateX/texlive/2025/texmf-dist/tex/generic/pgfplots/pgfplots.e
rrorbars.code.tex)
(e:/Program Files/LateX/texlive/2025/texmf-dist/tex/generic/pgfplots/pgfplots.m
arkers.code.tex)
(e:/Program Files/LateX/texlive/2025/texmf-dist/tex/generic/pgfplots/pgfplotsti
cks.code.tex)
(e:/Program Files/LateX/texlive/2025/texmf-dist/tex/generic/pgfplots/pgfplots.p
aths.code.tex)
(e:/Program Files/LateX/texlive/2025/texmf-dist/tex/generic/pgf/frontendlayer/t
ikz/libraries/tikzlibrarydecorations.code.tex
(e:/Program Files/LateX/texlive/2025/texmf-dist/tex/generic/pgf/modules/pgfmodu
ledecorations.code.tex
\pgfdecoratedcompleteddistance=\dimen355
\pgfdecoratedremainingdistance=\dimen356
\pgfdecoratedinputsegmentcompleteddistance=\dimen357
\pgfdecoratedinputsegmentremainingdistance=\dimen358
\pgf@decorate@distancetomove=\dimen359
\pgf@decorate@repeatstate=\count452
\pgfdecorationsegmentamplitude=\dimen360
\pgfdecorationsegmentlength=\dimen361
)
\tikz@lib@dec@box=\box139
)
(e:/Program Files/LateX/texlive/2025/texmf-dist/tex/generic/pgf/frontendlayer/t
ikz/libraries/tikzlibrarydecorations.pathmorphing.code.tex
(e:/Program Files/LateX/texlive/2025/texmf-dist/tex/generic/pgf/libraries/decor
ations/pgflibrarydecorations.pathmorphing.code.tex))
(e:/Program Files/LateX/texlive/2025/texmf-dist/tex/generic/pgf/frontendlayer/t
ikz/libraries/tikzlibrarydecorations.pathreplacing.code.tex
(e:/Program Files/LateX/texlive/2025/texmf-dist/tex/generic/pgf/libraries/decor
ations/pgflibrarydecorations.pathreplacing.code.tex))
(e:/Program Files/LateX/texlive/2025/texmf-dist/tex/generic/pgfplots/libs/tikzl
ibrarypgfplots.contourlua.code.tex)
\pgfplots@numplots=\count453
\pgfplots@xmin@reg=\dimen362
\pgfplots@xmax@reg=\dimen363
\pgfplots@ymin@reg=\dimen364
\pgfplots@ymax@reg=\dimen365
\pgfplots@zmin@reg=\dimen366
\pgfplots@zmax@reg=\dimen367
)
(e:/Program Files/LateX/texlive/2025/texmf-dist/tex/generic/pgf/frontendlayer/t
ikz/libraries/tikzlibraryplotmarks.code.tex
File: tikzlibraryplotmarks.code.tex 2023-01-15 v3.1.10 (3.1.10)

(e:/Program Files/LateX/texlive/2025/texmf-dist/tex/generic/pgf/libraries/pgfli
braryplotmarks.code.tex
File: pgflibraryplotmarks.code.tex 2023-01-15 v3.1.10 (3.1.10)
)))
(e:/Program Files/LateX/texlive/2025/texmf-dist/tex/latex/circuitikz/circuitikz
.sty
Package: circuitikz 2025/01/10{} The CircuiTikz circuit drawing package version
 1.7.1

(e:/Program Files/LateX/texlive/2025/texmf-dist/tex/generic/pgf/libraries/pgfli
braryarrows.meta.code.tex
File: pgflibraryarrows.meta.code.tex 2023-01-15 v3.1.10 (3.1.10)
\pgfarrowinset=\dimen368
\pgfarrowlength=\dimen369
\pgfarrowwidth=\dimen370
\pgfarrowlinewidth=\dimen371
)
(e:/Program Files/LateX/texlive/2025/texmf-dist/tex/generic/pgf/frontendlayer/t
ikz/libraries/tikzlibrarybending.code.tex
File: tikzlibrarybending.code.tex 2023-01-15 v3.1.10 (3.1.10)

(e:/Program Files/LateX/texlive/2025/texmf-dist/tex/generic/pgf/modules/pgfmodu
lebending.code.tex
File: pgfmodulebending.code.tex 2023-01-15 v3.1.10 (3.1.10)

(e:/Program Files/LateX/texlive/2025/texmf-dist/tex/generic/pgf/modules/pgfmodu
lenonlineartransformations.code.tex
File: pgfmodulenonlineartransformations.code.tex 2023-01-15 v3.1.10 (3.1.10)
\pgftransformnonlinearflatness=\dimen372
)
(e:/Program Files/LateX/texlive/2025/texmf-dist/tex/generic/pgf/libraries/pgfli
brarycurvilinear.code.tex
File: pgflibrarycurvilinear.code.tex 2023-01-15 v3.1.10 (3.1.10)
\pgf@curvilinear@time@a=\dimen373
\pgf@curvilinear@length@a=\dimen374
\pgf@curvilinear@length@b=\dimen375
\pgf@curvilinear@length@c=\dimen376
\pgf@curvilinear@length@d=\dimen377
)
\pgf@arrows@the@rigidity=\dimen378
))
(e:/Program Files/LateX/texlive/2025/texmf-dist/tex/generic/pgf/frontendlayer/t
ikz/libraries/tikzlibraryfpu.code.tex)
(e:/Program Files/LateX/texlive/2025/texmf-dist/tex/generic/circuitikz/pgfcirc.
defines.tex
\pgf@circ@count@a=\count454
\pgf@circ@count@b=\count455
\pgf@circ@count@c=\count456
\pgf@circ@res@up=\dimen379
\pgf@circ@res@down=\dimen380
\pgf@circ@res@zero=\dimen381
\pgf@circ@res@left=\dimen382
\pgf@circ@res@right=\dimen383
\pgf@circ@res@other=\dimen384
\pgf@circ@res@step=\dimen385
\pgf@circ@res@temp=\dimen386
\pgf@circ@Rlen=\dimen387
\pgf@circ@scaled@Rlen=\dimen388
\pgfstartlinewidth=\dimen389
)
(e:/Program Files/LateX/texlive/2025/texmf-dist/tex/generic/circuitikz/pgfcircu
tils.tex
\ctikz@scratchbox=\box140
)
(e:/Program Files/LateX/texlive/2025/texmf-dist/tex/generic/circuitikz/pgfcircp
ath.tex)
(e:/Program Files/LateX/texlive/2025/texmf-dist/tex/generic/circuitikz/pgfcircs
hapes.tex)
(e:/Program Files/LateX/texlive/2025/texmf-dist/tex/generic/circuitikz/pgfcircm
onopoles.tex)
(e:/Program Files/LateX/texlive/2025/texmf-dist/tex/generic/circuitikz/pgfcircb
ipoles.tex)
(e:/Program Files/LateX/texlive/2025/texmf-dist/tex/generic/circuitikz/pgfcirct
ripoles.tex
\pgf@circ@res@count=\count457
)
(e:/Program Files/LateX/texlive/2025/texmf-dist/tex/generic/circuitikz/pgfcircq
uadpoles.tex)
(e:/Program Files/LateX/texlive/2025/texmf-dist/tex/generic/circuitikz/pgfcircm
ultipoles.tex)
(e:/Program Files/LateX/texlive/2025/texmf-dist/tex/generic/circuitikz/pgfcircl
abel.tex)
(e:/Program Files/LateX/texlive/2025/texmf-dist/tex/generic/circuitikz/pgfcircv
oltage.tex
\pgfcirc@labelshift=\dimen390
)
(e:/Program Files/LateX/texlive/2025/texmf-dist/tex/generic/circuitikz/pgfcircc
urrent.tex)
(e:/Program Files/LateX/texlive/2025/texmf-dist/tex/generic/circuitikz/pgfcircf
low.tex))
(e:/Program Files/LateX/texlive/2025/texmf-dist/tex/generic/pgf/frontendlayer/t
ikz/libraries/tikzlibraryarrows.code.tex
File: tikzlibraryarrows.code.tex 2023-01-15 v3.1.10 (3.1.10)

(e:/Program Files/LateX/texlive/2025/texmf-dist/tex/generic/pgf/libraries/pgfli
braryarrows.code.tex
File: pgflibraryarrows.code.tex 2023-01-15 v3.1.10 (3.1.10)
\arrowsize=\dimen391
))
(e:/Program Files/LateX/texlive/2025/texmf-dist/tex/generic/pgf/frontendlayer/t
ikz/libraries/tikzlibraryshapes.geometric.code.tex
File: tikzlibraryshapes.geometric.code.tex 2023-01-15 v3.1.10 (3.1.10)

(e:/Program Files/LateX/texlive/2025/texmf-dist/tex/generic/pgf/libraries/shape
s/pgflibraryshapes.geometric.code.tex
File: pgflibraryshapes.geometric.code.tex 2023-01-15 v3.1.10 (3.1.10)
))
(e:/Program Files/LateX/texlive/2025/texmf-dist/tex/generic/pgf/frontendlayer/t
ikz/libraries/circuits/tikzlibrarycircuits.logic.US.code.tex
(e:/Program Files/LateX/texlive/2025/texmf-dist/tex/generic/pgf/frontendlayer/t
ikz/libraries/circuits/tikzlibrarycircuits.logic.code.tex
(e:/Program Files/LateX/texlive/2025/texmf-dist/tex/generic/pgf/frontendlayer/t
ikz/libraries/circuits/tikzlibrarycircuits.code.tex
(e:/Program Files/LateX/texlive/2025/texmf-dist/tex/generic/pgf/frontendlayer/t
ikz/libraries/tikzlibrarydecorations.markings.code.tex
(e:/Program Files/LateX/texlive/2025/texmf-dist/tex/generic/pgf/libraries/decor
ations/pgflibrarydecorations.markings.code.tex))
\tikz@lib@circ@count=\count458
\tikzcircuitssizeunit=\dimen392
))
(e:/Program Files/LateX/texlive/2025/texmf-dist/tex/generic/pgf/libraries/shape
s/circuits/pgflibraryshapes.gates.logic.US.code.tex
(e:/Program Files/LateX/texlive/2025/texmf-dist/tex/generic/pgf/libraries/shape
s/circuits/pgflibraryshapes.gates.logic.code.tex)))
(e:/Program Files/LateX/texlive/2025/texmf-dist/tex/generic/ulem/ulem.sty
\UL@box=\box141
\UL@hyphenbox=\box142
\UL@skip=\skip152
\UL@hook=\toks54
\UL@height=\dimen393
\UL@pe=\count459
\UL@pixel=\dimen394
\ULC@box=\box143
Package: ulem 2019/11/18
\ULdepth=\dimen395
)
(e:/Program Files/LateX/texlive/2025/texmf-dist/tex/latex/cleveref/cleveref.sty
Package: cleveref 2018/03/27 v0.21.4 Intelligent cross-referencing
Package cleveref Info: `hyperref' support loaded on input line 2370.
LaTeX Info: Redefining \cref on input line 2370.
LaTeX Info: Redefining \Cref on input line 2370.
LaTeX Info: Redefining \crefrange on input line 2370.
LaTeX Info: Redefining \Crefrange on input line 2370.
LaTeX Info: Redefining \cpageref on input line 2370.
LaTeX Info: Redefining \Cpageref on input line 2370.
LaTeX Info: Redefining \cpagerefrange on input line 2370.
LaTeX Info: Redefining \Cpagerefrange on input line 2370.
LaTeX Info: Redefining \labelcref on input line 2370.
LaTeX Info: Redefining \labelcpageref on input line 2370.
Package cleveref Info: `listings' support loaded on input line 3131.
)
Package csquotes Info: Checking for multilingual support...
Package csquotes Info: ... none found.
 (build/DiscreteMathematics.aux)
\openout1 = `DiscreteMathematics.aux'.

LaTeX Font Info:    Checking defaults for OML/cmm/m/it on input line 58.
LaTeX Font Info:    ... okay on input line 58.
LaTeX Font Info:    Checking defaults for OMS/cmsy/m/n on input line 58.
LaTeX Font Info:    ... okay on input line 58.
LaTeX Font Info:    Checking defaults for OT1/cmr/m/n on input line 58.
LaTeX Font Info:    ... okay on input line 58.
LaTeX Font Info:    Checking defaults for T1/cmr/m/n on input line 58.
LaTeX Font Info:    ... okay on input line 58.
LaTeX Font Info:    Checking defaults for TS1/cmr/m/n on input line 58.
LaTeX Font Info:    ... okay on input line 58.
LaTeX Font Info:    Checking defaults for TU/lmr/m/n on input line 58.
LaTeX Font Info:    ... okay on input line 58.
LaTeX Font Info:    Checking defaults for OMX/cmex/m/n on input line 58.
LaTeX Font Info:    ... okay on input line 58.
LaTeX Font Info:    Checking defaults for U/cmr/m/n on input line 58.
LaTeX Font Info:    ... okay on input line 58.
LaTeX Font Info:    Checking defaults for PD1/pdf/m/n on input line 58.
LaTeX Font Info:    ... okay on input line 58.
LaTeX Font Info:    Checking defaults for PU/pdf/m/n on input line 58.
LaTeX Font Info:    ... okay on input line 58.
Package hyperref Info: Link coloring ON on input line 58.
 (build/DiscreteMathematics.out)
(build/DiscreteMathematics.out)
\@outlinefile=\write6
\openout6 = `DiscreteMathematics.out'.


*geometry* driver: auto-detecting
*geometry* detected driver: xetex
*geometry* verbose mode - [ preamble ] result:
* driver: xetex
* paper: a4paper
* layout: <same size as paper>
* layoutoffset:(h,v)=(0.0pt,0.0pt)
* modes: 
* h-part:(L,W,R)=(56.9055pt, 483.69687pt, 56.9055pt)
* v-part:(T,H,B)=(72.26997pt, 700.5069pt, 72.26997pt)
* \paperwidth=597.50787pt
* \paperheight=845.04684pt
* \textwidth=483.69687pt
* \textheight=700.5069pt
* \oddsidemargin=-15.36449pt
* \evensidemargin=-15.36449pt
* \topmargin=-73.12352pt
* \headheight=61.74242pt
* \headsep=11.38109pt
* \topskip=11.0pt
* \footskip=34.1433pt
* \marginparwidth=53.0pt
* \marginparsep=7.0pt
* \columnsep=10.0pt
* \skip\footins=10.0pt plus 4.0pt minus 2.0pt
* \hoffset=0.0pt
* \voffset=0.0pt
* \mag=1000
* \@twocolumnfalse
* \@twosidefalse
* \@mparswitchfalse
* \@reversemarginfalse
* (1in=72.27pt=25.4mm, 1cm=28.453pt)

Package caption Info: Begin \AtBeginDocument code.
Package caption Info: listings package is loaded.
Package caption Info: End \AtBeginDocument code.

(e:/Program Files/LateX/texlive/2025/texmf-dist/tex/latex/footmisc/footmisc.sty
Package: footmisc 2024/12/24 v6.0g a miscellany of footnote facilities
\FN@temptoken=\toks55
\footnotemargin=\dimen396
\@outputbox@depth=\dimen397
Package footmisc Info: Declaring symbol style bringhurst on input line 699.
Package footmisc Info: Declaring symbol style chicago on input line 707.
Package footmisc Info: Declaring symbol style wiley on input line 716.
Package footmisc Info: Declaring symbol style lamport-robust on input line 727.

Package footmisc Info: Declaring symbol style lamport* on input line 747.
Package footmisc Info: Declaring symbol style lamport*-robust on input line 768
.
)
\c@lstlisting=\count460

Package pgfplots notification 'compat/show suggested version=true': document ha
s been generated with the most recent feature set (\pgfplotsset{compat=1.18}).

Package hyperref Info: Option `pageanchor' set `false' on input line 60.
*geometry* verbose mode - [ newgeometry ] result:
* driver: xetex
* paper: a4paper
* layout: <same size as paper>
* layoutoffset:(h,v)=(0.0pt,0.0pt)
* modes: 
* h-part:(L,W,R)=(0.0pt, 597.50787pt, 0.0pt)
* v-part:(T,H,B)=(0.0pt, 845.04684pt, 0.0pt)
* \paperwidth=597.50787pt
* \paperheight=845.04684pt
* \textwidth=597.50787pt
* \textheight=845.04684pt
* \oddsidemargin=-72.26999pt
* \evensidemargin=-72.26999pt
* \topmargin=-145.3935pt
* \headheight=61.74242pt
* \headsep=11.38109pt
* \topskip=11.0pt
* \footskip=34.1433pt
* \marginparwidth=53.0pt
* \marginparsep=7.0pt
* \columnsep=10.0pt
* \skip\footins=10.0pt plus 4.0pt minus 2.0pt
* \hoffset=0.0pt
* \voffset=0.0pt
* \mag=1000
* \@twocolumnfalse
* \@twosidefalse
* \@mparswitchfalse
* \@reversemarginfalse
* (1in=72.27pt=25.4mm, 1cm=28.453pt)

File: example-image.pdf Graphic file (type pdf)
<use example-image.pdf>
LaTeX Font Info:    Font shape `TU/texgyretermes(0)/b/n' will be
(Font)              scaled to size 24.88pt on input line 60.
LaTeX Font Info:    Trying to load font information for U+rsfs on input line 60
.
(e:/Program Files/LateX/texlive/2025/texmf-dist/tex/latex/jknapltx/ursfs.fd
File: ursfs.fd 1998/03/24 rsfs font definition file (jk)
)
LaTeX Font Info:    Trying to load font information for U+msa on input line 60.


(e:/Program Files/LateX/texlive/2025/texmf-dist/tex/latex/amsfonts/umsa.fd
File: umsa.fd 2013/01/14 v3.01 AMS symbols A
)
LaTeX Font Info:    Trying to load font information for U+msb on input line 60.


(e:/Program Files/LateX/texlive/2025/texmf-dist/tex/latex/amsfonts/umsb.fd
File: umsb.fd 2013/01/14 v3.01 AMS symbols B
)
LaTeX Font Info:    Font shape `TU/texgyretermes(0)/b/n' will be
(Font)              scaled to size 14.4pt on input line 60.


[1



]
LaTeX Font Info:    Font shape `TU/texgyretermes(0)/b/n' will be
(Font)              scaled to size 17.28pt on input line 61.


[1



] (build/DiscreteMathematics.toc

[2

])
\tf@toc=\write7
\openout7 = `DiscreteMathematics.toc'.



LaTeX Font Info:    Font shape `TU/texgyretermes(0)/m/n' will be
(Font)              scaled to size 10.0pt on input line 82.
[3] (build/DiscreteMathematics.lod

[4

]

[5])
\tf@lod=\write8
\openout8 = `DiscreteMathematics.lod'.



[6] (build/DiscreteMathematics.loth

[7

]

[8])
\tf@loth=\write9
\openout9 = `DiscreteMathematics.loth'.



[9] (build/DiscreteMathematics.loexer)
\tf@loexer=\write10
\openout10 = `DiscreteMathematics.loexer'.



[10

] (build/DiscreteMathematics.lopr)
\tf@lopr=\write11
\openout11 = `DiscreteMathematics.lopr'.



[11

]
Chapter 1.


[1


]

[2]
LaTeX Font Info:    Font shape `TU/texgyretermes(0)/m/n' will be
(Font)              scaled to size 8.0pt on input line 152.
LaTeX Font Info:    Font shape `TU/texgyretermes(0)/m/n' will be
(Font)              scaled to size 6.0pt on input line 152.


[3]

[4]

[5]

[6]

[7]

[8]

[9]
Chapter 2.


[10

]

[11]

[12]

[13]

[14]

[15]

[16]

[17]

[18]

[19]
Chapter 3.


[20

]

[21]

[22]

[23]

[24]

[25]

[26]

[27]

[28]

[29]

[30]

[31]

[32]

[33]

[34]

[35]

[36]

[37]

[38]

[39]

[40]

[41]

[42]

[43]
Chapter 4.


[44

]

[45]

[46]

[47]

[48]

[49]

[50]

[51]

[52]

[53]
Chapter 5.


[54

]

[55]

[56]

[57]

[58]

[59]

[60]

[61]

[62]

[63]

[64]

[65]

[66]

[67]

[68]

[69]

[70]

[71]

[72]

[73]

[74]

[75]

[76]

[77]

[78]

[79]

[80]

[81]

[82]

[83]

[84]

[85]

[86]

[87]

[88]

[89]

[90]

[91]

[92]

[93]

[94]

[95]

[96] (build/DiscreteMathematics.aux)
 ***********
LaTeX2e <2024-11-01> patch level 2
L3 programming layer <2022/08/05>
 ***********
Package rerunfilecheck Info: File `DiscreteMathematics.out' has not changed.
(rerunfilecheck)             Checksum: 5DE0FAA67C6E95FC09AADCDDEFA07643;4480.
 ) 
Here is how much of TeX's memory you used:
 71453 strings out of 473832
 1875338 string characters out of 5723978
 2747874 words of memory out of 5000000
 93535 multiletter control sequences out of 15000+600000
 570193 words of font info for 124 fonts, out of 8000000 for 9000
 1348 hyphenation exceptions out of 8191
 103i,16n,127p,740b,1353s stack positions out of 10000i,1000n,20000p,200000b,200000s

Output written on build/DiscreteMathematics.xdv (108 pages, 3033400 bytes).
