\BOOKMARK [0][]{chapter*.1}{\376\377\122\115\212\000}{}% 1
\BOOKMARK [0][]{chapter.1}{\376\377\0001\000\040\124\175\230\230\220\073\217\221}{}% 2
\BOOKMARK [1][]{section.1.1}{\376\377\0001\000.\0001\000\040\124\175\230\230\116\016\124\175\230\230\121\154\137\017}{chapter.1}% 3
\BOOKMARK [1][]{section.1.2}{\376\377\0001\000.\0002\000\040\124\175\230\230\157\024\173\227\166\204\121\163\174\373\137\017}{chapter.1}% 4
\BOOKMARK [1][]{section.1.3}{\376\377\0001\000.\0003\000\040\147\220\123\326\203\003\137\017\377\014\124\010\123\326\203\003\137\017}{chapter.1}% 5
\BOOKMARK [0][]{chapter.2}{\376\377\0002\000\040\214\023\213\315\220\073\217\221}{}% 6
\BOOKMARK [1][]{section.2.1}{\376\377\0002\000.\0001\000\040\214\023\213\315\220\073\217\221\127\372\147\054\151\202\137\365}{chapter.2}% 7
\BOOKMARK [1][]{section.2.2}{\376\377\0002\000.\0002\000\040\143\142\124\015\377\014\122\115\147\137\203\003\137\017}{chapter.2}% 8
\BOOKMARK [1][]{section.2.3}{\376\377\0002\000.\0003\000\040\214\023\213\315\121\154\137\017\166\204\173\111\116\367\124\214\205\164\124\053\121\163\174\373\137\017}{chapter.2}% 9
\BOOKMARK [0][]{chapter.3}{\376\377\0003\000\040\226\306\124\010\116\016\121\163\174\373}{}% 10
\BOOKMARK [1][]{section.3.1}{\376\377\0003\000.\0001\000\040\226\306\124\010}{chapter.3}% 11
\BOOKMARK [1][]{section.3.2}{\376\377\0003\000.\0002\000\040\226\306\124\010\166\204\173\033\123\141\134\024\171\357}{chapter.3}% 12
\BOOKMARK [1][]{section.3.3}{\376\377\0003\000.\0003\000\040\121\163\174\373}{chapter.3}% 13
\BOOKMARK [1][]{section.3.4}{\376\377\0003\000.\0004\000\040\201\352\123\315\377\014\133\371\171\360\377\014\117\040\220\022\121\163\174\373\377\014\225\355\123\005}{chapter.3}% 14
\BOOKMARK [1][]{section.3.5}{\376\377\0003\000.\0005\000\040\000W\000a\000r\000s\000h\000a\000l\000l\173\227\154\325}{chapter.3}% 15
\BOOKMARK [1][]{section.3.6}{\376\377\0003\000.\0006\000\040\173\111\116\367\121\163\174\373\377\014\173\111\116\367\174\173\377\014\211\206\166\326\124\214\122\022\122\006}{chapter.3}% 16
\BOOKMARK [1][]{section.3.7}{\376\377\0003\000.\0007\000\040\120\117\136\217\121\163\174\373\377\014\121\150\136\217\121\163\174\373\377\014\202\157\136\217\121\163\174\373}{chapter.3}% 17
\BOOKMARK [0][]{chapter.4}{\376\377\0004\000\040\121\375\145\160}{}% 18
\BOOKMARK [1][]{section.4.1}{\376\377\0004\000.\0001\000\040\121\375\145\160\377\010\146\040\134\004\377\011\166\204\133\232\116\111\116\016\210\150\171\072}{chapter.4}% 19
\BOOKMARK [1][]{section.4.2}{\376\377\0004\000.\0002\000\040\123\125\000/\156\341\000/\123\314\134\004\377\014\123\315\121\375\145\160\377\014\131\015\124\010}{chapter.4}% 20
\BOOKMARK [1][]{section.4.3}{\376\377\0004\000.\0003\000\040\201\352\161\066\145\160}{chapter.4}% 21
\BOOKMARK [1][]{section.4.4}{\376\377\0004\000.\0004\000\040\226\306\124\010\166\204\127\372\145\160\377\014\173\111\122\277}{chapter.4}% 22
\BOOKMARK [0][]{chapter.5}{\376\377\0005\000\040\126\376\213\272}{}% 23
\BOOKMARK [1][]{section.5.1}{\376\377\0005\000.\0001\000\040\126\376\166\204\127\372\147\054\151\202\137\365}{chapter.5}% 24
\BOOKMARK [1][]{section.5.2}{\376\377\0005\000.\0002\000\040\126\376\166\204\210\150\171\072\154\325}{chapter.5}% 25
\BOOKMARK [1][]{section.5.3}{\376\377\0005\000.\0003\000\040\162\171\153\212\126\376}{chapter.5}% 26
\BOOKMARK [1][]{section.5.4}{\376\377\0005\000.\0004\000\040\145\305\210\114\125\106\225\356\230\230}{chapter.5}% 27
\BOOKMARK [1][]{section.5.5}{\376\377\0005\000.\0005\000\040\147\000\167\355\215\357\137\204\225\356\230\230\116\016\000D\000i\000j\000k\000s\000t\000r\000a\173\227\154\325}{chapter.5}% 28
\BOOKMARK [1][]{section.5.6}{\376\377\0005\000.\0006\000\040\116\055\126\375\220\256\215\357\225\356\230\230}{chapter.5}% 29
\BOOKMARK [1][]{section.5.7}{\376\377\0005\000.\0007\000\040\123\071\221\115\116\016\116\214\122\006\126\376}{chapter.5}% 30
\BOOKMARK [1][]{section.5.8}{\376\377\0005\000.\0008\000\040\136\163\227\142\126\376\377\014\124\014\200\332\377\014\133\371\120\166\126\376}{chapter.5}% 31
\BOOKMARK [1][]{section.5.9}{\376\377\0005\000.\0009\000\040\227\346\134\024\131\107\234\215\132\001\134\024\173\227\154\325}{chapter.5}% 32
\BOOKMARK [1][]{section.5.10}{\376\377\0005\000.\0001\0000\000\040\150\021\166\204\166\370\121\163\151\202\137\365}{chapter.5}% 33
\BOOKMARK [1][]{section.5.11}{\376\377\0005\000.\0001\0001\000\040\165\037\142\020\150\021}{chapter.5}% 34
\BOOKMARK [1][]{section.5.12}{\376\377\0005\000.\0001\0002\000\040\150\071\150\021}{chapter.5}% 35
