\BOOKMARK [0][]{chapter.1}{\376\377\0001\000\040\137\256\122\006\145\271\172\013}{}% 1
\BOOKMARK [1][]{section.1.1}{\376\377\0001\000.\0001\000\040\137\256\122\006\145\271\172\013\166\204\127\372\147\054\151\202\137\365}{chapter.1}% 2
\BOOKMARK [2][]{subsection.1.1.1}{\376\377\0001\000.\0001\000.\0001\000\040\165\061\220\032\211\343\123\315\154\102\137\256\122\006\145\271\172\013}{section.1.1}% 3
\BOOKMARK [1][]{section.1.2}{\376\377\0001\000.\0002\000\040\176\303\116\140}{chapter.1}% 4
\BOOKMARK [1][]{section.1.3}{\376\377\0001\000.\0003\000\040\123\330\221\317\123\357\122\006\171\273\145\271\172\013\123\312\237\120\153\041\145\271\172\013}{chapter.1}% 5
\BOOKMARK [2][]{subsection.1.3.1}{\376\377\0001\000.\0003\000.\0001\000\040\123\330\221\317\123\357\122\006\171\273\145\271\172\013}{section.1.3}% 6
\BOOKMARK [2][]{subsection.1.3.2}{\376\377\0001\000.\0003\000.\0002\000\040\237\120\153\041\145\271\172\013}{section.1.3}% 7
\BOOKMARK [2][]{subsection.1.3.3}{\376\377\0001\000.\0003\000.\0003\000\040\123\357\123\026\116\072\237\120\153\041\145\271\172\013\166\204\174\173\127\213}{section.1.3}% 8
\BOOKMARK [2][]{subsection.1.3.4}{\376\377\0001\000.\0003\000.\0004\000\040\136\224\165\050\133\236\117\213}{section.1.3}% 9
\BOOKMARK [2][]{subsection.1.3.5}{\376\377\0001\000.\0003\000.\0005\000\040\137\256\122\006\145\271\172\013\136\372\152\041\377\032\130\236\225\177\060\001\210\160\121\317\116\016\121\267\123\164}{section.1.3}% 10
\BOOKMARK [1][]{section.1.4}{\376\377\0001\000.\0004\000\040\176\303\116\140}{chapter.1}% 11
\BOOKMARK [2][]{subsection.1.4.1}{\376\377\0001\000.\0004\000.\0001\000\040\000A\176\304}{section.1.4}% 12
\BOOKMARK [2][]{subsection.1.4.2}{\376\377\0001\000.\0004\000.\0002\000\040\000B\176\304}{section.1.4}% 13
\BOOKMARK [1][]{section.1.5}{\376\377\0001\000.\0005\000\040\116\000\226\066\176\277\140\047\137\256\122\006\145\271\172\013}{chapter.1}% 14
\BOOKMARK [2][]{subsection.1.5.1}{\376\377\0001\000.\0005\000.\0001\000\040\133\232\116\111\116\016\127\372\147\054\151\202\137\365}{section.1.5}% 15
\BOOKMARK [2][]{subsection.1.5.2}{\376\377\0001\000.\0005\000.\0002\000\040\176\277\140\047\237\120\153\041\145\271\172\013\166\204\154\102\211\343}{section.1.5}% 16
\BOOKMARK [2][]{subsection.1.5.3}{\376\377\0001\000.\0005\000.\0003\000\040\136\070\145\160\123\330\146\023\154\325\116\016\227\136\237\120\153\041\145\271\172\013\166\204\220\032\211\343}{section.1.5}% 17
\BOOKMARK [2][]{subsection.1.5.4}{\376\377\0001\000.\0005\000.\0004\000\040\117\057\122\252\122\051\145\271\172\013}{section.1.5}% 18
\BOOKMARK [2][]{subsection.1.5.5}{\376\377\0001\000.\0005\000.\0005\000\040\236\316\123\141\143\320\145\271\172\013\116\016\122\030\176\364\134\024\145\271\154\325}{section.1.5}% 19
\BOOKMARK [2][]{subsection.1.5.6}{\376\377\0001\000.\0005\000.\0006\000\040\121\166\116\326\123\357\123\026\116\072\176\277\140\047\145\271\172\013\166\204\174\173\127\213}{section.1.5}% 20
\BOOKMARK [1][]{section.1.6}{\376\377\0001\000.\0006\000\040\176\303\116\140}{chapter.1}% 21
\BOOKMARK [2][]{subsection.1.6.1}{\376\377\0001\000.\0006\000.\0001\000\040\000A\176\304}{section.1.6}% 22
\BOOKMARK [2][]{subsection.1.6.2}{\376\377\0001\000.\0006\000.\0002\000\040\000B\176\304}{section.1.6}% 23
\BOOKMARK [1][]{section.1.7}{\376\377\0001\000.\0007\000\040\140\160\137\123\137\256\122\006\145\271\172\013\116\016\171\357\122\006\126\340\133\120\154\325}{chapter.1}% 24
\BOOKMARK [2][]{subsection.1.7.1}{\376\377\0001\000.\0007\000.\0001\000\040\211\343\166\204\121\340\117\125\147\054\215\050\116\016\121\150\137\256\122\006\166\204\137\025\121\145}{section.1.7}% 25
\BOOKMARK [2][]{subsection.1.7.2}{\376\377\0001\000.\0007\000.\0002\000\040\122\044\133\232\140\160\137\123\140\047\166\204\040\034\121\113\203\261\177\127\133\232\164\006\040\035}{section.1.7}% 26
\BOOKMARK [2][]{subsection.1.7.3}{\376\377\0001\000.\0007\000.\0003\000\040\171\357\122\006\126\340\133\120\154\325\166\204\122\033\220\040\116\016\226\115\176\364\142\123\121\373}{section.1.7}% 27
\BOOKMARK [2][]{subsection.1.7.4}{\376\377\0001\000.\0007\000.\0004\000\040\221\315\147\204\116\214\121\103\121\375\145\160\377\010\120\117\171\357\122\006\154\325\377\011}{section.1.7}% 28
\BOOKMARK [1][]{section.1.8}{\376\377\0001\000.\0008\000\040\123\357\226\115\226\066\166\204\232\330\226\066\145\271\172\013}{chapter.1}% 29
\BOOKMARK [2][]{subsection.1.8.1}{\376\377\0001\000.\0008\000.\0001\000\040\000y\000\050\000n\000\051\000=\000f\000\050\000x\000\051\000\040\127\213\377\032\166\364\143\245\171\357\122\006\127\213}{section.1.8}% 30
\BOOKMARK [2][]{subsection.1.8.2}{\376\377\0001\000.\0008\000.\0002\000\040\116\015\146\076\124\053\147\052\167\345\121\375\145\160\000\040\000y\000\040\166\204\145\271\172\013\377\032\000y\000'\000'\000=\000f\000\050\000x\000,\000y\000'\000\051\000\040\127\213}{section.1.8}% 31
\BOOKMARK [2][]{subsection.1.8.3}{\376\377\0001\000.\0008\000.\0003\000\040\116\015\146\076\124\053\201\352\123\330\221\317\000\040\000x\000\040\166\204\145\271\172\013\377\032\000y\000'\000'\000=\000f\000\050\000y\000,\000y\000'\000\051\000\040\127\213}{section.1.8}% 32
\BOOKMARK [2][]{subsection.1.8.4}{\376\377\0001\000.\0008\000.\0004\000\040\136\224\165\050\133\236\117\213}{section.1.8}% 33
\BOOKMARK [1][]{section.1.9}{\376\377\0001\000.\0009\000\040\176\303\116\140}{chapter.1}% 34
\BOOKMARK [2][]{subsection.1.9.1}{\376\377\0001\000.\0009\000.\0001\000\040\000A\176\304}{section.1.9}% 35
\BOOKMARK [2][]{subsection.1.9.2}{\376\377\0001\000.\0009\000.\0002\000\040\000B\176\304}{section.1.9}% 36
\BOOKMARK [1][]{section.1.10}{\376\377\0001\000.\0001\0000\000\040\123\357\226\115\226\066\166\204\232\330\226\066\145\271\172\013}{chapter.1}% 37
\BOOKMARK [2][]{subsection.1.10.1}{\376\377\0001\000.\0001\0000\000.\0001\000\040\000y\000\050\000n\000\051\000=\000f\000\050\000x\000\051\000\040\127\213\377\032\166\364\143\245\171\357\122\006\127\213}{section.1.10}% 38
\BOOKMARK [2][]{subsection.1.10.2}{\376\377\0001\000.\0001\0000\000.\0002\000\040\116\015\146\076\124\053\147\052\167\345\121\375\145\160\000\040\000y\000\040\166\204\145\271\172\013\377\032\000y\000'\000'\000=\000f\000\050\000x\000,\000y\000'\000\051\000\040\127\213}{section.1.10}% 39
\BOOKMARK [2][]{subsection.1.10.3}{\376\377\0001\000.\0001\0000\000.\0003\000\040\116\015\146\076\124\053\201\352\123\330\221\317\000\040\000x\000\040\166\204\145\271\172\013\377\032\000y\000'\000'\000=\000f\000\050\000y\000,\000y\000'\000\051\000\040\127\213}{section.1.10}% 40
\BOOKMARK [2][]{subsection.1.10.4}{\376\377\0001\000.\0001\0000\000.\0004\000\040\136\224\165\050\133\236\117\213}{section.1.10}% 41
\BOOKMARK [1][]{section.1.11}{\376\377\0001\000.\0001\0001\000\040\176\303\116\140}{chapter.1}% 42
\BOOKMARK [2][]{subsection.1.11.1}{\376\377\0001\000.\0001\0001\000.\0001\000\040\000A\176\304}{section.1.11}% 43
\BOOKMARK [2][]{subsection.1.11.2}{\376\377\0001\000.\0001\0001\000.\0002\000\040\000B\176\304}{section.1.11}% 44
\BOOKMARK [1][]{section.1.12}{\376\377\0001\000.\0001\0002\000\040\116\214\226\066\136\070\174\373\145\160\137\256\122\006\145\271\172\013}{chapter.1}% 45
\BOOKMARK [2][]{subsection.1.12.1}{\376\377\0001\000.\0001\0002\000.\0001\000\040\136\070\174\373\145\160\176\277\140\047\237\120\153\041\145\271\172\013\377\032\153\047\142\311\143\007\145\160\154\325}{section.1.12}% 46
\BOOKMARK [2][]{subsection.1.12.2}{\376\377\0001\000.\0001\0002\000.\0002\000\040\136\224\165\050\377\032\201\352\165\061\143\057\122\250\116\016\226\073\134\074\143\057\122\250}{section.1.12}% 47
\BOOKMARK [2][]{subsection.1.12.3}{\376\377\0001\000.\0001\0002\000.\0003\000\040\136\070\174\373\145\160\227\136\237\120\153\041\145\271\172\013\377\032\153\324\217\203\174\373\145\160\154\325}{section.1.12}% 48
\BOOKMARK [3][]{subsubsection.1.12.3.1}{\376\377\0001\000.\0001\0002\000.\0003\000.\0001\000\040\174\173\127\213\116\000\377\032\000f\000\050\000x\000\051\000=\000e\000x\000P\000m\000\050\000x\000\051\000\040\127\213}{subsection.1.12.3}% 49
\BOOKMARK [3][]{subsubsection.1.12.3.2}{\376\377\0001\000.\0001\0002\000.\0003\000.\0002\000\040\174\173\127\213\116\214\377\032\000f\000\050\000x\000\051\000=\000e\000x\000[\000t\000o\000.\000P\000m\000\050\000x\000\051\000x\000+\000Q\000m\000\050\000x\000\051\000x\000]\000t\000o\000.\000\040\127\213}{subsection.1.12.3}% 50
\BOOKMARK [3][]{subsubsection.1.12.3.3}{\376\377\0001\000.\0001\0002\000.\0003\000.\0003\000\040\121\161\143\057\163\260\214\141}{subsection.1.12.3}% 51
\BOOKMARK [2][]{subsection.1.12.4}{\376\377\0001\000.\0001\0002\000.\0004\000\040\000E\000u\000l\000e\000r\000\040\145\271\172\013\377\032\123\330\174\373\145\160\123\026\116\072\136\070\174\373\145\160}{section.1.12}% 52
\BOOKMARK [1][]{section.1.13}{\376\377\0001\000.\0001\0003\000\040\176\303\116\140}{chapter.1}% 53
\BOOKMARK [2][]{subsection.1.13.1}{\376\377\0001\000.\0001\0003\000.\0001\000\040\000A\176\304}{section.1.13}% 54
\BOOKMARK [2][]{subsection.1.13.2}{\376\377\0001\000.\0001\0003\000.\0002\000\040\000B\176\304}{section.1.13}% 55
\BOOKMARK [1][]{section.1.14}{\376\377\0001\000.\0001\0004\000\040\137\256\122\006\145\271\172\013\176\304\166\204\127\372\147\054\164\006\213\272}{chapter.1}% 56
\BOOKMARK [2][]{subsection.1.14.1}{\376\377\0001\000.\0001\0004\000.\0001\000\040\127\372\147\054\151\202\137\365\116\016\122\006\174\173}{section.1.14}% 57
\BOOKMARK [2][]{subsection.1.14.2}{\376\377\0001\000.\0001\0004\000.\0002\000\040\116\214\226\066\137\256\122\006\145\271\172\013\176\304}{section.1.14}% 58
\BOOKMARK [2][]{subsection.1.14.3}{\376\377\0001\000.\0001\0004\000.\0003\000\040\136\070\174\373\145\160\176\277\140\047\137\256\122\006\145\271\172\013\176\304\166\204\155\210\121\103\154\325}{section.1.14}% 59
\BOOKMARK [1][]{section.1.15}{\376\377\0001\000.\0001\0005\000\040\176\303\116\140}{chapter.1}% 60
\BOOKMARK [1][]{section.1.16}{\376\377\0001\000.\0001\0006\000\040\147\054\172\340\140\073\116\140\230\230}{chapter.1}% 61
\BOOKMARK [0][]{chapter.2}{\376\377\0002\000\040\131\032\121\103\121\375\145\160\137\256\122\006\133\146}{}% 62
\BOOKMARK [1][]{section.2.1}{\376\377\0002\000.\0001\000\040\000n\000\040\176\364\153\047\154\017\172\172\225\364\166\204\127\372\147\054\151\202\137\365}{chapter.2}% 63
\BOOKMARK [2][]{subsection.2.1.1}{\376\377\0002\000.\0001\000.\0001\000\040\000R\000n\000\040\117\134\116\072\226\306\124\010\377\032\173\033\123\141\134\024\171\357}{section.2.1}% 64
\BOOKMARK [2][]{subsection.2.1.2}{\376\377\0002\000.\0001\000.\0002\000\040\176\277\140\047\172\172\225\364\176\323\147\204}{section.2.1}% 65
\BOOKMARK [3][]{subsubsection.2.1.2.1}{\376\377\0002\000.\0001\000.\0002\000.\0001\000\040\124\021\221\317\122\240\154\325}{subsection.2.1.2}% 66
\BOOKMARK [3][]{subsubsection.2.1.2.2}{\376\377\0002\000.\0001\000.\0002\000.\0002\000\040\145\160\221\317\116\130\154\325}{subsection.2.1.2}% 67
\BOOKMARK [3][]{subsubsection.2.1.2.3}{\376\377\0002\000.\0001\000.\0002\000.\0003\000\040\127\372\147\054\217\320\173\227\137\213}{subsection.2.1.2}% 68
\BOOKMARK [3][]{subsubsection.2.1.2.4}{\376\377\0002\000.\0001\000.\0002\000.\0004\000\040\176\277\140\047\172\172\225\364\166\204\121\154\164\006\123\026\133\232\116\111}{subsection.2.1.2}% 69
\BOOKMARK [2][]{subsection.2.1.3}{\376\377\0002\000.\0001\000.\0003\000\040\121\205\171\357\116\016\153\047\154\017\172\172\225\364\176\323\147\204}{section.2.1}% 70
\BOOKMARK [3][]{subsubsection.2.1.3.1}{\376\377\0002\000.\0001\000.\0003\000.\0001\000\040\121\205\171\357\166\204\133\232\116\111\116\016\140\047\215\050}{subsection.2.1.3}% 71
\BOOKMARK [3][]{subsubsection.2.1.3.2}{\376\377\0002\000.\0001\000.\0003\000.\0002\000\040\153\047\154\017\172\172\225\364}{subsection.2.1.3}% 72
\BOOKMARK [3][]{subsubsection.2.1.3.3}{\376\377\0002\000.\0001\000.\0003\000.\0003\000\040\203\003\145\160\166\204\133\232\116\111\116\016\140\047\215\050}{subsection.2.1.3}% 73
\BOOKMARK [3][]{subsubsection.2.1.3.4}{\376\377\0002\000.\0001\000.\0003\000.\0004\000\040\147\357\211\177\040\023\145\275\164\346\203\050\116\015\173\111\137\017}{subsection.2.1.3}% 74
\BOOKMARK [3][]{subsubsection.2.1.3.5}{\376\377\0002\000.\0001\000.\0003\000.\0005\000\040\116\011\211\322\116\015\173\111\137\017\123\312\121\166\143\250\213\272}{subsection.2.1.3}% 75
\BOOKMARK [3][]{subsubsection.2.1.3.6}{\376\377\0002\000.\0001\000.\0003\000.\0006\000\040\150\007\121\306\153\143\116\244\127\372}{subsection.2.1.3}% 76
\BOOKMARK [2][]{subsection.2.1.4}{\376\377\0002\000.\0001\000.\0004\000\040\220\273\127\337}{section.2.1}% 77
\BOOKMARK [2][]{subsection.2.1.5}{\376\377\0002\000.\0001\000.\0005\000\040\121\205\160\271\060\001\131\026\160\271\060\001\217\271\165\114\160\271\116\016\200\132\160\271}{section.2.1}% 78
\BOOKMARK [2][]{subsection.2.1.6}{\376\377\0002\000.\0001\000.\0006\000\040\137\000\226\306\116\016\225\355\226\306}{section.2.1}% 79
\BOOKMARK [2][]{subsection.2.1.7}{\376\377\0002\000.\0001\000.\0007\000\040\123\072\127\337\377\010\217\336\220\032\137\000\226\306\377\011}{section.2.1}% 80
\BOOKMARK [1][]{section.2.2}{\376\377\0002\000.\0002\000\040\176\303\116\140}{chapter.2}% 81
\BOOKMARK [2][]{subsection.2.2.1}{\376\377\0002\000.\0002\000.\0001\000\040\000A\176\304}{section.2.2}% 82
\BOOKMARK [2][]{subsection.2.2.2}{\376\377\0002\000.\0002\000.\0002\000\040\000B\176\304}{section.2.2}% 83
\BOOKMARK [1][]{section.2.3}{\376\377\0002\000.\0003\000\040\131\032\121\103\121\375\145\160\166\204\127\372\147\054\151\202\137\365}{chapter.2}% 84
\BOOKMARK [2][]{subsection.2.3.1}{\376\377\0002\000.\0003\000.\0001\000\040\000n\000\040\121\103\121\375\145\160\166\204\133\232\116\111}{section.2.3}% 85
\BOOKMARK [2][]{subsection.2.3.2}{\376\377\0002\000.\0003\000.\0002\000\040\121\375\145\160\126\376\120\317\116\016\173\111\232\330\176\277}{section.2.3}% 86
\BOOKMARK [2][]{subsection.2.3.3}{\376\377\0002\000.\0003\000.\0003\000\040\131\032\121\103\121\375\145\160\166\204\147\201\226\120}{section.2.3}% 87
\BOOKMARK [3][]{subsubsection.2.3.3.1}{\376\377\0002\000.\0003\000.\0003\000.\0001\000\040\116\214\221\315\147\201\226\120\166\204\133\232\116\111}{subsection.2.3.3}% 88
\BOOKMARK [3][]{subsubsection.2.3.3.2}{\376\377\0002\000.\0003\000.\0003\000.\0002\000\040\215\357\137\204\117\235\215\126\140\047\040\024\040\024\131\032\121\103\147\201\226\120\166\204\150\070\137\303\226\276\160\271}{subsection.2.3.3}% 89
\BOOKMARK [3][]{subsubsection.2.3.3.3}{\376\377\0002\000.\0003\000.\0003\000.\0003\000\040\147\201\226\120\213\241\173\227\116\076\117\213\377\032\131\071\220\074\121\306\122\031\166\204\136\224\165\050}{subsection.2.3.3}% 90
\BOOKMARK [3][]{subsubsection.2.3.3.4}{\376\377\0002\000.\0003\000.\0003\000.\0004\000\040\155\167\155\205\137\122\176\323\123\237\164\006\377\010\000H\000e\000i\000n\000e\000'\000s\000\040\000P\000r\000i\000n\000c\000i\000p\000l\000e\377\011}{subsection.2.3.3}% 91
\BOOKMARK [3][]{subsubsection.2.3.3.5}{\376\377\0002\000.\0003\000.\0003\000.\0005\000\040\147\201\226\120\116\015\133\130\127\050\166\204\121\170\127\213\117\213\133\120}{subsection.2.3.3}% 92
\BOOKMARK [3][]{subsubsection.2.3.3.6}{\376\377\0002\000.\0003\000.\0003\000.\0006\000\040\175\057\153\041\147\201\226\120\116\016\116\214\221\315\147\201\226\120\166\204\121\163\174\373}{subsection.2.3.3}% 93
\BOOKMARK [2][]{subsection.2.3.4}{\376\377\0002\000.\0003\000.\0004\000\040\131\032\121\103\121\375\145\160\166\204\217\336\176\355\140\047}{section.2.3}% 94
\BOOKMARK [3][]{subsubsection.2.3.4.1}{\376\377\0002\000.\0003\000.\0004\000.\0001\000\040\217\336\176\355\140\047\166\204\133\232\116\111}{subsection.2.3.4}% 95
\BOOKMARK [3][]{subsubsection.2.3.4.2}{\376\377\0002\000.\0003\000.\0004\000.\0002\000\040\217\336\176\355\140\047\166\204\127\372\147\054\117\213\133\120}{subsection.2.3.4}% 96
\BOOKMARK [2][]{subsection.2.3.5}{\376\377\0002\000.\0003\000.\0005\000\040\147\011\165\114\225\355\123\072\127\337\116\012\217\336\176\355\121\375\145\160\166\204\140\047\215\050}{section.2.3}% 97
\BOOKMARK [3][]{subsubsection.2.3.5.1}{\376\377\0002\000.\0003\000.\0005\000.\0001\000\040\116\011\131\047\127\372\147\054\133\232\164\006}{subsection.2.3.5}% 98
\BOOKMARK [3][]{subsubsection.2.3.5.2}{\376\377\0002\000.\0003\000.\0005\000.\0002\000\040\136\224\165\050\133\236\117\213\377\032\145\340\172\167\217\334\131\004\215\213\116\216\226\366\166\204\217\336\176\355\121\375\145\160}{subsection.2.3.5}% 99
\BOOKMARK [2][]{subsection.2.3.6}{\376\377\0002\000.\0003\000.\0006\000\040\154\102\131\032\121\103\121\375\145\160\147\201\226\120\166\204\145\271\154\325\116\016\142\200\135\347}{section.2.3}% 100
\BOOKMARK [3][]{subsubsection.2.3.6.1}{\376\377\0002\000.\0003\000.\0006\000.\0001\000\040\131\071\220\074\121\306\122\031\377\010\000S\000q\000u\000e\000e\000z\000e\000\040\000M\000e\000t\000h\000o\000d\377\011}{subsection.2.3.6}% 101
\BOOKMARK [3][]{subsubsection.2.3.6.2}{\376\377\0002\000.\0003\000.\0006\000.\0002\000\040\122\006\153\265\121\375\145\160\166\204\176\337\116\000\131\004\164\006}{subsection.2.3.6}% 102
\BOOKMARK [3][]{subsubsection.2.3.6.3}{\376\377\0002\000.\0003\000.\0006\000.\0003\000\040\136\102\143\007\127\213\147\201\226\120\377\032\133\371\145\160\123\330\137\142\154\325}{subsection.2.3.6}% 103
\BOOKMARK [3][]{subsubsection.2.3.6.4}{\376\377\0002\000.\0003\000.\0006\000.\0004\000\040\173\111\116\367\145\340\172\167\134\017\146\377\143\142\000\040\000+\000\040\147\011\165\114\221\317\116\130\171\357}{subsection.2.3.6}% 104
\BOOKMARK [1][]{section.2.4}{\376\377\0002\000.\0004\000\040\176\303\116\140}{chapter.2}% 105
\BOOKMARK [2][]{subsection.2.4.1}{\376\377\0002\000.\0004\000.\0001\000\040\000A\176\304}{section.2.4}% 106
\BOOKMARK [2][]{subsection.2.4.2}{\376\377\0002\000.\0004\000.\0002\000\040\000B\176\304}{section.2.4}% 107
\BOOKMARK [1][]{section.2.5}{\376\377\0002\000.\0005\000\040\120\117\133\374\145\160\116\016\121\150\137\256\122\006}{chapter.2}% 108
\BOOKMARK [2][]{subsection.2.5.1}{\376\377\0002\000.\0005\000.\0001\000\040\145\271\124\021\133\374\145\160}{section.2.5}% 109
\BOOKMARK [2][]{subsection.2.5.2}{\376\377\0002\000.\0005\000.\0002\000\040\120\117\133\374\145\160}{section.2.5}% 110
\BOOKMARK [2][]{subsection.2.5.3}{\376\377\0002\000.\0005\000.\0003\000\040\123\357\137\256\140\047\116\016\121\150\137\256\122\006}{section.2.5}% 111
\BOOKMARK [3][]{subsubsection.2.5.3.1}{\376\377\0002\000.\0005\000.\0003\000.\0001\000\040\123\357\137\256\166\204\133\232\116\111}{subsection.2.5.3}% 112
\BOOKMARK [3][]{subsubsection.2.5.3.2}{\376\377\0002\000.\0005\000.\0003\000.\0002\000\040\123\357\137\256\140\047\116\016\217\336\176\355\140\047\060\001\120\117\133\374\145\160\133\130\127\050\140\047\166\204\121\163\174\373}{subsection.2.5.3}% 113
\BOOKMARK [2][]{subsection.2.5.4}{\376\377\0002\000.\0005\000.\0004\000\040\121\150\137\256\122\006\121\154\137\017\123\312\121\166\136\224\165\050}{section.2.5}% 114
\BOOKMARK [1][]{section.2.6}{\376\377\0002\000.\0006\000\040\176\303\116\140}{chapter.2}% 115
\BOOKMARK [2][]{subsection.2.6.1}{\376\377\0002\000.\0006\000.\0001\000\040\000A\176\304}{section.2.6}% 116
\BOOKMARK [2][]{subsection.2.6.2}{\376\377\0002\000.\0006\000.\0002\000\040\000B\176\304}{section.2.6}% 117
\BOOKMARK [1][]{section.2.7}{\376\377\0002\000.\0007\000\040\124\021\221\317\120\074\121\375\145\160\123\312\121\166\137\256\122\006}{chapter.2}% 118
\BOOKMARK [2][]{subsection.2.7.1}{\376\377\0002\000.\0007\000.\0001\000\040\124\021\221\317\120\074\121\375\145\160\166\204\133\232\116\111}{section.2.7}% 119
\BOOKMARK [2][]{subsection.2.7.2}{\376\377\0002\000.\0007\000.\0002\000\040\124\021\221\317\120\074\121\375\145\160\166\204\147\201\226\120}{section.2.7}% 120
\BOOKMARK [2][]{subsection.2.7.3}{\376\377\0002\000.\0007\000.\0003\000\040\124\021\221\317\120\074\121\375\145\160\166\204\217\336\176\355\140\047}{section.2.7}% 121
\BOOKMARK [2][]{subsection.2.7.4}{\376\377\0002\000.\0007\000.\0004\000\040\124\021\221\317\120\074\121\375\145\160\166\204\123\357\137\256\140\047\116\016\000\040\000J\000a\000c\000o\000b\000i\000a\000n\000\040\167\351\226\065}{section.2.7}% 122
\BOOKMARK [2][]{subsection.2.7.5}{\376\377\0002\000.\0007\000.\0005\000\040\116\000\121\103\124\021\221\317\121\375\145\160\166\204\133\374\145\160\116\016\121\340\117\125\141\017\116\111}{section.2.7}% 123
\BOOKMARK [2][]{subsection.2.7.6}{\376\377\0002\000.\0007\000.\0006\000\040\131\032\121\103\124\021\221\317\121\375\145\160\000\040\000J\000a\000c\000o\000b\000i\000a\000n\000\040\167\351\226\065\166\204\213\241\173\227}{section.2.7}% 124
\BOOKMARK [2][]{subsection.2.7.7}{\376\377\0002\000.\0007\000.\0007\000\040\123\357\137\256\140\047\166\204\121\105\122\006\147\141\116\366}{section.2.7}% 125
\BOOKMARK [1][]{section.2.8}{\376\377\0002\000.\0008\000\040\176\303\116\140}{chapter.2}% 126
\BOOKMARK [1][]{section.2.9}{\376\377\0002\000.\0009\000\040\131\015\124\010\121\375\145\160\166\204\154\102\133\374\154\325\122\031}{chapter.2}% 127
\BOOKMARK [2][]{subsection.2.9.1}{\376\377\0002\000.\0009\000.\0001\000\040\167\351\226\065\203\003\145\160\377\032\217\205\122\251\135\345\121\167}{section.2.9}% 128
\BOOKMARK [2][]{subsection.2.9.2}{\376\377\0002\000.\0009\000.\0002\000\040\146\040\134\004\166\204\137\256\122\006\377\032\126\336\230\176\116\016\210\124\143\245}{section.2.9}% 129
\BOOKMARK [2][]{subsection.2.9.3}{\376\377\0002\000.\0009\000.\0003\000\040\131\015\124\010\154\102\133\374\166\204\224\376\137\017\154\325\122\031}{section.2.9}% 130
\BOOKMARK [2][]{subsection.2.9.4}{\376\377\0002\000.\0009\000.\0004\000\040\224\376\137\017\154\325\122\031\166\204\213\241\173\227\171\072\117\213}{section.2.9}% 131
\BOOKMARK [2][]{subsection.2.9.5}{\376\377\0002\000.\0009\000.\0005\000\040\116\000\226\066\121\150\137\256\122\006\137\142\137\017\166\204\116\015\123\330\140\047}{section.2.9}% 132
\BOOKMARK [2][]{subsection.2.9.6}{\376\377\0002\000.\0009\000.\0006\000\040\232\330\226\066\120\117\133\374\145\160}{section.2.9}% 133
\BOOKMARK [2][]{subsection.2.9.7}{\376\377\0002\000.\0009\000.\0007\000\040\116\214\226\066\121\150\137\256\122\006}{section.2.9}% 134
\BOOKMARK [2][]{subsection.2.9.8}{\376\377\0002\000.\0009\000.\0008\000\040\155\367\124\010\120\117\133\374\145\160\116\015\166\370\173\111\166\204\123\315\117\213}{section.2.9}% 135
\BOOKMARK [1][]{section.2.10}{\376\377\0002\000.\0001\0000\000\040\176\303\116\140}{chapter.2}% 136
\BOOKMARK [2][]{subsection.2.10.1}{\376\377\0002\000.\0001\0000\000.\0001\000\040\000A\176\304}{section.2.10}% 137
\BOOKMARK [2][]{subsection.2.10.2}{\376\377\0002\000.\0001\0000\000.\0002\000\040\000B\176\304}{section.2.10}% 138
\BOOKMARK [1][]{section.2.11}{\376\377\0002\000.\0001\0001\000\040\150\257\136\246\116\016\145\271\124\021\133\374\145\160}{chapter.2}% 139
\BOOKMARK [2][]{subsection.2.11.1}{\376\377\0002\000.\0001\0001\000.\0001\000\040\145\271\124\021\133\374\145\160\166\204\224\376\137\017\154\325\122\031\210\150\171\072}{section.2.11}% 140
\BOOKMARK [2][]{subsection.2.11.2}{\376\377\0002\000.\0001\0001\000.\0002\000\040\150\257\136\246\166\204\133\232\116\111}{section.2.11}% 141
\BOOKMARK [2][]{subsection.2.11.3}{\376\377\0002\000.\0001\0001\000.\0003\000\040\000n\000a\000b\000l\000a\000\040\173\227\133\120}{section.2.11}% 142
\BOOKMARK [2][]{subsection.2.11.4}{\376\377\0002\000.\0001\0001\000.\0004\000\040\150\257\136\246\213\241\173\227\171\072\117\213}{section.2.11}% 143
\BOOKMARK [2][]{subsection.2.11.5}{\376\377\0002\000.\0001\0001\000.\0005\000\040\150\257\136\246\166\204\217\333\116\000\153\145\140\047\215\050\116\016\136\224\165\050\134\125\147\033}{section.2.11}% 144
\BOOKMARK [1][]{section.2.12}{\376\377\0002\000.\0001\0002\000\040\176\303\116\140}{chapter.2}% 145
\BOOKMARK [2][]{subsection.2.12.1}{\376\377\0002\000.\0001\0002\000.\0001\000\040\000A\176\304}{section.2.12}% 146
\BOOKMARK [2][]{subsection.2.12.2}{\376\377\0002\000.\0001\0002\000.\0002\000\040\000B\176\304}{section.2.12}% 147
\BOOKMARK [1][]{section.2.13}{\376\377\0002\000.\0001\0003\000\040\226\220\121\375\145\160\137\256\122\006\154\325}{chapter.2}% 148
\BOOKMARK [2][]{subsection.2.13.1}{\376\377\0002\000.\0001\0003\000.\0001\000\040\116\316\146\076\121\375\145\160\122\060\226\220\121\375\145\160}{section.2.13}% 149
\BOOKMARK [3][]{subsubsection.2.13.1.1}{\376\377\0002\000.\0001\0003\000.\0001\000.\0001\000\040\146\076\137\017\210\150\171\072\166\204\134\100\226\120\140\047}{subsection.2.13.1}% 150
\BOOKMARK [2][]{subsection.2.13.2}{\376\377\0002\000.\0001\0003\000.\0002\000\040\123\125\145\271\172\013\226\220\121\375\145\160\133\130\127\050\133\232\164\006}{section.2.13}% 151
\BOOKMARK [2][]{subsection.2.13.3}{\376\377\0002\000.\0001\0003\000.\0003\000\040\226\220\121\375\145\160\154\102\133\374\121\154\137\017\123\312\121\166\136\224\165\050}{section.2.13}% 152
\BOOKMARK [1][]{section.2.14}{\376\377\0002\000.\0001\0004\000\040\145\271\172\013\176\304\170\156\133\232\166\204\226\220\121\375\145\160}{chapter.2}% 153
\BOOKMARK [2][]{subsection.2.14.1}{\376\377\0002\000.\0001\0004\000.\0001\000\040\127\372\147\054\140\035\140\363\116\016\201\352\165\061\136\246\122\006\147\220}{section.2.14}% 154
\BOOKMARK [2][]{subsection.2.14.2}{\376\377\0002\000.\0001\0004\000.\0002\000\040\000J\000a\000c\000o\000b\000i\000\040\210\114\122\027\137\017\145\271\154\325}{section.2.14}% 155
\BOOKMARK [2][]{subsection.2.14.3}{\376\377\0002\000.\0001\0004\000.\0003\000\040\145\271\172\013\176\304\226\220\121\375\145\160\133\130\127\050\133\232\164\006}{section.2.14}% 156
\BOOKMARK [2][]{subsection.2.14.4}{\376\377\0002\000.\0001\0004\000.\0004\000\040\145\271\172\013\176\304\213\241\173\227\171\072\117\213}{section.2.14}% 157
\BOOKMARK [1][]{section.2.15}{\376\377\0002\000.\0001\0005\000\040\176\303\116\140}{chapter.2}% 158
\BOOKMARK [1][]{section.2.16}{\376\377\0002\000.\0001\0006\000\040\000T\000a\000y\000l\000o\000r\000\040\121\154\137\017}{chapter.2}% 159
\BOOKMARK [2][]{subsection.2.16.1}{\376\377\0002\000.\0001\0006\000.\0001\000\040\116\316\176\277\140\047\217\321\117\074\122\060\131\032\230\171\137\017\220\074\217\321}{section.2.16}% 160
\BOOKMARK [2][]{subsection.2.16.2}{\376\377\0002\000.\0001\0006\000.\0002\000\040\116\214\121\103\121\375\145\160\166\204\000\040\000T\000a\000y\000l\000o\000r\000\040\133\232\164\006}{section.2.16}% 161
\BOOKMARK [2][]{subsection.2.16.3}{\376\377\0002\000.\0001\0006\000.\0003\000\040\122\115\121\340\230\171\166\204\146\076\137\017\121\231\154\325\116\016\000\040\000H\000e\000s\000s\000e\000\040\167\351\226\065}{section.2.16}% 162
\BOOKMARK [2][]{subsection.2.16.4}{\376\377\0002\000.\0001\0006\000.\0004\000\040\117\131\230\171\117\060\213\241}{section.2.16}% 163
\BOOKMARK [1][]{section.2.17}{\376\377\0002\000.\0001\0007\000\040\176\303\116\140}{chapter.2}% 164
\BOOKMARK [2][]{subsection.2.17.1}{\376\377\0002\000.\0001\0007\000.\0001\000\040\000A\176\304}{section.2.17}% 165
\BOOKMARK [2][]{subsection.2.17.2}{\376\377\0002\000.\0001\0007\000.\0002\000\040\000B\176\304}{section.2.17}% 166
