\BOOKMARK [0][]{chapter.1}{\376\377\0001\000\040\226\217\147\072\116\213\116\366\116\016\151\202\163\207}{}% 1
\BOOKMARK [1][]{section.1.1}{\376\377\0001\000.\0001\000\040\167\345\213\306\143\320\176\262}{chapter.1}% 2
\BOOKMARK [2][]{subsection.1.1.1}{\376\377\0001\000.\0001\000.\0001\000\040\127\372\147\054\151\202\137\365}{section.1.1}% 3
\BOOKMARK [2][]{subsection.1.1.2}{\376\377\0001\000.\0001\000.\0002\000\040\116\213\116\366\166\204\121\163\174\373\116\016\217\320\173\227}{section.1.1}% 4
\BOOKMARK [2][]{subsection.1.1.3}{\376\377\0001\000.\0001\000.\0003\000\040\151\202\163\207\166\204\133\232\116\111}{section.1.1}% 5
\BOOKMARK [2][]{subsection.1.1.4}{\376\377\0001\000.\0001\000.\0004\000\040\123\344\121\170\151\202\127\213}{section.1.1}% 6
\BOOKMARK [2][]{subsection.1.1.5}{\376\377\0001\000.\0001\000.\0005\000\040\121\340\117\125\151\202\127\213}{section.1.1}% 7
\BOOKMARK [2][]{subsection.1.1.6}{\376\377\0001\000.\0001\000.\0006\000\040\147\141\116\366\151\202\163\207}{section.1.1}% 8
\BOOKMARK [3][]{subsubsection.1.1.6.1}{\376\377\0001\000.\0001\000.\0006\000.\0001\000\040\147\141\116\366\151\202\163\207\166\204\133\232\116\111}{subsection.1.1.6}% 9
\BOOKMARK [3][]{subsubsection.1.1.6.2}{\376\377\0001\000.\0001\000.\0006\000.\0002\000\040\116\130\154\325\121\154\137\017}{subsection.1.1.6}% 10
\BOOKMARK [3][]{subsubsection.1.1.6.3}{\376\377\0001\000.\0001\000.\0006\000.\0003\000\040\121\150\151\202\163\207\121\154\137\017\116\016\215\035\123\366\145\257\121\154\137\017}{subsection.1.1.6}% 11
\BOOKMARK [2][]{subsection.1.1.7}{\376\377\0001\000.\0001\000.\0007\000\040\116\213\116\366\166\204\162\354\172\313\140\047}{section.1.1}% 12
\BOOKMARK [2][]{subsection.1.1.8}{\376\377\0001\000.\0001\000.\0008\000\040\162\354\172\313\221\315\131\015\213\325\232\214\116\016\117\057\122\252\122\051\151\202\127\213}{section.1.1}% 13
\BOOKMARK [1][]{section.1.2}{\376\377\0001\000.\0002\000\040\230\234\202\162\116\073\230\230}{chapter.1}% 14
\BOOKMARK [1][]{section.1.3}{\376\377\0001\000.\0003\000\040\134\001\227\142}{chapter.1}% 15
\BOOKMARK [2][]{subsection.1.3.1}{\376\377\0001\000.\0003\000.\0001\000\040\134\001\227\142\116\052\140\047\123\026}{section.1.3}% 16
\BOOKMARK [2][]{subsection.1.3.2}{\376\377\0001\000.\0003\000.\0002\000\040\134\001\227\142\126\376}{section.1.3}% 17
\BOOKMARK [2][]{subsection.1.3.3}{\376\377\0001\000.\0003\000.\0003\000\040\137\275\150\007}{section.1.3}% 18
\BOOKMARK [2][]{subsection.1.3.4}{\376\377\0001\000.\0003\000.\0004\000\040\201\352\133\232\116\111\134\001\227\142}{section.1.3}% 19
\BOOKMARK [1][]{section.1.4}{\376\377\0001\000.\0004\000\040\172\340\150\007\150\007\230\230}{chapter.1}% 20
\BOOKMARK [1][]{section.1.5}{\376\377\0001\000.\0005\000\040\145\160\133\146\163\257\130\203\173\200\116\313}{chapter.1}% 21
\BOOKMARK [2][]{subsection.1.5.1}{\376\377\0001\000.\0005\000.\0001\000\040\133\232\164\006\174\173\163\257\130\203\166\204\117\177\165\050}{section.1.5}% 22
\BOOKMARK [2][]{subsection.1.5.2}{\376\377\0001\000.\0005\000.\0002\000\040\117\356\145\071\213\241\145\160\126\150}{section.1.5}% 23
\BOOKMARK [2][]{subsection.1.5.3}{\376\377\0001\000.\0005\000.\0003\000\040\121\166\116\326\163\257\130\203\166\204\117\177\165\050}{section.1.5}% 24
\BOOKMARK [1][]{section.1.6}{\376\377\0001\000.\0006\000\040\122\027\210\150\163\257\130\203}{chapter.1}% 25
\BOOKMARK [1][]{section.1.7}{\376\377\0001\000.\0007\000\040\123\302\200\003\145\207\163\056}{chapter.1}% 26
\BOOKMARK [1][]{section.1.8}{\376\377\0001\000.\0008\000\040\155\373\122\240\136\217\172\340}{chapter.1}% 27
\BOOKMARK [1][]{section.1.9}{\376\377\0001\000.\0009\000\040\166\356\137\125\220\011\230\171\116\016\155\361\136\246}{chapter.1}% 28
\BOOKMARK [1][]{section.1.10}{\376\377\0001\000.\0001\0000\000\040\172\340\202\202\144\130\211\201}{chapter.1}% 29
\BOOKMARK [1][]{section.1.11}{\376\377\0001\000.\0001\0001\000\040\172\340\124\016\116\140\230\230}{chapter.1}% 30
\BOOKMARK [1][]{section*.5}{\376\377\176\303\116\140}{chapter.1}% 31
\BOOKMARK [1][]{section.1.12}{\376\377\0001\000.\0001\0002\000\040\145\301\154\350}{chapter.1}% 32
\BOOKMARK [0][]{chapter.2}{\376\377\0002\000\040\133\127\117\123\220\011\230\171}{}% 33
\BOOKMARK [1][]{section.2.1}{\376\377\0002\000.\0001\000\040\145\160\133\146\133\127\117\123\220\011\230\171}{chapter.2}% 34
\BOOKMARK [1][]{section.2.2}{\376\377\0002\000.\0002\000\040\117\177\165\050\000\040\000n\000e\000w\000t\000x\000\040\174\373\122\027\133\127\117\123}{chapter.2}% 35
\BOOKMARK [2][]{subsection.2.2.1}{\376\377\0002\000.\0002\000.\0001\000\040\217\336\133\127\173\046}{section.2.2}% 36
\BOOKMARK [2][]{subsection.2.2.2}{\376\377\0002\000.\0002\000.\0002\000\040\133\217\123\005\121\262\172\201}{section.2.2}% 37
\BOOKMARK [1][]{section.2.3}{\376\377\0002\000.\0003\000\040\116\055\145\207\133\127\117\123\220\011\230\171}{chapter.2}% 38
\BOOKMARK [2][]{subsection.2.3.1}{\376\377\0002\000.\0003\000.\0001\000\040\145\271\153\143\133\127\117\123\220\011\230\171}{section.2.3}% 39
\BOOKMARK [2][]{subsection.2.3.2}{\376\377\0002\000.\0003\000.\0002\000\040\121\166\116\326\116\055\145\207\133\127\117\123}{section.2.3}% 40
\BOOKMARK [0][]{chapter.3}{\376\377\0003\000\040\000E\000l\000e\000g\000a\000n\000t\000B\000o\000o\000k\000\040\121\231\117\134\171\072\117\213}{}% 41
\BOOKMARK [1][]{section.3.1}{\376\377\0003\000.\0001\000\040\000L\000e\000b\000e\000s\000g\000u\000e\000\040\171\357\122\006}{chapter.3}% 42
\BOOKMARK [2][]{subsection.3.1.1}{\376\377\0003\000.\0001\000.\0001\000\040\171\357\122\006\166\204\133\232\116\111}{section.3.1}% 43
\BOOKMARK [1][]{section*.8}{\376\377\176\303\116\140}{chapter.3}% 44
\BOOKMARK [0][]{chapter.4}{\376\377\0004\000\040\136\070\211\301\225\356\230\230\226\306}{}% 45
\BOOKMARK [0][]{chapter.5}{\376\377\0005\000\040\162\110\147\054\146\364\145\260\123\206\123\362}{}% 46
\BOOKMARK [0][]{appendix.A}{\376\377\000A\000\040\127\372\147\054\145\160\133\146\135\345\121\167}{}% 47
\BOOKMARK [1][]{section.A.1}{\376\377\000A\000.\0001\000\040\154\102\124\214\173\227\133\120\116\016\143\317\217\360\176\337\213\241\221\317}{appendix.A}% 48
