\BOOKMARK [0][]{chapter.1}{\376\377\0001\000\040\226\217\147\072\116\213\116\366\116\016\151\202\163\207}{}% 1
\BOOKMARK [1][]{section.1.1}{\376\377\0001\000.\0001\000\040\127\372\147\054\151\202\137\365}{chapter.1}% 2
\BOOKMARK [1][]{section.1.2}{\376\377\0001\000.\0002\000\040\116\213\116\366\166\204\121\163\174\373\116\016\217\320\173\227}{chapter.1}% 3
\BOOKMARK [2][]{subsection.1.2.1}{\376\377\0001\000.\0002\000.\0001\000\040\116\213\116\366\166\204\121\163\174\373}{section.1.2}% 4
\BOOKMARK [2][]{subsection.1.2.2}{\376\377\0001\000.\0002\000.\0002\000\040\116\213\116\366\166\204\217\320\173\227}{section.1.2}% 5
\BOOKMARK [2][]{subsection.1.2.3}{\376\377\0001\000.\0002\000.\0003\000\040\116\213\116\366\166\204\217\320\173\227\137\213}{section.1.2}% 6
\BOOKMARK [1][]{section.1.3}{\376\377\0001\000.\0003\000\040\151\202\163\207\166\204\133\232\116\111}{chapter.1}% 7
\BOOKMARK [2][]{subsection.1.3.1}{\376\377\0001\000.\0003\000.\0001\000\040\143\317\217\360\140\047\133\232\116\111}{section.1.3}% 8
\BOOKMARK [2][]{subsection.1.3.2}{\376\377\0001\000.\0003\000.\0002\000\040\176\337\213\241\140\047\133\232\116\111}{section.1.3}% 9
\BOOKMARK [1][]{section.1.4}{\376\377\0001\000.\0004\000\040\123\344\121\170\151\202\127\213}{chapter.1}% 10
\BOOKMARK [2][]{subsection.1.4.1}{\376\377\0001\000.\0004\000.\0001\000\040\121\340\117\125\151\202\127\213}{section.1.4}% 11
\BOOKMARK [1][]{section.1.5}{\376\377\0001\000.\0005\000\040\147\141\116\366\151\202\163\207}{chapter.1}% 12
\BOOKMARK [2][]{subsection.1.5.1}{\376\377\0001\000.\0005\000.\0001\000\040\147\141\116\366\151\202\163\207\166\204\133\232\116\111}{section.1.5}% 13
\BOOKMARK [2][]{subsection.1.5.2}{\376\377\0001\000.\0005\000.\0002\000\040\116\130\154\325\121\154\137\017}{section.1.5}% 14
\BOOKMARK [2][]{subsection.1.5.3}{\376\377\0001\000.\0005\000.\0003\000\040\121\150\151\202\163\207\121\154\137\017\116\016\215\035\123\366\145\257\121\154\137\017}{section.1.5}% 15
\BOOKMARK [1][]{section.1.6}{\376\377\0001\000.\0006\000\040\116\213\116\366\166\204\162\354\172\313\140\047}{chapter.1}% 16
\BOOKMARK [2][]{subsection.1.6.1}{\376\377\0001\000.\0006\000.\0001\000\040\162\354\172\313\140\047\166\204\133\232\116\111}{section.1.6}% 17
\BOOKMARK [2][]{subsection.1.6.2}{\376\377\0001\000.\0006\000.\0002\000\040\162\354\172\313\140\047\166\204\122\044\133\232}{section.1.6}% 18
\BOOKMARK [1][]{section.1.7}{\376\377\0001\000.\0007\000\040\162\354\172\313\221\315\131\015\213\325\232\214\116\016\117\057\122\252\122\051\151\202\127\213}{chapter.1}% 19
\BOOKMARK [1][]{section.1.8}{\376\377\0001\000.\0008\000\040\176\317\121\170\151\202\163\207\152\041\127\213\142\323\134\125}{chapter.1}% 20
\BOOKMARK [2][]{subsection.1.8.1}{\376\377\0001\000.\0008\000.\0001\000\040\142\275\173\176\152\041\127\213\377\010\000D\000r\000a\000w\000i\000n\000g\000\040\000L\000o\000t\000s\000\040\000M\000o\000d\000e\000l\377\011}{section.1.8}% 21
\BOOKMARK [2][]{subsection.1.8.2}{\376\377\0001\000.\0008\000.\0002\000\040\154\342\122\051\116\232\177\120\133\120\152\041\127\213\377\010\000P\000\363\000l\000y\000a\000'\000s\000\040\000U\000r\000n\000\040\000M\000o\000d\000e\000l\377\011}{section.1.8}% 22
\BOOKMARK [2][]{subsection.1.8.3}{\376\377\0001\000.\0008\000.\0003\000\040\215\114\137\222\170\064\116\247\225\356\230\230\377\010\000G\000a\000m\000b\000l\000e\000r\000'\000s\000\040\000R\000u\000i\000n\377\011}{section.1.8}% 23
\BOOKMARK [2][]{subsection.1.8.4}{\376\377\0001\000.\0008\000.\0004\000\040\165\037\145\345\225\356\230\230\377\010\000B\000i\000r\000t\000h\000d\000a\000y\000\040\000P\000r\000o\000b\000l\000e\000m\377\011}{section.1.8}% 24
\BOOKMARK [2][]{subsection.1.8.5}{\376\377\0001\000.\0008\000.\0005\000\040\225\031\143\222\225\356\230\230\377\010\000D\000e\000r\000a\000n\000g\000e\000m\000e\000n\000t\000s\377\011}{section.1.8}% 25
\BOOKMARK [2][]{subsection.1.8.6}{\376\377\0001\000.\0008\000.\0006\000\040\116\011\225\350\225\356\230\230\377\010\000M\000o\000n\000t\000y\000\040\000H\000a\000l\000l\000\040\000P\000r\000o\000b\000l\000e\000m\377\011}{section.1.8}% 26
\BOOKMARK [2][]{subsection.1.8.7}{\376\377\0001\000.\0008\000.\0007\000\040\117\304\177\127\145\257\217\156\166\330\215\114\377\010\000R\000u\000s\000s\000i\000a\000n\000\040\000R\000o\000u\000l\000e\000t\000t\000e\377\011}{section.1.8}% 27
\BOOKMARK [2][]{subsection.1.8.8}{\376\377\0001\000.\0008\000.\0008\000\040\151\375\137\017\217\156\166\330\377\010\000C\000a\000s\000i\000n\000o\000\040\000R\000o\000u\000l\000e\000t\000t\000e\377\011}{section.1.8}% 28
\BOOKMARK [2][]{subsection.1.8.9}{\376\377\0001\000.\0008\000.\0009\000\040\137\151\171\150\152\041\127\213\377\010\000L\000o\000t\000t\000e\000r\000y\000\040\000M\000o\000d\000e\000l\377\011}{section.1.8}% 29
\BOOKMARK [2][]{subsection.1.8.10}{\376\377\0001\000.\0008\000.\0001\0000\000\040\127\043\137\174\137\227\130\041\140\226\213\272\377\010\000S\000t\000.\000\040\000P\000e\000t\000e\000r\000s\000b\000u\000r\000g\000\040\000P\000a\000r\000a\000d\000o\000x\377\011}{section.1.8}% 30
\BOOKMARK [2][]{subsection.1.8.11}{\376\377\0001\000.\0008\000.\0001\0001\000\040\122\007\153\324\226\352\131\053\116\015\173\111\137\017\166\204\175\047\117\213}{section.1.8}% 31
\BOOKMARK [2][]{subsection.1.8.12}{\376\377\0001\000.\0008\000.\0001\0002\000\040\204\262\116\060\142\225\224\210\377\010\000B\000u\000f\000f\000o\000n\000'\000s\000\040\000N\000e\000e\000d\000l\000e\377\011}{section.1.8}% 32
\BOOKMARK [2][]{subsection.1.8.13}{\376\377\0001\000.\0008\000.\0001\0003\000\040\136\003\116\060\227\142\147\141\133\232\164\006\116\016\145\271\150\074\177\121\142\151\134\125\377\010\000B\000u\000f\000f\000o\000n\000'\000s\000\040\000N\000o\000o\000d\000l\000e\377\011}{section.1.8}% 33
\BOOKMARK [2][]{subsection.1.8.14}{\376\377\0001\000.\0008\000.\0001\0004\000\040\136\003\116\060\170\154\136\001\377\010\000B\000u\000f\000f\000o\000n\000'\000s\000\040\000C\000o\000i\000n\377\011}{section.1.8}% 34
\BOOKMARK [2][]{subsection.1.8.15}{\376\377\0001\000.\0008\000.\0001\0005\000\040\232\330\134\024\230\177\224\211\147\177\377\010\000G\000a\000l\000t\000o\000n\000\040\000B\000o\000a\000r\000d\000\040\000/\000\040\000Q\000u\000i\000n\000c\000u\000n\000x\377\011}{section.1.8}% 35
\BOOKMARK [0][]{chapter.2}{\376\377\0002\000\040\116\000\176\364\226\217\147\072\123\330\221\317\123\312\121\166\122\006\136\003}{}% 36
\BOOKMARK [1][]{section.2.1}{\376\377\0002\000.\0001\000\040\226\217\147\072\123\330\221\317\116\016\122\006\136\003\121\375\145\160}{chapter.2}% 37
\BOOKMARK [2][]{subsection.2.1.1}{\376\377\0002\000.\0001\000.\0001\000\040\226\217\147\072\123\330\221\317}{section.2.1}% 38
\BOOKMARK [2][]{subsection.2.1.2}{\376\377\0002\000.\0001\000.\0002\000\040\122\006\136\003\121\375\145\160}{section.2.1}% 39
\BOOKMARK [2][]{subsection.2.1.3}{\376\377\0002\000.\0001\000.\0003\000\040\122\006\136\003\121\375\145\160\166\204\140\047\215\050}{section.2.1}% 40
\BOOKMARK [2][]{subsection.2.1.4}{\376\377\0002\000.\0001\000.\0004\000\040\122\006\136\003\121\375\145\160\116\016\116\213\116\366\151\202\163\207}{section.2.1}% 41
\BOOKMARK [1][]{section.2.2}{\376\377\0002\000.\0002\000\040\171\273\145\143\127\213\226\217\147\072\123\330\221\317}{chapter.2}% 42
\BOOKMARK [1][]{section.2.3}{\376\377\0002\000.\0003\000\040\217\336\176\355\127\213\226\217\147\072\123\330\221\317}{chapter.2}% 43
\BOOKMARK [1][]{section.2.4}{\376\377\0002\000.\0004\000\040\136\070\211\301\171\273\145\143\127\213\226\217\147\072\123\330\221\317\123\312\122\006\136\003}{chapter.2}% 44
\BOOKMARK [2][]{subsection.2.4.1}{\376\377\0002\000.\0004\000.\0001\000\040\000\050\0000\000-\0001\000\051\122\006\136\003}{section.2.4}% 45
\BOOKMARK [2][]{subsection.2.4.2}{\376\377\0002\000.\0004\000.\0002\000\040\116\214\230\171\122\006\136\003}{section.2.4}% 46
\BOOKMARK [2][]{subsection.2.4.3}{\376\377\0002\000.\0004\000.\0003\000\040\154\312\147\176\122\006\136\003}{section.2.4}% 47
\BOOKMARK [2][]{subsection.2.4.4}{\376\377\0002\000.\0004\000.\0004\000\040\121\340\117\125\122\006\136\003}{section.2.4}% 48
\BOOKMARK [2][]{subsection.2.4.5}{\376\377\0002\000.\0004\000.\0005\000\040\215\205\121\340\117\125\122\006\136\003}{section.2.4}% 49
\BOOKMARK [2][]{subsection.2.4.6}{\376\377\0002\000.\0004\000.\0006\000\040\147\201\120\074\122\006\136\003}{section.2.4}% 50
\BOOKMARK [1][]{section.2.5}{\376\377\0002\000.\0005\000\040\136\070\211\301\217\336\176\355\127\213\226\217\147\072\123\330\221\317\123\312\122\006\136\003}{chapter.2}% 51
\BOOKMARK [2][]{subsection.2.5.1}{\376\377\0002\000.\0005\000.\0001\000\040\127\107\123\000\122\006\136\003}{section.2.5}% 52
\BOOKMARK [2][]{subsection.2.5.2}{\376\377\0002\000.\0005\000.\0002\000\040\143\007\145\160\122\006\136\003}{section.2.5}% 53
\BOOKMARK [2][]{subsection.2.5.3}{\376\377\0002\000.\0005\000.\0003\000\040\153\143\140\001\122\006\136\003}{section.2.5}% 54
\BOOKMARK [1][]{section.2.6}{\376\377\0002\000.\0006\000\040\136\070\211\301\122\006\136\003\166\204\147\037\147\033\116\016\145\271\135\356}{chapter.2}% 55
\BOOKMARK [1][]{section.2.7}{\376\377\0002\000.\0007\000\040\121\170\127\213\117\213\230\230}{chapter.2}% 56
\BOOKMARK [1][]{section.2.8}{\376\377\0002\000.\0008\000\040\116\000\176\364\226\217\147\072\123\330\221\317\121\375\145\160\166\204\122\006\136\003}{chapter.2}% 57
\BOOKMARK [2][]{subsection.2.8.1}{\376\377\0002\000.\0008\000.\0001\000\040\127\372\147\054\151\202\137\365}{section.2.8}% 58
\BOOKMARK [2][]{subsection.2.8.2}{\376\377\0002\000.\0008\000.\0002\000\040\171\273\145\143\127\213\226\217\147\072\123\330\221\317\121\375\145\160\166\204\122\006\136\003}{section.2.8}% 59
\BOOKMARK [2][]{subsection.2.8.3}{\376\377\0002\000.\0008\000.\0003\000\040\217\336\176\355\127\213\226\217\147\072\123\330\221\317\121\375\145\160\166\204\122\006\136\003}{section.2.8}% 60
\BOOKMARK [3][]{subsubsection.2.8.3.1}{\376\377\0002\000.\0008\000.\0003\000.\0001\000\040\137\123\000\040\000Y\000\040\116\072\171\273\145\143\127\213\145\366}{subsection.2.8.3}% 61
\BOOKMARK [3][]{subsubsection.2.8.3.2}{\376\377\0002\000.\0008\000.\0003\000.\0002\000\040\137\123\000\040\000Y\000\040\116\072\217\336\176\355\127\213\145\366}{subsection.2.8.3}% 62
\BOOKMARK [2][]{subsection.2.8.4}{\376\377\0002\000.\0008\000.\0004\000\040\116\000\202\054\140\305\137\142}{section.2.8}% 63
\BOOKMARK [1][]{section.2.9}{\376\377\0002\000.\0009\000\040\121\170\127\213\117\213\230\230}{chapter.2}% 64
\BOOKMARK [0][]{chapter.3}{\376\377\0003\000\040\116\214\176\364\226\217\147\072\123\330\221\317\123\312\122\006\136\003}{}% 65
\BOOKMARK [1][]{section.3.1}{\376\377\0003\000.\0001\000\040\116\214\176\364\226\217\147\072\123\330\221\317}{chapter.3}% 66
\BOOKMARK [2][]{subsection.3.1.1}{\376\377\0003\000.\0001\000.\0001\000\040\200\124\124\010\122\006\136\003\121\375\145\160}{section.3.1}% 67
\BOOKMARK [1][]{section.3.2}{\376\377\0003\000.\0002\000\040\116\214\176\364\171\273\145\143\127\213\226\217\147\072\123\330\221\317}{chapter.3}% 68
\BOOKMARK [2][]{subsection.3.2.1}{\376\377\0003\000.\0002\000.\0001\000\040\200\124\124\010\122\006\136\003\137\213}{section.3.2}% 69
\BOOKMARK [2][]{subsection.3.2.2}{\376\377\0003\000.\0002\000.\0002\000\040\217\271\177\030\122\006\136\003\137\213}{section.3.2}% 70
\BOOKMARK [2][]{subsection.3.2.3}{\376\377\0003\000.\0002\000.\0003\000\040\147\141\116\366\122\006\136\003\137\213}{section.3.2}% 71
\BOOKMARK [1][]{section.3.3}{\376\377\0003\000.\0003\000\040\116\214\176\364\217\336\176\355\127\213\226\217\147\072\123\330\221\317}{chapter.3}% 72
\BOOKMARK [2][]{subsection.3.3.1}{\376\377\0003\000.\0003\000.\0001\000\040\217\271\177\030\151\202\163\207\133\306\136\246}{section.3.3}% 73
\BOOKMARK [2][]{subsection.3.3.2}{\376\377\0003\000.\0003\000.\0002\000\040\147\141\116\366\151\202\163\207\133\306\136\246}{section.3.3}% 74
\BOOKMARK [1][]{section.3.4}{\376\377\0003\000.\0004\000\040\136\070\211\301\166\204\116\214\176\364\122\006\136\003}{chapter.3}% 75
\BOOKMARK [2][]{subsection.3.4.1}{\376\377\0003\000.\0004\000.\0001\000\040\116\214\176\364\127\107\123\000\122\006\136\003}{section.3.4}% 76
\BOOKMARK [2][]{subsection.3.4.2}{\376\377\0003\000.\0004\000.\0002\000\040\116\214\176\364\153\143\140\001\122\006\136\003}{section.3.4}% 77
\BOOKMARK [1][]{section.3.5}{\376\377\0003\000.\0005\000\040\000n\176\364\226\217\147\072\123\330\221\317}{chapter.3}% 78
\BOOKMARK [1][]{section.3.6}{\376\377\0003\000.\0006\000\040\226\217\147\072\123\330\221\317\166\204\162\354\172\313\140\047}{chapter.3}% 79
\BOOKMARK [2][]{subsection.3.6.1}{\376\377\0003\000.\0006\000.\0001\000\040\162\354\172\313\140\047\166\204\133\232\116\111}{section.3.6}% 80
\BOOKMARK [2][]{subsection.3.6.2}{\376\377\0003\000.\0006\000.\0002\000\040\162\354\172\313\166\204\121\105\211\201\147\141\116\366}{section.3.6}% 81
\BOOKMARK [3][]{subsubsection.3.6.2.1}{\376\377\0003\000.\0006\000.\0002\000.\0001\000\040\171\273\145\143\127\213\226\217\147\072\123\330\221\317\166\204\162\354\172\313\140\047}{subsection.3.6.2}% 82
\BOOKMARK [3][]{subsubsection.3.6.2.2}{\376\377\0003\000.\0006\000.\0002\000.\0002\000\040\217\336\176\355\127\213\226\217\147\072\123\330\221\317\166\204\162\354\172\313\140\047}{subsection.3.6.2}% 83
\BOOKMARK [2][]{subsection.3.6.3}{\376\377\0003\000.\0006\000.\0003\000\040\162\354\172\313\140\047\166\204\140\047\215\050}{section.3.6}% 84
\BOOKMARK [2][]{subsection.3.6.4}{\376\377\0003\000.\0006\000.\0004\000\040\116\015\162\354\172\313\166\204\122\044\145\255\116\016\213\301\146\016}{section.3.6}% 85
\BOOKMARK [1][]{section.3.7}{\376\377\0003\000.\0007\000\040\116\214\176\364\226\217\147\072\123\330\221\317\121\375\145\160\166\204\122\006\136\003}{chapter.3}% 86
\BOOKMARK [2][]{subsection.3.7.1}{\376\377\0003\000.\0007\000.\0001\000\040\171\273\145\143\127\213\226\217\147\072\123\330\221\317\121\375\145\160\166\204\122\006\136\003}{section.3.7}% 87
\BOOKMARK [2][]{subsection.3.7.2}{\376\377\0003\000.\0007\000.\0002\000\040\217\336\176\355\127\213\226\217\147\072\123\330\221\317\121\375\145\160\166\204\122\006\136\003}{section.3.7}% 88
\BOOKMARK [3][]{subsubsection.3.7.2.1}{\376\377\0003\000.\0007\000.\0002\000.\0001\000\040\122\006\136\003\121\375\145\160\154\325}{subsection.3.7.2}% 89
\BOOKMARK [3][]{subsubsection.3.7.2.2}{\376\377\0003\000.\0007\000.\0002\000.\0002\000\040\123\167\171\357\121\154\137\017\116\016\136\070\165\050\122\006\136\003\121\375\145\160\121\154\137\017}{subsection.3.7.2}% 90
\BOOKMARK [3][]{subsubsection.3.7.2.3}{\376\377\0003\000.\0007\000.\0002\000.\0003\000\040\000\040\124\214\000\040\000\040\166\204\122\006\136\003}{subsection.3.7.2}% 91
\BOOKMARK [0][]{chapter.4}{\376\377\0004\000\040\226\217\147\072\123\330\221\317\166\204\145\160\133\127\162\171\137\201}{}% 92
\BOOKMARK [1][]{section.4.1}{\376\377\0004\000.\0001\000\040\145\160\133\146\147\037\147\033}{chapter.4}% 93
\BOOKMARK [2][]{subsection.4.1.1}{\376\377\0004\000.\0001\000.\0001\000\040\145\160\133\146\147\037\147\033\166\204\133\232\116\111}{section.4.1}% 94
\BOOKMARK [2][]{subsection.4.1.2}{\376\377\0004\000.\0001\000.\0002\000\040\116\214\176\364\226\217\147\072\123\330\221\317\121\375\145\160\166\204\145\160\133\146\147\037\147\033}{section.4.1}% 95
\BOOKMARK [2][]{subsection.4.1.3}{\376\377\0004\000.\0001\000.\0003\000\040\145\160\133\146\147\037\147\033\166\204\140\047\215\050}{section.4.1}% 96
\BOOKMARK [1][]{section.4.2}{\376\377\0004\000.\0002\000\040\145\271\135\356}{chapter.4}% 97
\BOOKMARK [2][]{subsection.4.2.1}{\376\377\0004\000.\0002\000.\0001\000\040\145\271\135\356\166\204\133\232\116\111}{section.4.2}% 98
\BOOKMARK [2][]{subsection.4.2.2}{\376\377\0004\000.\0002\000.\0002\000\040\145\271\135\356\166\204\140\047\215\050}{section.4.2}% 99
\BOOKMARK [1][]{section.4.3}{\376\377\0004\000.\0003\000\040\136\070\211\301\122\006\136\003\166\204\145\160\133\146\147\037\147\033\116\016\145\271\135\356}{chapter.4}% 100
\BOOKMARK [1][]{section.4.4}{\376\377\0004\000.\0004\000\040\123\117\145\271\135\356\116\016\166\370\121\163\174\373\145\160}{chapter.4}% 101
\BOOKMARK [2][]{subsection.4.4.1}{\376\377\0004\000.\0004\000.\0001\000\040\123\117\145\271\135\356}{section.4.4}% 102
\BOOKMARK [2][]{subsection.4.4.2}{\376\377\0004\000.\0004\000.\0002\000\040\166\370\121\163\174\373\145\160}{section.4.4}% 103
\BOOKMARK [2][]{subsection.4.4.3}{\376\377\0004\000.\0004\000.\0003\000\040\116\015\166\370\121\163\140\047\166\204\122\044\133\232}{section.4.4}% 104
\BOOKMARK [2][]{subsection.4.4.4}{\376\377\0004\000.\0004\000.\0004\000\040\153\143\140\001\122\006\136\003\166\204\145\160\133\127\162\171\137\201}{section.4.4}% 105
\BOOKMARK [0][]{chapter.5}{\376\377\0005\000\040\131\047\145\160\133\232\137\213\124\214\116\055\137\303\147\201\226\120\133\232\164\006}{}% 106
\BOOKMARK [1][]{section.5.1}{\376\377\0005\000.\0001\000\040\117\235\151\202\163\207\145\066\145\133}{chapter.5}% 107
\BOOKMARK [1][]{section.5.2}{\376\377\0005\000.\0002\000\040\122\007\153\324\226\352\131\053\116\015\173\111\137\017}{chapter.5}% 108
\BOOKMARK [1][]{section.5.3}{\376\377\0005\000.\0003\000\040\131\047\145\160\133\232\137\213}{chapter.5}% 109
\BOOKMARK [2][]{subsection.5.3.1}{\376\377\0005\000.\0003\000.\0001\000\040\122\007\153\324\226\352\131\053\131\047\145\160\133\232\137\213}{section.5.3}% 110
\BOOKMARK [2][]{subsection.5.3.2}{\376\377\0005\000.\0003\000.\0002\000\040\117\057\122\252\122\051\131\047\145\160\133\232\137\213}{section.5.3}% 111
\BOOKMARK [2][]{subsection.5.3.3}{\376\377\0005\000.\0003\000.\0003\000\040\217\233\224\246\131\047\145\160\133\232\137\213}{section.5.3}% 112
\BOOKMARK [1][]{section.5.4}{\376\377\0005\000.\0004\000\040\116\055\137\303\147\201\226\120\133\232\164\006}{chapter.5}% 113
\BOOKMARK [2][]{subsection.5.4.1}{\376\377\0005\000.\0004\000.\0001\000\040\122\027\176\364\040\023\147\227\137\267\117\057\150\074\116\055\137\303\147\201\226\120\133\232\164\006}{section.5.4}% 114
\BOOKMARK [2][]{subsection.5.4.2}{\376\377\0005\000.\0004\000.\0002\000\040\150\343\203\253\137\027\040\023\142\311\146\156\142\311\145\257\116\055\137\303\147\201\226\120\133\232\164\006}{section.5.4}% 115
\BOOKMARK [2][]{subsection.5.4.3}{\376\377\0005\000.\0004\000.\0003\000\040\173\200\123\125\133\371\171\360\226\217\147\072\156\070\215\160\377\010\000S\000i\000m\000p\000l\000e\000\040\000S\000y\000m\000m\000e\000t\000r\000i\000c\000\040\000R\000a\000n\000d\000o\000m\000\040\000W\000a\000l\000k\377\011}{section.5.4}% 116
\BOOKMARK [2][]{subsection.5.4.4}{\376\377\0005\000.\0004\000.\0004\000\040\154\312\147\176\217\307\172\013\377\010\000P\000o\000i\000s\000s\000o\000n\000\040\000P\000r\000o\000c\000e\000s\000s\377\011}{section.5.4}% 117
\BOOKMARK [2][]{subsection.5.4.5}{\376\377\0005\000.\0004\000.\0005\000\040\136\003\147\027\217\320\122\250\000\040\000/\000\040\176\364\176\263\217\307\172\013\377\010\000B\000r\000o\000w\000n\000i\000a\000n\000\040\000M\000o\000t\000i\000o\000n\000\040\000/\000\040\000W\000i\000e\000n\000e\000r\000\040\000P\000r\000o\000c\000e\000s\000s\377\011}{section.5.4}% 118
\BOOKMARK [2][]{subsection.5.4.6}{\376\377\0005\000.\0004\000.\0006\000\040\232\154\134\024\123\357\131\053\224\376\377\010\000M\000a\000r\000k\000o\000v\000\040\000C\000h\000a\000i\000n\000s\377\011}{section.5.4}% 119
\BOOKMARK [2][]{subsection.5.4.7}{\376\377\0005\000.\0004\000.\0007\000\040\127\303\117\046\215\071\145\257\162\171\177\120\133\120\152\041\127\213\377\010\000E\000h\000r\000e\000n\000f\000e\000s\000t\000\040\000M\000o\000d\000e\000l\377\011}{section.5.4}% 120
\BOOKMARK [2][]{subsection.5.4.8}{\376\377\0005\000.\0004\000.\0008\000\040\122\006\145\057\217\307\172\013\000\040\000/\000\040\232\330\134\024\230\177\040\023\154\203\150\356\217\307\172\013\377\010\000G\000a\000l\000t\000o\000n\040\023\000W\000a\000t\000s\000o\000n\000\040\000P\000r\000o\000c\000e\000s\000s\377\011}{section.5.4}% 121
\BOOKMARK [2][]{subsection.5.4.9}{\376\377\0005\000.\0004\000.\0009\000\040\154\203\134\024\137\267\140\122\173\111\137\017\377\010\000W\000a\000l\000d\000'\000s\000\040\000E\000q\000u\000a\000t\000i\000o\000n\377\011}{section.5.4}% 122
\BOOKMARK [0][]{chapter.6}{\376\377\0006\000\040\150\067\147\054\116\016\142\275\150\067\122\006\136\003}{}% 123
\BOOKMARK [1][]{section.6.1}{\376\377\0006\000.\0001\000\040\127\372\147\054\151\202\137\365}{chapter.6}% 124
\BOOKMARK [2][]{subsection.6.1.1}{\376\377\0006\000.\0001\000.\0001\000\040\140\073\117\123\116\016\150\067\147\054}{section.6.1}% 125
\BOOKMARK [2][]{subsection.6.1.2}{\376\377\0006\000.\0001\000.\0002\000\040\176\337\213\241\221\317}{section.6.1}% 126
\BOOKMARK [1][]{section.6.2}{\376\377\0006\000.\0002\000\040\116\011\131\047\142\275\150\067\122\006\136\003}{chapter.6}% 127
\BOOKMARK [2][]{subsection.6.2.1}{\376\377\0006\000.\0002\000.\0001\000\040\003\307\000\262\000\040\122\006\136\003}{section.6.2}% 128
\BOOKMARK [2][]{subsection.6.2.2}{\376\377\0006\000.\0002\000.\0002\000\040\000t\000\040\122\006\136\003}{section.6.2}% 129
\BOOKMARK [2][]{subsection.6.2.3}{\376\377\0006\000.\0002\000.\0003\000\040\000F\000\040\122\006\136\003}{section.6.2}% 130
\BOOKMARK [1][]{section.6.3}{\376\377\0006\000.\0003\000\040\153\143\140\001\140\073\117\123\116\013\166\204\142\275\150\067\122\006\136\003}{chapter.6}% 131
\BOOKMARK [2][]{subsection.6.3.1}{\376\377\0006\000.\0003\000.\0001\000\040\123\125\116\052\153\143\140\001\140\073\117\123}{section.6.3}% 132
\BOOKMARK [2][]{subsection.6.3.2}{\376\377\0006\000.\0003\000.\0002\000\040\116\044\116\052\153\143\140\001\140\073\117\123}{section.6.3}% 133
\BOOKMARK [1][]{section.6.4}{\376\377\0006\000.\0004\000\040\122\006\136\003\166\204\122\006\117\115\145\160}{chapter.6}% 134
\BOOKMARK [1][]{section.6.5}{\376\377\0006\000.\0005\000\040\176\374\124\010\176\303\116\140}{chapter.6}% 135
\BOOKMARK [0][]{chapter.7}{\376\377\0007\000\040\160\271\117\060\213\241}{}% 136
\BOOKMARK [1][]{section.7.1}{\376\377\0007\000.\0001\000\040\160\271\117\060\213\241\166\204\127\372\147\054\151\202\137\365}{chapter.7}% 137
\BOOKMARK [1][]{section.7.2}{\376\377\0007\000.\0002\000\040\167\351\117\060\213\241\154\325\377\010\000M\000M\000E\377\011}{chapter.7}% 138
\BOOKMARK [1][]{section.7.3}{\376\377\0007\000.\0003\000\040\147\000\131\047\117\074\161\066\117\060\213\241\154\325\377\010\000M\000L\000E\377\011}{chapter.7}% 139
\BOOKMARK [1][]{section.7.4}{\376\377\0007\000.\0004\000\040\117\060\213\241\221\317\166\204\213\304\116\367\150\007\121\306}{chapter.7}% 140
\BOOKMARK [0][]{chapter.8}{\376\377\0008\000\040\123\072\225\364\117\060\213\241}{}% 141
\BOOKMARK [1][]{section.8.1}{\376\377\0008\000.\0001\000\040\123\072\225\364\117\060\213\241\166\204\127\372\147\054\151\202\137\365}{chapter.8}% 142
\BOOKMARK [1][]{section.8.2}{\376\377\0008\000.\0002\000\040\147\204\220\040\177\156\117\341\123\072\225\364\166\204\127\372\147\054\123\237\164\006}{chapter.8}% 143
\BOOKMARK [1][]{section.8.3}{\376\377\0008\000.\0003\000\040\136\070\211\301\166\204\123\302\145\160\177\156\117\341\123\072\225\364\140\073\176\323}{chapter.8}% 144
\BOOKMARK [1][]{section.8.4}{\376\377\0008\000.\0004\000\040\121\170\127\213\117\213\230\230}{chapter.8}% 145
\BOOKMARK [0][]{chapter.9}{\376\377\0009\000\040\120\107\213\276\150\300\232\214}{}% 146
\BOOKMARK [1][]{section.9.1}{\376\377\0009\000.\0001\000\040\127\372\147\054\151\202\137\365}{chapter.9}% 147
\BOOKMARK [1][]{section.9.2}{\376\377\0009\000.\0002\000\040\120\107\213\276\150\300\232\214\166\204\153\145\232\244}{chapter.9}% 148
\BOOKMARK [1][]{section.9.3}{\376\377\0009\000.\0003\000\040\153\143\140\001\140\073\117\123\123\302\145\160\166\204\120\107\213\276\150\300\232\214}{chapter.9}% 149
\BOOKMARK [2][]{subsection.9.3.1}{\376\377\0009\000.\0003\000.\0001\000\040\123\125\116\052\153\143\140\001\140\073\117\123\127\107\120\074\166\204\150\300\232\214}{section.9.3}% 150
\BOOKMARK [2][]{subsection.9.3.2}{\376\377\0009\000.\0003\000.\0002\000\040\116\044\116\052\153\143\140\001\140\073\117\123\127\107\120\074\135\356\166\204\150\300\232\214}{section.9.3}% 151
\BOOKMARK [2][]{subsection.9.3.3}{\376\377\0009\000.\0003\000.\0003\000\040\123\125\116\052\153\143\140\001\140\073\117\123\145\271\135\356\166\204\150\300\232\214}{section.9.3}% 152
\BOOKMARK [2][]{subsection.9.3.4}{\376\377\0009\000.\0003\000.\0004\000\040\116\044\116\052\153\143\140\001\140\073\117\123\145\271\135\356\153\324\166\204\150\300\232\214}{section.9.3}% 153
\BOOKMARK [1][]{section.9.4}{\376\377\0009\000.\0004\000\040\177\156\117\341\123\072\225\364\116\016\120\107\213\276\150\300\232\214\166\204\121\163\174\373}{chapter.9}% 154
\BOOKMARK [1][]{section.9.5}{\376\377\0009\000.\0005\000\040\116\044\174\173\225\031\213\357}{chapter.9}% 155
