\BOOKMARK [0][]{chapter*.6}{\376\377\131\202\117\125\226\005\213\373\147\054\116\146}{}% 1
\BOOKMARK [-1][]{part.1}{\376\377\173\054\116\000\220\350\122\006\000\040\122\233\133\146}{}% 2
\BOOKMARK [0][]{chapter.1}{\376\377\0001\000\040\215\050\160\271\217\320\122\250\133\146}{part.1}% 3
\BOOKMARK [1][]{section.1.1}{\376\377\0001\000.\0001\000\040\116\072\116\300\116\110\131\047\133\146\162\151\164\006\121\110\213\262\217\320\122\250\133\146}{chapter.1}% 4
\BOOKMARK [2][]{subsection.1.1.1}{\376\377\0001\000.\0001\000.\0001\000\040\215\050\160\271\152\041\127\213}{section.1.1}% 5
\BOOKMARK [1][]{section.1.2}{\376\377\0001\000.\0002\000\040\117\115\177\156\060\001\217\320\122\250\145\271\172\013\116\016\217\150\217\371}{chapter.1}% 6
\BOOKMARK [1][]{section.1.3}{\376\377\0001\000.\0003\000\040\117\115\171\373\116\016\215\357\172\013}{chapter.1}% 7
\BOOKMARK [1][]{section.1.4}{\376\377\0001\000.\0004\000\040\136\163\127\107\220\037\136\246\116\016\167\254\145\366\220\037\136\246}{chapter.1}% 8
\BOOKMARK [1][]{section.1.5}{\376\377\0001\000.\0005\000\040\136\163\127\107\122\240\220\037\136\246\116\016\167\254\145\366\122\240\220\037\136\246}{chapter.1}% 9
\BOOKMARK [1][]{section.1.6}{\376\377\0001\000.\0006\000\040\166\364\176\277\217\320\122\250\166\204\121\340\174\173\121\170\127\213\152\041\127\213}{chapter.1}% 10
\BOOKMARK [2][]{subsection.1.6.1}{\376\377\0001\000.\0006\000.\0001\000\040\123\000\220\037\166\364\176\277\217\320\122\250}{section.1.6}% 11
\BOOKMARK [2][]{subsection.1.6.2}{\376\377\0001\000.\0006\000.\0002\000\040\123\000\123\330\220\037\166\364\176\277\217\320\122\250}{section.1.6}% 12
\BOOKMARK [1][]{section.1.7}{\376\377\0001\000.\0007\000\040\136\163\227\142\217\320\122\250\166\204\122\006\211\343\140\035\140\363}{chapter.1}% 13
\BOOKMARK [1][]{section.1.8}{\376\377\0001\000.\0008\000\040\127\006\124\150\217\320\122\250\116\016\201\352\161\066\127\120\150\007\174\373}{chapter.1}% 14
\BOOKMARK [2][]{subsection.1.8.1}{\376\377\0001\000.\0008\000.\0001\000\040\122\007\124\021\122\240\220\037\136\246\116\016\154\325\124\021\122\240\220\037\136\246}{section.1.8}% 15
\BOOKMARK [1][]{section.1.9}{\376\377\0001\000.\0009\000\040\211\322\221\317\143\317\217\360}{chapter.1}% 16
\BOOKMARK [1][]{section.1.10}{\376\377\0001\000.\0001\0000\000\040\147\054\172\340\136\070\211\301\213\357\123\072}{chapter.1}% 17
\BOOKMARK [1][]{section.1.11}{\376\377\0001\000.\0001\0001\000\040\172\340\147\053\134\017\176\323}{chapter.1}% 18
\BOOKMARK [0][]{chapter.2}{\376\377\0002\000\040\215\050\160\271\122\250\122\233\133\146\127\372\170\100}{part.1}% 19
\BOOKMARK [1][]{section.2.1}{\376\377\0002\000.\0001\000\040\122\250\122\233\133\146\170\024\172\166\116\300\116\110}{chapter.2}% 20
\BOOKMARK [1][]{section.2.2}{\376\377\0002\000.\0002\000\040\140\357\140\047\116\016\140\357\140\047\174\373}{chapter.2}% 21
\BOOKMARK [1][]{section.2.3}{\376\377\0002\000.\0003\000\040\162\133\230\177\173\054\116\000\133\232\137\213}{chapter.2}% 22
\BOOKMARK [1][]{section.2.4}{\376\377\0002\000.\0004\000\040\162\133\230\177\173\054\116\214\133\232\137\213}{chapter.2}% 23
\BOOKMARK [2][]{subsection.2.4.1}{\376\377\0002\000.\0004\000.\0001\000\040\122\006\221\317\137\142\137\017}{section.2.4}% 24
\BOOKMARK [1][]{section.2.5}{\376\377\0002\000.\0005\000\040\162\133\230\177\173\054\116\011\133\232\137\213}{chapter.2}% 25
\BOOKMARK [1][]{section.2.6}{\376\377\0002\000.\0006\000\040\136\070\211\301\122\233}{chapter.2}% 26
\BOOKMARK [2][]{subsection.2.6.1}{\376\377\0002\000.\0006\000.\0001\000\040\116\007\147\011\137\025\122\233\116\016\221\315\122\233}{section.2.6}% 27
\BOOKMARK [2][]{subsection.2.6.2}{\376\377\0002\000.\0006\000.\0002\000\040\137\071\122\233}{section.2.6}% 28
\BOOKMARK [2][]{subsection.2.6.3}{\376\377\0002\000.\0006\000.\0003\000\040\144\151\144\346\122\233}{section.2.6}% 29
\BOOKMARK [1][]{section.2.7}{\376\377\0002\000.\0007\000\040\123\327\122\233\122\006\147\220}{chapter.2}% 30
\BOOKMARK [1][]{section.2.8}{\376\377\0002\000.\0008\000\040\122\250\122\233\133\146\225\356\230\230\166\204\116\044\174\173\127\372\147\054\152\041\127\213}{chapter.2}% 31
\BOOKMARK [2][]{subsection.2.8.1}{\376\377\0002\000.\0008\000.\0001\000\040\135\362\167\345\122\233\377\014\154\102\217\320\122\250}{section.2.8}% 32
\BOOKMARK [2][]{subsection.2.8.2}{\376\377\0002\000.\0008\000.\0002\000\040\135\362\167\345\217\320\122\250\377\014\123\315\154\102\122\233}{section.2.8}% 33
\BOOKMARK [1][]{section.2.9}{\376\377\0002\000.\0009\000\040\140\357\140\047\122\233\166\204\166\364\211\302\213\244\213\306}{chapter.2}% 34
\BOOKMARK [1][]{section.2.10}{\376\377\0002\000.\0001\0000\000\040\172\340\147\053\134\017\176\323}{chapter.2}% 35
\BOOKMARK [0][]{chapter.3}{\376\377\0003\000\040\116\011\131\047\133\210\140\122\133\232\137\213}{part.1}% 36
\BOOKMARK [1][]{section.3.1}{\376\377\0003\000.\0001\000\040\116\072\116\300\116\110\133\210\140\122\133\232\137\213\162\171\122\053\221\315\211\201}{chapter.3}% 37
\BOOKMARK [1][]{section.3.2}{\376\377\0003\000.\0002\000\040\122\250\221\317\116\016\122\250\221\317\133\210\140\122}{chapter.3}% 38
\BOOKMARK [2][]{subsection.3.2.1}{\376\377\0003\000.\0002\000.\0001\000\040\170\260\144\236\225\356\230\230}{section.3.2}% 39
\BOOKMARK [1][]{section.3.3}{\376\377\0003\000.\0003\000\040\211\322\122\250\221\317\116\016\211\322\122\250\221\317\133\210\140\122}{chapter.3}% 40
\BOOKMARK [1][]{section.3.4}{\376\377\0003\000.\0004\000\040\122\237\060\001\122\250\200\375\116\016\122\250\200\375\133\232\164\006}{chapter.3}% 41
\BOOKMARK [1][]{section.3.5}{\376\377\0003\000.\0005\000\040\122\277\200\375\116\016\147\072\150\260\200\375\133\210\140\122}{chapter.3}% 42
\BOOKMARK [2][]{subsection.3.5.1}{\376\377\0003\000.\0005\000.\0001\000\040\136\070\211\301\122\277\200\375}{section.3.5}% 43
\BOOKMARK [1][]{section.3.6}{\376\377\0003\000.\0006\000\040\172\340\147\053\134\017\176\323}{chapter.3}% 44
\BOOKMARK [0][]{chapter.4}{\376\377\0004\000\040\122\032\117\123\122\233\133\146}{part.1}% 45
\BOOKMARK [1][]{section.4.1}{\376\377\0004\000.\0001\000\040\116\072\116\300\116\110\215\050\160\271\152\041\127\213\116\015\131\037\165\050\116\206}{chapter.4}% 46
\BOOKMARK [1][]{section.4.2}{\376\377\0004\000.\0002\000\040\122\032\117\123\166\204\127\372\147\054\217\320\122\250\137\142\137\017\377\032\136\163\122\250\060\001\217\154\122\250\060\001\116\000\202\054\217\320\122\250}{chapter.4}% 47
\BOOKMARK [1][]{section.4.3}{\376\377\0004\000.\0003\000\040\122\032\117\123\116\016\133\232\217\164\217\154\122\250}{chapter.4}% 48
\BOOKMARK [1][]{section.4.4}{\376\377\0004\000.\0004\000\040\211\322\117\115\171\373\060\001\211\322\220\037\136\246\060\001\211\322\122\240\220\037\136\246}{chapter.4}% 49
\BOOKMARK [1][]{section.4.5}{\376\377\0004\000.\0005\000\040\122\233\167\351}{chapter.4}% 50
\BOOKMARK [1][]{section.4.6}{\376\377\0004\000.\0006\000\040\122\032\117\123\133\232\217\164\217\154\122\250\166\204\211\322\122\250\221\317}{chapter.4}% 51
\BOOKMARK [1][]{section.4.7}{\376\377\0004\000.\0007\000\040\217\154\122\250\140\357\221\317}{chapter.4}% 52
\BOOKMARK [1][]{section.4.8}{\376\377\0004\000.\0008\000\040\217\154\122\250\140\357\221\317\166\204\213\241\173\227}{chapter.4}% 53
\BOOKMARK [1][]{section.4.9}{\376\377\0004\000.\0009\000\040\136\163\210\114\217\164\133\232\164\006}{chapter.4}% 54
\BOOKMARK [1][]{section.4.10}{\376\377\0004\000.\0001\0000\000\040\121\340\171\315\136\070\211\301\122\032\117\123\166\204\217\154\122\250\140\357\221\317\143\250\133\374}{chapter.4}% 55
\BOOKMARK [1][]{section.4.11}{\376\377\0004\000.\0001\0001\000\040\122\032\117\123\133\232\217\164\217\154\122\250\166\204\211\322\122\250\221\317\133\232\164\006\116\016\217\154\122\250\133\232\137\213}{chapter.4}% 56
\BOOKMARK [1][]{section.4.12}{\376\377\0004\000.\0001\0002\000\040\122\233\167\351\117\134\122\237}{chapter.4}% 57
\BOOKMARK [1][]{section.4.13}{\376\377\0004\000.\0001\0003\000\040\122\032\117\123\133\232\217\164\217\154\122\250\166\204\122\250\200\375\116\016\122\250\200\375\133\232\164\006}{chapter.4}% 58
\BOOKMARK [1][]{section.4.14}{\376\377\0004\000.\0001\0004\000\040\122\032\117\123\166\204\221\315\122\233\122\277\200\375}{chapter.4}% 59
\BOOKMARK [1][]{section.4.15}{\376\377\0004\000.\0001\0005\000\040\176\257\122\032\117\123\230\230\377\032\217\154\122\250\133\232\137\213\060\001\122\250\200\375\133\232\164\006\060\001\147\072\150\260\200\375\133\210\140\122\131\202\117\125\116\222\166\370\143\245\220\032}{chapter.4}% 60
\BOOKMARK [1][]{section.4.16}{\376\377\0004\000.\0001\0006\000\040\122\032\117\123\116\016\215\050\160\271\166\204\131\015\124\010\174\373\176\337}{chapter.4}% 61
\BOOKMARK [1][]{section.4.17}{\376\377\0004\000.\0001\0007\000\040\122\032\117\123\133\232\217\164\217\154\122\250\166\204\211\322\122\250\221\317\133\210\140\122\133\232\137\213}{chapter.4}% 62
\BOOKMARK [1][]{section.4.18}{\376\377\0004\000.\0001\0008\000\040\126\336\217\154\217\320\122\250}{chapter.4}% 63
\BOOKMARK [1][]{section.4.19}{\376\377\0004\000.\0001\0009\000\040\217\333\122\250\377\010\126\336\217\154\217\320\122\250\377\011}{chapter.4}% 64
\BOOKMARK [1][]{section.4.20}{\376\377\0004\000.\0002\0000\000\040\156\332\122\250\116\016\176\374\124\010\230\230\121\145\123\343}{chapter.4}% 65
\BOOKMARK [2][]{subsection.4.20.1}{\376\377\0004\000.\0002\0000\000.\0001\000\040\176\257\156\332\122\250\166\204\150\145\143\245\164\006\211\343}{section.4.20}% 66
\BOOKMARK [2][]{subsection.4.20.2}{\376\377\0004\000.\0002\0000\000.\0002\000\040\122\032\117\123\176\374\124\010\230\230\166\204\116\011\153\145\121\145\123\343}{section.4.20}% 67
\BOOKMARK [1][]{section.4.21}{\376\377\0004\000.\0002\0001\000\040\136\070\211\301\213\357\123\072}{chapter.4}% 68
\BOOKMARK [1][]{section.4.22}{\376\377\0004\000.\0002\0002\000\040\172\340\147\053\134\017\176\323}{chapter.4}% 69
\BOOKMARK [-1][]{part.2}{\376\377\173\054\116\214\220\350\122\006\000\040\143\057\122\250\116\016\154\342\122\250}{}% 70
\BOOKMARK [0][]{chapter.5}{\376\377\0005\000\040\147\072\150\260\143\057\122\250}{part.2}% 71
\BOOKMARK [1][]{section.5.1}{\376\377\0005\000.\0001\000\040\121\110\142\176\136\163\210\141\117\115\177\156\377\014\121\215\214\010\143\057\122\250}{chapter.5}% 72
\BOOKMARK [1][]{section.5.2}{\376\377\0005\000.\0002\000\040\116\300\116\110\146\057\147\072\150\260\143\057\122\250}{chapter.5}% 73
\BOOKMARK [1][]{section.5.3}{\376\377\0005\000.\0003\000\040\116\300\116\110\142\115\123\353\173\200\214\020\143\057\122\250}{chapter.5}% 74
\BOOKMARK [1][]{section.5.4}{\376\377\0005\000.\0004\000\040\122\250\122\233\133\146\145\271\172\013\116\016\217\320\122\250\133\146\145\271\172\013}{chapter.5}% 75
\BOOKMARK [1][]{section.5.5}{\376\377\0005\000.\0005\000\040\220\037\136\246\116\016\122\240\220\037\136\246}{chapter.5}% 76
\BOOKMARK [1][]{section.5.6}{\376\377\0005\000.\0006\000\040\140\016\150\067\213\373\141\302\166\370\117\115}{chapter.5}% 77
\BOOKMARK [1][]{section.5.7}{\376\377\0005\000.\0007\000\040\145\313\217\154\167\342\221\317\154\325\377\032\142\212\166\370\117\115\165\073\121\372\147\145}{chapter.5}% 78
\BOOKMARK [1][]{section.5.8}{\376\377\0005\000.\0008\000\040\165\061\122\035\131\313\117\115\177\156\124\214\122\035\131\313\220\037\136\246\170\156\133\232\122\035\166\370}{chapter.5}% 79
\BOOKMARK [1][]{section.5.9}{\376\377\0005\000.\0009\000\040\124\150\147\037\124\214\230\221\163\207}{chapter.5}% 80
\BOOKMARK [1][]{section.5.10}{\376\377\0005\000.\0001\0000\000\040\137\071\174\047\143\057\133\120}{chapter.5}% 81
\BOOKMARK [1][]{section.5.11}{\376\377\0005\000.\0001\0001\000\040\134\017\211\322\136\246\123\125\144\106}{chapter.5}% 82
\BOOKMARK [1][]{section.5.12}{\376\377\0005\000.\0001\0002\000\040\131\015\144\106}{chapter.5}% 83
\BOOKMARK [1][]{section.5.13}{\376\377\0005\000.\0001\0003\000\040\142\155\144\106}{chapter.5}% 84
\BOOKMARK [1][]{section.5.14}{\376\377\0005\000.\0001\0004\000\040\143\057\122\250\200\375\221\317}{chapter.5}% 85
\BOOKMARK [1][]{section.5.15}{\376\377\0005\000.\0001\0005\000\040\116\316\200\375\221\317\133\210\140\122\121\215\143\250\126\336\122\250\122\233\133\146\145\271\172\013}{chapter.5}% 86
\BOOKMARK [1][]{section.5.16}{\376\377\0005\000.\0001\0006\000\040\124\014\145\271\124\021\124\014\230\221\163\207\173\200\214\020\143\057\122\250\166\204\124\010\142\020}{chapter.5}% 87
\BOOKMARK [1][]{section.5.17}{\376\377\0005\000.\0001\0007\000\040\124\014\145\271\124\021\116\015\124\014\230\221\163\207\173\200\214\020\143\057\122\250\166\204\124\010\142\020}{chapter.5}% 88
\BOOKMARK [1][]{section.5.18}{\376\377\0005\000.\0001\0008\000\040\142\315\116\016\142\315\230\221}{chapter.5}% 89
\BOOKMARK [1][]{section.5.19}{\376\377\0005\000.\0001\0009\000\040\166\370\116\222\127\202\166\364\166\204\124\010\142\020}{chapter.5}% 90
\BOOKMARK [1][]{section.5.20}{\376\377\0005\000.\0002\0000\000\040\147\116\204\050\131\202\126\376\137\142\377\032\165\050\217\150\217\371\213\373\230\221\163\207\153\324\124\214\166\370\117\115\135\356}{chapter.5}% 91
\BOOKMARK [1][]{section.5.21}{\376\377\0005\000.\0002\0001\000\040\226\073\134\074\143\057\122\250}{chapter.5}% 92
\BOOKMARK [1][]{section.5.22}{\376\377\0005\000.\0002\0002\000\040\123\327\217\353\143\057\122\250}{chapter.5}% 93
\BOOKMARK [1][]{section.5.23}{\376\377\0005\000.\0002\0003\000\040\121\161\143\057}{chapter.5}% 94
\BOOKMARK [1][]{section.5.24}{\376\377\0005\000.\0002\0004\000\040\136\070\211\301\213\357\123\072}{chapter.5}% 95
\BOOKMARK [1][]{section.5.25}{\376\377\0005\000.\0002\0005\000\040\172\340\147\053\134\017\176\323}{chapter.5}% 96
\BOOKMARK [0][]{chapter.6}{\376\377\0006\000\040\147\072\150\260\154\342}{part.2}% 97
\BOOKMARK [1][]{section.6.1}{\376\377\0006\000.\0001\000\040\116\316\116\000\116\052\143\057\133\120\122\060\116\000\122\027\143\057\133\120}{chapter.6}% 98
\BOOKMARK [1][]{section.6.2}{\376\377\0006\000.\0002\000\040\147\072\150\260\154\342\166\204\137\142\142\020}{chapter.6}% 99
\BOOKMARK [1][]{section.6.3}{\376\377\0006\000.\0003\000\040\152\052\154\342\060\001\176\265\154\342\116\016\116\313\215\050\137\142\123\330}{chapter.6}% 100
\BOOKMARK [1][]{section.6.4}{\376\377\0006\000.\0004\000\040\124\004\171\315\154\342\220\037\116\072\116\300\116\110\116\015\116\000\150\067\377\032\152\041\221\317\116\016\133\306\136\246}{chapter.6}% 101
\BOOKMARK [1][]{section.6.5}{\376\377\0006\000.\0005\000\040\154\342\166\204\127\372\147\054\221\317}{chapter.6}% 102
\BOOKMARK [1][]{section.6.6}{\376\377\0006\000.\0006\000\040\154\342\227\142\060\001\154\342\122\115\116\016\154\342\176\277}{chapter.6}% 103
\BOOKMARK [1][]{section.6.7}{\376\377\0006\000.\0007\000\040\136\163\227\142\173\200\214\020\154\342\166\204\154\342\121\375\145\160}{chapter.6}% 104
\BOOKMARK [1][]{section.6.8}{\376\377\0006\000.\0008\000\040\154\342\121\375\145\160\166\204\162\151\164\006\141\017\116\111}{chapter.6}% 105
\BOOKMARK [1][]{section.6.9}{\376\377\0006\000.\0009\000\040\165\061\143\057\122\250\145\271\172\013\121\231\154\342\122\250\145\271\172\013}{chapter.6}% 106
\BOOKMARK [1][]{section.6.10}{\376\377\0006\000.\0001\0000\000\040\165\061\123\302\200\003\160\271\165\050\166\370\117\115\135\356\154\325\121\231\154\342\122\250\145\271\172\013}{chapter.6}% 107
\BOOKMARK [1][]{section.6.11}{\376\377\0006\000.\0001\0001\000\040\166\370\117\115\135\356\116\016\154\342\172\013\135\356}{chapter.6}% 108
\BOOKMARK [1][]{section.6.12}{\376\377\0006\000.\0001\0002\000\040\116\000\176\364\154\342\122\250\137\256\122\006\145\271\172\013\116\016\116\011\176\364\173\200\214\020\154\342\122\250\122\233\133\146\145\271\172\013}{chapter.6}% 109
\BOOKMARK [1][]{section.6.13}{\376\377\0006\000.\0001\0003\000\040\164\003\227\142\173\200\214\020\154\342}{chapter.6}% 110
\BOOKMARK [1][]{section.6.14}{\376\377\0006\000.\0001\0004\000\040\147\072\150\260\154\342\166\204\200\375\221\317}{chapter.6}% 111
\BOOKMARK [1][]{section.6.15}{\376\377\0006\000.\0001\0005\000\040\200\375\155\101\124\214\200\375\155\101\133\306\136\246}{chapter.6}% 112
\BOOKMARK [1][]{section.6.16}{\376\377\0006\000.\0001\0006\000\040\140\340\146\364\145\257\123\237\164\006}{chapter.6}% 113
\BOOKMARK [1][]{section.6.17}{\376\377\0006\000.\0001\0007\000\040\154\342\166\204\210\115\134\004}{chapter.6}% 114
\BOOKMARK [1][]{section.6.18}{\376\377\0006\000.\0001\0008\000\040\154\342\166\204\123\315\134\004\124\214\142\230\134\004}{chapter.6}% 115
\BOOKMARK [1][]{section.6.19}{\376\377\0006\000.\0001\0009\000\040\154\342\166\204\123\340\122\240\123\237\164\006}{chapter.6}% 116
\BOOKMARK [1][]{section.6.20}{\376\377\0006\000.\0002\0000\000\040\154\342\166\204\123\314\177\035\136\162\155\211}{chapter.6}% 117
\BOOKMARK [1][]{section.6.21}{\376\377\0006\000.\0002\0001\000\040\232\173\154\342\166\204\116\247\165\037}{chapter.6}% 118
\BOOKMARK [1][]{section.6.22}{\376\377\0006\000.\0002\0002\000\040\232\173\154\342\145\271\172\013}{chapter.6}% 119
\BOOKMARK [1][]{section.6.23}{\376\377\0006\000.\0002\0003\000\040\123\315\134\004\160\271\116\072\154\342\202\202\217\330\146\057\154\342\201\171}{chapter.6}% 120
\BOOKMARK [1][]{section.6.24}{\376\377\0006\000.\0002\0004\000\040\166\370\117\115\172\201\123\330\116\016\123\112\154\342\143\137\131\061}{chapter.6}% 121
\BOOKMARK [1][]{section.6.25}{\376\377\0006\000.\0002\0005\000\040\137\046\143\057\122\250\166\204\173\200\153\143\152\041\137\017}{chapter.6}% 122
\BOOKMARK [1][]{section.6.26}{\376\377\0006\000.\0002\0006\000\040\131\032\146\156\122\322\145\110\136\224}{chapter.6}% 123
\BOOKMARK [1][]{section.6.27}{\376\377\0006\000.\0002\0007\000\040\136\070\211\301\213\357\123\072}{chapter.6}% 124
\BOOKMARK [1][]{section.6.28}{\376\377\0006\000.\0002\0008\000\040\172\340\147\053\134\017\176\323}{chapter.6}% 125
\BOOKMARK [-1][]{part.3}{\376\377\173\054\116\011\220\350\122\006\000\040\154\342\122\250\121\111\133\146}{}% 126
\BOOKMARK [0][]{chapter.7}{\376\377\0007\000\040\121\111\166\204\136\162\155\211}{part.3}% 127
\BOOKMARK [1][]{section.7.1}{\376\377\0007\000.\0001\000\040\116\072\116\300\116\110\136\162\155\211\200\375\213\301\146\016\121\111\166\204\154\342\122\250\140\047}{chapter.7}% 128
\BOOKMARK [1][]{section.7.2}{\376\377\0007\000.\0002\000\040\121\111\166\204\147\054\140\047\377\032\154\342\174\222\116\214\214\141\140\047}{chapter.7}% 129
\BOOKMARK [1][]{section.7.3}{\376\377\0007\000.\0003\000\040\121\111\146\057\165\065\170\301\154\342\377\032\121\111\167\342\221\317\060\001\121\111\143\057\122\250\116\016\121\111\154\342\166\204\143\057\122\250\145\271\124\021}{chapter.7}% 130
\BOOKMARK [1][]{section.7.4}{\376\377\0007\000.\0004\000\040\146\156\220\032\121\111\156\220\166\204\123\321\121\111\147\072\164\006}{chapter.7}% 131
\BOOKMARK [1][]{section.7.5}{\376\377\0007\000.\0005\000\040\116\072\116\300\116\110\146\156\220\032\121\111\156\220\131\051\161\066\116\015\166\370\136\162}{chapter.7}% 132
\BOOKMARK [1][]{section.7.6}{\376\377\0007\000.\0006\000\040\122\051\165\050\146\156\220\032\121\111\156\220\203\267\137\227\166\370\136\162\121\111\166\204\127\372\147\054\123\237\164\006}{chapter.7}% 133
\BOOKMARK [1][]{section.7.7}{\376\377\0007\000.\0007\000\040\122\006\154\342\226\065\227\142\154\325\116\016\122\006\143\057\136\105\154\325}{chapter.7}% 134
\BOOKMARK [1][]{section.7.8}{\376\377\0007\000.\0008\000\040\166\370\136\162\147\141\116\366\122\060\136\225\127\050\176\246\147\137\116\300\116\110}{chapter.7}% 135
\BOOKMARK [1][]{section.7.9}{\376\377\0007\000.\0009\000\040\136\162\155\211\166\204\121\111\137\072\122\006\136\003}{chapter.7}% 136
\BOOKMARK [1][]{section.7.10}{\376\377\0007\000.\0001\0000\000\040\136\163\127\107\121\111\137\072\377\032\166\370\136\162\123\340\122\240\116\016\227\136\166\370\136\162\123\340\122\240}{chapter.7}% 137
\BOOKMARK [1][]{section.7.11}{\376\377\0007\000.\0001\0001\000\040\121\111\137\072\226\217\166\370\117\115\135\356\140\016\150\067\123\330\123\026}{chapter.7}% 138
\BOOKMARK [1][]{section.7.12}{\376\377\0007\000.\0001\0002\000\040\121\111\172\013\116\016\121\111\172\013\135\356}{chapter.7}% 139
\BOOKMARK [1][]{section.7.13}{\376\377\0007\000.\0001\0003\000\040\116\313\215\050\116\055\166\204\121\111\172\013}{chapter.7}% 140
\BOOKMARK [1][]{section.7.14}{\376\377\0007\000.\0001\0004\000\040\205\204\220\017\225\134\166\204\173\111\121\111\172\013\140\047}{chapter.7}% 141
\BOOKMARK [1][]{section.7.15}{\376\377\0007\000.\0001\0005\000\040\147\150\154\017\123\314\177\035\136\162\155\211\133\236\232\214}{chapter.7}% 142
\BOOKMARK [1][]{section.7.16}{\376\377\0007\000.\0001\0006\000\040\146\016\146\227\147\141\176\271\166\204\117\115\177\156\116\016\147\141\176\271\225\364\215\335}{chapter.7}% 143
\BOOKMARK [1][]{section.7.17}{\376\377\0007\000.\0001\0007\000\040\121\111\215\357\116\055\143\322\121\145\116\313\215\050\162\107\124\016\147\141\176\271\140\016\150\067\171\373\122\250}{chapter.7}% 144
\BOOKMARK [1][]{section.7.18}{\376\377\0007\000.\0001\0008\000\040\136\162\155\211\230\230\166\204\176\337\116\000\121\145\123\343}{chapter.7}% 145
\BOOKMARK [1][]{section.7.19}{\376\377\0007\000.\0001\0009\000\040\122\006\154\342\226\065\227\142\136\162\155\211\166\204\121\166\116\326\133\236\232\214}{chapter.7}% 146
\BOOKMARK [2][]{subsection.7.19.1}{\376\377\0007\000.\0001\0009\000.\0001\000\040\203\362\155\205\200\063\123\314\150\361\225\134\116\016\123\314\227\142\225\134}{section.7.19}% 147
\BOOKMARK [2][]{subsection.7.19.2}{\376\377\0007\000.\0001\0009\000.\0002\000\040\155\033\127\303\225\134}{section.7.19}% 148
\BOOKMARK [1][]{section.7.20}{\376\377\0007\000.\0002\0000\000\040\123\315\134\004\121\111\166\204\166\370\117\115\172\201\123\330\116\016\123\112\154\342\143\137\131\061}{chapter.7}% 149
\BOOKMARK [1][]{section.7.21}{\376\377\0007\000.\0002\0001\000\040\205\204\201\234\136\162\155\211\377\010\122\006\143\057\136\105\154\325\377\011}{chapter.7}% 150
\BOOKMARK [1][]{section.7.22}{\376\377\0007\000.\0002\0002\000\040\205\204\201\234\136\162\155\211\121\154\137\017\116\016\226\104\122\240\121\111\172\013\135\356}{chapter.7}% 151
\BOOKMARK [1][]{section.7.23}{\376\377\0007\000.\0002\0003\000\040\205\204\201\234\136\162\155\211\122\240\137\072\116\016\166\370\155\210\147\141\116\366}{chapter.7}% 152
\BOOKMARK [1][]{section.7.24}{\376\377\0007\000.\0002\0004\000\040\130\236\220\017\201\234\116\016\130\236\123\315\201\234}{chapter.7}% 153
\BOOKMARK [1][]{section.7.25}{\376\377\0007\000.\0002\0005\000\040\173\111\123\232\136\162\155\211}{chapter.7}% 154
\BOOKMARK [1][]{section.7.26}{\376\377\0007\000.\0002\0006\000\040\122\210\134\026\205\204\201\234\166\204\136\162\155\211}{chapter.7}% 155
\BOOKMARK [1][]{section.7.27}{\376\377\0007\000.\0002\0007\000\040\122\210\134\026\147\141\176\271\166\204\171\373\122\250\116\016\137\256\134\017\123\232\136\246\155\113\221\317}{chapter.7}% 156
\BOOKMARK [1][]{section.7.28}{\376\377\0007\000.\0002\0008\000\040\162\133\230\177\163\257}{chapter.7}% 157
\BOOKMARK [1][]{section.7.29}{\376\377\0007\000.\0002\0009\000\040\162\133\230\177\163\257\166\204\136\224\165\050}{chapter.7}% 158
\BOOKMARK [1][]{section.7.30}{\376\377\0007\000.\0003\0000\000\040\217\310\121\113\200\063\133\131\136\162\155\211\116\352}{chapter.7}% 159
\BOOKMARK [1][]{section.7.31}{\376\377\0007\000.\0003\0001\000\040\136\070\211\301\213\357\123\072}{chapter.7}% 160
\BOOKMARK [1][]{section.7.32}{\376\377\0007\000.\0003\0002\000\040\172\340\147\053\134\017\176\323}{chapter.7}% 161
\BOOKMARK [0][]{chapter.8}{\376\377\0008\000\040\121\111\166\204\210\115\134\004}{part.3}% 162
\BOOKMARK [1][]{section.8.1}{\376\377\0008\000.\0001\000\040\121\110\122\044\217\331\146\057\116\015\146\057\210\115\134\004\230\230}{chapter.8}% 163
\BOOKMARK [1][]{section.8.2}{\376\377\0008\000.\0002\000\040\140\340\146\364\145\257\000-\203\362\155\205\134\024\123\237\164\006}{chapter.8}% 164
\BOOKMARK [1][]{section.8.3}{\376\377\0008\000.\0003\000\040\210\115\134\004\163\260\214\141}{chapter.8}% 165
\BOOKMARK [1][]{section.8.4}{\376\377\0008\000.\0004\000\040\203\362\155\205\200\063\210\115\134\004\116\016\131\053\164\005\171\276\215\071\210\115\134\004}{chapter.8}% 166
\BOOKMARK [1][]{section.8.5}{\376\377\0008\000.\0005\000\040\203\362\155\205\200\063\123\112\154\342\136\046\116\016\123\112\154\342\136\046\154\325}{chapter.8}% 167
\BOOKMARK [1][]{section.8.6}{\376\377\0008\000.\0006\000\040\123\125\177\035\166\204\131\053\164\005\171\276\215\071\210\115\134\004}{chapter.8}% 168
\BOOKMARK [1][]{section.8.7}{\376\377\0008\000.\0007\000\040\123\125\177\035\210\115\134\004\166\204\121\111\137\072\122\006\136\003}{chapter.8}% 169
\BOOKMARK [1][]{section.8.8}{\376\377\0008\000.\0008\000\040\123\125\177\035\210\115\134\004\166\204\122\250\140\001\123\330\123\026}{chapter.8}% 170
\BOOKMARK [1][]{section.8.9}{\376\377\0008\000.\0009\000\040\127\006\133\124\131\053\164\005\171\276\215\071\210\115\134\004}{chapter.8}% 171
\BOOKMARK [1][]{section.8.10}{\376\377\0008\000.\0001\0000\000\040\210\115\134\004\116\016\122\006\217\250\147\054\230\206}{chapter.8}% 172
\BOOKMARK [1][]{section.8.11}{\376\377\0008\000.\0001\0001\000\040\122\006\217\250\147\054\230\206\166\204\122\035\153\145\213\244\213\306}{chapter.8}% 173
\BOOKMARK [1][]{section.8.12}{\376\377\0008\000.\0001\0002\000\040\136\162\155\211\116\016\210\115\134\004\166\204\123\072\122\053\124\214\200\124\174\373}{chapter.8}% 174
\BOOKMARK [1][]{section.8.13}{\376\377\0008\000.\0001\0003\000\040\210\115\134\004\230\230\166\204\176\337\116\000\121\145\123\343}{chapter.8}% 175
\BOOKMARK [1][]{section.8.14}{\376\377\0008\000.\0001\0004\000\040\121\111\150\005\210\115\134\004}{chapter.8}% 176
\BOOKMARK [2][]{subsection.8.14.1}{\376\377\0008\000.\0001\0004\000.\0001\000\040\121\111\150\005\210\115\134\004\147\141\176\271\166\204\137\142\142\020\116\016\126\376\150\067\162\171\160\271}{section.8.14}% 177
\BOOKMARK [2][]{subsection.8.14.2}{\376\377\0008\000.\0001\0004\000.\0002\000\040\177\072\176\247\163\260\214\141}{section.8.14}% 178
\BOOKMARK [2][]{subsection.8.14.3}{\376\377\0008\000.\0001\0004\000.\0003\000\040\121\111\150\005\121\111\214\061}{section.8.14}% 179
\BOOKMARK [1][]{section.8.15}{\376\377\0008\000.\0001\0005\000\040\136\070\211\301\213\357\123\072}{chapter.8}% 180
\BOOKMARK [1][]{section.8.16}{\376\377\0008\000.\0001\0006\000\040\172\340\147\053\134\017\176\323}{chapter.8}% 181
\BOOKMARK [0][]{chapter.9}{\376\377\0009\000\040\121\111\166\204\120\117\143\057}{part.3}% 182
\BOOKMARK [1][]{section.9.1}{\376\377\0009\000.\0001\000\040\121\110\122\044\217\331\146\057\116\015\146\057\120\117\143\057\230\230}{chapter.9}% 183
\BOOKMARK [1][]{section.9.2}{\376\377\0009\000.\0002\000\040\116\072\116\300\116\110\120\117\143\057\123\352\134\136\116\216\152\052\154\342}{chapter.9}% 184
\BOOKMARK [1][]{section.9.3}{\376\377\0009\000.\0003\000\040\146\156\220\032\121\111\156\220\166\204\123\321\121\111\147\072\122\066\116\016\226\217\147\072\140\047}{chapter.9}% 185
\BOOKMARK [1][]{section.9.4}{\376\377\0009\000.\0004\000\040\116\300\116\110\146\057\120\117\143\057}{chapter.9}% 186
\BOOKMARK [1][]{section.9.5}{\376\377\0009\000.\0005\000\040\220\350\122\006\120\117\143\057\121\111}{chapter.9}% 187
\BOOKMARK [1][]{section.9.6}{\376\377\0009\000.\0006\000\040\120\117\143\057\162\107\060\001\215\167\120\117\124\214\150\300\120\117}{chapter.9}% 188
\BOOKMARK [1][]{section.9.7}{\376\377\0009\000.\0007\000\040\232\154\124\025\145\257\133\232\137\213}{chapter.9}% 189
\BOOKMARK [1][]{section.9.8}{\376\377\0009\000.\0008\000\040\120\117\121\111\225\134\116\016\163\260\133\236\136\224\165\050}{chapter.9}% 190
\BOOKMARK [1][]{section.9.9}{\376\377\0009\000.\0009\000\040\123\315\134\004\124\214\142\230\134\004\145\366\166\204\120\117\143\057}{chapter.9}% 191
\BOOKMARK [1][]{section.9.10}{\376\377\0009\000.\0001\0000\000\040\163\273\164\203\162\107\130\006\215\167\120\117}{chapter.9}% 192
\BOOKMARK [1][]{section.9.11}{\376\377\0009\000.\0001\0001\000\040\120\117\143\057\166\204\162\151\164\006\141\017\116\111}{chapter.9}% 193
\BOOKMARK [1][]{section.9.12}{\376\377\0009\000.\0001\0002\000\040\136\070\211\301\213\357\123\072}{chapter.9}% 194
\BOOKMARK [1][]{section.9.13}{\376\377\0009\000.\0001\0003\000\040\172\340\147\053\134\017\176\323}{chapter.9}% 195
\BOOKMARK [-1][]{part.4}{\376\377\173\054\126\333\220\350\122\006\000\040\160\355\133\146}{}% 196
\BOOKMARK [0][]{chapter.10}{\376\377\0001\0000\000\040\154\024\117\123\122\250\164\006\213\272}{part.4}% 197
\BOOKMARK [1][]{section.10.1}{\376\377\0001\0000\000.\0001\000\040\164\006\140\363\154\024\117\123\152\041\127\213}{chapter.10}% 198
\BOOKMARK [1][]{section.10.2}{\376\377\0001\0000\000.\0002\000\040\162\266\140\001\145\271\172\013}{chapter.10}% 199
\BOOKMARK [1][]{section.10.3}{\376\377\0001\0000\000.\0003\000\040\123\213\137\072\166\204\137\256\211\302\211\343\221\312}{chapter.10}% 200
\BOOKMARK [1][]{section.10.4}{\376\377\0001\0000\000.\0004\000\040\156\051\136\246\166\204\137\256\211\302\141\017\116\111}{chapter.10}% 201
\BOOKMARK [1][]{section.10.5}{\376\377\0001\0000\000.\0005\000\040\154\024\117\123\122\006\133\120\145\160\143\011\220\037\163\207\122\006\136\003\166\204\176\337\213\241\211\304\137\213}{chapter.10}% 202
\BOOKMARK [1][]{section.10.6}{\376\377\0001\0000\000.\0006\000\040\236\246\121\113\145\257\227\346\220\037\163\207\122\006\136\003\116\016\116\011\171\315\176\337\213\241\220\037\163\207}{chapter.10}% 203
\BOOKMARK [1][]{section.10.7}{\376\377\0001\0000\000.\0007\000\040\201\352\165\061\136\246}{chapter.10}% 204
\BOOKMARK [1][]{section.10.8}{\376\377\0001\0000\000.\0008\000\040\200\375\221\317\143\011\201\352\165\061\136\246\127\107\122\006\123\237\164\006}{chapter.10}% 205
\BOOKMARK [1][]{section.10.9}{\376\377\0001\0000\000.\0009\000\040\164\006\140\363\154\024\117\123\166\204\160\355\122\233\133\146\200\375\377\010\121\205\200\375\377\011}{chapter.10}% 206
\BOOKMARK [1][]{section.10.10}{\376\377\0001\0000\000.\0001\0000\000\040\136\070\211\301\213\357\123\072}{chapter.10}% 207
\BOOKMARK [1][]{section.10.11}{\376\377\0001\0000\000.\0001\0001\000\040\172\340\147\053\134\017\176\323}{chapter.10}% 208
\BOOKMARK [0][]{chapter.11}{\376\377\0001\0001\000\040\160\355\122\233\133\146\173\054\116\000\133\232\137\213}{part.4}% 209
\BOOKMARK [1][]{section.11.1}{\376\377\0001\0001\000.\0001\000\040\136\163\210\141\140\001\060\001\121\306\227\131\140\001\217\307\172\013\116\016\137\033\214\153\145\366\225\364}{chapter.11}% 210
\BOOKMARK [1][]{section.11.2}{\376\377\0001\0001\000.\0002\000\040\145\071\123\330\121\205\200\375\166\204\116\044\171\315\220\024\137\204}{chapter.11}% 211
\BOOKMARK [1][]{section.11.3}{\376\377\0001\0001\000.\0003\000\040\160\355\221\317\060\001\121\205\200\375\116\016\121\306\227\131\140\001\117\123\171\357\122\237}{chapter.11}% 212
\BOOKMARK [1][]{section.11.4}{\376\377\0001\0001\000.\0004\000\040\160\355\122\233\133\146\173\054\116\000\133\232\137\213}{chapter.11}% 213
\BOOKMARK [1][]{section.11.5}{\376\377\0001\0001\000.\0005\000\040\164\006\140\363\154\024\117\123\173\111\120\074\217\307\172\013\166\204\176\337\116\000\121\145\123\343}{chapter.11}% 214
\BOOKMARK [1][]{section.11.6}{\376\377\0001\0001\000.\0006\000\040\154\024\117\123\166\204\160\355\133\271\116\016\144\151\134\024\160\355\133\271}{chapter.11}% 215
\BOOKMARK [1][]{section.11.7}{\376\377\0001\0001\000.\0007\000\040\133\232\117\123\144\151\134\024\160\355\133\271\060\001\133\232\123\213\144\151\134\024\160\355\133\271\116\016\144\151\134\024\160\355\133\271\153\324}{chapter.11}% 216
\BOOKMARK [1][]{section.11.8}{\376\377\0001\0001\000.\0008\000\040\121\340\174\173\164\006\140\363\154\024\117\123\166\204\136\070\211\301\123\326\120\074}{chapter.11}% 217
\BOOKMARK [1][]{section.11.9}{\376\377\0001\0001\000.\0009\000\040\164\006\140\363\154\024\117\123\166\204\126\333\174\173\136\070\211\301\121\306\227\131\140\001\217\307\172\013}{chapter.11}% 218
\BOOKMARK [2][]{subsection.11.9.1}{\376\377\0001\0001\000.\0009\000.\0001\000\040\173\111\117\123\217\307\172\013}{section.11.9}% 219
\BOOKMARK [2][]{subsection.11.9.2}{\376\377\0001\0001\000.\0009\000.\0002\000\040\173\111\123\213\217\307\172\013}{section.11.9}% 220
\BOOKMARK [2][]{subsection.11.9.3}{\376\377\0001\0001\000.\0009\000.\0003\000\040\173\111\156\051\217\307\172\013}{section.11.9}% 221
\BOOKMARK [2][]{subsection.11.9.4}{\376\377\0001\0001\000.\0009\000.\0004\000\040\121\306\227\131\140\001\176\335\160\355\217\307\172\013}{section.11.9}% 222
\BOOKMARK [1][]{section.11.10}{\376\377\0001\0001\000.\0001\0000\000\040\176\335\160\355\176\277\000\040\000v\000s\000.\000\040\173\111\156\051\176\277}{chapter.11}% 223
\BOOKMARK [1][]{section.11.11}{\376\377\0001\0001\000.\0001\0001\000\040\227\136\121\306\227\131\140\001\176\335\160\355\217\307\172\013\377\032\176\335\160\355\201\352\165\061\201\250\200\300}{chapter.11}% 224
\BOOKMARK [1][]{section.11.12}{\376\377\0001\0001\000.\0001\0002\000\040\131\032\145\271\217\307\172\013}{chapter.11}% 225
\BOOKMARK [1][]{section.11.13}{\376\377\0001\0001\000.\0001\0003\000\040\160\355\122\233\133\146\137\252\163\257\217\307\172\013}{chapter.11}% 226
\BOOKMARK [1][]{section.11.14}{\376\377\0001\0001\000.\0001\0004\000\040\153\143\137\252\163\257\116\016\160\355\147\072\145\110\163\207}{chapter.11}% 227
\BOOKMARK [1][]{section.11.15}{\376\377\0001\0001\000.\0001\0005\000\040\220\006\137\252\163\257\116\016\201\364\121\267\174\373\145\160}{chapter.11}% 228
\BOOKMARK [1][]{section.11.16}{\376\377\0001\0001\000.\0001\0006\000\040\123\141\213\372\137\252\163\257\060\001\123\141\213\372\160\355\147\072\116\016\123\141\213\372\122\066\121\267\147\072}{chapter.11}% 229
\BOOKMARK [1][]{section.11.17}{\376\377\0001\0001\000.\0001\0007\000\040\136\070\211\301\213\357\123\072}{chapter.11}% 230
\BOOKMARK [1][]{section.11.18}{\376\377\0001\0001\000.\0001\0008\000\040\172\340\147\053\134\017\176\323}{chapter.11}% 231
\BOOKMARK [0][]{chapter.12}{\376\377\0001\0002\000\040\160\355\122\233\133\146\173\054\116\214\133\232\137\213}{part.4}% 232
\BOOKMARK [1][]{section.12.1}{\376\377\0001\0002\000.\0001\000\040\116\072\116\300\116\110\217\330\227\000\211\201\173\054\116\214\133\232\137\213}{chapter.12}% 233
\BOOKMARK [1][]{section.12.2}{\376\377\0001\0002\000.\0002\000\040\173\054\116\214\133\232\137\213\166\204\116\044\171\315\176\317\121\170\210\150\217\360}{chapter.12}% 234
\BOOKMARK [1][]{section.12.3}{\376\377\0001\0002\000.\0003\000\040\160\355\122\233\133\146\173\054\116\214\133\232\137\213\166\204\136\224\165\050\377\032\123\141\213\372\133\232\164\006}{chapter.12}% 235
\BOOKMARK [1][]{section.12.4}{\376\377\0001\0002\000.\0004\000\040\123\357\220\006\217\307\172\013\116\016\116\015\123\357\220\006\217\307\172\013}{chapter.12}% 236
\BOOKMARK [1][]{section.12.5}{\376\377\0001\0002\000.\0005\000\040\161\265\166\204\122\035\153\145\151\202\137\365}{chapter.12}% 237
\BOOKMARK [1][]{section.12.6}{\376\377\0001\0002\000.\0006\000\040\161\265\166\204\213\241\173\227}{chapter.12}% 238
\BOOKMARK [1][]{section.12.7}{\376\377\0001\0002\000.\0007\000\040\161\265\130\236\122\240\123\237\164\006}{chapter.12}% 239
\BOOKMARK [1][]{section.12.8}{\376\377\0001\0002\000.\0008\000\040\160\355\117\040\133\374\116\055\166\204\161\265\123\330}{chapter.12}% 240
\BOOKMARK [1][]{section.12.9}{\376\377\0001\0002\000.\0009\000\040\161\265\124\214\161\265\123\330\166\204\123\357\123\340\122\240\140\047}{chapter.12}% 241
\BOOKMARK [1][]{section.12.10}{\376\377\0001\0002\000.\0001\0000\000\040\160\355\122\233\133\146\173\054\116\214\133\232\137\213\166\204\176\337\213\241\141\017\116\111}{chapter.12}% 242
\BOOKMARK [1][]{section.12.11}{\376\377\0001\0002\000.\0001\0001\000\040\136\070\211\301\213\357\123\072}{chapter.12}% 243
\BOOKMARK [1][]{section.12.12}{\376\377\0001\0002\000.\0001\0002\000\040\172\340\147\053\134\017\176\323}{chapter.12}% 244
\BOOKMARK [-1][]{part.5}{\376\377\173\054\116\224\220\350\122\006\000\040\147\037\147\053\140\073\131\015\116\140}{}% 245
\BOOKMARK [0][]{chapter.13}{\376\377\0001\0003\000\040\131\047\133\146\162\151\164\006\116\000\140\073\131\015\116\140}{part.5}% 246
\BOOKMARK [1][]{section.13.1}{\376\377\0001\0003\000.\0001\000\040\217\331\172\340\140\016\116\110\165\050}{chapter.13}% 247
\BOOKMARK [1][]{section.13.2}{\376\377\0001\0003\000.\0002\000\040\122\233\133\146\220\350\122\006\140\073\116\062\213\262}{chapter.13}% 248
\BOOKMARK [2][]{subsection.13.2.1}{\376\377\0001\0003\000.\0002\000.\0001\000\040\122\233\133\146\230\230\121\110\225\356\124\352\126\333\116\366\116\213}{section.13.2}% 249
\BOOKMARK [2][]{subsection.13.2.2}{\376\377\0001\0003\000.\0002\000.\0002\000\040\133\210\140\122\133\232\137\213\116\300\116\110\145\366\120\031\143\245\173\241}{section.13.2}% 250
\BOOKMARK [2][]{subsection.13.2.3}{\376\377\0001\0003\000.\0002\000.\0003\000\040\122\032\117\123\176\374\124\010\230\230\166\204\131\015\116\140\121\145\123\343}{section.13.2}% 251
\BOOKMARK [1][]{section.13.3}{\376\377\0001\0003\000.\0003\000\040\143\057\122\250\116\016\154\342\122\250\220\350\122\006\140\073\116\062\213\262}{chapter.13}% 252
\BOOKMARK [2][]{subsection.13.3.1}{\376\377\0001\0003\000.\0003\000.\0001\000\040\143\057\122\250\230\230\166\204\124\057\122\250\230\172\136\217}{section.13.3}% 253
\BOOKMARK [2][]{subsection.13.3.2}{\376\377\0001\0003\000.\0003\000.\0002\000\040\154\342\137\142\126\376\116\016\145\271\172\013\230\230\140\016\116\110\215\167\153\145}{section.13.3}% 254
\BOOKMARK [2][]{subsection.13.3.3}{\376\377\0001\0003\000.\0003\000.\0003\000\040\143\057\122\250\116\016\154\342\122\250\166\204\221\315\160\271\230\230\127\213\121\145\123\343}{section.13.3}% 255
\BOOKMARK [1][]{section.13.4}{\376\377\0001\0003\000.\0004\000\040\121\111\133\146\220\350\122\006\140\073\116\062\213\262}{chapter.13}% 256
\BOOKMARK [2][]{subsection.13.4.1}{\376\377\0001\0003\000.\0004\000.\0001\000\040\147\141\176\271\230\230\166\204\215\167\142\113\122\250\117\134}{section.13.4}% 257
\BOOKMARK [1][]{section.13.5}{\376\377\0001\0003\000.\0005\000\040\160\355\133\146\220\350\122\006\140\073\116\062\213\262}{chapter.13}% 258
\BOOKMARK [2][]{subsection.13.5.1}{\376\377\0001\0003\000.\0005\000.\0001\000\040\160\355\133\146\230\230\166\204\176\337\116\000\204\075\173\024\230\172\136\217}{section.13.5}% 259
\BOOKMARK [2][]{subsection.13.5.2}{\376\377\0001\0003\000.\0005\000.\0002\000\040\160\355\137\252\163\257\126\376\120\317\230\230\166\204\121\110\142\113\122\250\117\134}{section.13.5}% 260
\BOOKMARK [2][]{subsection.13.5.3}{\376\377\0001\0003\000.\0005\000.\0003\000\040\160\355\133\146\232\330\230\221\213\357\122\044\143\320\221\222}{section.13.5}% 261
\BOOKMARK [1][]{section.13.6}{\376\377\0001\0003\000.\0006\000\040\215\350\172\340\202\202\220\037\147\345\210\150}{chapter.13}% 262
\BOOKMARK [1][]{section.13.7}{\376\377\0001\0003\000.\0007\000\040\176\374\124\010\230\230\136\070\165\050\122\007\121\145\145\271\154\325}{chapter.13}% 263
\BOOKMARK [1][]{section.13.8}{\376\377\0001\0003\000.\0008\000\040\215\350\172\340\202\202\146\023\225\031\160\271\133\371\161\147}{chapter.13}% 264
\BOOKMARK [1][]{section.13.9}{\376\377\0001\0003\000.\0009\000\040\131\015\116\140\136\372\213\256}{chapter.13}% 265
