\BOOKMARK [0][]{chapter*.2}{\376\377\134\001\227\142}{}% 1
\BOOKMARK [0][]{chapter*.3}{\376\377\162\110\147\103\116\016\000C\000I\000P}{}% 2
\BOOKMARK [0][]{chapter*.4}{\376\377\126\376\116\146\173\126\122\022\131\324\124\130\117\032}{}% 3
\BOOKMARK [0][]{chapter*.5}{\376\377\122\115\212\000}{}% 4
\BOOKMARK [0][]{chapter*.6}{\376\377\117\177\165\050\213\364\146\016}{}% 5
\BOOKMARK [0][]{chapter*.7}{\376\377\137\305\131\007\122\115\177\000\060\001\124\016\177\000\145\164\164\006}{}% 6
\BOOKMARK [0][]{chapter*.8}{\376\377\166\356\137\125}{}% 7
\BOOKMARK [-1][]{part.1}{\376\377\173\054\116\000\220\350\122\006\000\040\173\054\116\000\220\350\122\006\000\040\122\051\165\050\122\115\177\000\142\151\121\105\213\315\154\107\116\113\213\315\150\071\173\307}{}% 8
\BOOKMARK [0][]{chapter.1}{\376\377\0001\000\040\000D\000U\000C\000,\000\040\000D\000U\000C\000T\000[\000D\000U\000]}{part.1}% 9
\BOOKMARK [0][]{chapter.2}{\376\377\0002\000\040\000H\000O\000M\000,\000\040\000H\000U\000M}{part.1}% 10
\BOOKMARK [0][]{chapter.3}{\376\377\0003\000\040\000T\000A\000I\000N\000,\000T\000E\000N\000[\000T\000I\000N\000]}{part.1}% 11
\BOOKMARK [0][]{chapter.4}{\376\377\0004\000\040\000N\000O\000R\000M}{part.1}% 12
\BOOKMARK [0][]{chapter.5}{\376\377\0005\000\040\000U\000N\000D}{part.1}% 13
\BOOKMARK [0][]{chapter.6}{\376\377\0006\000\040\000D\000I\000C\000,\000\040\000D\000I\000C\000T}{part.1}% 14
\BOOKMARK [0][]{chapter.7}{\376\377\0007\000\040\000C\000O\000N\000D}{part.1}% 15
\BOOKMARK [0][]{chapter.8}{\376\377\0008\000\040\000V\000E\000R\000T\000,\000\040\000V\000E\000R\000S}{part.1}% 16
\BOOKMARK [0][]{chapter.9}{\376\377\0009\000\040\000H\000O\000R}{part.1}% 17
\BOOKMARK [0][]{chapter.10}{\376\377\0001\0000\000\040\000S\000O\000L\000V\000,\000\040\000S\000O\000L\000U}{part.1}% 18
\BOOKMARK [0][]{chapter.11}{\376\377\0001\0001\000\040\000T\000O\000M\000[\000T\000E\000M\000]}{part.1}% 19
\BOOKMARK [0][]{chapter.12}{\376\377\0001\0002\000\040\000J\000E\000C\000T\000,\000\040\000J\000A\000C\000[\000J\000E\000T\000]}{part.1}% 20
\BOOKMARK [0][]{chapter.13}{\376\377\0001\0003\000\040\000L\000U\000,\000\040\000L\000A\000V\000,\000\040\000L\000A\000U}{part.1}% 21
\BOOKMARK [0][]{chapter.14}{\376\377\0001\0004\000\040\000R\000O\000G}{part.1}% 22
\BOOKMARK [0][]{chapter.15}{\376\377\0001\0005\000\040\000T\000R\000U\000D\000,\000\040\000T\000R\000U\000S}{part.1}% 23
\BOOKMARK [0][]{chapter.16}{\376\377\0001\0006\000\040\000V\000O\000C\000,\000\040\000V\000O\000K\000[\000V\000O\000U\000C\000,\000\040\000V\000O\000W\000,\000\040\000V\000O\000I\000C\000]}{part.1}% 24
\BOOKMARK [0][]{chapter.17}{\376\377\0001\0007\000\040\000E\000R\000R\000[\000A\000R\000R\000]}{part.1}% 25
\BOOKMARK [0][]{chapter.18}{\376\377\0001\0008\000\040\000O\000R\000I\000[\000O\000R\000T\000]}{part.1}% 26
\BOOKMARK [0][]{chapter.19}{\376\377\0001\0009\000\040\000R\000A\000D\000,\000\040\000R\000A\000S\000[\000R\000A\000Z\000]}{part.1}% 27
\BOOKMARK [0][]{chapter.20}{\376\377\0002\0000\000\040\000C\000L\000A\000I\000M\000,\000\040\000C\000L\000A\000M}{part.1}% 28
\BOOKMARK [0][]{chapter.21}{\376\377\0002\0001\000\040\000M\000O\000D}{part.1}% 29
\BOOKMARK [0][]{chapter.22}{\376\377\0002\0002\000\040\000Q\000U\000I}{part.1}% 30
\BOOKMARK [0][]{chapter.23}{\376\377\0002\0003\000\040\000H\000E\000R\000,\000\040\000H\000E\000S}{part.1}% 31
\BOOKMARK [0][]{chapter.24}{\376\377\0002\0004\000\040\000F\000L\000U}{part.1}% 32
\BOOKMARK [0][]{chapter.25}{\376\377\0002\0005\000\040\000L\000E\000G\000,\000\040\000L\000E\000C\000T\000[\000L\000I\000G\000,\000\040\000L\000E\000A\000G\000]}{part.1}% 33
\BOOKMARK [0][]{chapter.26}{\376\377\0002\0006\000\040\000P\000A\000R\000[\000P\000A\000I\000R\000,\000\040\000P\000E\000R\000,\000\040\000P\000I\000R\000,\000\040\000P\000E\000E\000R\000]}{part.1}% 34
\BOOKMARK [0][]{chapter.27}{\376\377\0002\0007\000\040\000P\000E\000N\000D\000,\000\040\000P\000E\000N\000S\000[\000P\000O\000N\000D\000,\000\040\000P\000E\000N\000C\000]}{part.1}% 35
\BOOKMARK [0][]{chapter.28}{\376\377\0002\0008\000\040\000S\000P\000E\000C\000T\000,\000\040\000S\000P\000E\000C\000[\000S\000P\000I\000C\000,\000\040\000S\000P\000I\000,\000\040\000S\000P\000Y\000]}{part.1}% 36
\BOOKMARK [0][]{chapter.29}{\376\377\0002\0009\000\040\000S\000A\000L\000[\000S\000U\000L\000,\000\040\000S\000I\000L\000,\000\040\000S\000A\000I\000L\000,\000\040\000S\000A\000U\000L\000]}{part.1}% 37
\BOOKMARK [0][]{chapter.30}{\376\377\0003\0000\000\040\000V\000E\000N\000G}{part.1}% 38
\BOOKMARK [0][]{chapter.31}{\376\377\0003\0001\000\040\000C\000E\000L\000,\000\040\000C\000E\000L\000E\000R}{part.1}% 39
\BOOKMARK [0][]{chapter.32}{\376\377\0003\0002\000\040\000E\000Q\000U\000[\000I\000Q\000U\000]}{part.1}% 40
\BOOKMARK [0][]{chapter.33}{\376\377\0003\0003\000\040\000F\000L\000I\000C\000T}{part.1}% 41
\BOOKMARK [0][]{chapter.34}{\376\377\0003\0004\000\040\000L\000I\000G\000[\000L\000I\000,\000\040\000L\000E\000A\000G\000,\000\040\000L\000Y\000]}{part.1}% 42
\BOOKMARK [0][]{chapter.35}{\376\377\0003\0005\000\040\000V\000A\000L\000[\000V\000A\000I\000L\000]}{part.1}% 43
\BOOKMARK [0][]{chapter.36}{\376\377\0003\0006\000\040\000C\000O\000R\000,\000\040\000C\000O\000R\000D\000[\000C\000O\000U\000R\000]}{part.1}% 44
\BOOKMARK [0][]{chapter.37}{\376\377\0003\0007\000\040\000A\000P\000T\000[\000E\000P\000T\000,\000\040\000A\000T\000T\000]}{part.1}% 45
\BOOKMARK [0][]{chapter.38}{\376\377\0003\0008\000\040\000L\000O\000T}{part.1}% 46
\BOOKMARK [0][]{chapter.39}{\376\377\0003\0009\000\040\000N\000E\000[\000N\000A\000,\000\040\000N\000O\000,\000\040\000N\000]}{part.1}% 47
\BOOKMARK [0][]{chapter.40}{\376\377\0004\0000\000\040\000P\000A\000C\000,\000\040\000P\000E\000A\000S}{part.1}% 48
\BOOKMARK [0][]{chapter.41}{\376\377\0004\0001\000\040\000S\000E\000R\000T}{part.1}% 49
\BOOKMARK [0][]{chapter.42}{\376\377\0004\0002\000\040\000C\000E\000D\000,\000\040\000C\000E\000S\000S\000\040\000[\000C\000E\000E\000D\000,\000\040\000C\000E\000A\000S\000]}{part.1}% 50
\BOOKMARK [0][]{chapter.43}{\376\377\0004\0003\000\040\000P\000L\000I\000C\000,\000\040\000P\000L\000Y\000,\000\040\000P\000L\000I\000,\000\040\000P\000L\000E\000,\000\040\000P\000L\000E\000X\000,\000\040\000P\000L\000O}{part.1}% 51
\BOOKMARK [0][]{chapter.44}{\376\377\0004\0004\000\040\000J\000O\000U\000R\000N}{part.1}% 52
\BOOKMARK [0][]{chapter.45}{\376\377\0004\0005\000\040\000V\000E\000N\000,\000\040\000V\000E\000N\000T}{part.1}% 53
\BOOKMARK [0][]{chapter.46}{\376\377\0004\0006\000\040\000G\000R\000A\000V\000\040\000[\000G\000R\000I\000E\000V\000]}{part.1}% 54
\BOOKMARK [0][]{chapter.47}{\376\377\0004\0007\000\040\000N\000E\000X\000,\000\040\000N\000E\000C\000T}{part.1}% 55
\BOOKMARK [0][]{chapter.48}{\376\377\0004\0008\000\040\000N\000I\000H\000I\000L}{part.1}% 56
\BOOKMARK [0][]{chapter.49}{\376\377\0004\0009\000\040\000P\000O\000R\000T\000I\000O\000N}{part.1}% 57
\BOOKMARK [0][]{chapter.50}{\376\377\0005\0000\000\040\000P\000R\000E\000C\000I\000[\000P\000R\000A\000I\000S\000,\000\040\000P\000R\000I\000S\000,\000\040\000P\000R\000I\000C\000,\000\040\000P\000R\000I\000Z\000]}{part.1}% 58
\BOOKMARK [0][]{chapter.51}{\376\377\0005\0001\000\040\000S\000P\000I\000R}{part.1}% 59
\BOOKMARK [0][]{chapter.52}{\376\377\0005\0002\000\040\000S\000I\000M\000I\000L\000[\000S\000I\000M\000U\000L\000]}{part.1}% 60
\BOOKMARK [0][]{chapter.53}{\376\377\0005\0003\000\040\000S\000U\000R}{part.1}% 61
\BOOKMARK [0][]{chapter.54}{\376\377\0005\0004\000\040\000C\000L\000I\000M}{part.1}% 62
\BOOKMARK [0][]{chapter.55}{\376\377\0005\0005\000\040\000A\000L\000I\000,\000\040\000A\000L\000T\000E\000R\000[\000U\000L\000T\000E\000R\000,\000\040\000A\000L\000T\000R\000U\000]}{part.1}% 63
\BOOKMARK [0][]{chapter.56}{\376\377\0005\0006\000\040\000F\000I\000L}{part.1}% 64
\BOOKMARK [0][]{chapter.57}{\376\377\0005\0007\000\040\000L\000E\000V\000[\000L\000I\000E\000V\000]}{part.1}% 65
\BOOKMARK [0][]{chapter.58}{\376\377\0005\0008\000\040\000L\000U\000D\000,\000\040\000L\000U\000S}{part.1}% 66
\BOOKMARK [0][]{chapter.59}{\376\377\0005\0009\000\040\000P\000A\000L\000L}{part.1}% 67
\BOOKMARK [0][]{chapter.60}{\376\377\0006\0000\000\040\000P\000R\000E\000H\000E\000N\000D\000,\000\040\000P\000R\000E\000H\000E\000N\000S\000[\000P\000R\000E\000N\000,\000\040\000P\000R\000E\000G\000N\000,\000\040\000P\000R\000I\000E\000V\000]}{part.1}% 68
\BOOKMARK [0][]{chapter.61}{\376\377\0006\0001\000\040\000C\000E\000R\000T}{part.1}% 69
\BOOKMARK [0][]{chapter.62}{\376\377\0006\0002\000\040\000S\000E\000N\000T\000,\000\040\000S\000E\000N\000S}{part.1}% 70
\BOOKMARK [0][]{chapter.63}{\376\377\0006\0003\000\040\000S\000A\000T\000[\000S\000E\000T\000]}{part.1}% 71
\BOOKMARK [0][]{chapter.64}{\376\377\0006\0004\000\040\000S\000E\000D\000,\000\040\000S\000E\000S\000S\000[\000S\000I\000D\000]}{part.1}% 72
\BOOKMARK [0][]{chapter.65}{\376\377\0006\0005\000\040\000B\000A\000S}{part.1}% 73
\BOOKMARK [0][]{chapter.66}{\376\377\0006\0006\000\040\000C\000E\000N\000T\000,\000\040\000C\000A\000N\000T\000[\000C\000H\000A\000N\000T\000,\000\040\000C\000H\000A\000N\000S\000]}{part.1}% 74
\BOOKMARK [0][]{chapter.67}{\376\377\0006\0007\000\040\000C\000R\000E\000[\000C\000R\000U\000]}{part.1}% 75
\BOOKMARK [0][]{chapter.68}{\376\377\0006\0008\000\040\000F\000A\000,\000F\000A\000M\000,\000F\000E\000S\000S}{part.1}% 76
\BOOKMARK [0][]{chapter.69}{\376\377\0006\0009\000\040\000G\000R\000A\000N\000D}{part.1}% 77
\BOOKMARK [0][]{chapter.70}{\376\377\0007\0000\000\040\000P\000R\000O\000B\000,\000\040\000P\000R\000O\000V}{part.1}% 78
\BOOKMARK [0][]{chapter.71}{\376\377\0007\0001\000\040\000S\000C\000R\000I\000B\000,\000\040\000S\000C\000R\000I\000P\000T}{part.1}% 79
\BOOKMARK [0][]{chapter.72}{\376\377\0007\0002\000\040\000S\000P\000E\000R\000S\000[\000S\000P\000A\000R\000S\000]}{part.1}% 80
\BOOKMARK [0][]{chapter.73}{\376\377\0007\0003\000\040\000T\000R\000I\000B\000U\000T}{part.1}% 81
\BOOKMARK [0][]{chapter.74}{\376\377\0007\0004\000\040\000V\000E\000R}{part.1}% 82
\BOOKMARK [0][]{chapter.75}{\376\377\0007\0005\000\040\000F\000A\000C\000,\000\040\000F\000A\000C\000T\000,\000\040\000F\000E\000C\000,\000\040\000F\000E\000C\000T\000,\000\040\000F\000I\000C\000,\000\040\000F\000I\000C\000T\000[\000F\000E\000A\000S\000,\000\040\000F\000E\000I\000T\000,\000\040\000F\000E\000A\000T\000,\000\040\000F\000I\000T\000]}{part.1}% 83
\BOOKMARK [0][]{chapter.76}{\376\377\0007\0006\000\040\000F\000R\000O\000N\000T}{part.1}% 84
\BOOKMARK [0][]{chapter.77}{\376\377\0007\0007\000\040\000S\000E\000V\000E\000R}{part.1}% 85
\BOOKMARK [0][]{chapter.78}{\376\377\0007\0008\000\040\000T\000E\000N\000U}{part.1}% 86
\BOOKMARK [0][]{chapter.79}{\376\377\0007\0009\000\040\000C\000O\000L\000[\000C\000U\000L\000]}{part.1}% 87
\BOOKMARK [0][]{chapter.80}{\376\377\0008\0000\000\040\000C\000O\000S\000T}{part.1}% 88
\BOOKMARK [0][]{chapter.81}{\376\377\0008\0001\000\040\000J\000U\000D}{part.1}% 89
\BOOKMARK [0][]{chapter.82}{\376\377\0008\0002\000\040\000J\000U\000N\000C\000T\000,\000\040\000J\000O\000I\000N\000[\000J\000U\000G\000]}{part.1}% 90
\BOOKMARK [0][]{chapter.83}{\376\377\0008\0003\000\040\000U\000M\000B\000R}{part.1}% 91
\BOOKMARK [0][]{chapter.84}{\376\377\0008\0004\000\040\000F\000I\000N}{part.1}% 92
\BOOKMARK [0][]{chapter.85}{\376\377\0008\0005\000\040\000P\000O\000S\000,\000\040\000P\000O\000S\000T\000,\000\040\000P\000O\000N\000,\000\040\000P\000O\000U\000N\000D}{part.1}% 93
\BOOKMARK [0][]{chapter.86}{\376\377\0008\0006\000\040\000T\000R\000I\000,\000\040\000T\000R\000I\000T}{part.1}% 94
\BOOKMARK [0][]{chapter.87}{\376\377\0008\0007\000\040\000D\000O\000T\000,\000\040\000D\000O\000N\000[\000D\000O\000W\000,\000\040\000D\000O\000S\000]\000,\000\040\000D\000A\000T\000[\000D\000I\000T\000]}{part.1}% 95
\BOOKMARK [0][]{chapter.88}{\376\377\0008\0008\000\040\000O\000N\000Y\000M\000[\000O\000N\000O\000M\000]}{part.1}% 96
\BOOKMARK [0][]{chapter.89}{\376\377\0008\0009\000\040\000B\000Y\000S}{part.1}% 97
\BOOKMARK [0][]{chapter.90}{\376\377\0009\0000\000\040\000A\000R\000C\000H}{part.1}% 98
\BOOKMARK [0][]{chapter.91}{\376\377\0009\0001\000\040\000P\000A\000T\000H\000,\000\040\000P\000A\000T\000,\000\040\000P\000A\000S\000S}{part.1}% 99
\BOOKMARK [0][]{chapter.92}{\376\377\0009\0002\000\040\000M\000N\000E\000,\000\040\000M\000N\000E\000S\000,\000\040\000M\000E\000M\000\050\000O\000R\000\051}{part.1}% 100
\BOOKMARK [0][]{chapter.93}{\376\377\0009\0003\000\040\000M\000O\000R\000P\000H}{part.1}% 101
\BOOKMARK [0][]{chapter.94}{\376\377\0009\0004\000\040\000T\000R\000O\000P\000H}{part.1}% 102
\BOOKMARK [0][]{chapter.95}{\376\377\0009\0005\000\040\000G\000N\000O\000[\000G\000N\000,\000\040\000N\000]}{part.1}% 103
\BOOKMARK [0][]{chapter.96}{\376\377\0009\0006\000\040\000\050\000A\000\051\000E\000S\000T\000H\000E\000T\000,\000\040\000\050\000A\000\051\000E\000S\000T\000H\000E\000S}{part.1}% 104
\BOOKMARK [0][]{chapter.97}{\376\377\0009\0007\000\040\000M\000E\000N\000T}{part.1}% 105
\BOOKMARK [0][]{chapter.98}{\376\377\0009\0008\000\040\000P\000A\000C\000T}{part.1}% 106
\BOOKMARK [0][]{chapter.99}{\376\377\0009\0009\000\040\000P\000L\000E\000,\000\040\000P\000L\000E\000T\000,\000\040\000P\000L\000I\000,\000\040\000P\000L\000Y\000,\000\040\000P\000L\000E\000N}{part.1}% 107
\BOOKMARK [0][]{chapter.100}{\376\377\0001\0000\0000\000\040\000P\000R\000E\000S\000S}{part.1}% 108
\BOOKMARK [0][]{chapter.101}{\376\377\0001\0000\0001\000\040\000C\000E\000P\000T\000,\000\040\000C\000A\000P\000,\000\040\000C\000A\000P\000T\000,\000\040\000C\000E\000I\000V}{part.1}% 109
\BOOKMARK [0][]{chapter.102}{\376\377\0001\0000\0002\000\040\000F\000E\000R}{part.1}% 110
\BOOKMARK [0][]{chapter.103}{\376\377\0001\0000\0003\000\040\000F\000I\000S\000C}{part.1}% 111
\BOOKMARK [0][]{chapter.104}{\376\377\0001\0000\0004\000\040\000S\000E\000Q\000U\000,\000\040\000S\000E\000C\000U\000T\000[\000S\000U\000]}{part.1}% 112
\BOOKMARK [0][]{chapter.105}{\376\377\0001\0000\0005\000\040\000S\000E\000R\000V}{part.1}% 113
\BOOKMARK [0][]{chapter.106}{\376\377\0001\0000\0006\000\040\000S\000T\000R\000A\000I\000N\000,\000\040\000S\000T\000R\000I\000C\000T\000,\000\040\000S\000T\000R\000I\000N\000G\000,\000\040\000S\000T\000R\000E\000S\000S\000[\000S\000T\000R\000A\000N\000G\000]}{part.1}% 114
\BOOKMARK [0][]{chapter.107}{\376\377\0001\0000\0007\000\040\000T\000E\000M\000P\000O\000R}{part.1}% 115
\BOOKMARK [0][]{chapter.108}{\376\377\0001\0000\0008\000\040\000C\000I\000D\000,\000\040\000C\000A\000D\000,\000\040\000C\000A\000S}{part.1}% 116
\BOOKMARK [0][]{chapter.109}{\376\377\0001\0000\0009\000\040\000S\000O\000L\000I\000D\000[\000S\000O\000L\000D\000]}{part.1}% 117
\BOOKMARK [0][]{chapter.110}{\376\377\0001\0001\0000\000\040\000V\000I\000C\000T\000,\000\040\000V\000I\000N\000C}{part.1}% 118
\BOOKMARK [0][]{chapter.111}{\376\377\0001\0001\0001\000\040\000L\000A\000B\000O\000R}{part.1}% 119
\BOOKMARK [0][]{chapter.112}{\376\377\0001\0001\0002\000\040\000M\000O\000T\000,\000\040\000M\000O\000V\000,\000\040\000M\000O\000B}{part.1}% 120
\BOOKMARK [0][]{chapter.113}{\376\377\0001\0001\0003\000\040\000G\000E\000R\000,\000\040\000G\000E\000S\000T\000\040\000[\000G\000I\000S\000T\000]}{part.1}% 121
\BOOKMARK [0][]{chapter.114}{\376\377\0001\0001\0004\000\040\000V\000I\000A\000[\000V\000I\000]\000,\000\040\000V\000E\000Y\000,\000\040\000V\000O\000Y}{part.1}% 122
\BOOKMARK [0][]{chapter.115}{\376\377\0001\0001\0005\000\040\000B\000A\000T}{part.1}% 123
\BOOKMARK [0][]{chapter.116}{\376\377\0001\0001\0006\000\040\000C\000I\000S\000[\000C\000A\000S\000,\000\040\000C\000H\000I\000S\000]}{part.1}% 124
\BOOKMARK [0][]{chapter.117}{\376\377\0001\0001\0007\000\040\000G\000E\000N\000[\000G\000N\000]}{part.1}% 125
\BOOKMARK [0][]{chapter.118}{\376\377\0001\0001\0008\000\040\000S\000O\000L}{part.1}% 126
\BOOKMARK [0][]{chapter.119}{\376\377\0001\0001\0009\000\040\000T\000E\000N\000D\000,\000\040\000T\000E\000N\000S\000,\000\040\000T\000E\000N\000T}{part.1}% 127
\BOOKMARK [0][]{chapter.120}{\376\377\0001\0002\0000\000\040\000A\000G\000,\000\040\000A\000C\000T\000,\000\040\000I\000G}{part.1}% 128
\BOOKMARK [0][]{chapter.121}{\376\377\0001\0002\0001\000\040\000P\000R\000I\000S}{part.1}% 129
\BOOKMARK [0][]{chapter.122}{\376\377\0001\0002\0002\000\040\000P\000U\000N\000C\000T\000,\000\040\000P\000U\000N\000G\000[\000P\000U\000N\000C\000,\000\040\000P\000O\000U\000N\000C\000,\000\040\000P\000O\000I\000G\000N\000,\000\040\000P\000O\000N\000,\000\040\000P\000O\000I\000N\000T\000]}{part.1}% 130
\BOOKMARK [0][]{chapter.123}{\376\377\0001\0002\0003\000\040\000C\000L\000U\000D\000,\000\040\000C\000L\000U\000S\000[\000C\000L\000O\000S\000,\000\040\000C\000L\000O\000I\000S\000,\000\040\000C\000L\000A\000U\000S\000,\000\040\000C\000L\000O\000T\000]}{part.1}% 131
\BOOKMARK [0][]{chapter.124}{\376\377\0001\0002\0004\000\040\000D\000O\000L}{part.1}% 132
\BOOKMARK [0][]{chapter.125}{\376\377\0001\0002\0005\000\040\000F\000L\000A\000G\000R\000,\000\040\000F\000L\000A\000M}{part.1}% 133
\BOOKMARK [0][]{chapter.126}{\376\377\0001\0002\0006\000\040\000S\000E\000C\000R\000,\000\040\000S\000A\000C\000R\000,\000\040\000S\000A\000N\000C\000T\000[\000S\000A\000C\000E\000R\000,\000\040\000S\000A\000I\000N\000T\000]}{part.1}% 134
\BOOKMARK [0][]{chapter.127}{\376\377\0001\0002\0007\000\040\000R\000O\000D\000,\000\040\000R\000O\000S}{part.1}% 135
\BOOKMARK [0][]{chapter.128}{\376\377\0001\0002\0008\000\040\000A\000L\000E\000S\000C\000[\000E\000S\000C\000,\000\040\000A\000L\000I\000T\000,\000\040\000O\000L\000E\000S\000C\000]}{part.1}% 136
\BOOKMARK [0][]{chapter.129}{\376\377\0001\0002\0009\000\040\000L\000A\000T}{part.1}% 137
\BOOKMARK [0][]{chapter.130}{\376\377\0001\0003\0000\000\040\000M\000I\000S\000E\000R}{part.1}% 138
\BOOKMARK [0][]{chapter.131}{\376\377\0001\0003\0001\000\040\000C\000O\000C\000,\000\040\000C\000O\000C\000T}{part.1}% 139
\BOOKMARK [0][]{chapter.132}{\376\377\0001\0003\0002\000\040\000S\000T\000E\000R\000N\000[\000S\000T\000R\000E\000N\000]}{part.1}% 140
\BOOKMARK [0][]{chapter.133}{\376\377\0001\0003\0003\000\040\000T\000A\000N\000G\000,\000\040\000T\000A\000C\000T\000,\000\040\000T\000I\000N\000G\000[\000T\000I\000G\000,\000\040\000T\000A\000G\000]}{part.1}% 141
\BOOKMARK [0][]{chapter.134}{\376\377\0001\0003\0004\000\040\000R\000O\000B}{part.1}% 142
\BOOKMARK [0][]{chapter.135}{\376\377\0001\0003\0005\000\040\000P\000L\000A\000C\000[\000P\000L\000A\000I\000S\000]}{part.1}% 143
\BOOKMARK [0][]{chapter.136}{\376\377\0001\0003\0006\000\040\000D\000I\000G\000N\000[\000D\000A\000I\000N\000,\000\040\000D\000E\000I\000G\000N\000]}{part.1}% 144
\BOOKMARK [0][]{chapter.137}{\376\377\0001\0003\0007\000\040\000S\000I\000G\000N}{part.1}% 145
\BOOKMARK [0][]{chapter.138}{\376\377\0001\0003\0008\000\040\000S\000U\000M\000M}{part.1}% 146
\BOOKMARK [0][]{chapter.139}{\376\377\0001\0003\0009\000\040\000V\000I\000V\000,\000\040\000V\000I\000T}{part.1}% 147
\BOOKMARK [0][]{chapter.140}{\376\377\0001\0004\0000\000\040\000M\000E\000N\000S}{part.1}% 148
\BOOKMARK [0][]{chapter.141}{\376\377\0001\0004\0001\000\040\000T\000U\000M}{part.1}% 149
\BOOKMARK [0][]{chapter.142}{\376\377\0001\0004\0002\000\040\000V\000O\000L\000V\000,\000\040\000V\000O\000L\000U}{part.1}% 150
\BOOKMARK [0][]{chapter.143}{\376\377\0001\0004\0003\000\040\000P\000I\000C\000T\000[\000P\000I\000G\000]}{part.1}% 151
\BOOKMARK [0][]{chapter.144}{\376\377\0001\0004\0004\000\040\000T\000E\000R\000R}{part.1}% 152
\BOOKMARK [0][]{chapter.145}{\376\377\0001\0004\0005\000\040\000T\000R\000A\000,\000\040\000T\000R\000A\000C\000T\000[\000T\000R\000E\000A\000T\000]}{part.1}% 153
\BOOKMARK [0][]{chapter.146}{\376\377\0001\0004\0006\000\040\000V\000A\000C\000[\000V\000A\000S\000]}{part.1}% 154
\BOOKMARK [0][]{chapter.147}{\376\377\0001\0004\0007\000\040\000S\000P\000O\000N\000D\000,\000\040\000S\000P\000O\000N\000S\000[\000S\000P\000O\000U\000S\000]}{part.1}% 155
\BOOKMARK [0][]{chapter.148}{\376\377\0001\0004\0008\000\040\000T\000E\000S\000T}{part.1}% 156
\BOOKMARK [0][]{chapter.149}{\376\377\0001\0004\0009\000\040\000G\000R\000A\000D\000,\000\040\000G\000R\000E\000S\000S\000[\000G\000R\000E\000D\000]}{part.1}% 157
\BOOKMARK [0][]{chapter.150}{\376\377\0001\0005\0000\000\040\000P\000L\000O\000R}{part.1}% 158
\BOOKMARK [0][]{chapter.151}{\376\377\0001\0005\0001\000\040\000V\000I\000D\000,\000\040\000V\000I\000S\000[\000V\000I\000C\000,\000\040\000V\000I\000E\000W\000,\000\040\000V\000O\000Y\000,\000\040\000V\000E\000Y\000,\000\040\000V\000E\000I\000,\000\040\000V\000Y\000,\000\040\000V\000I\000,\000\040\000U\000D\000]}{part.1}% 159
\BOOKMARK [0][]{chapter.152}{\376\377\0001\0005\0002\000\040\000V\000O\000I\000D}{part.1}% 160
\BOOKMARK [0][]{chapter.153}{\376\377\0001\0005\0003\000\040\000C\000R\000E\000P}{part.1}% 161
\BOOKMARK [0][]{chapter.154}{\376\377\0001\0005\0004\000\040\000M\000O\000L\000,\000\040\000M\000O\000L\000L}{part.1}% 162
\BOOKMARK [0][]{chapter.155}{\376\377\0001\0005\0005\000\040\000R\000I\000D\000,\000\040\000R\000I\000S}{part.1}% 163
\BOOKMARK [0][]{chapter.156}{\376\377\0001\0005\0006\000\040\000S\000T\000,\000\040\000S\000T\000A\000T\000,\000\040\000S\000T\000I\000T\000,\000\040\000S\000I\000S\000T}{part.1}% 164
\BOOKMARK [0][]{chapter.157}{\376\377\0001\0005\0007\000\040\000F\000A\000C}{part.1}% 165
\BOOKMARK [0][]{chapter.158}{\376\377\0001\0005\0008\000\040\000M\000E\000N\000[\000M\000E\000A\000N\000]}{part.1}% 166
\BOOKMARK [0][]{chapter.159}{\376\377\0001\0005\0009\000\040\000L\000E\000C\000[\000L\000E\000T\000,\000\040\000L\000I\000C\000,\000\040\000L\000I\000G\000]}{part.1}% 167
\BOOKMARK [0][]{chapter.160}{\376\377\0001\0006\0000\000\040\000L\000I\000N\000,\000\040\000L\000I\000G\000N}{part.1}% 168
\BOOKMARK [0][]{chapter.161}{\376\377\0001\0006\0001\000\040\000L\000I\000N\000Q\000U\000[\000L\000I\000C\000,\000\040\000L\000I\000C\000T\000]}{part.1}% 169
\BOOKMARK [0][]{chapter.162}{\376\377\0001\0006\0002\000\040\000P\000R\000E\000C}{part.1}% 170
\BOOKMARK [0][]{chapter.163}{\376\377\0001\0006\0003\000\040\000P\000R\000E\000D}{part.1}% 171
\BOOKMARK [0][]{chapter.164}{\376\377\0001\0006\0004\000\040\000C\000R\000E\000D\000[\000C\000R\000E\000E\000D\000,\000\040\000C\000R\000E\000]}{part.1}% 172
\BOOKMARK [0][]{chapter.165}{\376\377\0001\0006\0005\000\040\000C\000R\000E\000T\000,\000\040\000C\000E\000R\000N\000[\000C\000R\000E\000E\000T\000,\000\040\000C\000R\000E\000]}{part.1}% 173
\BOOKMARK [0][]{chapter.166}{\376\377\0001\0006\0006\000\040\000E\000S\000T\000,\000\040\000E\000S\000S\000,\000\040\000E\000N\000T}{part.1}% 174
\BOOKMARK [0][]{chapter.167}{\376\377\0001\0006\0007\000\040\000S\000E\000C\000T}{part.1}% 175
\BOOKMARK [0][]{chapter.168}{\376\377\0001\0006\0008\000\040\000L\000A\000P\000I\000D}{part.1}% 176
\BOOKMARK [0][]{chapter.169}{\376\377\0001\0006\0009\000\040\000M\000I\000N\000[\000M\000E\000N\000]}{part.1}% 177
\BOOKMARK [0][]{chapter.170}{\376\377\0001\0007\0000\000\040\000P\000E\000L\000,\000P\000U\000L\000S\000[\000P\000E\000A\000L\000]}{part.1}% 178
\BOOKMARK [0][]{chapter.171}{\376\377\0001\0007\0001\000\040\000S\000U\000A\000D\000,\000\040\000S\000U\000A\000S\000[\000S\000U\000A\000V\000]}{part.1}% 179
\BOOKMARK [0][]{chapter.172}{\376\377\0001\0007\0002\000\040\000A\000R\000M}{part.1}% 180
\BOOKMARK [0][]{chapter.173}{\376\377\0001\0007\0003\000\040\000V\000E\000R\000G}{part.1}% 181
\BOOKMARK [0][]{chapter.174}{\376\377\0001\0007\0004\000\040\000V\000U\000L\000G\000[\000M\000U\000L\000G\000]}{part.1}% 182
\BOOKMARK [0][]{chapter.175}{\376\377\0001\0007\0005\000\040\000F\000I\000D\000[\000F\000I\000,\000\040\000F\000Y\000,\000\040\000F\000E\000D\000E\000R\000,\000\040\000F\000E\000A\000L\000]}{part.1}% 183
\BOOKMARK [0][]{chapter.176}{\376\377\0001\0007\0006\000\040\000C\000L\000I\000N\000[\000C\000L\000]}{part.1}% 184
\BOOKMARK [0][]{chapter.177}{\376\377\0001\0007\0007\000\040\000P\000U\000T}{part.1}% 185
\BOOKMARK [0][]{chapter.178}{\376\377\0001\0007\0008\000\040\000U\000T\000,\000\040\000U\000S}{part.1}% 186
\BOOKMARK [0][]{chapter.179}{\376\377\0001\0007\0009\000\040\000C\000U\000R\000,\000\040\000C\000U\000R\000S\000[\000C\000O\000R\000,\000\040\000C\000O\000U\000R\000,\000\040\000C\000O\000U\000R\000S\000,\000\040\000C\000O\000A\000R\000S\000]}{part.1}% 187
\BOOKMARK [0][]{chapter.180}{\376\377\0001\0008\0000\000\040\000S\000E\000M\000I\000N\000[\000S\000E\000M\000E\000N\000]}{part.1}% 188
\BOOKMARK [0][]{chapter.181}{\376\377\0001\0008\0001\000\040\000T\000O\000R\000T\000[\000T\000O\000R\000]}{part.1}% 189
\BOOKMARK [0][]{chapter.182}{\376\377\0001\0008\0002\000\040\000S\000E\000M\000B\000L}{part.1}% 190
\BOOKMARK [0][]{chapter.183}{\376\377\0001\0008\0003\000\040\000Q\000U\000I\000S\000I\000T\000,\000\040\000Q\000U\000E\000S\000T\000,\000\040\000Q\000U\000I\000R\000,\000\040\000Q\000U\000E\000R\000[\000Q\000U\000I\000S\000T\000]}{part.1}% 191
\BOOKMARK [0][]{chapter.184}{\376\377\0001\0008\0004\000\040\000P\000O\000T\000[\000P\000O\000W\000,\000P\000O\000S\000S\000]}{part.1}% 192
\BOOKMARK [0][]{chapter.185}{\376\377\0001\0008\0005\000\040\000P\000A\000S\000S}{part.1}% 193
\BOOKMARK [0][]{chapter.186}{\376\377\0001\0008\0006\000\040\000B\000O\000L\000,\000B\000L\000,\000B\000A\000L}{part.1}% 194
\BOOKMARK [0][]{chapter.187}{\376\377\0001\0008\0007\000\040\000B\000A\000R}{part.1}% 195
\BOOKMARK [0][]{chapter.188}{\376\377\0001\0008\0008\000\040\000B\000O\000D\000Y}{part.1}% 196
\BOOKMARK [0][]{chapter.189}{\376\377\0001\0008\0009\000\040\000C\000R\000O\000C\000H\000[\000C\000R\000O\000A\000C\000H\000,\000\040\000C\000R\000O\000U\000C\000H\000,\000\040\000C\000R\000O\000T\000C\000H\000,\000\040\000C\000R\000U\000T\000C\000H\000,\000\040\000C\000R\000O\000O\000K\000]}{part.1}% 197
\BOOKMARK [0][]{chapter.190}{\376\377\0001\0009\0000\000\040\000G\000R\000O\000S\000S\000[\000G\000R\000O\000C\000]}{part.1}% 198
\BOOKMARK [0][]{chapter.191}{\376\377\0001\0009\0001\000\040\000A\000M\000[\000E\000M\000,\000\040\000I\000M\000,\000\040\000M\000]}{part.1}% 199
\BOOKMARK [0][]{chapter.192}{\376\377\0001\0009\0002\000\040\000T\000A\000I\000L}{part.1}% 200
\BOOKMARK [0][]{chapter.193}{\376\377\0001\0009\0003\000\040\000L\000I\000G\000H\000T}{part.1}% 201
\BOOKMARK [0][]{chapter.194}{\376\377\0001\0009\0004\000\040\000C\000U\000M\000B\000,\000\040\000C\000U\000B}{part.1}% 202
\BOOKMARK [0][]{chapter.195}{\376\377\0001\0009\0005\000\040\000B\000E\000L\000L}{part.1}% 203
\BOOKMARK [0][]{chapter.196}{\376\377\0001\0009\0006\000\040\000C\000O\000M}{part.1}% 204
\BOOKMARK [0][]{chapter.197}{\376\377\0001\0009\0007\000\040\000P\000E\000R\000[\000P\000I\000R\000,\000\040\000P\000A\000R\000]}{part.1}% 205
\BOOKMARK [0][]{chapter.198}{\376\377\0001\0009\0008\000\040\000C\000L\000A\000V}{part.1}% 206
\BOOKMARK [0][]{chapter.199}{\376\377\0001\0009\0009\000\040\000N\000U\000M\000E\000R}{part.1}% 207
\BOOKMARK [0][]{chapter.200}{\376\377\0002\0000\0000\000\040\000A\000L\000T\000[\000H\000A\000U\000T\000]}{part.1}% 208
\BOOKMARK [0][]{chapter.201}{\376\377\0002\0000\0001\000\040\000S\000T\000I\000N\000C\000T\000,\000\040\000S\000T\000I\000N\000G\000,\000\040\000S\000T\000I\000G\000,\000\040\000S\000T\000I}{part.1}% 209
\BOOKMARK [0][]{chapter.202}{\376\377\0002\0000\0002\000\040\000L\000O\000N\000G}{part.1}% 210
\BOOKMARK [0][]{chapter.203}{\376\377\0002\0000\0003\000\040\000R\000A\000D\000I\000C\000[\000R\000A\000D\000I\000S\000]}{part.1}% 211
\BOOKMARK [0][]{chapter.204}{\376\377\0002\0000\0004\000\040\000L\000I\000P}{part.1}% 212
\BOOKMARK [0][]{chapter.205}{\376\377\0002\0000\0005\000\040\000M\000A\000N\000U\000[\000M\000A\000N\000]}{part.1}% 213
\BOOKMARK [0][]{chapter.206}{\376\377\0002\0000\0006\000\040\000H\000O\000D\000[\000O\000D\000]}{part.1}% 214
\BOOKMARK [0][]{chapter.207}{\376\377\0002\0000\0007\000\040\000O\000R\000B}{part.1}% 215
\BOOKMARK [0][]{chapter.208}{\376\377\0002\0000\0008\000\040\000T\000E\000R\000M\000I\000N}{part.1}% 216
\BOOKMARK [0][]{chapter.209}{\376\377\0002\0000\0009\000\040\000L\000U\000C\000[\000L\000U\000X\000,\000L\000U\000S\000]}{part.1}% 217
\BOOKMARK [0][]{chapter.210}{\376\377\0002\0001\0000\000\040\000E\000M\000P\000T\000,\000\040\000E\000M\000[\000E\000E\000M\000,\000\040\000M\000P\000T\000,\000\040\000M\000,\000\040\000A\000N\000S\000O\000M\000]}{part.1}% 218
\BOOKMARK [0][]{chapter.211}{\376\377\0002\0001\0001\000\040\000T\000O\000L}{part.1}% 219
\BOOKMARK [0][]{chapter.212}{\376\377\0002\0001\0002\000\040\000G\000R\000E\000G}{part.1}% 220
\BOOKMARK [0][]{chapter.213}{\376\377\0002\0001\0003\000\040\000L\000I\000C}{part.1}% 221
\BOOKMARK [0][]{chapter.214}{\376\377\0002\0001\0004\000\040\000R\000U\000D}{part.1}% 222
\BOOKMARK [0][]{chapter.215}{\376\377\0002\0001\0005\000\040\000V\000A\000N\000[\000V\000A\000I\000N\000]}{part.1}% 223
\BOOKMARK [0][]{chapter.216}{\376\377\0002\0001\0006\000\040\000H\000I\000L\000A\000R}{part.1}% 224
\BOOKMARK [0][]{chapter.217}{\376\377\0002\0001\0007\000\040\000H\000O\000R\000T}{part.1}% 225
\BOOKMARK [0][]{chapter.218}{\376\377\0002\0001\0008\000\040\000P\000I}{part.1}% 226
\BOOKMARK [0][]{chapter.219}{\376\377\0002\0001\0009\000\040\000P\000U\000R\000G}{part.1}% 227
\BOOKMARK [0][]{chapter.220}{\376\377\0002\0002\0000\000\040\000T\000R\000I\000C\000[\000T\000R\000I\000G\000]}{part.1}% 228
\BOOKMARK [0][]{chapter.221}{\376\377\0002\0002\0001\000\040\000B\000U\000L\000L}{part.1}% 229
\BOOKMARK [0][]{chapter.222}{\376\377\0002\0002\0002\000\040\000F\000I\000G}{part.1}% 230
\BOOKMARK [0][]{chapter.223}{\376\377\0002\0002\0003\000\040\000M\000A\000N\000[\000M\000N\000,\000\040\000M\000A\000I\000N\000]}{part.1}% 231
\BOOKMARK [0][]{chapter.224}{\376\377\0002\0002\0004\000\040\000M\000E\000N\000D}{part.1}% 232
\BOOKMARK [0][]{chapter.225}{\376\377\0002\0002\0005\000\040\000N\000E\000R\000V}{part.1}% 233
\BOOKMARK [0][]{chapter.226}{\376\377\0002\0002\0006\000\040\000F\000E\000T}{part.1}% 234
\BOOKMARK [0][]{chapter.227}{\376\377\0002\0002\0007\000\040\000M\000E\000R\000S\000,\000\040\000M\000E\000R\000G}{part.1}% 235
\BOOKMARK [0][]{chapter.228}{\376\377\0002\0002\0008\000\040\000C\000A\000L\000C\000U\000L}{part.1}% 236
\BOOKMARK [0][]{chapter.229}{\376\377\0002\0002\0009\000\040\000G\000R\000A\000N\000[\000G\000R\000A\000I\000N\000]}{part.1}% 237
\BOOKMARK [0][]{chapter.230}{\376\377\0002\0003\0000\000\040\000I\000T\000[\000I\000]}{part.1}% 238
\BOOKMARK [0][]{chapter.231}{\376\377\0002\0003\0001\000\040\000N\000O\000V}{part.1}% 239
\BOOKMARK [0][]{chapter.232}{\376\377\0002\0003\0002\000\040\000T\000I\000M\000[\000T\000E\000M\000]}{part.1}% 240
\BOOKMARK [0][]{chapter.233}{\376\377\0002\0003\0003\000\040\000P\000A\000R\000T}{part.1}% 241
\BOOKMARK [0][]{chapter.234}{\376\377\0002\0003\0004\000\040\000F\000L\000A\000T}{part.1}% 242
\BOOKMARK [0][]{chapter.235}{\376\377\0002\0003\0005\000\040\000O\000R\000D\000,\000\040\000O\000R\000D\000I\000N\000[\000O\000R\000D\000A\000I\000N\000]}{part.1}% 243
\BOOKMARK [0][]{chapter.236}{\376\377\0002\0003\0006\000\040\000P\000E\000D\000[\000P\000O\000D\000,\000\040\000P\000U\000S\000,\000\040\000P\000E\000A\000C\000H\000,\000\040\000P\000A\000T\000C\000H\000,\000\040\000F\000E\000T\000]}{part.1}% 244
\BOOKMARK [0][]{chapter.237}{\376\377\0002\0003\0007\000\040\000P\000U\000N\000,\000\040\000P\000E\000N\000[\000P\000O\000E\000N\000]}{part.1}% 245
\BOOKMARK [0][]{chapter.238}{\376\377\0002\0003\0008\000\040\000C\000R\000I\000M\000I\000N}{part.1}% 246
\BOOKMARK [0][]{chapter.239}{\376\377\0002\0003\0009\000\040\000S\000T\000I\000L\000L}{part.1}% 247
\BOOKMARK [0][]{chapter.240}{\376\377\0002\0004\0000\000\040\000M\000O\000R\000T\000,\000M\000O\000R\000S\000,\000M\000O\000R}{part.1}% 248
\BOOKMARK [0][]{chapter.241}{\376\377\0002\0004\0001\000\040\000P\000O\000V\000E\000R\000[\000P\000A\000U\000P\000E\000R\000]}{part.1}% 249
\BOOKMARK [0][]{chapter.242}{\376\377\0002\0004\0002\000\040\000C\000I\000N\000E\000R}{part.1}% 250
\BOOKMARK [0][]{chapter.243}{\376\377\0002\0004\0003\000\040\000C\000I\000T}{part.1}% 251
\BOOKMARK [0][]{chapter.244}{\376\377\0002\0004\0004\000\040\000S\000I\000N\000U}{part.1}% 252
\BOOKMARK [0][]{chapter.245}{\376\377\0002\0004\0005\000\040\000T\000R\000E\000P\000,\000T\000R\000E\000M}{part.1}% 253
\BOOKMARK [0][]{chapter.246}{\376\377\0002\0004\0006\000\040\000V\000A\000R}{part.1}% 254
\BOOKMARK [0][]{chapter.247}{\376\377\0002\0004\0007\000\040\000V\000E\000R}{part.1}% 255
\BOOKMARK [0][]{chapter.248}{\376\377\0002\0004\0008\000\040\000B\000I\000B\000[\000B\000E\000V\000]}{part.1}% 256
\BOOKMARK [0][]{chapter.249}{\376\377\0002\0004\0009\000\040\000P\000E\000T\000[\000P\000I\000T\000,\000\040\000P\000E\000A\000T\000]}{part.1}% 257
\BOOKMARK [0][]{chapter.250}{\376\377\0002\0005\0000\000\040\000D\000A\000M\000N\000[\000D\000E\000M\000N\000,\000\040\000D\000A\000M\000]}{part.1}% 258
\BOOKMARK [0][]{chapter.251}{\376\377\0002\0005\0001\000\040\000F\000A\000L\000L}{part.1}% 259
\BOOKMARK [0][]{chapter.252}{\376\377\0002\0005\0002\000\040\000N\000O\000C\000[\000N\000O\000X\000,\000N\000I\000C\000,\000N\000E\000C\000]}{part.1}% 260
\BOOKMARK [0][]{chapter.253}{\376\377\0002\0005\0003\000\040\000P\000O\000R\000T}{part.1}% 261
\BOOKMARK [0][]{chapter.254}{\376\377\0002\0005\0004\000\040\000T\000E\000G\000R}{part.1}% 262
\BOOKMARK [0][]{chapter.255}{\376\377\0002\0005\0005\000\040\000V\000E\000T}{part.1}% 263
\BOOKMARK [0][]{chapter.256}{\376\377\0002\0005\0006\000\040\000V\000U\000L\000N\000[\000V\000U\000L\000T\000]}{part.1}% 264
\BOOKMARK [0][]{chapter.257}{\376\377\0002\0005\0007\000\040\000M\000U\000T}{part.1}% 265
\BOOKMARK [0][]{chapter.258}{\376\377\0002\0005\0008\000\040\000P\000U\000G\000N}{part.1}% 266
\BOOKMARK [0][]{chapter.259}{\376\377\0002\0005\0009\000\040\000A\000N\000I\000M}{part.1}% 267
\BOOKMARK [0][]{chapter.260}{\376\377\0002\0006\0000\000\040\000A\000V\000I\000[\000A\000U\000]}{part.1}% 268
\BOOKMARK [0][]{chapter.261}{\376\377\0002\0006\0001\000\040\000C\000A\000L\000C\000[\000C\000U\000L\000C\000]}{part.1}% 269
\BOOKMARK [0][]{chapter.262}{\376\377\0002\0006\0002\000\040\000F\000I\000R\000M}{part.1}% 270
\BOOKMARK [0][]{chapter.263}{\376\377\0002\0006\0003\000\040\000S\000C\000R\000U\000T}{part.1}% 271
\BOOKMARK [0][]{chapter.264}{\376\377\0002\0006\0004\000\040\000S\000U\000R\000G\000,\000\040\000S\000U\000R\000R\000E\000C\000T}{part.1}% 272
\BOOKMARK [0][]{chapter.265}{\376\377\0002\0006\0005\000\040\000T\000E\000M\000P\000E\000R}{part.1}% 273
\BOOKMARK [0][]{chapter.266}{\376\377\0002\0006\0006\000\040\000V\000E\000H\000,\000\040\000V\000E\000C\000T\000[\000V\000E\000I\000G\000H\000,\000\040\000V\000E\000X\000]}{part.1}% 274
\BOOKMARK [0][]{chapter.267}{\376\377\0002\0006\0007\000\040\000P\000E\000C\000U}{part.1}% 275
\BOOKMARK [0][]{chapter.268}{\376\377\0002\0006\0008\000\040\000T\000U\000R\000B}{part.1}% 276
\BOOKMARK [0][]{chapter.269}{\376\377\0002\0006\0009\000\040\000O\000R}{part.1}% 277
\BOOKMARK [0][]{chapter.270}{\376\377\0002\0007\0000\000\040\000N\000A\000T\000,\000\040\000N\000A\000S\000C\000[\000N\000A\000I\000S\000S\000,\000\040\000N\000A\000I\000V\000]}{part.1}% 278
\BOOKMARK [0][]{chapter.271}{\376\377\0002\0007\0001\000\040\000M\000A\000C\000U\000L}{part.1}% 279
\BOOKMARK [0][]{chapter.272}{\376\377\0002\0007\0002\000\040\000M\000U\000R}{part.1}% 280
\BOOKMARK [0][]{chapter.273}{\376\377\0002\0007\0003\000\040\000L\000U\000C\000T}{part.1}% 281
\BOOKMARK [0][]{chapter.274}{\376\377\0002\0007\0004\000\040\000R\000U\000P\000T}{part.1}% 282
\BOOKMARK [0][]{chapter.275}{\376\377\0002\0007\0005\000\040\000M\000E\000D\000I}{part.1}% 283
\BOOKMARK [0][]{chapter.276}{\376\377\0002\0007\0006\000\040\000N\000U\000T\000R\000I}{part.1}% 284
\BOOKMARK [0][]{chapter.277}{\376\377\0002\0007\0007\000\040\000V\000O\000L}{part.1}% 285
\BOOKMARK [0][]{chapter.278}{\376\377\0002\0007\0008\000\040\000R\000E\000C\000T\000,\000\040\000R\000I\000G}{part.1}% 286
\BOOKMARK [0][]{chapter.279}{\376\377\0002\0007\0009\000\040\000L\000I\000T\000E\000R}{part.1}% 287
\BOOKMARK [0][]{chapter.280}{\376\377\0002\0008\0000\000\040\000E\000D\000[\000E\000S\000]}{part.1}% 288
\BOOKMARK [0][]{chapter.281}{\376\377\0002\0008\0001\000\040\000D\000U\000R}{part.1}% 289
\BOOKMARK [0][]{chapter.282}{\376\377\0002\0008\0002\000\040\000C\000E\000L\000[\000C\000U\000L\000,\000\040\000C\000E\000A\000L\000]}{part.1}% 290
\BOOKMARK [0][]{chapter.283}{\376\377\0002\0008\0003\000\040\000S\000C\000E\000N}{part.1}% 291
\BOOKMARK [0][]{chapter.284}{\376\377\0002\0008\0004\000\040\000L\000O\000Q\000U\000,\000\040\000L\000O\000C\000U\000T}{part.1}% 292
\BOOKMARK [0][]{chapter.285}{\376\377\0002\0008\0005\000\040\000O\000D}{part.1}% 293
\BOOKMARK [0][]{chapter.286}{\376\377\0002\0008\0006\000\040\000D\000O\000X}{part.1}% 294
\BOOKMARK [0][]{chapter.287}{\376\377\0002\0008\0007\000\040\000S\000I\000T}{part.1}% 295
\BOOKMARK [0][]{chapter.288}{\376\377\0002\0008\0008\000\040\000A\000L\000L}{part.1}% 296
\BOOKMARK [0][]{chapter.289}{\376\377\0002\0008\0009\000\040\000G\000O\000N}{part.1}% 297
\BOOKMARK [0][]{chapter.290}{\376\377\0002\0009\0000\000\040\000P\000H\000R\000A\000S\000,\000\040\000P\000H\000A\000,\000\040\000P\000H\000E\000,\000\040\000P\000H\000U}{part.1}% 298
\BOOKMARK [0][]{chapter.291}{\376\377\0002\0009\0001\000\040\000O\000X\000Y\000[\000O\000X\000]}{part.1}% 299
\BOOKMARK [0][]{chapter.292}{\376\377\0002\0009\0002\000\040\000M\000E\000T\000E\000R\000[\000M\000E\000T\000R\000]}{part.1}% 300
\BOOKMARK [0][]{chapter.293}{\376\377\0002\0009\0003\000\040\000J\000U\000R}{part.1}% 301
\BOOKMARK [0][]{chapter.294}{\376\377\0002\0009\0004\000\040\000V\000A\000D\000,\000\040\000V\000A\000S\000[\000W\000A\000D\000]}{part.1}% 302
\BOOKMARK [0][]{chapter.295}{\376\377\0002\0009\0005\000\040\000A\000N\000N\000[\000E\000N\000N\000]}{part.1}% 303
\BOOKMARK [0][]{chapter.296}{\376\377\0002\0009\0006\000\040\000M\000E\000A\000[\000M\000E\000]}{part.1}% 304
\BOOKMARK [0][]{chapter.297}{\376\377\0002\0009\0007\000\040\000F\000U\000N\000C\000T}{part.1}% 305
\BOOKMARK [0][]{chapter.298}{\376\377\0002\0009\0008\000\040\000C\000A\000U}{part.1}% 306
\BOOKMARK [0][]{chapter.299}{\376\377\0002\0009\0009\000\040\000M\000A\000T}{part.1}% 307
\BOOKMARK [0][]{chapter.300}{\376\377\0003\0000\0000\000\040\000S\000U\000M\000P\000T\000,\000\040\000S\000U\000M}{part.1}% 308
\BOOKMARK [0][]{chapter.301}{\376\377\0003\0000\0001\000\040\000D\000O\000M\000I\000N}{part.1}% 309
\BOOKMARK [0][]{chapter.302}{\376\377\0003\0000\0002\000\040\000A\000M\000B\000U\000L\000[\000A\000M\000B\000L\000]}{part.1}% 310
\BOOKMARK [0][]{chapter.303}{\376\377\0003\0000\0003\000\040\000P\000O\000S\000T\000E\000R}{part.1}% 311
\BOOKMARK [0][]{chapter.304}{\376\377\0003\0000\0004\000\040\000M\000E\000D}{part.1}% 312
\BOOKMARK [0][]{chapter.305}{\376\377\0003\0000\0005\000\040\000T\000E\000X\000T}{part.1}% 313
\BOOKMARK [0][]{chapter.306}{\376\377\0003\0000\0006\000\040\000M\000O\000N\000[\000M\000I\000N\000]}{part.1}% 314
\BOOKMARK [0][]{chapter.307}{\376\377\0003\0000\0007\000\040\000S\000A\000G}{part.1}% 315
\BOOKMARK [0][]{chapter.308}{\376\377\0003\0000\0008\000\040\000S\000C\000I}{part.1}% 316
\BOOKMARK [0][]{chapter.309}{\376\377\0003\0000\0009\000\040\000C\000U\000R}{part.1}% 317
\BOOKMARK [0][]{chapter.310}{\376\377\0003\0001\0000\000\040\000M\000O\000N\000T\000,\000M\000O\000U\000N\000T}{part.1}% 318
\BOOKMARK [0][]{chapter.311}{\376\377\0003\0001\0001\000\040\000F\000U\000S\000,\000\040\000F\000U\000T\000,\000\040\000F\000U\000N\000D\000,\000\040\000F\000O\000U\000N\000D}{part.1}% 319
\BOOKMARK [0][]{chapter.312}{\376\377\0003\0001\0002\000\040\000A\000L}{part.1}% 320
\BOOKMARK [0][]{chapter.313}{\376\377\0003\0001\0003\000\040\000C\000L\000I\000V}{part.1}% 321
\BOOKMARK [0][]{chapter.314}{\376\377\0003\0001\0004\000\040\000T\000E\000G\000,\000\040\000T\000E\000C\000T}{part.1}% 322
\BOOKMARK [0][]{chapter.315}{\376\377\0003\0001\0005\000\040\000B\000U\000R\000S}{part.1}% 323
\BOOKMARK [0][]{chapter.316}{\376\377\0003\0001\0006\000\040\000F\000O\000R\000T\000,\000\040\000F\000O\000R\000C}{part.1}% 324
\BOOKMARK [0][]{chapter.317}{\376\377\0003\0001\0007\000\040\000T\000A\000R\000D}{part.1}% 325
\BOOKMARK [0][]{chapter.318}{\376\377\0003\0001\0008\000\040\000H\000A\000B\000[\000H\000I\000B\000]}{part.1}% 326
\BOOKMARK [0][]{chapter.319}{\376\377\0003\0001\0009\000\040\000J\000U\000V\000E\000N}{part.1}% 327
\BOOKMARK [0][]{chapter.320}{\376\377\0003\0002\0000\000\040\000L\000E\000N}{part.1}% 328
\BOOKMARK [0][]{chapter.321}{\376\377\0003\0002\0001\000\040\000V\000I\000L}{part.1}% 329
\BOOKMARK [0][]{chapter.322}{\376\377\0003\0002\0002\000\040\000N\000E\000G}{part.1}% 330
\BOOKMARK [0][]{chapter.323}{\376\377\0003\0002\0003\000\040\000N\000O\000U\000N\000C\000,\000\040\000N\000U\000N\000C\000I}{part.1}% 331
\BOOKMARK [0][]{chapter.324}{\376\377\0003\0002\0004\000\040\000S\000C\000I\000N\000D\000,\000\040\000S\000C\000I\000S}{part.1}% 332
\BOOKMARK [0][]{chapter.325}{\376\377\0003\0002\0005\000\040\000T\000A\000C\000[\000T\000I\000C\000]}{part.1}% 333
\BOOKMARK [0][]{chapter.326}{\376\377\0003\0002\0006\000\040\000D\000U\000B\000\040\000[\000D\000O\000U\000B\000]}{part.1}% 334
\BOOKMARK [0][]{chapter.327}{\376\377\0003\0002\0007\000\040\000M\000O\000N\000S\000T\000R}{part.1}% 335
\BOOKMARK [0][]{chapter.328}{\376\377\0003\0002\0008\000\040\000P\000U\000D}{part.1}% 336
\BOOKMARK [0][]{chapter.329}{\376\377\0003\0002\0009\000\040\000T\000R\000E\000N\000C\000H}{part.1}% 337
\BOOKMARK [0][]{chapter.330}{\376\377\0003\0003\0000\000\040\000O\000L\000,\000\040\000O\000D}{part.1}% 338
\BOOKMARK [0][]{chapter.331}{\376\377\0003\0003\0001\000\040\000F\000U\000L\000G}{part.1}% 339
\BOOKMARK [0][]{chapter.332}{\376\377\0003\0003\0002\000\040\000S\000P\000L\000E\000N\000D}{part.1}% 340
\BOOKMARK [0][]{chapter.333}{\376\377\0003\0003\0003\000\040\000P\000L\000A\000N\000T}{part.1}% 341
\BOOKMARK [0][]{chapter.334}{\376\377\0003\0003\0004\000\040\000C\000I\000N\000C\000T}{part.1}% 342
\BOOKMARK [0][]{chapter.335}{\376\377\0003\0003\0005\000\040\000R\000A\000P\000,\000R\000A\000V\000[\000R\000E\000P\000]}{part.1}% 343
\BOOKMARK [0][]{chapter.336}{\376\377\0003\0003\0006\000\040\000P\000L\000U}{part.1}% 344
\BOOKMARK [0][]{chapter.337}{\376\377\0003\0003\0007\000\040\000C\000I\000L\000I}{part.1}% 345
\BOOKMARK [0][]{chapter.338}{\376\377\0003\0003\0008\000\040\000M\000I\000T\000,\000\040\000M\000I\000S\000S\000[\000M\000I\000S\000,\000\040\000M\000E\000S\000S\000]}{part.1}% 346
\BOOKMARK [0][]{chapter.339}{\376\377\0003\0003\0009\000\040\000F\000O\000R\000M}{part.1}% 347
\BOOKMARK [0][]{chapter.340}{\376\377\0003\0004\0000\000\040\000S\000C\000E\000N\000D\000[\000S\000C\000E\000N\000T\000,\000S\000C\000E\000N\000S\000,\000S\000C\000A\000N\000]}{part.1}% 348
\BOOKMARK [0][]{chapter.341}{\376\377\0003\0004\0001\000\040\000V\000E\000S\000T}{part.1}% 349
\BOOKMARK [0][]{chapter.342}{\376\377\0003\0004\0002\000\040\000H\000E\000R}{part.1}% 350
\BOOKMARK [0][]{chapter.343}{\376\377\0003\0004\0003\000\040\000B\000O\000N\000D}{part.1}% 351
\BOOKMARK [0][]{chapter.344}{\376\377\0003\0004\0004\000\040\000S\000A\000L\000V\000[\000S\000A\000V\000]}{part.1}% 352
\BOOKMARK [0][]{chapter.345}{\376\377\0003\0004\0005\000\040\000C\000A\000R\000N}{part.1}% 353
\BOOKMARK [0][]{chapter.346}{\376\377\0003\0004\0006\000\040\000P\000I\000L}{part.1}% 354
\BOOKMARK [0][]{chapter.347}{\376\377\0003\0004\0007\000\040\000V\000E\000R\000B}{part.1}% 355
\BOOKMARK [0][]{chapter.348}{\376\377\0003\0004\0008\000\040\000M\000I\000R}{part.1}% 356
\BOOKMARK [0][]{chapter.349}{\376\377\0003\0004\0009\000\040\000E\000V}{part.1}% 357
\BOOKMARK [0][]{chapter.350}{\376\377\0003\0005\0000\000\040\000P\000R\000O\000X\000,\000\040\000P\000R\000O\000P}{part.1}% 358
\BOOKMARK [0][]{chapter.351}{\376\377\0003\0005\0001\000\040\000B\000R\000E\000V}{part.1}% 359
\BOOKMARK [0][]{chapter.352}{\376\377\0003\0005\0002\000\040\000A\000C\000,\000A\000C\000R}{part.1}% 360
\BOOKMARK [0][]{chapter.353}{\376\377\0003\0005\0003\000\040\000L\000E\000T\000H}{part.1}% 361
\BOOKMARK [0][]{chapter.354}{\376\377\0003\0005\0004\000\040\000P\000R\000O\000P\000R}{part.1}% 362
\BOOKMARK [0][]{chapter.355}{\376\377\0003\0005\0005\000\040\000H\000I\000E\000R}{part.1}% 363
\BOOKMARK [0][]{chapter.356}{\376\377\0003\0005\0006\000\040\000L\000O\000G}{part.1}% 364
\BOOKMARK [0][]{chapter.357}{\376\377\0003\0005\0007\000\040\000A\000U\000D\000[\000E\000D\000,\000\040\000E\000I\000S\000]}{part.1}% 365
\BOOKMARK [0][]{chapter.358}{\376\377\0003\0005\0008\000\040\000L\000E\000T\000,\000\040\000L\000I\000V}{part.1}% 366
\BOOKMARK [0][]{chapter.359}{\376\377\0003\0005\0009\000\040\000C\000U\000S\000S}{part.1}% 367
\BOOKMARK [0][]{chapter.360}{\376\377\0003\0006\0000\000\040\000D\000O\000C}{part.1}% 368
\BOOKMARK [0][]{chapter.361}{\376\377\0003\0006\0001\000\040\000I\000M\000I\000T}{part.1}% 369
\BOOKMARK [0][]{chapter.362}{\376\377\0003\0006\0002\000\040\000P\000L\000A\000U\000D\000,\000\040\000P\000L\000A\000U\000S\000[\000P\000L\000O\000D\000,\000\040\000P\000L\000O\000S\000,\000\040\000P\000L\000E\000X\000]}{part.1}% 370
\BOOKMARK [0][]{chapter.363}{\376\377\0003\0006\0003\000\040\000D\000O\000M\000I\000T}{part.1}% 371
\BOOKMARK [0][]{chapter.364}{\376\377\0003\0006\0004\000\040\000C\000E\000N\000S}{part.1}% 372
\BOOKMARK [0][]{chapter.365}{\376\377\0003\0006\0005\000\040\000C\000U\000L\000P}{part.1}% 373
\BOOKMARK [0][]{chapter.366}{\376\377\0003\0006\0006\000\040\000P\000A\000L\000P}{part.1}% 374
\BOOKMARK [0][]{chapter.367}{\376\377\0003\0006\0007\000\040\000P\000E\000C\000C}{part.1}% 375
\BOOKMARK [0][]{chapter.368}{\376\377\0003\0006\0008\000\040\000C\000E\000L}{part.1}% 376
\BOOKMARK [0][]{chapter.369}{\376\377\0003\0006\0009\000\040\000G\000L\000O\000B}{part.1}% 377
\BOOKMARK [0][]{chapter.370}{\376\377\0003\0007\0000\000\040\000M\000A\000R}{part.1}% 378
\BOOKMARK [0][]{chapter.371}{\376\377\0003\0007\0001\000\040\000O\000P}{part.1}% 379
\BOOKMARK [0][]{chapter.372}{\376\377\0003\0007\0002\000\040\000M\000A\000T\000R\000[\000M\000A\000T\000E\000R\000]}{part.1}% 380
\BOOKMARK [0][]{chapter.373}{\376\377\0003\0007\0003\000\040\000P\000A\000T\000R\000[\000P\000A\000T\000E\000R\000]}{part.1}% 381
\BOOKMARK [0][]{chapter.374}{\376\377\0003\0007\0004\000\040\000R\000E\000G\000[\000R\000E\000I\000G\000]}{part.1}% 382
\BOOKMARK [0][]{chapter.375}{\376\377\0003\0007\0005\000\040\000R\000U\000S\000[\000R\000U\000R\000]}{part.1}% 383
\BOOKMARK [0][]{chapter.376}{\376\377\0003\0007\0006\000\040\000C\000R\000U\000C\000[\000C\000R\000U\000I\000S\000]}{part.1}% 384
\BOOKMARK [0][]{chapter.377}{\376\377\0003\0007\0007\000\040\000C\000O\000L\000O\000S\000S\000[\000C\000O\000L\000I\000S\000]}{part.1}% 385
\BOOKMARK [0][]{chapter.378}{\376\377\0003\0007\0008\000\040\000H\000E\000M\000E\000R}{part.1}% 386
\BOOKMARK [0][]{chapter.379}{\376\377\0003\0007\0009\000\040\000N\000O\000C\000T\000,\000\040\000N\000O\000X}{part.1}% 387
\BOOKMARK [0][]{chapter.380}{\376\377\0003\0008\0000\000\040\000N\000O\000M\000I\000N\000,\000\040\000N\000O\000M\000E\000N}{part.1}% 388
\BOOKMARK [0][]{chapter.381}{\376\377\0003\0008\0001\000\040\000B\000A\000N}{part.1}% 389
\BOOKMARK [0][]{chapter.382}{\376\377\0003\0008\0002\000\040\000P\000R\000I\000M\000[\000P\000R\000E\000M\000,\000P\000R\000I\000N\000,\000P\000R\000I\000]}{part.1}% 390
\BOOKMARK [0][]{chapter.383}{\376\377\0003\0008\0003\000\040\000D\000I\000G}{part.1}% 391
\BOOKMARK [0][]{chapter.384}{\376\377\0003\0008\0004\000\040\000R\000A\000D}{part.1}% 392
\BOOKMARK [0][]{chapter.385}{\376\377\0003\0008\0005\000\040\000V\000I\000G\000[\000V\000E\000G\000]}{part.1}% 393
\BOOKMARK [0][]{chapter.386}{\376\377\0003\0008\0006\000\040\000F\000E\000R\000V}{part.1}% 394
\BOOKMARK [0][]{chapter.387}{\376\377\0003\0008\0007\000\040\000D\000O\000R\000M}{part.1}% 395
\BOOKMARK [0][]{chapter.388}{\376\377\0003\0008\0008\000\040\000M\000I\000L\000I\000T}{part.1}% 396
\BOOKMARK [0][]{chapter.389}{\376\377\0003\0008\0009\000\040\000V\000A\000G}{part.1}% 397
\BOOKMARK [0][]{chapter.390}{\376\377\0003\0009\0000\000\040\000D\000U\000L\000G}{part.1}% 398
\BOOKMARK [0][]{chapter.391}{\376\377\0003\0009\0001\000\040\000C\000H\000A\000L}{part.1}% 399
\BOOKMARK [0][]{chapter.392}{\376\377\0003\0009\0002\000\040\000O\000P}{part.1}% 400
\BOOKMARK [0][]{chapter.393}{\376\377\0003\0009\0003\000\040\000S\000O\000M\000N}{part.1}% 401
\BOOKMARK [0][]{chapter.394}{\376\377\0003\0009\0004\000\040\000C\000O\000R\000P}{part.1}% 402
\BOOKMARK [0][]{chapter.395}{\376\377\0003\0009\0005\000\040\000M\000U\000N}{part.1}% 403
\BOOKMARK [0][]{chapter.396}{\376\377\0003\0009\0006\000\040\000C\000O\000M\000I\000T}{part.1}% 404
\BOOKMARK [0][]{chapter.397}{\376\377\0003\0009\0007\000\040\000M\000O\000R\000D\000,\000M\000O\000R\000S}{part.1}% 405
\BOOKMARK [0][]{chapter.398}{\376\377\0003\0009\0008\000\040\000C\000L\000A\000R\000[\000C\000L\000A\000I\000R\000]}{part.1}% 406
\BOOKMARK [0][]{chapter.399}{\376\377\0003\0009\0009\000\040\000M\000E\000R\000C}{part.1}% 407
\BOOKMARK [0][]{chapter.400}{\376\377\0004\0000\0000\000\040\000B\000A\000[\000B\000E\000T\000,\000B\000I\000T\000]}{part.1}% 408
\BOOKMARK [0][]{chapter.401}{\376\377\0004\0000\0001\000\040\000A\000U\000G}{part.1}% 409
\BOOKMARK [0][]{chapter.402}{\376\377\0004\0000\0002\000\040\000M\000A\000N\000D\000.\000M\000E\000N\000D}{part.1}% 410
\BOOKMARK [0][]{chapter.403}{\376\377\0004\0000\0003\000\040\000M\000I\000M}{part.1}% 411
\BOOKMARK [0][]{chapter.404}{\376\377\0004\0000\0004\000\040\000G\000R\000A\000P\000H\000,\000\040\000G\000R\000A\000M}{part.1}% 412
\BOOKMARK [0][]{chapter.405}{\376\377\0004\0000\0005\000\040\000C\000A\000U\000S\000T\000,\000\040\000C\000A\000U\000T}{part.1}% 413
\BOOKMARK [0][]{chapter.406}{\376\377\0004\0000\0006\000\040\000C\000R\000A\000T\000,\000\040\000C\000R\000A\000C\000Y}{part.1}% 414
\BOOKMARK [0][]{chapter.407}{\376\377\0004\0000\0007\000\040\000T\000H\000E\000T\000,\000\040\000T\000H\000E\000S\000[\000T\000H\000E\000C\000,\000\040\000T\000H\000E\000M\000]}{part.1}% 415
\BOOKMARK [0][]{chapter.408}{\376\377\0004\0000\0008\000\040\000A\000X}{part.1}% 416
\BOOKMARK [0][]{chapter.409}{\376\377\0004\0000\0009\000\040\000P\000O\000L\000I\000T\000[\000P\000O\000L\000I\000C\000,\000P\000O\000L\000I\000S\000]}{part.1}% 417
\BOOKMARK [0][]{chapter.410}{\376\377\0004\0001\0000\000\040\000E\000G\000Y\000R}{part.1}% 418
\BOOKMARK [0][]{chapter.411}{\376\377\0004\0001\0001\000\040\000E\000C\000O\000[\000E\000C\000U\000,\000O\000C\000E\000]}{part.1}% 419
\BOOKMARK [0][]{chapter.412}{\376\377\0004\0001\0002\000\040\000L\000I\000T\000H}{part.1}% 420
\BOOKMARK [0][]{chapter.413}{\376\377\0004\0001\0003\000\040\000N\000A\000R\000C}{part.1}% 421
\BOOKMARK [0][]{chapter.414}{\376\377\0004\0001\0004\000\040\000P\000R\000A\000G\000,\000\040\000P\000R\000A\000C\000T}{part.1}% 422
\BOOKMARK [0][]{chapter.415}{\376\377\0004\0001\0005\000\040\000P\000T\000O}{part.1}% 423
\BOOKMARK [0][]{chapter.416}{\376\377\0004\0001\0006\000\040\000N\000O\000T}{part.1}% 424
\BOOKMARK [0][]{chapter.417}{\376\377\0004\0001\0007\000\040\000V\000O\000R}{part.1}% 425
\BOOKMARK [0][]{chapter.418}{\376\377\0004\0001\0008\000\040\000D\000E\000X\000T\000R}{part.1}% 426
\BOOKMARK [0][]{chapter.419}{\376\377\0004\0001\0009\000\040\000C\000A\000V\000A\000L\000[\000C\000H\000I\000V\000A\000L\000]}{part.1}% 427
\BOOKMARK [0][]{chapter.420}{\376\377\0004\0002\0000\000\040\000M\000A\000G\000N}{part.1}% 428
\BOOKMARK [0][]{chapter.421}{\376\377\0004\0002\0001\000\040\000G\000R\000A\000T\000,\000\040\000G\000R\000A\000C}{part.1}% 429
\BOOKMARK [0][]{chapter.422}{\376\377\0004\0002\0002\000\040\000M\000E\000R\000I\000T}{part.1}% 430
\BOOKMARK [0][]{chapter.423}{\376\377\0004\0002\0003\000\040\000P\000H\000O\000N}{part.1}% 431
\BOOKMARK [0][]{chapter.424}{\376\377\0004\0002\0004\000\040\000L\000U\000M\000I\000N\000[\000L\000U\000N\000]}{part.1}% 432
\BOOKMARK [0][]{chapter.425}{\376\377\0004\0002\0005\000\040\000P\000H\000A\000N\000[\000P\000H\000E\000N\000,\000F\000A\000N\000]}{part.1}% 433
\BOOKMARK [0][]{chapter.426}{\376\377\0004\0002\0006\000\040\000M\000E\000L\000L\000,\000\040\000M\000E\000L\000[\000M\000I\000L\000,\000\040\000M\000O\000L\000,\000\040\000M\000A\000R\000]}{part.1}% 434
\BOOKMARK [0][]{chapter.427}{\376\377\0004\0002\0007\000\040\000P\000O\000P\000U\000L\000[\000P\000U\000B\000L\000]}{part.1}% 435
\BOOKMARK [0][]{chapter.428}{\376\377\0004\0002\0008\000\040\000M\000I\000G\000R}{part.1}% 436
\BOOKMARK [0][]{chapter.429}{\376\377\0004\0002\0009\000\040\000V\000A\000R\000I\000C}{part.1}% 437
\BOOKMARK [0][]{chapter.430}{\376\377\0004\0003\0000\000\040\000U\000L\000T\000I\000M}{part.1}% 438
\BOOKMARK [0][]{chapter.431}{\376\377\0004\0003\0001\000\040\000O\000R\000N}{part.1}% 439
\BOOKMARK [0][]{chapter.432}{\376\377\0004\0003\0002\000\040\000S\000C\000A\000L}{part.1}% 440
\BOOKMARK [0][]{chapter.433}{\376\377\0004\0003\0003\000\040\000O\000N\000E\000R}{part.1}% 441
\BOOKMARK [0][]{chapter.434}{\376\377\0004\0003\0004\000\040\000I\000N\000S\000U\000L\000[\000I\000S\000O\000L\000]}{part.1}% 442
\BOOKMARK [0][]{chapter.435}{\376\377\0004\0003\0005\000\040\000S\000T\000I\000P}{part.1}% 443
\BOOKMARK [0][]{chapter.436}{\376\377\0004\0003\0006\000\040\000C\000A\000S\000T\000[\000C\000E\000S\000T\000,\000C\000H\000A\000S\000T\000]}{part.1}% 444
\BOOKMARK [0][]{chapter.437}{\376\377\0004\0003\0007\000\040\000P\000A\000T}{part.1}% 445
\BOOKMARK [0][]{chapter.438}{\376\377\0004\0003\0008\000\040\000C\000R\000A\000S\000T\000I\000N}{part.1}% 446
\BOOKMARK [0][]{chapter.439}{\376\377\0004\0003\0009\000\040\000F\000L\000I\000G}{part.1}% 447
\BOOKMARK [0][]{chapter.440}{\376\377\0004\0004\0000\000\040\000A\000R\000T}{part.1}% 448
\BOOKMARK [0][]{chapter.441}{\376\377\0004\0004\0001\000\040\000A\000C\000E\000R\000B}{part.1}% 449
\BOOKMARK [0][]{chapter.442}{\376\377\0004\0004\0002\000\040\000B\000I\000L}{part.1}% 450
\BOOKMARK [0][]{chapter.443}{\376\377\0004\0004\0003\000\040\000F\000U\000S\000C}{part.1}% 451
\BOOKMARK [0][]{chapter.444}{\376\377\0004\0004\0004\000\040\000R\000A\000T}{part.1}% 452
\BOOKMARK [0][]{chapter.445}{\376\377\0004\0004\0005\000\040\000J\000U\000S\000T}{part.1}% 453
\BOOKMARK [0][]{appendix.A}{\376\377\000A\000\040\210\145\121\105\213\315\150\071}{part.1}% 454
\BOOKMARK [1][]{section.A.1}{\376\377\000A\000.\0001\000\040\000A}{appendix.A}% 455
\BOOKMARK [1][]{section.A.2}{\376\377\000A\000.\0002\000\040\000G}{appendix.A}% 456
\BOOKMARK [1][]{section.A.3}{\376\377\000A\000.\0003\000\040\000K}{appendix.A}% 457
\BOOKMARK [1][]{section.A.4}{\376\377\000A\000.\0004\000\040\000M}{appendix.A}% 458
\BOOKMARK [1][]{section.A.5}{\376\377\000A\000.\0005\000\040\000W}{appendix.A}% 459
\BOOKMARK [0][]{appendix*.9}{\376\377\175\042\137\025}{part.1}% 460
\BOOKMARK [1][]{section.A.6}{\376\377\000A\000.\0006\000\040\000I\000.\000\040\213\315\150\071\175\042\137\025}{appendix*.9}% 461
\BOOKMARK [1][]{section.A.7}{\376\377\000A\000.\0007\000\040\000I\000I\000.\000\040\123\125\213\315\175\042\137\025}{appendix*.9}% 462
