This is XeTeX, Version 3.141592653-2.6-0.999997 (TeX Live 2025) (preloaded format=xelatex 2025.8.30)  28 JAN 2026 20:26
entering extended mode
 restricted \write18 enabled.
 file:line:error style messages enabled.
 %&-line parsing enabled.
**main
(./main.tex
LaTeX2e <2024-11-01> patch level 2
L3 programming layer <2025-01-18>
(e:/Program Files/LateX/texlive/2025/texmf-dist/tex/latex/ctex/ctexbook.cls (e:/Program Files/LateX/texlive/2025/texmf-dist/tex/latex/ctex/config/ctexbackend.cfg
File: ctexbackend.cfg 2022/07/14 v2.5.10 Backend configuration file (CTEX)
) (e:/Program Files/LateX/texlive/2025/texmf-dist/tex/latex/l3kernel/expl3.sty
Package: expl3 2025-01-18 L3 programming layer (loader) 
 (e:/Program Files/LateX/texlive/2025/texmf-dist/tex/latex/l3backend/l3backend-xetex.def
File: l3backend-xetex.def 2024-05-08 L3 backend support: XeTeX
\g__graphics_track_int=\count192
\l__pdf_internal_box=\box52
\g__pdf_backend_annotation_int=\count193
\g__pdf_backend_link_int=\count194
))
Document Class: ctexbook 2022/07/14 v2.5.10 Chinese adapter for class book (CTEX)
(e:/Program Files/LateX/texlive/2025/texmf-dist/tex/latex/ctex/ctexhook.sty
Package: ctexhook 2022/07/14 v2.5.10 Document and package hooks (CTEX)
) (e:/Program Files/LateX/texlive/2025/texmf-dist/tex/latex/ctex/ctexpatch.sty
Package: ctexpatch 2022/07/14 v2.5.10 Patching commands (CTEX)
) (e:/Program Files/LateX/texlive/2025/texmf-dist/tex/latex/base/fix-cm.sty
Package: fix-cm 2020/11/24 v1.1t fixes to LaTeX
 (e:/Program Files/LateX/texlive/2025/texmf-dist/tex/latex/base/ts1enc.def
File: ts1enc.def 2001/06/05 v3.0e (jk/car/fm) Standard LaTeX file
LaTeX Font Info:    Redeclaring font encoding TS1 on input line 47.
))
\l__ctex_tmp_int=\count195
\l__ctex_tmp_box=\box53
\l__ctex_tmp_dim=\dimen141
\g__ctex_section_depth_int=\count196
\g__ctex_font_size_int=\count197
 (e:/Program Files/LateX/texlive/2025/texmf-dist/tex/latex/ctex/config/ctexopts.cfg
File: ctexopts.cfg 2022/07/14 v2.5.10 Option configuration file (CTEX)
) (e:/Program Files/LateX/texlive/2025/texmf-dist/tex/latex/base/book.cls
Document Class: book 2024/06/29 v1.4n Standard LaTeX document class
(e:/Program Files/LateX/texlive/2025/texmf-dist/tex/latex/base/bk12.clo
File: bk12.clo 2024/06/29 v1.4n Standard LaTeX file (size option)
)
\c@part=\count198
\c@chapter=\count199
\c@section=\count266
\c@subsection=\count267
\c@subsubsection=\count268
\c@paragraph=\count269
\c@subparagraph=\count270
\c@figure=\count271
\c@table=\count272
\abovecaptionskip=\skip49
\belowcaptionskip=\skip50
\bibindent=\dimen142
) (e:/Program Files/LateX/texlive/2025/texmf-dist/tex/latex/ctex/engine/ctex-engine-xetex.def
File: ctex-engine-xetex.def 2022/07/14 v2.5.10 XeLaTeX adapter (CTEX)
 (e:/Program Files/LateX/texlive/2025/texmf-dist/tex/xelatex/xecjk/xeCJK.sty
Package: xeCJK 2022/08/05 v3.9.1 Typesetting CJK scripts with XeLaTeX
 (e:/Program Files/LateX/texlive/2025/texmf-dist/tex/latex/l3packages/xtemplate/xtemplate.sty
Package: xtemplate 2024-08-16 L3 Experimental prototype document functions
)
\l__xeCJK_tmp_int=\count273
\l__xeCJK_tmp_box=\box54
\l__xeCJK_tmp_dim=\dimen143
\l__xeCJK_tmp_skip=\skip51
\g__xeCJK_space_factor_int=\count274
\l__xeCJK_begin_int=\count275
\l__xeCJK_end_int=\count276
\c__xeCJK_CJK_class_int=\XeTeXcharclass1
\c__xeCJK_FullLeft_class_int=\XeTeXcharclass2
\c__xeCJK_FullRight_class_int=\XeTeXcharclass3
\c__xeCJK_HalfLeft_class_int=\XeTeXcharclass4
\c__xeCJK_HalfRight_class_int=\XeTeXcharclass5
\c__xeCJK_NormalSpace_class_int=\XeTeXcharclass6
\c__xeCJK_CM_class_int=\XeTeXcharclass7
\c__xeCJK_HangulJamo_class_int=\XeTeXcharclass8
\l__xeCJK_last_skip=\skip52
\c__xeCJK_none_node=\count277
\g__xeCJK_node_int=\count278
\c__xeCJK_CJK_node_dim=\dimen144
\c__xeCJK_CJK-space_node_dim=\dimen145
\c__xeCJK_default_node_dim=\dimen146
\c__xeCJK_CJK-widow_node_dim=\dimen147
\c__xeCJK_normalspace_node_dim=\dimen148
\c__xeCJK_default-space_node_skip=\skip53
\l__xeCJK_ccglue_skip=\skip54
\l__xeCJK_ecglue_skip=\skip55
\l__xeCJK_punct_kern_skip=\skip56
\l__xeCJK_indent_box=\box55
\l__xeCJK_last_penalty_int=\count279
\l__xeCJK_last_bound_dim=\dimen149
\l__xeCJK_last_kern_dim=\dimen150
\l__xeCJK_widow_penalty_int=\count280

LaTeX template Info: Declaring template type 'xeCJK/punctuation' taking 0
(template)           argument(s) on line 2396.

\l__xeCJK_fixed_punct_width_dim=\dimen151
\l__xeCJK_mixed_punct_width_dim=\dimen152
\l__xeCJK_middle_punct_width_dim=\dimen153
\l__xeCJK_fixed_margin_width_dim=\dimen154
\l__xeCJK_mixed_margin_width_dim=\dimen155
\l__xeCJK_middle_margin_width_dim=\dimen156
\l__xeCJK_bound_punct_width_dim=\dimen157
\l__xeCJK_bound_margin_width_dim=\dimen158
\l__xeCJK_margin_minimum_dim=\dimen159
\l__xeCJK_kerning_total_width_dim=\dimen160
\l__xeCJK_same_align_margin_dim=\dimen161
\l__xeCJK_different_align_margin_dim=\dimen162
\l__xeCJK_kerning_margin_width_dim=\dimen163
\l__xeCJK_kerning_margin_minimum_dim=\dimen164
\l__xeCJK_bound_dim=\dimen165
\l__xeCJK_reverse_bound_dim=\dimen166
\l__xeCJK_margin_dim=\dimen167
\l__xeCJK_minimum_bound_dim=\dimen168
\l__xeCJK_kerning_margin_dim=\dimen169
\g__xeCJK_family_int=\count281
\l__xeCJK_fam_int=\count282
\g__xeCJK_fam_allocation_int=\count283
\l__xeCJK_verb_case_int=\count284
\l__xeCJK_verb_exspace_skip=\skip57
 (e:/Program Files/LateX/texlive/2025/texmf-dist/tex/latex/fontspec/fontspec.sty (e:/Program Files/LateX/texlive/2025/texmf-dist/tex/latex/l3packages/xparse/xparse.sty
Package: xparse 2024-08-16 L3 Experimental document command parser
)
Package: fontspec 2024/05/11 v2.9e Font selection for XeLaTeX and LuaLaTeX
 (e:/Program Files/LateX/texlive/2025/texmf-dist/tex/latex/fontspec/fontspec-xetex.sty
Package: fontspec-xetex 2024/05/11 v2.9e Font selection for XeLaTeX and LuaLaTeX
\l__fontspec_script_int=\count285
\l__fontspec_language_int=\count286
\l__fontspec_strnum_int=\count287
\l__fontspec_tmp_int=\count288
\l__fontspec_tmpa_int=\count289
\l__fontspec_tmpb_int=\count290
\l__fontspec_tmpc_int=\count291
\l__fontspec_em_int=\count292
\l__fontspec_emdef_int=\count293
\l__fontspec_strong_int=\count294
\l__fontspec_strongdef_int=\count295
\l__fontspec_tmpa_dim=\dimen170
\l__fontspec_tmpb_dim=\dimen171
\l__fontspec_tmpc_dim=\dimen172
 (e:/Program Files/LateX/texlive/2025/texmf-dist/tex/latex/base/fontenc.sty
Package: fontenc 2021/04/29 v2.0v Standard LaTeX package
) (e:/Program Files/LateX/texlive/2025/texmf-dist/tex/latex/fontspec/fontspec.cfg))) (e:/Program Files/LateX/texlive/2025/texmf-dist/tex/xelatex/xecjk/xeCJK.cfg
File: xeCJK.cfg 2022/08/05 v3.9.1 Configuration file for xeCJK package
))
\ccwd=\dimen173
\l__ctex_ccglue_skip=\skip58
)
\l__ctex_ziju_dim=\dimen174
 (e:/Program Files/LateX/texlive/2025/texmf-dist/tex/latex/zhnumber/zhnumber.sty
Package: zhnumber 2022/07/14 v3.0 Typesetting numbers with Chinese glyphs
\l__zhnum_scale_int=\count296
\l__zhnum_tmp_int=\count297
 (e:/Program Files/LateX/texlive/2025/texmf-dist/tex/latex/zhnumber/zhnumber-utf8.cfg
File: zhnumber-utf8.cfg 2022/07/14 v3.0 Chinese numerals with UTF8 encoding
))
\l__ctex_heading_skip=\skip59
 (e:/Program Files/LateX/texlive/2025/texmf-dist/tex/latex/ctex/scheme/ctex-scheme-chinese-book.def
File: ctex-scheme-chinese-book.def 2022/07/14 v2.5.10 Chinese scheme for book (CTEX)
 (e:/Program Files/LateX/texlive/2025/texmf-dist/tex/latex/ctex/config/ctex-name-utf8.cfg
File: ctex-name-utf8.cfg 2022/07/14 v2.5.10 Caption with encoding UTF-8 (CTEX)
)) (e:/Program Files/LateX/texlive/2025/texmf-dist/tex/latex/ctex/fontset/ctex-fontset-windows.def
File: ctex-fontset-windows.def 2022/07/14 v2.5.10 Windows fonts definition (CTEX)

Package fontspec Info: 
(fontspec)             Could not resolve font "KaiTi/B" (it probably doesn't
(fontspec)             exist).


Package fontspec Info: 
(fontspec)             Could not resolve font "SimHei/I" (it probably doesn't
(fontspec)             exist).


Package fontspec Info: 
(fontspec)             Could not resolve font "SimSun/BI" (it probably doesn't
(fontspec)             exist).


Package fontspec Info: 
(fontspec)             Font family 'SimSun(0)' created for font 'SimSun' with
(fontspec)             options
(fontspec)             [Script={CJK},BoldFont={SimHei},ItalicFont={KaiTi}].
(fontspec)              
(fontspec)              This font family consists of the following NFSS
(fontspec)             series/shapes:
(fontspec)              
(fontspec)             - 'normal' (m/n) with NFSS spec.:
(fontspec)             <->"SimSun/OT:script=hani;language=dflt;"
(fontspec)             - 'bold' (b/n) with NFSS spec.:
(fontspec)             <->"SimHei/OT:script=hani;language=dflt;"
(fontspec)             - 'italic' (m/it) with NFSS spec.:
(fontspec)             <->"KaiTi/OT:script=hani;language=dflt;"

)) (e:/Program Files/LateX/texlive/2025/texmf-dist/tex/latex/ctex/config/ctex.cfg
File: ctex.cfg 2022/07/14 v2.5.10 Configuration file (CTEX)
) (e:/Program Files/LateX/texlive/2025/texmf-dist/tex/latex/amsmath/amsmath.sty
Package: amsmath 2024/11/05 v2.17t AMS math features
\@mathmargin=\skip60

For additional information on amsmath, use the `?' option.
(e:/Program Files/LateX/texlive/2025/texmf-dist/tex/latex/amsmath/amstext.sty
Package: amstext 2021/08/26 v2.01 AMS text
 (e:/Program Files/LateX/texlive/2025/texmf-dist/tex/latex/amsmath/amsgen.sty
File: amsgen.sty 1999/11/30 v2.0 generic functions
\@emptytoks=\toks17
\ex@=\dimen175
)) (e:/Program Files/LateX/texlive/2025/texmf-dist/tex/latex/amsmath/amsbsy.sty
Package: amsbsy 1999/11/29 v1.2d Bold Symbols
\pmbraise@=\dimen176
) (e:/Program Files/LateX/texlive/2025/texmf-dist/tex/latex/amsmath/amsopn.sty
Package: amsopn 2022/04/08 v2.04 operator names
)
\inf@bad=\count298
LaTeX Info: Redefining \frac on input line 233.
\uproot@=\count299
\leftroot@=\count300
LaTeX Info: Redefining \overline on input line 398.
LaTeX Info: Redefining \colon on input line 409.
\classnum@=\count301
\DOTSCASE@=\count302
LaTeX Info: Redefining \ldots on input line 495.
LaTeX Info: Redefining \dots on input line 498.
LaTeX Info: Redefining \cdots on input line 619.
\Mathstrutbox@=\box56
\strutbox@=\box57
LaTeX Info: Redefining \big on input line 721.
LaTeX Info: Redefining \Big on input line 722.
LaTeX Info: Redefining \bigg on input line 723.
LaTeX Info: Redefining \Bigg on input line 724.
\big@size=\dimen177
LaTeX Font Info:    Redeclaring font encoding OML on input line 742.
LaTeX Font Info:    Redeclaring font encoding OMS on input line 743.
\macc@depth=\count303
LaTeX Info: Redefining \bmod on input line 904.
LaTeX Info: Redefining \pmod on input line 909.
LaTeX Info: Redefining \smash on input line 939.
LaTeX Info: Redefining \relbar on input line 969.
LaTeX Info: Redefining \Relbar on input line 970.
\c@MaxMatrixCols=\count304
\dotsspace@=\muskip17
\c@parentequation=\count305
\dspbrk@lvl=\count306
\tag@help=\toks18
\row@=\count307
\column@=\count308
\maxfields@=\count309
\andhelp@=\toks19
\eqnshift@=\dimen178
\alignsep@=\dimen179
\tagshift@=\dimen180
\tagwidth@=\dimen181
\totwidth@=\dimen182
\lineht@=\dimen183
\@envbody=\toks20
\multlinegap=\skip61
\multlinetaggap=\skip62
\mathdisplay@stack=\toks21
LaTeX Info: Redefining \[ on input line 2953.
LaTeX Info: Redefining \] on input line 2954.
) (e:/Program Files/LateX/texlive/2025/texmf-dist/tex/latex/amsfonts/amssymb.sty
Package: amssymb 2013/01/14 v3.01 AMS font symbols
 (e:/Program Files/LateX/texlive/2025/texmf-dist/tex/latex/amsfonts/amsfonts.sty
Package: amsfonts 2013/01/14 v3.01 Basic AMSFonts support
\symAMSa=\mathgroup4
\symAMSb=\mathgroup5
LaTeX Font Info:    Redeclaring math symbol \hbar on input line 98.
LaTeX Font Info:    Overwriting math alphabet `\mathfrak' in version `bold'
(Font)                  U/euf/m/n --> U/euf/b/n on input line 106.
)) (e:/Program Files/LateX/texlive/2025/texmf-dist/tex/latex/amscls/amsthm.sty
Package: amsthm 2020/05/29 v2.20.6
\thm@style=\toks22
\thm@bodyfont=\toks23
\thm@headfont=\toks24
\thm@notefont=\toks25
\thm@headpunct=\toks26
\thm@preskip=\skip63
\thm@postskip=\skip64
\thm@headsep=\skip65
\dth@everypar=\toks27
) (e:/Program Files/LateX/texlive/2025/texmf-dist/tex/latex/geometry/geometry.sty
Package: geometry 2020/01/02 v5.9 Page Geometry
 (e:/Program Files/LateX/texlive/2025/texmf-dist/tex/latex/graphics/keyval.sty
Package: keyval 2022/05/29 v1.15 key=value parser (DPC)
\KV@toks@=\toks28
) (e:/Program Files/LateX/texlive/2025/texmf-dist/tex/generic/iftex/ifvtex.sty
Package: ifvtex 2019/10/25 v1.7 ifvtex legacy package. Use iftex instead.
 (e:/Program Files/LateX/texlive/2025/texmf-dist/tex/generic/iftex/iftex.sty
Package: iftex 2024/12/12 v1.0g TeX engine tests
))
\Gm@cnth=\count310
\Gm@cntv=\count311
\c@Gm@tempcnt=\count312
\Gm@bindingoffset=\dimen184
\Gm@wd@mp=\dimen185
\Gm@odd@mp=\dimen186
\Gm@even@mp=\dimen187
\Gm@layoutwidth=\dimen188
\Gm@layoutheight=\dimen189
\Gm@layouthoffset=\dimen190
\Gm@layoutvoffset=\dimen191
\Gm@dimlist=\toks29
) (e:/Program Files/LateX/texlive/2025/texmf-dist/tex/latex/graphics/graphicx.sty
Package: graphicx 2021/09/16 v1.2d Enhanced LaTeX Graphics (DPC,SPQR)
 (e:/Program Files/LateX/texlive/2025/texmf-dist/tex/latex/graphics/graphics.sty
Package: graphics 2024/08/06 v1.4g Standard LaTeX Graphics (DPC,SPQR)
 (e:/Program Files/LateX/texlive/2025/texmf-dist/tex/latex/graphics/trig.sty
Package: trig 2023/12/02 v1.11 sin cos tan (DPC)
) (e:/Program Files/LateX/texlive/2025/texmf-dist/tex/latex/graphics-cfg/graphics.cfg
File: graphics.cfg 2016/06/04 v1.11 sample graphics configuration
)
Package graphics Info: Driver file: xetex.def on input line 106.
 (e:/Program Files/LateX/texlive/2025/texmf-dist/tex/latex/graphics-def/xetex.def
File: xetex.def 2022/09/22 v5.0n Graphics/color driver for xetex
))
\Gin@req@height=\dimen192
\Gin@req@width=\dimen193
) (e:/Program Files/LateX/texlive/2025/texmf-dist/tex/latex/hyperref/hyperref.sty
Package: hyperref 2024-11-05 v7.01l Hypertext links for LaTeX
 (e:/Program Files/LateX/texlive/2025/texmf-dist/tex/latex/kvsetkeys/kvsetkeys.sty
Package: kvsetkeys 2022-10-05 v1.19 Key value parser (HO)
) (e:/Program Files/LateX/texlive/2025/texmf-dist/tex/generic/kvdefinekeys/kvdefinekeys.sty
Package: kvdefinekeys 2019-12-19 v1.6 Define keys (HO)
) (e:/Program Files/LateX/texlive/2025/texmf-dist/tex/generic/pdfescape/pdfescape.sty
Package: pdfescape 2019/12/09 v1.15 Implements pdfTeX's escape features (HO)
 (e:/Program Files/LateX/texlive/2025/texmf-dist/tex/generic/ltxcmds/ltxcmds.sty
Package: ltxcmds 2023-12-04 v1.26 LaTeX kernel commands for general use (HO)
) (e:/Program Files/LateX/texlive/2025/texmf-dist/tex/generic/pdftexcmds/pdftexcmds.sty
Package: pdftexcmds 2020-06-27 v0.33 Utility functions of pdfTeX for LuaTeX (HO)
 (e:/Program Files/LateX/texlive/2025/texmf-dist/tex/generic/infwarerr/infwarerr.sty
Package: infwarerr 2019/12/03 v1.5 Providing info/warning/error messages (HO)
)
Package pdftexcmds Info: \pdf@primitive is available.
Package pdftexcmds Info: \pdf@ifprimitive is available.
Package pdftexcmds Info: \pdfdraftmode not found.
)) (e:/Program Files/LateX/texlive/2025/texmf-dist/tex/latex/hycolor/hycolor.sty
Package: hycolor 2020-01-27 v1.10 Color options for hyperref/bookmark (HO)
) (e:/Program Files/LateX/texlive/2025/texmf-dist/tex/latex/hyperref/nameref.sty
Package: nameref 2023-11-26 v2.56 Cross-referencing by name of section
 (e:/Program Files/LateX/texlive/2025/texmf-dist/tex/latex/refcount/refcount.sty
Package: refcount 2019/12/15 v3.6 Data extraction from label references (HO)
) (e:/Program Files/LateX/texlive/2025/texmf-dist/tex/generic/gettitlestring/gettitlestring.sty
Package: gettitlestring 2019/12/15 v1.6 Cleanup title references (HO)
 (e:/Program Files/LateX/texlive/2025/texmf-dist/tex/latex/kvoptions/kvoptions.sty
Package: kvoptions 2022-06-15 v3.15 Key value format for package options (HO)
))
\c@section@level=\count313
) (e:/Program Files/LateX/texlive/2025/texmf-dist/tex/latex/etoolbox/etoolbox.sty
Package: etoolbox 2025/02/11 v2.5l e-TeX tools for LaTeX (JAW)
\etb@tempcnta=\count314
) (e:/Program Files/LateX/texlive/2025/texmf-dist/tex/generic/stringenc/stringenc.sty
Package: stringenc 2019/11/29 v1.12 Convert strings between diff. encodings (HO)
)
\@linkdim=\dimen194
\Hy@linkcounter=\count315
\Hy@pagecounter=\count316
 (e:/Program Files/LateX/texlive/2025/texmf-dist/tex/latex/hyperref/pd1enc.def
File: pd1enc.def 2024-11-05 v7.01l Hyperref: PDFDocEncoding definition (HO)
) (e:/Program Files/LateX/texlive/2025/texmf-dist/tex/generic/intcalc/intcalc.sty
Package: intcalc 2019/12/15 v1.3 Expandable calculations with integers (HO)
)
\Hy@SavedSpaceFactor=\count317
 (e:/Program Files/LateX/texlive/2025/texmf-dist/tex/latex/hyperref/puenc.def
File: puenc.def 2024-11-05 v7.01l Hyperref: PDF Unicode definition (HO)
)
Package hyperref Info: Option `unicode' set `true' on input line 4040.
Package hyperref Info: Hyper figures OFF on input line 4157.
Package hyperref Info: Link nesting OFF on input line 4162.
Package hyperref Info: Hyper index ON on input line 4165.
Package hyperref Info: Plain pages OFF on input line 4172.
Package hyperref Info: Backreferencing OFF on input line 4177.
Package hyperref Info: Implicit mode ON; LaTeX internals redefined.
Package hyperref Info: Bookmarks ON on input line 4424.
\c@Hy@tempcnt=\count318
 (e:/Program Files/LateX/texlive/2025/texmf-dist/tex/latex/url/url.sty
\Urlmuskip=\muskip18
Package: url 2013/09/16  ver 3.4  Verb mode for urls, etc.
)
LaTeX Info: Redefining \url on input line 4763.
\XeTeXLinkMargin=\dimen195
 (e:/Program Files/LateX/texlive/2025/texmf-dist/tex/generic/bitset/bitset.sty
Package: bitset 2019/12/09 v1.3 Handle bit-vector datatype (HO)
 (e:/Program Files/LateX/texlive/2025/texmf-dist/tex/generic/bigintcalc/bigintcalc.sty
Package: bigintcalc 2019/12/15 v1.5 Expandable calculations on big integers (HO)
))
\Fld@menulength=\count319
\Field@Width=\dimen196
\Fld@charsize=\dimen197
Package hyperref Info: Hyper figures OFF on input line 6042.
Package hyperref Info: Link nesting OFF on input line 6047.
Package hyperref Info: Hyper index ON on input line 6050.
Package hyperref Info: backreferencing OFF on input line 6057.
Package hyperref Info: Link coloring OFF on input line 6062.
Package hyperref Info: Link coloring with OCG OFF on input line 6067.
Package hyperref Info: PDF/A mode OFF on input line 6072.
 (e:/Program Files/LateX/texlive/2025/texmf-dist/tex/latex/base/atbegshi-ltx.sty
Package: atbegshi-ltx 2021/01/10 v1.0c Emulation of the original atbegshi
package with kernel methods
)
\Hy@abspage=\count320
\c@Item=\count321
\c@Hfootnote=\count322
)
Package hyperref Info: Driver (autodetected): hxetex.
 (e:/Program Files/LateX/texlive/2025/texmf-dist/tex/latex/hyperref/hxetex.def
File: hxetex.def 2024-11-05 v7.01l Hyperref driver for XeTeX
\pdfm@box=\box58
\c@Hy@AnnotLevel=\count323
\HyField@AnnotCount=\count324
\Fld@listcount=\count325
\c@bookmark@seq@number=\count326
 (e:/Program Files/LateX/texlive/2025/texmf-dist/tex/latex/rerunfilecheck/rerunfilecheck.sty
Package: rerunfilecheck 2022-07-10 v1.10 Rerun checks for auxiliary files (HO)
 (e:/Program Files/LateX/texlive/2025/texmf-dist/tex/latex/base/atveryend-ltx.sty
Package: atveryend-ltx 2020/08/19 v1.0a Emulation of the original atveryend package
with kernel methods
) (e:/Program Files/LateX/texlive/2025/texmf-dist/tex/generic/uniquecounter/uniquecounter.sty
Package: uniquecounter 2019/12/15 v1.4 Provide unlimited unique counter (HO)
)
Package uniquecounter Info: New unique counter `rerunfilecheck' on input line 285.
)
\Hy@SectionHShift=\skip66
) (e:/Program Files/LateX/texlive/2025/texmf-dist/tex/latex/booktabs/booktabs.sty
Package: booktabs 2020/01/12 v1.61803398 Publication quality tables
\heavyrulewidth=\dimen198
\lightrulewidth=\dimen199
\cmidrulewidth=\dimen256
\belowrulesep=\dimen257
\belowbottomsep=\dimen258
\aboverulesep=\dimen259
\abovetopsep=\dimen260
\cmidrulesep=\dimen261
\cmidrulekern=\dimen262
\defaultaddspace=\dimen263
\@cmidla=\count327
\@cmidlb=\count328
\@aboverulesep=\dimen264
\@belowrulesep=\dimen265
\@thisruleclass=\count329
\@lastruleclass=\count330
\@thisrulewidth=\dimen266
) (e:/Program Files/LateX/texlive/2025/texmf-dist/tex/latex/tools/array.sty
Package: array 2024/10/17 v2.6g Tabular extension package (FMi)
\col@sep=\dimen267
\ar@mcellbox=\box59
\extrarowheight=\dimen268
\NC@list=\toks30
\extratabsurround=\skip67
\backup@length=\skip68
\ar@cellbox=\box60
) (e:/Program Files/LateX/texlive/2025/texmf-dist/tex/latex/multirow/multirow.sty
Package: multirow 2024/11/12 v2.9 Span multiple rows of a table
\multirow@colwidth=\skip69
\multirow@cntb=\count331
\multirow@dima=\skip70
\bigstrutjot=\dimen269
) (e:/Program Files/LateX/texlive/2025/texmf-dist/tex/latex/xcolor/xcolor.sty
Package: xcolor 2024/09/29 v3.02 LaTeX color extensions (UK)
 (e:/Program Files/LateX/texlive/2025/texmf-dist/tex/latex/graphics-cfg/color.cfg
File: color.cfg 2016/01/02 v1.6 sample color configuration
)
Package xcolor Info: Driver file: xetex.def on input line 274.
 (e:/Program Files/LateX/texlive/2025/texmf-dist/tex/latex/graphics/mathcolor.ltx)
Package xcolor Info: Model `cmy' substituted by `cmy0' on input line 1349.
Package xcolor Info: Model `RGB' extended on input line 1365.
Package xcolor Info: Model `HTML' substituted by `rgb' on input line 1367.
Package xcolor Info: Model `Hsb' substituted by `hsb' on input line 1368.
Package xcolor Info: Model `tHsb' substituted by `hsb' on input line 1369.
Package xcolor Info: Model `HSB' substituted by `hsb' on input line 1370.
Package xcolor Info: Model `Gray' substituted by `gray' on input line 1371.
Package xcolor Info: Model `wave' substituted by `hsb' on input line 1372.
) (e:/Program Files/LateX/texlive/2025/texmf-dist/tex/latex/listings/listings.sty
\lst@mode=\count332
\lst@gtempboxa=\box61
\lst@token=\toks31
\lst@length=\count333
\lst@currlwidth=\dimen270
\lst@column=\count334
\lst@pos=\count335
\lst@lostspace=\dimen271
\lst@width=\dimen272
\lst@newlines=\count336
\lst@lineno=\count337
\lst@maxwidth=\dimen273
 (e:/Program Files/LateX/texlive/2025/texmf-dist/tex/latex/listings/lstpatch.sty
File: lstpatch.sty 2024/09/23 1.10c (Carsten Heinz)
) (e:/Program Files/LateX/texlive/2025/texmf-dist/tex/latex/listings/lstmisc.sty
File: lstmisc.sty 2024/09/23 1.10c (Carsten Heinz)
\c@lstnumber=\count338
\lst@skipnumbers=\count339
\lst@framebox=\box62
) (e:/Program Files/LateX/texlive/2025/texmf-dist/tex/latex/listings/listings.cfg
File: listings.cfg 2024/09/23 1.10c listings configuration
))
Package: listings 2024/09/23 1.10c (Carsten Heinz)
 (e:/Program Files/LateX/texlive/2025/texmf-dist/tex/xelatex/xecjk/xeCJK-listings.sty
Package: xeCJK-listings 2022/08/05 v3.9.1 xeCJK patch file for listings
\l__xeCJK_listings_max_char_int=\count340
\l__xeCJK_listings_flag_int=\count341
) (e:/Program Files/LateX/texlive/2025/texmf-dist/tex/latex/enumitem/enumitem.sty
Package: enumitem 2025/02/06 v3.11 Customized lists
\labelindent=\skip71
\enit@outerparindent=\dimen274
\enit@toks=\toks32
\enit@inbox=\box63
\enit@count@id=\count342
\enitdp@description=\count343
) (e:/Program Files/LateX/texlive/2025/texmf-dist/tex/latex/caption/subcaption.sty
Package: subcaption 2023/07/28 v1.6b Sub-captions (AR)
 (e:/Program Files/LateX/texlive/2025/texmf-dist/tex/latex/caption/caption.sty
Package: caption 2023/08/05 v3.6o Customizing captions (AR)
 (e:/Program Files/LateX/texlive/2025/texmf-dist/tex/latex/caption/caption3.sty
Package: caption3 2023/07/31 v2.4d caption3 kernel (AR)
\caption@tempdima=\dimen275
\captionmargin=\dimen276
\caption@leftmargin=\dimen277
\caption@rightmargin=\dimen278
\caption@width=\dimen279
\caption@indent=\dimen280
\caption@parindent=\dimen281
\caption@hangindent=\dimen282
Package caption Info: Standard document class detected.
)
\c@caption@flags=\count344
\c@continuedfloat=\count345
Package caption Info: hyperref package is loaded.
Package caption Info: listings package is loaded.
)
Package caption Info: New subtype `subfigure' on input line 238.
\c@subfigure=\count346
Package caption Info: New subtype `subtable' on input line 238.
\c@subtable=\count347
) (e:/Program Files/LateX/texlive/2025/texmf-dist/tex/latex/pgf/frontendlayer/tikz.sty (e:/Program Files/LateX/texlive/2025/texmf-dist/tex/latex/pgf/basiclayer/pgf.sty (e:/Program Files/LateX/texlive/2025/texmf-dist/tex/latex/pgf/utilities/pgfrcs.sty (e:/Program Files/LateX/texlive/2025/texmf-dist/tex/generic/pgf/utilities/pgfutil-common.tex
\pgfutil@everybye=\toks33
\pgfutil@tempdima=\dimen283
\pgfutil@tempdimb=\dimen284
) (e:/Program Files/LateX/texlive/2025/texmf-dist/tex/generic/pgf/utilities/pgfutil-latex.def
\pgfutil@abb=\box64
) (e:/Program Files/LateX/texlive/2025/texmf-dist/tex/generic/pgf/utilities/pgfrcs.code.tex (e:/Program Files/LateX/texlive/2025/texmf-dist/tex/generic/pgf/pgf.revision.tex)
Package: pgfrcs 2023-01-15 v3.1.10 (3.1.10)
))
Package: pgf 2023-01-15 v3.1.10 (3.1.10)
 (e:/Program Files/LateX/texlive/2025/texmf-dist/tex/latex/pgf/basiclayer/pgfcore.sty (e:/Program Files/LateX/texlive/2025/texmf-dist/tex/latex/pgf/systemlayer/pgfsys.sty (e:/Program Files/LateX/texlive/2025/texmf-dist/tex/generic/pgf/systemlayer/pgfsys.code.tex
Package: pgfsys 2023-01-15 v3.1.10 (3.1.10)
 (e:/Program Files/LateX/texlive/2025/texmf-dist/tex/generic/pgf/utilities/pgfkeys.code.tex
\pgfkeys@pathtoks=\toks34
\pgfkeys@temptoks=\toks35
 (e:/Program Files/LateX/texlive/2025/texmf-dist/tex/generic/pgf/utilities/pgfkeyslibraryfiltered.code.tex
\pgfkeys@tmptoks=\toks36
))
\pgf@x=\dimen285
\pgf@y=\dimen286
\pgf@xa=\dimen287
\pgf@ya=\dimen288
\pgf@xb=\dimen289
\pgf@yb=\dimen290
\pgf@xc=\dimen291
\pgf@yc=\dimen292
\pgf@xd=\dimen293
\pgf@yd=\dimen294
\w@pgf@writea=\write3
\r@pgf@reada=\read2
\c@pgf@counta=\count348
\c@pgf@countb=\count349
\c@pgf@countc=\count350
\c@pgf@countd=\count351
\t@pgf@toka=\toks37
\t@pgf@tokb=\toks38
\t@pgf@tokc=\toks39
\pgf@sys@id@count=\count352
 (e:/Program Files/LateX/texlive/2025/texmf-dist/tex/generic/pgf/systemlayer/pgf.cfg
File: pgf.cfg 2023-01-15 v3.1.10 (3.1.10)
)
Driver file for pgf: pgfsys-xetex.def
 (e:/Program Files/LateX/texlive/2025/texmf-dist/tex/generic/pgf/systemlayer/pgfsys-xetex.def
File: pgfsys-xetex.def 2023-01-15 v3.1.10 (3.1.10)
 (e:/Program Files/LateX/texlive/2025/texmf-dist/tex/generic/pgf/systemlayer/pgfsys-dvipdfmx.def
File: pgfsys-dvipdfmx.def 2023-01-15 v3.1.10 (3.1.10)
 (e:/Program Files/LateX/texlive/2025/texmf-dist/tex/generic/pgf/systemlayer/pgfsys-common-pdf.def
File: pgfsys-common-pdf.def 2023-01-15 v3.1.10 (3.1.10)
)
\pgfsys@objnum=\count353
))) (e:/Program Files/LateX/texlive/2025/texmf-dist/tex/generic/pgf/systemlayer/pgfsyssoftpath.code.tex
File: pgfsyssoftpath.code.tex 2023-01-15 v3.1.10 (3.1.10)
\pgfsyssoftpath@smallbuffer@items=\count354
\pgfsyssoftpath@bigbuffer@items=\count355
) (e:/Program Files/LateX/texlive/2025/texmf-dist/tex/generic/pgf/systemlayer/pgfsysprotocol.code.tex
File: pgfsysprotocol.code.tex 2023-01-15 v3.1.10 (3.1.10)
)) (e:/Program Files/LateX/texlive/2025/texmf-dist/tex/generic/pgf/basiclayer/pgfcore.code.tex
Package: pgfcore 2023-01-15 v3.1.10 (3.1.10)
 (e:/Program Files/LateX/texlive/2025/texmf-dist/tex/generic/pgf/math/pgfmath.code.tex (e:/Program Files/LateX/texlive/2025/texmf-dist/tex/generic/pgf/math/pgfmathutil.code.tex) (e:/Program Files/LateX/texlive/2025/texmf-dist/tex/generic/pgf/math/pgfmathparser.code.tex
\pgfmath@dimen=\dimen295
\pgfmath@count=\count356
\pgfmath@box=\box65
\pgfmath@toks=\toks40
\pgfmath@stack@operand=\toks41
\pgfmath@stack@operation=\toks42
) (e:/Program Files/LateX/texlive/2025/texmf-dist/tex/generic/pgf/math/pgfmathfunctions.code.tex) (e:/Program Files/LateX/texlive/2025/texmf-dist/tex/generic/pgf/math/pgfmathfunctions.basic.code.tex) (e:/Program Files/LateX/texlive/2025/texmf-dist/tex/generic/pgf/math/pgfmathfunctions.trigonometric.code.tex) (e:/Program Files/LateX/texlive/2025/texmf-dist/tex/generic/pgf/math/pgfmathfunctions.random.code.tex) (e:/Program Files/LateX/texlive/2025/texmf-dist/tex/generic/pgf/math/pgfmathfunctions.comparison.code.tex) (e:/Program Files/LateX/texlive/2025/texmf-dist/tex/generic/pgf/math/pgfmathfunctions.base.code.tex) (e:/Program Files/LateX/texlive/2025/texmf-dist/tex/generic/pgf/math/pgfmathfunctions.round.code.tex) (e:/Program Files/LateX/texlive/2025/texmf-dist/tex/generic/pgf/math/pgfmathfunctions.misc.code.tex) (e:/Program Files/LateX/texlive/2025/texmf-dist/tex/generic/pgf/math/pgfmathfunctions.integerarithmetics.code.tex) (e:/Program Files/LateX/texlive/2025/texmf-dist/tex/generic/pgf/math/pgfmathcalc.code.tex) (e:/Program Files/LateX/texlive/2025/texmf-dist/tex/generic/pgf/math/pgfmathfloat.code.tex
\c@pgfmathroundto@lastzeros=\count357
)) (e:/Program Files/LateX/texlive/2025/texmf-dist/tex/generic/pgf/math/pgfint.code.tex) (e:/Program Files/LateX/texlive/2025/texmf-dist/tex/generic/pgf/basiclayer/pgfcorepoints.code.tex
File: pgfcorepoints.code.tex 2023-01-15 v3.1.10 (3.1.10)
\pgf@picminx=\dimen296
\pgf@picmaxx=\dimen297
\pgf@picminy=\dimen298
\pgf@picmaxy=\dimen299
\pgf@pathminx=\dimen300
\pgf@pathmaxx=\dimen301
\pgf@pathminy=\dimen302
\pgf@pathmaxy=\dimen303
\pgf@xx=\dimen304
\pgf@xy=\dimen305
\pgf@yx=\dimen306
\pgf@yy=\dimen307
\pgf@zx=\dimen308
\pgf@zy=\dimen309
) (e:/Program Files/LateX/texlive/2025/texmf-dist/tex/generic/pgf/basiclayer/pgfcorepathconstruct.code.tex
File: pgfcorepathconstruct.code.tex 2023-01-15 v3.1.10 (3.1.10)
\pgf@path@lastx=\dimen310
\pgf@path@lasty=\dimen311
) (e:/Program Files/LateX/texlive/2025/texmf-dist/tex/generic/pgf/basiclayer/pgfcorepathusage.code.tex
File: pgfcorepathusage.code.tex 2023-01-15 v3.1.10 (3.1.10)
\pgf@shorten@end@additional=\dimen312
\pgf@shorten@start@additional=\dimen313
) (e:/Program Files/LateX/texlive/2025/texmf-dist/tex/generic/pgf/basiclayer/pgfcorescopes.code.tex
File: pgfcorescopes.code.tex 2023-01-15 v3.1.10 (3.1.10)
\pgfpic=\box66
\pgf@hbox=\box67
\pgf@layerbox@main=\box68
\pgf@picture@serial@count=\count358
) (e:/Program Files/LateX/texlive/2025/texmf-dist/tex/generic/pgf/basiclayer/pgfcoregraphicstate.code.tex
File: pgfcoregraphicstate.code.tex 2023-01-15 v3.1.10 (3.1.10)
\pgflinewidth=\dimen314
) (e:/Program Files/LateX/texlive/2025/texmf-dist/tex/generic/pgf/basiclayer/pgfcoretransformations.code.tex
File: pgfcoretransformations.code.tex 2023-01-15 v3.1.10 (3.1.10)
\pgf@pt@x=\dimen315
\pgf@pt@y=\dimen316
\pgf@pt@temp=\dimen317
) (e:/Program Files/LateX/texlive/2025/texmf-dist/tex/generic/pgf/basiclayer/pgfcorequick.code.tex
File: pgfcorequick.code.tex 2023-01-15 v3.1.10 (3.1.10)
) (e:/Program Files/LateX/texlive/2025/texmf-dist/tex/generic/pgf/basiclayer/pgfcoreobjects.code.tex
File: pgfcoreobjects.code.tex 2023-01-15 v3.1.10 (3.1.10)
) (e:/Program Files/LateX/texlive/2025/texmf-dist/tex/generic/pgf/basiclayer/pgfcorepathprocessing.code.tex
File: pgfcorepathprocessing.code.tex 2023-01-15 v3.1.10 (3.1.10)
) (e:/Program Files/LateX/texlive/2025/texmf-dist/tex/generic/pgf/basiclayer/pgfcorearrows.code.tex
File: pgfcorearrows.code.tex 2023-01-15 v3.1.10 (3.1.10)
\pgfarrowsep=\dimen318
) (e:/Program Files/LateX/texlive/2025/texmf-dist/tex/generic/pgf/basiclayer/pgfcoreshade.code.tex
File: pgfcoreshade.code.tex 2023-01-15 v3.1.10 (3.1.10)
\pgf@max=\dimen319
\pgf@sys@shading@range@num=\count359
\pgf@shadingcount=\count360
) (e:/Program Files/LateX/texlive/2025/texmf-dist/tex/generic/pgf/basiclayer/pgfcoreimage.code.tex
File: pgfcoreimage.code.tex 2023-01-15 v3.1.10 (3.1.10)
) (e:/Program Files/LateX/texlive/2025/texmf-dist/tex/generic/pgf/basiclayer/pgfcoreexternal.code.tex
File: pgfcoreexternal.code.tex 2023-01-15 v3.1.10 (3.1.10)
\pgfexternal@startupbox=\box69
) (e:/Program Files/LateX/texlive/2025/texmf-dist/tex/generic/pgf/basiclayer/pgfcorelayers.code.tex
File: pgfcorelayers.code.tex 2023-01-15 v3.1.10 (3.1.10)
) (e:/Program Files/LateX/texlive/2025/texmf-dist/tex/generic/pgf/basiclayer/pgfcoretransparency.code.tex
File: pgfcoretransparency.code.tex 2023-01-15 v3.1.10 (3.1.10)
) (e:/Program Files/LateX/texlive/2025/texmf-dist/tex/generic/pgf/basiclayer/pgfcorepatterns.code.tex
File: pgfcorepatterns.code.tex 2023-01-15 v3.1.10 (3.1.10)
) (e:/Program Files/LateX/texlive/2025/texmf-dist/tex/generic/pgf/basiclayer/pgfcorerdf.code.tex
File: pgfcorerdf.code.tex 2023-01-15 v3.1.10 (3.1.10)
))) (e:/Program Files/LateX/texlive/2025/texmf-dist/tex/generic/pgf/modules/pgfmoduleshapes.code.tex
File: pgfmoduleshapes.code.tex 2023-01-15 v3.1.10 (3.1.10)
\pgfnodeparttextbox=\box70
) (e:/Program Files/LateX/texlive/2025/texmf-dist/tex/generic/pgf/modules/pgfmoduleplot.code.tex
File: pgfmoduleplot.code.tex 2023-01-15 v3.1.10 (3.1.10)
) (e:/Program Files/LateX/texlive/2025/texmf-dist/tex/latex/pgf/compatibility/pgfcomp-version-0-65.sty
Package: pgfcomp-version-0-65 2023-01-15 v3.1.10 (3.1.10)
\pgf@nodesepstart=\dimen320
\pgf@nodesepend=\dimen321
) (e:/Program Files/LateX/texlive/2025/texmf-dist/tex/latex/pgf/compatibility/pgfcomp-version-1-18.sty
Package: pgfcomp-version-1-18 2023-01-15 v3.1.10 (3.1.10)
)) (e:/Program Files/LateX/texlive/2025/texmf-dist/tex/latex/pgf/utilities/pgffor.sty
(e:/Program Files/LateX/texlive/2025/texmf-dist/tex/latex/pgf/utilities/pgfkeys.sty (e:/Program Files/LateX/texlive/2025/texmf-dist/tex/generic/pgf/utilities/pgfkeys.code.tex)) (e:/Program Files/LateX/texlive/2025/texmf-dist/tex/latex/pgf/math/pgfmath.sty (e:/Program Files/LateX/texlive/2025/texmf-dist/tex/generic/pgf/math/pgfmath.code.tex)) (e:/Program Files/LateX/texlive/2025/texmf-dist/tex/generic/pgf/utilities/pgffor.code.tex
Package: pgffor 2023-01-15 v3.1.10 (3.1.10)
\pgffor@iter=\dimen322
\pgffor@skip=\dimen323
\pgffor@stack=\toks43
\pgffor@toks=\toks44
)) (e:/Program Files/LateX/texlive/2025/texmf-dist/tex/generic/pgf/frontendlayer/tikz/tikz.code.tex
Package: tikz 2023-01-15 v3.1.10 (3.1.10)
 (e:/Program Files/LateX/texlive/2025/texmf-dist/tex/generic/pgf/libraries/pgflibraryplothandlers.code.tex
File: pgflibraryplothandlers.code.tex 2023-01-15 v3.1.10 (3.1.10)
\pgf@plot@mark@count=\count361
\pgfplotmarksize=\dimen324
)
\tikz@lastx=\dimen325
\tikz@lasty=\dimen326
\tikz@lastxsaved=\dimen327
\tikz@lastysaved=\dimen328
\tikz@lastmovetox=\dimen329
\tikz@lastmovetoy=\dimen330
\tikzleveldistance=\dimen331
\tikzsiblingdistance=\dimen332
\tikz@figbox=\box71
\tikz@figbox@bg=\box72
\tikz@tempbox=\box73
\tikz@tempbox@bg=\box74
\tikztreelevel=\count362
\tikznumberofchildren=\count363
\tikznumberofcurrentchild=\count364
\tikz@fig@count=\count365
 (e:/Program Files/LateX/texlive/2025/texmf-dist/tex/generic/pgf/modules/pgfmodulematrix.code.tex
File: pgfmodulematrix.code.tex 2023-01-15 v3.1.10 (3.1.10)
\pgfmatrixcurrentrow=\count366
\pgfmatrixcurrentcolumn=\count367
\pgf@matrix@numberofcolumns=\count368
)
\tikz@expandcount=\count369
 (e:/Program Files/LateX/texlive/2025/texmf-dist/tex/generic/pgf/frontendlayer/tikz/libraries/tikzlibrarytopaths.code.tex
File: tikzlibrarytopaths.code.tex 2023-01-15 v3.1.10 (3.1.10)
))) (e:/Program Files/LateX/texlive/2025/texmf-dist/tex/latex/float/float.sty
Package: float 2001/11/08 v1.3d Float enhancements (AL)
\c@float@type=\count370
\float@exts=\toks45
\float@box=\box75
\@float@everytoks=\toks46
\@floatcapt=\box76
) (e:/Program Files/LateX/texlive/2025/texmf-dist/tex/latex/siunitx/siunitx.sty
Package: siunitx 2025-02-27 v3.4.6 A comprehensive (SI) units package
\l__siunitx_number_uncert_offset_int=\count371
\l__siunitx_number_exponent_fixed_int=\count372
\l__siunitx_number_min_decimal_int=\count373
\l__siunitx_number_min_integer_int=\count374
\l__siunitx_number_round_precision_int=\count375
\l__siunitx_number_lower_threshold_int=\count376
\l__siunitx_number_upper_threshold_int=\count377
\l__siunitx_number_group_first_int=\count378
\l__siunitx_number_group_size_int=\count379
\l__siunitx_number_group_minimum_int=\count380
\l__siunitx_angle_tmp_dim=\dimen333
\l__siunitx_angle_marker_box=\box77
\l__siunitx_angle_unit_box=\box78
\l__siunitx_compound_count_int=\count381
 (e:/Program Files/LateX/texlive/2025/texmf-dist/tex/latex/translations/translations.sty
Package: translations 2022/02/05 v1.12 internationalization of LaTeX2e packages (CN)
)
\l__siunitx_table_tmp_box=\box79
\l__siunitx_table_tmp_dim=\dimen334
\l__siunitx_table_column_width_dim=\dimen335
\l__siunitx_table_integer_box=\box80
\l__siunitx_table_decimal_box=\box81
\l__siunitx_table_uncert_box=\box82
\l__siunitx_table_before_box=\box83
\l__siunitx_table_after_box=\box84
\l__siunitx_table_before_dim=\dimen336
\l__siunitx_table_carry_dim=\dimen337
\l__siunitx_unit_tmp_int=\count382
\l__siunitx_unit_position_int=\count383
\l__siunitx_unit_total_int=\count384
) (e:/Program Files/LateX/texlive/2025/texmf-dist/tex/latex/tools/bm.sty
Package: bm 2023/12/19 v1.2f Bold Symbol Support (DPC/FMi)
\symboldoperators=\mathgroup6
\symboldletters=\mathgroup7
\symboldsymbols=\mathgroup8
Package bm Info: No bold for \OMX/cmex/m/n, using \pmb.
Package bm Info: No bold for \U/msa/m/n, using \pmb.
Package bm Info: No bold for \U/msb/m/n, using \pmb.
LaTeX Font Info:    Redeclaring math alphabet \mathbf on input line 149.
) (e:/Program Files/LateX/texlive/2025/texmf-dist/tex/latex/tools/tabularx.sty
Package: tabularx 2023/12/11 v2.12a `tabularx' package (DPC)
\TX@col@width=\dimen338
\TX@old@table=\dimen339
\TX@old@col=\dimen340
\TX@target=\dimen341
\TX@delta=\dimen342
\TX@cols=\count385
\TX@ftn=\toks47
) (e:/Program Files/LateX/texlive/2025/texmf-dist/tex/latex/makecell/makecell.sty
Package: makecell 2009/08/03 V0.1e Managing of Tab Column Heads and Cells
\rotheadsize=\dimen343
\c@nlinenum=\count386
\TeXr@lab=\toks48
) (e:/Program Files/LateX/texlive/2025/texmf-dist/tex/latex/eso-pic/eso-pic.sty
Package: eso-pic 2023/05/03 v3.0c eso-pic (RN)
\ESO@tempdima=\dimen344
\ESO@tempdimb=\dimen345
) (e:/Program Files/LateX/texlive/2025/texmf-dist/tex/latex/algorithms/algorithm.sty
Invalid UTF-8 byte or sequence at line 11 replaced by U+FFFD.
Package: algorithm 2009/08/24 v0.1 Document Style `algorithm' - floating environment
 (e:/Program Files/LateX/texlive/2025/texmf-dist/tex/latex/base/ifthen.sty
Package: ifthen 2024/03/16 v1.1e Standard LaTeX ifthen package (DPC)
)
\@float@every@algorithm=\toks49
\c@algorithm=\count387
) (e:/Program Files/LateX/texlive/2025/texmf-dist/tex/latex/algorithms/algorithmic.sty
Invalid UTF-8 byte or sequence at line 11 replaced by U+FFFD.
Package: algorithmic 2009/08/24 v0.1 Document Style `algorithmic'
\c@ALC@unique=\count388
\c@ALC@line=\count389
\c@ALC@rem=\count390
\c@ALC@depth=\count391
\ALC@tlm=\skip72
\algorithmicindent=\skip73
) (e:/Program Files/LateX/texlive/2025/texmf-dist/tex/generic/pgf/libraries/pgflibraryarrows.meta.code.tex
File: pgflibraryarrows.meta.code.tex 2023-01-15 v3.1.10 (3.1.10)
\pgfarrowinset=\dimen346
\pgfarrowlength=\dimen347
\pgfarrowwidth=\dimen348
\pgfarrowlinewidth=\dimen349
) (e:/Program Files/LateX/texlive/2025/texmf-dist/tex/generic/pgf/frontendlayer/tikz/libraries/tikzlibrarypositioning.code.tex
File: tikzlibrarypositioning.code.tex 2023-01-15 v3.1.10 (3.1.10)
) (e:/Program Files/LateX/texlive/2025/texmf-dist/tex/generic/pgf/frontendlayer/tikz/libraries/tikzlibraryshapes.geometric.code.tex
File: tikzlibraryshapes.geometric.code.tex 2023-01-15 v3.1.10 (3.1.10)
 (e:/Program Files/LateX/texlive/2025/texmf-dist/tex/generic/pgf/libraries/shapes/pgflibraryshapes.geometric.code.tex
File: pgflibraryshapes.geometric.code.tex 2023-01-15 v3.1.10 (3.1.10)
)) (e:/Program Files/LateX/texlive/2025/texmf-dist/tex/generic/pgf/frontendlayer/tikz/libraries/tikzlibraryshapes.arrows.code.tex
File: tikzlibraryshapes.arrows.code.tex 2023-01-15 v3.1.10 (3.1.10)
 (e:/Program Files/LateX/texlive/2025/texmf-dist/tex/generic/pgf/libraries/shapes/pgflibraryshapes.arrows.code.tex
File: pgflibraryshapes.arrows.code.tex 2023-01-15 v3.1.10 (3.1.10)
)) (e:/Program Files/LateX/texlive/2025/texmf-dist/tex/generic/pgf/frontendlayer/tikz/libraries/tikzlibraryshapes.multipart.code.tex
File: tikzlibraryshapes.multipart.code.tex 2023-01-15 v3.1.10 (3.1.10)
 (e:/Program Files/LateX/texlive/2025/texmf-dist/tex/generic/pgf/libraries/shapes/pgflibraryshapes.multipart.code.tex
File: pgflibraryshapes.multipart.code.tex 2023-01-15 v3.1.10 (3.1.10)
\pgfnodepartlowerbox=\box85
\pgfnodeparttwobox=\box86
\pgfnodepartthreebox=\box87
\pgfnodepartfourbox=\box88
\pgfnodeparttwentybox=\box89
\pgfnodepartnineteenbox=\box90
\pgfnodeparteighteenbox=\box91
\pgfnodepartseventeenbox=\box92
\pgfnodepartsixteenbox=\box93
\pgfnodepartfifteenbox=\box94
\pgfnodepartfourteenbox=\box95
\pgfnodepartthirteenbox=\box96
\pgfnodeparttwelvebox=\box97
\pgfnodepartelevenbox=\box98
\pgfnodeparttenbox=\box99
\pgfnodepartninebox=\box100
\pgfnodeparteightbox=\box101
\pgfnodepartsevenbox=\box102
\pgfnodepartsixbox=\box103
\pgfnodepartfivebox=\box104
)) (e:/Program Files/LateX/texlive/2025/texmf-dist/tex/generic/pgf/frontendlayer/tikz/libraries/tikzlibrarycalc.code.tex
File: tikzlibrarycalc.code.tex 2023-01-15 v3.1.10 (3.1.10)
) (e:/Program Files/LateX/texlive/2025/texmf-dist/tex/generic/pgf/frontendlayer/tikz/libraries/tikzlibrarymatrix.code.tex
File: tikzlibrarymatrix.code.tex 2023-01-15 v3.1.10 (3.1.10)
) (e:/Program Files/LateX/texlive/2025/texmf-dist/tex/generic/pgf/frontendlayer/tikz/libraries/tikzlibrarydecorations.pathreplacing.code.tex (e:/Program Files/LateX/texlive/2025/texmf-dist/tex/generic/pgf/frontendlayer/tikz/libraries/tikzlibrarydecorations.code.tex (e:/Program Files/LateX/texlive/2025/texmf-dist/tex/generic/pgf/modules/pgfmoduledecorations.code.tex
\pgfdecoratedcompleteddistance=\dimen350
\pgfdecoratedremainingdistance=\dimen351
\pgfdecoratedinputsegmentcompleteddistance=\dimen352
\pgfdecoratedinputsegmentremainingdistance=\dimen353
\pgf@decorate@distancetomove=\dimen354
\pgf@decorate@repeatstate=\count392
\pgfdecorationsegmentamplitude=\dimen355
\pgfdecorationsegmentlength=\dimen356
)
\tikz@lib@dec@box=\box105
) (e:/Program Files/LateX/texlive/2025/texmf-dist/tex/generic/pgf/libraries/decorations/pgflibrarydecorations.pathreplacing.code.tex)) (e:/Program Files/LateX/texlive/2025/texmf-dist/tex/generic/pgf/frontendlayer/tikz/libraries/tikzlibrarypatterns.code.tex
File: tikzlibrarypatterns.code.tex 2023-01-15 v3.1.10 (3.1.10)
 (e:/Program Files/LateX/texlive/2025/texmf-dist/tex/generic/pgf/libraries/pgflibrarypatterns.code.tex
File: pgflibrarypatterns.code.tex 2023-01-15 v3.1.10 (3.1.10)
))
Package hyperref Info: Option `colorlinks' set `true' on input line 8.
\c@definition=\count393
\c@theorem=\count394
\c@remark=\count395
\c@example=\count396
\c@lemma=\count397
Package translations Info: No language package found. I am going to use `english' as default language. on input line 22.
 (./build/main.aux (./build/chapters/chap1.aux) (./build/chapters/chap2.aux) (./build/chapters/chap3.aux) (./build/chapters/chap4.aux) (./build/chapters/chap5.aux) (./build/chapters/chap6.aux) (./build/chapters/chap7.aux) (./build/chapters/chap8.aux) (./build/chapters/chap9.aux) (./build/chapters/chap10.aux))
\openout1 = `main.aux'.

LaTeX Font Info:    Checking defaults for OML/cmm/m/it on input line 22.
LaTeX Font Info:    ... okay on input line 22.
LaTeX Font Info:    Checking defaults for OMS/cmsy/m/n on input line 22.
LaTeX Font Info:    ... okay on input line 22.
LaTeX Font Info:    Checking defaults for OT1/cmr/m/n on input line 22.
LaTeX Font Info:    ... okay on input line 22.
LaTeX Font Info:    Checking defaults for T1/cmr/m/n on input line 22.
LaTeX Font Info:    ... okay on input line 22.
LaTeX Font Info:    Checking defaults for TS1/cmr/m/n on input line 22.
LaTeX Font Info:    ... okay on input line 22.
LaTeX Font Info:    Checking defaults for TU/lmr/m/n on input line 22.
LaTeX Font Info:    ... okay on input line 22.
LaTeX Font Info:    Checking defaults for OMX/cmex/m/n on input line 22.
LaTeX Font Info:    ... okay on input line 22.
LaTeX Font Info:    Checking defaults for U/cmr/m/n on input line 22.
LaTeX Font Info:    ... okay on input line 22.
LaTeX Font Info:    Checking defaults for PD1/pdf/m/n on input line 22.
LaTeX Font Info:    ... okay on input line 22.
LaTeX Font Info:    Checking defaults for PU/pdf/m/n on input line 22.
LaTeX Font Info:    ... okay on input line 22.

Package fontspec Info: 
(fontspec)             Adjusting the maths setup (use [no-math] to avoid
(fontspec)             this).

\symlegacymaths=\mathgroup9
LaTeX Font Info:    Overwriting symbol font `legacymaths' in version `bold'
(Font)                  OT1/cmr/m/n --> OT1/cmr/bx/n on input line 22.
LaTeX Font Info:    Redeclaring math accent \acute on input line 22.
LaTeX Font Info:    Redeclaring math accent \grave on input line 22.
LaTeX Font Info:    Redeclaring math accent \ddot on input line 22.
LaTeX Font Info:    Redeclaring math accent \tilde on input line 22.
LaTeX Font Info:    Redeclaring math accent \bar on input line 22.
LaTeX Font Info:    Redeclaring math accent \breve on input line 22.
LaTeX Font Info:    Redeclaring math accent \check on input line 22.
LaTeX Font Info:    Redeclaring math accent \hat on input line 22.
LaTeX Font Info:    Redeclaring math accent \dot on input line 22.
LaTeX Font Info:    Redeclaring math accent \mathring on input line 22.
LaTeX Font Info:    Redeclaring math symbol \Gamma on input line 22.
LaTeX Font Info:    Redeclaring math symbol \Delta on input line 22.
LaTeX Font Info:    Redeclaring math symbol \Theta on input line 22.
LaTeX Font Info:    Redeclaring math symbol \Lambda on input line 22.
LaTeX Font Info:    Redeclaring math symbol \Xi on input line 22.
LaTeX Font Info:    Redeclaring math symbol \Pi on input line 22.
LaTeX Font Info:    Redeclaring math symbol \Sigma on input line 22.
LaTeX Font Info:    Redeclaring math symbol \Upsilon on input line 22.
LaTeX Font Info:    Redeclaring math symbol \Phi on input line 22.
LaTeX Font Info:    Redeclaring math symbol \Psi on input line 22.
LaTeX Font Info:    Redeclaring math symbol \Omega on input line 22.
LaTeX Font Info:    Redeclaring math symbol \mathdollar on input line 22.
LaTeX Font Info:    Redeclaring symbol font `operators' on input line 22.
LaTeX Font Info:    Encoding `OT1' has changed to `TU' for symbol font
(Font)              `operators' in the math version `normal' on input line 22.
LaTeX Font Info:    Overwriting symbol font `operators' in version `normal'
(Font)                  OT1/cmr/m/n --> TU/lmr/m/n on input line 22.
LaTeX Font Info:    Encoding `OT1' has changed to `TU' for symbol font
(Font)              `operators' in the math version `bold' on input line 22.
LaTeX Font Info:    Overwriting symbol font `operators' in version `bold'
(Font)                  OT1/cmr/bx/n --> TU/lmr/m/n on input line 22.
LaTeX Font Info:    Overwriting symbol font `operators' in version `normal'
(Font)                  TU/lmr/m/n --> TU/lmr/m/n on input line 22.
LaTeX Font Info:    Overwriting math alphabet `\mathit' in version `normal'
(Font)                  OT1/cmr/m/it --> TU/lmr/m/it on input line 22.
LaTeX Font Info:    Overwriting math alphabet `\mathbf' in version `normal'
(Font)                  OT1/cmr/bx/n --> TU/lmr/b/n on input line 22.
LaTeX Font Info:    Overwriting math alphabet `\mathsf' in version `normal'
(Font)                  OT1/cmss/m/n --> TU/lmss/m/n on input line 22.
LaTeX Font Info:    Overwriting math alphabet `\mathtt' in version `normal'
(Font)                  OT1/cmtt/m/n --> TU/lmtt/m/n on input line 22.
LaTeX Font Info:    Overwriting symbol font `operators' in version `bold'
(Font)                  TU/lmr/m/n --> TU/lmr/b/n on input line 22.
LaTeX Font Info:    Overwriting math alphabet `\mathit' in version `bold'
(Font)                  OT1/cmr/bx/it --> TU/lmr/b/it on input line 22.
LaTeX Font Info:    Overwriting math alphabet `\mathsf' in version `bold'
(Font)                  OT1/cmss/bx/n --> TU/lmss/b/n on input line 22.
LaTeX Font Info:    Overwriting math alphabet `\mathtt' in version `bold'
(Font)                  OT1/cmtt/m/n --> TU/lmtt/b/n on input line 22.

*geometry* driver: auto-detecting
*geometry* detected driver: xetex
*geometry* verbose mode - [ preamble ] result:
* driver: xetex
* paper: a4paper
* layout: <same size as paper>
* layoutoffset:(h,v)=(0.0pt,0.0pt)
* modes: 
* h-part:(L,W,R)=(56.9055pt, 483.69687pt, 56.9055pt)
* v-part:(T,H,B)=(71.13188pt, 702.78308pt, 71.13188pt)
* \paperwidth=597.50787pt
* \paperheight=845.04684pt
* \textwidth=483.69687pt
* \textheight=702.78308pt
* \oddsidemargin=-15.36449pt
* \evensidemargin=-15.36449pt
* \topmargin=-33.0119pt
* \headheight=12.0pt
* \headsep=19.8738pt
* \topskip=12.0pt
* \footskip=30.0pt
* \marginparwidth=38.0pt
* \marginparsep=7.0pt
* \columnsep=10.0pt
* \skip\footins=10.8pt plus 4.0pt minus 2.0pt
* \hoffset=0.0pt
* \voffset=0.0pt
* \mag=1000
* \@twocolumnfalse
* \@twosidefalse
* \@mparswitchfalse
* \@reversemarginfalse
* (1in=72.27pt=25.4mm, 1cm=28.453pt)

Package hyperref Info: Link coloring ON on input line 22.
(./build/main.out) (./build/main.out)
\@outlinefile=\write4
\openout4 = `main.out'.

\c@lstlisting=\count398
Package caption Info: Begin \AtBeginDocument code.
Package caption Info: float package is loaded.
Package caption Info: End \AtBeginDocument code.
 (e:/Program Files/LateX/texlive/2025/texmf-dist/tex/latex/translations/translations-basic-dictionary-english.trsl
File: translations-basic-dictionary-english.trsl (english translation file `translations-basic-dictionary')
)
Package translations Info: loading dictionary `translations-basic-dictionary' for `english'. on input line 22.
LaTeX Font Info:    Trying to load font information for U+msa on input line 24.
 (e:/Program Files/LateX/texlive/2025/texmf-dist/tex/latex/amsfonts/umsa.fd
File: umsa.fd 2013/01/14 v3.01 AMS symbols A
)
LaTeX Font Info:    Trying to load font information for U+msb on input line 24.
 (e:/Program Files/LateX/texlive/2025/texmf-dist/tex/latex/amsfonts/umsb.fd
File: umsb.fd 2013/01/14 v3.01 AMS symbols B
)

Invalid UTF-8 byte or sequence at line 24 replaced by U+FFFD.
Invalid UTF-8 byte or sequence at line 24 replaced by U+FFFD.
Invalid UTF-8 byte or sequence at line 24 replaced by U+FFFD.
Invalid UTF-8 byte or sequence at line 24 replaced by U+FFFD.
Invalid UTF-8 byte or sequence at line 24 replaced by U+FFFD.
Invalid UTF-8 byte or sequence at line 24 replaced by U+FFFD.
Invalid UTF-8 byte or sequence at line 24 replaced by U+FFFD.
File: SCUT_emblem_single_RGB_unofficial_DevlinNul.eps Graphic file (type eps)
<SCUT_emblem_single_RGB_unofficial_DevlinNul.eps>
[1


] (./build/main.toc

File: SCUT_emblem_single_RGB_unofficial_DevlinNul.eps Graphic file (type eps)
<SCUT_emblem_single_RGB_unofficial_DevlinNul.eps>
[1

]

LaTeX Font Info:    Font shape `TU/SimSun(0)/m/sl' in size <12> not available
(Font)              Font shape `TU/SimSun(0)/m/it' tried instead on input line 113.
File: SCUT_emblem_single_RGB_unofficial_DevlinNul.eps Graphic file (type eps)
<SCUT_emblem_single_RGB_unofficial_DevlinNul.eps>
[2]

File: SCUT_emblem_single_RGB_unofficial_DevlinNul.eps Graphic file (type eps)
<SCUT_emblem_single_RGB_unofficial_DevlinNul.eps>
[3]

File: SCUT_emblem_single_RGB_unofficial_DevlinNul.eps Graphic file (type eps)
<SCUT_emblem_single_RGB_unofficial_DevlinNul.eps>
[4]

File: SCUT_emblem_single_RGB_unofficial_DevlinNul.eps Graphic file (type eps)
<SCUT_emblem_single_RGB_unofficial_DevlinNul.eps>
[5]

File: SCUT_emblem_single_RGB_unofficial_DevlinNul.eps Graphic file (type eps)
<SCUT_emblem_single_RGB_unofficial_DevlinNul.eps>
[6]

File: SCUT_emblem_single_RGB_unofficial_DevlinNul.eps Graphic file (type eps)
<SCUT_emblem_single_RGB_unofficial_DevlinNul.eps>
[7]

File: SCUT_emblem_single_RGB_unofficial_DevlinNul.eps Graphic file (type eps)
<SCUT_emblem_single_RGB_unofficial_DevlinNul.eps>
[8]

File: SCUT_emblem_single_RGB_unofficial_DevlinNul.eps Graphic file (type eps)
<SCUT_emblem_single_RGB_unofficial_DevlinNul.eps>
[9]

File: SCUT_emblem_single_RGB_unofficial_DevlinNul.eps Graphic file (type eps)
<SCUT_emblem_single_RGB_unofficial_DevlinNul.eps>
[10])
\tf@toc=\write5
\openout5 = `main.toc'.



File: SCUT_emblem_single_RGB_unofficial_DevlinNul.eps Graphic file (type eps)
<SCUT_emblem_single_RGB_unofficial_DevlinNul.eps>
[11]
\openout2 = `chapters/chap1.aux'.

 (./chapters/chap1.tex


LaTeX Font Warning: Font shape `TU/SimSun(0)/b/it' undefined
(Font)              using `TU/SimSun(0)/b/n' instead on input line 30.



File: SCUT_emblem_single_RGB_unofficial_DevlinNul.eps Graphic file (type eps)
<SCUT_emblem_single_RGB_unofficial_DevlinNul.eps>
[12


]

File: SCUT_emblem_single_RGB_unofficial_DevlinNul.eps Graphic file (type eps)
<SCUT_emblem_single_RGB_unofficial_DevlinNul.eps>
[13]

File: SCUT_emblem_single_RGB_unofficial_DevlinNul.eps Graphic file (type eps)
<SCUT_emblem_single_RGB_unofficial_DevlinNul.eps>
[14]

File: SCUT_emblem_single_RGB_unofficial_DevlinNul.eps Graphic file (type eps)
<SCUT_emblem_single_RGB_unofficial_DevlinNul.eps>
[15]

File: SCUT_emblem_single_RGB_unofficial_DevlinNul.eps Graphic file (type eps)
<SCUT_emblem_single_RGB_unofficial_DevlinNul.eps>
[16]

File: SCUT_emblem_single_RGB_unofficial_DevlinNul.eps Graphic file (type eps)
<SCUT_emblem_single_RGB_unofficial_DevlinNul.eps>
[17]

File: SCUT_emblem_single_RGB_unofficial_DevlinNul.eps Graphic file (type eps)
<SCUT_emblem_single_RGB_unofficial_DevlinNul.eps>
[18]

File: SCUT_emblem_single_RGB_unofficial_DevlinNul.eps Graphic file (type eps)
<SCUT_emblem_single_RGB_unofficial_DevlinNul.eps>
[19]

File: SCUT_emblem_single_RGB_unofficial_DevlinNul.eps Graphic file (type eps)
<SCUT_emblem_single_RGB_unofficial_DevlinNul.eps>
[20]

File: SCUT_emblem_single_RGB_unofficial_DevlinNul.eps Graphic file (type eps)
<SCUT_emblem_single_RGB_unofficial_DevlinNul.eps>
[21]

LaTeX Warning: `h' float specifier changed to `ht'.



File: SCUT_emblem_single_RGB_unofficial_DevlinNul.eps Graphic file (type eps)
<SCUT_emblem_single_RGB_unofficial_DevlinNul.eps>
[22]

File: SCUT_emblem_single_RGB_unofficial_DevlinNul.eps Graphic file (type eps)
<SCUT_emblem_single_RGB_unofficial_DevlinNul.eps>
[23]

LaTeX Warning: `h' float specifier changed to `ht'.



File: SCUT_emblem_single_RGB_unofficial_DevlinNul.eps Graphic file (type eps)
<SCUT_emblem_single_RGB_unofficial_DevlinNul.eps>
[24]

LaTeX Warning: `h' float specifier changed to `ht'.



File: SCUT_emblem_single_RGB_unofficial_DevlinNul.eps Graphic file (type eps)
<SCUT_emblem_single_RGB_unofficial_DevlinNul.eps>
[25]

Package pgf Warning: Returning node center instead of a point on node border. Did you specify a point identical to the center of node ``x''? on input line 797.


Package pgf Warning: Returning node center instead of a point on node border. Did you specify a point identical to the center of node ``x''? on input line 798.


Package pgf Warning: Returning node center instead of a point on node border. Did you specify a point identical to the center of node ``x''? on input line 799.


Package pgf Warning: Returning node center instead of a point on node border. Did you specify a point identical to the center of node ``h''? on input line 800.


Package pgf Warning: Returning node center instead of a point on node border. Did you specify a point identical to the center of node ``h''? on input line 801.


Package pgf Warning: Returning node center instead of a point on node border. Did you specify a point identical to the center of node ``h''? on input line 802.


LaTeX Warning: `h' float specifier changed to `ht'.



File: SCUT_emblem_single_RGB_unofficial_DevlinNul.eps Graphic file (type eps)
<SCUT_emblem_single_RGB_unofficial_DevlinNul.eps>
[26]

LaTeX Warning: `h' float specifier changed to `ht'.



File: SCUT_emblem_single_RGB_unofficial_DevlinNul.eps Graphic file (type eps)
<SCUT_emblem_single_RGB_unofficial_DevlinNul.eps>
[27]

LaTeX Warning: `h' float specifier changed to `ht'.



File: SCUT_emblem_single_RGB_unofficial_DevlinNul.eps Graphic file (type eps)
<SCUT_emblem_single_RGB_unofficial_DevlinNul.eps>
[28]

LaTeX Warning: `h' float specifier changed to `ht'.



File: SCUT_emblem_single_RGB_unofficial_DevlinNul.eps Graphic file (type eps)
<SCUT_emblem_single_RGB_unofficial_DevlinNul.eps>
[29]

File: SCUT_emblem_single_RGB_unofficial_DevlinNul.eps Graphic file (type eps)
<SCUT_emblem_single_RGB_unofficial_DevlinNul.eps>
[30])

File: SCUT_emblem_single_RGB_unofficial_DevlinNul.eps Graphic file (type eps)
<SCUT_emblem_single_RGB_unofficial_DevlinNul.eps>
[31]
\openout2 = `chapters/chap2.aux'.

 (./chapters/chap2.tex



File: SCUT_emblem_single_RGB_unofficial_DevlinNul.eps Graphic file (type eps)
<SCUT_emblem_single_RGB_unofficial_DevlinNul.eps>
[32




]

File: SCUT_emblem_single_RGB_unofficial_DevlinNul.eps Graphic file (type eps)
<SCUT_emblem_single_RGB_unofficial_DevlinNul.eps>
[33]

File: SCUT_emblem_single_RGB_unofficial_DevlinNul.eps Graphic file (type eps)
<SCUT_emblem_single_RGB_unofficial_DevlinNul.eps>
[34]

File: SCUT_emblem_single_RGB_unofficial_DevlinNul.eps Graphic file (type eps)
<SCUT_emblem_single_RGB_unofficial_DevlinNul.eps>
[35]

File: SCUT_emblem_single_RGB_unofficial_DevlinNul.eps Graphic file (type eps)
<SCUT_emblem_single_RGB_unofficial_DevlinNul.eps>
[36]

File: SCUT_emblem_single_RGB_unofficial_DevlinNul.eps Graphic file (type eps)
<SCUT_emblem_single_RGB_unofficial_DevlinNul.eps>
[37]

File: SCUT_emblem_single_RGB_unofficial_DevlinNul.eps Graphic file (type eps)
<SCUT_emblem_single_RGB_unofficial_DevlinNul.eps>
[38]

File: SCUT_emblem_single_RGB_unofficial_DevlinNul.eps Graphic file (type eps)
<SCUT_emblem_single_RGB_unofficial_DevlinNul.eps>
[39]

File: SCUT_emblem_single_RGB_unofficial_DevlinNul.eps Graphic file (type eps)
<SCUT_emblem_single_RGB_unofficial_DevlinNul.eps>
[40]
Underfull \hbox (badness 4954) in paragraph at lines 560--560
[]|\TU/SimSun(0)/b/n/12    \TU/SimSun(0)/m/n/12 |        | $\OML/cmm/m/it/12 ^^Y\OT1/cmr/m/n/12 (\OML/cmm/m/it/12 s\OT1/cmr/m/n/12 ) =
 []



File: SCUT_emblem_single_RGB_unofficial_DevlinNul.eps Graphic file (type eps)
<SCUT_emblem_single_RGB_unofficial_DevlinNul.eps>
[41]

File: SCUT_emblem_single_RGB_unofficial_DevlinNul.eps Graphic file (type eps)
<SCUT_emblem_single_RGB_unofficial_DevlinNul.eps>
[42]

File: SCUT_emblem_single_RGB_unofficial_DevlinNul.eps Graphic file (type eps)
<SCUT_emblem_single_RGB_unofficial_DevlinNul.eps>
[43]

File: SCUT_emblem_single_RGB_unofficial_DevlinNul.eps Graphic file (type eps)
<SCUT_emblem_single_RGB_unofficial_DevlinNul.eps>
[44]

File: SCUT_emblem_single_RGB_unofficial_DevlinNul.eps Graphic file (type eps)
<SCUT_emblem_single_RGB_unofficial_DevlinNul.eps>
[45]

File: SCUT_emblem_single_RGB_unofficial_DevlinNul.eps Graphic file (type eps)
<SCUT_emblem_single_RGB_unofficial_DevlinNul.eps>
[46]

File: SCUT_emblem_single_RGB_unofficial_DevlinNul.eps Graphic file (type eps)
<SCUT_emblem_single_RGB_unofficial_DevlinNul.eps>
[47])

File: SCUT_emblem_single_RGB_unofficial_DevlinNul.eps Graphic file (type eps)
<SCUT_emblem_single_RGB_unofficial_DevlinNul.eps>
[48]
\openout2 = `chapters/chap3.aux'.

 (./chapters/chap3.tex



File: SCUT_emblem_single_RGB_unofficial_DevlinNul.eps Graphic file (type eps)
<SCUT_emblem_single_RGB_unofficial_DevlinNul.eps>
[49




]
Package hyperref Info: bookmark level for unknown algorithm defaults to 0 on input line 89.


File: SCUT_emblem_single_RGB_unofficial_DevlinNul.eps Graphic file (type eps)
<SCUT_emblem_single_RGB_unofficial_DevlinNul.eps>
[50]

Package hyperref Warning: Token not allowed in a PDF string (Unicode):
(hyperref)                removing `math shift' on input line 112.


Package hyperref Warning: Token not allowed in a PDF string (Unicode):
(hyperref)                removing `\epsilon' on input line 112.


Package hyperref Warning: Token not allowed in a PDF string (Unicode):
(hyperref)                removing `math shift' on input line 112.


Underfull \hbox (badness 10000) in paragraph at lines 141--141
[]|\TU/SimSun(0)/b/n/12    \TU/SimSun(0)/m/n/12 |      $\OML/cmm/m/it/12 ^^Y\OT1/cmr/m/n/12 (\OML/cmm/m/it/12 s\OT1/cmr/m/n/12 ) =
 []



File: SCUT_emblem_single_RGB_unofficial_DevlinNul.eps Graphic file (type eps)
<SCUT_emblem_single_RGB_unofficial_DevlinNul.eps>
[51]

File: SCUT_emblem_single_RGB_unofficial_DevlinNul.eps Graphic file (type eps)
<SCUT_emblem_single_RGB_unofficial_DevlinNul.eps>
[52]
File: D:/code LateX/deep_learning/picture/net.png Graphic file (type bmp)
<D:/code LateX/deep_learning/picture/net.png>


File: SCUT_emblem_single_RGB_unofficial_DevlinNul.eps Graphic file (type eps)
<SCUT_emblem_single_RGB_unofficial_DevlinNul.eps>
[53]
File: D:/code LateX/deep_learning/picture/recall.png Graphic file (type bmp)
<D:/code LateX/deep_learning/picture/recall.png>


File: SCUT_emblem_single_RGB_unofficial_DevlinNul.eps Graphic file (type eps)
<SCUT_emblem_single_RGB_unofficial_DevlinNul.eps>
[54]

File: SCUT_emblem_single_RGB_unofficial_DevlinNul.eps Graphic file (type eps)
<SCUT_emblem_single_RGB_unofficial_DevlinNul.eps>
[55]
File: D:/code LateX/deep_learning/picture/dqnloss.png Graphic file (type bmp)
<D:/code LateX/deep_learning/picture/dqnloss.png>


File: SCUT_emblem_single_RGB_unofficial_DevlinNul.eps Graphic file (type eps)
<SCUT_emblem_single_RGB_unofficial_DevlinNul.eps>
[56]

File: SCUT_emblem_single_RGB_unofficial_DevlinNul.eps Graphic file (type eps)
<SCUT_emblem_single_RGB_unofficial_DevlinNul.eps>
[57]
File: D:/code LateX/deep_learning/picture/2.png Graphic file (type bmp)
<D:/code LateX/deep_learning/picture/2.png>


File: SCUT_emblem_single_RGB_unofficial_DevlinNul.eps Graphic file (type eps)
<SCUT_emblem_single_RGB_unofficial_DevlinNul.eps>
[58]

File: SCUT_emblem_single_RGB_unofficial_DevlinNul.eps Graphic file (type eps)
<SCUT_emblem_single_RGB_unofficial_DevlinNul.eps>
[59]

File: SCUT_emblem_single_RGB_unofficial_DevlinNul.eps Graphic file (type eps)
<SCUT_emblem_single_RGB_unofficial_DevlinNul.eps>
[60]
File: D:/code LateX/deep_learning/picture/RL.png Graphic file (type bmp)
<D:/code LateX/deep_learning/picture/RL.png>


File: SCUT_emblem_single_RGB_unofficial_DevlinNul.eps Graphic file (type eps)
<SCUT_emblem_single_RGB_unofficial_DevlinNul.eps>
[61]
Underfull \hbox (badness 10000) in paragraph at lines 673--673
[]|\TU/lmr/bx/n/12 Multi-Step
 []


Underfull \hbox (badness 10000) in paragraph at lines 675--675
[]|\TU/lmr/bx/n/12 Distributional
 []



File: SCUT_emblem_single_RGB_unofficial_DevlinNul.eps Graphic file (type eps)
<SCUT_emblem_single_RGB_unofficial_DevlinNul.eps>
[62]

File: SCUT_emblem_single_RGB_unofficial_DevlinNul.eps Graphic file (type eps)
<SCUT_emblem_single_RGB_unofficial_DevlinNul.eps>
[63])

File: SCUT_emblem_single_RGB_unofficial_DevlinNul.eps Graphic file (type eps)
<SCUT_emblem_single_RGB_unofficial_DevlinNul.eps>
[64]
\openout2 = `chapters/chap4.aux'.

 (./chapters/chap4.tex



File: SCUT_emblem_single_RGB_unofficial_DevlinNul.eps Graphic file (type eps)
<SCUT_emblem_single_RGB_unofficial_DevlinNul.eps>
[65




]
File: picture/3.png Graphic file (type bmp)
<picture/3.png>


File: SCUT_emblem_single_RGB_unofficial_DevlinNul.eps Graphic file (type eps)
<SCUT_emblem_single_RGB_unofficial_DevlinNul.eps>
[66]

File: SCUT_emblem_single_RGB_unofficial_DevlinNul.eps Graphic file (type eps)
<SCUT_emblem_single_RGB_unofficial_DevlinNul.eps>
[67]

File: SCUT_emblem_single_RGB_unofficial_DevlinNul.eps Graphic file (type eps)
<SCUT_emblem_single_RGB_unofficial_DevlinNul.eps>
[68]

File: SCUT_emblem_single_RGB_unofficial_DevlinNul.eps Graphic file (type eps)
<SCUT_emblem_single_RGB_unofficial_DevlinNul.eps>
[69]

File: SCUT_emblem_single_RGB_unofficial_DevlinNul.eps Graphic file (type eps)
<SCUT_emblem_single_RGB_unofficial_DevlinNul.eps>
[70]
File: picture/4.png Graphic file (type bmp)
<picture/4.png>


File: SCUT_emblem_single_RGB_unofficial_DevlinNul.eps Graphic file (type eps)
<SCUT_emblem_single_RGB_unofficial_DevlinNul.eps>
[71]

File: SCUT_emblem_single_RGB_unofficial_DevlinNul.eps Graphic file (type eps)
<SCUT_emblem_single_RGB_unofficial_DevlinNul.eps>
[72]
File: picture/A2C.png Graphic file (type bmp)
<picture/A2C.png>


File: SCUT_emblem_single_RGB_unofficial_DevlinNul.eps Graphic file (type eps)
<SCUT_emblem_single_RGB_unofficial_DevlinNul.eps>
[73]
File: picture/A3C.png Graphic file (type bmp)
<picture/A3C.png>


File: SCUT_emblem_single_RGB_unofficial_DevlinNul.eps Graphic file (type eps)
<SCUT_emblem_single_RGB_unofficial_DevlinNul.eps>
[74]
File: picture/5.png Graphic file (type bmp)
<picture/5.png>


File: SCUT_emblem_single_RGB_unofficial_DevlinNul.eps Graphic file (type eps)
<SCUT_emblem_single_RGB_unofficial_DevlinNul.eps>
[75]

File: SCUT_emblem_single_RGB_unofficial_DevlinNul.eps Graphic file (type eps)
<SCUT_emblem_single_RGB_unofficial_DevlinNul.eps>
[76]
File: picture/trpo.png Graphic file (type bmp)
<picture/trpo.png>


File: SCUT_emblem_single_RGB_unofficial_DevlinNul.eps Graphic file (type eps)
<SCUT_emblem_single_RGB_unofficial_DevlinNul.eps>
[77]
File: picture/6.png Graphic file (type bmp)
<picture/6.png>


File: SCUT_emblem_single_RGB_unofficial_DevlinNul.eps Graphic file (type eps)
<SCUT_emblem_single_RGB_unofficial_DevlinNul.eps>
[78]
File: picture/7.png Graphic file (type bmp)
<picture/7.png>


File: SCUT_emblem_single_RGB_unofficial_DevlinNul.eps Graphic file (type eps)
<SCUT_emblem_single_RGB_unofficial_DevlinNul.eps>
[79]

File: SCUT_emblem_single_RGB_unofficial_DevlinNul.eps Graphic file (type eps)
<SCUT_emblem_single_RGB_unofficial_DevlinNul.eps>
[80]
Overfull \hbox (35.80624pt too wide) in paragraph at lines 660--671
 [][] 
 []



File: SCUT_emblem_single_RGB_unofficial_DevlinNul.eps Graphic file (type eps)
<SCUT_emblem_single_RGB_unofficial_DevlinNul.eps>
[81]

File: SCUT_emblem_single_RGB_unofficial_DevlinNul.eps Graphic file (type eps)
<SCUT_emblem_single_RGB_unofficial_DevlinNul.eps>
[82])

File: SCUT_emblem_single_RGB_unofficial_DevlinNul.eps Graphic file (type eps)
<SCUT_emblem_single_RGB_unofficial_DevlinNul.eps>
[83]
\openout2 = `chapters/chap5.aux'.

 (./chapters/chap5.tex



File: SCUT_emblem_single_RGB_unofficial_DevlinNul.eps Graphic file (type eps)
<SCUT_emblem_single_RGB_unofficial_DevlinNul.eps>
[84




]

File: SCUT_emblem_single_RGB_unofficial_DevlinNul.eps Graphic file (type eps)
<SCUT_emblem_single_RGB_unofficial_DevlinNul.eps>
[85]

File: SCUT_emblem_single_RGB_unofficial_DevlinNul.eps Graphic file (type eps)
<SCUT_emblem_single_RGB_unofficial_DevlinNul.eps>
[86]

File: SCUT_emblem_single_RGB_unofficial_DevlinNul.eps Graphic file (type eps)
<SCUT_emblem_single_RGB_unofficial_DevlinNul.eps>
[87]
File: picture/strategy.png Graphic file (type bmp)
<picture/strategy.png>


File: SCUT_emblem_single_RGB_unofficial_DevlinNul.eps Graphic file (type eps)
<SCUT_emblem_single_RGB_unofficial_DevlinNul.eps>
[88]

File: SCUT_emblem_single_RGB_unofficial_DevlinNul.eps Graphic file (type eps)
<SCUT_emblem_single_RGB_unofficial_DevlinNul.eps>
[89]

File: SCUT_emblem_single_RGB_unofficial_DevlinNul.eps Graphic file (type eps)
<SCUT_emblem_single_RGB_unofficial_DevlinNul.eps>
[90]

File: SCUT_emblem_single_RGB_unofficial_DevlinNul.eps Graphic file (type eps)
<SCUT_emblem_single_RGB_unofficial_DevlinNul.eps>
[91]
File: picture/dpg.png Graphic file (type bmp)
<picture/dpg.png>


File: SCUT_emblem_single_RGB_unofficial_DevlinNul.eps Graphic file (type eps)
<SCUT_emblem_single_RGB_unofficial_DevlinNul.eps>
[92]
Overfull \hbox (24.3103pt too wide) in paragraph at lines 444--445
[][]\TU/SimSun(0)/b/n/12   \TU/lmr/bx/n/12 5.5.1 \TU/lmr/m/n/12 (\TU/SimSun(0)/m/n/12         \TU/lmr/m/n/12 )\TU/lmr/bx/n/12 . []\TU/SimSun(0)/m/it/12        $\OML/cmm/m/it/12 a \OT1/cmr/m/n/12 = \OML/cmm/m/it/12 ^^V[]\OT1/cmr/m/n/12 (\OML/cmm/m/it/12 s\OT1/cmr/m/n/12 )$\TU/SimSun(0)/m/it/12 |      $\OML/cmm/m/it/12 J\OT1/cmr/m/n/12 (\OML/cmm/m/it/12 ^^R\OT1/cmr/m/n/12 ) = \U/msb/m/n/12 E[]\OT1/cmr/m/n/12 [\OML/cmm/m/it/12 Q[]\OT1/cmr/m/n/12 (\OML/cmm/m/it/12 s; ^^V[]\OT1/cmr/m/n/12 (\OML/cmm/m/it/12 s\OT1/cmr/m/n/12 ))]$
 []

File: picture/8.png Graphic file (type bmp)
<picture/8.png>


File: SCUT_emblem_single_RGB_unofficial_DevlinNul.eps Graphic file (type eps)
<SCUT_emblem_single_RGB_unofficial_DevlinNul.eps>
[93]

File: SCUT_emblem_single_RGB_unofficial_DevlinNul.eps Graphic file (type eps)
<SCUT_emblem_single_RGB_unofficial_DevlinNul.eps>
[94]

File: SCUT_emblem_single_RGB_unofficial_DevlinNul.eps Graphic file (type eps)
<SCUT_emblem_single_RGB_unofficial_DevlinNul.eps>
[95]

File: SCUT_emblem_single_RGB_unofficial_DevlinNul.eps Graphic file (type eps)
<SCUT_emblem_single_RGB_unofficial_DevlinNul.eps>
[96]
Overfull \hbox (24.0pt too wide) in paragraph at lines 649--663
 [][] 
 []



File: SCUT_emblem_single_RGB_unofficial_DevlinNul.eps Graphic file (type eps)
<SCUT_emblem_single_RGB_unofficial_DevlinNul.eps>
[97]

File: SCUT_emblem_single_RGB_unofficial_DevlinNul.eps Graphic file (type eps)
<SCUT_emblem_single_RGB_unofficial_DevlinNul.eps>
[98])

File: SCUT_emblem_single_RGB_unofficial_DevlinNul.eps Graphic file (type eps)
<SCUT_emblem_single_RGB_unofficial_DevlinNul.eps>
[99]
\openout2 = `chapters/chap6.aux'.

 (./chapters/chap6.tex



File: SCUT_emblem_single_RGB_unofficial_DevlinNul.eps Graphic file (type eps)
<SCUT_emblem_single_RGB_unofficial_DevlinNul.eps>
[100




]
File: picture/bbo.png Graphic file (type bmp)
<picture/bbo.png>


File: SCUT_emblem_single_RGB_unofficial_DevlinNul.eps Graphic file (type eps)
<SCUT_emblem_single_RGB_unofficial_DevlinNul.eps>
[101]
File: picture/ga.png Graphic file (type bmp)
<picture/ga.png>

Underfull \hbox (badness 10000) in paragraph at lines 110--110
[]|\TU/SimSun(0)/m/n/12  \TU/lmr/m/n/12 /\TU/SimSun(0)/m/n/12     |\TU/lmr/m/n/12 individu-
 []

File: picture/flow.png Graphic file (type bmp)
<picture/flow.png>


File: SCUT_emblem_single_RGB_unofficial_DevlinNul.eps Graphic file (type eps)
<SCUT_emblem_single_RGB_unofficial_DevlinNul.eps>
[102]

File: SCUT_emblem_single_RGB_unofficial_DevlinNul.eps Graphic file (type eps)
<SCUT_emblem_single_RGB_unofficial_DevlinNul.eps>
[103]

File: SCUT_emblem_single_RGB_unofficial_DevlinNul.eps Graphic file (type eps)
<SCUT_emblem_single_RGB_unofficial_DevlinNul.eps>
[104]

File: SCUT_emblem_single_RGB_unofficial_DevlinNul.eps Graphic file (type eps)
<SCUT_emblem_single_RGB_unofficial_DevlinNul.eps>
[105]
File: picture/onepoint.png Graphic file (type bmp)
<picture/onepoint.png>
File: picture/twopoint.png Graphic file (type bmp)
<picture/twopoint.png>


File: SCUT_emblem_single_RGB_unofficial_DevlinNul.eps Graphic file (type eps)
<SCUT_emblem_single_RGB_unofficial_DevlinNul.eps>
[106]

File: SCUT_emblem_single_RGB_unofficial_DevlinNul.eps Graphic file (type eps)
<SCUT_emblem_single_RGB_unofficial_DevlinNul.eps>
[107]

Package hyperref Warning: Token not allowed in a PDF string (Unicode):
(hyperref)                removing `math shift' on input line 374.


Package hyperref Warning: Token not allowed in a PDF string (Unicode):
(hyperref)                removing `math shift' on input line 374.


Package hyperref Warning: Token not allowed in a PDF string (Unicode):
(hyperref)                removing `math shift' on input line 403.


Package hyperref Warning: Token not allowed in a PDF string (Unicode):
(hyperref)                removing `subscript' on input line 403.


Package hyperref Warning: Token not allowed in a PDF string (Unicode):
(hyperref)                removing `math shift' on input line 403.


Package hyperref Warning: Token not allowed in a PDF string (Unicode):
(hyperref)                removing `math shift' on input line 414.


Package hyperref Warning: Token not allowed in a PDF string (Unicode):
(hyperref)                removing `subscript' on input line 414.


Package hyperref Warning: Token not allowed in a PDF string (Unicode):
(hyperref)                removing `math shift' on input line 414.



File: SCUT_emblem_single_RGB_unofficial_DevlinNul.eps Graphic file (type eps)
<SCUT_emblem_single_RGB_unofficial_DevlinNul.eps>
[108]

File: SCUT_emblem_single_RGB_unofficial_DevlinNul.eps Graphic file (type eps)
<SCUT_emblem_single_RGB_unofficial_DevlinNul.eps>
[109]

File: SCUT_emblem_single_RGB_unofficial_DevlinNul.eps Graphic file (type eps)
<SCUT_emblem_single_RGB_unofficial_DevlinNul.eps>
[110]

File: SCUT_emblem_single_RGB_unofficial_DevlinNul.eps Graphic file (type eps)
<SCUT_emblem_single_RGB_unofficial_DevlinNul.eps>
[111]

File: SCUT_emblem_single_RGB_unofficial_DevlinNul.eps Graphic file (type eps)
<SCUT_emblem_single_RGB_unofficial_DevlinNul.eps>
[112]
File: picture/pmx.png Graphic file (type bmp)
<picture/pmx.png>


File: SCUT_emblem_single_RGB_unofficial_DevlinNul.eps Graphic file (type eps)
<SCUT_emblem_single_RGB_unofficial_DevlinNul.eps>
[113]

File: SCUT_emblem_single_RGB_unofficial_DevlinNul.eps Graphic file (type eps)
<SCUT_emblem_single_RGB_unofficial_DevlinNul.eps>
[114]

File: SCUT_emblem_single_RGB_unofficial_DevlinNul.eps Graphic file (type eps)
<SCUT_emblem_single_RGB_unofficial_DevlinNul.eps>
[115]

File: SCUT_emblem_single_RGB_unofficial_DevlinNul.eps Graphic file (type eps)
<SCUT_emblem_single_RGB_unofficial_DevlinNul.eps>
[116])

File: SCUT_emblem_single_RGB_unofficial_DevlinNul.eps Graphic file (type eps)
<SCUT_emblem_single_RGB_unofficial_DevlinNul.eps>
[117]
\openout2 = `chapters/chap7.aux'.

 (./chapters/chap7.tex



File: SCUT_emblem_single_RGB_unofficial_DevlinNul.eps Graphic file (type eps)
<SCUT_emblem_single_RGB_unofficial_DevlinNul.eps>
[118




]
File: picture/9.png Graphic file (type bmp)
<picture/9.png>


File: SCUT_emblem_single_RGB_unofficial_DevlinNul.eps Graphic file (type eps)
<SCUT_emblem_single_RGB_unofficial_DevlinNul.eps>
[119]

File: SCUT_emblem_single_RGB_unofficial_DevlinNul.eps Graphic file (type eps)
<SCUT_emblem_single_RGB_unofficial_DevlinNul.eps>
[120]
File: picture/10.png Graphic file (type bmp)
<picture/10.png>
File: picture/11.png Graphic file (type bmp)
<picture/11.png>


File: SCUT_emblem_single_RGB_unofficial_DevlinNul.eps Graphic file (type eps)
<SCUT_emblem_single_RGB_unofficial_DevlinNul.eps>
[121]
File: picture/exploitationvsexploration.png Graphic file (type bmp)
<picture/exploitationvsexploration.png>


File: SCUT_emblem_single_RGB_unofficial_DevlinNul.eps Graphic file (type eps)
<SCUT_emblem_single_RGB_unofficial_DevlinNul.eps>
[122]

File: SCUT_emblem_single_RGB_unofficial_DevlinNul.eps Graphic file (type eps)
<SCUT_emblem_single_RGB_unofficial_DevlinNul.eps>
[123]

File: SCUT_emblem_single_RGB_unofficial_DevlinNul.eps Graphic file (type eps)
<SCUT_emblem_single_RGB_unofficial_DevlinNul.eps>
[124]
File: picture/ec.png Graphic file (type bmp)
<picture/ec.png>


File: SCUT_emblem_single_RGB_unofficial_DevlinNul.eps Graphic file (type eps)
<SCUT_emblem_single_RGB_unofficial_DevlinNul.eps>
[125]

File: SCUT_emblem_single_RGB_unofficial_DevlinNul.eps Graphic file (type eps)
<SCUT_emblem_single_RGB_unofficial_DevlinNul.eps>
[126]
File: picture/12.png Graphic file (type bmp)
<picture/12.png>


File: SCUT_emblem_single_RGB_unofficial_DevlinNul.eps Graphic file (type eps)
<SCUT_emblem_single_RGB_unofficial_DevlinNul.eps>
[127]
File: picture/pso.png Graphic file (type bmp)
<picture/pso.png>


File: SCUT_emblem_single_RGB_unofficial_DevlinNul.eps Graphic file (type eps)
<SCUT_emblem_single_RGB_unofficial_DevlinNul.eps>
[128]

File: SCUT_emblem_single_RGB_unofficial_DevlinNul.eps Graphic file (type eps)
<SCUT_emblem_single_RGB_unofficial_DevlinNul.eps>
[129]
File: picture/renew.png Graphic file (type bmp)
<picture/renew.png>


File: SCUT_emblem_single_RGB_unofficial_DevlinNul.eps Graphic file (type eps)
<SCUT_emblem_single_RGB_unofficial_DevlinNul.eps>
[130]

File: SCUT_emblem_single_RGB_unofficial_DevlinNul.eps Graphic file (type eps)
<SCUT_emblem_single_RGB_unofficial_DevlinNul.eps>
[131]
File: picture/13.png Graphic file (type bmp)
<picture/13.png>


File: SCUT_emblem_single_RGB_unofficial_DevlinNul.eps Graphic file (type eps)
<SCUT_emblem_single_RGB_unofficial_DevlinNul.eps>
[132]
File: picture/adv.png Graphic file (type bmp)
<picture/adv.png>


File: SCUT_emblem_single_RGB_unofficial_DevlinNul.eps Graphic file (type eps)
<SCUT_emblem_single_RGB_unofficial_DevlinNul.eps>
[133]

File: SCUT_emblem_single_RGB_unofficial_DevlinNul.eps Graphic file (type eps)
<SCUT_emblem_single_RGB_unofficial_DevlinNul.eps>
[134]

File: SCUT_emblem_single_RGB_unofficial_DevlinNul.eps Graphic file (type eps)
<SCUT_emblem_single_RGB_unofficial_DevlinNul.eps>
[135]

File: SCUT_emblem_single_RGB_unofficial_DevlinNul.eps Graphic file (type eps)
<SCUT_emblem_single_RGB_unofficial_DevlinNul.eps>
[136]

File: SCUT_emblem_single_RGB_unofficial_DevlinNul.eps Graphic file (type eps)
<SCUT_emblem_single_RGB_unofficial_DevlinNul.eps>
[137]

File: SCUT_emblem_single_RGB_unofficial_DevlinNul.eps Graphic file (type eps)
<SCUT_emblem_single_RGB_unofficial_DevlinNul.eps>
[138]
Overfull \hbox (23.81364pt too wide) in paragraph at lines 991--1013
 [][] 
 []



File: SCUT_emblem_single_RGB_unofficial_DevlinNul.eps Graphic file (type eps)
<SCUT_emblem_single_RGB_unofficial_DevlinNul.eps>
[139]

File: SCUT_emblem_single_RGB_unofficial_DevlinNul.eps Graphic file (type eps)
<SCUT_emblem_single_RGB_unofficial_DevlinNul.eps>
[140]

File: SCUT_emblem_single_RGB_unofficial_DevlinNul.eps Graphic file (type eps)
<SCUT_emblem_single_RGB_unofficial_DevlinNul.eps>
[141]
File: picture/L2O.png Graphic file (type bmp)
<picture/L2O.png>


File: SCUT_emblem_single_RGB_unofficial_DevlinNul.eps Graphic file (type eps)
<SCUT_emblem_single_RGB_unofficial_DevlinNul.eps>
[142]
File: picture/opro.png Graphic file (type bmp)
<picture/opro.png>


File: SCUT_emblem_single_RGB_unofficial_DevlinNul.eps Graphic file (type eps)
<SCUT_emblem_single_RGB_unofficial_DevlinNul.eps>
[143]

File: SCUT_emblem_single_RGB_unofficial_DevlinNul.eps Graphic file (type eps)
<SCUT_emblem_single_RGB_unofficial_DevlinNul.eps>
[144])

File: SCUT_emblem_single_RGB_unofficial_DevlinNul.eps Graphic file (type eps)
<SCUT_emblem_single_RGB_unofficial_DevlinNul.eps>
[145]
\openout2 = `chapters/chap8.aux'.

 (./chapters/chap8.tex



File: SCUT_emblem_single_RGB_unofficial_DevlinNul.eps Graphic file (type eps)
<SCUT_emblem_single_RGB_unofficial_DevlinNul.eps>
[146




]

File: SCUT_emblem_single_RGB_unofficial_DevlinNul.eps Graphic file (type eps)
<SCUT_emblem_single_RGB_unofficial_DevlinNul.eps>
[147]

File: SCUT_emblem_single_RGB_unofficial_DevlinNul.eps Graphic file (type eps)
<SCUT_emblem_single_RGB_unofficial_DevlinNul.eps>
[148]

File: SCUT_emblem_single_RGB_unofficial_DevlinNul.eps Graphic file (type eps)
<SCUT_emblem_single_RGB_unofficial_DevlinNul.eps>
[149]
File: picture/as.png Graphic file (type bmp)
<picture/as.png>


File: SCUT_emblem_single_RGB_unofficial_DevlinNul.eps Graphic file (type eps)
<SCUT_emblem_single_RGB_unofficial_DevlinNul.eps>
[150]
Overfull \vbox (80.47656pt too high) has occurred while \output is active []



File: SCUT_emblem_single_RGB_unofficial_DevlinNul.eps Graphic file (type eps)
<SCUT_emblem_single_RGB_unofficial_DevlinNul.eps>
[151]

File: SCUT_emblem_single_RGB_unofficial_DevlinNul.eps Graphic file (type eps)
<SCUT_emblem_single_RGB_unofficial_DevlinNul.eps>
[152]

File: SCUT_emblem_single_RGB_unofficial_DevlinNul.eps Graphic file (type eps)
<SCUT_emblem_single_RGB_unofficial_DevlinNul.eps>
[153]

File: SCUT_emblem_single_RGB_unofficial_DevlinNul.eps Graphic file (type eps)
<SCUT_emblem_single_RGB_unofficial_DevlinNul.eps>
[154]
Underfull \hbox (badness 10000) in paragraph at lines 427--427
[]|\TU/lmr/m/n/12 AS: $\OML/cmm/m/it/12 m\OT1/cmr/m/n/12 /\OML/cmm/m/it/12 L[]$\TU/lmr/m/n/12 , ACS:
 []



File: SCUT_emblem_single_RGB_unofficial_DevlinNul.eps Graphic file (type eps)
<SCUT_emblem_single_RGB_unofficial_DevlinNul.eps>
[155]

File: SCUT_emblem_single_RGB_unofficial_DevlinNul.eps Graphic file (type eps)
<SCUT_emblem_single_RGB_unofficial_DevlinNul.eps>
[156]

File: SCUT_emblem_single_RGB_unofficial_DevlinNul.eps Graphic file (type eps)
<SCUT_emblem_single_RGB_unofficial_DevlinNul.eps>
[157]

File: SCUT_emblem_single_RGB_unofficial_DevlinNul.eps Graphic file (type eps)
<SCUT_emblem_single_RGB_unofficial_DevlinNul.eps>
[158]

File: SCUT_emblem_single_RGB_unofficial_DevlinNul.eps Graphic file (type eps)
<SCUT_emblem_single_RGB_unofficial_DevlinNul.eps>
[159]

File: SCUT_emblem_single_RGB_unofficial_DevlinNul.eps Graphic file (type eps)
<SCUT_emblem_single_RGB_unofficial_DevlinNul.eps>
[160]
File: picture/14.png Graphic file (type bmp)
<picture/14.png>


File: SCUT_emblem_single_RGB_unofficial_DevlinNul.eps Graphic file (type eps)
<SCUT_emblem_single_RGB_unofficial_DevlinNul.eps>
[161]

File: SCUT_emblem_single_RGB_unofficial_DevlinNul.eps Graphic file (type eps)
<SCUT_emblem_single_RGB_unofficial_DevlinNul.eps>
[162]

File: SCUT_emblem_single_RGB_unofficial_DevlinNul.eps Graphic file (type eps)
<SCUT_emblem_single_RGB_unofficial_DevlinNul.eps>
[163]

File: SCUT_emblem_single_RGB_unofficial_DevlinNul.eps Graphic file (type eps)
<SCUT_emblem_single_RGB_unofficial_DevlinNul.eps>
[164]
Overfull \hbox (11.61993pt too wide) in paragraph at lines 907--924
 [][] 
 []



File: SCUT_emblem_single_RGB_unofficial_DevlinNul.eps Graphic file (type eps)
<SCUT_emblem_single_RGB_unofficial_DevlinNul.eps>
[165])

File: SCUT_emblem_single_RGB_unofficial_DevlinNul.eps Graphic file (type eps)
<SCUT_emblem_single_RGB_unofficial_DevlinNul.eps>
[166]
\openout2 = `chapters/chap9.aux'.

 (./chapters/chap9.tex

File: picture/15.png Graphic file (type bmp)
<picture/15.png>


File: SCUT_emblem_single_RGB_unofficial_DevlinNul.eps Graphic file (type eps)
<SCUT_emblem_single_RGB_unofficial_DevlinNul.eps>
[167




]

File: SCUT_emblem_single_RGB_unofficial_DevlinNul.eps Graphic file (type eps)
<SCUT_emblem_single_RGB_unofficial_DevlinNul.eps>
[168]

File: SCUT_emblem_single_RGB_unofficial_DevlinNul.eps Graphic file (type eps)
<SCUT_emblem_single_RGB_unofficial_DevlinNul.eps>
[169]
File: picture/16.png Graphic file (type bmp)
<picture/16.png>


File: SCUT_emblem_single_RGB_unofficial_DevlinNul.eps Graphic file (type eps)
<SCUT_emblem_single_RGB_unofficial_DevlinNul.eps>
[170]

File: SCUT_emblem_single_RGB_unofficial_DevlinNul.eps Graphic file (type eps)
<SCUT_emblem_single_RGB_unofficial_DevlinNul.eps>
[171]
File: picture/17.png Graphic file (type bmp)
<picture/17.png>


File: SCUT_emblem_single_RGB_unofficial_DevlinNul.eps Graphic file (type eps)
<SCUT_emblem_single_RGB_unofficial_DevlinNul.eps>
[172]

File: SCUT_emblem_single_RGB_unofficial_DevlinNul.eps Graphic file (type eps)
<SCUT_emblem_single_RGB_unofficial_DevlinNul.eps>
[173]

File: SCUT_emblem_single_RGB_unofficial_DevlinNul.eps Graphic file (type eps)
<SCUT_emblem_single_RGB_unofficial_DevlinNul.eps>
[174]

File: SCUT_emblem_single_RGB_unofficial_DevlinNul.eps Graphic file (type eps)
<SCUT_emblem_single_RGB_unofficial_DevlinNul.eps>
[175]

File: SCUT_emblem_single_RGB_unofficial_DevlinNul.eps Graphic file (type eps)
<SCUT_emblem_single_RGB_unofficial_DevlinNul.eps>
[176]

File: SCUT_emblem_single_RGB_unofficial_DevlinNul.eps Graphic file (type eps)
<SCUT_emblem_single_RGB_unofficial_DevlinNul.eps>
[177]

File: SCUT_emblem_single_RGB_unofficial_DevlinNul.eps Graphic file (type eps)
<SCUT_emblem_single_RGB_unofficial_DevlinNul.eps>
[178]

File: SCUT_emblem_single_RGB_unofficial_DevlinNul.eps Graphic file (type eps)
<SCUT_emblem_single_RGB_unofficial_DevlinNul.eps>
[179]

File: SCUT_emblem_single_RGB_unofficial_DevlinNul.eps Graphic file (type eps)
<SCUT_emblem_single_RGB_unofficial_DevlinNul.eps>
[180]

File: SCUT_emblem_single_RGB_unofficial_DevlinNul.eps Graphic file (type eps)
<SCUT_emblem_single_RGB_unofficial_DevlinNul.eps>
[181]

File: SCUT_emblem_single_RGB_unofficial_DevlinNul.eps Graphic file (type eps)
<SCUT_emblem_single_RGB_unofficial_DevlinNul.eps>
[182]

File: SCUT_emblem_single_RGB_unofficial_DevlinNul.eps Graphic file (type eps)
<SCUT_emblem_single_RGB_unofficial_DevlinNul.eps>
[183])

File: SCUT_emblem_single_RGB_unofficial_DevlinNul.eps Graphic file (type eps)
<SCUT_emblem_single_RGB_unofficial_DevlinNul.eps>
[184]
\openout2 = `chapters/chap10.aux'.

 (./chapters/chap10.tex



File: SCUT_emblem_single_RGB_unofficial_DevlinNul.eps Graphic file (type eps)
<SCUT_emblem_single_RGB_unofficial_DevlinNul.eps>
[185




]

File: SCUT_emblem_single_RGB_unofficial_DevlinNul.eps Graphic file (type eps)
<SCUT_emblem_single_RGB_unofficial_DevlinNul.eps>
[186]

File: SCUT_emblem_single_RGB_unofficial_DevlinNul.eps Graphic file (type eps)
<SCUT_emblem_single_RGB_unofficial_DevlinNul.eps>
[187]

File: SCUT_emblem_single_RGB_unofficial_DevlinNul.eps Graphic file (type eps)
<SCUT_emblem_single_RGB_unofficial_DevlinNul.eps>
[188]

File: SCUT_emblem_single_RGB_unofficial_DevlinNul.eps Graphic file (type eps)
<SCUT_emblem_single_RGB_unofficial_DevlinNul.eps>
[189]

File: SCUT_emblem_single_RGB_unofficial_DevlinNul.eps Graphic file (type eps)
<SCUT_emblem_single_RGB_unofficial_DevlinNul.eps>
[190]

File: SCUT_emblem_single_RGB_unofficial_DevlinNul.eps Graphic file (type eps)
<SCUT_emblem_single_RGB_unofficial_DevlinNul.eps>
[191]

File: SCUT_emblem_single_RGB_unofficial_DevlinNul.eps Graphic file (type eps)
<SCUT_emblem_single_RGB_unofficial_DevlinNul.eps>
[192])

File: SCUT_emblem_single_RGB_unofficial_DevlinNul.eps Graphic file (type eps)
<SCUT_emblem_single_RGB_unofficial_DevlinNul.eps>
[193] (./build/main.aux (./build/chapters/chap1.aux) (./build/chapters/chap2.aux) (./build/chapters/chap3.aux) (./build/chapters/chap4.aux) (./build/chapters/chap5.aux) (./build/chapters/chap6.aux) (./build/chapters/chap7.aux) (./build/chapters/chap8.aux) (./build/chapters/chap9.aux) (./build/chapters/chap10.aux))
 ***********
LaTeX2e <2024-11-01> patch level 2
L3 programming layer <2022/08/05>
 ***********


LaTeX Font Warning: Some font shapes were not available, defaults substituted.

Package rerunfilecheck Info: File `main.out' has not changed.
(rerunfilecheck)             Checksum: C1A949CC3094EE9AF036AFEBBD420E55;55815.
 ) 
Here is how much of TeX's memory you used:
 39136 strings out of 473832
 915576 string characters out of 5723978
 1276033 words of memory out of 5000000
 61479 multiletter control sequences out of 15000+600000
 575585 words of font info for 144 fonts, out of 8000000 for 9000
 1348 hyphenation exceptions out of 8191
 93i,15n,111p,550b,1326s stack positions out of 10000i,1000n,20000p,200000b,200000s

Output written on ./build/main.pdf (194 pages).
