\BOOKMARK [0][-]{chapter.1}{\376\377\171\136\176\317\177\121\176\334\116\016\155\361\136\246\133\146\116\140\127\372\170\100}{}% 1
\BOOKMARK [1][-]{section.1.1}{\376\377\124\057\123\321\140\047\140\035\200\003}{chapter.1}% 2
\BOOKMARK [1][-]{section.1.2}{\376\377\171\136\176\317\121\103\377\032\155\361\136\246\133\146\116\140\166\204\127\372\167\363}{chapter.1}% 3
\BOOKMARK [2][-]{subsection.1.2.1}{\376\377\145\160\133\146\152\041\127\213}{section.1.2}% 4
\BOOKMARK [2][-]{subsection.1.2.2}{\376\377\121\163\225\056\176\304\116\366\213\346\211\343}{section.1.2}% 5
\BOOKMARK [1][-]{section.1.3}{\376\377\157\300\155\073\121\375\145\160\377\032\116\316\000S\000i\000g\000m\000o\000i\000d\122\060\000R\000e\000L\000U}{chapter.1}% 6
\BOOKMARK [2][-]{subsection.1.3.1}{\376\377\176\317\121\170\157\300\155\073\121\375\145\160}{section.1.3}% 7
\BOOKMARK [2][-]{subsection.1.3.2}{\376\377\157\300\155\073\121\375\145\160\133\371\153\324\116\016\217\333\226\066\220\011\142\351}{section.1.3}% 8
\BOOKMARK [1][-]{section.1.4}{\376\377\122\115\231\210\171\136\176\317\177\121\176\334\377\032\134\102\123\340\166\204\132\001\122\233}{chapter.1}% 9
\BOOKMARK [2][-]{subsection.1.4.1}{\376\377\177\121\176\334\176\323\147\204}{section.1.4}% 10
\BOOKMARK [2][-]{subsection.1.4.2}{\376\377\117\030\226\305\232\330\145\110\166\204\167\351\226\065\210\150\171\072}{section.1.4}% 11
\BOOKMARK [2][-]{subsection.1.4.3}{\376\377\000S\000o\000f\000t\000m\000a\000x\121\375\145\160\377\032\131\032\122\006\174\173\166\204\040\034\210\301\122\044\040\035}{section.1.4}% 12
\BOOKMARK [1][-]{section.1.5}{\376\377\171\136\176\317\177\121\176\334\166\204\213\255\176\303\377\032\213\251\152\041\127\213\133\146\117\032\140\035\200\003}{chapter.1}% 13
\BOOKMARK [2][-]{subsection.1.5.1}{\376\377\153\145\232\244\116\000\377\032\133\232\116\111\177\121\176\334\176\323\147\204}{section.1.5}% 14
\BOOKMARK [2][-]{subsection.1.5.2}{\376\377\153\145\232\244\116\214\377\032\133\232\116\111\143\137\131\061\121\375\145\160\377\010\000L\000o\000s\000s\000\040\000F\000u\000n\000c\000t\000i\000o\000n\377\011}{section.1.5}% 15
\BOOKMARK [2][-]{subsection.1.5.3}{\376\377\153\145\232\244\116\011\377\032\150\257\136\246\116\013\226\115\117\030\123\026}{section.1.5}% 16
\BOOKMARK [1][-]{section.1.6}{\376\377\123\315\124\021\117\040\144\255\377\032\155\361\136\246\133\146\116\140\166\204\137\025\144\316}{chapter.1}% 17
\BOOKMARK [2][-]{subsection.1.6.1}{\376\377\213\357\135\356\230\171\377\010\000E\000r\000r\000o\000r\000\040\000T\000e\000r\000m\377\011\166\204\133\232\116\111}{section.1.6}% 18
\BOOKMARK [2][-]{subsection.1.6.2}{\376\377\123\315\124\021\117\040\144\255\166\204\126\333\153\145\155\101\172\013}{section.1.6}% 19
\BOOKMARK [2][-]{subsection.1.6.3}{\376\377\123\315\124\021\117\040\144\255\143\250\133\374\377\010\220\011\213\373\377\011}{section.1.6}% 20
\BOOKMARK [1][-]{section.1.7}{\376\377\137\025\212\000\377\032\116\316\142\337\124\010\145\160\143\156\122\060\154\333\123\026\116\026\165\114}{chapter.1}% 21
\BOOKMARK [1][-]{section.1.8}{\376\377\152\041\127\213\140\047\200\375\213\304\117\060\377\032\116\015\123\352\146\057\167\013\122\006\145\160}{chapter.1}% 22
\BOOKMARK [2][-]{subsection.1.8.1}{\376\377\145\160\143\156\226\306\122\022\122\006\166\204\202\172\147\057}{section.1.8}% 23
\BOOKMARK [2][-]{subsection.1.8.2}{\376\377\000K\000-\142\230\116\244\123\311\232\214\213\301\377\032\134\017\145\160\143\156\226\306\166\204\145\121\146\037}{section.1.8}% 24
\BOOKMARK [1][-]{section.1.9}{\376\377\213\312\145\255\152\041\127\213\225\356\230\230\377\032\153\040\142\337\124\010\116\016\217\307\142\337\124\010}{chapter.1}% 25
\BOOKMARK [2][-]{subsection.1.9.1}{\376\377\153\040\142\337\124\010\377\010\000U\000n\000d\000e\000r\000f\000i\000t\000t\000i\000n\000g\377\011}{section.1.9}% 26
\BOOKMARK [2][-]{subsection.1.9.2}{\376\377\217\307\142\337\124\010\377\010\000O\000v\000e\000r\000f\000i\000t\000t\000i\000n\000g\377\011}{section.1.9}% 27
\BOOKMARK [2][-]{subsection.1.9.3}{\376\377\120\117\135\356\000-\145\271\135\356\147\103\210\141\377\032\176\337\213\241\133\146\116\140\164\006\213\272\166\204\211\306\211\322}{section.1.9}% 28
\BOOKMARK [1][-]{section.1.10}{\376\377\153\143\122\031\123\026\142\200\147\057\377\032\226\062\153\142\217\307\142\337\124\010\166\204\122\051\126\150}{chapter.1}% 29
\BOOKMARK [2][-]{subsection.1.10.1}{\376\377\000L\0001\124\214\000L\0002\153\143\122\031\123\026}{section.1.10}% 30
\BOOKMARK [2][-]{subsection.1.10.2}{\376\377\000D\000r\000o\000p\000o\000u\000t\377\032\213\255\176\303\145\366\226\217\147\072\116\042\137\003\171\136\176\317\121\103}{section.1.10}% 31
\BOOKMARK [2][-]{subsection.1.10.3}{\376\377\145\351\120\134\154\325\377\010\000E\000a\000r\000l\000y\000\040\000S\000t\000o\000p\000p\000i\000n\000g\377\011}{section.1.10}% 32
\BOOKMARK [1][-]{section.1.11}{\376\377\116\316\171\136\176\317\177\121\176\334\122\060\155\361\136\246\133\146\116\140\377\032\123\206\123\362\201\011\176\334}{chapter.1}% 33
\BOOKMARK [2][-]{subsection.1.11.1}{\376\377\123\321\134\125\123\206\172\013}{section.1.11}% 34
\BOOKMARK [2][-]{subsection.1.11.2}{\376\377\155\361\136\246\133\146\116\140\166\204\126\333\131\047\145\057\147\361}{section.1.11}% 35
\BOOKMARK [2][-]{subsection.1.11.3}{\376\377\116\072\116\300\116\110\123\353\000"\155\361\136\246\133\146\116\140\000"\377\037}{section.1.11}% 36
\BOOKMARK [1][-]{section.1.12}{\376\377\121\163\225\056\152\041\127\213\147\266\147\204}{chapter.1}% 37
\BOOKMARK [2][-]{subsection.1.12.1}{\376\377\201\352\177\026\170\001\126\150\377\010\000A\000u\000t\000o\000e\000n\000c\000o\000d\000e\000r\000s\000,\000\040\000A\000E\000s\377\011}{section.1.12}% 38
\BOOKMARK [2][-]{subsection.1.12.2}{\376\377\123\167\171\357\171\136\176\317\177\121\176\334\377\010\000C\000N\000N\377\011}{section.1.12}% 39
\BOOKMARK [2][-]{subsection.1.12.3}{\376\377\137\252\163\257\171\136\176\317\177\121\176\334\377\010\000R\000N\000N\377\011\116\016\000L\000S\000T\000M}{section.1.12}% 40
\BOOKMARK [2][-]{subsection.1.12.4}{\376\377\165\037\142\020\133\371\142\227\177\121\176\334\377\010\000G\000A\000N\000s\377\011}{section.1.12}% 41
\BOOKMARK [2][-]{subsection.1.12.5}{\376\377\142\151\145\143\152\041\127\213\377\010\000D\000i\000f\000f\000u\000s\000i\000o\000n\000\040\000M\000o\000d\000e\000l\000s\377\011}{section.1.12}% 42
\BOOKMARK [1][-]{section.1.13}{\376\377\000T\000r\000a\000n\000s\000f\000o\000r\000m\000e\000r\377\032\154\350\141\017\122\233\134\061\146\057\121\150\220\350}{chapter.1}% 43
\BOOKMARK [2][-]{subsection.1.13.1}{\376\377\201\352\154\350\141\017\122\233\147\072\122\066\377\010\000S\000e\000l\000f\000-\000A\000t\000t\000e\000n\000t\000i\000o\000n\377\011}{section.1.13}% 44
\BOOKMARK [2][-]{subsection.1.13.2}{\376\377\131\032\131\064\154\350\141\017\122\233\377\010\000M\000u\000l\000t\000i\000-\000H\000e\000a\000d\000\040\000A\000t\000t\000e\000n\000t\000i\000o\000n\377\011}{section.1.13}% 45
\BOOKMARK [2][-]{subsection.1.13.3}{\376\377\000T\000r\000a\000n\000s\000f\000o\000r\000m\000e\000r\147\266\147\204}{section.1.13}% 46
\BOOKMARK [2][-]{subsection.1.13.4}{\376\377\117\115\177\156\177\026\170\001\377\010\000P\000o\000s\000i\000t\000i\000o\000n\000a\000l\000\040\000E\000n\000c\000o\000d\000i\000n\000g\377\011}{section.1.13}% 47
\BOOKMARK [2][-]{subsection.1.13.5}{\376\377\000T\000r\000a\000n\000s\000f\000o\000r\000m\000e\000r\000\040\000v\000s\000\040\000R\000N\000N\000/\000L\000S\000T\000M}{section.1.13}% 48
\BOOKMARK [1][-]{section.1.14}{\376\377\116\072\116\300\116\110\000T\000r\000a\000n\000s\000f\000o\000r\000m\000e\000r\200\375\131\037\000"\220\032\124\003\000"\377\037}{chapter.1}% 49
\BOOKMARK [2][-]{subsection.1.14.1}{\376\377\116\316\116\023\133\266\152\041\127\213\122\060\220\032\165\050\152\041\127\213}{section.1.14}% 50
\BOOKMARK [2][-]{subsection.1.14.2}{\376\377\000T\000r\000a\000n\000s\000f\000o\000r\000m\000e\000r\166\204\150\070\137\303\117\030\122\277}{section.1.14}% 51
\BOOKMARK [1][-]{section.1.15}{\376\377\140\073\176\323\116\016\140\035\200\003}{chapter.1}% 52
\BOOKMARK [0][-]{chapter.2}{\376\377\155\361\136\246\137\072\123\026\133\146\116\140\116\113\127\372\170\100}{}% 53
\BOOKMARK [1][-]{section.2.1}{\376\377\137\025\212\000\377\032\116\316\147\011\173\124\150\110\166\204\133\146\116\140\122\060\143\242\175\042\166\204\133\146\116\140}{chapter.2}% 54
\BOOKMARK [2][-]{subsection.2.1.1}{\376\377\166\321\167\143\133\146\116\140\166\204\217\211\161\114\116\016\134\100\226\120}{section.2.1}% 55
\BOOKMARK [2][-]{subsection.2.1.2}{\376\377\137\072\123\026\133\146\116\140\377\032\116\000\171\315\145\260\166\204\133\146\116\140\203\003\137\017}{section.2.1}% 56
\BOOKMARK [1][-]{section.2.2}{\376\377\232\154\134\024\123\357\131\053\121\263\173\126\217\307\172\013\377\032\137\072\123\026\133\146\116\140\166\204\145\160\133\146\127\372\170\100}{chapter.2}% 57
\BOOKMARK [2][-]{subsection.2.2.1}{\376\377\232\154\134\024\123\357\131\053\121\263\173\126\217\307\172\013\166\204\127\372\147\054\151\202\137\365}{section.2.2}% 58
\BOOKMARK [2][-]{subsection.2.2.2}{\376\377\000M\000D\000P\166\204\150\070\137\303\151\202\137\365}{section.2.2}% 59
\BOOKMARK [1][-]{section.2.3}{\376\377\116\367\120\074\121\375\145\160\377\032\213\304\117\060\173\126\165\145\166\204\117\030\122\243}{chapter.2}% 60
\BOOKMARK [2][-]{subsection.2.3.1}{\376\377\116\367\120\074\121\375\145\160\166\204\133\232\116\111\116\016\141\017\116\111}{section.2.3}% 61
\BOOKMARK [2][-]{subsection.2.3.2}{\376\377\116\367\120\074\121\375\145\160\166\204\121\163\174\373}{section.2.3}% 62
\BOOKMARK [2][-]{subsection.2.3.3}{\376\377\147\000\117\030\116\367\120\074\121\375\145\160}{section.2.3}% 63
\BOOKMARK [1][-]{section.2.4}{\376\377\215\035\134\024\146\374\145\271\172\013\377\032\122\250\140\001\211\304\122\022\166\204\150\070\137\303}{chapter.2}% 64
\BOOKMARK [2][-]{subsection.2.4.1}{\376\377\215\035\134\024\146\374\147\037\147\033\145\271\172\013}{section.2.4}% 65
\BOOKMARK [2][-]{subsection.2.4.2}{\376\377\215\035\134\024\146\374\147\000\117\030\145\271\172\013}{section.2.4}% 66
\BOOKMARK [2][-]{subsection.2.4.3}{\376\377\215\035\134\024\146\374\145\271\172\013\166\204\167\351\226\065\137\142\137\017}{section.2.4}% 67
\BOOKMARK [1][-]{section.2.5}{\376\377\137\072\123\026\133\146\116\140\173\227\154\325\122\006\174\173}{chapter.2}% 68
\BOOKMARK [2][-]{subsection.2.5.1}{\376\377\147\011\152\041\127\213\000\040\000v\000s\000\040\145\340\152\041\127\213}{section.2.5}% 69
\BOOKMARK [2][-]{subsection.2.5.2}{\376\377\127\372\116\216\116\367\120\074\000\040\000v\000s\000\040\127\372\116\216\173\126\165\145}{section.2.5}% 70
\BOOKMARK [2][-]{subsection.2.5.3}{\376\377\204\231\162\171\123\141\155\033\000\040\000v\000s\000\040\145\366\136\217\135\356\122\006}{section.2.5}% 71
\BOOKMARK [2][-]{subsection.2.5.4}{\376\377\127\050\176\277\173\126\165\145\000\040\000v\000s\000\040\171\273\176\277\173\126\165\145}{section.2.5}% 72
\BOOKMARK [1][-]{section.2.6}{\376\377\000A\000c\000t\000o\000r\000-\000C\000r\000i\000t\000i\000c\145\271\154\325\377\032\116\367\120\074\116\016\173\126\165\145\166\204\176\323\124\010}{chapter.2}% 73
\BOOKMARK [2][-]{subsection.2.6.1}{\376\377\000A\000c\000t\000o\000r\000-\000C\000r\000i\000t\000i\000c\150\106\147\266}{section.2.6}% 74
\BOOKMARK [2][-]{subsection.2.6.2}{\376\377\117\030\122\277\121\375\145\160\377\010\000A\000d\000v\000a\000n\000t\000a\000g\000e\000\040\000F\000u\000n\000c\000t\000i\000o\000n\377\011}{section.2.6}% 75
\BOOKMARK [2][-]{subsection.2.6.3}{\376\377\173\126\165\145\150\257\136\246\116\016\000A\000c\000t\000o\000r\000-\000C\000r\000i\000t\000i\000c}{section.2.6}% 76
\BOOKMARK [2][-]{subsection.2.6.4}{\376\377\163\260\116\343\000A\000c\000t\000o\000r\000-\000C\000r\000i\000t\000i\000c\173\227\154\325}{section.2.6}% 77
\BOOKMARK [1][-]{section.2.7}{\376\377\140\073\176\323\116\016\134\125\147\033}{chapter.2}% 78
\BOOKMARK [2][-]{subsection.2.7.1}{\376\377\137\072\123\026\133\146\116\140\173\227\154\325\122\006\174\173\140\073\176\323}{section.2.7}% 79
\BOOKMARK [2][-]{subsection.2.7.2}{\376\377\137\072\123\026\133\146\116\140\166\204\143\021\142\030\116\016\122\115\154\277}{section.2.7}% 80
\BOOKMARK [0][-]{chapter.3}{\376\377\155\361\136\246\137\072\123\026\133\146\116\140\116\113\116\367\120\074\133\146\116\140}{}% 81
\BOOKMARK [1][-]{section.3.1}{\376\377\116\367\120\074\133\146\116\140\377\032\116\316\213\304\117\060\122\060\121\263\173\126}{chapter.3}% 82
\BOOKMARK [2][-]{subsection.3.1.1}{\376\377\116\367\120\074\133\146\116\140\166\204\150\070\137\303\140\035\140\363}{section.3.1}% 83
\BOOKMARK [1][-]{section.3.2}{\376\377\000Q\000-\000L\000e\000a\000r\000n\000i\000n\000g\377\032\176\317\121\170\166\204\116\367\120\074\133\146\116\140\173\227\154\325}{chapter.3}% 84
\BOOKMARK [2][-]{subsection.3.2.1}{\376\377\173\227\154\325\123\237\164\006}{section.3.2}% 85
\BOOKMARK [2][-]{subsection.3.2.2}{\376\377\210\150\150\074\000Q\000-\000L\000e\000a\000r\000n\000i\000n\000g}{section.3.2}% 86
\BOOKMARK [2][-]{subsection.3.2.3}{\376\377\143\242\175\042\116\016\122\051\165\050\166\204\136\163\210\141\377\032\000-\215\052\132\152\173\126\165\145}{section.3.2}% 87
\BOOKMARK [2][-]{subsection.3.2.4}{\376\377\000Q\000-\000L\000e\000a\000r\000n\000i\000n\000g\116\016\000S\000A\000R\000S\000A\166\204\153\324\217\203}{section.3.2}% 88
\BOOKMARK [1][-]{section.3.3}{\376\377\155\361\136\246\000Q\177\121\176\334\377\032\137\123\000Q\000-\000L\000e\000a\000r\000n\000i\000n\000g\220\107\211\301\155\361\136\246\133\146\116\140}{chapter.3}% 89
\BOOKMARK [2][-]{subsection.3.3.1}{\376\377\210\150\150\074\145\271\154\325\166\204\134\100\226\120\140\047}{section.3.3}% 90
\BOOKMARK [2][-]{subsection.3.3.2}{\376\377\155\361\136\246\000Q\177\121\176\334\166\204\127\372\147\054\140\035\140\363}{section.3.3}% 91
\BOOKMARK [2][-]{subsection.3.3.3}{\376\377\000D\000Q\000N\166\204\213\255\176\303\166\356\150\007\116\016\143\137\131\061\121\375\145\160}{section.3.3}% 92
\BOOKMARK [2][-]{subsection.3.3.4}{\376\377\000D\000Q\000N\166\204\213\255\176\303\155\101\172\013}{section.3.3}% 93
\BOOKMARK [1][-]{section.3.4}{\376\377\000D\000Q\000N\166\204\150\070\137\303\142\200\147\057}{chapter.3}% 94
\BOOKMARK [2][-]{subsection.3.4.1}{\376\377\176\317\232\214\126\336\145\076\377\010\000E\000x\000p\000e\000r\000i\000e\000n\000c\000e\000\040\000R\000e\000p\000l\000a\000y\377\011}{section.3.4}% 95
\BOOKMARK [2][-]{subsection.3.4.2}{\376\377\166\356\150\007\177\121\176\334\377\010\000T\000a\000r\000g\000e\000t\000\040\000N\000e\000t\000w\000o\000r\000k\377\011}{section.3.4}% 96
\BOOKMARK [1][-]{section.3.5}{\376\377\000D\000Q\000N\166\204\145\071\217\333\116\016\142\151\134\125}{chapter.3}% 97
\BOOKMARK [2][-]{subsection.3.5.1}{\376\377\117\030\121\110\176\317\232\214\126\336\145\076\377\010\000P\000r\000i\000o\000r\000i\000t\000i\000z\000e\000d\000\040\000E\000x\000p\000e\000r\000i\000e\000n\000c\000e\000\040\000R\000e\000p\000l\000a\000y\377\011}{section.3.5}% 98
\BOOKMARK [2][-]{subsection.3.5.2}{\376\377\000D\000o\000u\000b\000l\000e\000\040\000D\000Q\000N}{section.3.5}% 99
\BOOKMARK [2][-]{subsection.3.5.3}{\376\377\000D\000u\000e\000l\000i\000n\000g\000\040\000D\000Q\000N}{section.3.5}% 100
\BOOKMARK [2][-]{subsection.3.5.4}{\376\377\000M\000u\000l\000t\000i\000-\000S\000t\000e\000p\000\040\000D\000Q\000N}{section.3.5}% 101
\BOOKMARK [2][-]{subsection.3.5.5}{\376\377\000N\000o\000i\000s\000y\000\040\000D\000Q\000N}{section.3.5}% 102
\BOOKMARK [2][-]{subsection.3.5.6}{\376\377\000D\000i\000s\000t\000r\000i\000b\000u\000t\000i\000o\000n\000a\000l\000\040\000D\000Q\000N}{section.3.5}% 103
\BOOKMARK [1][-]{section.3.6}{\376\377\000R\000a\000i\000n\000b\000o\000w\377\032\226\306\142\020\131\032\171\315\145\071\217\333}{chapter.3}% 104
\BOOKMARK [1][-]{section.3.7}{\376\377\140\073\176\323\116\016\153\324\217\203}{chapter.3}% 105
\BOOKMARK [2][-]{subsection.3.7.1}{\376\377\000D\000Q\000N\123\330\171\315\133\371\153\324}{section.3.7}% 106
\BOOKMARK [2][-]{subsection.3.7.2}{\376\377\133\236\226\105\136\224\165\050\136\372\213\256}{section.3.7}% 107
\BOOKMARK [2][-]{subsection.3.7.3}{\376\377\147\052\147\145\145\271\124\021}{section.3.7}% 108
\BOOKMARK [0][-]{chapter.4}{\376\377\155\361\136\246\137\072\123\026\133\146\116\140\116\113\173\126\165\145\133\146\116\140}{}% 109
\BOOKMARK [1][-]{section.4.1}{\376\377\137\025\212\000\377\032\116\072\116\300\116\110\227\000\211\201\173\126\165\145\133\146\116\140\377\037}{chapter.4}% 110
\BOOKMARK [2][-]{subsection.4.1.1}{\376\377\116\367\120\074\133\146\116\140\145\271\154\325\166\204\134\100\226\120\140\047}{section.4.1}% 111
\BOOKMARK [2][-]{subsection.4.1.2}{\376\377\173\126\165\145\133\146\116\140\166\204\117\030\122\277}{section.4.1}% 112
\BOOKMARK [2][-]{subsection.4.1.3}{\376\377\173\126\165\145\133\146\116\140\166\204\127\372\147\054\150\106\147\266}{section.4.1}% 113
\BOOKMARK [1][-]{section.4.2}{\376\377\173\126\165\145\150\257\136\246\133\232\164\006\377\032\164\006\213\272\127\372\170\100}{chapter.4}% 114
\BOOKMARK [2][-]{subsection.4.2.1}{\376\377\166\356\150\007\121\375\145\160\166\204\133\232\116\111}{section.4.2}% 115
\BOOKMARK [2][-]{subsection.4.2.2}{\376\377\217\150\217\371\151\202\163\207\166\204\122\006\211\343}{section.4.2}% 116
\BOOKMARK [2][-]{subsection.4.2.3}{\376\377\173\126\165\145\150\257\136\246\143\250\133\374}{section.4.2}% 117
\BOOKMARK [2][-]{subsection.4.2.4}{\376\377\166\364\211\302\164\006\211\343}{section.4.2}% 118
\BOOKMARK [1][-]{section.4.3}{\376\377\000R\000E\000I\000N\000F\000O\000R\000C\000E\173\227\154\325\377\032\204\231\162\171\123\141\155\033\173\126\165\145\150\257\136\246}{chapter.4}% 119
\BOOKMARK [2][-]{subsection.4.3.1}{\376\377\127\372\147\054\000R\000E\000I\000N\000F\000O\000R\000C\000E\173\227\154\325}{section.4.3}% 120
\BOOKMARK [2][-]{subsection.4.3.2}{\376\377\000R\000E\000I\000N\000F\000O\000R\000C\000E\166\204\145\071\217\333\377\032\126\340\147\234\121\163\174\373\117\356\153\143}{section.4.3}% 121
\BOOKMARK [2][-]{subsection.4.3.3}{\376\377\000R\000E\000I\000N\000F\000O\000R\000C\000E\166\204\145\071\217\333\377\032\137\025\121\145\127\372\176\277}{section.4.3}% 122
\BOOKMARK [2][-]{subsection.4.3.4}{\376\377\000R\000E\000I\000N\000F\000O\000R\000C\000E\166\204\117\030\177\072\160\271}{section.4.3}% 123
\BOOKMARK [1][-]{section.4.4}{\376\377\000A\000c\000t\000o\000r\000-\000C\000r\000i\000t\000i\000c\145\271\154\325\377\032\176\323\124\010\116\367\120\074\121\375\145\160}{chapter.4}% 124
\BOOKMARK [2][-]{subsection.4.4.1}{\376\377\000A\000c\000t\000o\000r\000-\000C\000r\000i\000t\000i\000c\127\372\147\054\140\035\140\363}{section.4.4}% 125
\BOOKMARK [2][-]{subsection.4.4.2}{\376\377\117\030\122\277\121\375\145\160\377\010\000A\000d\000v\000a\000n\000t\000a\000g\000e\000\040\000F\000u\000n\000c\000t\000i\000o\000n\377\011}{section.4.4}% 126
\BOOKMARK [2][-]{subsection.4.4.3}{\376\377\000A\000c\000t\000o\000r\000-\000C\000r\000i\000t\000i\000c\173\227\154\325}{section.4.4}% 127
\BOOKMARK [2][-]{subsection.4.4.4}{\376\377\000A\000c\000t\000o\000r\000-\000C\000r\000i\000t\000i\000c\166\204\117\030\177\072\160\271}{section.4.4}% 128
\BOOKMARK [1][-]{section.4.5}{\376\377\000A\0002\000C\124\214\000A\0003\000C\377\032\136\166\210\114\123\026\000A\000c\000t\000o\000r\000-\000C\000r\000i\000t\000i\000c}{chapter.4}% 129
\BOOKMARK [2][-]{subsection.4.5.1}{\376\377\117\030\122\277\000A\000c\000t\000o\000r\000-\000C\000r\000i\000t\000i\000c\377\010\000A\0002\000C\377\011}{section.4.5}% 130
\BOOKMARK [2][-]{subsection.4.5.2}{\376\377\000A\0002\000C\173\227\154\325}{section.4.5}% 131
\BOOKMARK [2][-]{subsection.4.5.3}{\376\377\137\002\153\145\117\030\122\277\000A\000c\000t\000o\000r\000-\000C\000r\000i\000t\000i\000c\377\010\000A\0003\000C\377\011}{section.4.5}% 132
\BOOKMARK [2][-]{subsection.4.5.4}{\376\377\000A\0002\000C\000\040\000v\000s\000\040\000A\0003\000C\153\324\217\203}{section.4.5}% 133
\BOOKMARK [1][-]{section.4.6}{\376\377\000T\000R\000P\000O\377\032\177\156\117\341\127\337\173\126\165\145\117\030\123\026}{chapter.4}% 134
\BOOKMARK [2][-]{subsection.4.6.1}{\376\377\000T\000R\000P\000O\166\204\127\372\147\054\140\035\140\363}{section.4.6}% 135
\BOOKMARK [2][-]{subsection.4.6.2}{\376\377\000T\000R\000P\000O\166\204\145\160\133\146\137\142\137\017}{section.4.6}% 136
\BOOKMARK [2][-]{subsection.4.6.3}{\376\377\221\315\211\201\140\047\221\307\150\067\377\010\000I\000m\000p\000o\000r\000t\000a\000n\000c\000e\000\040\000S\000a\000m\000p\000l\000i\000n\000g\377\011}{section.4.6}% 137
\BOOKMARK [2][-]{subsection.4.6.4}{\376\377\116\343\164\006\166\356\150\007\121\375\145\160\377\010\000S\000u\000r\000r\000o\000g\000a\000t\000e\000\040\000O\000b\000j\000e\000c\000t\000i\000v\000e\377\011}{section.4.6}% 138
\BOOKMARK [2][-]{subsection.4.6.5}{\376\377\000T\000R\000P\000O\166\204\154\102\211\343}{section.4.6}% 139
\BOOKMARK [2][-]{subsection.4.6.6}{\376\377\000T\000R\000P\000O\173\227\154\325}{section.4.6}% 140
\BOOKMARK [2][-]{subsection.4.6.7}{\376\377\000T\000R\000P\000O\166\204\117\030\177\072\160\271}{section.4.6}% 141
\BOOKMARK [1][-]{section.4.7}{\376\377\000P\000P\000O\377\032\217\321\172\357\173\126\165\145\117\030\123\026}{chapter.4}% 142
\BOOKMARK [2][-]{subsection.4.7.1}{\376\377\000P\000P\000O\166\204\127\372\147\054\140\035\140\363}{section.4.7}% 143
\BOOKMARK [2][-]{subsection.4.7.2}{\376\377\000P\000P\000O\000-\000C\000l\000i\000p\166\356\150\007\121\375\145\160}{section.4.7}% 144
\BOOKMARK [2][-]{subsection.4.7.3}{\376\377\000P\000P\000O\000-\000C\000l\000i\000p\166\204\166\364\211\302\164\006\211\343}{section.4.7}% 145
\BOOKMARK [2][-]{subsection.4.7.4}{\376\377\000P\000P\000O\000-\000P\000e\000n\000a\000l\000t\000y\166\356\150\007\121\375\145\160}{section.4.7}% 146
\BOOKMARK [2][-]{subsection.4.7.5}{\376\377\136\177\116\111\117\030\122\277\117\060\213\241\377\010\000G\000A\000E\377\011}{section.4.7}% 147
\BOOKMARK [2][-]{subsection.4.7.6}{\376\377\000P\000P\000O\173\227\154\325}{section.4.7}% 148
\BOOKMARK [2][-]{subsection.4.7.7}{\376\377\200\124\124\010\143\137\131\061\121\375\145\160}{section.4.7}% 149
\BOOKMARK [2][-]{subsection.4.7.8}{\376\377\000P\000P\000O\166\204\117\030\177\072\160\271}{section.4.7}% 150
\BOOKMARK [1][-]{section.4.8}{\376\377\173\126\165\145\133\146\116\140\145\271\154\325\166\204\153\324\217\203\116\016\136\224\165\050}{chapter.4}% 151
\BOOKMARK [2][-]{subsection.4.8.1}{\376\377\145\271\154\325\133\371\153\324}{section.4.8}% 152
\BOOKMARK [2][-]{subsection.4.8.2}{\376\377\220\011\142\351\143\007\123\127}{section.4.8}% 153
\BOOKMARK [2][-]{subsection.4.8.3}{\376\377\133\236\226\105\136\224\165\050\136\372\213\256}{section.4.8}% 154
\BOOKMARK [1][-]{section.4.9}{\376\377\140\073\176\323\116\016\134\125\147\033}{chapter.4}% 155
\BOOKMARK [2][-]{subsection.4.9.1}{\376\377\173\126\165\145\133\146\116\140\166\204\123\321\134\125\123\206\172\013}{section.4.9}% 156
\BOOKMARK [2][-]{subsection.4.9.2}{\376\377\121\163\225\056\142\200\147\057\122\033\145\260}{section.4.9}% 157
\BOOKMARK [2][-]{subsection.4.9.3}{\376\377\147\052\147\145\123\321\134\125\145\271\124\021}{section.4.9}% 158
\BOOKMARK [2][-]{subsection.4.9.4}{\376\377\133\146\116\140\136\372\213\256}{section.4.9}% 159
