This is pdfTeX, Version 3.141592653-2.6-1.40.27 (TeX Live 2025) (preloaded format=pdflatex 2025.8.30)  2 FEB 2026 02:42
entering extended mode
 restricted \write18 enabled.
 %&-line parsing enabled.
**mcmthesis-demo.tex
(./mcmthesis-demo.tex
LaTeX2e <2024-11-01> patch level 2
L3 programming layer <2025-01-18>
(./mcmthesis.cls
Document Class: mcmthesis 2024/01/22 v6.3.3 The Thesis Template Designed For MC
M/ICM
The Thesis Template Designed For MCM/ICM
(e:/Program Files/LateX/texlive/2025/texmf-dist/tex/latex/xkeyval/xkeyval.sty
Package: xkeyval 2022/06/16 v2.9 package option processing (HA)

(e:/Program Files/LateX/texlive/2025/texmf-dist/tex/generic/xkeyval/xkeyval.tex

(e:/Program Files/LateX/texlive/2025/texmf-dist/tex/generic/xkeyval/xkvutils.te
x
\XKV@toks=\toks17
\XKV@tempa@toks=\toks18

(e:/Program Files/LateX/texlive/2025/texmf-dist/tex/generic/xkeyval/keyval.tex)
)
\XKV@depth=\count196
File: xkeyval.tex 2014/12/03 v2.7a key=value parser (HA)
))
(e:/Program Files/LateX/texlive/2025/texmf-dist/tex/latex/etoolbox/etoolbox.sty
Package: etoolbox 2025/02/11 v2.5l e-TeX tools for LaTeX (JAW)
\etb@tempcnta=\count197
) (e:/Program Files/LateX/texlive/2025/texmf-dist/tex/latex/base/article.cls
Document Class: article 2024/06/29 v1.4n Standard LaTeX document class
(e:/Program Files/LateX/texlive/2025/texmf-dist/tex/latex/base/size12.clo
File: size12.clo 2024/06/29 v1.4n Standard LaTeX file (size option)
)
\c@part=\count198
\c@section=\count199
\c@subsection=\count266
\c@subsubsection=\count267
\c@paragraph=\count268
\c@subparagraph=\count269
\c@figure=\count270
\c@table=\count271
\abovecaptionskip=\skip49
\belowcaptionskip=\skip50
\bibindent=\dimen141
)
(e:/Program Files/LateX/texlive/2025/texmf-dist/tex/latex/fancyhdr/fancyhdr.sty
Package: fancyhdr 2025/02/07 v5.2 Extensive control of page headers and footers

\f@nch@headwidth=\skip51
\f@nch@offset@elh=\skip52
\f@nch@offset@erh=\skip53
\f@nch@offset@olh=\skip54
\f@nch@offset@orh=\skip55
\f@nch@offset@elf=\skip56
\f@nch@offset@erf=\skip57
\f@nch@offset@olf=\skip58
\f@nch@offset@orf=\skip59
\f@nch@height=\skip60
\f@nch@footalignment=\skip61
\f@nch@widthL=\skip62
\f@nch@widthC=\skip63
\f@nch@widthR=\skip64
\@temptokenb=\toks19
)
(e:/Program Files/LateX/texlive/2025/texmf-dist/tex/latex/fancybox/fancybox.sty
Package: fancybox 2010/05/15 1.4
Style option: `fancybox' v1.4 <2010/05/15> (tvz)
\@fancybox=\box52
\shadowsize=\dimen142
\@Sbox=\box53
\do@VerbBox=\toks20
\the@fancyput=\toks21
\this@fancyput=\toks22
\EndVerbatimTokens=\toks23
\Verbatim@Outfile=\write3
\Verbatim@Infile=\read2
) (e:/Program Files/LateX/texlive/2025/texmf-dist/tex/latex/base/ifthen.sty
Package: ifthen 2024/03/16 v1.1e Standard LaTeX ifthen package (DPC)
)
(e:/Program Files/LateX/texlive/2025/texmf-dist/tex/latex/listings/listings.sty
\lst@mode=\count272
\lst@gtempboxa=\box54
\lst@token=\toks24
\lst@length=\count273
\lst@currlwidth=\dimen143
\lst@column=\count274
\lst@pos=\count275
\lst@lostspace=\dimen144
\lst@width=\dimen145
\lst@newlines=\count276
\lst@lineno=\count277
\lst@maxwidth=\dimen146

(e:/Program Files/LateX/texlive/2025/texmf-dist/tex/latex/listings/lstpatch.sty
File: lstpatch.sty 2024/09/23 1.10c (Carsten Heinz)
)
(e:/Program Files/LateX/texlive/2025/texmf-dist/tex/latex/listings/lstmisc.sty
File: lstmisc.sty 2024/09/23 1.10c (Carsten Heinz)
\c@lstnumber=\count278
\lst@skipnumbers=\count279
\lst@framebox=\box55
)
(e:/Program Files/LateX/texlive/2025/texmf-dist/tex/latex/listings/listings.cfg
File: listings.cfg 2024/09/23 1.10c listings configuration
))
Package: listings 2024/09/23 1.10c (Carsten Heinz)

(e:/Program Files/LateX/texlive/2025/texmf-dist/tex/latex/appendix/appendix.sty
Package: appendix 2020/02/08 v1.2c extra appendix facilities
\c@@pps=\count280
\c@@ppsavesec=\count281
\c@@ppsaveapp=\count282
) (e:/Program Files/LateX/texlive/2025/texmf-dist/tex/latex/amscls/amsthm.sty
Package: amsthm 2020/05/29 v2.20.6
\thm@style=\toks25
\thm@bodyfont=\toks26
\thm@headfont=\toks27
\thm@notefont=\toks28
\thm@headpunct=\toks29
\thm@preskip=\skip65
\thm@postskip=\skip66
\thm@headsep=\skip67
\dth@everypar=\toks30
)
(e:/Program Files/LateX/texlive/2025/texmf-dist/tex/latex/amsfonts/amsfonts.sty
Package: amsfonts 2013/01/14 v3.01 Basic AMSFonts support
\@emptytoks=\toks31
\symAMSa=\mathgroup4
\symAMSb=\mathgroup5
LaTeX Font Info:    Redeclaring math symbol \hbar on input line 98.
LaTeX Font Info:    Overwriting math alphabet `\mathfrak' in version `bold'
(Font)                  U/euf/m/n --> U/euf/b/n on input line 106.
) (e:/Program Files/LateX/texlive/2025/texmf-dist/tex/latex/amsmath/amsmath.sty
Package: amsmath 2024/11/05 v2.17t AMS math features
\@mathmargin=\skip68
For additional information on amsmath, use the `?' option.
(e:/Program Files/LateX/texlive/2025/texmf-dist/tex/latex/amsmath/amstext.sty
Package: amstext 2021/08/26 v2.01 AMS text

(e:/Program Files/LateX/texlive/2025/texmf-dist/tex/latex/amsmath/amsgen.sty
File: amsgen.sty 1999/11/30 v2.0 generic functions
\@emptytoks=\toks32
\ex@=\dimen147
))
(e:/Program Files/LateX/texlive/2025/texmf-dist/tex/latex/amsmath/amsbsy.sty
Package: amsbsy 1999/11/29 v1.2d Bold Symbols
\pmbraise@=\dimen148
)
(e:/Program Files/LateX/texlive/2025/texmf-dist/tex/latex/amsmath/amsopn.sty
Package: amsopn 2022/04/08 v2.04 operator names
)
\inf@bad=\count283
LaTeX Info: Redefining \frac on input line 233.
\uproot@=\count284
\leftroot@=\count285
LaTeX Info: Redefining \overline on input line 398.
LaTeX Info: Redefining \colon on input line 409.
\classnum@=\count286
\DOTSCASE@=\count287
LaTeX Info: Redefining \ldots on input line 495.
LaTeX Info: Redefining \dots on input line 498.
LaTeX Info: Redefining \cdots on input line 619.
\Mathstrutbox@=\box56
\strutbox@=\box57
LaTeX Info: Redefining \big on input line 721.
LaTeX Info: Redefining \Big on input line 722.
LaTeX Info: Redefining \bigg on input line 723.
LaTeX Info: Redefining \Bigg on input line 724.
\big@size=\dimen149
LaTeX Font Info:    Redeclaring font encoding OML on input line 742.
LaTeX Font Info:    Redeclaring font encoding OMS on input line 743.
\macc@depth=\count288
LaTeX Info: Redefining \bmod on input line 904.
LaTeX Info: Redefining \pmod on input line 909.
LaTeX Info: Redefining \smash on input line 939.
LaTeX Info: Redefining \relbar on input line 969.
LaTeX Info: Redefining \Relbar on input line 970.
\c@MaxMatrixCols=\count289
\dotsspace@=\muskip17
\c@parentequation=\count290
\dspbrk@lvl=\count291
\tag@help=\toks33
\row@=\count292
\column@=\count293
\maxfields@=\count294
\andhelp@=\toks34
\eqnshift@=\dimen150
\alignsep@=\dimen151
\tagshift@=\dimen152
\tagwidth@=\dimen153
\totwidth@=\dimen154
\lineht@=\dimen155
\@envbody=\toks35
\multlinegap=\skip69
\multlinetaggap=\skip70
\mathdisplay@stack=\toks36
LaTeX Info: Redefining \[ on input line 2953.
LaTeX Info: Redefining \] on input line 2954.
)
(e:/Program Files/LateX/texlive/2025/texmf-dist/tex/latex/tools/bm.sty
Package: bm 2023/12/19 v1.2f Bold Symbol Support (DPC/FMi)
\symboldoperators=\mathgroup6
\symboldletters=\mathgroup7
\symboldsymbols=\mathgroup8
Package bm Info: No bold for \OMX/cmex/m/n, using \pmb.
Package bm Info: No bold for \U/msa/m/n, using \pmb.
Package bm Info: No bold for \U/msb/m/n, using \pmb.
LaTeX Font Info:    Redeclaring math alphabet \mathbf on input line 149.
)
(e:/Program Files/LateX/texlive/2025/texmf-dist/tex/latex/enumitem/enumitem.sty
Package: enumitem 2025/02/06 v3.11 Customized lists
\enitkv@toks@=\toks37
\labelindent=\skip71
\enit@outerparindent=\dimen156
\enit@toks=\toks38
\enit@inbox=\box58
\enit@count@id=\count295
\enitdp@description=\count296
)
(e:/Program Files/LateX/texlive/2025/texmf-dist/tex/latex/hyperref/hyperref.sty
Package: hyperref 2024-11-05 v7.01l Hypertext links for LaTeX
(e:/Program Files/LateX/texlive/2025/texmf-dist/tex/generic/iftex/iftex.sty
Package: iftex 2024/12/12 v1.0g TeX engine tests
)
(e:/Program Files/LateX/texlive/2025/texmf-dist/tex/latex/kvsetkeys/kvsetkeys.s
ty
Package: kvsetkeys 2022-10-05 v1.19 Key value parser (HO)
)
(e:/Program Files/LateX/texlive/2025/texmf-dist/tex/generic/kvdefinekeys/kvdefi
nekeys.sty
Package: kvdefinekeys 2019-12-19 v1.6 Define keys (HO)
)
(e:/Program Files/LateX/texlive/2025/texmf-dist/tex/generic/pdfescape/pdfescape
.sty
Package: pdfescape 2019/12/09 v1.15 Implements pdfTeX's escape features (HO)

(e:/Program Files/LateX/texlive/2025/texmf-dist/tex/generic/ltxcmds/ltxcmds.sty
Package: ltxcmds 2023-12-04 v1.26 LaTeX kernel commands for general use (HO)
)
(e:/Program Files/LateX/texlive/2025/texmf-dist/tex/generic/pdftexcmds/pdftexcm
ds.sty
Package: pdftexcmds 2020-06-27 v0.33 Utility functions of pdfTeX for LuaTeX (HO
)

(e:/Program Files/LateX/texlive/2025/texmf-dist/tex/generic/infwarerr/infwarerr
.sty
Package: infwarerr 2019/12/03 v1.5 Providing info/warning/error messages (HO)
)
Package pdftexcmds Info: \pdf@primitive is available.
Package pdftexcmds Info: \pdf@ifprimitive is available.
Package pdftexcmds Info: \pdfdraftmode found.
))
(e:/Program Files/LateX/texlive/2025/texmf-dist/tex/latex/hycolor/hycolor.sty
Package: hycolor 2020-01-27 v1.10 Color options for hyperref/bookmark (HO)
)
(e:/Program Files/LateX/texlive/2025/texmf-dist/tex/latex/hyperref/nameref.sty
Package: nameref 2023-11-26 v2.56 Cross-referencing by name of section

(e:/Program Files/LateX/texlive/2025/texmf-dist/tex/latex/refcount/refcount.sty
Package: refcount 2019/12/15 v3.6 Data extraction from label references (HO)
)
(e:/Program Files/LateX/texlive/2025/texmf-dist/tex/generic/gettitlestring/gett
itlestring.sty
Package: gettitlestring 2019/12/15 v1.6 Cleanup title references (HO)

(e:/Program Files/LateX/texlive/2025/texmf-dist/tex/latex/kvoptions/kvoptions.s
ty
Package: kvoptions 2022-06-15 v3.15 Key value format for package options (HO)
))
\c@section@level=\count297
)
(e:/Program Files/LateX/texlive/2025/texmf-dist/tex/generic/stringenc/stringenc
.sty
Package: stringenc 2019/11/29 v1.12 Convert strings between diff. encodings (HO
)
)
\@linkdim=\dimen157
\Hy@linkcounter=\count298
\Hy@pagecounter=\count299

(e:/Program Files/LateX/texlive/2025/texmf-dist/tex/latex/hyperref/pd1enc.def
File: pd1enc.def 2024-11-05 v7.01l Hyperref: PDFDocEncoding definition (HO)
Now handling font encoding PD1 ...
... no UTF-8 mapping file for font encoding PD1
)
(e:/Program Files/LateX/texlive/2025/texmf-dist/tex/generic/intcalc/intcalc.sty
Package: intcalc 2019/12/15 v1.3 Expandable calculations with integers (HO)
)
\Hy@SavedSpaceFactor=\count300
 (e:/Program Files/LateX/texlive/2025/texmf-dist/tex/latex/hyperref/puenc.def
File: puenc.def 2024-11-05 v7.01l Hyperref: PDF Unicode definition (HO)
Now handling font encoding PU ...
... no UTF-8 mapping file for font encoding PU
)
Package hyperref Info: Hyper figures OFF on input line 4157.
Package hyperref Info: Link nesting OFF on input line 4162.
Package hyperref Info: Hyper index ON on input line 4165.
Package hyperref Info: Plain pages OFF on input line 4172.
Package hyperref Info: Backreferencing OFF on input line 4177.
Package hyperref Info: Implicit mode ON; LaTeX internals redefined.
Package hyperref Info: Bookmarks ON on input line 4424.
\c@Hy@tempcnt=\count301
(e:/Program Files/LateX/texlive/2025/texmf-dist/tex/latex/url/url.sty
\Urlmuskip=\muskip18
Package: url 2013/09/16  ver 3.4  Verb mode for urls, etc.
)
LaTeX Info: Redefining \url on input line 4763.
\XeTeXLinkMargin=\dimen158

(e:/Program Files/LateX/texlive/2025/texmf-dist/tex/generic/bitset/bitset.sty
Package: bitset 2019/12/09 v1.3 Handle bit-vector datatype (HO)

(e:/Program Files/LateX/texlive/2025/texmf-dist/tex/generic/bigintcalc/bigintca
lc.sty
Package: bigintcalc 2019/12/15 v1.5 Expandable calculations on big integers (HO
)
))
\Fld@menulength=\count302
\Field@Width=\dimen159
\Fld@charsize=\dimen160
Package hyperref Info: Hyper figures OFF on input line 6042.
Package hyperref Info: Link nesting OFF on input line 6047.
Package hyperref Info: Hyper index ON on input line 6050.
Package hyperref Info: backreferencing OFF on input line 6057.
Package hyperref Info: Link coloring OFF on input line 6062.
Package hyperref Info: Link coloring with OCG OFF on input line 6067.
Package hyperref Info: PDF/A mode OFF on input line 6072.

(e:/Program Files/LateX/texlive/2025/texmf-dist/tex/latex/base/atbegshi-ltx.sty
Package: atbegshi-ltx 2021/01/10 v1.0c Emulation of the original atbegshi
package with kernel methods
)
\Hy@abspage=\count303
\c@Item=\count304
\c@Hfootnote=\count305
)
Package hyperref Info: Driver (autodetected): hpdftex.

(e:/Program Files/LateX/texlive/2025/texmf-dist/tex/latex/hyperref/hpdftex.def
File: hpdftex.def 2024-11-05 v7.01l Hyperref driver for pdfTeX

(e:/Program Files/LateX/texlive/2025/texmf-dist/tex/latex/base/atveryend-ltx.st
y
Package: atveryend-ltx 2020/08/19 v1.0a Emulation of the original atveryend pac
kage
with kernel methods
)
\Fld@listcount=\count306
\c@bookmark@seq@number=\count307

(e:/Program Files/LateX/texlive/2025/texmf-dist/tex/latex/rerunfilecheck/rerunf
ilecheck.sty
Package: rerunfilecheck 2022-07-10 v1.10 Rerun checks for auxiliary files (HO)

(e:/Program Files/LateX/texlive/2025/texmf-dist/tex/generic/uniquecounter/uniqu
ecounter.sty
Package: uniquecounter 2019/12/15 v1.4 Provide unlimited unique counter (HO)
)
Package uniquecounter Info: New unique counter `rerunfilecheck' on input line 2
85.
)
\Hy@SectionHShift=\skip72
)
(e:/Program Files/LateX/texlive/2025/texmf-dist/tex/latex/amsfonts/amssymb.sty
Package: amssymb 2013/01/14 v3.01 AMS font symbols
)
(e:/Program Files/LateX/texlive/2025/texmf-dist/tex/latex/jknapltx/mathrsfs.sty
Package: mathrsfs 1996/01/01 Math RSFS package v1.0 (jk)
\symrsfs=\mathgroup9
) (e:/Program Files/LateX/texlive/2025/texmf-dist/tex/latex/base/latexsym.sty
Package: latexsym 1998/08/17 v2.2e Standard LaTeX package (lasy symbols)
\symlasy=\mathgroup10
LaTeX Font Info:    Overwriting symbol font `lasy' in version `bold'
(Font)                  U/lasy/m/n --> U/lasy/b/n on input line 52.
)
(e:/Program Files/LateX/texlive/2025/texmf-dist/tex/latex/tools/longtable.sty
Package: longtable 2024-10-27 v4.22 Multi-page Table package (DPC)
\LTleft=\skip73
\LTright=\skip74
\LTpre=\skip75
\LTpost=\skip76
\LTchunksize=\count308
\LTcapwidth=\dimen161
\LT@head=\box59
\LT@firsthead=\box60
\LT@foot=\box61
\LT@lastfoot=\box62
\LT@gbox=\box63
\LT@cols=\count309
\LT@rows=\count310
\c@LT@tables=\count311
\c@LT@chunks=\count312
\LT@p@ftn=\toks39
)
(e:/Program Files/LateX/texlive/2025/texmf-dist/tex/latex/multirow/multirow.sty
Package: multirow 2024/11/12 v2.9 Span multiple rows of a table
\multirow@colwidth=\skip77
\multirow@cntb=\count313
\multirow@dima=\skip78
\bigstrutjot=\dimen162
) (e:/Program Files/LateX/texlive/2025/texmf-dist/tex/latex/tools/hhline.sty
Package: hhline 2020/01/04 v2.04 Table rule package (DPC)
)
(e:/Program Files/LateX/texlive/2025/texmf-dist/tex/latex/tools/tabularx.sty
Package: tabularx 2023/12/11 v2.12a `tabularx' package (DPC)

(e:/Program Files/LateX/texlive/2025/texmf-dist/tex/latex/tools/array.sty
Package: array 2024/10/17 v2.6g Tabular extension package (FMi)
\col@sep=\dimen163
\ar@mcellbox=\box64
\extrarowheight=\dimen164
\NC@list=\toks40
\extratabsurround=\skip79
\backup@length=\skip80
\ar@cellbox=\box65
)
\TX@col@width=\dimen165
\TX@old@table=\dimen166
\TX@old@col=\dimen167
\TX@target=\dimen168
\TX@delta=\dimen169
\TX@cols=\count314
\TX@ftn=\toks41
)
(e:/Program Files/LateX/texlive/2025/texmf-dist/tex/latex/base/flafter.sty
Package: flafter 2021/07/31 v1.4e Standard LaTeX floats after reference (FMi)
Applying: [2015/01/01] float order in 2-column on input line 49.
Already applied: [0000/00/00] float order in 2-column on input line 151.
)
(e:/Program Files/LateX/texlive/2025/texmf-dist/tex/latex/psnfss/pifont.sty
Package: pifont 2020/03/25 PSNFSS-v9.3 Pi font support (SPQR) 
LaTeX Font Info:    Trying to load font information for U+pzd on input line 63.


(e:/Program Files/LateX/texlive/2025/texmf-dist/tex/latex/psnfss/upzd.fd
File: upzd.fd 2001/06/04 font definitions for U/pzd.
)
LaTeX Font Info:    Trying to load font information for U+psy on input line 64.


(e:/Program Files/LateX/texlive/2025/texmf-dist/tex/latex/psnfss/upsy.fd
File: upsy.fd 2001/06/04 font definitions for U/psy.
))
(e:/Program Files/LateX/texlive/2025/texmf-dist/tex/latex/tools/calc.sty
Package: calc 2023/07/08 v4.3 Infix arithmetic (KKT,FJ)
\calc@Acount=\count315
\calc@Bcount=\count316
\calc@Adimen=\dimen170
\calc@Bdimen=\dimen171
\calc@Askip=\skip81
\calc@Bskip=\skip82
LaTeX Info: Redefining \setlength on input line 80.
LaTeX Info: Redefining \addtolength on input line 81.
\calc@Ccount=\count317
\calc@Cskip=\skip83
)
(e:/Program Files/LateX/texlive/2025/texmf-dist/tex/latex/colortbl/colortbl.sty
Package: colortbl 2024/07/06 v1.0i Color table columns (DPC)
(e:/Program Files/LateX/texlive/2025/texmf-dist/tex/latex/graphics/color.sty
Package: color 2024/06/23 v1.3e Standard LaTeX Color (DPC)

(e:/Program Files/LateX/texlive/2025/texmf-dist/tex/latex/graphics-cfg/color.cf
g
File: color.cfg 2016/01/02 v1.6 sample color configuration
)
Package color Info: Driver file: pdftex.def on input line 149.

(e:/Program Files/LateX/texlive/2025/texmf-dist/tex/latex/graphics-def/pdftex.d
ef
File: pdftex.def 2024/04/13 v1.2c Graphics/color driver for pdftex
)
(e:/Program Files/LateX/texlive/2025/texmf-dist/tex/latex/graphics/mathcolor.lt
x))
\everycr=\toks42
\minrowclearance=\skip84
\rownum=\count318
)
(e:/Program Files/LateX/texlive/2025/texmf-dist/tex/latex/booktabs/booktabs.sty
Package: booktabs 2020/01/12 v1.61803398 Publication quality tables
\heavyrulewidth=\dimen172
\lightrulewidth=\dimen173
\cmidrulewidth=\dimen174
\belowrulesep=\dimen175
\belowbottomsep=\dimen176
\aboverulesep=\dimen177
\abovetopsep=\dimen178
\cmidrulesep=\dimen179
\cmidrulekern=\dimen180
\defaultaddspace=\dimen181
\@cmidla=\count319
\@cmidlb=\count320
\@aboverulesep=\dimen182
\@belowrulesep=\dimen183
\@thisruleclass=\count321
\@lastruleclass=\count322
\@thisrulewidth=\dimen184
)
(e:/Program Files/LateX/texlive/2025/texmf-dist/tex/latex/geometry/geometry.sty
Package: geometry 2020/01/02 v5.9 Page Geometry
(e:/Program Files/LateX/texlive/2025/texmf-dist/tex/generic/iftex/ifvtex.sty
Package: ifvtex 2019/10/25 v1.7 ifvtex legacy package. Use iftex instead.
)
\Gm@cnth=\count323
\Gm@cntv=\count324
\c@Gm@tempcnt=\count325
\Gm@bindingoffset=\dimen185
\Gm@wd@mp=\dimen186
\Gm@odd@mp=\dimen187
\Gm@even@mp=\dimen188
\Gm@layoutwidth=\dimen189
\Gm@layoutheight=\dimen190
\Gm@layouthoffset=\dimen191
\Gm@layoutvoffset=\dimen192
\Gm@dimlist=\toks43
)
(e:/Program Files/LateX/texlive/2025/texmf-dist/tex/latex/base/fontenc.sty
Package: fontenc 2021/04/29 v2.0v Standard LaTeX package
)
(e:/Program Files/LateX/texlive/2025/texmf-dist/tex/latex/bera/berasans.sty
Package: berasans 2004/01/30 (WaS)
)
(e:/Program Files/LateX/texlive/2025/texmf-dist/tex/latex/algorithms/algorithm.
sty
Package: algorithm 2009/08/24 v0.1 Document Style `algorithm' - floating enviro
nment
 (e:/Program Files/LateX/texlive/2025/texmf-dist/tex/latex/float/float.sty
Package: float 2001/11/08 v1.3d Float enhancements (AL)
\c@float@type=\count326
\float@exts=\toks44
\float@box=\box66
\@float@everytoks=\toks45
\@floatcapt=\box67
)
\@float@every@algorithm=\toks46
\c@algorithm=\count327
)
(e:/Program Files/LateX/texlive/2025/texmf-dist/tex/latex/algorithms/algorithmi
c.sty
Package: algorithmic 2009/08/24 v0.1 Document Style `algorithmic'
\c@ALC@unique=\count328
\c@ALC@line=\count329
\c@ALC@rem=\count330
\c@ALC@depth=\count331
\ALC@tlm=\skip85
\algorithmicindent=\skip86
)
(e:/Program Files/LateX/texlive/2025/texmf-dist/tex/generic/iftex/ifpdf.sty
Package: ifpdf 2019/10/25 v3.4 ifpdf legacy package. Use iftex instead.
)
(e:/Program Files/LateX/texlive/2025/texmf-dist/tex/generic/iftex/ifxetex.sty
Package: ifxetex 2019/10/25 v0.7 ifxetex legacy package. Use iftex instead.
)
(e:/Program Files/LateX/texlive/2025/texmf-dist/tex/latex/environ/environ.sty
Package: environ 2014/05/04 v0.3 A new way to define environments

(e:/Program Files/LateX/texlive/2025/texmf-dist/tex/latex/trimspaces/trimspaces
.sty
Package: trimspaces 2009/09/17 v1.1 Trim spaces around a token list
))
(e:/Program Files/LateX/texlive/2025/texmf-dist/tex/latex/graphics/graphicx.sty
Package: graphicx 2021/09/16 v1.2d Enhanced LaTeX Graphics (DPC,SPQR)

(e:/Program Files/LateX/texlive/2025/texmf-dist/tex/latex/graphics/graphics.sty
Package: graphics 2024/08/06 v1.4g Standard LaTeX Graphics (DPC,SPQR)
(e:/Program Files/LateX/texlive/2025/texmf-dist/tex/latex/graphics/trig.sty
Package: trig 2023/12/02 v1.11 sin cos tan (DPC)
)
(e:/Program Files/LateX/texlive/2025/texmf-dist/tex/latex/graphics-cfg/graphics
.cfg
File: graphics.cfg 2016/06/04 v1.11 sample graphics configuration
)
Package graphics Info: Driver file: pdftex.def on input line 106.
)
\Gin@req@height=\dimen193
\Gin@req@width=\dimen194
)
(e:/Program Files/LateX/texlive/2025/texmf-dist/tex/latex/epstopdf-pkg/epstopdf
.sty
Package: epstopdf 2020-01-24 v2.11 Conversion with epstopdf on the fly (HO)

(e:/Program Files/LateX/texlive/2025/texmf-dist/tex/latex/grfext/grfext.sty
Package: grfext 2019/12/03 v1.3 Manage graphics extensions (HO)
)
(e:/Program Files/LateX/texlive/2025/texmf-dist/tex/latex/epstopdf-pkg/epstopdf
-base.sty
Package: epstopdf-base 2020-01-24 v2.11 Base part for package epstopdf
Package epstopdf-base Info: Redefining graphics rule for `.eps' on input line 4
85.
Package grfext Info: Graphics extension search list:
(grfext)             [.pdf,.png,.jpg,.mps,.jpeg,.jbig2,.jb2,.PDF,.PNG,.JPG,.JPE
G,.JBIG2,.JB2,.eps]
(grfext)             \AppendGraphicsExtensions on input line 504.

(e:/Program Files/LateX/texlive/2025/texmf-dist/tex/latex/latexconfig/epstopdf-
sys.cfg
File: epstopdf-sys.cfg 2010/07/13 v1.3 Configuration of (r)epstopdf for TeX Liv
e
)))
(e:/Program Files/LateX/texlive/2025/texmf-dist/tex/latex/xcolor/xcolor.sty
Package: xcolor 2024/09/29 v3.02 LaTeX color extensions (UK)

(e:/Program Files/LateX/texlive/2025/texmf-dist/tex/latex/graphics-cfg/color.cf
g
File: color.cfg 2016/01/02 v1.6 sample color configuration
)
Package xcolor Info: Driver file: pdftex.def on input line 274.
LaTeX Info: Redefining \color on input line 762.

(e:/Program Files/LateX/texlive/2025/texmf-dist/tex/latex/graphics/mathcolor.lt
x)
Package xcolor Info: Model `cmy' substituted by `cmy0' on input line 1349.
Package xcolor Info: Model `hsb' substituted by `rgb' on input line 1353.
Package xcolor Info: Model `RGB' extended on input line 1365.
Package xcolor Info: Model `HTML' substituted by `rgb' on input line 1367.
Package xcolor Info: Model `Hsb' substituted by `hsb' on input line 1368.
Package xcolor Info: Model `tHsb' substituted by `hsb' on input line 1369.
Package xcolor Info: Model `HSB' substituted by `hsb' on input line 1370.
Package xcolor Info: Model `Gray' substituted by `gray' on input line 1371.
Package xcolor Info: Model `wave' substituted by `hsb' on input line 1372.
) (e:/Program Files/LateX/texlive/2025/texmf-dist/tex/latex/xcolor/svgnam.def
File: svgnam.def 2024/09/29 v3.02 Predefined colors according to SVG 1.1 (UK)
)
\c@Theorem=\count332

(e:/Program Files/LateX/texlive/2025/texmf-dist/tex/latex/listings/lstlang1.sty
File: lstlang1.sty 2024/09/23 1.10c listings language file
)
(e:/Program Files/LateX/texlive/2025/texmf-dist/tex/latex/listings/lstmisc.sty
File: lstmisc.sty 2024/09/23 1.10c (Carsten Heinz)
)
LaTeX Info: Redefining \AIcite on input line 362.
) (e:/Program Files/LateX/texlive/2025/texmf-dist/tex/latex/txfonts/txfonts.sty
Package: txfonts 2008/01/22 v3.2.1
LaTeX Font Info:    Redeclaring symbol font `operators' on input line 21.
LaTeX Font Info:    Overwriting symbol font `operators' in version `normal'
(Font)                  OT1/cmr/m/n --> OT1/txr/m/n on input line 21.
LaTeX Font Info:    Overwriting symbol font `operators' in version `bold'
(Font)                  OT1/cmr/bx/n --> OT1/txr/m/n on input line 21.
LaTeX Font Info:    Overwriting symbol font `operators' in version `bold'
(Font)                  OT1/txr/m/n --> OT1/txr/bx/n on input line 22.
\symitalic=\mathgroup11
LaTeX Font Info:    Overwriting symbol font `italic' in version `bold'
(Font)                  OT1/txr/m/it --> OT1/txr/bx/it on input line 26.
LaTeX Font Info:    Redeclaring math alphabet \mathbf on input line 29.
LaTeX Font Info:    Redeclaring math alphabet \mathit on input line 30.
LaTeX Font Info:    Overwriting math alphabet `\mathit' in version `normal'
(Font)                  OT1/cmr/m/it --> OT1/txr/m/it on input line 30.
LaTeX Font Info:    Overwriting math alphabet `\mathit' in version `bold'
(Font)                  OT1/cmr/bx/it --> OT1/txr/m/it on input line 30.
LaTeX Font Info:    Overwriting math alphabet `\mathit' in version `bold'
(Font)                  OT1/txr/m/it --> OT1/txr/bx/it on input line 31.
LaTeX Font Info:    Redeclaring math alphabet \mathsf on input line 40.
LaTeX Font Info:    Overwriting math alphabet `\mathsf' in version `normal'
(Font)                  OT1/cmss/m/n --> OT1/txss/m/n on input line 40.
LaTeX Font Info:    Overwriting math alphabet `\mathsf' in version `bold'
(Font)                  OT1/cmss/bx/n --> OT1/txss/m/n on input line 40.
LaTeX Font Info:    Overwriting math alphabet `\mathsf' in version `bold'
(Font)                  OT1/txss/m/n --> OT1/txss/b/n on input line 41.
LaTeX Font Info:    Redeclaring math alphabet \mathtt on input line 50.
LaTeX Font Info:    Overwriting math alphabet `\mathtt' in version `normal'
(Font)                  OT1/cmtt/m/n --> OT1/txtt/m/n on input line 50.
LaTeX Font Info:    Overwriting math alphabet `\mathtt' in version `bold'
(Font)                  OT1/cmtt/m/n --> OT1/txtt/m/n on input line 50.
LaTeX Font Info:    Overwriting math alphabet `\mathtt' in version `bold'
(Font)                  OT1/txtt/m/n --> OT1/txtt/b/n on input line 51.
LaTeX Font Info:    Redeclaring symbol font `letters' on input line 58.
LaTeX Font Info:    Overwriting symbol font `letters' in version `normal'
(Font)                  OML/cmm/m/it --> OML/txmi/m/it on input line 58.
LaTeX Font Info:    Overwriting symbol font `letters' in version `bold'
(Font)                  OML/cmm/b/it --> OML/txmi/m/it on input line 58.
LaTeX Font Info:    Overwriting symbol font `letters' in version `bold'
(Font)                  OML/txmi/m/it --> OML/txmi/bx/it on input line 59.
\symlettersA=\mathgroup12
LaTeX Font Info:    Overwriting symbol font `lettersA' in version `bold'
(Font)                  U/txmia/m/it --> U/txmia/bx/it on input line 67.
LaTeX Font Info:    Redeclaring math alphabet \mathfrak on input line 70.
LaTeX Font Info:    Redeclaring symbol font `symbols' on input line 77.
LaTeX Font Info:    Overwriting symbol font `symbols' in version `normal'
(Font)                  OMS/cmsy/m/n --> OMS/txsy/m/n on input line 77.
LaTeX Font Info:    Overwriting symbol font `symbols' in version `bold'
(Font)                  OMS/cmsy/b/n --> OMS/txsy/m/n on input line 77.
LaTeX Font Info:    Overwriting symbol font `symbols' in version `bold'
(Font)                  OMS/txsy/m/n --> OMS/txsy/bx/n on input line 78.
LaTeX Font Info:    Redeclaring symbol font `AMSa' on input line 93.
LaTeX Font Info:    Overwriting symbol font `AMSa' in version `normal'
(Font)                  U/msa/m/n --> U/txsya/m/n on input line 93.
LaTeX Font Info:    Overwriting symbol font `AMSa' in version `bold'
(Font)                  U/msa/m/n --> U/txsya/m/n on input line 93.
LaTeX Font Info:    Overwriting symbol font `AMSa' in version `bold'
(Font)                  U/txsya/m/n --> U/txsya/bx/n on input line 94.
LaTeX Font Info:    Redeclaring symbol font `AMSb' on input line 102.
LaTeX Font Info:    Overwriting symbol font `AMSb' in version `normal'
(Font)                  U/msb/m/n --> U/txsyb/m/n on input line 102.
LaTeX Font Info:    Overwriting symbol font `AMSb' in version `bold'
(Font)                  U/msb/m/n --> U/txsyb/m/n on input line 102.
LaTeX Font Info:    Overwriting symbol font `AMSb' in version `bold'
(Font)                  U/txsyb/m/n --> U/txsyb/bx/n on input line 103.
\symsymbolsC=\mathgroup13
LaTeX Font Info:    Overwriting symbol font `symbolsC' in version `bold'
(Font)                  U/txsyc/m/n --> U/txsyc/bx/n on input line 113.
LaTeX Font Info:    Redeclaring symbol font `largesymbols' on input line 120.
LaTeX Font Info:    Overwriting symbol font `largesymbols' in version `normal'
(Font)                  OMX/cmex/m/n --> OMX/txex/m/n on input line 120.
LaTeX Font Info:    Overwriting symbol font `largesymbols' in version `bold'
(Font)                  OMX/cmex/m/n --> OMX/txex/m/n on input line 120.
LaTeX Font Info:    Overwriting symbol font `largesymbols' in version `bold'
(Font)                  OMX/txex/m/n --> OMX/txex/bx/n on input line 121.
\symlargesymbolsA=\mathgroup14
LaTeX Font Info:    Overwriting symbol font `largesymbolsA' in version `bold'
(Font)                  U/txexa/m/n --> U/txexa/bx/n on input line 129.
LaTeX Font Info:    Redeclaring math symbol \mathsterling on input line 164.
LaTeX Info: Redefining \not on input line 1043.
LaTeX Info: Redefining \textsquare on input line 1063.
LaTeX Info: Redefining \openbox on input line 1064.
) (e:/Program Files/LateX/texlive/2025/texmf-dist/tex/latex/caption/caption.sty
Package: caption 2023/08/05 v3.6o Customizing captions (AR)
(e:/Program Files/LateX/texlive/2025/texmf-dist/tex/latex/caption/caption3.sty
Package: caption3 2023/07/31 v2.4d caption3 kernel (AR)
\caption@tempdima=\dimen195
\captionmargin=\dimen196
\caption@leftmargin=\dimen197
\caption@rightmargin=\dimen198
\caption@width=\dimen199
\caption@indent=\dimen256
\caption@parindent=\dimen257
\caption@hangindent=\dimen258
Package caption Info: Standard document class detected.
)
\c@caption@flags=\count333
\c@continuedfloat=\count334
Package caption Info: float package is loaded.
Package caption Info: hyperref package is loaded.
Package caption Info: listings package is loaded.
Package caption Info: longtable package is loaded.

(e:/Program Files/LateX/texlive/2025/texmf-dist/tex/latex/caption/ltcaption.sty
Package: ltcaption 2021/01/08 v1.4c longtable captions (AR)
))
(e:/Program Files/LateX/texlive/2025/texmf-dist/tex/latex/tools/indentfirst.sty
Package: indentfirst 2023/07/02 v1.03 Indent first paragraph (DPC)
) (e:/Program Files/LateX/texlive/2025/texmf-dist/tex/latex/tocloft/tocloft.sty
Package: tocloft 2017/08/31 v2.3i parameterised ToC, etc., typesetting
Package tocloft Info: The document has section divisions on input line 51.
\cftparskip=\skip87
\cftbeforetoctitleskip=\skip88
\cftaftertoctitleskip=\skip89
\cftbeforepartskip=\skip90
\cftpartnumwidth=\skip91
\cftpartindent=\skip92
\cftbeforesecskip=\skip93
\cftsecindent=\skip94
\cftsecnumwidth=\skip95
\cftbeforesubsecskip=\skip96
\cftsubsecindent=\skip97
\cftsubsecnumwidth=\skip98
\cftbeforesubsubsecskip=\skip99
\cftsubsubsecindent=\skip100
\cftsubsubsecnumwidth=\skip101
\cftbeforeparaskip=\skip102
\cftparaindent=\skip103
\cftparanumwidth=\skip104
\cftbeforesubparaskip=\skip105
\cftsubparaindent=\skip106
\cftsubparanumwidth=\skip107
\cftbeforeloftitleskip=\skip108
\cftafterloftitleskip=\skip109
\cftbeforefigskip=\skip110
\cftfigindent=\skip111
\cftfignumwidth=\skip112
\c@lofdepth=\count335
\c@lotdepth=\count336
\cftbeforelottitleskip=\skip113
\cftafterlottitleskip=\skip114
\cftbeforetabskip=\skip115
\cfttabindent=\skip116
\cfttabnumwidth=\skip117
) (e:/Program Files/LateX/texlive/2025/texmf-dist/tex/latex/esint/esint.sty
Package: esint 
LaTeX Font Info:    Redeclaring symbol font `largesymbolsA' on input line 36.
LaTeX Font Info:    Overwriting symbol font `largesymbolsA' in version `normal'

(Font)                  U/txexa/m/n --> U/esint/m/n on input line 36.
LaTeX Font Info:    Overwriting symbol font `largesymbolsA' in version `bold'
(Font)                  U/txexa/bx/n --> U/esint/m/n on input line 36.
)
(e:/Program Files/LateX/texlive/2025/texmf-dist/tex/latex/caption/subcaption.st
y
Package: subcaption 2023/07/28 v1.6b Sub-captions (AR)
Package caption Info: New subtype `subfigure' on input line 238.
\c@subfigure=\count337
Package caption Info: New subtype `subtable' on input line 238.
\c@subtable=\count338
)
\@float@every@table=\toks47

(e:/Program Files/LateX/texlive/2025/texmf-dist/tex/latex/tabularray/tabularray
.sty
(e:/Program Files/LateX/texlive/2025/texmf-dist/tex/latex/l3kernel/expl3.sty
Package: expl3 2025-01-18 L3 programming layer (loader) 

(e:/Program Files/LateX/texlive/2025/texmf-dist/tex/latex/l3backend/l3backend-p
dftex.def
File: l3backend-pdftex.def 2024-05-08 L3 backend support: PDF output (pdfTeX)
\l__color_backend_stack_int=\count339
\l__pdf_internal_box=\box68
))
Package: tabularray 2024-02-16 v2024A Typeset tabulars and arrays with LaTeX3
\l__tblr_a_int=\count340
\l__tblr_c_int=\count341
\l__tblr_r_int=\count342
\l__tblr_d_dim=\dimen259
\l__tblr_h_dim=\dimen260
\l__tblr_o_dim=\dimen261
\l__tblr_p_dim=\dimen262
\l__tblr_q_dim=\dimen263
\l__tblr_r_dim=\dimen264
\l__tblr_s_dim=\dimen265
\l__tblr_t_dim=\dimen266
\l__tblr_v_dim=\dimen267
\l__tblr_w_dim=\dimen268
\l__tblr_a_box=\box69
\l__tblr_b_box=\box70
\l__tblr_c_box=\box71
\l__tblr_d_box=\box72
\g__tblr_table_count_int=\count343
\c@colnum=\count344
\c@rowcount=\count345
\c@colcount=\count346
\abovesep=\dimen269
\belowsep=\dimen270
\leftsep=\dimen271
\rightsep=\dimen272
\g_tblr_level_int=\count347
\g__tblr_data_row_key_count_int=\count348
\g__tblr_data_column_key_count_int=\count349
\g__tblr_data_cell_key_count_int=\count350
\g__tblr_array_int=\count351
\l__tblr_key_count_int=\count352
\l__tblr_key_quotient_int=\count353
\l__tblr_key_quotient_two_int=\count354
\l__tblr_key_remainder_int=\count355
\g__tblr_data_str_value_count_int=\count356
\rulewidth=\dimen273
\l__tblr_strut_dp_dim=\dimen274
\l__tblr_strut_ht_dim=\dimen275
\g__tblr_cell_wd_dim=\dimen276
\g__tblr_cell_ht_dim=\dimen277
\g__tblr_cell_head_dim=\dimen278
\g__tblr_cell_foot_dim=\dimen279
\l__column_target_dim=\dimen280
\l__tblr_caption_box=\box73
\l__tblr_caption_left_box=\box74
\l__tblr_row_head_box=\box75
\l__tblr_row_foot_box=\box76
\l__tblr_row_head_foot_dim=\dimen281
\tablewidth=\dimen282
\l__tblr_table_firsthead_box=\box77
\l__tblr_table_middlehead_box=\box78
\l__tblr_table_lasthead_box=\box79
\l__tblr_table_firstfoot_box=\box80
\l__tblr_table_middlefoot_box=\box81
\l__tblr_table_lastfoot_box=\box82
\l__tblr_remain_height_dim=\dimen283
\l__tblr_long_from_int=\count357
\l__tblr_long_to_int=\count358
\l__tblr_curr_i_int=\count359
\l__tblr_prev_i_int=\count360
\l__tblr_table_page_int=\count361
\l__tblr_table_head_box=\box83
\l__tblr_table_foot_box=\box84
\l__tblr_table_head_foot_dim=\dimen284
\l__tblr_table_head_body_foot_dim=\dimen285
\l__tblr_table_box=\box85
\l__tblr_table_hlines_box=\box86
\l__tblr_hline_box=\box87
\l__tblr_row_box=\box88
\l__tblr_col_o_wd_dim=\dimen286
\l__tblr_col_b_wd_dim=\dimen287
\l__tblr_hline_leftskip_dim=\dimen288
\l__tblr_hline_rightskip_dim=\dimen289
\l__tblr_row_ht_dim=\dimen290
\l__tblr_row_dp_dim=\dimen291
\l__tblr_row_abovesep_dim=\dimen292
\l__tblr_row_belowsep_dim=\dimen293
\l__tblr_row_vlines_box=\box89
\l__tblr_vline_box=\box90
\l__tblr_cell_box=\box91
\l__row_upper_dim=\dimen294
\l__row_lower_dim=\dimen295
\l__row_vpace_dim=\dimen296
\l__tblr_vline_aboveskip_dim=\dimen297
\l__tblr_vline_belowskip_dim=\dimen298
\l__tblr_cell_wd_dim=\dimen299
\l__tblr_cell_ht_dim=\dimen300
\l__tblr_diag_box=\box92
)
(e:/Program Files/LateX/texlive/2025/texmf-dist/tex/latex/biblatex/biblatex.sty
Package: biblatex 2024/03/21 v3.20 programmable bibliographies (PK/MW)
(e:/Program Files/LateX/texlive/2025/texmf-dist/tex/latex/logreq/logreq.sty
Package: logreq 2010/08/04 v1.0 xml request logger
\lrq@indent=\count362

(e:/Program Files/LateX/texlive/2025/texmf-dist/tex/latex/logreq/logreq.def
File: logreq.def 2010/08/04 v1.0 logreq spec v1.0
))
\c@tabx@nest=\count363
\c@listtotal=\count364
\c@listcount=\count365
\c@liststart=\count366
\c@liststop=\count367
\c@citecount=\count368
\c@citetotal=\count369
\c@multicitecount=\count370
\c@multicitetotal=\count371
\c@instcount=\count372
\c@maxnames=\count373
\c@minnames=\count374
\c@maxitems=\count375
\c@minitems=\count376
\c@citecounter=\count377
\c@maxcitecounter=\count378
\c@savedcitecounter=\count379
\c@uniquelist=\count380
\c@uniquename=\count381
\c@refsection=\count382
\c@refsegment=\count383
\c@maxextratitle=\count384
\c@maxextratitleyear=\count385
\c@maxextraname=\count386
\c@maxextradate=\count387
\c@maxextraalpha=\count388
\c@abbrvpenalty=\count389
\c@highnamepenalty=\count390
\c@lownamepenalty=\count391
\c@maxparens=\count392
\c@parenlevel=\count393
\blx@tempcnta=\count394
\blx@tempcntb=\count395
\blx@tempcntc=\count396
\c@blx@maxsection=\count397
\blx@maxsegment@0=\count398
\blx@notetype=\count399
\blx@parenlevel@text=\count400
\blx@parenlevel@foot=\count401
\blx@sectionciteorder@0=\count402
\blx@sectionciteorderinternal@0=\count403
\blx@entrysetcounter=\count404
\blx@biblioinstance=\count405
\labelnumberwidth=\skip118
\labelalphawidth=\skip119
\biblabelsep=\skip120
\bibitemsep=\skip121
\bibnamesep=\skip122
\bibinitsep=\skip123
\bibparsep=\skip124
\bibhang=\skip125
\blx@bcfin=\read3
\blx@bcfout=\write4
\blx@langwohyphens=\language90
\c@mincomprange=\count406
\c@maxcomprange=\count407
\c@mincompwidth=\count408
Package biblatex Info: Trying to load biblatex default data model...
Package biblatex Info: ... file 'blx-dm.def' found.

(e:/Program Files/LateX/texlive/2025/texmf-dist/tex/latex/biblatex/blx-dm.def
File: blx-dm.def 2024/03/21 v3.20 biblatex datamodel (PK/MW)
)
Package biblatex Info: Trying to load biblatex style data model...
Package biblatex Info: ... file 'numeric.dbx' not found.
Package biblatex Info: Trying to load biblatex custom data model...
Package biblatex Info: ... file 'biblatex-dm.cfg' not found.
\c@afterword=\count409
\c@savedafterword=\count410
\c@annotator=\count411
\c@savedannotator=\count412
\c@author=\count413
\c@savedauthor=\count414
\c@bookauthor=\count415
\c@savedbookauthor=\count416
\c@commentator=\count417
\c@savedcommentator=\count418
\c@editor=\count419
\c@savededitor=\count420
\c@editora=\count421
\c@savededitora=\count422
\c@editorb=\count423
\c@savededitorb=\count424
\c@editorc=\count425
\c@savededitorc=\count426
\c@foreword=\count427
\c@savedforeword=\count428
\c@holder=\count429
\c@savedholder=\count430
\c@introduction=\count431
\c@savedintroduction=\count432
\c@namea=\count433
\c@savednamea=\count434
\c@nameb=\count435
\c@savednameb=\count436
\c@namec=\count437
\c@savednamec=\count438
\c@translator=\count439
\c@savedtranslator=\count440
\c@shortauthor=\count441
\c@savedshortauthor=\count442
\c@shorteditor=\count443
\c@savedshorteditor=\count444
\c@labelname=\count445
\c@savedlabelname=\count446
\c@institution=\count447
\c@savedinstitution=\count448
\c@lista=\count449
\c@savedlista=\count450
\c@listb=\count451
\c@savedlistb=\count452
\c@listc=\count453
\c@savedlistc=\count454
\c@listd=\count455
\c@savedlistd=\count456
\c@liste=\count457
\c@savedliste=\count458
\c@listf=\count459
\c@savedlistf=\count460
\c@location=\count461
\c@savedlocation=\count462
\c@organization=\count463
\c@savedorganization=\count464
\c@origlocation=\count465
\c@savedoriglocation=\count466
\c@origpublisher=\count467
\c@savedorigpublisher=\count468
\c@publisher=\count469
\c@savedpublisher=\count470
\c@language=\count471
\c@savedlanguage=\count472
\c@origlanguage=\count473
\c@savedoriglanguage=\count474
\c@pageref=\count475
\c@savedpageref=\count476
\shorthandwidth=\skip126
\shortjournalwidth=\skip127
\shortserieswidth=\skip128
\shorttitlewidth=\skip129
\shortauthorwidth=\skip130
\shorteditorwidth=\skip131
\locallabelnumberwidth=\skip132
\locallabelalphawidth=\skip133
\localshorthandwidth=\skip134
\localshortjournalwidth=\skip135
\localshortserieswidth=\skip136
\localshorttitlewidth=\skip137
\localshortauthorwidth=\skip138
\localshorteditorwidth=\skip139
Package biblatex Info: Trying to load compatibility code...
Package biblatex Info: ... file 'blx-compat.def' found.

(e:/Program Files/LateX/texlive/2025/texmf-dist/tex/latex/biblatex/blx-compat.d
ef
File: blx-compat.def 2024/03/21 v3.20 biblatex compatibility (PK/MW)
)
Package biblatex Info: Trying to load generic definitions...
Package biblatex Info: ... file 'biblatex.def' found.

(e:/Program Files/LateX/texlive/2025/texmf-dist/tex/latex/biblatex/biblatex.def
File: biblatex.def 2024/03/21 v3.20 biblatex compatibility (PK/MW)
\c@textcitecount=\count477
\c@textcitetotal=\count478
\c@textcitemaxnames=\count479
\c@biburlbigbreakpenalty=\count480
\c@biburlbreakpenalty=\count481
\c@biburlnumpenalty=\count482
\c@biburlucpenalty=\count483
\c@biburllcpenalty=\count484
\biburlbigskip=\muskip19
\biburlnumskip=\muskip20
\biburlucskip=\muskip21
\biburllcskip=\muskip22
\c@smartand=\count485
)
Package biblatex Info: Trying to load bibliography style 'numeric'...
Package biblatex Info: ... file 'numeric.bbx' found.

(e:/Program Files/LateX/texlive/2025/texmf-dist/tex/latex/biblatex/bbx/numeric.
bbx
File: numeric.bbx 2024/03/21 v3.20 biblatex bibliography style (PK/MW)
Package biblatex Info: Trying to load bibliography style 'standard'...
Package biblatex Info: ... file 'standard.bbx' found.

(e:/Program Files/LateX/texlive/2025/texmf-dist/tex/latex/biblatex/bbx/standard
.bbx
File: standard.bbx 2024/03/21 v3.20 biblatex bibliography style (PK/MW)
\c@bbx:relatedcount=\count486
\c@bbx:relatedtotal=\count487
))
Package biblatex Info: Trying to load citation style 'numeric'...
Package biblatex Info: ... file 'numeric.cbx' found.

(e:/Program Files/LateX/texlive/2025/texmf-dist/tex/latex/biblatex/cbx/numeric.
cbx
File: numeric.cbx 2024/03/21 v3.20 biblatex citation style (PK/MW)
Package biblatex Info: Redefining '\cite'.
Package biblatex Info: Redefining '\parencite'.
Package biblatex Info: Redefining '\footcite'.
Package biblatex Info: Redefining '\footcitetext'.
Package biblatex Info: Redefining '\smartcite'.
Package biblatex Info: Redefining '\supercite'.
Package biblatex Info: Redefining '\textcite'.
Package biblatex Info: Redefining '\textcites'.
Package biblatex Info: Redefining '\cites'.
Package biblatex Info: Redefining '\parencites'.
Package biblatex Info: Redefining '\smartcites'.
)
Package biblatex Info: Trying to load configuration file...
Package biblatex Info: ... file 'biblatex.cfg' found.

(e:/Program Files/LateX/texlive/2025/texmf-dist/tex/latex/biblatex/biblatex.cfg
File: biblatex.cfg 
)
Package biblatex Info: Input encoding 'utf8' detected.
Package biblatex Info: Document encoding is UTF8 ....
Package biblatex Info: ... and expl3
(biblatex)             2025-01-18 L3 programming layer (loader) 
(biblatex)             is new enough (at least 2020/04/06),
(biblatex)             setting 'casechanger=expl3'.

(e:/Program Files/LateX/texlive/2025/texmf-dist/tex/latex/biblatex/blx-case-exp
l3.sty
(e:/Program Files/LateX/texlive/2025/texmf-dist/tex/latex/l3packages/xparse/xpa
rse.sty
Package: xparse 2024-08-16 L3 Experimental document command parser
)
Package: blx-case-expl3 2024/03/21 v3.20 expl3 case changing code for biblatex
))
\@quotelevel=\count488
\@quotereset=\count489
LaTeX Font Info:    Trying to load font information for T1+txr on input line 48
.

(e:/Program Files/LateX/texlive/2025/texmf-dist/tex/latex/txfonts/t1txr.fd
File: t1txr.fd 2000/12/15 v3.1
)
No file mcmthesis-demo.aux.
\openout1 = `mcmthesis-demo.aux'.

LaTeX Font Info:    Checking defaults for OML/txmi/m/it on input line 48.
LaTeX Font Info:    Trying to load font information for OML+txmi on input line 
48.
(e:/Program Files/LateX/texlive/2025/texmf-dist/tex/latex/txfonts/omltxmi.fd
File: omltxmi.fd 2000/12/15 v3.1
)
LaTeX Font Info:    ... okay on input line 48.
LaTeX Font Info:    Checking defaults for OMS/txsy/m/n on input line 48.
LaTeX Font Info:    Trying to load font information for OMS+txsy on input line 
48.

(e:/Program Files/LateX/texlive/2025/texmf-dist/tex/latex/txfonts/omstxsy.fd
File: omstxsy.fd 2000/12/15 v3.1
)
LaTeX Font Info:    ... okay on input line 48.
LaTeX Font Info:    Checking defaults for OT1/cmr/m/n on input line 48.
LaTeX Font Info:    ... okay on input line 48.
LaTeX Font Info:    Checking defaults for T1/cmr/m/n on input line 48.
LaTeX Font Info:    ... okay on input line 48.
LaTeX Font Info:    Checking defaults for TS1/cmr/m/n on input line 48.
LaTeX Font Info:    ... okay on input line 48.
LaTeX Font Info:    Checking defaults for OMX/txex/m/n on input line 48.
LaTeX Font Info:    Trying to load font information for OMX+txex on input line 
48.

(e:/Program Files/LateX/texlive/2025/texmf-dist/tex/latex/txfonts/omxtxex.fd
File: omxtxex.fd 2000/12/15 v3.1
)
LaTeX Font Info:    ... okay on input line 48.
LaTeX Font Info:    Checking defaults for U/txexa/m/n on input line 48.
LaTeX Font Info:    Trying to load font information for U+txexa on input line 4
8.

(e:/Program Files/LateX/texlive/2025/texmf-dist/tex/latex/txfonts/utxexa.fd
File: utxexa.fd 2000/12/15 v3.1
)
LaTeX Font Info:    ... okay on input line 48.
LaTeX Font Info:    Checking defaults for PD1/pdf/m/n on input line 48.
LaTeX Font Info:    ... okay on input line 48.
LaTeX Font Info:    Checking defaults for PU/pdf/m/n on input line 48.
LaTeX Font Info:    ... okay on input line 48.
\c@lstlisting=\count490
Package hyperref Info: Link coloring OFF on input line 48.
\@outlinefile=\write5
\openout5 = `mcmthesis-demo.out'.


(e:/Program Files/LateX/texlive/2025/texmf-dist/tex/context/base/mkii/supp-pdf.
mkii
[Loading MPS to PDF converter (version 2006.09.02).]
\scratchcounter=\count491
\scratchdimen=\dimen301
\scratchbox=\box93
\nofMPsegments=\count492
\nofMParguments=\count493
\everyMPshowfont=\toks48
\MPscratchCnt=\count494
\MPscratchDim=\dimen302
\MPnumerator=\count495
\makeMPintoPDFobject=\count496
\everyMPtoPDFconversion=\toks49
)
*geometry* driver: auto-detecting
*geometry* detected driver: pdftex
*geometry* verbose mode - [ preamble ] result:
* driver: pdftex
* paper: letterpaper
* layout: <same size as paper>
* layoutoffset:(h,v)=(0.0pt,0.0pt)
* modes: 
* h-part:(L,W,R)=(72.26999pt, 469.75502pt, 72.26999pt)
* v-part:(T,H,B)=(72.26999pt, 650.43001pt, 72.26999pt)
* \paperwidth=614.295pt
* \paperheight=794.96999pt
* \textwidth=469.75502pt
* \textheight=650.43001pt
* \oddsidemargin=0.0pt
* \evensidemargin=0.0pt
* \topmargin=-38.6pt
* \headheight=14.0pt
* \headsep=25.0pt
* \topskip=12.0pt
* \footskip=30.0pt
* \marginparwidth=44.0pt
* \marginparsep=10.0pt
* \columnsep=10.0pt
* \skip\footins=10.8pt plus 4.0pt minus 2.0pt
* \hoffset=0.0pt
* \voffset=0.0pt
* \mag=1000
* \@twocolumnfalse
* \@twosidefalse
* \@mparswitchfalse
* \@reversemarginfalse
* (1in=72.27pt=25.4mm, 1cm=28.453pt)

Package caption Info: Begin \AtBeginDocument code.
Package caption Info: End \AtBeginDocument code.

(e:/Program Files/LateX/texlive/2025/texmf-dist/tex/latex/ninecolors/ninecolors
.sty
Package: ninecolors 2022-02-13 v2022D Select colors with proper color contrast
)
Package biblatex Info: Trying to load language 'english'...
Package biblatex Info: ... file 'english.lbx' found.

(e:/Program Files/LateX/texlive/2025/texmf-dist/tex/latex/biblatex/lbx/english.
lbx
File: english.lbx 2024/03/21 v3.20 biblatex localization (PK/MW)
)
Package biblatex Info: Input encoding 'utf8' detected.
Package biblatex Info: Automatic encoding selection.
(biblatex)             Assuming data encoding 'utf8'.
\openout4 = `mcmthesis-demo.bcf'.

Package biblatex Info: Trying to load bibliographic data...
Package biblatex Info: ... file 'mcmthesis-demo.bbl' found.
 (./mcmthesis-demo.bbl)
Package biblatex Info: Reference section=0 on input line 48.
Package biblatex Info: Reference segment=0 on input line 48.
LaTeX Font Info:    Font shape `T1/txr/b/n' in size <12> not available
(Font)              Font shape `T1/txr/bx/n' tried instead on input line 67.
LaTeX Font Info:    Font shape `T1/txr/b/n' in size <17.28> not available
(Font)              Font shape `T1/txr/bx/n' tried instead on input line 67.


[1

{e:/Program Files/LateX/texlive/2025/texmf-var/fonts/map/pdftex/updmap/pdftex.m
ap}{e:/Program Files/LateX/texlive/2025/texmf-dist/fonts/enc/dvips/base/8r.enc}
]
No file mcmthesis-demo.toc.
\tf@toc=\write6
\openout6 = `mcmthesis-demo.toc'.



[2]
LaTeX Font Info:    Font shape `T1/txr/b/n' in size <14.4> not available
(Font)              Font shape `T1/txr/bx/n' tried instead on input line 87.
LaTeX Font Info:    Trying to load font information for TS1+txr on input line 9
5.
 (e:/Program Files/LateX/texlive/2025/texmf-dist/tex/latex/txfonts/ts1txr.fd
File: ts1txr.fd 2000/12/15 v3.1
)

LaTeX Font Info:    Trying to load font information for T1+txss on input line 1
08.
(e:/Program Files/LateX/texlive/2025/texmf-dist/tex/latex/txfonts/t1txss.fd
File: t1txss.fd 2000/12/15 v3.1
)
LaTeX Font Info:    Font shape `T1/txss/m/n' will be
(Font)              scaled to size 10.40245pt on input line 108.
LaTeX Font Info:    Font shape `T1/txr/b/n' in size <10.95> not available
(Font)              Font shape `T1/txr/bx/n' tried instead on input line 108.


LaTeX Warning: Reference `LastPage' on page 3 undefined on input line 108.

[3]
<figures/fig1.png, id=33, 1087.06125pt x 770.88pt>
File: figures/fig1.png Graphic file (type png)
<use figures/fig1.png>
Package pdftex.def Info: figures/fig1.png  used on input line 114.
(pdftex.def)             Requested size: 375.80544pt x 266.49496pt.


LaTeX Warning: Reference `fig1' on page 4 undefined on input line 118.


LaTeX Warning: Reference `workflow' on page 4 undefined on input line 122.

<figures/fig1.jpg, id=35, 308.56854pt x 242.79472pt>
File: figures/fig1.jpg Graphic file (type jpg)
<use figures/fig1.jpg>
Package pdftex.def Info: figures/fig1.jpg  used on input line 127.
(pdftex.def)             Requested size: 375.80544pt x 295.70157pt.



LaTeX Warning: Reference `LastPage' on page 4 undefined on input line 130.

[4 <./figures/fig1.png>]
LaTeX Font Info:    Trying to load font information for OT1+txr on input line 1
39.

(e:/Program Files/LateX/texlive/2025/texmf-dist/tex/latex/txfonts/ot1txr.fd
File: ot1txr.fd 2000/12/15 v3.1
)
LaTeX Font Info:    Trying to load font information for U+txsya on input line 1
39.

(e:/Program Files/LateX/texlive/2025/texmf-dist/tex/latex/txfonts/utxsya.fd
File: utxsya.fd 2000/12/15 v3.1
)
LaTeX Font Info:    Trying to load font information for U+txsyb on input line 1
39.

(e:/Program Files/LateX/texlive/2025/texmf-dist/tex/latex/txfonts/utxsyb.fd
File: utxsyb.fd 2000/12/15 v3.1
)
LaTeX Font Info:    Trying to load font information for U+rsfs on input line 13
9.

(e:/Program Files/LateX/texlive/2025/texmf-dist/tex/latex/jknapltx/ursfs.fd
File: ursfs.fd 1998/03/24 rsfs font definition file (jk)
)
LaTeX Font Info:    Trying to load font information for U+lasy on input line 13
9.

(e:/Program Files/LateX/texlive/2025/texmf-dist/tex/latex/base/ulasy.fd
File: ulasy.fd 1998/08/17 v2.2e LaTeX symbol font definitions
)
LaTeX Font Info:    Trying to load font information for U+txmia on input line 1
39.

(e:/Program Files/LateX/texlive/2025/texmf-dist/tex/latex/txfonts/utxmia.fd
File: utxmia.fd 2000/12/15 v3.1
)
LaTeX Font Info:    Trying to load font information for U+txsyc on input line 1
39.

(e:/Program Files/LateX/texlive/2025/texmf-dist/tex/latex/txfonts/utxsyc.fd
File: utxsyc.fd 2000/12/15 v3.1
)
LaTeX Font Info:    Trying to load font information for U+esint on input line 1
39.

(e:/Program Files/LateX/texlive/2025/texmf-dist/tex/latex/esint/uesint.fd
File: uesint.fd 
)


LaTeX Warning: Reference `LastPage' on page 5 undefined on input line 144.

[5 <./figures/fig1.jpg>]

LaTeX Warning: Reference `tbl1' on page 6 undefined on input line 149.




LaTeX Warning: Reference `LastPage' on page 6 undefined on input line 195.

[6]

! LaTeX Error: Unicode character  (U+200B)
               not set up for use with LaTeX.

See the LaTeX manual or LaTeX Companion for explanation.
Type  H <return>  for immediate help.
 ...                                              
                                                  
l.237 \item Standby Mode
                            (screen off, minimal background activity);
You may provide a definition with
\DeclareUnicodeCharacter 




LaTeX Warning: Reference `LastPage' on page 7 undefined on input line 238.

[7]

! LaTeX Error: Unicode character  (U+200B)
               not set up for use with LaTeX.

See the LaTeX manual or LaTeX Companion for explanation.
Type  H <return>  for immediate help.
 ...                                              
                                                  
l.238 \item Web Browsing
                            (moderate screen brightness, periodic network re...

You may provide a definition with
\DeclareUnicodeCharacter 


! LaTeX Error: Unicode character  (U+200B)
               not set up for use with LaTeX.

See the LaTeX manual or LaTeX Companion for explanation.
Type  H <return>  for immediate help.
 ...                                              
                                                  
l.239 \item Video Streaming
                               (high brightness, continuous playback, displa...

You may provide a definition with
\DeclareUnicodeCharacter 


! LaTeX Error: Unicode character  (U+200B)
               not set up for use with LaTeX.

See the LaTeX manual or LaTeX Companion for explanation.
Type  H <return>  for immediate help.
 ...                                              
                                                  
l.240 \item Gaming
                      (maximum CPU/GPU, high brightness, intensive 3D render...

You may provide a definition with
\DeclareUnicodeCharacter 


! LaTeX Error: Unicode character  (U+200B)
               not set up for use with LaTeX.

See the LaTeX manual or LaTeX Companion for explanation.
Type  H <return>  for immediate help.
 ...                                              
                                                  
l.241 \item Navigation
                          (continuous GPS, moderate screen and CPU usage)
You may provide a definition with
\DeclareUnicodeCharacter 


LaTeX Warning: Reference `tbl:scenario_power' on page 8 undefined on input line
 243.




LaTeX Warning: Reference `LastPage' on page 8 undefined on input line 277.

[8]

LaTeX Warning: Reference `eq:ocv_soc' on page 9 undefined on input line 307.




LaTeX Warning: Reference `LastPage' on page 9 undefined on input line 313.

[9]

LaTeX Warning: Reference `fig2' on page 10 undefined on input line 345.

<figures/fig2.png, id=89, 1345.27594pt x 797.22844pt>
File: figures/fig2.png Graphic file (type png)
<use figures/fig2.png>
Package pdftex.def Info: figures/fig2.png  used on input line 350.
(pdftex.def)             Requested size: 469.75502pt x 278.37724pt.



LaTeX Warning: Reference `LastPage' on page 10 undefined on input line 353.

[10]


LaTeX Warning: Reference `LastPage' on page 11 undefined on input line 381.

[11 <./figures/fig2.png (PNG copy)>]


LaTeX Warning: Reference `LastPage' on page 12 undefined on input line 429.

[12]

LaTeX Warning: Reference `eq6' on page 13 undefined on input line 433.


LaTeX Warning: Reference `eq:tte_definition' on page 13 undefined on input line
 433.




LaTeX Warning: Reference `LastPage' on page 13 undefined on input line 479.

[13]

LaTeX Warning: Reference `eq:ctmc-matrix' on page 14 undefined on input line 49
4.

Package hyperref Info: bookmark level for unknown algorithm defaults to 0 on in
put line 502.

LaTeX Warning: Reference `eq:stochastic-power' on page 14 undefined on input li
ne 519.


LaTeX Warning: Reference `eq:rk4-full' on page 14 undefined on input line 523.

LaTeX Font Info:    Freeze math alphabet allocation in version normal.
(Font)              Allocated math groups: 15 (local: 2) on input line 526.
LaTeX Font Info:    Undo math alphabet allocation in version normal on input li
ne 526.
LaTeX Font Info:    No math alphabet change to frozen version normal on input l
ine 528.
LaTeX Font Info:    No math alphabet change to frozen version normal on input l
ine 535.
LaTeX Font Info:    No math alphabet change to frozen version normal on input l
ine 535.
LaTeX Font Info:    No math alphabet change to frozen version normal on input l
ine 535.
LaTeX Font Info:    No math alphabet change to frozen version normal on input l
ine 535.
LaTeX Font Info:    No math alphabet change to frozen version normal on input l
ine 540.
LaTeX Font Info:    No math alphabet change to frozen version normal on input l
ine 540.
LaTeX Font Info:    No math alphabet change to frozen version normal on input l
ine 540.
LaTeX Font Info:    No math alphabet change to frozen version normal on input l
ine 540.
LaTeX Font Info:    No math alphabet change to frozen version normal on input l
ine 540.
LaTeX Font Info:    No math alphabet change to frozen version normal on input l
ine 541.
LaTeX Font Info:    No math alphabet change to frozen version normal on input l
ine 541.
LaTeX Font Info:    No math alphabet change to frozen version normal on input l
ine 541.
LaTeX Font Info:    No math alphabet change to frozen version normal on input l
ine 541.
LaTeX Font Info:    No math alphabet change to frozen version normal on input l
ine 543.
LaTeX Font Info:    No math alphabet change to frozen version normal on input l
ine 543.
LaTeX Font Info:    No math alphabet change to frozen version normal on input l
ine 544.
LaTeX Font Info:    No math alphabet change to frozen version normal on input l
ine 544.
LaTeX Font Info:    No math alphabet change to frozen version normal on input l
ine 552.
LaTeX Font Info:    No math alphabet change to frozen version normal on input l
ine 552.
LaTeX Font Info:    No math alphabet change to frozen version normal on input l
ine 553.
LaTeX Font Info:    No math alphabet change to frozen version normal on input l
ine 553.
LaTeX Font Info:    No math alphabet change to frozen version normal on input l
ine 553.
LaTeX Font Info:    No math alphabet change to frozen version normal on input l
ine 553.



LaTeX Warning: Reference `LastPage' on page 14 undefined on input line 555.

[14]
LaTeX Font Info:    No math alphabet change to frozen version normal on input l
ine 555.
LaTeX Font Info:    No math alphabet change to frozen version normal on input l
ine 555.
LaTeX Font Info:    No math alphabet change to frozen version normal on input l
ine 556.
LaTeX Font Info:    No math alphabet change to frozen version normal on input l
ine 556.


LaTeX Warning: Reference `tbl:tte_results' on page 15 undefined on input line 5
58.

LaTeX Font Info:    No math alphabet change to frozen version normal on input l
ine 563.
LaTeX Font Info:    No math alphabet change to frozen version normal on input l
ine 563.
LaTeX Font Info:    No math alphabet change to frozen version normal on input l
ine 575.



LaTeX Warning: Reference `LastPage' on page 15 undefined on input line 577.

[15]

LaTeX Warning: Reference `fig:tte-overall-distribution' on page 16 undefined on
 input line 580.


LaTeX Warning: Reference `fig:tte-scenario-comparison' on page 16 undefined on 
input line 582.

<figures/tte_distribution.pdf, id=179, 249.96387pt x 191.20435pt>
File: figures/tte_distribution.pdf Graphic file (type pdf)
<use figures/tte_distribution.pdf>
Package pdftex.def Info: figures/tte_distribution.pdf  used on input line 594.
(pdftex.def)             Requested size: 211.38832pt x 161.70169pt.
<figures/tte_scenario_comparison.pdf, id=180, 322.74579pt x 251.56987pt>
File: figures/tte_scenario_comparison.pdf Graphic file (type pdf)
<use figures/tte_scenario_comparison.pdf>
Package pdftex.def Info: figures/tte_scenario_comparison.pdf  used on input lin
e 600.
(pdftex.def)             Requested size: 211.38832pt x 164.7737pt.
LaTeX Font Info:    No math alphabet change to frozen version normal on input l
ine 607.

LaTeX Warning: Reference `fig:tte_uncertainty' on page 16 undefined on input li
ne 607.

<./figures/tte_uncertainty_quantification_monte_carlo.pdf, id=181, 351.02141pt 
x 234.98792pt>
File: ./figures/tte_uncertainty_quantification_monte_carlo.pdf Graphic file (ty
pe pdf)
<use ./figures/tte_uncertainty_quantification_monte_carlo.pdf>
Package pdftex.def Info: ./figures/tte_uncertainty_quantification_monte_carlo.p
df  used on input line 611.
(pdftex.def)             Requested size: 399.29463pt x 267.31886pt.



LaTeX Warning: Reference `LastPage' on page 16 undefined on input line 615.

[16 <./figures/tte_distribution.pdf> <./figures/tte_scenario_comparison.pdf>]

LaTeX Warning: Reference `tbl:probabilistic-results' on page 17 undefined on in
put line 621.

LaTeX Font Info:    No math alphabet change to frozen version normal on input l
ine 636.

LaTeX Warning: Reference `fig:param_sensitivity' on page 17 undefined on input 
line 656.

LaTeX Font Info:    No math alphabet change to frozen version normal on input l
ine 656.
LaTeX Font Info:    No math alphabet change to frozen version normal on input l
ine 656.
LaTeX Font Info:    No math alphabet change to frozen version normal on input l
ine 656.



LaTeX Warning: Reference `LastPage' on page 17 undefined on input line 657.

[17 <./figures/tte_uncertainty_quantification_monte_carlo.pdf>]

LaTeX Warning: Reference `fig:error_trends' on page 18 undefined on input line 
658.

<./figures/parameter_sensitivity_tte_predictions.pdf, id=1450, 402.70451pt x 26
9.1154pt>
File: ./figures/parameter_sensitivity_tte_predictions.pdf Graphic file (type pd
f)
<use ./figures/parameter_sensitivity_tte_predictions.pdf>
Package pdftex.def Info: ./figures/parameter_sensitivity_tte_predictions.pdf  u
sed on input line 664.
(pdftex.def)             Requested size: 211.38832pt x 141.26305pt.
<./figures/key_parameter_sensitivity_analysis.pdf, id=1451, 270.08904pt x 187.2
0941pt>
File: ./figures/key_parameter_sensitivity_analysis.pdf Graphic file (type pdf)
<use ./figures/key_parameter_sensitivity_analysis.pdf>
Package pdftex.def Info: ./figures/key_parameter_sensitivity_analysis.pdf  used
 on input line 670.
(pdftex.def)             Requested size: 211.38832pt x 146.5255pt.

LaTeX Warning: Reference `tbl:tte_scenarios' on page 18 undefined on input line
 690.

LaTeX Font Info:    No math alphabet change to frozen version normal on input l
ine 694.
LaTeX Font Info:    No math alphabet change to frozen version normal on input l
ine 694.
LaTeX Font Info:    No math alphabet change to frozen version normal on input l
ine 706.
LaTeX Font Info:    No math alphabet change to frozen version normal on input l
ine 709.



LaTeX Warning: Reference `LastPage' on page 18 undefined on input line 711.

[18 <./figures/parameter_sensitivity_tte_predictions.pdf> <./figures/key_parame
ter_sensitivity_analysis.pdf>]
LaTeX Font Info:    No math alphabet change to frozen version normal on input l
ine 716.
LaTeX Font Info:    No math alphabet change to frozen version normal on input l
ine 716.
LaTeX Font Info:    No math alphabet change to frozen version normal on input l
ine 717.
LaTeX Font Info:    No math alphabet change to frozen version normal on input l
ine 717.
LaTeX Font Info:    No math alphabet change to frozen version normal on input l
ine 717.
LaTeX Font Info:    No math alphabet change to frozen version normal on input l
ine 717.
LaTeX Font Info:    No math alphabet change to frozen version normal on input l
ine 720.
LaTeX Font Info:    No math alphabet change to frozen version normal on input l
ine 720.
LaTeX Font Info:    No math alphabet change to frozen version normal on input l
ine 721.
LaTeX Font Info:    No math alphabet change to frozen version normal on input l
ine 721.
LaTeX Font Info:    No math alphabet change to frozen version normal on input l
ine 721.
LaTeX Font Info:    No math alphabet change to frozen version normal on input l
ine 721.
LaTeX Font Info:    No math alphabet change to frozen version normal on input l
ine 725.
LaTeX Font Info:    No math alphabet change to frozen version normal on input l
ine 725.
LaTeX Font Info:    No math alphabet change to frozen version normal on input l
ine 725.
LaTeX Font Info:    No math alphabet change to frozen version normal on input l
ine 726.
LaTeX Font Info:    No math alphabet change to frozen version normal on input l
ine 726.
LaTeX Font Info:    No math alphabet change to frozen version normal on input l
ine 726.
LaTeX Font Info:    No math alphabet change to frozen version normal on input l
ine 726.
LaTeX Font Info:    No math alphabet change to frozen version normal on input l
ine 729.
LaTeX Font Info:    No math alphabet change to frozen version normal on input l
ine 729.
LaTeX Font Info:    No math alphabet change to frozen version normal on input l
ine 730.
LaTeX Font Info:    No math alphabet change to frozen version normal on input l
ine 731.
LaTeX Font Info:    No math alphabet change to frozen version normal on input l
ine 731.
LaTeX Font Info:    No math alphabet change to frozen version normal on input l
ine 731.
LaTeX Font Info:    No math alphabet change to frozen version normal on input l
ine 731.
LaTeX Font Info:    No math alphabet change to frozen version normal on input l
ine 734.
LaTeX Font Info:    No math alphabet change to frozen version normal on input l
ine 734.


LaTeX Warning: Reference `tbl:sobol_results' on page 19 undefined on input line
 735.

LaTeX Font Info:    No math alphabet change to frozen version normal on input l
ine 735.
LaTeX Font Info:    No math alphabet change to frozen version normal on input l
ine 735.
LaTeX Font Info:    No math alphabet change to frozen version normal on input l
ine 743.
LaTeX Font Info:    No math alphabet change to frozen version normal on input l
ine 743.
LaTeX Font Info:    No math alphabet change to frozen version normal on input l
ine 745.
LaTeX Font Info:    No math alphabet change to frozen version normal on input l
ine 746.
LaTeX Font Info:    No math alphabet change to frozen version normal on input l
ine 747.
LaTeX Font Info:    No math alphabet change to frozen version normal on input l
ine 748.
LaTeX Font Info:    No math alphabet change to frozen version normal on input l
ine 750.
LaTeX Font Info:    No math alphabet change to frozen version normal on input l
ine 754.

LaTeX Warning: Reference `fig:tte_uncertainty' on page 19 undefined on input li
ne 754.




LaTeX Warning: Reference `LastPage' on page 19 undefined on input line 755.

[19]


LaTeX Warning: Reference `LastPage' on page 20 undefined on input line 787.

[20]
Overfull \hbox (3.1157pt too wide) in paragraph at lines 787--788
[]\T1/txr/bx/n/12 Practical ap-pli-ca-bil-ity\T1/txr/m/n/12 : The model of-fers
 ac-tion-able rec-om-men-da-tions for users (e.g., bright-
 []




LaTeX Warning: Reference `LastPage' on page 21 undefined on input line 814.

[21]
Overfull \hbox (10.219pt too wide) in paragraph at lines 824--825
[]\T1/txr/bx/n/12 Electrochemical-Aware Pa-ram-e-ter-i-za-tion\T1/txr/m/n/12 : 
In-cor-po-rate pseudo-two-dimensional (P2D) elec-
 []


Overfull \hbox (2.38367pt too wide) in paragraph at lines 826--827
[]\T1/txr/bx/n/12 Frequency-Domain Val-i-da-tion\T1/txr/m/n/12 : De-velop imped
ance spectroscopy-based val-i-da-tion by com-
 []

LaTeX Font Info:    No math alphabet change to frozen version normal on input l
ine 833.



LaTeX Warning: Reference `LastPage' on page 22 undefined on input line 854.

[22]
Overfull \hbox (1.47165pt too wide) in paragraph at lines 862--863
[]\T1/txr/bx/n/12 Thermal-Aging Cou-pling\T1/txr/m/n/12 : De-velop cou-pled dif
-fer-en-tial equa-tions that si-mul-ta-ne-ously solve
 []


Overfull \hbox (0.25967pt too wide) in paragraph at lines 867--868
[]\T1/txr/bx/n/12 Contact Re-sis-tance In-clu-sion\T1/txr/m/n/12 : Ex-tend the 
ter-mi-nal volt-age equa-tion to in-clude time-varying
 []




LaTeX Warning: Reference `LastPage' on page 23 undefined on input line 892.

[23]
Overfull \hbox (2.55168pt too wide) in paragraph at lines 896--897
[]\T1/txr/bx/n/12 AI-Powered Us-age Pat-tern Recog-ni-tion\T1/txr/m/n/12 : In-t
e-grate ma-chine learn-ing clas-si-fiers (e.g., LSTM
 []


Overfull \hbox (3.10365pt too wide) in paragraph at lines 923--924
[]\T1/txr/bx/n/12 Global Sen-si-tiv-ity Anal-y-sis En-hance-ment\T1/txr/m/n/12 
: Ex-tend sim-ple pa-ram-e-ter per-tur-ba-tions to global
 []




LaTeX Warning: Reference `LastPage' on page 24 undefined on input line 933.

[24]
LaTeX Font Info:    No math alphabet change to frozen version normal on input l
ine 966.
LaTeX Font Info:    No math alphabet change to frozen version normal on input l
ine 966.



LaTeX Warning: Reference `LastPage' on page 25 undefined on input line 967.

[25]
LaTeX Font Info:    No math alphabet change to frozen version normal on input l
ine 968.
LaTeX Font Info:    No math alphabet change to frozen version normal on input l
ine 968.
LaTeX Font Info:    No math alphabet change to frozen version normal on input l
ine 974.
LaTeX Font Info:    No math alphabet change to frozen version normal on input l
ine 974.
LaTeX Font Info:    No math alphabet change to frozen version normal on input l
ine 974.
LaTeX Font Info:    No math alphabet change to frozen version normal on input l
ine 976.
LaTeX Font Info:    No math alphabet change to frozen version normal on input l
ine 976.
LaTeX Font Info:    No math alphabet change to frozen version normal on input l
ine 984.
LaTeX Font Info:    No math alphabet change to frozen version normal on input l
ine 984.
LaTeX Font Info:    No math alphabet change to frozen version normal on input l
ine 985.
LaTeX Font Info:    No math alphabet change to frozen version normal on input l
ine 985.
LaTeX Font Info:    No math alphabet change to frozen version normal on input l
ine 991.
LaTeX Font Info:    No math alphabet change to frozen version normal on input l
ine 992.
LaTeX Font Info:    No math alphabet change to frozen version normal on input l
ine 992.
LaTeX Font Info:    No math alphabet change to frozen version normal on input l
ine 992.
LaTeX Font Info:    No math alphabet change to frozen version normal on input l
ine 992.
LaTeX Font Info:    No math alphabet change to frozen version normal on input l
ine 992.
LaTeX Font Info:    No math alphabet change to frozen version normal on input l
ine 992.
LaTeX Font Info:    No math alphabet change to frozen version normal on input l
ine 992.



LaTeX Warning: Reference `LastPage' on page 26 undefined on input line 993.

[26]
LaTeX Font Info:    No math alphabet change to frozen version normal on input l
ine 998.
LaTeX Font Info:    No math alphabet change to frozen version normal on input l
ine 998.
LaTeX Font Info:    No math alphabet change to frozen version normal on input l
ine 998.



LaTeX Warning: Reference `LastPage' on page 27 undefined on input line 1026.

[27]
LaTeX Font Info:    Font shape `T1/txr/b/n' in size <24.88> not available
(Font)              Font shape `T1/txr/bx/n' tried instead on input line 1029.
LaTeX Font Info:    No math alphabet change to frozen version normal on input l
ine 1035.
LaTeX Font Info:    No math alphabet change to frozen version normal on input l
ine 1035.
LaTeX Font Info:    No math alphabet change to frozen version normal on input l
ine 1035.
LaTeX Font Info:    No math alphabet change to frozen version normal on input l
ine 1036.
LaTeX Font Info:    No math alphabet change to frozen version normal on input l
ine 1037.
LaTeX Font Info:    No math alphabet change to frozen version normal on input l
ine 1037.
LaTeX Font Info:    No math alphabet change to frozen version normal on input l
ine 1038.
LaTeX Font Info:    No math alphabet change to frozen version normal on input l
ine 1038.
LaTeX Font Info:    No math alphabet change to frozen version normal on input l
ine 1039.
LaTeX Font Info:    No math alphabet change to frozen version normal on input l
ine 1039.



LaTeX Warning: Reference `LastPage' on page 28 undefined on input line 1063.

[28]

[29

] (./mcmthesis-demo.aux)
 ***********
LaTeX2e <2024-11-01> patch level 2
L3 programming layer <2025-01-18>
 ***********


LaTeX Warning: There were undefined references.


LaTeX Warning: Label(s) may have changed. Rerun to get cross-references right.


Package rerunfilecheck Warning: File `mcmthesis-demo.out' has changed.
(rerunfilecheck)                Rerun to get outlines right
(rerunfilecheck)                or use package `bookmark'.

Package rerunfilecheck Info: Checksums for `mcmthesis-demo.out':
(rerunfilecheck)             Before: <no file>
(rerunfilecheck)             After:  769725ACD6CBBCB0C816979FAEC8406B;10402.

Package biblatex Warning: Please (re)run Biber on the file:
(biblatex)                mcmthesis-demo
(biblatex)                and rerun LaTeX afterwards.

Package logreq Info: Writing requests to 'mcmthesis-demo.run.xml'.
\openout1 = `mcmthesis-demo.run.xml'.

 ) 
Here is how much of TeX's memory you used:
 27534 strings out of 473190
 489689 string characters out of 5709525
 1432326 words of memory out of 5000000
 50168 multiletter control sequences out of 15000+600000
 628667 words of font info for 154 fonts, out of 8000000 for 9000
 1141 hyphenation exceptions out of 8191
 90i,13n,117p,1191b,1501s stack positions out of 10000i,1000n,20000p,200000b,200000s
<e:/Program Files/LateX/texlive/2025/texmf-dist/fonts/type1/public/amsfonts/c
m/cmmib10.pfb><e:/Program Files/LateX/texlive/2025/texmf-dist/fonts/type1/publi
c/amsfonts/cmextra/cmmib8.pfb><e:/Program Files/LateX/texlive/2025/texmf-dist/f
onts/type1/public/esint-type1/esint10.pfb><e:/Program Files/LateX/texlive/2025/
texmf-dist/fonts/type1/public/txfonts/rtcxr.pfb><e:/Program Files/LateX/texlive
/2025/texmf-dist/fonts/type1/public/txfonts/rtxb.pfb><e:/Program Files/LateX/te
xlive/2025/texmf-dist/fonts/type1/public/txfonts/rtxmi.pfb><e:/Program Files/La
teX/texlive/2025/texmf-dist/fonts/type1/public/txfonts/rtxr.pfb><e:/Program Fil
es/LateX/texlive/2025/texmf-dist/fonts/type1/public/txfonts/txex.pfb><e:/Progra
m Files/LateX/texlive/2025/texmf-dist/fonts/type1/public/txfonts/txsy.pfb><e:/P
rogram Files/LateX/texlive/2025/texmf-dist/fonts/type1/public/txfonts/txsyb.pfb
><e:/Program Files/LateX/texlive/2025/texmf-dist/fonts/type1/urw/helvetic/uhvr8
a.pfb><e:/Program Files/LateX/texlive/2025/texmf-dist/fonts/type1/urw/times/utm
b8a.pfb><e:/Program Files/LateX/texlive/2025/texmf-dist/fonts/type1/urw/times/u
tmr8a.pfb><e:/Program Files/LateX/texlive/2025/texmf-dist/fonts/type1/urw/times
/utmri8a.pfb>
Output written on mcmthesis-demo.pdf (29 pages, 885073 bytes).
PDF statistics:
 1700 PDF objects out of 1728 (max. 8388607)
 1614 compressed objects within 17 object streams
 183 named destinations out of 1000 (max. 500000)
 41 words of extra memory for PDF output out of 10000 (max. 10000000)

