usage: seal_humanize_public_fixture.py [-h] --output OUTPUT --case-id CASE_ID
                                       --mode {DIAGNOSE,REWRITE,DRAFT}
                                       --scene {AUTO,COURSE,MODELING,RESEARCH,GENERAL}
                                       --intensity {LIGHT,BALANCED,STRUCTURAL}
                                       --output-format {CLEAN,ANNOTATED,PATCH}
                                       [--report-context {NONE,REPORT_INFORMED}]
                                       --scope {selection,section,document}
                                       [--title-lock | --no-title-lock]
                                       [--structure-lock | --no-structure-lock]
                                       [--operation {PREPARE_LONG_DOCUMENT,CLASSIFY_SOURCE_PROVENANCE}]
                                       [--locked-literal LOCKED_LITERAL]
                                       [--summary-max-sentences SUMMARY_MAX_SENTENCES]
                                       [--required-output-format {JSON_INCLUDE_MANIFEST}]
                                       [--preserve-three-groups]
                                       [--vary-paragraph-rhythm-without-forced-asymmetry]
                                       [--preserve-numbers-math]
                                       [--format {json,text}]
                                       input prompt

Create a hash-bound public fixture. Exact atom-ID leakage is rejected;
semantic hint leakage still requires an independent review.

positional arguments:
  input
  prompt

options:
  -h, --help            show this help message and exit
  --output OUTPUT
  --case-id CASE_ID
  --mode {DIAGNOSE,REWRITE,DRAFT}
  --scene {AUTO,COURSE,MODELING,RESEARCH,GENERAL}
  --intensity {LIGHT,BALANCED,STRUCTURAL}
  --output-format {CLEAN,ANNOTATED,PATCH}
  --report-context {NONE,REPORT_INFORMED}
  --scope {selection,section,document}
  --title-lock, --no-title-lock
  --structure-lock, --no-structure-lock
  --operation {PREPARE_LONG_DOCUMENT,CLASSIFY_SOURCE_PROVENANCE}
  --locked-literal LOCKED_LITERAL
  --summary-max-sentences SUMMARY_MAX_SENTENCES
  --required-output-format {JSON_INCLUDE_MANIFEST}
  --preserve-three-groups
  --vary-paragraph-rhythm-without-forced-asymmetry
  --preserve-numbers-math
  --format {json,text}
