\BOOKMARK [-1][]{part.1}{\376\377\173\054\116\000\220\350\122\006\000\040\122\233\133\146}{}% 1
\BOOKMARK [0][]{chapter.1}{\376\377\0001\000\040\215\050\160\271\217\320\122\250\133\146}{part.1}% 2
\BOOKMARK [1][]{section.1.1}{\376\377\0001\000.\0001\000\040\116\072\116\300\116\110\131\047\133\146\162\151\164\006\121\110\213\262\217\320\122\250\133\146}{chapter.1}% 3
\BOOKMARK [2][]{subsection.1.1.1}{\376\377\0001\000.\0001\000.\0001\000\040\215\050\160\271\152\041\127\213}{section.1.1}% 4
\BOOKMARK [1][]{section.1.2}{\376\377\0001\000.\0002\000\040\117\115\177\156\060\001\217\320\122\250\145\271\172\013\116\016\217\150\217\371}{chapter.1}% 5
\BOOKMARK [1][]{section.1.3}{\376\377\0001\000.\0003\000\040\117\115\171\373\116\016\215\357\172\013}{chapter.1}% 6
\BOOKMARK [1][]{section.1.4}{\376\377\0001\000.\0004\000\040\136\163\127\107\220\037\136\246\116\016\167\254\145\366\220\037\136\246}{chapter.1}% 7
\BOOKMARK [1][]{section.1.5}{\376\377\0001\000.\0005\000\040\136\163\127\107\122\240\220\037\136\246\116\016\167\254\145\366\122\240\220\037\136\246}{chapter.1}% 8
\BOOKMARK [1][]{section.1.6}{\376\377\0001\000.\0006\000\040\166\364\176\277\217\320\122\250\166\204\121\340\174\173\121\170\127\213\152\041\127\213}{chapter.1}% 9
\BOOKMARK [2][]{subsection.1.6.1}{\376\377\0001\000.\0006\000.\0001\000\040\123\000\220\037\166\364\176\277\217\320\122\250}{section.1.6}% 10
\BOOKMARK [2][]{subsection.1.6.2}{\376\377\0001\000.\0006\000.\0002\000\040\123\000\123\330\220\037\166\364\176\277\217\320\122\250}{section.1.6}% 11
\BOOKMARK [1][]{section.1.7}{\376\377\0001\000.\0007\000\040\136\163\227\142\217\320\122\250\166\204\122\006\211\343\140\035\140\363}{chapter.1}% 12
\BOOKMARK [1][]{section.1.8}{\376\377\0001\000.\0008\000\040\127\006\124\150\217\320\122\250\116\016\201\352\161\066\127\120\150\007\174\373}{chapter.1}% 13
\BOOKMARK [2][]{subsection.1.8.1}{\376\377\0001\000.\0008\000.\0001\000\040\122\007\124\021\122\240\220\037\136\246\116\016\154\325\124\021\122\240\220\037\136\246}{section.1.8}% 14
\BOOKMARK [1][]{section.1.9}{\376\377\0001\000.\0009\000\040\211\322\221\317\143\317\217\360}{chapter.1}% 15
\BOOKMARK [1][]{section.1.10}{\376\377\0001\000.\0001\0000\000\040\147\054\172\340\136\070\211\301\213\357\123\072}{chapter.1}% 16
\BOOKMARK [1][]{section.1.11}{\376\377\0001\000.\0001\0001\000\040\172\340\147\053\134\017\176\323}{chapter.1}% 17
\BOOKMARK [0][]{chapter.2}{\376\377\0002\000\040\215\050\160\271\122\250\122\233\133\146\127\372\170\100}{part.1}% 18
\BOOKMARK [1][]{section.2.1}{\376\377\0002\000.\0001\000\040\122\250\122\233\133\146\170\024\172\166\116\300\116\110}{chapter.2}% 19
\BOOKMARK [1][]{section.2.2}{\376\377\0002\000.\0002\000\040\140\357\140\047\116\016\140\357\140\047\174\373}{chapter.2}% 20
\BOOKMARK [1][]{section.2.3}{\376\377\0002\000.\0003\000\040\162\133\230\177\173\054\116\000\133\232\137\213}{chapter.2}% 21
\BOOKMARK [1][]{section.2.4}{\376\377\0002\000.\0004\000\040\162\133\230\177\173\054\116\214\133\232\137\213}{chapter.2}% 22
\BOOKMARK [2][]{subsection.2.4.1}{\376\377\0002\000.\0004\000.\0001\000\040\122\006\221\317\137\142\137\017}{section.2.4}% 23
\BOOKMARK [1][]{section.2.5}{\376\377\0002\000.\0005\000\040\162\133\230\177\173\054\116\011\133\232\137\213}{chapter.2}% 24
\BOOKMARK [1][]{section.2.6}{\376\377\0002\000.\0006\000\040\136\070\211\301\122\233}{chapter.2}% 25
\BOOKMARK [2][]{subsection.2.6.1}{\376\377\0002\000.\0006\000.\0001\000\040\116\007\147\011\137\025\122\233\116\016\221\315\122\233}{section.2.6}% 26
\BOOKMARK [2][]{subsection.2.6.2}{\376\377\0002\000.\0006\000.\0002\000\040\137\071\122\233}{section.2.6}% 27
\BOOKMARK [2][]{subsection.2.6.3}{\376\377\0002\000.\0006\000.\0003\000\040\144\151\144\346\122\233}{section.2.6}% 28
\BOOKMARK [1][]{section.2.7}{\376\377\0002\000.\0007\000\040\123\327\122\233\122\006\147\220}{chapter.2}% 29
\BOOKMARK [1][]{section.2.8}{\376\377\0002\000.\0008\000\040\122\250\122\233\133\146\225\356\230\230\166\204\116\044\174\173\127\372\147\054\152\041\127\213}{chapter.2}% 30
\BOOKMARK [2][]{subsection.2.8.1}{\376\377\0002\000.\0008\000.\0001\000\040\135\362\167\345\122\233\377\014\154\102\217\320\122\250}{section.2.8}% 31
\BOOKMARK [2][]{subsection.2.8.2}{\376\377\0002\000.\0008\000.\0002\000\040\135\362\167\345\217\320\122\250\377\014\123\315\154\102\122\233}{section.2.8}% 32
\BOOKMARK [1][]{section.2.9}{\376\377\0002\000.\0009\000\040\140\357\140\047\122\233\166\204\166\364\211\302\213\244\213\306}{chapter.2}% 33
\BOOKMARK [1][]{section.2.10}{\376\377\0002\000.\0001\0000\000\040\172\340\147\053\134\017\176\323}{chapter.2}% 34
\BOOKMARK [0][]{chapter.3}{\376\377\0003\000\040\116\011\131\047\133\210\140\122\133\232\137\213}{part.1}% 35
\BOOKMARK [1][]{section.3.1}{\376\377\0003\000.\0001\000\040\116\072\116\300\116\110\133\210\140\122\133\232\137\213\162\171\122\053\221\315\211\201}{chapter.3}% 36
\BOOKMARK [1][]{section.3.2}{\376\377\0003\000.\0002\000\040\122\250\221\317\116\016\122\250\221\317\133\210\140\122}{chapter.3}% 37
\BOOKMARK [2][]{subsection.3.2.1}{\376\377\0003\000.\0002\000.\0001\000\040\170\260\144\236\225\356\230\230}{section.3.2}% 38
\BOOKMARK [1][]{section.3.3}{\376\377\0003\000.\0003\000\040\211\322\122\250\221\317\116\016\211\322\122\250\221\317\133\210\140\122}{chapter.3}% 39
\BOOKMARK [1][]{section.3.4}{\376\377\0003\000.\0004\000\040\122\237\060\001\122\250\200\375\116\016\122\250\200\375\133\232\164\006}{chapter.3}% 40
\BOOKMARK [1][]{section.3.5}{\376\377\0003\000.\0005\000\040\122\277\200\375\116\016\147\072\150\260\200\375\133\210\140\122}{chapter.3}% 41
\BOOKMARK [2][]{subsection.3.5.1}{\376\377\0003\000.\0005\000.\0001\000\040\136\070\211\301\122\277\200\375}{section.3.5}% 42
\BOOKMARK [1][]{section.3.6}{\376\377\0003\000.\0006\000\040\172\340\147\053\134\017\176\323}{chapter.3}% 43
\BOOKMARK [0][]{chapter.4}{\376\377\0004\000\040\122\032\117\123\122\233\133\146}{part.1}% 44
\BOOKMARK [1][]{section.4.1}{\376\377\0004\000.\0001\000\040\122\032\117\123\116\016\133\232\217\164\217\154\122\250}{chapter.4}% 45
\BOOKMARK [1][]{section.4.2}{\376\377\0004\000.\0002\000\040\211\322\117\115\171\373\060\001\211\322\220\037\136\246\060\001\211\322\122\240\220\037\136\246}{chapter.4}% 46
\BOOKMARK [1][]{section.4.3}{\376\377\0004\000.\0003\000\040\122\233\167\351}{chapter.4}% 47
\BOOKMARK [1][]{section.4.4}{\376\377\0004\000.\0004\000\040\217\154\122\250\140\357\221\317}{chapter.4}% 48
\BOOKMARK [1][]{section.4.5}{\376\377\0004\000.\0005\000\040\122\032\117\123\217\154\122\250\133\232\137\213}{chapter.4}% 49
\BOOKMARK [1][]{section.4.6}{\376\377\0004\000.\0006\000\040\211\322\122\250\221\317\116\016\217\154\122\250\122\250\200\375}{chapter.4}% 50
\BOOKMARK [1][]{section.4.7}{\376\377\0004\000.\0007\000\040\156\332\122\250\225\356\230\230\166\204\150\145\143\245\164\006\211\343}{chapter.4}% 51
\BOOKMARK [1][]{section.4.8}{\376\377\0004\000.\0008\000\040\172\340\147\053\134\017\176\323}{chapter.4}% 52
\BOOKMARK [-1][]{part.2}{\376\377\173\054\116\214\220\350\122\006\000\040\143\057\122\250\116\016\154\342\122\250}{}% 53
\BOOKMARK [0][]{chapter.5}{\376\377\0005\000\040\147\072\150\260\143\057\122\250}{part.2}% 54
\BOOKMARK [1][]{section.5.1}{\376\377\0005\000.\0001\000\040\116\300\116\110\146\057\147\072\150\260\143\057\122\250}{chapter.5}% 55
\BOOKMARK [1][]{section.5.2}{\376\377\0005\000.\0002\000\040\220\037\136\246\116\016\122\240\220\037\136\246}{chapter.5}% 56
\BOOKMARK [1][]{section.5.3}{\376\377\0005\000.\0003\000\040\124\150\147\037\124\214\230\221\163\207}{chapter.5}% 57
\BOOKMARK [1][]{section.5.4}{\376\377\0005\000.\0004\000\040\137\071\174\047\143\057\133\120}{chapter.5}% 58
\BOOKMARK [1][]{section.5.5}{\376\377\0005\000.\0005\000\040\143\057\122\250\200\375\221\317}{chapter.5}% 59
\BOOKMARK [1][]{section.5.6}{\376\377\0005\000.\0006\000\040\134\017\211\322\136\246\123\125\144\106}{chapter.5}% 60
\BOOKMARK [1][]{section.5.7}{\376\377\0005\000.\0007\000\040\172\340\147\053\134\017\176\323}{chapter.5}% 61
\BOOKMARK [0][]{chapter.6}{\376\377\0006\000\040\147\072\150\260\154\342}{part.2}% 62
\BOOKMARK [1][]{section.6.1}{\376\377\0006\000.\0001\000\040\147\072\150\260\154\342\166\204\137\142\142\020}{chapter.6}% 63
\BOOKMARK [1][]{section.6.2}{\376\377\0006\000.\0002\000\040\154\342\166\204\127\372\147\054\221\317}{chapter.6}% 64
\BOOKMARK [1][]{section.6.3}{\376\377\0006\000.\0003\000\040\173\200\214\020\154\342\145\271\172\013}{chapter.6}% 65
\BOOKMARK [1][]{section.6.4}{\376\377\0006\000.\0004\000\040\166\370\117\115\116\016\166\370\117\115\135\356}{chapter.6}% 66
\BOOKMARK [1][]{section.6.5}{\376\377\0006\000.\0005\000\040\154\342\166\204\200\375\221\317}{chapter.6}% 67
\BOOKMARK [1][]{section.6.6}{\376\377\0006\000.\0006\000\040\232\173\154\342\166\204\122\035\153\145\213\244\213\306}{chapter.6}% 68
\BOOKMARK [1][]{section.6.7}{\376\377\0006\000.\0007\000\040\172\340\147\053\134\017\176\323}{chapter.6}% 69
\BOOKMARK [-1][]{part.3}{\376\377\173\054\116\011\220\350\122\006\000\040\154\342\122\250\121\111\133\146}{}% 70
\BOOKMARK [0][]{chapter.7}{\376\377\0007\000\040\121\111\166\204\136\162\155\211}{part.3}% 71
\BOOKMARK [1][]{section.7.1}{\376\377\0007\000.\0001\000\040\136\162\155\211\163\260\214\141\166\204\150\070\137\303}{chapter.7}% 72
\BOOKMARK [1][]{section.7.2}{\376\377\0007\000.\0002\000\040\121\111\172\013\116\016\121\111\172\013\135\356}{chapter.7}% 73
\BOOKMARK [1][]{section.7.3}{\376\377\0007\000.\0003\000\040\146\016\176\271\116\016\146\227\176\271\147\141\116\366}{chapter.7}% 74
\BOOKMARK [1][]{section.7.4}{\376\377\0007\000.\0004\000\040\147\150\154\017\123\314\177\035\136\162\155\211}{chapter.7}% 75
\BOOKMARK [1][]{section.7.5}{\376\377\0007\000.\0005\000\040\123\112\154\342\143\137\131\061}{chapter.7}% 76
\BOOKMARK [1][]{section.7.6}{\376\377\0007\000.\0006\000\040\205\204\201\234\136\162\155\211}{chapter.7}% 77
\BOOKMARK [1][]{section.7.7}{\376\377\0007\000.\0007\000\040\173\111\123\232\136\162\155\211\377\032\122\210\134\026\116\016\162\133\230\177\163\257}{chapter.7}% 78
\BOOKMARK [2][]{subsection.7.7.1}{\376\377\0007\000.\0007\000.\0001\000\040\122\210\134\026\136\162\155\211}{section.7.7}% 79
\BOOKMARK [2][]{subsection.7.7.2}{\376\377\0007\000.\0007\000.\0002\000\040\162\133\230\177\163\257}{section.7.7}% 80
\BOOKMARK [1][]{section.7.8}{\376\377\0007\000.\0008\000\040\136\070\211\301\213\357\123\072}{chapter.7}% 81
\BOOKMARK [1][]{section.7.9}{\376\377\0007\000.\0009\000\040\172\340\147\053\134\017\176\323}{chapter.7}% 82
\BOOKMARK [0][]{chapter.8}{\376\377\0008\000\040\121\111\166\204\210\115\134\004}{part.3}% 83
\BOOKMARK [1][]{section.8.1}{\376\377\0008\000.\0001\000\040\210\115\134\004\163\260\214\141}{chapter.8}% 84
\BOOKMARK [1][]{section.8.2}{\376\377\0008\000.\0002\000\040\123\125\177\035\210\115\134\004\166\204\146\227\176\271\147\141\116\366}{chapter.8}% 85
\BOOKMARK [1][]{section.8.3}{\376\377\0008\000.\0003\000\040\210\115\134\004\116\016\122\006\217\250\147\054\230\206}{chapter.8}% 86
\BOOKMARK [1][]{section.8.4}{\376\377\0008\000.\0004\000\040\122\006\217\250\147\054\230\206\166\204\122\035\153\145\213\244\213\306}{chapter.8}% 87
\BOOKMARK [1][]{section.8.5}{\376\377\0008\000.\0005\000\040\121\111\150\005\210\115\134\004}{chapter.8}% 88
\BOOKMARK [2][]{subsection.8.5.1}{\376\377\0008\000.\0005\000.\0001\000\040\177\072\176\247\163\260\214\141}{section.8.5}% 89
\BOOKMARK [2][]{subsection.8.5.2}{\376\377\0008\000.\0005\000.\0002\000\040\121\111\150\005\121\111\214\061}{section.8.5}% 90
\BOOKMARK [1][]{section.8.6}{\376\377\0008\000.\0006\000\040\136\070\211\301\213\357\123\072}{chapter.8}% 91
\BOOKMARK [1][]{section.8.7}{\376\377\0008\000.\0007\000\040\172\340\147\053\134\017\176\323}{chapter.8}% 92
\BOOKMARK [0][]{chapter.9}{\376\377\0009\000\040\121\111\166\204\120\117\143\057}{part.3}% 93
\BOOKMARK [1][]{section.9.1}{\376\377\0009\000.\0001\000\040\116\300\116\110\146\057\120\117\143\057}{chapter.9}% 94
\BOOKMARK [1][]{section.9.2}{\376\377\0009\000.\0002\000\040\120\117\143\057\162\107\060\001\215\167\120\117\124\214\150\300\120\117}{chapter.9}% 95
\BOOKMARK [1][]{section.9.3}{\376\377\0009\000.\0003\000\040\232\154\124\025\145\257\133\232\137\213}{chapter.9}% 96
\BOOKMARK [1][]{section.9.4}{\376\377\0009\000.\0004\000\040\123\315\134\004\124\214\142\230\134\004\145\366\166\204\120\117\143\057}{chapter.9}% 97
\BOOKMARK [1][]{section.9.5}{\376\377\0009\000.\0005\000\040\120\117\143\057\166\204\162\151\164\006\141\017\116\111}{chapter.9}% 98
\BOOKMARK [1][]{section.9.6}{\376\377\0009\000.\0006\000\040\136\070\211\301\213\357\123\072}{chapter.9}% 99
\BOOKMARK [1][]{section.9.7}{\376\377\0009\000.\0007\000\040\172\340\147\053\134\017\176\323}{chapter.9}% 100
\BOOKMARK [-1][]{part.4}{\376\377\173\054\126\333\220\350\122\006\000\040\160\355\133\146}{}% 101
\BOOKMARK [0][]{chapter.10}{\376\377\0001\0000\000\040\154\024\117\123\122\250\164\006\213\272}{part.4}% 102
\BOOKMARK [1][]{section.10.1}{\376\377\0001\0000\000.\0001\000\040\164\006\140\363\154\024\117\123\152\041\127\213}{chapter.10}% 103
\BOOKMARK [1][]{section.10.2}{\376\377\0001\0000\000.\0002\000\040\162\266\140\001\145\271\172\013}{chapter.10}% 104
\BOOKMARK [1][]{section.10.3}{\376\377\0001\0000\000.\0003\000\040\123\213\137\072\166\204\137\256\211\302\211\343\221\312}{chapter.10}% 105
\BOOKMARK [1][]{section.10.4}{\376\377\0001\0000\000.\0004\000\040\156\051\136\246\166\204\137\256\211\302\141\017\116\111}{chapter.10}% 106
\BOOKMARK [1][]{section.10.5}{\376\377\0001\0000\000.\0005\000\040\236\246\121\113\145\257\227\346\220\037\163\207\122\006\136\003\166\204\166\364\211\302\164\006\211\343}{chapter.10}% 107
\BOOKMARK [1][]{section.10.6}{\376\377\0001\0000\000.\0006\000\040\201\352\165\061\136\246\116\016\200\375\221\317\127\107\122\006}{chapter.10}% 108
\BOOKMARK [1][]{section.10.7}{\376\377\0001\0000\000.\0007\000\040\136\070\211\301\213\357\123\072}{chapter.10}% 109
\BOOKMARK [1][]{section.10.8}{\376\377\0001\0000\000.\0008\000\040\172\340\147\053\134\017\176\323}{chapter.10}% 110
\BOOKMARK [0][]{chapter.11}{\376\377\0001\0001\000\040\160\355\122\233\133\146\173\054\116\000\133\232\137\213}{part.4}% 111
\BOOKMARK [1][]{section.11.1}{\376\377\0001\0001\000.\0001\000\040\122\237\060\001\160\355\221\317\116\016\121\205\200\375}{chapter.11}% 112
\BOOKMARK [1][]{section.11.2}{\376\377\0001\0001\000.\0002\000\040\160\355\122\233\133\146\173\054\116\000\133\232\137\213}{chapter.11}% 113
\BOOKMARK [1][]{section.11.3}{\376\377\0001\0001\000.\0003\000\040\121\306\227\131\140\001\217\307\172\013}{chapter.11}% 114
\BOOKMARK [1][]{section.11.4}{\376\377\0001\0001\000.\0004\000\040\121\306\227\131\140\001\217\307\172\013\116\055\166\204\122\237}{chapter.11}% 115
\BOOKMARK [1][]{section.11.5}{\376\377\0001\0001\000.\0005\000\040\126\333\174\173\136\070\211\301\217\307\172\013}{chapter.11}% 116
\BOOKMARK [2][]{subsection.11.5.1}{\376\377\0001\0001\000.\0005\000.\0001\000\040\173\111\117\123\217\307\172\013}{section.11.5}% 117
\BOOKMARK [2][]{subsection.11.5.2}{\376\377\0001\0001\000.\0005\000.\0002\000\040\173\111\123\213\217\307\172\013}{section.11.5}% 118
\BOOKMARK [2][]{subsection.11.5.3}{\376\377\0001\0001\000.\0005\000.\0003\000\040\173\111\156\051\217\307\172\013}{section.11.5}% 119
\BOOKMARK [2][]{subsection.11.5.4}{\376\377\0001\0001\000.\0005\000.\0004\000\040\176\335\160\355\217\307\172\013}{section.11.5}% 120
\BOOKMARK [1][]{section.11.6}{\376\377\0001\0001\000.\0006\000\040\176\335\160\355\201\352\165\061\201\250\200\300}{chapter.11}% 121
\BOOKMARK [1][]{section.11.7}{\376\377\0001\0001\000.\0007\000\040\137\252\163\257\217\307\172\013\060\001\160\355\147\072\145\110\163\207\116\016\123\141\213\372\137\252\163\257}{chapter.11}% 122
\BOOKMARK [1][]{section.11.8}{\376\377\0001\0001\000.\0008\000\040\136\070\211\301\213\357\123\072}{chapter.11}% 123
\BOOKMARK [1][]{section.11.9}{\376\377\0001\0001\000.\0009\000\040\172\340\147\053\134\017\176\323}{chapter.11}% 124
\BOOKMARK [0][]{chapter.12}{\376\377\0001\0002\000\040\160\355\122\233\133\146\173\054\116\214\133\232\137\213}{part.4}% 125
\BOOKMARK [1][]{section.12.1}{\376\377\0001\0002\000.\0001\000\040\116\072\116\300\116\110\217\330\227\000\211\201\173\054\116\214\133\232\137\213}{chapter.12}% 126
\BOOKMARK [1][]{section.12.2}{\376\377\0001\0002\000.\0002\000\040\173\054\116\214\133\232\137\213\166\204\116\044\171\315\176\317\121\170\210\150\217\360}{chapter.12}% 127
\BOOKMARK [1][]{section.12.3}{\376\377\0001\0002\000.\0003\000\040\123\357\220\006\217\307\172\013\116\016\116\015\123\357\220\006\217\307\172\013}{chapter.12}% 128
\BOOKMARK [1][]{section.12.4}{\376\377\0001\0002\000.\0004\000\040\161\265\166\204\122\035\153\145\151\202\137\365}{chapter.12}% 129
\BOOKMARK [1][]{section.12.5}{\376\377\0001\0002\000.\0005\000\040\164\006\140\363\154\024\117\123\166\204\136\070\211\301\161\265\123\330\121\154\137\017}{chapter.12}% 130
\BOOKMARK [1][]{section.12.6}{\376\377\0001\0002\000.\0006\000\040\161\265\130\236\122\240\123\237\164\006}{chapter.12}% 131
\BOOKMARK [1][]{section.12.7}{\376\377\0001\0002\000.\0007\000\040\176\337\213\241\161\265\166\204\166\364\211\302\211\343\221\312}{chapter.12}% 132
\BOOKMARK [1][]{section.12.8}{\376\377\0001\0002\000.\0008\000\040\136\070\211\301\213\357\123\072}{chapter.12}% 133
\BOOKMARK [1][]{section.12.9}{\376\377\0001\0002\000.\0009\000\040\172\340\147\053\134\017\176\323}{chapter.12}% 134
\BOOKMARK [-1][]{part.5}{\376\377\173\054\116\224\220\350\122\006\000\040\147\037\147\053\140\073\131\015\116\140}{}% 135
\BOOKMARK [0][]{chapter.13}{\376\377\0001\0003\000\040\131\047\133\146\162\151\164\006\116\000\140\073\131\015\116\140}{part.5}% 136
\BOOKMARK [1][]{section.13.1}{\376\377\0001\0003\000.\0001\000\040\122\233\133\146\220\350\122\006\140\073\116\062\213\262}{chapter.13}% 137
\BOOKMARK [1][]{section.13.2}{\376\377\0001\0003\000.\0002\000\040\143\057\122\250\116\016\154\342\122\250\220\350\122\006\140\073\116\062\213\262}{chapter.13}% 138
\BOOKMARK [1][]{section.13.3}{\376\377\0001\0003\000.\0003\000\040\121\111\133\146\220\350\122\006\140\073\116\062\213\262}{chapter.13}% 139
\BOOKMARK [1][]{section.13.4}{\376\377\0001\0003\000.\0004\000\040\160\355\133\146\220\350\122\006\140\073\116\062\213\262}{chapter.13}% 140
\BOOKMARK [1][]{section.13.5}{\376\377\0001\0003\000.\0005\000\040\176\374\124\010\230\230\136\070\165\050\122\007\121\145\145\271\154\325}{chapter.13}% 141
\BOOKMARK [1][]{section.13.6}{\376\377\0001\0003\000.\0006\000\040\215\350\172\340\202\202\146\023\225\031\160\271\133\371\161\147}{chapter.13}% 142
\BOOKMARK [1][]{section.13.7}{\376\377\0001\0003\000.\0007\000\040\131\015\116\140\136\372\213\256}{chapter.13}% 143
