\BOOKMARK [0][-]{chapter.1}{\376\377\000B\172\331\000L\000L\000M\133\146\116\140\173\024\213\260}{}% 1
\BOOKMARK [1][-]{section.1.1}{\376\377\116\272\135\345\146\172\200\375\166\204\157\024\217\333\116\016\203\003\137\017\217\154\171\373}{chapter.1}% 2
\BOOKMARK [1][-]{section.1.2}{\376\377\116\272\135\345\146\172\200\375\166\204\150\070\137\303\133\120\230\206\127\337\116\016\134\102\153\041\176\323\147\204}{chapter.1}% 3
\BOOKMARK [2][-]{subsection.1.2.1}{\376\377\147\072\126\150\133\146\116\140\377\032\116\316\145\160\143\156\116\055\133\146\116\140\166\204\171\321\133\146}{section.1.2}% 4
\BOOKMARK [2][-]{subsection.1.2.2}{\376\377\155\361\136\246\133\146\116\140\377\032\171\136\176\317\177\121\176\334\166\204\155\361\136\246\217\333\123\026}{section.1.2}% 5
\BOOKMARK [2][-]{subsection.1.2.3}{\376\377\165\037\142\020\137\017\116\272\135\345\146\172\200\375\377\032\116\316\164\006\211\343\122\060\122\033\220\040}{section.1.2}% 6
\BOOKMARK [1][-]{section.1.3}{\376\377\127\372\170\100\152\041\127\213\116\016\131\047\152\041\127\213\377\032\145\260\203\003\137\017\166\204\170\156\172\313}{chapter.1}% 7
\BOOKMARK [2][-]{subsection.1.3.1}{\376\377\133\232\116\111\116\016\150\070\137\303\162\171\137\201}{section.1.3}% 8
\BOOKMARK [2][-]{subsection.1.3.2}{\376\377\221\314\172\013\170\221\116\016\123\321\134\125\123\206\172\013}{section.1.3}% 9
\BOOKMARK [2][-]{subsection.1.3.3}{\376\377\131\047\152\041\127\213\166\204\122\006\174\173\214\061\174\373}{section.1.3}% 10
\BOOKMARK [1][-]{section.1.4}{\376\377\131\047\152\041\127\213\166\204\213\255\176\303\377\032\116\316\220\032\165\050\122\060\133\371\237\120}{chapter.1}% 11
\BOOKMARK [2][-]{subsection.1.4.1}{\376\377\173\054\116\000\226\066\153\265\377\032\131\047\211\304\152\041\230\204\213\255\176\303\000\040\000\050\000P\000r\000e\000-\000t\000r\000a\000i\000n\000i\000n\000g\000\051}{section.1.4}% 12
\BOOKMARK [2][-]{subsection.1.4.2}{\376\377\173\054\116\214\226\066\153\265\377\032\147\011\166\321\167\143\137\256\214\003\000\040\000\050\000S\000u\000p\000e\000r\000v\000i\000s\000e\000d\000\040\000F\000i\000n\000e\000-\000T\000u\000n\000i\000n\000g\000,\000\040\000S\000F\000T\000\051}{section.1.4}% 13
\BOOKMARK [2][-]{subsection.1.4.3}{\376\377\173\054\116\011\226\066\153\265\377\032\127\372\116\216\116\272\174\173\123\315\231\210\166\204\137\072\123\026\133\146\116\140\000\040\000\050\000R\000L\000H\000F\000\051}{section.1.4}% 14
\BOOKMARK [1][-]{section.1.5}{\376\377\131\047\152\041\127\213\166\204\121\205\220\350\135\345\117\134\147\072\122\066}{chapter.1}% 15
\BOOKMARK [2][-]{subsection.1.5.1}{\376\377\116\316\145\207\147\054\122\060\000T\000o\000k\000e\000n\377\032\122\006\213\315\123\026}{section.1.5}% 16
\BOOKMARK [2][-]{subsection.1.5.2}{\376\377\000T\000r\000a\000n\000s\000f\000o\000r\000m\000e\000r\211\343\170\001\126\150\166\204\201\352\126\336\137\122\165\037\142\020}{section.1.5}% 17
\BOOKMARK [1][-]{section.1.6}{\376\377\232\330\145\110\136\224\165\050\131\047\152\041\127\213\377\032\143\320\171\072\135\345\172\013\116\016\000A\000P\000I\226\306\142\020}{chapter.1}% 18
\BOOKMARK [2][-]{subsection.1.6.1}{\376\377\143\320\171\072\135\345\172\013}{section.1.6}% 19
\BOOKMARK [2][-]{subsection.1.6.2}{\376\377\172\013\136\217\123\026\214\003\165\050\377\032\000A\000P\000I\116\016\142\171\221\317\131\004\164\006}{section.1.6}% 20
\BOOKMARK [1][-]{section.1.7}{\376\377\215\205\215\212\123\237\165\037\200\375\122\233\377\032\000R\000A\000G\116\016\143\322\116\366\174\373\176\337}{chapter.1}% 21
\BOOKMARK [2][-]{subsection.1.7.1}{\376\377\000R\000A\000G\377\032\116\072\152\041\127\213\154\350\121\145\122\250\140\001\167\345\213\306}{section.1.7}% 22
\BOOKMARK [2][-]{subsection.1.7.2}{\376\377\000R\000A\000G\166\204\143\021\142\030\116\016\174\373\176\337\123\026\117\030\123\026}{section.1.7}% 23
\BOOKMARK [2][-]{subsection.1.7.3}{\376\377\143\322\116\366\116\016\135\345\121\167\214\003\165\050}{section.1.7}% 24
\BOOKMARK [1][-]{section.1.8}{\376\377\000L\000a\000n\000g\000C\000h\000a\000i\000n\377\032\131\047\152\041\127\213\136\224\165\050\137\000\123\321\150\106\147\266}{chapter.1}% 25
\BOOKMARK [2][-]{subsection.1.8.1}{\376\377\150\070\137\303\142\275\214\141\151\202\137\365}{section.1.8}% 26
\BOOKMARK [2][-]{subsection.1.8.2}{\376\377\000L\000a\000n\000g\000C\000h\000a\000i\000n\210\150\217\276\137\017\213\355\212\000\000\040\000\050\000L\000C\000E\000L\000\051}{section.1.8}% 27
\BOOKMARK [2][-]{subsection.1.8.3}{\376\377\117\177\165\050\000L\000a\000n\000g\000C\000h\000a\000i\000n\147\204\136\372\232\330\176\247\000R\000A\000G\136\224\165\050}{section.1.8}% 28
\BOOKMARK [2][-]{subsection.1.8.4}{\376\377\000L\000a\000n\000g\000C\000h\000a\000i\000n\165\037\140\001\116\016\165\037\116\247\123\026\135\345\121\167}{section.1.8}% 29
\BOOKMARK [1][-]{section.1.9}{\376\377\131\047\152\041\127\213\137\256\214\003\377\032\116\316\220\032\165\050\122\060\116\023\134\136}{chapter.1}% 30
\BOOKMARK [2][-]{subsection.1.9.1}{\376\377\137\256\214\003\000\040\000v\000s\000.\000\040\000R\000A\000G\377\032\155\361\136\246\133\371\153\324}{section.1.9}% 31
\BOOKMARK [2][-]{subsection.1.9.2}{\376\377\116\073\155\101\137\256\214\003\145\271\154\325}{section.1.9}% 32
\BOOKMARK [2][-]{subsection.1.9.3}{\376\377\137\256\214\003\133\236\215\365\155\101\172\013}{section.1.9}% 33
\BOOKMARK [1][-]{section.1.10}{\376\377\147\052\147\145\215\213\122\277\116\016\143\021\142\030}{chapter.1}% 34
\BOOKMARK [2][-]{subsection.1.10.1}{\376\377\142\200\147\057\215\213\122\277}{section.1.10}% 35
\BOOKMARK [2][-]{subsection.1.10.2}{\376\377\116\073\211\201\143\021\142\030}{section.1.10}% 36
\BOOKMARK [1][-]{section.1.11}{\376\377\176\323\213\355}{chapter.1}% 37
\BOOKMARK [0][-]{chapter.2}{\376\377\127\372\116\216\131\047\213\355\212\000\152\041\127\213\166\204\130\236\137\072\127\213\000T\000e\000x\000t\000-\000t\000o\000-\000S\000Q\000L\211\343\147\220\145\271\154\325\377\032\000S\000L\000E\000N\000e\000t}{}% 38
\BOOKMARK [1][-]{section.2.1}{\376\377\137\025\212\000}{chapter.2}% 39
\BOOKMARK [2][-]{subsection.2.1.1}{\376\377\170\024\172\166\200\314\146\157\116\016\141\017\116\111}{section.2.1}% 40
\BOOKMARK [2][-]{subsection.2.1.2}{\376\377\142\200\147\057\143\021\142\030\116\016\123\321\134\125\123\206\172\013}{section.2.1}% 41
\BOOKMARK [2][-]{subsection.2.1.3}{\376\377\147\054\145\207\135\345\117\134\377\032\000S\000L\000E\000N\000e\000t\152\041\127\213\151\202\217\360}{section.2.1}% 42
\BOOKMARK [1][-]{section.2.2}{\376\377\000S\000L\000E\000N\000e\000t\145\271\154\325\213\346\211\343}{chapter.2}% 43
\BOOKMARK [2][-]{subsection.2.2.1}{\376\377\145\164\117\123\150\106\147\266\116\016\225\356\230\230\137\142\137\017\123\026}{section.2.2}% 44
\BOOKMARK [2][-]{subsection.2.2.2}{\376\377\176\304\116\366\116\000\377\032\127\372\116\216\144\034\175\042\166\204\143\320\171\072\117\030\123\026}{section.2.2}% 45
\BOOKMARK [2][-]{subsection.2.2.3}{\376\377\176\304\116\366\116\214\377\032\000L\000L\000M\130\236\137\072\135\114\121\145}{section.2.2}% 46
\BOOKMARK [2][-]{subsection.2.2.4}{\376\377\176\304\116\366\116\011\377\032\213\355\154\325\176\246\147\137\211\343\170\001\126\150}{section.2.2}% 47
\BOOKMARK [1][-]{section.2.3}{\376\377\133\236\232\214\213\304\117\060\116\016\122\006\147\220}{chapter.2}% 48
\BOOKMARK [2][-]{subsection.2.3.1}{\376\377\133\236\232\214\213\276\177\156}{section.2.3}% 49
\BOOKMARK [2][-]{subsection.2.3.2}{\376\377\116\073\211\201\176\323\147\234}{section.2.3}% 50
\BOOKMARK [2][-]{subsection.2.3.3}{\376\377\155\210\207\215\133\236\232\214}{section.2.3}% 51
\BOOKMARK [1][-]{section.2.4}{\376\377\140\073\176\323}{chapter.2}% 52
\BOOKMARK [0][-]{chapter.3}{\376\377\127\372\170\100\167\345\213\306\210\145\121\105}{}% 53
\BOOKMARK [1][-]{section.3.1}{\376\377\000S\000Q\000L\151\202\217\360}{chapter.3}% 54
\BOOKMARK [1][-]{section.3.2}{\376\377\000S\000Q\000L\166\370\121\163\127\372\121\306\155\113\213\325}{chapter.3}% 55
\BOOKMARK [2][-]{subsection.3.2.1}{\376\377\000A\000T\000I\000S\127\372\121\306\155\113\213\325}{section.3.2}% 56
\BOOKMARK [2][-]{subsection.3.2.2}{\376\377\000G\000e\000o\000Q\000u\000e\000r\000y\127\372\121\306\155\113\213\325}{section.3.2}% 57
\BOOKMARK [2][-]{subsection.3.2.3}{\376\377\000W\000i\000k\000i\000S\000Q\000L\127\372\121\306\155\113\213\325}{section.3.2}% 58
\BOOKMARK [2][-]{subsection.3.2.4}{\376\377\000S\000p\000i\000d\000e\000r\127\372\121\306\155\113\213\325}{section.3.2}% 59
\BOOKMARK [2][-]{subsection.3.2.5}{\376\377\123\321\134\125\123\206\172\013\116\016\215\213\122\277}{section.3.2}% 60
\BOOKMARK [1][-]{section.3.3}{\376\377\201\352\161\066\213\355\212\000\116\016\000S\000Q\000L\116\113\225\364\166\204\236\077\154\237}{chapter.3}% 61
\BOOKMARK [2][-]{subsection.3.3.1}{\376\377\000I\000R\000N\000e\000t\377\032\127\372\116\216\116\055\225\364\210\150\171\072\166\204\000S\000Q\000L\165\037\142\020}{section.3.3}% 62
\BOOKMARK [2][-]{subsection.3.3.2}{\376\377\000R\000A\000T\000-\000S\000Q\000L\377\032\121\163\174\373\141\037\167\345\000T\000r\000a\000n\000s\000f\000o\000r\000m\000e\000r}{section.3.3}% 63
\BOOKMARK [2][-]{subsection.3.3.3}{\376\377\213\304\116\367}{section.3.3}% 64
\BOOKMARK [1][-]{section.3.4}{\376\377\000S\000m\000B\000o\000P\000,\000P\000I\000C\000A\000R\000D\000,\000T\0005\000,\000C\000o\000d\000e\000x}{chapter.3}% 65
\BOOKMARK [2][-]{subsection.3.4.1}{\376\377\211\343\170\001\173\126\165\145\166\204\227\151\145\260\377\032\170\156\117\335\213\355\154\325\153\143\170\156\166\204\165\037\142\020}{section.3.4}% 66
\BOOKMARK [2][-]{subsection.3.4.2}{\376\377\230\204\213\255\176\303\213\355\212\000\152\041\127\213\166\204\227\151\124\175\377\032\217\301\171\373\116\016\154\333\123\026\200\375\122\233}{section.3.4}% 67
\BOOKMARK [2][-]{subsection.3.4.3}{\376\377\215\350\230\206\127\337\164\006\211\343\166\204\155\361\123\026\377\032\152\041\137\017\210\150\171\072\116\016\116\055\225\364\211\343\147\220}{section.3.4}% 68
\BOOKMARK [2][-]{subsection.3.4.4}{\376\377\140\073\176\323\116\016\134\125\147\033}{section.3.4}% 69
\BOOKMARK [0][-]{chapter.4}{\376\377\127\372\116\216\116\272\174\173\213\244\167\345\217\307\172\013\130\236\137\072\131\047\213\355\212\000\152\041\127\213\127\050\000T\000e\000x\000t\000-\000t\000o\000-\000S\000Q\000L\177\373\213\321\116\055\166\204\150\106\147\266}{}% 70
\BOOKMARK [1][-]{section.4.1}{\376\377\137\025\212\000}{chapter.4}% 71
\BOOKMARK [1][-]{section.4.2}{\376\377\166\370\121\163\135\345\117\134}{chapter.4}% 72
\BOOKMARK [2][-]{subsection.4.2.1}{\376\377\000T\000e\000x\000t\000-\000t\000o\000-\000S\000Q\000L\217\333\134\125}{section.4.2}% 73
\BOOKMARK [2][-]{subsection.4.2.2}{\376\377\000S\000Q\000L\121\306\131\007}{section.4.2}% 74
\BOOKMARK [2][-]{subsection.4.2.3}{\376\377\000S\000Q\000L\165\037\142\020}{section.4.2}% 75
\BOOKMARK [2][-]{subsection.4.2.4}{\376\377\000S\000Q\000L\150\041\153\143}{section.4.2}% 76
\BOOKMARK [1][-]{section.4.3}{\376\377\230\204\131\007\167\345\213\306}{chapter.4}% 77
\BOOKMARK [2][-]{subsection.4.3.1}{\376\377\225\356\230\230\133\232\116\111}{section.4.3}% 78
\BOOKMARK [2][-]{subsection.4.3.2}{\376\377\213\355\154\325\121\163\225\056\213\315\122\006\174\173}{section.4.3}% 79
\BOOKMARK [1][-]{section.4.4}{\376\377\000C\000O\000G\000S\000Q\000L\145\271\154\325}{chapter.4}% 80
\BOOKMARK [2][-]{subsection.4.4.1}{\376\377\150\106\147\266\151\202\217\360}{section.4.4}% 81
\BOOKMARK [1][-]{section.4.5}{\376\377\133\236\232\214\116\016\213\304\117\060}{chapter.4}% 82
\BOOKMARK [2][-]{subsection.4.5.1}{\376\377\133\236\232\214\213\276\177\156}{section.4.5}% 83
\BOOKMARK [2][-]{subsection.4.5.2}{\376\377\140\073\117\123\140\047\200\375\000\050\000R\000Q\0001\000\051}{section.4.5}% 84
\BOOKMARK [2][-]{subsection.4.5.3}{\376\377\155\210\207\215\170\024\172\166\000\050\000R\000Q\0002\000\051}{section.4.5}% 85
\BOOKMARK [2][-]{subsection.4.5.4}{\376\377\176\306\174\222\136\246\122\006\147\220\000\050\000R\000Q\0003\000\051}{section.4.5}% 86
\BOOKMARK [1][-]{section.4.6}{\376\377\176\323\213\272}{chapter.4}% 87
