This is XeTeX, Version 3.141592653-2.6-0.999997 (TeX Live 2025) (preloaded format=xelatex 2025.8.30)  6 JUN 2026 01:04
entering extended mode
 restricted \write18 enabled.
 file:line:error style messages enabled.
 %&-line parsing enabled.
**elegantbook2.tex
(./elegantbook2.tex
LaTeX2e <2024-11-01> patch level 2
L3 programming layer <2025-01-18>
(./elegantbook.cls
Document Class: elegantbook 2022/04/09 v4.3 ElegantBook document class

(e:/Program Files/LateX/texlive/2025/texmf-dist/tex/latex/kvoptions/kvoptions.s
ty
Package: kvoptions 2022-06-15 v3.15 Key value format for package options (HO)

(e:/Program Files/LateX/texlive/2025/texmf-dist/tex/latex/graphics/keyval.sty
Package: keyval 2022/05/29 v1.15 key=value parser (DPC)
\KV@toks@=\toks17
)
(e:/Program Files/LateX/texlive/2025/texmf-dist/tex/generic/ltxcmds/ltxcmds.sty
Package: ltxcmds 2023-12-04 v1.26 LaTeX kernel commands for general use (HO)
)
(e:/Program Files/LateX/texlive/2025/texmf-dist/tex/latex/kvsetkeys/kvsetkeys.s
ty
Package: kvsetkeys 2022-10-05 v1.19 Key value parser (HO)
))
(e:/Program Files/LateX/texlive/2025/texmf-dist/tex/latex/etoolbox/etoolbox.sty
Package: etoolbox 2025/02/11 v2.5l e-TeX tools for LaTeX (JAW)
\etb@tempcnta=\count192
) (e:/Program Files/LateX/texlive/2025/texmf-dist/tex/latex/base/book.cls
Document Class: book 2024/06/29 v1.4n Standard LaTeX document class
(e:/Program Files/LateX/texlive/2025/texmf-dist/tex/latex/base/bk11.clo
File: bk11.clo 2024/06/29 v1.4n Standard LaTeX file (size option)
)
\c@part=\count193
\c@chapter=\count194
\c@section=\count195
\c@subsection=\count196
\c@subsubsection=\count197
\c@paragraph=\count198
\c@subparagraph=\count199
\c@figure=\count266
\c@table=\count267
\abovecaptionskip=\skip49
\belowcaptionskip=\skip50
\bibindent=\dimen141
)
(e:/Program Files/LateX/texlive/2025/texmf-dist/tex/latex/setspace/setspace.sty
Package: setspace 2022/12/04 v6.7b set line spacing
)
(e:/Program Files/LateX/texlive/2025/texmf-dist/tex/latex/csquotes/csquotes.sty
Package: csquotes 2024-04-04 v5.2o context-sensitive quotations (JAW)
\csq@reset=\count268
\csq@gtype=\count269
\csq@glevel=\count270
\csq@qlevel=\count271
\csq@maxlvl=\count272
\csq@tshold=\count273
\csq@ltx@everypar=\toks18

(e:/Program Files/LateX/texlive/2025/texmf-dist/tex/latex/csquotes/csquotes.def
File: csquotes.def 2024-04-04 v5.2o csquotes generic definitions (JAW)
)
Package csquotes Info: Trying to load configuration file 'csquotes.cfg'...
Package csquotes Info: ... configuration file loaded successfully.

(e:/Program Files/LateX/texlive/2025/texmf-dist/tex/latex/csquotes/csquotes.cfg
File: csquotes.cfg 
))
(e:/Program Files/LateX/texlive/2025/texmf-dist/tex/latex/hyperref/hyperref.sty
Package: hyperref 2024-11-05 v7.01l Hypertext links for LaTeX
(e:/Program Files/LateX/texlive/2025/texmf-dist/tex/generic/iftex/iftex.sty
Package: iftex 2024/12/12 v1.0g TeX engine tests
)
(e:/Program Files/LateX/texlive/2025/texmf-dist/tex/generic/kvdefinekeys/kvdefi
nekeys.sty
Package: kvdefinekeys 2019-12-19 v1.6 Define keys (HO)
)
(e:/Program Files/LateX/texlive/2025/texmf-dist/tex/generic/pdfescape/pdfescape
.sty
Package: pdfescape 2019/12/09 v1.15 Implements pdfTeX's escape features (HO)

(e:/Program Files/LateX/texlive/2025/texmf-dist/tex/generic/pdftexcmds/pdftexcm
ds.sty
Package: pdftexcmds 2020-06-27 v0.33 Utility functions of pdfTeX for LuaTeX (HO
)

(e:/Program Files/LateX/texlive/2025/texmf-dist/tex/generic/infwarerr/infwarerr
.sty
Package: infwarerr 2019/12/03 v1.5 Providing info/warning/error messages (HO)
)
Package pdftexcmds Info: \pdf@primitive is available.
Package pdftexcmds Info: \pdf@ifprimitive is available.
Package pdftexcmds Info: \pdfdraftmode not found.
))
(e:/Program Files/LateX/texlive/2025/texmf-dist/tex/latex/hycolor/hycolor.sty
Package: hycolor 2020-01-27 v1.10 Color options for hyperref/bookmark (HO)
)
(e:/Program Files/LateX/texlive/2025/texmf-dist/tex/latex/hyperref/nameref.sty
Package: nameref 2023-11-26 v2.56 Cross-referencing by name of section

(e:/Program Files/LateX/texlive/2025/texmf-dist/tex/latex/refcount/refcount.sty
Package: refcount 2019/12/15 v3.6 Data extraction from label references (HO)
)
(e:/Program Files/LateX/texlive/2025/texmf-dist/tex/generic/gettitlestring/gett
itlestring.sty
Package: gettitlestring 2019/12/15 v1.6 Cleanup title references (HO)
)
\c@section@level=\count274
)
(e:/Program Files/LateX/texlive/2025/texmf-dist/tex/generic/stringenc/stringenc
.sty
Package: stringenc 2019/11/29 v1.12 Convert strings between diff. encodings (HO
)
)
\@linkdim=\dimen142
\Hy@linkcounter=\count275
\Hy@pagecounter=\count276

(e:/Program Files/LateX/texlive/2025/texmf-dist/tex/latex/hyperref/pd1enc.def
File: pd1enc.def 2024-11-05 v7.01l Hyperref: PDFDocEncoding definition (HO)
)
(e:/Program Files/LateX/texlive/2025/texmf-dist/tex/generic/intcalc/intcalc.sty
Package: intcalc 2019/12/15 v1.3 Expandable calculations with integers (HO)
)
\Hy@SavedSpaceFactor=\count277
 (e:/Program Files/LateX/texlive/2025/texmf-dist/tex/latex/hyperref/puenc.def
File: puenc.def 2024-11-05 v7.01l Hyperref: PDF Unicode definition (HO)
)
Package hyperref Info: Hyper figures OFF on input line 4157.
Package hyperref Info: Link nesting OFF on input line 4162.
Package hyperref Info: Hyper index ON on input line 4165.
Package hyperref Info: Plain pages OFF on input line 4172.
Package hyperref Info: Backreferencing OFF on input line 4177.
Package hyperref Info: Implicit mode ON; LaTeX internals redefined.
Package hyperref Info: Bookmarks ON on input line 4424.
\c@Hy@tempcnt=\count278
(e:/Program Files/LateX/texlive/2025/texmf-dist/tex/latex/url/url.sty
\Urlmuskip=\muskip17
Package: url 2013/09/16  ver 3.4  Verb mode for urls, etc.
)
LaTeX Info: Redefining \url on input line 4763.
\XeTeXLinkMargin=\dimen143

(e:/Program Files/LateX/texlive/2025/texmf-dist/tex/generic/bitset/bitset.sty
Package: bitset 2019/12/09 v1.3 Handle bit-vector datatype (HO)

(e:/Program Files/LateX/texlive/2025/texmf-dist/tex/generic/bigintcalc/bigintca
lc.sty
Package: bigintcalc 2019/12/15 v1.5 Expandable calculations on big integers (HO
)
))
\Fld@menulength=\count279
\Field@Width=\dimen144
\Fld@charsize=\dimen145
Package hyperref Info: Hyper figures OFF on input line 6042.
Package hyperref Info: Link nesting OFF on input line 6047.
Package hyperref Info: Hyper index ON on input line 6050.
Package hyperref Info: backreferencing OFF on input line 6057.
Package hyperref Info: Link coloring OFF on input line 6062.
Package hyperref Info: Link coloring with OCG OFF on input line 6067.
Package hyperref Info: PDF/A mode OFF on input line 6072.

(e:/Program Files/LateX/texlive/2025/texmf-dist/tex/latex/base/atbegshi-ltx.sty
Package: atbegshi-ltx 2021/01/10 v1.0c Emulation of the original atbegshi
package with kernel methods
)
\Hy@abspage=\count280
\c@Item=\count281
\c@Hfootnote=\count282
)
Package hyperref Info: Driver (autodetected): hxetex.

(e:/Program Files/LateX/texlive/2025/texmf-dist/tex/latex/hyperref/hxetex.def
File: hxetex.def 2024-11-05 v7.01l Hyperref driver for XeTeX
\pdfm@box=\box52
\c@Hy@AnnotLevel=\count283
\HyField@AnnotCount=\count284
\Fld@listcount=\count285
\c@bookmark@seq@number=\count286

(e:/Program Files/LateX/texlive/2025/texmf-dist/tex/latex/rerunfilecheck/rerunf
ilecheck.sty
Package: rerunfilecheck 2022-07-10 v1.10 Rerun checks for auxiliary files (HO)

(e:/Program Files/LateX/texlive/2025/texmf-dist/tex/latex/base/atveryend-ltx.st
y
Package: atveryend-ltx 2020/08/19 v1.0a Emulation of the original atveryend pac
kage
with kernel methods
)
(e:/Program Files/LateX/texlive/2025/texmf-dist/tex/generic/uniquecounter/uniqu
ecounter.sty
Package: uniquecounter 2019/12/15 v1.4 Provide unlimited unique counter (HO)
)
Package uniquecounter Info: New unique counter `rerunfilecheck' on input line 2
85.
)
\Hy@SectionHShift=\skip51
)
Package hyperref Info: Option `breaklinks' set `true' on input line 135.
Package hyperref Info: Option `unicode' set `true' on input line 135.
Package hyperref Info: Option `bookmarksnumbered' set `true' on input line 135.

Package hyperref Info: Option `bookmarksopen' set `true' on input line 135.
Package hyperref Info: Option `colorlinks' set `true' on input line 135.
Package hyperref Info: Option `plainpages' set `false' on input line 135.
Package hyperref Info: Option `linktocpage' set `true' on input line 135.

(e:/Program Files/LateX/texlive/2025/texmf-dist/tex/latex/geometry/geometry.sty
Package: geometry 2020/01/02 v5.9 Page Geometry
(e:/Program Files/LateX/texlive/2025/texmf-dist/tex/generic/iftex/ifvtex.sty
Package: ifvtex 2019/10/25 v1.7 ifvtex legacy package. Use iftex instead.
)
\Gm@cnth=\count287
\Gm@cntv=\count288
\c@Gm@tempcnt=\count289
\Gm@bindingoffset=\dimen146
\Gm@wd@mp=\dimen147
\Gm@odd@mp=\dimen148
\Gm@even@mp=\dimen149
\Gm@layoutwidth=\dimen150
\Gm@layoutheight=\dimen151
\Gm@layouthoffset=\dimen152
\Gm@layoutvoffset=\dimen153
\Gm@dimlist=\toks19
)
(e:/Program Files/LateX/texlive/2025/texmf-dist/tex/latex/tools/indentfirst.sty
Package: indentfirst 2023/07/02 v1.03 Indent first paragraph (DPC)
) (e:/Program Files/LateX/texlive/2025/texmf-dist/tex/latex/comment/comment.sty
\CommentStream=\write3
Excluding comment 'comment')
(e:/Program Files/LateX/texlive/2025/texmf-dist/tex/latex/fontspec/fontspec.sty

(e:/Program Files/LateX/texlive/2025/texmf-dist/tex/latex/l3packages/xparse/xpa
rse.sty
(e:/Program Files/LateX/texlive/2025/texmf-dist/tex/latex/l3kernel/expl3.sty
Package: expl3 2025-01-18 L3 programming layer (loader) 

(e:/Program Files/LateX/texlive/2025/texmf-dist/tex/latex/l3backend/l3backend-x
etex.def
File: l3backend-xetex.def 2024-05-08 L3 backend support: XeTeX
\g__graphics_track_int=\count290
\l__pdf_internal_box=\box53
\g__pdf_backend_annotation_int=\count291
\g__pdf_backend_link_int=\count292
))
Package: xparse 2024-08-16 L3 Experimental document command parser
)
Package: fontspec 2024/05/11 v2.9e Font selection for XeLaTeX and LuaLaTeX

(e:/Program Files/LateX/texlive/2025/texmf-dist/tex/latex/fontspec/fontspec-xet
ex.sty
Package: fontspec-xetex 2024/05/11 v2.9e Font selection for XeLaTeX and LuaLaTe
X
\l__fontspec_script_int=\count293
\l__fontspec_language_int=\count294
\l__fontspec_strnum_int=\count295
\l__fontspec_tmp_int=\count296
\l__fontspec_tmpa_int=\count297
\l__fontspec_tmpb_int=\count298
\l__fontspec_tmpc_int=\count299
\l__fontspec_em_int=\count300
\l__fontspec_emdef_int=\count301
\l__fontspec_strong_int=\count302
\l__fontspec_strongdef_int=\count303
\l__fontspec_tmpa_dim=\dimen154
\l__fontspec_tmpb_dim=\dimen155
\l__fontspec_tmpc_dim=\dimen156

(e:/Program Files/LateX/texlive/2025/texmf-dist/tex/latex/base/fontenc.sty
Package: fontenc 2021/04/29 v2.0v Standard LaTeX package
)
(e:/Program Files/LateX/texlive/2025/texmf-dist/tex/latex/fontspec/fontspec.cfg
)))
LaTeX Font Info:    Font shape `TU/texgyretermes(0)/m/n' will be
(Font)              scaled to size 10.95pt on input line 187.
 (e:/Program Files/LateX/texlive/2025/texmf-dist/tex/latex/ctex/ctex.sty
Package: ctex 2022/07/14 v2.5.10 Chinese adapter in LaTeX (CTEX)

(e:/Program Files/LateX/texlive/2025/texmf-dist/tex/latex/ctex/ctexhook.sty
Package: ctexhook 2022/07/14 v2.5.10 Document and package hooks (CTEX)
)
(e:/Program Files/LateX/texlive/2025/texmf-dist/tex/latex/ctex/ctexpatch.sty
Package: ctexpatch 2022/07/14 v2.5.10 Patching commands (CTEX)
)
(e:/Program Files/LateX/texlive/2025/texmf-dist/tex/latex/base/fix-cm.sty
Package: fix-cm 2020/11/24 v1.1t fixes to LaTeX

(e:/Program Files/LateX/texlive/2025/texmf-dist/tex/latex/base/ts1enc.def
File: ts1enc.def 2001/06/05 v3.0e (jk/car/fm) Standard LaTeX file
LaTeX Font Info:    Redeclaring font encoding TS1 on input line 47.
))
\l__ctex_tmp_int=\count304
\l__ctex_tmp_box=\box54
\l__ctex_tmp_dim=\dimen157
\g__ctex_section_depth_int=\count305
\g__ctex_font_size_int=\count306

(e:/Program Files/LateX/texlive/2025/texmf-dist/tex/latex/ctex/config/ctexopts.
cfg
File: ctexopts.cfg 2022/07/14 v2.5.10 Option configuration file (CTEX)
)
(e:/Program Files/LateX/texlive/2025/texmf-dist/tex/latex/ctex/engine/ctex-engi
ne-xetex.def
File: ctex-engine-xetex.def 2022/07/14 v2.5.10 XeLaTeX adapter (CTEX)

(e:/Program Files/LateX/texlive/2025/texmf-dist/tex/xelatex/xecjk/xeCJK.sty
Package: xeCJK 2022/08/05 v3.9.1 Typesetting CJK scripts with XeLaTeX

(e:/Program Files/LateX/texlive/2025/texmf-dist/tex/latex/l3packages/xtemplate/
xtemplate.sty
Package: xtemplate 2024-08-16 L3 Experimental prototype document functions
)
\l__xeCJK_tmp_int=\count307
\l__xeCJK_tmp_box=\box55
\l__xeCJK_tmp_dim=\dimen158
\l__xeCJK_tmp_skip=\skip52
\g__xeCJK_space_factor_int=\count308
\l__xeCJK_begin_int=\count309
\l__xeCJK_end_int=\count310
\c__xeCJK_CJK_class_int=\XeTeXcharclass1
\c__xeCJK_FullLeft_class_int=\XeTeXcharclass2
\c__xeCJK_FullRight_class_int=\XeTeXcharclass3
\c__xeCJK_HalfLeft_class_int=\XeTeXcharclass4
\c__xeCJK_HalfRight_class_int=\XeTeXcharclass5
\c__xeCJK_NormalSpace_class_int=\XeTeXcharclass6
\c__xeCJK_CM_class_int=\XeTeXcharclass7
\c__xeCJK_HangulJamo_class_int=\XeTeXcharclass8
\l__xeCJK_last_skip=\skip53
\c__xeCJK_none_node=\count311
\g__xeCJK_node_int=\count312
\c__xeCJK_CJK_node_dim=\dimen159
\c__xeCJK_CJK-space_node_dim=\dimen160
\c__xeCJK_default_node_dim=\dimen161
\c__xeCJK_CJK-widow_node_dim=\dimen162
\c__xeCJK_normalspace_node_dim=\dimen163
\c__xeCJK_default-space_node_skip=\skip54
\l__xeCJK_ccglue_skip=\skip55
\l__xeCJK_ecglue_skip=\skip56
\l__xeCJK_punct_kern_skip=\skip57
\l__xeCJK_indent_box=\box56
\l__xeCJK_last_penalty_int=\count313
\l__xeCJK_last_bound_dim=\dimen164
\l__xeCJK_last_kern_dim=\dimen165
\l__xeCJK_widow_penalty_int=\count314

LaTeX template Info: Declaring template type 'xeCJK/punctuation' taking 0
(template)           argument(s) on line 2396.

\l__xeCJK_fixed_punct_width_dim=\dimen166
\l__xeCJK_mixed_punct_width_dim=\dimen167
\l__xeCJK_middle_punct_width_dim=\dimen168
\l__xeCJK_fixed_margin_width_dim=\dimen169
\l__xeCJK_mixed_margin_width_dim=\dimen170
\l__xeCJK_middle_margin_width_dim=\dimen171
\l__xeCJK_bound_punct_width_dim=\dimen172
\l__xeCJK_bound_margin_width_dim=\dimen173
\l__xeCJK_margin_minimum_dim=\dimen174
\l__xeCJK_kerning_total_width_dim=\dimen175
\l__xeCJK_same_align_margin_dim=\dimen176
\l__xeCJK_different_align_margin_dim=\dimen177
\l__xeCJK_kerning_margin_width_dim=\dimen178
\l__xeCJK_kerning_margin_minimum_dim=\dimen179
\l__xeCJK_bound_dim=\dimen180
\l__xeCJK_reverse_bound_dim=\dimen181
\l__xeCJK_margin_dim=\dimen182
\l__xeCJK_minimum_bound_dim=\dimen183
\l__xeCJK_kerning_margin_dim=\dimen184
\g__xeCJK_family_int=\count315
\l__xeCJK_fam_int=\count316
\g__xeCJK_fam_allocation_int=\count317
\l__xeCJK_verb_case_int=\count318
\l__xeCJK_verb_exspace_skip=\skip58

(e:/Program Files/LateX/texlive/2025/texmf-dist/tex/xelatex/xecjk/xeCJK.cfg
File: xeCJK.cfg 2022/08/05 v3.9.1 Configuration file for xeCJK package
))
\ccwd=\dimen185
\l__ctex_ccglue_skip=\skip59
)
\l__ctex_ziju_dim=\dimen186

(e:/Program Files/LateX/texlive/2025/texmf-dist/tex/latex/zhnumber/zhnumber.sty
Package: zhnumber 2022/07/14 v3.0 Typesetting numbers with Chinese glyphs
\l__zhnum_scale_int=\count319
\l__zhnum_tmp_int=\count320

(e:/Program Files/LateX/texlive/2025/texmf-dist/tex/latex/zhnumber/zhnumber-utf
8.cfg
File: zhnumber-utf8.cfg 2022/07/14 v3.0 Chinese numerals with UTF8 encoding
))
(e:/Program Files/LateX/texlive/2025/texmf-dist/tex/latex/ctex/scheme/ctex-sche
me-plain.def
File: ctex-scheme-plain.def 2022/07/14 v2.5.10 Plain scheme for generic (CTEX)
)
(e:/Program Files/LateX/texlive/2025/texmf-dist/tex/latex/ctex/fontset/ctex-fon
tset-windows.def
File: ctex-fontset-windows.def 2022/07/14 v2.5.10 Windows fonts definition (CTE
X)
))
(e:/Program Files/LateX/texlive/2025/texmf-dist/tex/latex/ctex/config/ctex.cfg
File: ctex.cfg 2022/07/14 v2.5.10 Configuration file (CTEX)
)
(e:/Program Files/LateX/texlive/2025/texmf-dist/tex/latex/anyfontsize/anyfontsi
ze.sty
Invalid UTF-8 byte or sequence at line 3 replaced by U+FFFD.
Invalid UTF-8 byte or sequence at line 3 replaced by U+FFFD.
Package: anyfontsize 2007/11/22 anyfontsize.sty by pts
)
(e:/Program Files/LateX/texlive/2025/texmf-dist/tex/latex/xcolor/xcolor.sty
Package: xcolor 2024/09/29 v3.02 LaTeX color extensions (UK)

(e:/Program Files/LateX/texlive/2025/texmf-dist/tex/latex/graphics-cfg/color.cf
g
File: color.cfg 2016/01/02 v1.6 sample color configuration
)
Package xcolor Info: Driver file: xetex.def on input line 274.

(e:/Program Files/LateX/texlive/2025/texmf-dist/tex/latex/graphics-def/xetex.de
f
File: xetex.def 2022/09/22 v5.0n Graphics/color driver for xetex
)
(e:/Program Files/LateX/texlive/2025/texmf-dist/tex/latex/graphics/mathcolor.lt
x)
Package xcolor Info: Model `cmy' substituted by `cmy0' on input line 1349.
Package xcolor Info: Model `RGB' extended on input line 1365.
Package xcolor Info: Model `HTML' substituted by `rgb' on input line 1367.
Package xcolor Info: Model `Hsb' substituted by `hsb' on input line 1368.
Package xcolor Info: Model `tHsb' substituted by `hsb' on input line 1369.
Package xcolor Info: Model `HSB' substituted by `hsb' on input line 1370.
Package xcolor Info: Model `Gray' substituted by `gray' on input line 1371.
Package xcolor Info: Model `wave' substituted by `hsb' on input line 1372.
)
(e:/Program Files/LateX/texlive/2025/texmf-dist/tex/latex/colortbl/colortbl.sty
Package: colortbl 2024/07/06 v1.0i Color table columns (DPC)
(e:/Program Files/LateX/texlive/2025/texmf-dist/tex/latex/tools/array.sty
Package: array 2024/10/17 v2.6g Tabular extension package (FMi)
\col@sep=\dimen187
\ar@mcellbox=\box57
\extrarowheight=\dimen188
\NC@list=\toks20
\extratabsurround=\skip60
\backup@length=\skip61
\ar@cellbox=\box58
)
\everycr=\toks21
\minrowclearance=\skip62
\rownum=\count321
)
(e:/Program Files/LateX/texlive/2025/texmf-dist/tex/latex/mwe/mwe.sty
Package: mwe 2018/03/30 v0.5 Package to support minimal working examples (MWE)

(e:/Program Files/LateX/texlive/2025/texmf-dist/tex/latex/graphics/graphicx.sty
Package: graphicx 2021/09/16 v1.2d Enhanced LaTeX Graphics (DPC,SPQR)

(e:/Program Files/LateX/texlive/2025/texmf-dist/tex/latex/graphics/graphics.sty
Package: graphics 2024/08/06 v1.4g Standard LaTeX Graphics (DPC,SPQR)
(e:/Program Files/LateX/texlive/2025/texmf-dist/tex/latex/graphics/trig.sty
Package: trig 2023/12/02 v1.11 sin cos tan (DPC)
)
(e:/Program Files/LateX/texlive/2025/texmf-dist/tex/latex/graphics-cfg/graphics
.cfg
File: graphics.cfg 2016/06/04 v1.11 sample graphics configuration
)
Package graphics Info: Driver file: xetex.def on input line 106.
)
\Gin@req@height=\dimen189
\Gin@req@width=\dimen190
)
(e:/Program Files/LateX/texlive/2025/texmf-dist/tex/latex/lipsum/lipsum.sty
(e:/Program Files/LateX/texlive/2025/texmf-dist/tex/latex/l3packages/l3keys2e/l
3keys2e.sty
Package: l3keys2e 2024-08-16 LaTeX2e option processing using LaTeX3 keys
)
Package: lipsum 2021-09-20 v2.7 150 paragraphs of Lorem Ipsum dummy text
\g__lipsum_par_int=\count322
\l__lipsum_a_int=\count323
\l__lipsum_b_int=\count324

(e:/Program Files/LateX/texlive/2025/texmf-dist/tex/latex/lipsum/lipsum.ltd.tex
))
(e:/Program Files/LateX/texlive/2025/texmf-dist/tex/latex/blindtext/blindtext.s
ty
Package: blindtext 2012/01/06 V2.0 blindtext-Package
 (e:/Program Files/LateX/texlive/2025/texmf-dist/tex/latex/tools/xspace.sty
Package: xspace 2014/10/28 v1.13 Space after command names (DPC,MH)
)
\c@blindtext=\count325
\c@Blindtext=\count326
\c@blind@countparstart=\count327
\blind@countxx=\count328
\blindtext@numBlindtext=\count329
\blind@countyy=\count330
\c@blindlist=\count331
\c@blindlistlevel=\count332
\c@blindlist@level=\count333
\blind@listitem=\count334
\c@blind@listcount=\count335
\c@blind@levelcount=\count336
\blind@mathformula=\count337
\blind@Mathformula=\count338
\c@blind@randomcount=\count339
\c@blind@randommax=\count340
\c@blind@pangramcount=\count341
\c@blind@pangrammax=\count342
)) (e:/Program Files/LateX/texlive/2025/texmf-dist/tex/latex/tools/enumerate.st
y
Package: enumerate 2023/07/04 v3.00 enumerate extensions (DPC)
\@enLab=\toks22
)
(e:/Program Files/LateX/texlive/2025/texmf-dist/tex/latex/enumitem/enumitem.sty
Package: enumitem 2025/02/06 v3.11 Customized lists
\labelindent=\skip63
\enit@outerparindent=\dimen191
\enit@toks=\toks23
\enit@inbox=\box59
\enit@count@id=\count343
\enitdp@description=\count344
) (e:/Program Files/LateX/texlive/2025/texmf-dist/tex/latex/caption/caption.sty
Package: caption 2023/08/05 v3.6o Customizing captions (AR)
(e:/Program Files/LateX/texlive/2025/texmf-dist/tex/latex/caption/caption3.sty
Package: caption3 2023/07/31 v2.4d caption3 kernel (AR)
\caption@tempdima=\dimen192
\captionmargin=\dimen193
\caption@leftmargin=\dimen194
\caption@rightmargin=\dimen195
\caption@width=\dimen196
\caption@indent=\dimen197
\caption@parindent=\dimen198
\caption@hangindent=\dimen199
Package caption Info: Standard document class detected.
)
\c@caption@flags=\count345
\c@continuedfloat=\count346
Package caption Info: hyperref package is loaded.
) (e:/Program Files/LateX/texlive/2025/texmf-dist/tex/latex/amsmath/amsmath.sty
Package: amsmath 2024/11/05 v2.17t AMS math features
\@mathmargin=\skip64
For additional information on amsmath, use the `?' option.
(e:/Program Files/LateX/texlive/2025/texmf-dist/tex/latex/amsmath/amstext.sty
Package: amstext 2021/08/26 v2.01 AMS text

(e:/Program Files/LateX/texlive/2025/texmf-dist/tex/latex/amsmath/amsgen.sty
File: amsgen.sty 1999/11/30 v2.0 generic functions
\@emptytoks=\toks24
\ex@=\dimen256
))
(e:/Program Files/LateX/texlive/2025/texmf-dist/tex/latex/amsmath/amsbsy.sty
Package: amsbsy 1999/11/29 v1.2d Bold Symbols
\pmbraise@=\dimen257
)
(e:/Program Files/LateX/texlive/2025/texmf-dist/tex/latex/amsmath/amsopn.sty
Package: amsopn 2022/04/08 v2.04 operator names
)
\inf@bad=\count347
LaTeX Info: Redefining \frac on input line 233.
\uproot@=\count348
\leftroot@=\count349
LaTeX Info: Redefining \overline on input line 398.
LaTeX Info: Redefining \colon on input line 409.
\classnum@=\count350
\DOTSCASE@=\count351
LaTeX Info: Redefining \ldots on input line 495.
LaTeX Info: Redefining \dots on input line 498.
LaTeX Info: Redefining \cdots on input line 619.
\Mathstrutbox@=\box60
\strutbox@=\box61
LaTeX Info: Redefining \big on input line 721.
LaTeX Info: Redefining \Big on input line 722.
LaTeX Info: Redefining \bigg on input line 723.
LaTeX Info: Redefining \Bigg on input line 724.
\big@size=\dimen258
LaTeX Font Info:    Redeclaring font encoding OML on input line 742.
LaTeX Font Info:    Redeclaring font encoding OMS on input line 743.
\macc@depth=\count352
LaTeX Info: Redefining \bmod on input line 904.
LaTeX Info: Redefining \pmod on input line 909.
LaTeX Info: Redefining \smash on input line 939.
LaTeX Info: Redefining \relbar on input line 969.
LaTeX Info: Redefining \Relbar on input line 970.
\c@MaxMatrixCols=\count353
\dotsspace@=\muskip18
\c@parentequation=\count354
\dspbrk@lvl=\count355
\tag@help=\toks25
\row@=\count356
\column@=\count357
\maxfields@=\count358
\andhelp@=\toks26
\eqnshift@=\dimen259
\alignsep@=\dimen260
\tagshift@=\dimen261
\tagwidth@=\dimen262
\totwidth@=\dimen263
\lineht@=\dimen264
\@envbody=\toks27
\multlinegap=\skip65
\multlinetaggap=\skip66
\mathdisplay@stack=\toks28
LaTeX Info: Redefining \[ on input line 2953.
LaTeX Info: Redefining \] on input line 2954.
)
(e:/Program Files/LateX/texlive/2025/texmf-dist/tex/latex/jknapltx/mathrsfs.sty
Package: mathrsfs 1996/01/01 Math RSFS package v1.0 (jk)
\symrsfs=\mathgroup4
)
(e:/Program Files/LateX/texlive/2025/texmf-dist/tex/latex/amsfonts/amsfonts.sty
Package: amsfonts 2013/01/14 v3.01 Basic AMSFonts support
\symAMSa=\mathgroup5
\symAMSb=\mathgroup6
LaTeX Font Info:    Redeclaring math symbol \hbar on input line 98.
LaTeX Font Info:    Overwriting math alphabet `\mathfrak' in version `bold'
(Font)                  U/euf/m/n --> U/euf/b/n on input line 106.
)
(e:/Program Files/LateX/texlive/2025/texmf-dist/tex/latex/amsfonts/amssymb.sty
Package: amssymb 2013/01/14 v3.01 AMS font symbols
)
(e:/Program Files/LateX/texlive/2025/texmf-dist/tex/latex/booktabs/booktabs.sty
Package: booktabs 2020/01/12 v1.61803398 Publication quality tables
\heavyrulewidth=\dimen265
\lightrulewidth=\dimen266
\cmidrulewidth=\dimen267
\belowrulesep=\dimen268
\belowbottomsep=\dimen269
\aboverulesep=\dimen270
\abovetopsep=\dimen271
\cmidrulesep=\dimen272
\cmidrulekern=\dimen273
\defaultaddspace=\dimen274
\@cmidla=\count359
\@cmidlb=\count360
\@aboverulesep=\dimen275
\@belowrulesep=\dimen276
\@thisruleclass=\count361
\@lastruleclass=\count362
\@thisrulewidth=\dimen277
) (e:/Program Files/LateX/texlive/2025/texmf-dist/tex/latex/tools/multicol.sty
Package: multicol 2024/09/14 v1.9i multicolumn formatting (FMi)
\c@tracingmulticols=\count363
\mult@box=\box62
\multicol@leftmargin=\dimen278
\c@unbalance=\count364
\c@collectmore=\count365
\doublecol@number=\count366
\multicoltolerance=\count367
\multicolpretolerance=\count368
\full@width=\dimen279
\page@free=\dimen280
\premulticols=\dimen281
\postmulticols=\dimen282
\multicolsep=\skip67
\multicolbaselineskip=\skip68
\partial@page=\box63
\last@line=\box64
\mc@boxedresult=\box65
\maxbalancingoverflow=\dimen283
\mult@rightbox=\box66
\mult@grightbox=\box67
\mult@firstbox=\box68
\mult@gfirstbox=\box69
\@tempa=\box70
\@tempa=\box71
\@tempa=\box72
\@tempa=\box73
\@tempa=\box74
\@tempa=\box75
\@tempa=\box76
\@tempa=\box77
\@tempa=\box78
\@tempa=\box79
\@tempa=\box80
\@tempa=\box81
\@tempa=\box82
\@tempa=\box83
\@tempa=\box84
\@tempa=\box85
\@tempa=\box86
\@tempa=\box87
\@tempa=\box88
\@tempa=\box89
\@tempa=\box90
\@tempa=\box91
\@tempa=\box92
\@tempa=\box93
\@tempa=\box94
\@tempa=\box95
\@tempa=\box96
\@tempa=\box97
\@tempa=\box98
\@tempa=\box99
\@tempa=\box100
\@tempa=\box101
\@tempa=\box102
\@tempa=\box103
\@tempa=\box104
\@tempa=\box105
\c@minrows=\count369
\c@columnbadness=\count370
\c@finalcolumnbadness=\count371
\last@try=\dimen284
\multicolovershoot=\dimen285
\multicolundershoot=\dimen286
\mult@nat@firstbox=\box106
\colbreak@box=\box107
\mc@col@check@num=\count372
)
(e:/Program Files/LateX/texlive/2025/texmf-dist/tex/latex/multirow/multirow.sty
Package: multirow 2024/11/12 v2.9 Span multiple rows of a table
\multirow@colwidth=\skip69
\multirow@cntb=\count373
\multirow@dima=\skip70
\bigstrutjot=\dimen287
)
(e:/Program Files/LateX/texlive/2025/texmf-dist/tex/latex/fancyvrb/fancyvrb.sty
Package: fancyvrb 2024/01/20 4.5c verbatim text (tvz,hv)
\FV@CodeLineNo=\count374
\FV@InFile=\read2
\FV@TabBox=\box108
\c@FancyVerbLine=\count375
\FV@StepNumber=\count376
\FV@OutFile=\write4
)
(e:/Program Files/LateX/texlive/2025/texmf-dist/tex/latex/makecell/makecell.sty
Package: makecell 2009/08/03 V0.1e Managing of Tab Column Heads and Cells
\rotheadsize=\dimen288
\c@nlinenum=\count377
\TeXr@lab=\toks29
) (e:/Program Files/LateX/texlive/2025/texmf-dist/tex/generic/hologo/hologo.sty
Package: hologo 2021-11-16 v1.15 A logo collection with bookmark support (HO)
)
(e:/Program Files/LateX/texlive/2025/texmf-dist/tex/latex/titlesec/titlesec.sty
Package: titlesec 2025/01/04 v2.17 Sectioning titles
\ttl@box=\box109
\beforetitleunit=\skip71
\aftertitleunit=\skip72
\ttl@plus=\dimen289
\ttl@minus=\dimen290
\ttl@toksa=\toks30
\titlewidth=\dimen291
\titlewidthlast=\dimen292
\titlewidthfirst=\dimen293
(e:/Program Files/LateX/texlive/2025/texmf-dist/tex/latex/titlesec/titleps.sty)
)
(e:/Program Files/LateX/texlive/2025/texmf-dist/tex/latex/appendix/appendix.sty
Package: appendix 2020/02/08 v1.2c extra appendix facilities
\c@@pps=\count378
\c@@ppsavesec=\count379
\c@@ppsaveapp=\count380
)
(e:/Program Files/LateX/texlive/2025/texmf-dist/tex/latex/pgf/frontendlayer/tik
z.sty
(e:/Program Files/LateX/texlive/2025/texmf-dist/tex/latex/pgf/basiclayer/pgf.st
y
(e:/Program Files/LateX/texlive/2025/texmf-dist/tex/latex/pgf/utilities/pgfrcs.
sty
(e:/Program Files/LateX/texlive/2025/texmf-dist/tex/generic/pgf/utilities/pgfut
il-common.tex
\pgfutil@everybye=\toks31
\pgfutil@tempdima=\dimen294
\pgfutil@tempdimb=\dimen295
)
(e:/Program Files/LateX/texlive/2025/texmf-dist/tex/generic/pgf/utilities/pgfut
il-latex.def
\pgfutil@abb=\box110
)
(e:/Program Files/LateX/texlive/2025/texmf-dist/tex/generic/pgf/utilities/pgfrc
s.code.tex
(e:/Program Files/LateX/texlive/2025/texmf-dist/tex/generic/pgf/pgf.revision.te
x)
Package: pgfrcs 2023-01-15 v3.1.10 (3.1.10)
))
Package: pgf 2023-01-15 v3.1.10 (3.1.10)

(e:/Program Files/LateX/texlive/2025/texmf-dist/tex/latex/pgf/basiclayer/pgfcor
e.sty
(e:/Program Files/LateX/texlive/2025/texmf-dist/tex/latex/pgf/systemlayer/pgfsy
s.sty
(e:/Program Files/LateX/texlive/2025/texmf-dist/tex/generic/pgf/systemlayer/pgf
sys.code.tex
Package: pgfsys 2023-01-15 v3.1.10 (3.1.10)

(e:/Program Files/LateX/texlive/2025/texmf-dist/tex/generic/pgf/utilities/pgfke
ys.code.tex
\pgfkeys@pathtoks=\toks32
\pgfkeys@temptoks=\toks33

(e:/Program Files/LateX/texlive/2025/texmf-dist/tex/generic/pgf/utilities/pgfke
yslibraryfiltered.code.tex
\pgfkeys@tmptoks=\toks34
))
\pgf@x=\dimen296
\pgf@y=\dimen297
\pgf@xa=\dimen298
\pgf@ya=\dimen299
\pgf@xb=\dimen300
\pgf@yb=\dimen301
\pgf@xc=\dimen302
\pgf@yc=\dimen303
\pgf@xd=\dimen304
\pgf@yd=\dimen305
\w@pgf@writea=\write5
\r@pgf@reada=\read3
\c@pgf@counta=\count381
\c@pgf@countb=\count382
\c@pgf@countc=\count383
\c@pgf@countd=\count384
\t@pgf@toka=\toks35
\t@pgf@tokb=\toks36
\t@pgf@tokc=\toks37
\pgf@sys@id@count=\count385

(e:/Program Files/LateX/texlive/2025/texmf-dist/tex/generic/pgf/systemlayer/pgf
.cfg
File: pgf.cfg 2023-01-15 v3.1.10 (3.1.10)
)
Driver file for pgf: pgfsys-xetex.def

(e:/Program Files/LateX/texlive/2025/texmf-dist/tex/generic/pgf/systemlayer/pgf
sys-xetex.def
File: pgfsys-xetex.def 2023-01-15 v3.1.10 (3.1.10)

(e:/Program Files/LateX/texlive/2025/texmf-dist/tex/generic/pgf/systemlayer/pgf
sys-dvipdfmx.def
File: pgfsys-dvipdfmx.def 2023-01-15 v3.1.10 (3.1.10)

(e:/Program Files/LateX/texlive/2025/texmf-dist/tex/generic/pgf/systemlayer/pgf
sys-common-pdf.def
File: pgfsys-common-pdf.def 2023-01-15 v3.1.10 (3.1.10)
)
\pgfsys@objnum=\count386
)))
(e:/Program Files/LateX/texlive/2025/texmf-dist/tex/generic/pgf/systemlayer/pgf
syssoftpath.code.tex
File: pgfsyssoftpath.code.tex 2023-01-15 v3.1.10 (3.1.10)
\pgfsyssoftpath@smallbuffer@items=\count387
\pgfsyssoftpath@bigbuffer@items=\count388
)
(e:/Program Files/LateX/texlive/2025/texmf-dist/tex/generic/pgf/systemlayer/pgf
sysprotocol.code.tex
File: pgfsysprotocol.code.tex 2023-01-15 v3.1.10 (3.1.10)
))
(e:/Program Files/LateX/texlive/2025/texmf-dist/tex/generic/pgf/basiclayer/pgfc
ore.code.tex
Package: pgfcore 2023-01-15 v3.1.10 (3.1.10)

(e:/Program Files/LateX/texlive/2025/texmf-dist/tex/generic/pgf/math/pgfmath.co
de.tex
(e:/Program Files/LateX/texlive/2025/texmf-dist/tex/generic/pgf/math/pgfmathuti
l.code.tex)
(e:/Program Files/LateX/texlive/2025/texmf-dist/tex/generic/pgf/math/pgfmathpar
ser.code.tex
\pgfmath@dimen=\dimen306
\pgfmath@count=\count389
\pgfmath@box=\box111
\pgfmath@toks=\toks38
\pgfmath@stack@operand=\toks39
\pgfmath@stack@operation=\toks40
)
(e:/Program Files/LateX/texlive/2025/texmf-dist/tex/generic/pgf/math/pgfmathfun
ctions.code.tex)
(e:/Program Files/LateX/texlive/2025/texmf-dist/tex/generic/pgf/math/pgfmathfun
ctions.basic.code.tex)
(e:/Program Files/LateX/texlive/2025/texmf-dist/tex/generic/pgf/math/pgfmathfun
ctions.trigonometric.code.tex)
(e:/Program Files/LateX/texlive/2025/texmf-dist/tex/generic/pgf/math/pgfmathfun
ctions.random.code.tex)
(e:/Program Files/LateX/texlive/2025/texmf-dist/tex/generic/pgf/math/pgfmathfun
ctions.comparison.code.tex)
(e:/Program Files/LateX/texlive/2025/texmf-dist/tex/generic/pgf/math/pgfmathfun
ctions.base.code.tex)
(e:/Program Files/LateX/texlive/2025/texmf-dist/tex/generic/pgf/math/pgfmathfun
ctions.round.code.tex)
(e:/Program Files/LateX/texlive/2025/texmf-dist/tex/generic/pgf/math/pgfmathfun
ctions.misc.code.tex)
(e:/Program Files/LateX/texlive/2025/texmf-dist/tex/generic/pgf/math/pgfmathfun
ctions.integerarithmetics.code.tex)
(e:/Program Files/LateX/texlive/2025/texmf-dist/tex/generic/pgf/math/pgfmathcal
c.code.tex)
(e:/Program Files/LateX/texlive/2025/texmf-dist/tex/generic/pgf/math/pgfmathflo
at.code.tex
\c@pgfmathroundto@lastzeros=\count390
))
(e:/Program Files/LateX/texlive/2025/texmf-dist/tex/generic/pgf/math/pgfint.cod
e.tex)
(e:/Program Files/LateX/texlive/2025/texmf-dist/tex/generic/pgf/basiclayer/pgfc
orepoints.code.tex
File: pgfcorepoints.code.tex 2023-01-15 v3.1.10 (3.1.10)
\pgf@picminx=\dimen307
\pgf@picmaxx=\dimen308
\pgf@picminy=\dimen309
\pgf@picmaxy=\dimen310
\pgf@pathminx=\dimen311
\pgf@pathmaxx=\dimen312
\pgf@pathminy=\dimen313
\pgf@pathmaxy=\dimen314
\pgf@xx=\dimen315
\pgf@xy=\dimen316
\pgf@yx=\dimen317
\pgf@yy=\dimen318
\pgf@zx=\dimen319
\pgf@zy=\dimen320
)
(e:/Program Files/LateX/texlive/2025/texmf-dist/tex/generic/pgf/basiclayer/pgfc
orepathconstruct.code.tex
File: pgfcorepathconstruct.code.tex 2023-01-15 v3.1.10 (3.1.10)
\pgf@path@lastx=\dimen321
\pgf@path@lasty=\dimen322
)
(e:/Program Files/LateX/texlive/2025/texmf-dist/tex/generic/pgf/basiclayer/pgfc
orepathusage.code.tex
File: pgfcorepathusage.code.tex 2023-01-15 v3.1.10 (3.1.10)
\pgf@shorten@end@additional=\dimen323
\pgf@shorten@start@additional=\dimen324
)
(e:/Program Files/LateX/texlive/2025/texmf-dist/tex/generic/pgf/basiclayer/pgfc
orescopes.code.tex
File: pgfcorescopes.code.tex 2023-01-15 v3.1.10 (3.1.10)
\pgfpic=\box112
\pgf@hbox=\box113
\pgf@layerbox@main=\box114
\pgf@picture@serial@count=\count391
)
(e:/Program Files/LateX/texlive/2025/texmf-dist/tex/generic/pgf/basiclayer/pgfc
oregraphicstate.code.tex
File: pgfcoregraphicstate.code.tex 2023-01-15 v3.1.10 (3.1.10)
\pgflinewidth=\dimen325
)
(e:/Program Files/LateX/texlive/2025/texmf-dist/tex/generic/pgf/basiclayer/pgfc
oretransformations.code.tex
File: pgfcoretransformations.code.tex 2023-01-15 v3.1.10 (3.1.10)
\pgf@pt@x=\dimen326
\pgf@pt@y=\dimen327
\pgf@pt@temp=\dimen328
)
(e:/Program Files/LateX/texlive/2025/texmf-dist/tex/generic/pgf/basiclayer/pgfc
orequick.code.tex
File: pgfcorequick.code.tex 2023-01-15 v3.1.10 (3.1.10)
)
(e:/Program Files/LateX/texlive/2025/texmf-dist/tex/generic/pgf/basiclayer/pgfc
oreobjects.code.tex
File: pgfcoreobjects.code.tex 2023-01-15 v3.1.10 (3.1.10)
)
(e:/Program Files/LateX/texlive/2025/texmf-dist/tex/generic/pgf/basiclayer/pgfc
orepathprocessing.code.tex
File: pgfcorepathprocessing.code.tex 2023-01-15 v3.1.10 (3.1.10)
)
(e:/Program Files/LateX/texlive/2025/texmf-dist/tex/generic/pgf/basiclayer/pgfc
orearrows.code.tex
File: pgfcorearrows.code.tex 2023-01-15 v3.1.10 (3.1.10)
\pgfarrowsep=\dimen329
)
(e:/Program Files/LateX/texlive/2025/texmf-dist/tex/generic/pgf/basiclayer/pgfc
oreshade.code.tex
File: pgfcoreshade.code.tex 2023-01-15 v3.1.10 (3.1.10)
\pgf@max=\dimen330
\pgf@sys@shading@range@num=\count392
\pgf@shadingcount=\count393
)
(e:/Program Files/LateX/texlive/2025/texmf-dist/tex/generic/pgf/basiclayer/pgfc
oreimage.code.tex
File: pgfcoreimage.code.tex 2023-01-15 v3.1.10 (3.1.10)
)
(e:/Program Files/LateX/texlive/2025/texmf-dist/tex/generic/pgf/basiclayer/pgfc
oreexternal.code.tex
File: pgfcoreexternal.code.tex 2023-01-15 v3.1.10 (3.1.10)
\pgfexternal@startupbox=\box115
)
(e:/Program Files/LateX/texlive/2025/texmf-dist/tex/generic/pgf/basiclayer/pgfc
orelayers.code.tex
File: pgfcorelayers.code.tex 2023-01-15 v3.1.10 (3.1.10)
)
(e:/Program Files/LateX/texlive/2025/texmf-dist/tex/generic/pgf/basiclayer/pgfc
oretransparency.code.tex
File: pgfcoretransparency.code.tex 2023-01-15 v3.1.10 (3.1.10)
)
(e:/Program Files/LateX/texlive/2025/texmf-dist/tex/generic/pgf/basiclayer/pgfc
orepatterns.code.tex
File: pgfcorepatterns.code.tex 2023-01-15 v3.1.10 (3.1.10)
)
(e:/Program Files/LateX/texlive/2025/texmf-dist/tex/generic/pgf/basiclayer/pgfc
orerdf.code.tex
File: pgfcorerdf.code.tex 2023-01-15 v3.1.10 (3.1.10)
)))
(e:/Program Files/LateX/texlive/2025/texmf-dist/tex/generic/pgf/modules/pgfmodu
leshapes.code.tex
File: pgfmoduleshapes.code.tex 2023-01-15 v3.1.10 (3.1.10)
\pgfnodeparttextbox=\box116
)
(e:/Program Files/LateX/texlive/2025/texmf-dist/tex/generic/pgf/modules/pgfmodu
leplot.code.tex
File: pgfmoduleplot.code.tex 2023-01-15 v3.1.10 (3.1.10)
)
(e:/Program Files/LateX/texlive/2025/texmf-dist/tex/latex/pgf/compatibility/pgf
comp-version-0-65.sty
Package: pgfcomp-version-0-65 2023-01-15 v3.1.10 (3.1.10)
\pgf@nodesepstart=\dimen331
\pgf@nodesepend=\dimen332
)
(e:/Program Files/LateX/texlive/2025/texmf-dist/tex/latex/pgf/compatibility/pgf
comp-version-1-18.sty
Package: pgfcomp-version-1-18 2023-01-15 v3.1.10 (3.1.10)
))
(e:/Program Files/LateX/texlive/2025/texmf-dist/tex/latex/pgf/utilities/pgffor.
sty
(e:/Program Files/LateX/texlive/2025/texmf-dist/tex/latex/pgf/utilities/pgfkeys
.sty
(e:/Program Files/LateX/texlive/2025/texmf-dist/tex/generic/pgf/utilities/pgfke
ys.code.tex))
(e:/Program Files/LateX/texlive/2025/texmf-dist/tex/latex/pgf/math/pgfmath.sty
(e:/Program Files/LateX/texlive/2025/texmf-dist/tex/generic/pgf/math/pgfmath.co
de.tex))
(e:/Program Files/LateX/texlive/2025/texmf-dist/tex/generic/pgf/utilities/pgffo
r.code.tex
Package: pgffor 2023-01-15 v3.1.10 (3.1.10)
\pgffor@iter=\dimen333
\pgffor@skip=\dimen334
\pgffor@stack=\toks41
\pgffor@toks=\toks42
))
(e:/Program Files/LateX/texlive/2025/texmf-dist/tex/generic/pgf/frontendlayer/t
ikz/tikz.code.tex
Package: tikz 2023-01-15 v3.1.10 (3.1.10)

(e:/Program Files/LateX/texlive/2025/texmf-dist/tex/generic/pgf/libraries/pgfli
braryplothandlers.code.tex
File: pgflibraryplothandlers.code.tex 2023-01-15 v3.1.10 (3.1.10)
\pgf@plot@mark@count=\count394
\pgfplotmarksize=\dimen335
)
\tikz@lastx=\dimen336
\tikz@lasty=\dimen337
\tikz@lastxsaved=\dimen338
\tikz@lastysaved=\dimen339
\tikz@lastmovetox=\dimen340
\tikz@lastmovetoy=\dimen341
\tikzleveldistance=\dimen342
\tikzsiblingdistance=\dimen343
\tikz@figbox=\box117
\tikz@figbox@bg=\box118
\tikz@tempbox=\box119
\tikz@tempbox@bg=\box120
\tikztreelevel=\count395
\tikznumberofchildren=\count396
\tikznumberofcurrentchild=\count397
\tikz@fig@count=\count398

(e:/Program Files/LateX/texlive/2025/texmf-dist/tex/generic/pgf/modules/pgfmodu
lematrix.code.tex
File: pgfmodulematrix.code.tex 2023-01-15 v3.1.10 (3.1.10)
\pgfmatrixcurrentrow=\count399
\pgfmatrixcurrentcolumn=\count400
\pgf@matrix@numberofcolumns=\count401
)
\tikz@expandcount=\count402

(e:/Program Files/LateX/texlive/2025/texmf-dist/tex/generic/pgf/frontendlayer/t
ikz/libraries/tikzlibrarytopaths.code.tex
File: tikzlibrarytopaths.code.tex 2023-01-15 v3.1.10 (3.1.10)
)))
(e:/Program Files/LateX/texlive/2025/texmf-dist/tex/generic/pgf/frontendlayer/t
ikz/libraries/tikzlibrarybackgrounds.code.tex
File: tikzlibrarybackgrounds.code.tex 2023-01-15 v3.1.10 (3.1.10)
\pgf@layerbox@background=\box121
\pgf@layerboxsaved@background=\box122
)
(e:/Program Files/LateX/texlive/2025/texmf-dist/tex/generic/pgf/frontendlayer/t
ikz/libraries/tikzlibrarycalc.code.tex
File: tikzlibrarycalc.code.tex 2023-01-15 v3.1.10 (3.1.10)
)
(e:/Program Files/LateX/texlive/2025/texmf-dist/tex/generic/pgf/frontendlayer/t
ikz/libraries/tikzlibraryshadows.code.tex
File: tikzlibraryshadows.code.tex 2023-01-15 v3.1.10 (3.1.10)

(e:/Program Files/LateX/texlive/2025/texmf-dist/tex/generic/pgf/frontendlayer/t
ikz/libraries/tikzlibraryfadings.code.tex
File: tikzlibraryfadings.code.tex 2023-01-15 v3.1.10 (3.1.10)

(e:/Program Files/LateX/texlive/2025/texmf-dist/tex/generic/pgf/libraries/pgfli
braryfadings.code.tex
File: pgflibraryfadings.code.tex 2023-01-15 v3.1.10 (3.1.10)
)))
(e:/Program Files/LateX/texlive/2025/texmf-dist/tex/generic/pgf/frontendlayer/t
ikz/libraries/tikzlibrarypositioning.code.tex
File: tikzlibrarypositioning.code.tex 2023-01-15 v3.1.10 (3.1.10)
)
(e:/Program Files/LateX/texlive/2025/texmf-dist/tex/generic/pgf/frontendlayer/t
ikz/libraries/tikzlibraryfit.code.tex
File: tikzlibraryfit.code.tex 2023-01-15 v3.1.10 (3.1.10)
)
(e:/Program Files/LateX/texlive/2025/texmf-dist/tex/latex/apptools/apptools.sty
Package: apptools 2012/11/28 v1.0 Tools for customizing appendices
) (e:/Program Files/LateX/texlive/2025/texmf-dist/tex/latex/psnfss/pifont.sty
Package: pifont 2020/03/25 PSNFSS-v9.3 Pi font support (SPQR) 
LaTeX Font Info:    Trying to load font information for U+pzd on input line 63.


(e:/Program Files/LateX/texlive/2025/texmf-dist/tex/latex/psnfss/upzd.fd
File: upzd.fd 2001/06/04 font definitions for U/pzd.
)
LaTeX Font Info:    Trying to load font information for U+psy on input line 64.


(e:/Program Files/LateX/texlive/2025/texmf-dist/tex/latex/psnfss/upsy.fd
File: upsy.fd 2001/06/04 font definitions for U/psy.
))
(e:/Program Files/LateX/texlive/2025/texmf-dist/tex/latex/manfnt/manfnt.sty
Package: manfnt 1999/07/010.2LaTeX2e manfnt package
\dbend@height=\skip73
)
(e:/Program Files/LateX/texlive/2025/texmf-dist/tex/latex/bbding/bbding.sty
Package: bbding 1999/04/15 v1.01 Dingbats symbols
)
(e:/Program Files/LateX/texlive/2025/texmf-dist/tex/latex/tcolorbox/tcolorbox.s
ty
Package: tcolorbox 2024/10/22 version 6.4.1 text color boxes
 (e:/Program Files/LateX/texlive/2025/texmf-dist/tex/latex/tools/verbatim.sty
Package: verbatim 2024-01-22 v1.5x LaTeX2e package for verbatim enhancements
\every@verbatim=\toks43
\verbatim@line=\toks44
\verbatim@in@stream=\read4
) (e:/Program Files/LateX/texlive/2025/texmf-dist/tex/latex/environ/environ.sty
Package: environ 2014/05/04 v0.3 A new way to define environments

(e:/Program Files/LateX/texlive/2025/texmf-dist/tex/latex/trimspaces/trimspaces
.sty
Package: trimspaces 2009/09/17 v1.1 Trim spaces around a token list
))
\tcb@titlebox=\box123
\tcb@upperbox=\box124
\tcb@lowerbox=\box125
\tcb@phantombox=\box126
\c@tcbbreakpart=\count403
\c@tcblayer=\count404
\c@tcolorbox@number=\count405
\l__tcobox_tmpa_box=\box127
\l__tcobox_tmpa_dim=\dimen344
\tcb@temp=\box128
\tcb@temp=\box129
\tcb@temp=\box130
\tcb@temp=\box131

(e:/Program Files/LateX/texlive/2025/texmf-dist/tex/latex/tcolorbox/tcbraster.c
ode.tex
Library (tcolorbox): 'tcbraster.code.tex' version '6.4.1'
\c@tcbrastercolumn=\count406
\c@tcbrasterrow=\count407
\c@tcbrasternum=\count408
\c@tcbraster=\count409
)
(e:/Program Files/LateX/texlive/2025/texmf-dist/tex/latex/tcolorbox/tcbskins.co
de.tex
Library (tcolorbox): 'tcbskins.code.tex' version '6.4.1'

(e:/Program Files/LateX/texlive/2025/texmf-dist/tex/latex/tikzfill/tikzfill.ima
ge.sty
Package: tikzfill.image 2023/08/08 v1.0.1 Image filling library for TikZ

(e:/Program Files/LateX/texlive/2025/texmf-dist/tex/latex/tikzfill/tikzfill-com
mon.sty
Package: tikzfill-common 2023/08/08 v1.0.1 Auxiliary code for tikzfill
)
(e:/Program Files/LateX/texlive/2025/texmf-dist/tex/latex/tikzfill/tikzlibraryf
ill.image.code.tex
File: tikzlibraryfill.image.code.tex 2023/08/08 v1.0.1 Image filling library
\l__tikzfill_img_box=\box132
))
(e:/Program Files/LateX/texlive/2025/texmf-dist/tex/latex/tcolorbox/tcbskinsjig
saw.code.tex
Library (tcolorbox): 'tcbskinsjigsaw.code.tex' version '6.4.1'
))
(e:/Program Files/LateX/texlive/2025/texmf-dist/tex/latex/tcolorbox/tcbbreakabl
e.code.tex
Library (tcolorbox): 'tcbbreakable.code.tex' version '6.4.1'
(e:/Program Files/LateX/texlive/2025/texmf-dist/tex/latex/pdfcol/pdfcol.sty
Package: pdfcol 2022-09-21 v1.7 Handle new color stacks for pdfTeX (HO)
Package pdfcol Info: Interface disabled because of missing PDF mode of pdfTeX.
)
Package pdfcol Info: pdfTeX's color stacks are not available.
\tcb@testbox=\box133
\tcb@totalupperbox=\box134
\tcb@totallowerbox=\box135
)
(e:/Program Files/LateX/texlive/2025/texmf-dist/tex/latex/tcolorbox/tcbhooks.co
de.tex
Library (tcolorbox): 'tcbhooks.code.tex' version '6.4.1'
)
(e:/Program Files/LateX/texlive/2025/texmf-dist/tex/latex/tcolorbox/tcbtheorems
.code.tex
Library (tcolorbox): 'tcbtheorems.code.tex' version '6.4.1'
)
(e:/Program Files/LateX/texlive/2025/texmf-dist/tex/latex/tcolorbox/tcbfitting.
code.tex
Library (tcolorbox): 'tcbfitting.code.tex' version '6.4.1'
\tcbfitdim=\dimen345
\tcb@lowerfitdim=\dimen346
\tcb@upperfitdim=\dimen347
\tcb@cur@hbadness=\count410
))
\c@tcb@cnt@definition=\count411
\c@tcb@cnt@theorem=\count412
\c@tcb@cnt@postulate=\count413
\c@tcb@cnt@axiom=\count414
\c@tcb@cnt@corollary=\count415
\c@tcb@cnt@lemma=\count416
\c@tcb@cnt@proposition=\count417
\c@exam=\count418
\c@exer=\count419
\c@prob=\count420
\c@skill=\count421
\c@prop=\count422
\ebword@headbox=\box136
\ebword@leftwidth=\skip74
\ebword@leftmin=\skip75
\ebword@leftmax=\skip76
\ebword@gap=\skip77
\ebword@rightwidth=\skip78
\ebword@measure=\skip79
\ebword@labelwidth=\skip80
\c@ebword@sense=\count423
 (e:/Program Files/LateX/texlive/2025/texmf-dist/tex/latex/adforn/adforn.sty
(e:/Program Files/LateX/texlive/2025/texmf-dist/tex/latex/svn-prov/svn-prov.sty
Package: svn-prov 2010/04/24 v3.1862 Package Date/Version from SVN Keywords
)
Package: adforn 2024/09/29 v1.2 (SVN Rev: 10442)
)
(e:/Program Files/LateX/texlive/2025/texmf-dist/tex/latex/fancyhdr/fancyhdr.sty
Package: fancyhdr 2025/02/07 v5.2 Extensive control of page headers and footers

\f@nch@headwidth=\skip81
\f@nch@offset@elh=\skip82
\f@nch@offset@erh=\skip83
\f@nch@offset@olh=\skip84
\f@nch@offset@orh=\skip85
\f@nch@offset@elf=\skip86
\f@nch@offset@erf=\skip87
\f@nch@offset@olf=\skip88
\f@nch@offset@orf=\skip89
\f@nch@height=\skip90
\f@nch@footalignment=\skip91
\f@nch@widthL=\skip92
\f@nch@widthC=\skip93
\f@nch@widthR=\skip94
\@temptokenb=\toks45
)
(e:/Program Files/LateX/texlive/2025/texmf-dist/tex/latex/listings/listings.sty
\lst@mode=\count424
\lst@gtempboxa=\box137
\lst@token=\toks46
\lst@length=\count425
\lst@currlwidth=\dimen348
\lst@column=\count426
\lst@pos=\count427
\lst@lostspace=\dimen349
\lst@width=\dimen350
\lst@newlines=\count428
\lst@lineno=\count429
\lst@maxwidth=\dimen351

(e:/Program Files/LateX/texlive/2025/texmf-dist/tex/latex/listings/lstpatch.sty
File: lstpatch.sty 2024/09/23 1.10c (Carsten Heinz)
)
(e:/Program Files/LateX/texlive/2025/texmf-dist/tex/latex/listings/lstmisc.sty
File: lstmisc.sty 2024/09/23 1.10c (Carsten Heinz)
\c@lstnumber=\count430
\lst@skipnumbers=\count431
\lst@framebox=\box138
)
(e:/Program Files/LateX/texlive/2025/texmf-dist/tex/latex/listings/listings.cfg
File: listings.cfg 2024/09/23 1.10c listings configuration
))
Package: listings 2024/09/23 1.10c (Carsten Heinz)

(e:/Program Files/LateX/texlive/2025/texmf-dist/tex/xelatex/xecjk/xeCJK-listing
s.sty
Package: xeCJK-listings 2022/08/05 v3.9.1 xeCJK patch file for listings
\l__xeCJK_listings_max_char_int=\count432
\l__xeCJK_listings_flag_int=\count433
)
(e:/Program Files/LateX/texlive/2025/texmf-dist/tex/latex/listings/lstlang1.sty
File: lstlang1.sty 2024/09/23 1.10c listings language file
)
(e:/Program Files/LateX/texlive/2025/texmf-dist/tex/latex/listings/lstlang2.sty
File: lstlang2.sty 2024/09/23 1.10c listings language file
)
(e:/Program Files/LateX/texlive/2025/texmf-dist/tex/latex/listings/lstlang3.sty
File: lstlang3.sty 2024/09/23 1.10c listings language file
)
(e:/Program Files/LateX/texlive/2025/texmf-dist/tex/latex/listings/lstlang1.sty
File: lstlang1.sty 2024/09/23 1.10c listings language file
)
(e:/Program Files/LateX/texlive/2025/texmf-dist/tex/latex/listings/lstlang2.sty
File: lstlang2.sty 2024/09/23 1.10c listings language file
)
(e:/Program Files/LateX/texlive/2025/texmf-dist/tex/latex/listings/lstlang3.sty
File: lstlang3.sty 2024/09/23 1.10c listings language file
)
(e:/Program Files/LateX/texlive/2025/texmf-dist/tex/latex/listings/lstlang1.sty
File: lstlang1.sty 2024/09/23 1.10c listings language file
)
(e:/Program Files/LateX/texlive/2025/texmf-dist/tex/latex/listings/lstlang2.sty
File: lstlang2.sty 2024/09/23 1.10c listings language file
)
(e:/Program Files/LateX/texlive/2025/texmf-dist/tex/latex/listings/lstlang3.sty
File: lstlang3.sty 2024/09/23 1.10c listings language file
)
(e:/Program Files/LateX/texlive/2025/texmf-dist/tex/latex/listings/lstmisc.sty
File: lstmisc.sty 2024/09/23 1.10c (Carsten Heinz)
) (e:/Program Files/LateX/texlive/2025/texmf-dist/tex/latex/tools/bm.sty
Package: bm 2023/12/19 v1.2f Bold Symbol Support (DPC/FMi)
Package bm Info: No bold for \OMX/cmex/m/n, using \pmb.
Package bm Info: No bold for \U/rsfs/m/n, using \pmb.
Package bm Info: No bold for \U/msa/m/n, using \pmb.
Package bm Info: No bold for \U/msb/m/n, using \pmb.
)
(e:/Program Files/LateX/texlive/2025/texmf-dist/tex/latex/tools/calc.sty
Package: calc 2023/07/08 v4.3 Infix arithmetic (KKT,FJ)
\calc@Acount=\count434
\calc@Bcount=\count435
\calc@Adimen=\dimen352
\calc@Bdimen=\dimen353
\calc@Askip=\skip95
\calc@Bskip=\skip96
LaTeX Info: Redefining \setlength on input line 80.
LaTeX Info: Redefining \addtolength on input line 81.
\calc@Ccount=\count436
\calc@Cskip=\skip97
)
(e:/Program Files/LateX/texlive/2025/texmf-dist/tex/latex/tocloft/tocloft.sty
Package: tocloft 2017/08/31 v2.3i parameterised ToC, etc., typesetting
Package tocloft Info: The document has chapter divisions on input line 51.
\cftparskip=\skip98
\cftbeforetoctitleskip=\skip99
\cftaftertoctitleskip=\skip100
\cftbeforepartskip=\skip101
\cftpartnumwidth=\skip102
\cftpartindent=\skip103
\cftbeforechapskip=\skip104
\cftchapindent=\skip105
\cftchapnumwidth=\skip106
\cftbeforesecskip=\skip107
\cftsecindent=\skip108
\cftsecnumwidth=\skip109
\cftbeforesubsecskip=\skip110
\cftsubsecindent=\skip111
\cftsubsecnumwidth=\skip112
\cftbeforesubsubsecskip=\skip113
\cftsubsubsecindent=\skip114
\cftsubsubsecnumwidth=\skip115
\cftbeforeparaskip=\skip116
\cftparaindent=\skip117
\cftparanumwidth=\skip118
\cftbeforesubparaskip=\skip119
\cftsubparaindent=\skip120
\cftsubparanumwidth=\skip121
\cftbeforeloftitleskip=\skip122
\cftafterloftitleskip=\skip123
\cftbeforefigskip=\skip124
\cftfigindent=\skip125
\cftfignumwidth=\skip126
\c@lofdepth=\count437
\c@lotdepth=\count438
\cftbeforelottitleskip=\skip127
\cftafterlottitleskip=\skip128
\cftbeforetabskip=\skip129
\cfttabindent=\skip130
\cfttabnumwidth=\skip131
)
\c@definitions=\count439
\cftbeforedefinitionsskip=\skip132
\cftdefinitionsindent=\skip133
\cftdefinitionsnumwidth=\skip134
\c@loddepth=\count440
\cftbeforelodtitleskip=\skip135
\cftafterlodtitleskip=\skip136
\c@theorems=\count441
\cftbeforetheoremsskip=\skip137
\cfttheoremsindent=\skip138
\cfttheoremsnumwidth=\skip139
\c@lothdepth=\count442
\cftbeforelothtitleskip=\skip140
\cftafterlothtitleskip=\skip141
\c@exercises=\count443
\cftbeforeexercisesskip=\skip142
\cftexercisesindent=\skip143
\cftexercisesnumwidth=\skip144
\c@loexerdepth=\count444
\cftbeforeloexertitleskip=\skip145
\cftafterloexertitleskip=\skip146
\c@skills=\count445
\cftbeforeskillsskip=\skip147
\cftskillsindent=\skip148
\cftskillsnumwidth=\skip149
\c@loskdepth=\count446
\cftbeforelosktitleskip=\skip150
\cftafterlosktitleskip=\skip151
\c@properties=\count447
\cftbeforepropertiesskip=\skip152
\cftpropertiesindent=\skip153
\cftpropertiesnumwidth=\skip154
\c@loprdepth=\count448
\cftbeforeloprtitleskip=\skip155
\cftafterloprtitleskip=\skip156
LaTeX Font Info:    Font shape `TU/texgyretermes(0)/b/n' will be
(Font)              scaled to size 10.95pt on input line 1636.
)
(e:/Program Files/LateX/texlive/2025/texmf-dist/tex/latex/mathtools/mathtools.s
ty
Package: mathtools 2024/10/04 v1.31 mathematical typesetting tools

(e:/Program Files/LateX/texlive/2025/texmf-dist/tex/latex/mathtools/mhsetup.sty
Package: mhsetup 2021/03/18 v1.4 programming setup (MH)
)
\g_MT_multlinerow_int=\count449
\l_MT_multwidth_dim=\dimen354
\origjot=\skip157
\l_MT_shortvdotswithinadjustabove_dim=\dimen355
\l_MT_shortvdotswithinadjustbelow_dim=\dimen356
\l_MT_above_intertext_sep=\dimen357
\l_MT_below_intertext_sep=\dimen358
\l_MT_above_shortintertext_sep=\dimen359
\l_MT_below_shortintertext_sep=\dimen360
\xmathstrut@box=\box139
\xmathstrut@dim=\dimen361
) (e:/Program Files/LateX/texlive/2025/texmf-dist/tex/latex/esint/esint.sty
Package: esint 
\symlargesymbolsA=\mathgroup7
)
Package csquotes Info: Checking for multilingual support...
Package csquotes Info: ... none found.

(build/elegantbook2.aux)
\openout1 = `elegantbook2.aux'.

LaTeX Font Info:    Checking defaults for OML/cmm/m/it on input line 42.
LaTeX Font Info:    ... okay on input line 42.
LaTeX Font Info:    Checking defaults for OMS/cmsy/m/n on input line 42.
LaTeX Font Info:    ... okay on input line 42.
LaTeX Font Info:    Checking defaults for OT1/cmr/m/n on input line 42.
LaTeX Font Info:    ... okay on input line 42.
LaTeX Font Info:    Checking defaults for T1/cmr/m/n on input line 42.
LaTeX Font Info:    ... okay on input line 42.
LaTeX Font Info:    Checking defaults for TS1/cmr/m/n on input line 42.
LaTeX Font Info:    ... okay on input line 42.
LaTeX Font Info:    Checking defaults for TU/lmr/m/n on input line 42.
LaTeX Font Info:    ... okay on input line 42.
LaTeX Font Info:    Checking defaults for OMX/cmex/m/n on input line 42.
LaTeX Font Info:    ... okay on input line 42.
LaTeX Font Info:    Checking defaults for U/cmr/m/n on input line 42.
LaTeX Font Info:    ... okay on input line 42.
LaTeX Font Info:    Checking defaults for PD1/pdf/m/n on input line 42.
LaTeX Font Info:    ... okay on input line 42.
LaTeX Font Info:    Checking defaults for PU/pdf/m/n on input line 42.
LaTeX Font Info:    ... okay on input line 42.
Package hyperref Info: Link coloring ON on input line 42.
 (build/elegantbook2.out) (build/elegantbook2.out)
\@outlinefile=\write6
\openout6 = `elegantbook2.out'.


*geometry* driver: auto-detecting
*geometry* detected driver: xetex
*geometry* verbose mode - [ preamble ] result:
* driver: xetex
* paper: a4paper
* layout: <same size as paper>
* layoutoffset:(h,v)=(0.0pt,0.0pt)
* modes: 
* h-part:(L,W,R)=(56.9055pt, 483.69687pt, 56.9055pt)
* v-part:(T,H,B)=(72.26997pt, 700.5069pt, 72.26997pt)
* \paperwidth=597.50787pt
* \paperheight=845.04684pt
* \textwidth=483.69687pt
* \textheight=700.5069pt
* \oddsidemargin=-15.36449pt
* \evensidemargin=-15.36449pt
* \topmargin=-73.12352pt
* \headheight=61.74242pt
* \headsep=11.38109pt
* \topskip=11.0pt
* \footskip=34.1433pt
* \marginparwidth=53.0pt
* \marginparsep=7.0pt
* \columnsep=10.0pt
* \skip\footins=10.0pt plus 4.0pt minus 2.0pt
* \hoffset=0.0pt
* \voffset=0.0pt
* \mag=1000
* \@twocolumnfalse
* \@twosidefalse
* \@mparswitchfalse
* \@reversemarginfalse
* (1in=72.27pt=25.4mm, 1cm=28.453pt)

Package caption Info: Begin \AtBeginDocument code.
Package caption Info: listings package is loaded.
Package caption Info: End \AtBeginDocument code.

(e:/Program Files/LateX/texlive/2025/texmf-dist/tex/latex/footmisc/footmisc.sty
Package: footmisc 2024/12/24 v6.0g a miscellany of footnote facilities
\FN@temptoken=\toks47
\footnotemargin=\dimen362
\@outputbox@depth=\dimen363
Package footmisc Info: Declaring symbol style bringhurst on input line 699.
Package footmisc Info: Declaring symbol style chicago on input line 707.
Package footmisc Info: Declaring symbol style wiley on input line 716.
Package footmisc Info: Declaring symbol style lamport-robust on input line 727.

Package footmisc Info: Declaring symbol style lamport* on input line 747.
Package footmisc Info: Declaring symbol style lamport*-robust on input line 768
.
)
\c@lstlisting=\count450
Package hyperref Info: Option `pageanchor' set `false' on input line 44.
*geometry* verbose mode - [ newgeometry ] result:
* driver: xetex
* paper: a4paper
* layout: <same size as paper>
* layoutoffset:(h,v)=(0.0pt,0.0pt)
* modes: 
* h-part:(L,W,R)=(0.0pt, 597.50787pt, 0.0pt)
* v-part:(T,H,B)=(0.0pt, 845.04684pt, 0.0pt)
* \paperwidth=597.50787pt
* \paperheight=845.04684pt
* \textwidth=597.50787pt
* \textheight=845.04684pt
* \oddsidemargin=-72.26999pt
* \evensidemargin=-72.26999pt
* \topmargin=-145.3935pt
* \headheight=61.74242pt
* \headsep=11.38109pt
* \topskip=11.0pt
* \footskip=34.1433pt
* \marginparwidth=53.0pt
* \marginparsep=7.0pt
* \columnsep=10.0pt
* \skip\footins=10.0pt plus 4.0pt minus 2.0pt
* \hoffset=0.0pt
* \voffset=0.0pt
* \mag=1000
* \@twocolumnfalse
* \@twosidefalse
* \@mparswitchfalse
* \@reversemarginfalse
* (1in=72.27pt=25.4mm, 1cm=28.453pt)

File: ./figure/cover.jpg Graphic file (type bmp)
<./figure/cover.jpg>
LaTeX Font Info:    Font shape `TU/texgyretermes(0)/b/n' will be
(Font)              scaled to size 24.88pt on input line 44.
LaTeX Font Info:    Trying to load font information for U+rsfs on input line 44
.
 (e:/Program Files/LateX/texlive/2025/texmf-dist/tex/latex/jknapltx/ursfs.fd
File: ursfs.fd 1998/03/24 rsfs font definition file (jk)
)
LaTeX Font Info:    Trying to load font information for U+msa on input line 44.


(e:/Program Files/LateX/texlive/2025/texmf-dist/tex/latex/amsfonts/umsa.fd
File: umsa.fd 2013/01/14 v3.01 AMS symbols A
)
LaTeX Font Info:    Trying to load font information for U+msb on input line 44.


(e:/Program Files/LateX/texlive/2025/texmf-dist/tex/latex/amsfonts/umsb.fd
File: umsb.fd 2013/01/14 v3.01 AMS symbols B
)
LaTeX Font Info:    Trying to load font information for U+esint on input line 4
4.

(e:/Program Files/LateX/texlive/2025/texmf-dist/tex/latex/esint/uesint.fd
File: uesint.fd 
)
LaTeX Font Info:    Font shape `TU/texgyretermes(0)/b/n' will be
(Font)              scaled to size 14.4pt on input line 44.
File: ./figure/logo-blue.png Graphic file (type bmp)
<./figure/logo-blue.png>


[1



]
LaTeX Font Info:    Font shape `TU/texgyretermes(0)/b/n' will be
(Font)              scaled to size 17.28pt on input line 47.
 (build/elegantbook2.toc

[1



]

LaTeX Font Info:    Font shape `TU/texgyretermes(0)/m/n' will be
(Font)              scaled to size 10.0pt on input line 76.
[2]

[3]

[4]

[5]

[6]

[7]

[8]

[9])
\tf@toc=\write7
\openout7 = `elegantbook2.toc'.



[10] (build/elegantbook2.lod

[11

]

[12])
\tf@lod=\write8
\openout8 = `elegantbook2.lod'.



[13] (build/elegantbook2.loth

[14

]

[15]

[16])
\tf@loth=\write9
\openout9 = `elegantbook2.loth'.



[17] (build/elegantbook2.loexer

[18

]

[19]

[20]

[21]

[22]

[23]

[24]

[25]

[26]

[27]

[28]

[29]

[30]

[31]

[32]

[33]

[34]

[35]

[36]

[37])
\tf@loexer=\write10
\openout10 = `elegantbook2.loexer'.



[38] (build/elegantbook2.losk)
\tf@losk=\write11
\openout11 = `elegantbook2.losk'.



[39

] (build/elegantbook2.lopr

[40

])
\tf@lopr=\write12
\openout12 = `elegantbook2.lopr'.



[41]
Chapter 1.
LaTeX Font Info:    Font shape `TU/texgyretermes(0)/m/n' will be
(Font)              scaled to size 8.0pt on input line 55.


[1


]
LaTeX Font Info:    Trying to load font information for U+ding on input line 97
.
 (e:/Program Files/LateX/texlive/2025/texmf-dist/tex/latex/bbding/Uding.fd
File: Uding.fd 1996/02/01 v1.0 BBding font definitions
)

[2]
LaTeX Font Info:    Font shape `TU/texgyretermes(0)/m/n' will be
(Font)              scaled to size 6.0pt on input line 172.


[3]

[4]

[5]

[6]

[7]

[8]
LaTeX Font Info:    Font shape `TU/texgyretermes(0)/b/n' will be
(Font)              scaled to size 12.0pt on input line 465.


[9]

[10]

[11]
Underfull \hbox (badness 1087) in paragraph at lines 657--659
[]|\TU/SimSun(0)/b/n/10.95 【执 行 模 板】|  \TU/SimSun(0)/m/n/10.95 先 把 底 座 常 数 补 出 
来，|  再 把 分 子 凑 成 比 值 微 元 或 面 积 微 元。|  例 如 先 写 $[] \OT1/cmr/m/n/10.95 d\OML/cmm/
m/it/10.95 x \OT1/cmr/m/n/10.95 =
 []



[12]

[13]

[14]

[15]

[16]

[17]

[18]

[19]

[20]

[21]

[22]

[23]

[24]

[25]

[26]

[27]

[28]

[29]

[30]

[31]

[32]

[33]

[34]

[35]
Overfull \hbox (8.68898pt too wide) in paragraph at lines 1900--1903
\TU/KaiTi(0)/b/n/10.95 移 项 得 移 项 后 得 到 $\OT1/cmr/m/n/10.95 2 [] [] d\OML/cmm/m/
it/10.95 x \OT1/cmr/m/n/10.95 = \OML/cmm/m/it/10.95 x[] \OT1/cmr/m/n/10.95 + \O
ML/cmm/m/it/10.95 a[] []\OT1/cmr/m/n/10.95 (\OML/cmm/m/it/10.95 x \OT1/cmr/m/n/
10.95 + []) + \OML/cmm/m/it/10.95 C$\TU/KaiTi(0)/b/n/10.95 ，|  所 以 $[] [] \OT1/
cmr/m/n/10.95 d\OML/cmm/m/it/10.95 x \OT1/cmr/m/n/10.95 =
 []



[36]

[37]

[38]

[39]

[40]

[41]

[42]

[43]
Overfull \hbox (2.03865pt too wide) in paragraph at lines 2389--2392
[]\TU/KaiTi(0)/b/n/10.95 方 法 一：|  令 $\OML/cmm/m/it/10.95 x \OT1/cmr/m/n/10.95 =
 \OML/cmm/m/it/10.95 a [] t$\TU/KaiTi(0)/b/n/10.95 ，|  则 $\OT1/cmr/m/n/10.95 d\
OML/cmm/m/it/10.95 x \OT1/cmr/m/n/10.95 = \OML/cmm/m/it/10.95 a [] t\OT1/cmr/m/
n/10.95 d\OML/cmm/m/it/10.95 t$\TU/KaiTi(0)/b/n/10.95 ，|  于 是 $[] []\OML/cmm/m/
it/10.95 a [] t\OT1/cmr/m/n/10.95 d\OML/cmm/m/it/10.95 t \OT1/cmr/m/n/10.95 = \
OML/cmm/m/it/10.95 a[] [] [][] t\OT1/cmr/m/n/10.95 d\OML/cmm/m/it/10.95 t \OT1/
cmr/m/n/10.95 = \OMS/cmsy/m/n/10.95 ^^@[][] \OT1/cmr/m/n/10.95 +
 []



[44]

[45]

[46]

[47]

[48]

[49]

[50]

[51]
Overfull \hbox (17.24454pt too wide) in paragraph at lines 2902--2903
[]\TU/KaiTi(0)/b/n/10.95 方 法 一：|  将 正 切 函 数 展 开 为 正 弦 与 余 弦 的 比 值，|  利 用 凑 微 分 
法 将 分 子 纳 入 微 分 号 内。|  先 写 $[] [] \OML/cmm/m/it/10.95 x \OT1/cmr/m/n/10.95 d\OM
L/cmm/m/it/10.95 x \OT1/cmr/m/n/10.95 =
 []



[52]
Overfull \hbox (35.65392pt too wide) in paragraph at lines 2913--2914
[]\TU/KaiTi(0)/b/n/10.95 方 法 一：|  将 余 切 函 数 展 开 为 余 弦 与 正 弦 的 比 值，|  凑 微 分 法 计 
算：| $[] [] \OML/cmm/m/it/10.95 x\OT1/cmr/m/n/10.95 d\OML/cmm/m/it/10.95 x \OT1/
cmr/m/n/10.95 = [] []d\OML/cmm/m/it/10.95 x \OT1/cmr/m/n/10.95 = [] []d([] \OML
/cmm/m/it/10.95 x\OT1/cmr/m/n/10.95 )$\TU/KaiTi(0)/b/n/10.95 ，|
 []



[53]

[54]

[55]

[56]

[57]

[58]

[59]

[60]

[61]

[62]

[63]

[64]

[65]

[66]

[67]

[68]

[69]

[70]

[71]

[72]

[73]

[74]

[75]

[76]

[77]

[78]
Chapter 2.

Underfull \hbox (badness 10000) in paragraph at lines 4656--4663
\TU/SimSun(0)/m/n/10.95 指 数 乘 三 角 也 要 成 对 背，|  不 然 常 系 数 题 最 后 会 卡 在 待 定 系 数 法 
之 后 的 积 分 上：|
 []



[79

]

[80]

[81]

[82]

[83]

[84]

[85]

[86]

[87]

[88]

[89]

[90]

[91]

[92]

[93]

[94]

[95]

[96]

[97]

[98]

[99]

[100]

[101]

LaTeX Font Info:    Font shape `TU/texgyretermes(0)/m/n' will be
(Font)              scaled to size 12.0pt on input line 5540.
[102]

[103]

[104]

[105]

[106]

[107]

[108]

[109]

[110]

[111]

[112]

[113]

[114]

[115]

[116]

[117]

[118]

[119]

[120]

[121]

[122]

[123]

[124]

[125]

[126]

[127]

[128]

[129]

[130]

[131]

[132]

[133]

[134]

[135]

[136]

[137]

[138]

[139]

[140]
Overfull \hbox (18.50903pt too wide) in paragraph at lines 7898--7903
[]\TU/KaiTi(0)/b/n/10.95 写 出 第 二 解 与 最 终 通 解：|  根 据 降 阶 设 定 $\OML/cmm/m/it/10.9
5 y[] \OT1/cmr/m/n/10.95 = \OML/cmm/m/it/10.95 x \OMS/cmsy/m/n/10.95 ^^A \OML/c
mm/m/it/10.95 u\OT1/cmr/m/n/10.95 (\OML/cmm/m/it/10.95 x\OT1/cmr/m/n/10.95 )$\T
U/KaiTi(0)/b/n/10.95 ，|  乘 回 $\OML/cmm/m/it/10.95 y[] \OT1/cmr/m/n/10.95 = \OML
/cmm/m/it/10.95 x$\TU/KaiTi(0)/b/n/10.95 ，|  得 $\OML/cmm/m/it/10.95 y[]\OT1/cmr
/m/n/10.95 (\OML/cmm/m/it/10.95 x\OT1/cmr/m/n/10.95 ) = \OML/cmm/m/it/10.95 x [
] \OT1/cmr/m/n/10.95 =
 []



[141]

[142]

[143]

[144]

[145]

[146]

[147]

[148]

Package tcolorbox Warning: Using nobreak failed. Try to enlarge `lines before b
reak' or set page breaks manually on input line 8397.



[149]

[150]

[151]
Overfull \hbox (1.68112pt too wide) in paragraph at lines 8637--8643
[]\TU/texgyretermes(0)/b/n/10.95 (iii) \TU/KaiTi(0)/b/n/10.95 欠 阻 尼  |（$\OT1/cm
r/m/n/10.95 ^^A \OML/cmm/m/it/10.95 < \OT1/cmr/m/n/10.95 0$\TU/KaiTi(0)/b/n/10.
95 ） ：|  共 轭 复 根 $\OMS/cmsy/m/n/10.95 ^^@[] ^^F \OML/cmm/m/it/10.95 i^^V$\TU/Ka
iTi(0)/b/n/10.95 ，|  其 中 $\OML/cmm/m/it/10.95 ^^V \OT1/cmr/m/n/10.95 = []$\TU/K
aiTi(0)/b/n/10.95 。|  通 解 为 $\OML/cmm/m/it/10.95 y\OT1/cmr/m/n/10.95 (\OML/cmm/
m/it/10.95 t\OT1/cmr/m/n/10.95 ) = e[][]\OML/cmm/m/it/10.95 c[] [] ^^Vt \OT1/cm
r/m/n/10.95 +
 []



[152]

[153]

[154]

[155]

[156]

[157]

[158]

[159]

[160]
Overfull \hbox (62.09608pt too wide) in paragraph at lines 9286--9289
[]\TU/KaiTi(0)/b/n/10.95 临 界 阻 尼 情 形  |（当 $\OML/cmm/m/it/10.95 ^^V[] \OT1/cmr/m
/n/10.95 = 4\OML/cmm/m/it/10.95 mk$ \TU/KaiTi(0)/b/n/10.95 时） ：|  特 征 根 为 二 重 等
 负 实 根 $\OML/cmm/m/it/10.95 ^^U \OT1/cmr/m/n/10.95 = \OMS/cmsy/m/n/10.95 ^^@[]$
\TU/KaiTi(0)/b/n/10.95 。|  运 动 规 律 为 $[]$。|
 []



[161]

[162]

[163]

[164]

[165]
Underfull \hbox (badness 7099) in paragraph at lines 9597--9599
[]\TU/KaiTi(0)/b/n/10.95 含 有 四 个 独 立 任 意 常 数 $\OML/cmm/m/it/10.95 C[]; C[]; C[]
; C[]$ \TU/KaiTi(0)/b/n/10.95 的 解 表 达 式 $\OML/cmm/m/it/10.95 x \OT1/cmr/m/n/10.
95 = \OML/cmm/m/it/10.95  []\OT1/cmr/m/n/10.95 (\OML/cmm/m/it/10.95 t\OT1/cmr/m
/n/10.95 ; \OML/cmm/m/it/10.95 C[]; C[]; C[]; C[]\OT1/cmr/m/n/10.95 )\OML/cmm/m
/it/10.95 ;  y \OT1/cmr/m/n/10.95 =
 []



[166]

[167]

[168]

[169]

[170]

[171]

[172]
Overfull \hbox (1.20009pt too wide) in paragraph at lines 10069--10071
[]\TU/KaiTi(0)/b/n/10.95 化 简 得 出 特 解：|  将 $\OML/cmm/m/it/10.95 C[]$ \TU/KaiTi(0
)/b/n/10.95 代 回 并 解 出 $\OML/cmm/m/it/10.95 x\OT1/cmr/m/n/10.95 (\OML/cmm/m/it/1
0.95 t\OT1/cmr/m/n/10.95 )$\TU/KaiTi(0)/b/n/10.95 ：| $\OML/cmm/m/it/10.95 x\OT1
/cmr/m/n/10.95 (\OML/cmm/m/it/10.95 t\OT1/cmr/m/n/10.95 ) = (\OML/cmm/m/it/10.9
5 N \OMS/cmsy/m/n/10.95 ^^@ \OML/cmm/m/it/10.95 x\OT1/cmr/m/n/10.95 (\OML/cmm/m
/it/10.95 t\OT1/cmr/m/n/10.95 ))[]\OML/cmm/m/it/10.95 e[]$\TU/KaiTi(0)/b/n/10.9
5 ，|  即 $\OML/cmm/m/it/10.95 x\OT1/cmr/m/n/10.95 (\OML/cmm/m/it/10.95 t\OT1/cmr
/m/n/10.95 ) [] =
 []



[173]

[174]

[175]

[176]

[177]

[178]
Chapter 3.

Underfull \hbox (badness 10000) in paragraph at lines 10845--10848
[]\TU/SimSun(0)/m/n/10.95 方 程 组 里 若 关 于 $\OT1/cmr/m/n/10.95 (\OML/cmm/m/it/10.9
5 u; v\OT1/cmr/m/n/10.95 )$ \TU/SimSun(0)/m/n/10.95 的 雅 可 比 为 零，|  就 换 查 别 的 未 
知 量 组，|  例 如
 []



[179

]

[180]

[181]

[182]

[183]

[184]

[185]

[186]

[187]

[188]

[189]

[190]

[191]

[192]

[193]

[194]

[195]

[196]

[197]

[198]

[199

]
Underfull \hbox (badness 1281) in paragraph at lines 11489--11490
[]\TU/KaiTi(0)/b/n/10.95 设 $\OML/cmm/m/it/10.95 x \OT1/cmr/m/n/10.95 = (\OML/cm
m/m/it/10.95 x[]; x[]; [] ; x[]\OT1/cmr/m/n/10.95 ) \OMS/cmsy/m/n/10.95 2 \U/ms
b/m/n/10.95 R[]$\TU/KaiTi(0)/b/n/10.95 ，| $\OML/cmm/m/it/10.95 ^^U \OMS/cmsy/m/
n/10.95 2 \U/msb/m/n/10.95 R$\TU/KaiTi(0)/b/n/10.95 。|  定 义 数 量 乘 法  |（或 称 为 标 
量 乘 法）|  为 $\OML/cmm/m/it/10.95 ^^Ux \OT1/cmr/m/n/10.95 :=
 []



[200]

[201]

[202]

[203]

[204]

[205]

[206]

[207]

[208]
LaTeX Font Info:    Font shape `TU/texgyretermes(0)/m/it' will be
(Font)              scaled to size 10.95pt on input line 12007.


[209]
Overfull \hbox (1.47992pt too wide) in paragraph at lines 12027--12029
\TU/SimSun(0)/m/n/10.95 构 成 一 张 \TU/SimSun(0)/b/n/10.95 曲 面  |\TU/SimSun(0)/m/n
/10.95 （\TU/texgyretermes(0)/m/n/10.95 Surface\TU/SimSun(0)/m/n/10.95 ） 。|  这 张
 曲 面 称 为 二 元 函 数 $\OML/cmm/m/it/10.95 z \OT1/cmr/m/n/10.95 = \OML/cmm/m/it/10.9
5 f\OT1/cmr/m/n/10.95 (\OML/cmm/m/it/10.95 x; y\OT1/cmr/m/n/10.95 )$ \TU/SimSun
(0)/m/n/10.95 的 \TU/SimSun(0)/b/n/10.95 图 像  |\TU/SimSun(0)/m/n/10.95 （\TU/texg
yretermes(0)/m/n/10.95 Graph\TU/SimSun(0)/m/n/10.95 ） ，|  记 作 $\OT1/cmr/m/n/10.
95 ^^@[] := [](\OML/cmm/m/it/10.95 x; y; f\OT1/cmr/m/n/10.95 (\OML/cmm/m/it/10.
95 x; y\OT1/cmr/m/n/10.95 )) \OMS/cmsy/m/n/10.95 j
 []



[210]

[211]

[212]
Overfull \hbox (18.22197pt too wide) in paragraph at lines 12216--12222
\TU/KaiTi(0)/m/it/10.95 线 $\OML/cmm/m/it/10.95 y \OT1/cmr/m/n/10.95 = \OML/cmm/
m/it/10.95 kx[]$\TU/KaiTi(0)/m/it/10.95 ） 。|  将 此 路 径 关 系 代 入 化 简 后 的 表 达 式 中，|
  得 $\OML/cmm/m/it/10.95 f\OT1/cmr/m/n/10.95 (\OML/cmm/m/it/10.95 r [] ^^R; kr 
[][] ^^R\OT1/cmr/m/n/10.95 ) = [] =
 []


Underfull \hbox (badness 10000) in paragraph at lines 12241--12242
[]\TU/KaiTi(0)/m/it/10.95 设 $\OML/cmm/m/it/10.95 f\OT1/cmr/m/n/10.95 (\OML/cmm/
m/it/10.95 x; y\OT1/cmr/m/n/10.95 )$ \TU/KaiTi(0)/m/it/10.95 在 $\OT1/cmr/m/n/10
.95 (\OML/cmm/m/it/10.95 x[]; y[]\OT1/cmr/m/n/10.95 )$ \TU/KaiTi(0)/m/it/10.95 
的 某 去 心 邻 域 内 有 定 义。|  以 下 两 种 形 式 的 极 限 称 为 累 次 极 限：|
 []


Underfull \hbox (badness 1082) in paragraph at lines 12241--12242
[] [] \OML/cmm/m/it/10.95 f\OT1/cmr/m/n/10.95 (\OML/cmm/m/it/10.95 x; y\OT1/cmr
/m/n/10.95 )\OML/cmm/m/it/10.95 ;  [] [] f\OT1/cmr/m/n/10.95 (\OML/cmm/m/it/10.
95 x; y\OT1/cmr/m/n/10.95 )$\TU/KaiTi(0)/m/it/10.95 。|  其 中 第 一 个 表 示 \TU/texgy
retermes(0)/m/n/10.95 “\TU/KaiTi(0)/m/it/10.95 先 固 定 $\OML/cmm/m/it/10.95 y$\TU
/KaiTi(0)/m/it/10.95 ，|  对 $\OML/cmm/m/it/10.95 x$ \TU/KaiTi(0)/m/it/10.95 取 极 
限  |（得 到 中
 []



[213]

[214]

[215]

[216]

[217]

[218]

[219]
Overfull \hbox (5.50014pt too wide) in paragraph at lines 12590--12593
[]\TU/KaiTi(0)/m/it/10.95 分 析 第 二 部 分：|  利 用 不 等 式 $\OML/cmm/m/it/10.95 x[] \U/
msa/m/n/10.95 6 \OML/cmm/m/it/10.95 x[] \OT1/cmr/m/n/10.95 + \OML/cmm/m/it/10.9
5 y[]$ \TU/KaiTi(0)/m/it/10.95 对 第 二 部 分 进 行 绝 对 值 放 缩：| $\OT1/cmr/m/n/10.95 0 
\U/msa/m/n/10.95 6 [] \OT1/cmr/m/n/10.95 = []\OMS/cmsy/m/n/10.95 j\OML/cmm/m/it
/10.95 y\OMS/cmsy/m/n/10.95 j \U/msa/m/n/10.95 6
 []



[220]

[221]

[222]

[223]

[224]

[225]

[226]

[227]

[228]

[229]

[230]

[231]
Overfull \hbox (2.4062pt too wide) in paragraph at lines 13297--13299
[] []\TU/SimSun(0)/b/n/10.95 笔 记 \TU/texgyretermes(0)/b/n/10.95 (\TU/SimSun(0)/
b/n/10.95 可 微 的 核 心 含 义：|  统 一 的 局 部 线 性 化\TU/texgyretermes(0)/b/n/10.95 )[] \T
U/KaiTi(0)/m/it/10.95 式 \TU/texgyretermes(0)/m/n/10.95 ($\OML/cmm/m/it/10.95 ?$
\TU/texgyretermes(0)/m/n/10.95 ) \TU/KaiTi(0)/m/it/10.95 可 以 改 写 为 $\OML/cmm/m/
it/10.95 f\OT1/cmr/m/n/10.95 (\OML/cmm/m/it/10.95 p[] \OT1/cmr/m/n/10.95 + []) 
\OMS/cmsy/m/n/10.95 ^^Y \OML/cmm/m/it/10.95 f\OT1/cmr/m/n/10.95 (\OML/cmm/m/it/
10.95 p[]\OT1/cmr/m/n/10.95 ) + \OML/cmm/m/it/10.95 A[];  []\OMS/cmsy/m/n/10.95
 k[]k[]$\TU/KaiTi(0)/m/it/10.95 。|
 []



[232]

[233]
Overfull \hbox (56.95113pt too wide) in paragraph at lines 13380--13384
[]\TU/KaiTi(0)/m/it/10.95 计 算 偏 导 数 以 确 定 线 性 主 部 候 选：|  首 先，|  我 们 在 原 点 处 通 过
 定 义 计 算 偏 导 数：| $\OML/cmm/m/it/10.95 f[]\OT1/cmr/m/n/10.95 (0\OML/cmm/m/it/10.
95 ; \OT1/cmr/m/n/10.95 0) = [] [] =
 []



[234]

[235]

[236]

[237]

[238]
Overfull \hbox (80.91946pt too wide) in paragraph at lines 13726--13727
[]\TU/KaiTi(0)/m/it/10.95 解 析：|  与 二 元 函 数 类 似，|  固 定 其 中 两 个 变 量，|  对 第 三 个 变 
量 求 导 数，|  即 通 过 构 造 极 限 $[] []$
 []



[239]

[240]

[241]

[242]
Overfull \hbox (18.9524pt too wide) in paragraph at lines 13948--13949
[]\TU/KaiTi(0)/m/it/10.95 解 析：|  视 $\OML/cmm/m/it/10.95 x$ \TU/KaiTi(0)/m/it/10
.95 为 常 数，|  应 用 除 法 法 则 对 $\OML/cmm/m/it/10.95 y$ \TU/KaiTi(0)/m/it/10.95 求 导。
|  分 子 部 分 为 $[]$，|
 []



[243]

[244]

[245]

[246]

[247]

[248]
Overfull \hbox (114.43236pt too wide) in paragraph at lines 14396--14397
[]\TU/SimSun(0)/m/n/10.95 由 于 自 变 量 只 有 一 个，|  对 $\OML/cmm/m/it/10.95 x$ \TU/Si
mSun(0)/m/n/10.95 的 偏 导 数 就 是 普 通 导 数。|  因 此 \TU/texgyretermes(0)/m/n/10.95 Jac
obian \TU/SimSun(0)/m/n/10.95 矩 阵 为 一 个 $\OT1/cmr/m/n/10.95 3 \OMS/cmsy/m/n/10.
95 ^^B \OT1/cmr/m/n/10.95 1$ \TU/SimSun(0)/m/n/10.95 列 向 量：| $[]$。| 
 []



[249]

[250]

[251]

[252]

[253]

[254]

[255]

[256]

[257]

[258]

[259]

[260]
Overfull \hbox (14.94281pt too wide) in paragraph at lines 15253--15255
[]\TU/KaiTi(0)/m/it/10.95 利 用 全 微 分 法 则 计 算 $\OML/cmm/m/it/10.95 du$\TU/KaiTi(0
)/m/it/10.95 ：|  将 括 号 内 整 体 看 作 一 个 变 量，|  应 用 $\OML/cmm/m/it/10.95 d\OT1/cmr/
m/n/10.95 ([] \OML/cmm/m/it/10.95 v\OT1/cmr/m/n/10.95 ) = []$\TU/KaiTi(0)/m/it/
10.95 ，|  得 $\OML/cmm/m/it/10.95 du \OT1/cmr/m/n/10.95 = []$\TU/KaiTi(0)/m/it/1
0.95 ，|
 []



[261]

[262]

[263]

[264]

[265]
Overfull \hbox (9.45544pt too wide) in paragraph at lines 15615--15619
[]\TU/KaiTi(0)/m/it/10.95 计 算 原 点 处 的 混 合 偏 导 数 $\OML/cmm/m/it/10.95 f[]\OT1/cm
r/m/n/10.95 (0\OML/cmm/m/it/10.95 ; \OT1/cmr/m/n/10.95 0)$\TU/KaiTi(0)/m/it/10.
95 ：|  先 对 $\OML/cmm/m/it/10.95 x$ \TU/KaiTi(0)/m/it/10.95 求 偏 导，|  再 对 $\OML/c
mm/m/it/10.95 y$ \TU/KaiTi(0)/m/it/10.95 差 商：| $\OML/cmm/m/it/10.95 f[]\OT1/cmr
/m/n/10.95 (0\OML/cmm/m/it/10.95 ; \OT1/cmr/m/n/10.95 0) = [] [] =
 []


Overfull \hbox (9.38573pt too wide) in paragraph at lines 15620--15624
[]\TU/KaiTi(0)/m/it/10.95 计 算 原 点 处 的 混 合 偏 导 数 $\OML/cmm/m/it/10.95 f[]\OT1/cm
r/m/n/10.95 (0\OML/cmm/m/it/10.95 ; \OT1/cmr/m/n/10.95 0)$\TU/KaiTi(0)/m/it/10.
95 ：|  先 对 $\OML/cmm/m/it/10.95 y$ \TU/KaiTi(0)/m/it/10.95 求 偏 导，|  再 对 $\OML/c
mm/m/it/10.95 x$ \TU/KaiTi(0)/m/it/10.95 差 商：| $\OML/cmm/m/it/10.95 f[]\OT1/cmr
/m/n/10.95 (0\OML/cmm/m/it/10.95 ; \OT1/cmr/m/n/10.95 0) = [] [] =
 []



[266]

[267]

[268]

[269]
Overfull \hbox (21.93169pt too wide) in paragraph at lines 15922--15924
[]$\OML/cmm/m/it/10.95 z[] \OT1/cmr/m/n/10.95 = []$\TU/texgyretermes(0)/m/n/10.
95 ,  $\OML/cmm/m/it/10.95 z[] \OT1/cmr/m/n/10.95 = []$\TU/KaiTi(0)/m/it/10.95 
。|  于 是 $\OML/cmm/m/it/10.95 z[] \OT1/cmr/m/n/10.95 = []$\TU/KaiTi(0)/m/it/10.9
5 ，| $\OML/cmm/m/it/10.95 z[] \OT1/cmr/m/n/10.95 = []$\TU/KaiTi(0)/m/it/10.95 ，
| $\OML/cmm/m/it/10.95 z[] \OT1/cmr/m/n/10.95 = []$\TU/KaiTi(0)/m/it/10.95 。| 
 []



[270]

[271]

[272]

[273]

[274]
Overfull \hbox (3.92465pt too wide) detected at line 16265
\OML/cmm/m/it/10.95 u\OT1/cmr/m/n/10.95 (\OML/cmm/m/it/10.95 t\OT1/cmr/m/n/10.9
5 ) := \OML/cmm/m/it/10.95 f\OT1/cmr/m/n/10.95 (\OML/cmm/m/it/10.95 p[] \OT1/cm
r/m/n/10.95 + \OML/cmm/m/it/10.95 t[]\OT1/cmr/m/n/10.95 ) = \OML/cmm/m/it/10.95
 f\OT1/cmr/m/n/10.95 (\OML/cmm/m/it/10.95 x[] \OT1/cmr/m/n/10.95 + \OML/cmm/m/i
t/10.95 t [] ^^K;  y[] \OT1/cmr/m/n/10.95 + \OML/cmm/m/it/10.95 t [] ^^L;  z[] 
\OT1/cmr/m/n/10.95 + \OML/cmm/m/it/10.95 t [] ^^M\OT1/cmr/m/n/10.95 )\OML/cmm/m
/it/10.95 ;  []\OT1/cmr/m/n/10.95 (\OML/cmm/m/it/10.95 p[]\OT1/cmr/m/n/10.95 ) 
= \OML/cmm/m/it/10.95 u[]\OT1/cmr/m/n/10.95 (0) = [] []\OML/cmm/m/it/10.95 :
 []



[275]

[276]

[277]

[278]

[279]

[280]

[281]

[282]

[283]

[284]

[285]

[286]

[287]

[288]

[289]

[290]

[291]

[292]

[293]

[294]

[295]

[296]

[297]

[298]

[299]

[300]
Overfull \hbox (17.98602pt too wide) in paragraph at lines 18051--18056
[]\TU/SimSun(0)/b/n/10.95 性 质 \TU/texgyretermes(0)/b/n/10.95 3.19 \TU/SimSun(0)
/b/n/10.95 余 项 的 量 级 估 计[] []\TU/KaiTi(0)/m/it/10.95 在 定 理 [][]\TU/texgyreterme
s(0)/m/n/10.95 3.23[][] \TU/KaiTi(0)/m/it/10.95 的 条 件 下，| \TU/texgyretermes(0)/
m/n/10.95 Lagrange \TU/KaiTi(0)/m/it/10.95 余 项 $\OMS/cmsy/m/n/10.95 R[]$ \TU/Ka
iTi(0)/m/it/10.95 满 足 $[]$。|
 []



[301]

[302]

[303]

[304]

[305]

[306]

[307

]
Overfull \hbox (31.61717pt too wide) in paragraph at lines 18424--18428
\TU/SimSun(0)/m/n/10.95 故 $[]$ 在 $\OML/cmm/m/it/10.95 t[]$ \TU/SimSun(0)/m/n/10
.95 处 可 导 \TU/SimSun(0)/b/n/10.95 当 且 仅 当 \TU/SimSun(0)/m/n/10.95 三 个 坐 标 函 数 $
\OML/cmm/m/it/10.95 ^^^$\TU/texgyretermes(0)/m/n/10.95 , $\OML/cmm/m/it/10.95  
$\TU/texgyretermes(0)/m/n/10.95 , $\OML/cmm/m/it/10.95 !$ \TU/SimSun(0)/m/n/10.
95 在 $\OML/cmm/m/it/10.95 t[]$ \TU/SimSun(0)/m/n/10.95 处 均  |（一 元）|  可 导，|  此 时
 $[]$。| 
 []



[308]
Underfull \hbox (badness 2856) in paragraph at lines 18543--18545
[]\TU/KaiTi(0)/m/it/10.95 对 \TU/texgyretermes(0)/m/n/10.95 ($\OMS/cmsy/m/n/10.9
5 ^^C$\TU/texgyretermes(0)/m/n/10.95 ) \TU/KaiTi(0)/m/it/10.95 式 定 义 的 曲 线，|  令
 $[]\OT1/cmr/m/n/10.95 (\OML/cmm/m/it/10.95 x\OT1/cmr/m/n/10.95 ) = []\OML/cmm/
m/it/10.95 x;  y\OT1/cmr/m/n/10.95 (\OML/cmm/m/it/10.95 x\OT1/cmr/m/n/10.95 )\O
ML/cmm/m/it/10.95 ;  z\OT1/cmr/m/n/10.95 (\OML/cmm/m/it/10.95 x\OT1/cmr/m/n/10.
95 )[]$\TU/KaiTi(0)/m/it/10.95 ，|  其 中 $\OML/cmm/m/it/10.95 x \OMS/cmsy/m/n/10.
95 2 \OT1/cmr/m/n/10.95 [\OML/cmm/m/it/10.95 a; b\OT1/cmr/m/n/10.95 ]$\TU/KaiTi
(0)/m/it/10.95 。|  则 切 向 量 为
 []



[309]

[310]

[311]
Underfull \hbox (badness 10000) in paragraph at lines 18754--18756
\TU/KaiTi(0)/m/it/10.95 方 程 $\OML/cmm/m/it/10.95 z \OMS/cmsy/m/n/10.95 ^^@ \OML
/cmm/m/it/10.95 z[] \OT1/cmr/m/n/10.95 = \OML/cmm/m/it/10.95 f[]\OT1/cmr/m/n/10
.95 (\OML/cmm/m/it/10.95 x[]; y[]\OT1/cmr/m/n/10.95 )(\OML/cmm/m/it/10.95 x \OM
S/cmsy/m/n/10.95 ^^@ \OML/cmm/m/it/10.95 x[]\OT1/cmr/m/n/10.95 ) + \OML/cmm/m/i
t/10.95 f[]\OT1/cmr/m/n/10.95 (\OML/cmm/m/it/10.95 x[]; y[]\OT1/cmr/m/n/10.95 )
(\OML/cmm/m/it/10.95 y \OMS/cmsy/m/n/10.95 ^^@ \OML/cmm/m/it/10.95 y[]\OT1/cmr/
m/n/10.95 )$ \TU/KaiTi(0)/m/it/10.95 改 写 为
 []



[312]

[313]
Underfull \hbox (badness 10000) in paragraph at lines 18903--18909
[]\TU/KaiTi(0)/m/it/10.95 切 平 面 方 程 为 $[]$，|  法 线 方 程 为
 []



[314]

[315]

[316]

[317]

[318]

[319]

[320]

[321]

[322]

[323]
Overfull \hbox (3.98135pt too wide) in paragraph at lines 19523--19525
[]\TU/FangSong(0)/b/n/10.95 利 用 不 定 性 寻 找 异 号 方 向：|  由 于 $\OML/cmm/m/it/10.95 H
[]\OT1/cmr/m/n/10.95 (\OML/cmm/m/it/10.95 p[]\OT1/cmr/m/n/10.95 )$ \TU/FangSong
(0)/b/n/10.95 不 定，|  根 据 定 义，|  存 在 单 位 向 量 $[]\OML/cmm/m/it/10.95 ; [] \OMS/cm
sy/m/n/10.95 2 \U/msb/m/n/10.95 R[]$ \TU/FangSong(0)/b/n/10.95 使 得 $[][]\OML/cm
m/m/it/10.95 H[]\OT1/cmr/m/n/10.95 (\OML/cmm/m/it/10.95 p[]\OT1/cmr/m/n/10.95 )
[] \OML/cmm/m/it/10.95 <
 []



[324]

[325]

[326]

[327]

[328]

[329]

[330]

[331]

[332]

[333]

[334]

[335]

[336]

[337]

[338]

[339

]

[340]

[341]

[342]

[343]

[344]

[345]

[346]

[347]

[348]

[349]

[350]

[351]

[352]

[353]

[354]

[355]

[356]

[357]

[358]

[359]

[360]

[361]

[362]

[363]

[364]

[365]

[366]

[367]

[368]

[369]

[370]
Overfull \hbox (0.52582pt too wide) in paragraph at lines 22491--22494
[]\TU/KaiTi(0)/m/it/10.95 标 准 化 方 向 向 量：|  与 $\OMS/cmsy/m/n/10.95 f\OT1/cmr/m/n
/10.95 2\OML/cmm/m/it/10.95 ; \OT1/cmr/m/n/10.95 1\OML/cmm/m/it/10.95 ; \OMS/cm
sy/m/n/10.95 ^^@\OT1/cmr/m/n/10.95 1\OMS/cmsy/m/n/10.95 g$ \TU/KaiTi(0)/m/it/10
.95 同 向 的 单 位 向 量 为 $[][] \OT1/cmr/m/n/10.95 = [](2\OML/cmm/m/it/10.95 ; \OT1/c
mr/m/n/10.95 1\OML/cmm/m/it/10.95 ; \OMS/cmsy/m/n/10.95 ^^@\OT1/cmr/m/n/10.95 1
) = []$\TU/KaiTi(0)/m/it/10.95 。| 
 []



[371]

[372]

[373]

[374]

[375]

[376]
Chapter 4.


[377

]

[378]

[379]

[380]

[381]

[382]

[383]

[384]

[385]

[386]

[387]

[388]
Overfull \hbox (1.89809pt too wide) in paragraph at lines 23303--23304
[]\TU/KaiTi(0)/m/it/10.95 绝 对 值 不 等 式：|  函 数 绝 对 值 的 积 分，|  大 于 等 于 函 数 积 分 的 绝
 对 值：| $[] \U/msa/m/n/10.95 6 [] \OMS/cmsy/m/n/10.95 j\OML/cmm/m/it/10.95 f\OT1
/cmr/m/n/10.95 (\OML/cmm/m/it/10.95 x; y\OT1/cmr/m/n/10.95 )\OMS/cmsy/m/n/10.95
 j \OT1/cmr/m/n/10.95 d\OML/cmm/m/it/10.95 ^^[$\TU/KaiTi(0)/m/it/10.95 。| 
 []



[389]

[390]
Overfull \hbox (25.78798pt too wide) in paragraph at lines 23387--23388
[]\TU/KaiTi(0)/m/it/10.95 应 用 二 重 积 分 中 值 定 理：|  因 为 $\OML/cmm/m/it/10.95 f\OT1
/cmr/m/n/10.95 (\OML/cmm/m/it/10.95 x; y\OT1/cmr/m/n/10.95 )$ \TU/KaiTi(0)/m/it
/10.95 在 圆 域 $\OML/cmm/m/it/10.95 D[]$ \TU/KaiTi(0)/m/it/10.95 上 连 续，|  故 存 在 $
\OT1/cmr/m/n/10.95 (\OML/cmm/m/it/10.95 ^^X[]; ^^Q[]\OT1/cmr/m/n/10.95 ) \OMS/c
msy/m/n/10.95 2 \OML/cmm/m/it/10.95 D[]$\TU/KaiTi(0)/m/it/10.95 ，|  使 得 $[] \OM
L/cmm/m/it/10.95 f\OT1/cmr/m/n/10.95 (\OML/cmm/m/it/10.95 x; y\OT1/cmr/m/n/10.9
5 ) d\OML/cmm/m/it/10.95 ^^[ \OT1/cmr/m/n/10.95 =
 []



[391]

[392]

[393]

[394]

[395]
Overfull \hbox (12.04889pt too wide) in paragraph at lines 23568--23570
[]\TU/SimSun(0)/b/n/10.95 注 \TU/texgyretermes(0)/b/n/10.95 (\TU/SimSun(0)/b/n/1
0.95 定 理 评 注 与 几 何 意 义\TU/texgyretermes(0)/b/n/10.95 )[] \TU/SimSun(0)/m/n/10.9
5 定 理 的 核 心 是 把 二 重 积 分 化 成 两 个 嵌 套 的 一 元 定 积 分。|  例 如 $[][] \OT1/cmr/m/n/10.95
 d\OML/cmm/m/it/10.95 y [][] f\OT1/cmr/m/n/10.95 (\OML/cmm/m/it/10.95 x; y\OT1/
cmr/m/n/10.95 ) d\OML/cmm/m/it/10.95 x$
 []



[396]

[397]

[398]

[399]
Overfull \hbox (11.6107pt too wide) in paragraph at lines 23833--23836
[]\TU/KaiTi(0)/m/it/10.95 计 算 前 一 部 分  |（运 用 三 角 代 换，|  令 $\OML/cmm/m/it/10.95 
x \OT1/cmr/m/n/10.95 = 2 [] \OML/cmm/m/it/10.95 t$\TU/texgyretermes(0)/m/n/10.9
5 , $\OT1/cmr/m/n/10.95 d\OML/cmm/m/it/10.95 x \OT1/cmr/m/n/10.95 = 2 [] \OML/c
mm/m/it/10.95 t \OT1/cmr/m/n/10.95 d\OML/cmm/m/it/10.95 t$\TU/KaiTi(0)/m/it/10.
95 ） ：| $\OT1/cmr/m/n/10.95 4 [][](4 [][] \OML/cmm/m/it/10.95 t\OT1/cmr/m/n/10.
95 )(2 [] \OML/cmm/m/it/10.95 t\OT1/cmr/m/n/10.95 )(2 [] \OML/cmm/m/it/10.95 t\
OT1/cmr/m/n/10.95 ) d\OML/cmm/m/it/10.95 t \OT1/cmr/m/n/10.95 =
 []



[400]

[401]

[402]
Overfull \hbox (5.2945pt too wide) in paragraph at lines 23953--23954
[]\TU/KaiTi(0)/m/it/10.95 由 于 $\OT1/cmr/m/n/10.95 e[]$ \TU/KaiTi(0)/m/it/10.95 
是 偶 函 数，|  关 于 $\OML/cmm/m/it/10.95 y$ \TU/KaiTi(0)/m/it/10.95 轴 对 称，|  因 此 在 $
\OT1/cmr/m/n/10.95 [0\OML/cmm/m/it/10.95 ; \OT1/cmr/m/n/10.95 +\OMS/cmsy/m/n/10
.95 1\OT1/cmr/m/n/10.95 )$ \TU/KaiTi(0)/m/it/10.95 上 的 积 分 为 总 区 间 的 一 半：| $[][
] \OT1/cmr/m/n/10.95 e[] d\OML/cmm/m/it/10.95 x \OT1/cmr/m/n/10.95 =
 []



[403]

[404]

[405]

[406]
LaTeX Font Info:    Font shape `TU/texgyretermes(0)/m/n' will be
(Font)              scaled to size 9.0pt on input line 24159.


[407]

[408]

[409]
Overfull \hbox (9.56432pt too wide) in paragraph at lines 24385--24389
[]\TU/KaiTi(0)/m/it/10.95 回 顾 极 坐 标 积 分 的 基 本 形 式：|  化 为 极 坐 标 后 的 累 次 积 分 通 常 
写 成 $[][] \OT1/cmr/m/n/10.95 d\OML/cmm/m/it/10.95 ^^R [][] f\OT1/cmr/m/n/10.95 
(\OML/cmm/m/it/10.95 r [] ^^R; r [] ^^R\OT1/cmr/m/n/10.95 )\OML/cmm/m/it/10.95 
r \OT1/cmr/m/n/10.95 d\OML/cmm/m/it/10.95 r$\TU/KaiTi(0)/m/it/10.95 。| 
 []



[410]

[411]

[412]

[413]

[414]
Overfull \hbox (52.72047pt too wide) in paragraph at lines 24668--24671
[] []\TU/SimSun(0)/b/n/10.95 练 习 \TU/texgyretermes(0)/b/n/10.95 4.40 \TU/SimSun
(0)/b/n/10.95 含 $[]$ 函 数 的 全 平 面 反 常 积 分  |（直 角 坐 标 法）| [] \TU/SimSun(0)/m/n/10
.95 计 算 广 义 二 重 积 分 $\OML/cmm/m/it/10.95 I \OT1/cmr/m/n/10.95 = [][] [][] [](\O
ML/cmm/m/it/10.95 x; y\OT1/cmr/m/n/10.95 )e[] d\OML/cmm/m/it/10.95 x\OT1/cmr/m/
n/10.95 d\OML/cmm/m/it/10.95 y$\TU/SimSun(0)/m/n/10.95 。| 
 []



[415]
Overfull \hbox (14.7631pt too wide) in paragraph at lines 24748--24755
[]\TU/KaiTi(0)/m/it/10.95 计 算 积 分：|  先 对 $\OML/cmm/m/it/10.95 x$ \TU/KaiTi(0)/m
/it/10.95 积 分 得 $[][] \OML/cmm/m/it/10.95 x\OT1/cmr/m/n/10.95 e[] d\OML/cmm/m/i
t/10.95 x \OT1/cmr/m/n/10.95 = e[] [][] = []\OML/cmm/m/it/10.95 y\OT1/cmr/m/n/1
0.95 e[]$\TU/KaiTi(0)/m/it/10.95 ，|  因 此 $\OML/cmm/m/it/10.95 I \OT1/cmr/m/n/10
.95 = [] [][] \OML/cmm/m/it/10.95 y\OT1/cmr/m/n/10.95 e[] d\OML/cmm/m/it/10.95 
y \OT1/cmr/m/n/10.95 =
 []



[416]

[417]

[418]

[419]

[420]

[421]

[422]

[423]

[424]

[425]

[426]

[427]

[428]

[429]

[430]

[431]
Overfull \hbox (36.18344pt too wide) in paragraph at lines 25618--25623
\TU/KaiTi(0)/m/it/10.95 因 而 $\OML/cmm/m/it/10.95 I[] \OT1/cmr/m/n/10.95 = [] []
[] [] d\OML/cmm/m/it/10.95 x$\TU/KaiTi(0)/m/it/10.95 。|  又 $\OML/cmm/m/it/10.95
 g\OT1/cmr/m/n/10.95 (\OMS/cmsy/m/n/10.95 ^^@\OML/cmm/m/it/10.95 x\OT1/cmr/m/n/
10.95 ) = (\OMS/cmsy/m/n/10.95 ^^@\OML/cmm/m/it/10.95 x\OT1/cmr/m/n/10.95 ) [] 
=
 []



[432]

[433]

[434]

[435]

[436]

[437]

[438]

[439]

[440]

[441]

[442]
Overfull \hbox (11.19087pt too wide) in paragraph at lines 26388--26389
[]$\OT1/cmr/m/n/10.95 
$ \TU/KaiTi(0)/m/it/10.95 是 第 一 卦 限 内 的 同 心 球 壳，|  对 $\OML/cmm/m/it/10.95 x$ \T
U/KaiTi(0)/m/it/10.95 与 $\OML/cmm/m/it/10.95 z$ \TU/KaiTi(0)/m/it/10.95 完 全 对 称
，|  因 此 $[] \OML/cmm/m/it/10.95 x\OT1/cmr/m/n/10.95 e[] d\OML/cmm/m/it/10.95 V 
\OT1/cmr/m/n/10.95 = [] \OML/cmm/m/it/10.95 z\OT1/cmr/m/n/10.95 e[] d\OML/cmm/m
/it/10.95 V$\TU/KaiTi(0)/m/it/10.95 ，|
 []


Overfull \hbox (9.90279pt too wide) in paragraph at lines 26394--26397
[]\TU/KaiTi(0)/m/it/10.95 三 部 分 可 分 离，|  且 $[][] \OT1/cmr/m/n/10.95 1 d\OML/cmm
/m/it/10.95 ^^R \OT1/cmr/m/n/10.95 = []\OML/cmm/m/it/10.95 ;  [][] [] ' [] ' \O
T1/cmr/m/n/10.95 d\OML/cmm/m/it/10.95 ' \OT1/cmr/m/n/10.95 = []$\TU/KaiTi(0)/m/
it/10.95 。|  对 径 向 积 分 令 $\OML/cmm/m/it/10.95 u \OT1/cmr/m/n/10.95 = \OML/cmm/m
/it/10.95 ^^Z[]$\TU/KaiTi(0)/m/it/10.95 ，|  则 $[][] \OML/cmm/m/it/10.95 ^^Z[]\O
T1/cmr/m/n/10.95 e[] d\OML/cmm/m/it/10.95 ^^Z \OT1/cmr/m/n/10.95 =
 []



[443]
Chapter 5.

Underfull \hbox (badness 1728) in paragraph at lines 26414--26417
[]\TU/SimSun(0)/m/n/10.95 四 类 积 分 对 象：|  第 一 类 曲 线 积 分 是 沿 曲 线 把  |“标 量 $\OMS/c
msy/m/n/10.95 ^^B$ \TU/SimSun(0)/m/n/10.95 弧 长 元”|  累 加：| $[][] \OML/cmm/m/it/1
0.95 f \OT1/cmr/m/n/10.95 d\OML/cmm/m/it/10.95 s \OT1/cmr/m/n/10.95 =
 []


Underfull \hbox (badness 2443) in paragraph at lines 26414--26417
[] [] \OML/cmm/m/it/10.95 f\OT1/cmr/m/n/10.95 (\OML/cmm/m/it/10.95 ^^X[]\OT1/cm
r/m/n/10.95 )^^A\OML/cmm/m/it/10.95 s[]$\TU/SimSun(0)/m/n/10.95 。|  第 二 类 曲 线 积
 分 是 沿 有 向 曲 线 把  |“切 向 做 功”|  累 加：| $[][] \OML/cmm/m/it/10.95 P \OT1/cmr/m/n/1
0.95 d\OML/cmm/m/it/10.95 x \OT1/cmr/m/n/10.95 +
 []


Underfull \hbox (badness 1859) in paragraph at lines 26653--26656
\TU/SimSun(0)/m/n/10.95 挖 洞 后 的 局 部 标 准 值 也 要 整 理 成 对 照 表。|  对 逆 时 针 小 圆 $\OML/
cmm/m/it/10.95 C[] \OT1/cmr/m/n/10.95 :  \OML/cmm/m/it/10.95 x[] \OT1/cmr/m/n/1
0.95 + \OML/cmm/m/it/10.95 y[] \OT1/cmr/m/n/10.95 = \OML/cmm/m/it/10.95 "[]$ \T
U/SimSun(0)/m/n/10.95 有
 []


Underfull \hbox (badness 10000) in paragraph at lines 26899--26903
[]\TU/SimSun(0)/m/n/10.95 二 维 调 和 函 数 层：|  平 面 调 和 函 数 题 要 额 外 背 两 条 最 常 用 的 结 
论。|  若 $\OML/cmm/m/it/10.95 r \OT1/cmr/m/n/10.95 =
 []



[444

]

[445]

[446]

[447]

[448]

[449]

[450]

[451]

[452]

[453]

[454]

[455]

[456]

[457]

[458]

[459]

[460]

[461]

[462]

[463]

[464]

[465]

[466]

[467]

[468]

[469]

[470]
Overfull \hbox (40.09984pt too wide) in paragraph at lines 27779--27780
[]\TU/SimSun(0)/m/n/10.95 用 微 元 法 证 明：|  单 位 时 间 内 流 出 曲 线 $\OML/cmm/m/it/10.95
 C$ \TU/SimSun(0)/m/n/10.95 的 流 量 微 元 为 $\OT1/cmr/m/n/10.95 d\OML/cmm/m/it/10.9
5 q\OT1/cmr/m/n/10.95 (\OML/cmm/m/it/10.95 x; y\OT1/cmr/m/n/10.95 ) = [] d\OML/
cmm/m/it/10.95 s$\TU/SimSun(0)/m/n/10.95 ；| 
 []


Overfull \hbox (9.61453pt too wide) in paragraph at lines 27780--27781
[]\TU/SimSun(0)/m/n/10.95 用 微 元 法 证 明：|  单 位 时 间 内 从 区 域 $\OML/cmm/m/it/10.95 D
$ |\TU/SimSun(0)/m/n/10.95 （$\OML/cmm/m/it/10.95 D$ \TU/SimSun(0)/m/n/10.95 为 $
\OML/cmm/m/it/10.95 C$ \TU/SimSun(0)/m/n/10.95 所 围 区 域）|  内 渗 出 来 或 漏 下 去 的 流 量
 微 元 为 $\OT1/cmr/m/n/10.95 d\OML/cmm/m/it/10.95 q[]\OT1/cmr/m/n/10.95 (\OML/cmm
/m/it/10.95 x; y\OT1/cmr/m/n/10.95 ) =
 []



[471]

[472]

[473]

[474]

[475]

[476]
Overfull \hbox (15.25249pt too wide) in paragraph at lines 28219--28223
[]\TU/KaiTi(0)/m/it/10.95 由 对 称 性，| $[][] \OML/cmm/m/it/10.95 x \OT1/cmr/m/n/10
.95 d\OML/cmm/m/it/10.95 S \OT1/cmr/m/n/10.95 = [][] \OML/cmm/m/it/10.95 y \OT1
/cmr/m/n/10.95 d\OML/cmm/m/it/10.95 S \OT1/cmr/m/n/10.95 = 0$\TU/KaiTi(0)/m/it/
10.95 ，|  且 $[][]\OT1/cmr/m/n/10.95 (\OML/cmm/m/it/10.95 x \OT1/cmr/m/n/10.95 +
 \OML/cmm/m/it/10.95 y \OT1/cmr/m/n/10.95 + \OML/cmm/m/it/10.95 z\OT1/cmr/m/n/1
0.95 ) d\OML/cmm/m/it/10.95 S \OT1/cmr/m/n/10.95 = [][] \OML/cmm/m/it/10.95 z \
OT1/cmr/m/n/10.95 d\OML/cmm/m/it/10.95 S$\TU/KaiTi(0)/m/it/10.95 。|  在 球 坐 标 下 
$\OML/cmm/m/it/10.95 z \OT1/cmr/m/n/10.95 = \OML/cmm/m/it/10.95 a [] ';  \OT1/c
mr/m/n/10.95 d\OML/cmm/m/it/10.95 S \OT1/cmr/m/n/10.95 =
 []



[477]

[478]

[479]

[480]

[481]

[482]

[483]

[484]

[485]

[486]

[487]

[488]

[489]

[490]

[491]

[492]

[493]

[494]

[495]

[496]

[497]

[498]

[499]

[500]

[501]

[502]
Overfull \hbox (14.10858pt too wide) in paragraph at lines 29693--29695
\TU/KaiTi(0)/m/it/10.95 因 此 被 积 表 达 式 是 一 个 全 微 分。|  沿 任 意 闭 曲 线 的 全 微 分 积 分 恒 
为 零，|  所 以 $[]$。| 
 []



[503]

[504]

[505]

[506]

[507]

[508]

[509]

[510]

[511]

[512]

[513]

[514]

[515]

[516]
Overfull \hbox (2.74762pt too wide) in paragraph at lines 30529--30530
[]\TU/SimSun(0)/b/n/10.95 注[]\TU/SimSun(0)/m/n/10.95 称 $\OMS/cmsy/m/n/10.95 r \
OT1/cmr/m/n/10.95 = []$ \TU/SimSun(0)/m/n/10.95 为 \TU/SimSun(0)/b/n/10.95 梯 度 算
 子\TU/SimSun(0)/m/n/10.95 。|  场 论 中 的 梯 度、|  散 度 以 及 旋 度 可 统 一 表 示 为 $[] \OML/c
mm/m/it/10.95 u \OT1/cmr/m/n/10.95 = \OMS/cmsy/m/n/10.95 r\OML/cmm/m/it/10.95 u
;  [] [] \OT1/cmr/m/n/10.95 =
 []



[517]

[518]

[519]

[520]

[521]
Overfull \hbox (31.22939pt too wide) in paragraph at lines 30889--30894
\TU/KaiTi(0)/m/it/10.95 故 $[][]\OT1/cmr/m/n/10.95 (2\OML/cmm/m/it/10.95 x[] \OT
1/cmr/m/n/10.95 + \OML/cmm/m/it/10.95 x \OT1/cmr/m/n/10.95 + \OML/cmm/m/it/10.9
5 y \OT1/cmr/m/n/10.95 + \OML/cmm/m/it/10.95 y[]\OT1/cmr/m/n/10.95 ) d\OML/cmm/
m/it/10.95 s \OT1/cmr/m/n/10.95 = [][] [] d\OML/cmm/m/it/10.95 t \OT1/cmr/m/n/1
0.95 = 2\OML/cmm/m/it/10.95 ^^Y$\TU/KaiTi(0)/m/it/10.95 。|  即 $[]$。| 
 []



[522]

[523]

[524]

[525]

[526]

[527]

[528]

[529]
Chapter 6.


[530

]

[531]

[532]

[533]

[534]

[535]

[536]

[537]

[538]

[539]

[540]

[541]

[542]

[543]

[544]

[545]

[546]

[547]

[548]

[549]

[550]

[551]

[552]

[553]

[554]

[555]

[556]

[557]

[558]

[559]

[560]

[561]

[562]

[563]

[564]

[565]

[566]

[567]

[568]

[569]

[570]

[571]

[572]

[573]

[574]

[575]

[576]

[577] (build/elegantbook2.aux)
 ***********
LaTeX2e <2024-11-01> patch level 2
L3 programming layer <2022/08/05>
 ***********
Package rerunfilecheck Info: File `elegantbook2.out' has not changed.
(rerunfilecheck)             Checksum: 2D6439F29F2A8489F8118DA7BB111941;54540.
 ) 
Here is how much of TeX's memory you used:
 42821 strings out of 473832
 1007478 string characters out of 5723978
 1900403 words of memory out of 5000000
 65108 multiletter control sequences out of 15000+600000
 582228 words of font info for 183 fonts, out of 8000000 for 9000
 1348 hyphenation exceptions out of 8191
 103i,21n,127p,634b,1344s stack positions out of 10000i,1000n,20000p,200000b,200000s

Output written on build/elegantbook2.xdv (619 pages, 14776240 bytes).
