\BOOKMARK [0][]{chapter.1}{\376\377\0001\000\040\116\015\133\232\171\357\122\006}{}% 1
\BOOKMARK [1][]{section.1.1}{\376\377\0001\000.\0001\000\040\167\345\213\306\213\262\211\343}{chapter.1}% 2
\BOOKMARK [2][]{subsection.1.1.1}{\376\377\0001\000.\0001\000.\0001\000\040\152\041\154\325\377\032\147\011\164\006\122\006\137\017\116\016\131\032\230\171\137\017\220\006\121\103}{section.1.1}% 3
\BOOKMARK [2][]{subsection.1.1.2}{\376\377\0001\000.\0001\000.\0002\000\040\116\000\153\041\137\017\116\016\116\000\153\041\150\071\137\017\166\204\171\357\122\006}{section.1.1}% 4
\BOOKMARK [2][]{subsection.1.1.3}{\376\377\0001\000.\0001\000.\0003\000\040\116\214\153\041\137\017\123\312\121\166\150\071\137\017}{section.1.1}% 5
\BOOKMARK [2][]{subsection.1.1.4}{\376\377\0001\000.\0001\000.\0004\000\040\124\053\147\011\116\011\211\322\121\375\145\160\166\204\171\357\122\006}{section.1.1}% 6
\BOOKMARK [2][]{subsection.1.1.5}{\376\377\0001\000.\0001\000.\0005\000\040\124\053\147\011\123\315\116\011\211\322\121\375\145\160\166\204\171\357\122\006\000\040\000\050\000a\000>\0000\000\051}{section.1.1}% 7
\BOOKMARK [2][]{subsection.1.1.6}{\376\377\0001\000.\0001\000.\0006\000\040\124\053\147\011\143\007\145\160\121\375\145\160\166\204\171\357\122\006}{section.1.1}% 8
\BOOKMARK [2][]{subsection.1.1.7}{\376\377\0001\000.\0001\000.\0007\000\040\124\053\147\011\133\371\145\160\121\375\145\160\166\204\171\357\122\006}{section.1.1}% 9
\BOOKMARK [2][]{subsection.1.1.8}{\376\377\0001\000.\0001\000.\0008\000\040\124\053\147\011\123\314\146\362\121\375\145\160\166\204\171\357\122\006}{section.1.1}% 10
\BOOKMARK [2][]{subsection.1.1.9}{\376\377\0001\000.\0001\000.\0009\000\040\133\232\171\357\122\006}{section.1.1}% 11
\BOOKMARK [1][]{section.1.2}{\376\377\0001\000.\0002\000\040\116\140\230\230}{chapter.1}% 12
\BOOKMARK [2][]{subsection.1.2.1}{\376\377\0001\000.\0002\000.\0001\000\040\173\054\116\000\202\202\116\140\230\230\377\032\152\041\154\325\116\016\131\032\230\171\137\017\220\006\121\103}{section.1.2}% 13
\BOOKMARK [2][]{subsection.1.2.2}{\376\377\0001\000.\0002\000.\0002\000\040\173\054\116\214\202\202\116\140\230\230\377\032\124\053\147\011\000\040\000a\000x\000+\000b\000\040\166\204\171\357\122\006}{section.1.2}% 14
\BOOKMARK [2][]{subsection.1.2.3}{\376\377\0001\000.\0002\000.\0003\000\040\173\054\116\011\202\202\116\140\230\230\377\032\124\053\147\011\000\040\000s\000q\000r\000t\000\050\000a\000x\000+\000b\000\051\000\040\166\204\171\357\122\006}{section.1.2}% 15
\BOOKMARK [2][]{subsection.1.2.4}{\376\377\0001\000.\0002\000.\0004\000\040\173\054\126\333\202\202\116\140\230\230\377\032\136\163\145\271\230\171\171\357\122\006}{section.1.2}% 16
\BOOKMARK [2][]{subsection.1.2.5}{\376\377\0001\000.\0002\000.\0005\000\040\173\054\116\224\202\202\116\140\230\230\377\032\116\214\153\041\230\171\122\240\136\070\145\160\171\357\122\006}{section.1.2}% 17
\BOOKMARK [2][]{subsection.1.2.6}{\376\377\0001\000.\0002\000.\0006\000\040\173\054\121\155\202\202\116\140\230\230\377\032\116\214\153\041\116\011\230\171\137\017\171\357\122\006}{section.1.2}% 18
\BOOKMARK [2][]{subsection.1.2.7}{\376\377\0001\000.\0002\000.\0007\000\040\173\054\116\003\202\202\116\140\230\230\377\032\150\071\137\017\171\357\122\006\377\010\122\240\123\367\377\011}{section.1.2}% 19
\BOOKMARK [2][]{subsection.1.2.8}{\376\377\0001\000.\0002\000.\0008\000\040\173\054\121\153\202\202\116\140\230\230\377\032\150\071\137\017\171\357\122\006\377\010\121\317\123\367\377\011}{section.1.2}% 20
\BOOKMARK [2][]{subsection.1.2.9}{\376\377\0001\000.\0002\000.\0009\000\040\173\054\116\135\202\202\116\140\230\230\377\032\150\071\137\017\171\357\122\006\377\010\127\006\137\047\127\213\377\011}{section.1.2}% 21
\BOOKMARK [2][]{subsection.1.2.10}{\376\377\0001\000.\0002\000.\0001\0000\000\040\173\054\123\101\202\202\116\140\230\230\377\032\116\214\153\041\150\071\137\017\171\357\122\006}{section.1.2}% 22
\BOOKMARK [2][]{subsection.1.2.11}{\376\377\0001\000.\0002\000.\0001\0001\000\040\173\054\123\101\116\000\202\202\116\140\230\230\377\032\124\053\147\011\000\040\000s\000q\000r\000t\000\050\000\050\000x\000-\000a\000\051\000/\000\050\000x\000-\000b\000\051\000\051\000\040\142\026\000\040\000s\000q\000r\000t\000\050\000\050\000x\000-\000a\000\051\000\050\000b\000-\000x\000\051\000\051\000\040\166\204\171\357\122\006}{section.1.2}% 23
\BOOKMARK [2][]{subsection.1.2.12}{\376\377\0001\000.\0002\000.\0001\0002\000\040\173\054\123\101\116\214\202\202\116\140\230\230\377\032\124\053\147\011\116\011\211\322\121\375\145\160\166\204\171\357\122\006}{section.1.2}% 24
\BOOKMARK [2][]{subsection.1.2.13}{\376\377\0001\000.\0002\000.\0001\0003\000\040\173\054\123\101\116\011\202\202\116\140\230\230\377\032\124\053\147\011\123\315\116\011\211\322\121\375\145\160\166\204\171\357\122\006\000\040\000\050\000a\000>\0000\000\051}{section.1.2}% 25
\BOOKMARK [2][]{subsection.1.2.14}{\376\377\0001\000.\0002\000.\0001\0004\000\040\173\054\123\101\126\333\202\202\116\140\230\230\377\032\124\053\147\011\143\007\145\160\121\375\145\160\166\204\171\357\122\006}{section.1.2}% 26
\BOOKMARK [2][]{subsection.1.2.15}{\376\377\0001\000.\0002\000.\0001\0005\000\040\173\054\123\101\116\224\202\202\116\140\230\230\377\032\124\053\147\011\133\371\145\160\121\375\145\160\166\204\171\357\122\006}{section.1.2}% 27
\BOOKMARK [2][]{subsection.1.2.16}{\376\377\0001\000.\0002\000.\0001\0006\000\040\173\054\123\101\121\155\202\202\116\140\230\230\377\032\124\053\147\011\123\314\146\362\121\375\145\160\166\204\171\357\122\006}{section.1.2}% 28
\BOOKMARK [2][]{subsection.1.2.17}{\376\377\0001\000.\0002\000.\0001\0007\000\040\173\054\123\101\116\003\202\202\116\140\230\230\377\032\133\232\171\357\122\006}{section.1.2}% 29
\BOOKMARK [0][]{chapter.2}{\376\377\0002\000\040\137\256\122\006\145\271\172\013}{}% 30
\BOOKMARK [1][]{section.2.1}{\376\377\0002\000.\0001\000\040\167\345\213\306\213\262\211\343}{chapter.2}% 31
\BOOKMARK [2][]{subsection.2.1.1}{\376\377\0002\000.\0001\000.\0001\000\040\151\202\137\365\116\016\122\006\174\173\122\044\145\255\377\032\211\343\060\001\220\032\211\343\060\001\162\171\211\343\116\016\123\315\154\102}{section.2.1}% 32
\BOOKMARK [2][]{subsection.2.1.2}{\376\377\0002\000.\0001\000.\0002\000\040\116\015\211\201\126\340\116\072\116\015\200\375\131\127\121\154\137\017\134\061\116\345\116\072\201\352\135\361\116\015\117\032\120\132\377\014\167\013\167\013\146\057\124\046\123\357\122\006\171\273\060\001\237\120\153\041\116\016\123\357\123\026\237\120\153\041}{section.2.1}% 33
\BOOKMARK [3][]{subsubsection.2.1.2.1}{\376\377\0002\000.\0001\000.\0002\000.\0001\000\040\237\120\153\041\145\271\172\013}{subsection.2.1.2}% 34
\BOOKMARK [3][]{subsubsection.2.1.2.2}{\376\377\0002\000.\0001\000.\0002\000.\0002\000\040\123\357\123\026\116\072\237\120\153\041\145\271\172\013\166\204\174\173\127\213}{subsection.2.1.2}% 35
\BOOKMARK [2][]{subsection.2.1.3}{\376\377\0002\000.\0001\000.\0003\000\040\176\277\140\047\060\001\117\057\122\252\122\051\060\001\236\316\123\141\143\320\116\016\176\323\147\204\116\343\143\142}{section.2.1}% 36
\BOOKMARK [3][]{subsubsection.2.1.3.1}{\376\377\0002\000.\0001\000.\0003\000.\0001\000\040\176\277\140\047\237\120\153\041\145\271\172\013\166\204\154\102\211\343\377\014\122\053\137\330\213\260\143\142\121\103\142\026\200\005\133\371\214\003\000x\000,\000y}{subsection.2.1.3}% 37
\BOOKMARK [3][]{subsubsection.2.1.3.2}{\376\377\0002\000.\0001\000.\0003\000.\0002\000\040\117\057\122\252\122\051\145\271\172\013}{subsection.2.1.3}% 38
\BOOKMARK [3][]{subsubsection.2.1.3.3}{\376\377\0002\000.\0001\000.\0003\000.\0003\000\040\236\316\123\141\143\320\145\271\172\013\116\016\122\030\176\364\134\024\145\271\154\325}{subsection.2.1.3}% 39
\BOOKMARK [2][]{subsection.2.1.4}{\376\377\0002\000.\0001\000.\0004\000\040\140\160\137\123\145\271\172\013\116\016\171\357\122\006\126\340\133\120}{section.2.1}% 40
\BOOKMARK [2][]{subsection.2.1.5}{\376\377\0002\000.\0001\000.\0005\000\040\220\020\153\041\171\357\122\006\127\213\377\014\124\053\000\040\000x\000\040\177\072\000\040\000y\000\040\127\213\377\014\124\053\000\040\000y\000\040\177\072\000\040\000x\000\040\127\213}{section.2.1}% 41
\BOOKMARK [2][]{subsection.2.1.6}{\376\377\0002\000.\0001\000.\0006\000\040\176\277\140\047\164\006\213\272\377\014\162\171\137\201\150\071\377\014\153\324\133\371\174\373\145\160}{section.2.1}% 42
\BOOKMARK [3][]{subsubsection.2.1.6.1}{\376\377\0002\000.\0001\000.\0006\000.\0001\000\040\176\277\140\047\173\227\133\120\377\014\123\340\122\240\123\237\164\006\377\014\176\277\140\047\166\370\121\163\000/\145\340\121\163\377\014\147\027\145\257\127\372\210\114\122\027\137\017\377\014\220\032\211\343\000=\237\120\153\041\220\032\211\343\000+\227\136\237\120\153\041\162\171\211\343}{subsection.2.1.6}% 43
\BOOKMARK [3][]{subsubsection.2.1.6.2}{\376\377\0002\000.\0001\000.\0006\000.\0002\000\040\162\171\137\201\150\071\121\154\137\017\120\132\230\230\154\325}{subsection.2.1.6}% 44
\BOOKMARK [2][]{subsection.2.1.7}{\376\377\0002\000.\0001\000.\0007\000\040\136\070\145\160\123\330\146\023\154\325\124\214\121\340\116\052\122\030\176\364\134\024\121\154\137\017}{section.2.1}% 45
\BOOKMARK [2][]{subsection.2.1.8}{\376\377\0002\000.\0001\000.\0008\000\040\000E\000u\000l\000e\000r\000\040\145\271\172\013\000:\123\330\174\373\145\160\123\026\116\072\136\070\174\373\145\160}{section.2.1}% 46
\BOOKMARK [2][]{subsection.2.1.9}{\376\377\0002\000.\0001\000.\0009\000\040\145\271\172\013\176\304\116\023\230\230\377\032\122\006\174\173\060\001\116\214\226\066\174\373\176\337\116\016\155\210\121\103}{section.2.1}% 47
\BOOKMARK [3][]{subsubsection.2.1.9.1}{\376\377\0002\000.\0001\000.\0009\000.\0001\000\040\116\214\226\066\137\256\122\006\145\271\172\013\176\304}{subsection.2.1.9}% 48
\BOOKMARK [3][]{subsubsection.2.1.9.2}{\376\377\0002\000.\0001\000.\0009\000.\0002\000\040\136\070\174\373\145\160\176\277\140\047\137\256\122\006\145\271\172\013\176\304\166\204\155\210\121\103\154\325}{subsection.2.1.9}% 49
\BOOKMARK [1][]{section.2.2}{\376\377\0002\000.\0002\000\040\116\140\230\230}{chapter.2}% 50
\BOOKMARK [2][]{subsection.2.2.1}{\376\377\0002\000.\0002\000.\0001\000\040\173\054\116\000\202\202\116\140\230\230\377\032\137\256\122\006\145\271\172\013\166\204\127\372\147\054\151\202\137\365}{section.2.2}% 51
\BOOKMARK [2][]{subsection.2.2.2}{\376\377\0002\000.\0002\000.\0002\000\040\173\054\116\214\202\202\116\140\230\230\377\032\123\330\221\317\123\357\122\006\171\273\145\271\172\013\123\312\237\120\153\041\145\271\172\013}{section.2.2}% 52
\BOOKMARK [3][]{subsubsection.2.2.2.1}{\376\377\0002\000.\0002\000.\0002\000.\0001\000\040\000A\176\304}{subsection.2.2.2}% 53
\BOOKMARK [3][]{subsubsection.2.2.2.2}{\376\377\0002\000.\0002\000.\0002\000.\0002\000\040\000B\176\304}{subsection.2.2.2}% 54
\BOOKMARK [2][]{subsection.2.2.3}{\376\377\0002\000.\0002\000.\0003\000\040\173\054\116\011\202\202\116\140\230\230\377\032\116\000\226\066\176\277\140\047\137\256\122\006\145\271\172\013}{section.2.2}% 55
\BOOKMARK [3][]{subsubsection.2.2.3.1}{\376\377\0002\000.\0002\000.\0003\000.\0001\000\040\000A\176\304}{subsection.2.2.3}% 56
\BOOKMARK [3][]{subsubsection.2.2.3.2}{\376\377\0002\000.\0002\000.\0003\000.\0002\000\040\000B\176\304}{subsection.2.2.3}% 57
\BOOKMARK [2][]{subsection.2.2.4}{\376\377\0002\000.\0002\000.\0004\000\040\173\054\126\333\202\202\116\140\230\230\377\032\123\357\226\115\226\066\166\204\232\330\226\066\145\271\172\013}{section.2.2}% 58
\BOOKMARK [3][]{subsubsection.2.2.4.1}{\376\377\0002\000.\0002\000.\0004\000.\0001\000\040\000A\176\304}{subsection.2.2.4}% 59
\BOOKMARK [3][]{subsubsection.2.2.4.2}{\376\377\0002\000.\0002\000.\0004\000.\0002\000\040\000B\176\304}{subsection.2.2.4}% 60
\BOOKMARK [2][]{subsection.2.2.5}{\376\377\0002\000.\0002\000.\0005\000\040\173\054\116\224\202\202\116\140\230\230\377\032\116\214\226\066\137\256\122\006\145\271\172\013}{section.2.2}% 61
\BOOKMARK [3][]{subsubsection.2.2.5.1}{\376\377\0002\000.\0002\000.\0005\000.\0001\000\040\000A\176\304}{subsection.2.2.5}% 62
\BOOKMARK [3][]{subsubsection.2.2.5.2}{\376\377\0002\000.\0002\000.\0005\000.\0002\000\040\000B\176\304}{subsection.2.2.5}% 63
\BOOKMARK [2][]{subsection.2.2.6}{\376\377\0002\000.\0002\000.\0006\000\040\173\054\121\155\202\202\116\140\230\230\377\032\116\214\226\066\136\070\174\373\145\160\137\256\122\006\145\271\172\013}{section.2.2}% 64
\BOOKMARK [3][]{subsubsection.2.2.6.1}{\376\377\0002\000.\0002\000.\0006\000.\0001\000\040\000A\176\304}{subsection.2.2.6}% 65
\BOOKMARK [3][]{subsubsection.2.2.6.2}{\376\377\0002\000.\0002\000.\0006\000.\0002\000\040\000B\176\304}{subsection.2.2.6}% 66
\BOOKMARK [2][]{subsection.2.2.7}{\376\377\0002\000.\0002\000.\0007\000\040\173\054\116\003\202\202\116\140\230\230\377\032\137\256\122\006\145\271\172\013\176\304\166\204\127\372\147\054\164\006\213\272}{section.2.2}% 67
\BOOKMARK [2][]{subsection.2.2.8}{\376\377\0002\000.\0002\000.\0008\000\040\147\054\172\340\140\073\116\140\230\230}{section.2.2}% 68
\BOOKMARK [0][]{chapter.3}{\376\377\0003\000\040\131\032\121\103\121\375\145\160\137\256\122\006\133\146}{}% 69
\BOOKMARK [1][]{section.3.1}{\376\377\0003\000.\0001\000\040\167\345\213\306\213\262\211\343}{chapter.3}% 70
\BOOKMARK [2][]{subsection.3.1.1}{\376\377\0003\000.\0001\000.\0001\000\040\000R\000n\060\001\160\271\226\306\116\016\123\072\127\337}{section.3.1}% 71
\BOOKMARK [2][]{subsection.3.1.2}{\376\377\0003\000.\0001\000.\0002\000\040\131\032\121\103\121\375\145\160\060\001\147\201\226\120\116\016\217\336\176\355}{section.3.1}% 72
\BOOKMARK [3][]{subsubsection.3.1.2.1}{\376\377\0003\000.\0001\000.\0002\000.\0001\000\040\131\032\121\103\121\375\145\160\166\204\147\201\226\120}{subsection.3.1.2}% 73
\BOOKMARK [3][]{subsubsection.3.1.2.2}{\376\377\0003\000.\0001\000.\0002\000.\0002\000\040\131\032\121\103\121\375\145\160\166\204\217\336\176\355\140\047}{subsection.3.1.2}% 74
\BOOKMARK [3][]{subsubsection.3.1.2.3}{\376\377\0003\000.\0001\000.\0002\000.\0003\000\040\147\011\165\114\225\355\123\072\127\337\116\012\217\336\176\355\121\375\145\160\166\204\140\047\215\050}{subsection.3.1.2}% 75
\BOOKMARK [2][]{subsection.3.1.3}{\376\377\0003\000.\0001\000.\0003\000\040\120\117\133\374\145\160\060\001\145\271\124\021\133\374\145\160\060\001\123\357\137\256\116\016\121\150\137\256\122\006\060\001\000n\000a\000b\000l\000a\173\227\133\120\377\014\150\257\136\246}{section.3.1}% 76
\BOOKMARK [3][]{subsubsection.3.1.3.1}{\376\377\0003\000.\0001\000.\0003\000.\0001\000\040\145\271\124\021\133\374\145\160}{subsection.3.1.3}% 77
\BOOKMARK [3][]{subsubsection.3.1.3.2}{\376\377\0003\000.\0001\000.\0003\000.\0002\000\040\120\117\133\374\145\160}{subsection.3.1.3}% 78
\BOOKMARK [3][]{subsubsection.3.1.3.3}{\376\377\0003\000.\0001\000.\0003\000.\0003\000\040\150\257\136\246\166\204\133\232\116\111}{subsection.3.1.3}% 79
\BOOKMARK [3][]{subsubsection.3.1.3.4}{\376\377\0003\000.\0001\000.\0003\000.\0004\000\040\145\271\124\021\133\374\145\160\166\204\224\376\137\017\154\325\122\031\210\150\171\072}{subsection.3.1.3}% 80
\BOOKMARK [3][]{subsubsection.3.1.3.5}{\376\377\0003\000.\0001\000.\0003\000.\0005\000\040\123\357\137\256\140\047\116\016\121\150\137\256\122\006}{subsection.3.1.3}% 81
\BOOKMARK [2][]{subsection.3.1.4}{\376\377\0003\000.\0001\000.\0004\000\040\124\021\221\317\120\074\121\375\145\160\377\014\226\305\123\357\153\324\167\351\226\065}{section.3.1}% 82
\BOOKMARK [3][]{subsubsection.3.1.4.1}{\376\377\0003\000.\0001\000.\0004\000.\0001\000\040\124\021\221\317\120\074\121\375\145\160\166\204\147\201\226\120\124\214\217\336\176\355\140\047}{subsection.3.1.4}% 83
\BOOKMARK [3][]{subsubsection.3.1.4.2}{\376\377\0003\000.\0001\000.\0004\000.\0002\000\040\124\021\221\317\120\074\121\375\145\160\166\204\123\357\137\256\140\047\116\016\000\040\000J\000a\000c\000o\000b\000i\000a\000n\000\040\167\351\226\065}{subsection.3.1.4}% 84
\BOOKMARK [2][]{subsection.3.1.5}{\376\377\0003\000.\0001\000.\0005\000\040\224\376\137\017\154\325\122\031\060\001\232\330\226\066\120\117\133\374\116\016\116\214\226\066\121\150\137\256\122\006}{section.3.1}% 85
\BOOKMARK [3][]{subsubsection.3.1.5.1}{\376\377\0003\000.\0001\000.\0005\000.\0001\000\040\131\015\124\010\154\102\133\374\166\204\224\376\137\017\154\325\122\031}{subsection.3.1.5}% 86
\BOOKMARK [3][]{subsubsection.3.1.5.2}{\376\377\0003\000.\0001\000.\0005\000.\0002\000\040\116\000\226\066\121\150\137\256\122\006\137\142\137\017\166\204\116\015\123\330\140\047}{subsection.3.1.5}% 87
\BOOKMARK [3][]{subsubsection.3.1.5.3}{\376\377\0003\000.\0001\000.\0005\000.\0003\000\040\232\330\226\066\120\117\133\374\145\160\116\016\000\040\000H\000e\000s\000s\000e\000\040\167\351\226\065}{subsection.3.1.5}% 88
\BOOKMARK [3][]{subsubsection.3.1.5.4}{\376\377\0003\000.\0001\000.\0005\000.\0004\000\040\116\214\226\066\121\150\137\256\122\006}{subsection.3.1.5}% 89
\BOOKMARK [2][]{subsection.3.1.6}{\376\377\0003\000.\0001\000.\0006\000\040\122\007\176\277\060\001\154\325\136\163\227\142\060\001\122\007\136\163\227\142\116\016\154\325\176\277}{section.3.1}% 90
\BOOKMARK [3][]{subsubsection.3.1.6.1}{\376\377\0003\000.\0001\000.\0006\000.\0001\000\040\172\172\225\364\146\362\176\277\166\204\122\007\176\277\116\016\154\325\136\163\227\142}{subsection.3.1.6}% 91
\BOOKMARK [3][]{subsubsection.3.1.6.2}{\376\377\0003\000.\0001\000.\0006\000.\0002\000\040\146\362\227\142\166\204\122\007\136\163\227\142\116\016\154\325\176\277}{subsection.3.1.6}% 92
\BOOKMARK [2][]{subsection.3.1.7}{\376\377\0003\000.\0001\000.\0007\000\040\226\220\121\375\145\160\116\023\230\230\377\032\123\125\145\271\172\013\060\001\145\271\172\013\176\304\116\016\226\305\123\357\153\324\210\114\122\027\137\017}{section.3.1}% 93
\BOOKMARK [3][]{subsubsection.3.1.7.1}{\376\377\0003\000.\0001\000.\0007\000.\0001\000\040\123\125\145\271\172\013\226\220\121\375\145\160\133\130\127\050\133\232\164\006}{subsection.3.1.7}% 94
\BOOKMARK [3][]{subsubsection.3.1.7.2}{\376\377\0003\000.\0001\000.\0007\000.\0002\000\040\145\271\172\013\176\304\170\156\133\232\166\204\226\220\121\375\145\160}{subsection.3.1.7}% 95
\BOOKMARK [2][]{subsection.3.1.8}{\376\377\0003\000.\0001\000.\0008\000\040\154\360\122\322\116\023\230\230\377\032\134\125\137\000\060\001\117\131\230\171\116\016\155\167\150\356\167\351\226\065}{section.3.1}% 96
\BOOKMARK [3][]{subsubsection.3.1.8.1}{\376\377\0003\000.\0001\000.\0008\000.\0001\000\040\116\214\121\103\121\375\145\160\166\204\000\040\000T\000a\000y\000l\000o\000r\000\040\133\232\164\006}{subsection.3.1.8}% 97
\BOOKMARK [3][]{subsubsection.3.1.8.2}{\376\377\0003\000.\0001\000.\0008\000.\0002\000\040\117\131\230\171\117\060\213\241}{subsection.3.1.8}% 98
\BOOKMARK [2][]{subsection.3.1.9}{\376\377\0003\000.\0001\000.\0009\000\040\145\340\176\246\147\137\147\201\120\074\060\001\225\355\123\072\127\337\147\000\120\074\116\016\147\000\134\017\116\214\116\130}{section.3.1}% 99
\BOOKMARK [3][]{subsubsection.3.1.9.1}{\376\377\0003\000.\0001\000.\0009\000.\0001\000\040\147\201\120\074\166\204\151\202\137\365\116\016\137\305\211\201\147\141\116\366}{subsection.3.1.9}% 100
\BOOKMARK [3][]{subsubsection.3.1.9.2}{\376\377\0003\000.\0001\000.\0009\000.\0002\000\040\147\201\120\074\166\204\121\105\122\006\147\141\116\366\377\032\000H\000e\000s\000s\000e\000\040\167\351\226\065\122\044\122\053\154\325}{subsection.3.1.9}% 101
\BOOKMARK [3][]{subsubsection.3.1.9.3}{\376\377\0003\000.\0001\000.\0009\000.\0003\000\040\147\000\120\074\166\204\154\102\154\325}{subsection.3.1.9}% 102
\BOOKMARK [2][]{subsection.3.1.10}{\376\377\0003\000.\0001\000.\0001\0000\000\040\176\246\147\137\147\201\120\074\116\016\142\311\150\074\147\027\145\345\116\130\145\160\154\325}{section.3.1}% 103
\BOOKMARK [3][]{subsubsection.3.1.10.1}{\376\377\0003\000.\0001\000.\0001\0000\000.\0001\000\040\000L\000a\000g\000r\000a\000n\000g\000e\000\040\116\130\145\160\154\325\166\204\143\250\136\177}{subsection.3.1.10}% 104
\BOOKMARK [2][]{subsection.3.1.11}{\376\377\0003\000.\0001\000.\0001\0001\000\040\120\117\137\256\122\006\145\271\172\013\116\023\230\230\377\032\232\214\213\301\060\001\123\330\221\317\146\377\143\142\116\016\127\120\150\007\123\330\143\142}{section.3.1}% 105
\BOOKMARK [3][]{subsubsection.3.1.11.1}{\376\377\0003\000.\0001\000.\0001\0001\000.\0001\000\040\232\214\213\301\121\375\145\160\156\341\215\263\176\331\133\232\166\204\120\117\137\256\122\006\145\271\172\013}{subsection.3.1.11}% 106
\BOOKMARK [3][]{subsubsection.3.1.11.2}{\376\377\0003\000.\0001\000.\0001\0001\000.\0002\000\040\123\330\221\317\146\377\143\142\377\010\127\120\150\007\123\330\143\142\377\011}{subsection.3.1.11}% 107
\BOOKMARK [1][]{section.3.2}{\376\377\0003\000.\0002\000\040\116\140\230\230}{chapter.3}% 108
\BOOKMARK [2][]{subsection.3.2.1}{\376\377\0003\000.\0002\000.\0001\000\040\173\054\116\000\202\202\116\140\230\230\377\032\000n\000\040\176\364\153\047\154\017\172\172\225\364\166\204\127\372\147\054\151\202\137\365}{section.3.2}% 109
\BOOKMARK [3][]{subsubsection.3.2.1.1}{\376\377\0003\000.\0002\000.\0001\000.\0001\000\040\000A\176\304}{subsection.3.2.1}% 110
\BOOKMARK [3][]{subsubsection.3.2.1.2}{\376\377\0003\000.\0002\000.\0001\000.\0002\000\040\000B\176\304}{subsection.3.2.1}% 111
\BOOKMARK [2][]{subsection.3.2.2}{\376\377\0003\000.\0002\000.\0002\000\040\173\054\116\214\202\202\116\140\230\230\377\032\131\032\121\103\121\375\145\160\166\204\127\372\147\054\151\202\137\365}{section.3.2}% 112
\BOOKMARK [3][]{subsubsection.3.2.2.1}{\376\377\0003\000.\0002\000.\0002\000.\0001\000\040\000A\176\304}{subsection.3.2.2}% 113
\BOOKMARK [3][]{subsubsection.3.2.2.2}{\376\377\0003\000.\0002\000.\0002\000.\0002\000\040\000B\176\304}{subsection.3.2.2}% 114
\BOOKMARK [2][]{subsection.3.2.3}{\376\377\0003\000.\0002\000.\0003\000\040\173\054\116\011\202\202\116\140\230\230\377\032\120\117\133\374\145\160\116\016\121\150\137\256\122\006}{section.3.2}% 115
\BOOKMARK [3][]{subsubsection.3.2.3.1}{\376\377\0003\000.\0002\000.\0003\000.\0001\000\040\000A\176\304}{subsection.3.2.3}% 116
\BOOKMARK [3][]{subsubsection.3.2.3.2}{\376\377\0003\000.\0002\000.\0003\000.\0002\000\040\000B\176\304}{subsection.3.2.3}% 117
\BOOKMARK [2][]{subsection.3.2.4}{\376\377\0003\000.\0002\000.\0004\000\040\173\054\126\333\202\202\116\140\230\230\377\032\124\021\221\317\120\074\121\375\145\160\123\312\121\166\137\256\122\006}{section.3.2}% 118
\BOOKMARK [2][]{subsection.3.2.5}{\376\377\0003\000.\0002\000.\0005\000\040\173\054\116\224\202\202\116\140\230\230\377\032\131\015\124\010\121\375\145\160\166\204\154\102\133\374\154\325\122\031}{section.3.2}% 119
\BOOKMARK [3][]{subsubsection.3.2.5.1}{\376\377\0003\000.\0002\000.\0005\000.\0001\000\040\000A\176\304}{subsection.3.2.5}% 120
\BOOKMARK [3][]{subsubsection.3.2.5.2}{\376\377\0003\000.\0002\000.\0005\000.\0002\000\040\000B\176\304}{subsection.3.2.5}% 121
\BOOKMARK [2][]{subsection.3.2.6}{\376\377\0003\000.\0002\000.\0006\000\040\173\054\121\155\202\202\116\140\230\230\377\032\150\257\136\246\116\016\145\271\124\021\133\374\145\160}{section.3.2}% 122
\BOOKMARK [3][]{subsubsection.3.2.6.1}{\376\377\0003\000.\0002\000.\0006\000.\0001\000\040\000A\176\304}{subsection.3.2.6}% 123
\BOOKMARK [3][]{subsubsection.3.2.6.2}{\376\377\0003\000.\0002\000.\0006\000.\0002\000\040\000B\176\304}{subsection.3.2.6}% 124
\BOOKMARK [2][]{subsection.3.2.7}{\376\377\0003\000.\0002\000.\0007\000\040\173\054\116\003\202\202\116\140\230\230\377\032\226\220\121\375\145\160\137\256\122\006\154\325}{section.3.2}% 125
\BOOKMARK [2][]{subsection.3.2.8}{\376\377\0003\000.\0002\000.\0008\000\040\173\054\121\153\202\202\116\140\230\230\377\032\000T\000a\000y\000l\000o\000r\000\040\121\154\137\017}{section.3.2}% 126
\BOOKMARK [3][]{subsubsection.3.2.8.1}{\376\377\0003\000.\0002\000.\0008\000.\0001\000\040\000A\176\304}{subsection.3.2.8}% 127
\BOOKMARK [3][]{subsubsection.3.2.8.2}{\376\377\0003\000.\0002\000.\0008\000.\0002\000\040\000B\176\304}{subsection.3.2.8}% 128
\BOOKMARK [2][]{subsection.3.2.9}{\376\377\0003\000.\0002\000.\0009\000\040\173\054\116\135\202\202\116\140\230\230\377\032\120\117\133\374\145\160\127\050\121\340\117\125\116\012\166\204\136\224\165\050}{section.3.2}% 129
\BOOKMARK [3][]{subsubsection.3.2.9.1}{\376\377\0003\000.\0002\000.\0009\000.\0001\000\040\000A\176\304}{subsection.3.2.9}% 130
\BOOKMARK [3][]{subsubsection.3.2.9.2}{\376\377\0003\000.\0002\000.\0009\000.\0002\000\040\000B\176\304}{subsection.3.2.9}% 131
\BOOKMARK [2][]{subsection.3.2.10}{\376\377\0003\000.\0002\000.\0001\0000\000\040\173\054\123\101\202\202\116\140\230\230\377\032\145\340\176\246\147\137\166\204\147\000\117\030\123\026\225\356\230\230}{section.3.2}% 132
\BOOKMARK [2][]{subsection.3.2.11}{\376\377\0003\000.\0002\000.\0001\0001\000\040\173\054\123\101\116\000\202\202\116\140\230\230\377\032\176\246\147\137\147\000\117\030\123\026\225\356\230\230}{section.3.2}% 133
\BOOKMARK [3][]{subsubsection.3.2.11.1}{\376\377\0003\000.\0002\000.\0001\0001\000.\0001\000\040\000A\176\304}{subsection.3.2.11}% 134
\BOOKMARK [3][]{subsubsection.3.2.11.2}{\376\377\0003\000.\0002\000.\0001\0001\000.\0002\000\040\000B\176\304}{subsection.3.2.11}% 135
\BOOKMARK [2][]{subsection.3.2.12}{\376\377\0003\000.\0002\000.\0001\0002\000\040\173\054\123\101\116\214\202\202\116\140\230\230\377\032\120\117\133\374\145\160\127\050\120\117\137\256\122\006\145\271\172\013\116\055\166\204\136\224\165\050}{section.3.2}% 136
\BOOKMARK [2][]{subsection.3.2.13}{\376\377\0003\000.\0002\000.\0001\0003\000\040\147\054\172\340\140\073\116\140\230\230}{section.3.2}% 137
\BOOKMARK [0][]{chapter.4}{\376\377\0004\000\040\221\315\171\357\122\006}{}% 138
\BOOKMARK [1][]{section.4.1}{\376\377\0004\000.\0001\000\040\167\345\213\306\213\262\211\343}{chapter.4}% 139
\BOOKMARK [2][]{subsection.4.1.1}{\376\377\0004\000.\0001\000.\0001\000\040\116\214\221\315\171\357\122\006\127\372\170\100\116\023\230\230\377\032\151\202\137\365\060\001\140\047\215\050\116\016\123\072\127\337\213\355\212\000}{section.4.1}% 140
\BOOKMARK [3][]{subsubsection.4.1.1.1}{\376\377\0004\000.\0001\000.\0001\000.\0001\000\040\116\214\221\315\171\357\122\006\166\204\116\045\150\074\133\232\116\111\124\214\221\315\211\201\140\047\215\050}{subsection.4.1.1}% 141
\BOOKMARK [3][]{subsubsection.4.1.1.2}{\376\377\0004\000.\0001\000.\0001\000.\0002\000\040\123\357\171\357\140\047\060\001\121\340\117\125\141\017\116\111\116\016\117\060\120\074}{subsection.4.1.1}% 142
\BOOKMARK [2][]{subsection.4.1.2}{\376\377\0004\000.\0001\000.\0002\000\040\116\214\221\315\171\357\122\006\213\241\173\227\116\023\230\230\377\032\175\057\153\041\171\357\122\006\060\001\143\142\136\217\116\016\147\201\127\120\150\007}{section.4.1}% 143
\BOOKMARK [3][]{subsubsection.4.1.2.1}{\376\377\0004\000.\0001\000.\0002\000.\0001\000\040\167\351\137\142\123\072\127\337\116\012\166\204\116\214\221\315\171\357\122\006}{subsection.4.1.2}% 144
\BOOKMARK [3][]{subsubsection.4.1.2.2}{\376\377\0004\000.\0001\000.\0002\000.\0002\000\040\116\000\202\054\123\072\127\337\116\012\166\204\116\214\221\315\171\357\122\006\377\032\000X\127\213\116\016\000Y\127\213\123\072\127\337}{subsection.4.1.2}% 145
\BOOKMARK [3][]{subsubsection.4.1.2.3}{\376\377\0004\000.\0001\000.\0002\000.\0003\000\040\166\364\211\322\127\120\150\007\174\373\116\013\166\204\213\241\173\227\203\003\117\213}{subsection.4.1.2}% 146
\BOOKMARK [3][]{subsubsection.4.1.2.4}{\376\377\0004\000.\0001\000.\0002\000.\0004\000\040\116\214\221\315\171\357\122\006\166\204\116\000\202\054\143\142\121\103\154\325}{subsection.4.1.2}% 147
\BOOKMARK [2][]{subsection.4.1.3}{\376\377\0004\000.\0001\000.\0003\000\040\136\177\116\111\221\315\171\357\122\006\116\023\230\230\377\032\145\340\165\114\123\072\127\337\116\016\123\315\136\070\140\047\122\044\145\255}{section.4.1}% 148
\BOOKMARK [2][]{subsection.4.1.4}{\376\377\0004\000.\0001\000.\0004\000\040\116\011\221\315\171\357\122\006\116\023\230\230\377\032\166\364\211\322\127\120\150\007\060\001\147\361\127\120\150\007\116\016\164\003\127\120\150\007}{section.4.1}% 149
\BOOKMARK [3][]{subsubsection.4.1.4.1}{\376\377\0004\000.\0001\000.\0004\000.\0001\000\040\122\051\165\050\166\364\211\322\127\120\150\007\174\373\213\241\173\227\116\011\221\315\171\357\122\006}{subsection.4.1.4}% 150
\BOOKMARK [3][]{subsubsection.4.1.4.2}{\376\377\0004\000.\0001\000.\0004\000.\0002\000\040\116\011\221\315\171\357\122\006\166\204\143\142\121\103\154\325}{subsection.4.1.4}% 151
\BOOKMARK [1][]{section.4.2}{\376\377\0004\000.\0002\000\040\116\140\230\230}{chapter.4}% 152
\BOOKMARK [2][]{subsection.4.2.1}{\376\377\0004\000.\0002\000.\0001\000\040\173\054\116\000\202\202\116\140\230\230\377\032\116\214\221\315\171\357\122\006\166\204\151\202\137\365\116\016\140\047\215\050}{section.4.2}% 153
\BOOKMARK [3][]{subsubsection.4.2.1.1}{\376\377\0004\000.\0002\000.\0001\000.\0001\000\040\000A\176\304}{subsection.4.2.1}% 154
\BOOKMARK [3][]{subsubsection.4.2.1.2}{\376\377\0004\000.\0002\000.\0001\000.\0002\000\040\000B\176\304}{subsection.4.2.1}% 155
\BOOKMARK [2][]{subsection.4.2.2}{\376\377\0004\000.\0002\000.\0002\000\040\173\054\116\214\202\202\116\140\230\230\377\032\166\364\211\322\127\120\150\007\174\373\116\013\116\214\221\315\171\357\122\006\166\204\213\241\173\227}{section.4.2}% 156
\BOOKMARK [3][]{subsubsection.4.2.2.1}{\376\377\0004\000.\0002\000.\0002\000.\0001\000\040\000A\176\304}{subsection.4.2.2}% 157
\BOOKMARK [3][]{subsubsection.4.2.2.2}{\376\377\0004\000.\0002\000.\0002\000.\0002\000\040\000B\176\304}{subsection.4.2.2}% 158
\BOOKMARK [2][]{subsection.4.2.3}{\376\377\0004\000.\0002\000.\0003\000\040\173\054\116\011\202\202\116\140\230\230\377\032\145\340\165\114\123\072\127\337\116\012\166\204\136\177\116\111\116\214\221\315\171\357\122\006}{section.4.2}% 159
\BOOKMARK [2][]{subsection.4.2.4}{\376\377\0004\000.\0002\000.\0004\000\040\173\054\126\333\202\202\116\140\230\230\377\032\116\011\221\315\171\357\122\006}{section.4.2}% 160
\BOOKMARK [3][]{subsubsection.4.2.4.1}{\376\377\0004\000.\0002\000.\0004\000.\0001\000\040\000A\176\304}{subsection.4.2.4}% 161
\BOOKMARK [3][]{subsubsection.4.2.4.2}{\376\377\0004\000.\0002\000.\0004\000.\0002\000\040\000B\176\304}{subsection.4.2.4}% 162
\BOOKMARK [2][]{subsection.4.2.5}{\376\377\0004\000.\0002\000.\0005\000\040\173\054\116\224\202\202\116\140\230\230\377\032\221\315\171\357\122\006\166\204\136\224\165\050}{section.4.2}% 163
\BOOKMARK [3][]{subsubsection.4.2.5.1}{\376\377\0004\000.\0002\000.\0005\000.\0001\000\040\000A\176\304}{subsection.4.2.5}% 164
\BOOKMARK [3][]{subsubsection.4.2.5.2}{\376\377\0004\000.\0002\000.\0005\000.\0002\000\040\000B\176\304}{subsection.4.2.5}% 165
\BOOKMARK [2][]{subsection.4.2.6}{\376\377\0004\000.\0002\000.\0006\000\040\147\054\172\340\140\073\116\140\230\230}{section.4.2}% 166
\BOOKMARK [0][]{chapter.5}{\376\377\0005\000\040\146\362\176\277\171\357\122\006\116\016\146\362\227\142\171\357\122\006}{}% 167
\BOOKMARK [1][]{section.5.1}{\376\377\0005\000.\0001\000\040\167\345\213\306\213\262\211\343}{chapter.5}% 168
\BOOKMARK [2][]{subsection.5.1.1}{\376\377\0005\000.\0001\000.\0001\000\040\140\073\215\357\176\277\377\032\121\110\213\306\122\053\133\371\214\141\377\014\121\215\167\013\176\323\147\204\377\014\121\215\220\011\135\345\121\167}{section.5.1}% 169
\BOOKMARK [3][]{subsubsection.5.1.1.1}{\376\377\0005\000.\0001\000.\0001\000.\0001\000\040\213\306\122\053\133\371\214\141\377\032\126\333\174\173\171\357\122\006\116\016\133\371\136\224\137\256\121\103}{subsection.5.1.1}% 170
\BOOKMARK [3][]{subsubsection.5.1.1.2}{\376\377\0005\000.\0001\000.\0001\000.\0002\000\040\176\323\147\204\377\032\145\271\124\021\060\001\225\355\124\010\060\001\217\271\165\114\116\016\131\107\160\271}{subsection.5.1.1}% 171
\BOOKMARK [3][]{subsubsection.5.1.1.3}{\376\377\0005\000.\0001\000.\0001\000.\0003\000\040\220\011\135\345\121\167\377\032\176\323\147\204\121\154\137\017\121\110\116\216\213\241\173\227\215\357\176\277}{subsection.5.1.1}% 172
\BOOKMARK [2][]{subsection.5.1.2}{\376\377\0005\000.\0001\000.\0002\000\040\173\054\116\000\174\173\146\362\176\277\171\357\122\006\116\016\137\047\225\177\121\103}{section.5.1}% 173
\BOOKMARK [2][]{subsection.5.1.3}{\376\377\0005\000.\0001\000.\0003\000\040\173\054\116\000\174\173\146\362\227\142\171\357\122\006\116\016\227\142\171\357\121\103}{section.5.1}% 174
\BOOKMARK [2][]{subsection.5.1.4}{\376\377\0005\000.\0001\000.\0004\000\040\173\054\116\214\174\173\146\362\176\277\171\357\122\006\116\016\163\257\221\317}{section.5.1}% 175
\BOOKMARK [2][]{subsection.5.1.5}{\376\377\0005\000.\0001\000.\0005\000\040\173\054\116\214\174\173\146\362\176\277\171\357\122\006\377\032\117\335\133\210\127\072\060\001\000G\000r\000e\000e\000n\060\001\000S\000t\000o\000k\000e\000s}{section.5.1}% 176
\BOOKMARK [3][]{subsubsection.5.1.5.1}{\376\377\0005\000.\0001\000.\0005\000.\0001\000\040\137\000\146\362\176\277\377\032\117\335\133\210\127\072\060\001\122\277\121\375\145\160\116\016\215\357\137\204\145\340\121\163}{subsection.5.1.5}% 177
\BOOKMARK [3][]{subsubsection.5.1.5.2}{\376\377\0005\000.\0001\000.\0005\000.\0002\000\040\000G\000r\000e\000e\000n\000\040\121\154\137\017\060\001\116\214\176\364\000G\000r\000e\000e\000n\173\054\116\000\173\054\116\214\121\154\137\017}{subsection.5.1.5}% 178
\BOOKMARK [3][]{subsubsection.5.1.5.3}{\376\377\0005\000.\0001\000.\0005\000.\0003\000\040\172\172\225\364\225\355\146\362\176\277\377\032\000S\000t\000o\000k\000e\000s\000\040\121\154\137\017\116\016\143\142\227\142}{subsection.5.1.5}% 179
\BOOKMARK [2][]{subsection.5.1.6}{\376\377\0005\000.\0001\000.\0006\000\040\173\054\116\214\174\173\146\362\227\142\171\357\122\006\116\016\220\032\221\317}{section.5.1}% 180
\BOOKMARK [2][]{subsection.5.1.7}{\376\377\0005\000.\0001\000.\0007\000\040\173\054\116\214\174\173\146\362\227\142\171\357\122\006\377\032\142\225\137\161\060\001\134\001\123\343\060\001\000G\000a\000u\000s\000s}{section.5.1}% 181
\BOOKMARK [3][]{subsubsection.5.1.7.1}{\376\377\0005\000.\0001\000.\0007\000.\0001\000\040\000G\000a\000u\000s\000s\000\040\121\154\137\017\377\032\134\001\123\343\154\325\166\204\117\235\143\156}{subsection.5.1.7}% 182
\BOOKMARK [3][]{subsubsection.5.1.7.2}{\376\377\0005\000.\0001\000.\0007\000.\0002\000\040\116\011\176\364\000G\000r\000e\000e\000n\173\054\116\000\173\054\116\214\121\154\137\017}{subsection.5.1.7}% 183
\BOOKMARK [3][]{subsubsection.5.1.7.3}{\376\377\0005\000.\0001\000.\0007\000.\0003\000\040\137\000\146\362\227\142\166\204\134\001\123\343\116\016\210\145\227\142}{subsection.5.1.7}% 184
\BOOKMARK [1][]{section.5.2}{\376\377\0005\000.\0002\000\040\116\140\230\230}{chapter.5}% 185
\BOOKMARK [2][]{subsection.5.2.1}{\376\377\0005\000.\0002\000.\0001\000\040\173\054\116\000\202\202\116\140\230\230\377\032\173\054\116\000\174\173\146\362\176\277\171\357\122\006}{section.5.2}% 186
\BOOKMARK [3][]{subsubsection.5.2.1.1}{\376\377\0005\000.\0002\000.\0001\000.\0001\000\040\000A\176\304}{subsection.5.2.1}% 187
\BOOKMARK [3][]{subsubsection.5.2.1.2}{\376\377\0005\000.\0002\000.\0001\000.\0002\000\040\000B\176\304}{subsection.5.2.1}% 188
\BOOKMARK [2][]{subsection.5.2.2}{\376\377\0005\000.\0002\000.\0002\000\040\173\054\116\214\202\202\116\140\230\230\377\032\173\054\116\214\174\173\146\362\176\277\171\357\122\006}{section.5.2}% 189
\BOOKMARK [3][]{subsubsection.5.2.2.1}{\376\377\0005\000.\0002\000.\0002\000.\0001\000\040\000A\176\304}{subsection.5.2.2}% 190
\BOOKMARK [3][]{subsubsection.5.2.2.2}{\376\377\0005\000.\0002\000.\0002\000.\0002\000\040\000B\176\304}{subsection.5.2.2}% 191
\BOOKMARK [2][]{subsection.5.2.3}{\376\377\0005\000.\0002\000.\0003\000\040\173\054\116\011\202\202\116\140\230\230\377\032\173\054\116\000\174\173\146\362\227\142\171\357\122\006}{section.5.2}% 192
\BOOKMARK [3][]{subsubsection.5.2.3.1}{\376\377\0005\000.\0002\000.\0003\000.\0001\000\040\000A\176\304}{subsection.5.2.3}% 193
\BOOKMARK [3][]{subsubsection.5.2.3.2}{\376\377\0005\000.\0002\000.\0003\000.\0002\000\040\000B\176\304}{subsection.5.2.3}% 194
\BOOKMARK [2][]{subsection.5.2.4}{\376\377\0005\000.\0002\000.\0004\000\040\173\054\126\333\202\202\116\140\230\230\377\032\173\054\116\214\174\173\146\362\227\142\171\357\122\006}{section.5.2}% 195
\BOOKMARK [3][]{subsubsection.5.2.4.1}{\376\377\0005\000.\0002\000.\0004\000.\0001\000\040\000A\176\304}{subsection.5.2.4}% 196
\BOOKMARK [3][]{subsubsection.5.2.4.2}{\376\377\0005\000.\0002\000.\0004\000.\0002\000\040\000B\176\304}{subsection.5.2.4}% 197
\BOOKMARK [2][]{subsection.5.2.5}{\376\377\0005\000.\0002\000.\0005\000\040\173\054\116\224\202\202\116\140\230\230\377\032\150\074\147\227\121\154\137\017\123\312\121\166\136\224\165\050}{section.5.2}% 198
\BOOKMARK [3][]{subsubsection.5.2.5.1}{\376\377\0005\000.\0002\000.\0005\000.\0001\000\040\000A\176\304}{subsection.5.2.5}% 199
\BOOKMARK [3][]{subsubsection.5.2.5.2}{\376\377\0005\000.\0002\000.\0005\000.\0002\000\040\000B\176\304}{subsection.5.2.5}% 200
\BOOKMARK [2][]{subsection.5.2.6}{\376\377\0005\000.\0002\000.\0006\000\040\173\054\121\155\202\202\116\140\230\230\377\032\117\335\133\210\127\072\116\016\122\277\121\375\145\160}{section.5.2}% 201
\BOOKMARK [3][]{subsubsection.5.2.6.1}{\376\377\0005\000.\0002\000.\0006\000.\0001\000\040\000A\176\304}{subsection.5.2.6}% 202
\BOOKMARK [3][]{subsubsection.5.2.6.2}{\376\377\0005\000.\0002\000.\0006\000.\0002\000\040\000B\176\304}{subsection.5.2.6}% 203
\BOOKMARK [2][]{subsection.5.2.7}{\376\377\0005\000.\0002\000.\0007\000\040\173\054\116\003\202\202\116\140\230\230\377\032\145\143\136\246\124\214\000G\000a\000u\000s\000s\121\154\137\017}{section.5.2}% 204
\BOOKMARK [3][]{subsubsection.5.2.7.1}{\376\377\0005\000.\0002\000.\0007\000.\0001\000\040\000A\176\304}{subsection.5.2.7}% 205
\BOOKMARK [3][]{subsubsection.5.2.7.2}{\376\377\0005\000.\0002\000.\0007\000.\0002\000\040\000B\176\304}{subsection.5.2.7}% 206
\BOOKMARK [2][]{subsection.5.2.8}{\376\377\0005\000.\0002\000.\0008\000\040\173\054\121\153\202\202\116\140\230\230\377\032\145\313\136\246\124\214\000S\000t\000o\000k\000e\000s\121\154\137\017}{section.5.2}% 207
\BOOKMARK [3][]{subsubsection.5.2.8.1}{\376\377\0005\000.\0002\000.\0008\000.\0001\000\040\000A\176\304}{subsection.5.2.8}% 208
\BOOKMARK [3][]{subsubsection.5.2.8.2}{\376\377\0005\000.\0002\000.\0008\000.\0002\000\040\000B\176\304}{subsection.5.2.8}% 209
\BOOKMARK [2][]{subsection.5.2.9}{\376\377\0005\000.\0002\000.\0009\000\040\173\054\116\135\202\202\116\140\230\230\377\032\150\257\136\246\173\227\133\120}{section.5.2}% 210
\BOOKMARK [2][]{subsection.5.2.10}{\376\377\0005\000.\0002\000.\0001\0000\000\040\147\054\172\340\140\073\116\140\230\230}{section.5.2}% 211
\BOOKMARK [3][]{subsubsection.5.2.10.1}{\376\377\0005\000.\0002\000.\0001\0000\000.\0001\000\040\210\145\121\105\230\230\166\356}{subsection.5.2.10}% 212
\BOOKMARK [0][]{chapter.6}{\376\377\0006\000\040\176\247\145\160}{}% 213
\BOOKMARK [1][]{section.6.1}{\376\377\0006\000.\0001\000\040\167\345\213\306\213\262\211\343}{chapter.6}% 214
\BOOKMARK [2][]{subsection.6.1.1}{\376\377\0006\000.\0001\000.\0001\000\040\145\160\230\171\176\247\145\160\122\044\145\133\377\032\133\232\164\006\117\235\143\156\060\001\136\070\211\301\226\066\116\016\117\060\226\066\145\271\154\325}{section.6.1}% 215
\BOOKMARK [3][]{subsubsection.6.1.1.1}{\376\377\0006\000.\0001\000.\0001\000.\0001\000\040\122\044\145\066\145\133\166\204\133\232\164\006\117\235\143\156}{subsection.6.1.1}% 216
\BOOKMARK [3][]{subsubsection.6.1.1.2}{\376\377\0006\000.\0001\000.\0001\000.\0002\000\040\136\070\211\301\226\066\174\173\127\213\116\016\145\133\145\143\176\323\213\272}{subsection.6.1.1}% 217
\BOOKMARK [3][]{subsubsection.6.1.1.3}{\376\377\0006\000.\0001\000.\0001\000.\0003\000\040\140\016\150\067\117\060\226\066\377\032\142\212\230\230\166\356\220\001\126\336\150\007\121\306\152\041\127\213}{subsection.6.1.1}% 218
\BOOKMARK [3][]{subsubsection.6.1.1.4}{\376\377\0006\000.\0001\000.\0001\000.\0004\000\040\173\046\123\367\121\163\377\032\176\335\133\371\145\066\145\133\131\061\215\045\124\016\121\215\167\013\116\244\225\031\116\016\147\141\116\366\145\066\145\133}{subsection.6.1.1}% 219
\BOOKMARK [2][]{subsection.6.1.2}{\376\377\0006\000.\0001\000.\0002\000\040\145\160\230\171\176\247\145\160\166\204\154\102\124\214\060\001\147\204\220\040\116\016\124\010\154\325\217\320\173\227}{section.6.1}% 220
\BOOKMARK [3][]{subsubsection.6.1.2.1}{\376\377\0006\000.\0001\000.\0002\000.\0001\000\040\210\302\230\171\060\001\121\340\117\125\142\306\122\006\116\016\147\204\220\040}{subsection.6.1.2}% 221
\BOOKMARK [3][]{subsubsection.6.1.2.2}{\376\377\0006\000.\0001\000.\0002\000.\0002\000\040\145\066\145\133\124\016\166\204\124\010\154\325\217\320\173\227\377\032\153\143\215\037\220\350\122\006\060\001\221\315\143\222\116\016\000\040\000C\000a\000u\000c\000h\000y\000\040\116\130\171\357}{subsection.6.1.2}% 222
\BOOKMARK [3][]{subsubsection.6.1.2.3}{\376\377\0006\000.\0001\000.\0002\000.\0003\000\040\164\006\213\272\210\145\121\105\377\032\000C\000a\000u\000c\000h\000y\000\040\121\306\122\031\060\001\176\277\140\047\116\016\122\006\176\304}{subsection.6.1.2}% 223
\BOOKMARK [2][]{subsection.6.1.3}{\376\377\0006\000.\0001\000.\0003\000\040\121\375\145\160\230\171\176\247\145\160\116\023\230\230\377\032\220\020\160\271\145\066\145\133\060\001\116\000\201\364\145\066\145\133\116\016\116\244\143\142\133\232\164\006}{section.6.1}% 224
\BOOKMARK [3][]{subsubsection.6.1.3.1}{\376\377\0006\000.\0001\000.\0003\000.\0001\000\040\121\375\145\160\230\171\176\247\145\160\116\016\124\214\121\375\145\160}{subsection.6.1.3}% 225
\BOOKMARK [3][]{subsubsection.6.1.3.2}{\376\377\0006\000.\0001\000.\0003\000.\0002\000\040\116\000\201\364\145\066\145\133\166\204\133\232\116\111\116\016\122\044\122\053}{subsection.6.1.3}% 226
\BOOKMARK [3][]{subsubsection.6.1.3.3}{\376\377\0006\000.\0001\000.\0003\000.\0003\000\040\116\000\201\364\145\066\145\133\166\204\140\047\215\050}{subsection.6.1.3}% 227
\BOOKMARK [3][]{subsubsection.6.1.3.4}{\376\377\0006\000.\0001\000.\0003\000.\0004\000\040\121\170\127\213\117\213\230\230\377\032\116\000\201\364\145\066\145\133\116\016\116\244\143\142\133\232\164\006}{subsection.6.1.3}% 228
\BOOKMARK [2][]{subsection.6.1.4}{\376\377\0006\000.\0001\000.\0004\000\040\136\102\176\247\145\160\116\023\230\230\377\032\145\066\145\133\123\112\137\204\060\001\172\357\160\271\116\016\124\214\121\375\145\160}{section.6.1}% 229
\BOOKMARK [3][]{subsubsection.6.1.4.1}{\376\377\0006\000.\0001\000.\0004\000.\0001\000\040\136\102\176\247\145\160\116\016\145\066\145\133\123\112\137\204}{subsection.6.1.4}% 230
\BOOKMARK [3][]{subsubsection.6.1.4.2}{\376\377\0006\000.\0001\000.\0004\000.\0002\000\040\124\214\121\375\145\160\166\204\140\047\215\050}{subsection.6.1.4}% 231
\BOOKMARK [3][]{subsubsection.6.1.4.3}{\376\377\0006\000.\0001\000.\0004\000.\0003\000\040\121\170\127\213\117\213\230\230\377\032\145\066\145\133\123\112\137\204\116\016\124\214\121\375\145\160}{subsection.6.1.4}% 232
\BOOKMARK [2][]{subsection.6.1.5}{\376\377\0006\000.\0001\000.\0005\000\040\154\360\122\322\134\125\137\000\116\023\230\230\377\032\176\317\121\170\134\125\137\000\060\001\117\131\230\171\116\016\136\224\165\050}{section.6.1}% 233
\BOOKMARK [3][]{subsubsection.6.1.5.1}{\376\377\0006\000.\0001\000.\0005\000.\0001\000\040\000T\000a\000y\000l\000o\000r\000\040\176\247\145\160\116\016\000\040\000M\000a\000c\000l\000a\000u\000r\000i\000n\000\040\176\247\145\160}{subsection.6.1.5}% 234
\BOOKMARK [3][]{subsubsection.6.1.5.2}{\376\377\0006\000.\0001\000.\0005\000.\0002\000\040\121\170\127\213\134\125\137\000\377\032\127\372\170\100\121\375\145\160\116\016\143\142\116\055\137\303}{subsection.6.1.5}% 235
\BOOKMARK [2][]{subsection.6.1.6}{\376\377\0006\000.\0001\000.\0006\000\040\120\205\221\314\123\366\134\125\137\000\116\023\230\230\116\000\377\032\124\150\147\037\121\375\145\160\166\204\116\011\211\322\176\247\145\160}{section.6.1}% 236
\BOOKMARK [3][]{subsubsection.6.1.6.1}{\376\377\0006\000.\0001\000.\0006\000.\0001\000\040\116\011\211\322\176\247\145\160\060\001\153\143\116\244\140\047\116\016\174\373\145\160\121\154\137\017}{subsection.6.1.6}% 237
\BOOKMARK [2][]{subsection.6.1.7}{\376\377\0006\000.\0001\000.\0007\000\040\120\205\221\314\123\366\134\125\137\000\116\023\230\230\116\214\377\032\123\112\123\072\225\364\060\001\116\373\141\017\123\072\225\364\116\016\177\051\145\076}{section.6.1}% 238
\BOOKMARK [3][]{subsubsection.6.1.7.1}{\376\377\0006\000.\0001\000.\0007\000.\0001\000\040\124\150\147\037\136\366\142\323\060\001\123\112\123\072\225\364\134\125\137\000\116\016\123\072\225\364\177\051\145\076}{subsection.6.1.7}% 239
\BOOKMARK [3][]{subsubsection.6.1.7.2}{\376\377\0006\000.\0001\000.\0007\000.\0002\000\040\121\170\127\213\134\125\137\000\377\032\123\112\123\072\225\364\116\016\123\072\225\364\177\051\145\076}{subsection.6.1.7}% 240
\BOOKMARK [2][]{subsection.6.1.8}{\376\377\0006\000.\0001\000.\0008\000\040\120\205\221\314\123\366\134\125\137\000\116\023\230\230\116\011\377\032\131\015\145\160\137\142\137\017\116\016\174\373\145\160\116\222\123\026}{section.6.1}% 241
\BOOKMARK [3][]{subsubsection.6.1.8.1}{\376\377\0006\000.\0001\000.\0008\000.\0001\000\040\131\015\145\160\137\142\137\017\116\016\131\015\174\373\145\160\121\154\137\017}{subsection.6.1.8}% 242
\BOOKMARK [3][]{subsubsection.6.1.8.2}{\376\377\0006\000.\0001\000.\0008\000.\0002\000\040\121\170\127\213\134\125\137\000\377\032\131\015\120\205\221\314\123\366\176\247\145\160}{subsection.6.1.8}% 243
\BOOKMARK [1][]{section.6.2}{\376\377\0006\000.\0002\000\040\116\140\230\230}{chapter.6}% 244
\BOOKMARK [2][]{subsection.6.2.1}{\376\377\0006\000.\0002\000.\0001\000\040\173\054\116\000\202\202\116\140\230\230\377\032\145\160\230\171\176\247\145\160\166\204\145\066\145\133\116\016\123\321\145\143}{section.6.2}% 245
\BOOKMARK [2][]{subsection.6.2.2}{\376\377\0006\000.\0002\000.\0002\000\040\173\054\116\214\202\202\116\140\230\230\377\032\153\143\230\171\176\247\145\160}{section.6.2}% 246
\BOOKMARK [2][]{subsection.6.2.3}{\376\377\0006\000.\0002\000.\0003\000\040\173\054\116\011\202\202\116\140\230\230\377\032\116\000\202\054\176\247\145\160}{section.6.2}% 247
\BOOKMARK [2][]{subsection.6.2.4}{\376\377\0006\000.\0002\000.\0004\000\040\173\054\126\333\202\202\116\140\230\230\377\032\121\375\145\160\230\171\176\247\145\160\166\204\127\372\147\054\151\202\137\365}{section.6.2}% 248
\BOOKMARK [2][]{subsection.6.2.5}{\376\377\0006\000.\0002\000.\0005\000\040\173\054\116\224\202\202\116\140\230\230\377\032\136\102\176\247\145\160\123\312\121\166\145\066\145\133\140\047}{section.6.2}% 249
\BOOKMARK [2][]{subsection.6.2.6}{\376\377\0006\000.\0002\000.\0006\000\040\173\054\121\155\202\202\116\140\230\230\377\032\154\360\122\322\176\247\145\160}{section.6.2}% 250
\BOOKMARK [2][]{subsection.6.2.7}{\376\377\0006\000.\0002\000.\0007\000\040\173\054\116\003\202\202\116\140\230\230\377\032\124\150\147\037\121\375\145\160\166\204\120\205\221\314\123\366\176\247\145\160}{section.6.2}% 251
\BOOKMARK [2][]{subsection.6.2.8}{\376\377\0006\000.\0002\000.\0008\000\040\173\054\121\153\202\202\116\140\230\230\377\032\116\373\141\017\123\072\225\364\116\012\166\204\120\205\221\314\123\366\176\247\145\160}{section.6.2}% 252
\BOOKMARK [2][]{subsection.6.2.9}{\376\377\0006\000.\0002\000.\0009\000\040\173\054\116\135\202\202\116\140\230\230\377\032\120\205\221\314\123\366\176\247\145\160\166\204\131\015\145\160\137\142\137\017}{section.6.2}% 253
\BOOKMARK [2][]{subsection.6.2.10}{\376\377\0006\000.\0002\000.\0001\0000\000\040\147\054\172\340\140\073\116\140\230\230}{section.6.2}% 254
\BOOKMARK [0][]{chapter.7}{\376\377\0007\000\040\137\200\136\164\167\037\230\230\145\164\164\006}{}% 255
\BOOKMARK [1][]{section.7.1}{\376\377\0007\000.\0001\000\040\0002\0000\0000\0006\040\023\0002\0000\0000\0007\000\040\173\054\116\214\133\146\147\037\000\040\000A\000\040\123\167}{chapter.7}% 256
\BOOKMARK [1][]{section.7.2}{\376\377\0007\000.\0002\000\040\0002\0000\0000\0006\040\023\0002\0000\0000\0007\000\040\173\054\116\214\133\146\147\037\000\040\000B\000\040\123\167}{chapter.7}% 257
\BOOKMARK [1][]{section.7.3}{\376\377\0007\000.\0003\000\040\0002\0000\0000\0007\040\023\0002\0000\0000\0008\000\040\173\054\116\214\133\146\147\037\000\040\000A\000\040\123\167}{chapter.7}% 258
\BOOKMARK [1][]{section.7.4}{\376\377\0007\000.\0004\000\040\0002\0000\0000\0009\176\247\135\345\171\321\145\160\133\146\122\006\147\220\116\013\000\040\000A\123\167}{chapter.7}% 259
\BOOKMARK [1][]{section.7.5}{\376\377\0007\000.\0005\000\040\0002\0000\0000\0009\176\247\135\345\171\321\145\160\133\146\122\006\147\220\116\013\000\040\000B\123\167}{chapter.7}% 260
\BOOKMARK [1][]{section.7.6}{\376\377\0007\000.\0006\000\040\0002\0000\0001\0002\176\247\135\345\171\321\145\160\133\146\122\006\147\220\116\013\000\040\000A\123\167}{chapter.7}% 261
\BOOKMARK [1][]{section.7.7}{\376\377\0007\000.\0007\000\040\0002\0000\0001\0002\176\247\135\345\171\321\145\160\133\146\122\006\147\220\116\013\000\040\000B\123\167}{chapter.7}% 262
\BOOKMARK [1][]{section.7.8}{\376\377\0007\000.\0008\000\040\0002\0000\0001\0003\176\247\135\345\171\321\145\160\133\146\122\006\147\220\116\013\000\040\000A\123\167}{chapter.7}% 263
\BOOKMARK [1][]{section.7.9}{\376\377\0007\000.\0009\000\040\0002\0000\0001\0003\176\247\135\345\171\321\145\160\133\146\122\006\147\220\116\013\000\040\000B\123\167}{chapter.7}% 264
\BOOKMARK [1][]{section.7.10}{\376\377\0007\000.\0001\0000\000\040\0002\0000\0001\0004\176\247\135\345\171\321\145\160\133\146\122\006\147\220\116\013\000\040\000A\123\167}{chapter.7}% 265
\BOOKMARK [1][]{section.7.11}{\376\377\0007\000.\0001\0001\000\040\0002\0000\0001\0004\176\247\135\345\171\321\145\160\133\146\122\006\147\220\116\013\000\040\000B\123\167}{chapter.7}% 266
\BOOKMARK [1][]{section.7.12}{\376\377\0007\000.\0001\0002\000\040\0002\0000\0001\0005\176\247\135\345\171\321\145\160\133\146\122\006\147\220\116\013\000\040\000A\123\167}{chapter.7}% 267
\BOOKMARK [1][]{section.7.13}{\376\377\0007\000.\0001\0003\000\040\0002\0000\0001\0005\176\247\135\345\171\321\145\160\133\146\122\006\147\220\116\013\000\040\000B\123\167}{chapter.7}% 268
\BOOKMARK [1][]{section.7.14}{\376\377\0007\000.\0001\0004\000\040\0002\0000\0001\0006\176\247\135\345\171\321\145\160\133\146\122\006\147\220\116\013\000\040\000A\123\167}{chapter.7}% 269
\BOOKMARK [1][]{section.7.15}{\376\377\0007\000.\0001\0005\000\040\0002\0000\0001\0006\176\247\135\345\171\321\145\160\133\146\122\006\147\220\116\013\000\040\000B\123\167}{chapter.7}% 270
\BOOKMARK [1][]{section.7.16}{\376\377\0007\000.\0001\0006\000\040\0002\0000\0001\0007\176\247\135\345\171\321\145\160\133\146\122\006\147\220\116\013\000\040\000A\123\167}{chapter.7}% 271
\BOOKMARK [1][]{section.7.17}{\376\377\0007\000.\0001\0007\000\040\0002\0000\0001\0007\176\247\135\345\171\321\145\160\133\146\122\006\147\220\116\013\000\040\000B\123\167}{chapter.7}% 272
\BOOKMARK [1][]{section.7.18}{\376\377\0007\000.\0001\0008\000\040\0002\0000\0001\0008\176\247\135\345\171\321\145\160\133\146\122\006\147\220\116\013\000\040\000A\123\167}{chapter.7}% 273
\BOOKMARK [1][]{section.7.19}{\376\377\0007\000.\0001\0009\000\040\0002\0000\0001\0008\176\247\135\345\171\321\145\160\133\146\122\006\147\220\116\013\000\040\000B\123\167}{chapter.7}% 274
\BOOKMARK [1][]{section.7.20}{\376\377\0007\000.\0002\0000\000\040\0002\0000\0001\0009\176\247\135\345\171\321\145\160\133\146\122\006\147\220\116\013\000\040\000A\123\167}{chapter.7}% 275
\BOOKMARK [1][]{section.7.21}{\376\377\0007\000.\0002\0001\000\040\0002\0000\0001\0009\176\247\135\345\171\321\145\160\133\146\122\006\147\220\116\013\000\040\000B\123\167\210\145\200\003}{chapter.7}% 276
\BOOKMARK [1][]{section.7.22}{\376\377\0007\000.\0002\0002\000\040\0002\0000\0002\0000\176\247\135\345\171\321\145\160\133\146\122\006\147\220\377\010\116\214\377\011\147\037\147\053\200\003\213\325\000\040\000A\000\040\123\167}{chapter.7}% 277
\BOOKMARK [1][]{section.7.23}{\376\377\0007\000.\0002\0003\000\040\0002\0000\0002\0000\176\247\135\345\171\321\145\160\133\146\122\006\147\220\377\010\116\214\377\011\147\037\147\053\200\003\213\325\000\040\000B\000\040\123\167}{chapter.7}% 278
\BOOKMARK [1][]{section.7.24}{\376\377\0007\000.\0002\0004\000\040\0002\0000\0002\0001\176\247\135\345\171\321\145\160\133\146\122\006\147\220\377\010\116\214\377\011\147\037\147\053\200\003\213\325\000\040\000A\000\040\123\167}{chapter.7}% 279
\BOOKMARK [1][]{section.7.25}{\376\377\0007\000.\0002\0005\000\040\0002\0000\0002\0001\176\247\135\345\171\321\145\160\133\146\122\006\147\220\377\010\116\214\377\011\147\037\147\053\200\003\213\325\000\040\000B\000\040\123\167}{chapter.7}% 280
\BOOKMARK [1][]{section.7.26}{\376\377\0007\000.\0002\0006\000\040\0002\0000\0002\0002\176\247\135\345\171\321\145\160\133\146\122\006\147\220\116\013\000\040\000A\123\167}{chapter.7}% 281
\BOOKMARK [1][]{section.7.27}{\376\377\0007\000.\0002\0007\000\040\0002\0000\0002\0002\176\247\135\345\171\321\145\160\133\146\122\006\147\220\116\013\000\040\000B\123\167}{chapter.7}% 282
\BOOKMARK [1][]{section.7.28}{\376\377\0007\000.\0002\0008\000\040\0002\0000\0002\0003\176\247\135\345\171\321\145\160\133\146\122\006\147\220\377\010\116\214\377\011\147\037\147\053\200\003\213\325\000\040\000A\000\040\123\167}{chapter.7}% 283
\BOOKMARK [1][]{section.7.29}{\376\377\0007\000.\0002\0009\000\040\0002\0000\0002\0003\176\247\135\345\171\321\145\160\133\146\122\006\147\220\377\010\116\214\377\011\147\037\147\053\200\003\213\325\000\040\000B\000\040\123\167}{chapter.7}% 284
\BOOKMARK [1][]{section.7.30}{\376\377\0007\000.\0003\0000\000\040\0002\0000\0002\0004\176\247\135\345\171\321\145\160\133\146\122\006\147\220\377\010\116\214\377\011\147\037\147\053\200\003\213\325\000\040\000A\000\040\123\167}{chapter.7}% 285
\BOOKMARK [1][]{section.7.31}{\376\377\0007\000.\0003\0001\000\040\0002\0000\0002\0004\176\247\135\345\171\321\145\160\133\146\122\006\147\220\377\010\116\214\377\011\147\037\147\053\200\003\213\325\000\040\000B\000\040\123\167}{chapter.7}% 286
