This is XeTeX, Version 3.141592653-2.6-0.999997 (TeX Live 2025) (preloaded format=xelatex 2025.8.30)  20 MAY 2026 21:03
entering extended mode
 restricted \write18 enabled.
 file:line:error style messages enabled.
 %&-line parsing enabled.
**word.tex
(./word.tex
LaTeX2e <2024-11-01> patch level 2
L3 programming layer <2025-01-18>
(./elegantbook.cls
Document Class: elegantbook 2022/04/09 v4.3 ElegantBook document class

(e:/Program Files/LateX/texlive/2025/texmf-dist/tex/latex/kvoptions/kvoptions.s
ty
Package: kvoptions 2022-06-15 v3.15 Key value format for package options (HO)

(e:/Program Files/LateX/texlive/2025/texmf-dist/tex/latex/graphics/keyval.sty
Package: keyval 2022/05/29 v1.15 key=value parser (DPC)
\KV@toks@=\toks17
)
(e:/Program Files/LateX/texlive/2025/texmf-dist/tex/generic/ltxcmds/ltxcmds.sty
Package: ltxcmds 2023-12-04 v1.26 LaTeX kernel commands for general use (HO)
)
(e:/Program Files/LateX/texlive/2025/texmf-dist/tex/latex/kvsetkeys/kvsetkeys.s
ty
Package: kvsetkeys 2022-10-05 v1.19 Key value parser (HO)
))
(e:/Program Files/LateX/texlive/2025/texmf-dist/tex/latex/etoolbox/etoolbox.sty
Package: etoolbox 2025/02/11 v2.5l e-TeX tools for LaTeX (JAW)
\etb@tempcnta=\count192
) (e:/Program Files/LateX/texlive/2025/texmf-dist/tex/latex/base/book.cls
Document Class: book 2024/06/29 v1.4n Standard LaTeX document class
(e:/Program Files/LateX/texlive/2025/texmf-dist/tex/latex/base/bk11.clo
File: bk11.clo 2024/06/29 v1.4n Standard LaTeX file (size option)
)
\c@part=\count193
\c@chapter=\count194
\c@section=\count195
\c@subsection=\count196
\c@subsubsection=\count197
\c@paragraph=\count198
\c@subparagraph=\count199
\c@figure=\count266
\c@table=\count267
\abovecaptionskip=\skip49
\belowcaptionskip=\skip50
\bibindent=\dimen141
)
(e:/Program Files/LateX/texlive/2025/texmf-dist/tex/latex/setspace/setspace.sty
Package: setspace 2022/12/04 v6.7b set line spacing
)
(e:/Program Files/LateX/texlive/2025/texmf-dist/tex/latex/csquotes/csquotes.sty
Package: csquotes 2024-04-04 v5.2o context-sensitive quotations (JAW)
\csq@reset=\count268
\csq@gtype=\count269
\csq@glevel=\count270
\csq@qlevel=\count271
\csq@maxlvl=\count272
\csq@tshold=\count273
\csq@ltx@everypar=\toks18

(e:/Program Files/LateX/texlive/2025/texmf-dist/tex/latex/csquotes/csquotes.def
File: csquotes.def 2024-04-04 v5.2o csquotes generic definitions (JAW)
)
Package csquotes Info: Trying to load configuration file 'csquotes.cfg'...
Package csquotes Info: ... configuration file loaded successfully.

(e:/Program Files/LateX/texlive/2025/texmf-dist/tex/latex/csquotes/csquotes.cfg
File: csquotes.cfg 
))
(e:/Program Files/LateX/texlive/2025/texmf-dist/tex/latex/hyperref/hyperref.sty
Package: hyperref 2024-11-05 v7.01l Hypertext links for LaTeX
(e:/Program Files/LateX/texlive/2025/texmf-dist/tex/generic/iftex/iftex.sty
Package: iftex 2024/12/12 v1.0g TeX engine tests
)
(e:/Program Files/LateX/texlive/2025/texmf-dist/tex/generic/kvdefinekeys/kvdefi
nekeys.sty
Package: kvdefinekeys 2019-12-19 v1.6 Define keys (HO)
)
(e:/Program Files/LateX/texlive/2025/texmf-dist/tex/generic/pdfescape/pdfescape
.sty
Package: pdfescape 2019/12/09 v1.15 Implements pdfTeX's escape features (HO)

(e:/Program Files/LateX/texlive/2025/texmf-dist/tex/generic/pdftexcmds/pdftexcm
ds.sty
Package: pdftexcmds 2020-06-27 v0.33 Utility functions of pdfTeX for LuaTeX (HO
)

(e:/Program Files/LateX/texlive/2025/texmf-dist/tex/generic/infwarerr/infwarerr
.sty
Package: infwarerr 2019/12/03 v1.5 Providing info/warning/error messages (HO)
)
Package pdftexcmds Info: \pdf@primitive is available.
Package pdftexcmds Info: \pdf@ifprimitive is available.
Package pdftexcmds Info: \pdfdraftmode not found.
))
(e:/Program Files/LateX/texlive/2025/texmf-dist/tex/latex/hycolor/hycolor.sty
Package: hycolor 2020-01-27 v1.10 Color options for hyperref/bookmark (HO)
)
(e:/Program Files/LateX/texlive/2025/texmf-dist/tex/latex/hyperref/nameref.sty
Package: nameref 2023-11-26 v2.56 Cross-referencing by name of section

(e:/Program Files/LateX/texlive/2025/texmf-dist/tex/latex/refcount/refcount.sty
Package: refcount 2019/12/15 v3.6 Data extraction from label references (HO)
)
(e:/Program Files/LateX/texlive/2025/texmf-dist/tex/generic/gettitlestring/gett
itlestring.sty
Package: gettitlestring 2019/12/15 v1.6 Cleanup title references (HO)
)
\c@section@level=\count274
)
(e:/Program Files/LateX/texlive/2025/texmf-dist/tex/generic/stringenc/stringenc
.sty
Package: stringenc 2019/11/29 v1.12 Convert strings between diff. encodings (HO
)
)
\@linkdim=\dimen142
\Hy@linkcounter=\count275
\Hy@pagecounter=\count276

(e:/Program Files/LateX/texlive/2025/texmf-dist/tex/latex/hyperref/pd1enc.def
File: pd1enc.def 2024-11-05 v7.01l Hyperref: PDFDocEncoding definition (HO)
)
(e:/Program Files/LateX/texlive/2025/texmf-dist/tex/generic/intcalc/intcalc.sty
Package: intcalc 2019/12/15 v1.3 Expandable calculations with integers (HO)
)
\Hy@SavedSpaceFactor=\count277
 (e:/Program Files/LateX/texlive/2025/texmf-dist/tex/latex/hyperref/puenc.def
File: puenc.def 2024-11-05 v7.01l Hyperref: PDF Unicode definition (HO)
)
Package hyperref Info: Hyper figures OFF on input line 4157.
Package hyperref Info: Link nesting OFF on input line 4162.
Package hyperref Info: Hyper index ON on input line 4165.
Package hyperref Info: Plain pages OFF on input line 4172.
Package hyperref Info: Backreferencing OFF on input line 4177.
Package hyperref Info: Implicit mode ON; LaTeX internals redefined.
Package hyperref Info: Bookmarks ON on input line 4424.
\c@Hy@tempcnt=\count278
(e:/Program Files/LateX/texlive/2025/texmf-dist/tex/latex/url/url.sty
\Urlmuskip=\muskip17
Package: url 2013/09/16  ver 3.4  Verb mode for urls, etc.
)
LaTeX Info: Redefining \url on input line 4763.
\XeTeXLinkMargin=\dimen143

(e:/Program Files/LateX/texlive/2025/texmf-dist/tex/generic/bitset/bitset.sty
Package: bitset 2019/12/09 v1.3 Handle bit-vector datatype (HO)

(e:/Program Files/LateX/texlive/2025/texmf-dist/tex/generic/bigintcalc/bigintca
lc.sty
Package: bigintcalc 2019/12/15 v1.5 Expandable calculations on big integers (HO
)
))
\Fld@menulength=\count279
\Field@Width=\dimen144
\Fld@charsize=\dimen145
Package hyperref Info: Hyper figures OFF on input line 6042.
Package hyperref Info: Link nesting OFF on input line 6047.
Package hyperref Info: Hyper index ON on input line 6050.
Package hyperref Info: backreferencing OFF on input line 6057.
Package hyperref Info: Link coloring OFF on input line 6062.
Package hyperref Info: Link coloring with OCG OFF on input line 6067.
Package hyperref Info: PDF/A mode OFF on input line 6072.

(e:/Program Files/LateX/texlive/2025/texmf-dist/tex/latex/base/atbegshi-ltx.sty
Package: atbegshi-ltx 2021/01/10 v1.0c Emulation of the original atbegshi
package with kernel methods
)
\Hy@abspage=\count280
\c@Item=\count281
\c@Hfootnote=\count282
)
Package hyperref Info: Driver (autodetected): hxetex.

(e:/Program Files/LateX/texlive/2025/texmf-dist/tex/latex/hyperref/hxetex.def
File: hxetex.def 2024-11-05 v7.01l Hyperref driver for XeTeX
\pdfm@box=\box52
\c@Hy@AnnotLevel=\count283
\HyField@AnnotCount=\count284
\Fld@listcount=\count285
\c@bookmark@seq@number=\count286

(e:/Program Files/LateX/texlive/2025/texmf-dist/tex/latex/rerunfilecheck/rerunf
ilecheck.sty
Package: rerunfilecheck 2022-07-10 v1.10 Rerun checks for auxiliary files (HO)

(e:/Program Files/LateX/texlive/2025/texmf-dist/tex/latex/base/atveryend-ltx.st
y
Package: atveryend-ltx 2020/08/19 v1.0a Emulation of the original atveryend pac
kage
with kernel methods
)
(e:/Program Files/LateX/texlive/2025/texmf-dist/tex/generic/uniquecounter/uniqu
ecounter.sty
Package: uniquecounter 2019/12/15 v1.4 Provide unlimited unique counter (HO)
)
Package uniquecounter Info: New unique counter `rerunfilecheck' on input line 2
85.
)
\Hy@SectionHShift=\skip51
)
Package hyperref Info: Option `breaklinks' set `true' on input line 135.
Package hyperref Info: Option `unicode' set `true' on input line 135.
Package hyperref Info: Option `bookmarksnumbered' set `true' on input line 135.

Package hyperref Info: Option `bookmarksopen' set `true' on input line 135.
Package hyperref Info: Option `colorlinks' set `true' on input line 135.
Package hyperref Info: Option `plainpages' set `false' on input line 135.
Package hyperref Info: Option `linktocpage' set `true' on input line 135.

(e:/Program Files/LateX/texlive/2025/texmf-dist/tex/latex/geometry/geometry.sty
Package: geometry 2020/01/02 v5.9 Page Geometry
(e:/Program Files/LateX/texlive/2025/texmf-dist/tex/generic/iftex/ifvtex.sty
Package: ifvtex 2019/10/25 v1.7 ifvtex legacy package. Use iftex instead.
)
\Gm@cnth=\count287
\Gm@cntv=\count288
\c@Gm@tempcnt=\count289
\Gm@bindingoffset=\dimen146
\Gm@wd@mp=\dimen147
\Gm@odd@mp=\dimen148
\Gm@even@mp=\dimen149
\Gm@layoutwidth=\dimen150
\Gm@layoutheight=\dimen151
\Gm@layouthoffset=\dimen152
\Gm@layoutvoffset=\dimen153
\Gm@dimlist=\toks19
)
(e:/Program Files/LateX/texlive/2025/texmf-dist/tex/latex/tools/indentfirst.sty
Package: indentfirst 2023/07/02 v1.03 Indent first paragraph (DPC)
) (e:/Program Files/LateX/texlive/2025/texmf-dist/tex/latex/comment/comment.sty
\CommentStream=\write3
Excluding comment 'comment')
(e:/Program Files/LateX/texlive/2025/texmf-dist/tex/latex/fontspec/fontspec.sty

(e:/Program Files/LateX/texlive/2025/texmf-dist/tex/latex/l3packages/xparse/xpa
rse.sty
(e:/Program Files/LateX/texlive/2025/texmf-dist/tex/latex/l3kernel/expl3.sty
Package: expl3 2025-01-18 L3 programming layer (loader) 

(e:/Program Files/LateX/texlive/2025/texmf-dist/tex/latex/l3backend/l3backend-x
etex.def
File: l3backend-xetex.def 2024-05-08 L3 backend support: XeTeX
\g__graphics_track_int=\count290
\l__pdf_internal_box=\box53
\g__pdf_backend_annotation_int=\count291
\g__pdf_backend_link_int=\count292
))
Package: xparse 2024-08-16 L3 Experimental document command parser
)
Package: fontspec 2024/05/11 v2.9e Font selection for XeLaTeX and LuaLaTeX

(e:/Program Files/LateX/texlive/2025/texmf-dist/tex/latex/fontspec/fontspec-xet
ex.sty
Package: fontspec-xetex 2024/05/11 v2.9e Font selection for XeLaTeX and LuaLaTe
X
\l__fontspec_script_int=\count293
\l__fontspec_language_int=\count294
\l__fontspec_strnum_int=\count295
\l__fontspec_tmp_int=\count296
\l__fontspec_tmpa_int=\count297
\l__fontspec_tmpb_int=\count298
\l__fontspec_tmpc_int=\count299
\l__fontspec_em_int=\count300
\l__fontspec_emdef_int=\count301
\l__fontspec_strong_int=\count302
\l__fontspec_strongdef_int=\count303
\l__fontspec_tmpa_dim=\dimen154
\l__fontspec_tmpb_dim=\dimen155
\l__fontspec_tmpc_dim=\dimen156

(e:/Program Files/LateX/texlive/2025/texmf-dist/tex/latex/base/fontenc.sty
Package: fontenc 2021/04/29 v2.0v Standard LaTeX package
)
(e:/Program Files/LateX/texlive/2025/texmf-dist/tex/latex/fontspec/fontspec.cfg
)))
LaTeX Font Info:    Font shape `TU/texgyretermes(0)/m/n' will be
(Font)              scaled to size 10.95pt on input line 187.
 (e:/Program Files/LateX/texlive/2025/texmf-dist/tex/latex/ctex/ctex.sty
Package: ctex 2022/07/14 v2.5.10 Chinese adapter in LaTeX (CTEX)

(e:/Program Files/LateX/texlive/2025/texmf-dist/tex/latex/ctex/ctexhook.sty
Package: ctexhook 2022/07/14 v2.5.10 Document and package hooks (CTEX)
)
(e:/Program Files/LateX/texlive/2025/texmf-dist/tex/latex/ctex/ctexpatch.sty
Package: ctexpatch 2022/07/14 v2.5.10 Patching commands (CTEX)
)
(e:/Program Files/LateX/texlive/2025/texmf-dist/tex/latex/base/fix-cm.sty
Package: fix-cm 2020/11/24 v1.1t fixes to LaTeX

(e:/Program Files/LateX/texlive/2025/texmf-dist/tex/latex/base/ts1enc.def
File: ts1enc.def 2001/06/05 v3.0e (jk/car/fm) Standard LaTeX file
LaTeX Font Info:    Redeclaring font encoding TS1 on input line 47.
))
\l__ctex_tmp_int=\count304
\l__ctex_tmp_box=\box54
\l__ctex_tmp_dim=\dimen157
\g__ctex_section_depth_int=\count305
\g__ctex_font_size_int=\count306

(e:/Program Files/LateX/texlive/2025/texmf-dist/tex/latex/ctex/config/ctexopts.
cfg
File: ctexopts.cfg 2022/07/14 v2.5.10 Option configuration file (CTEX)
)
(e:/Program Files/LateX/texlive/2025/texmf-dist/tex/latex/ctex/engine/ctex-engi
ne-xetex.def
File: ctex-engine-xetex.def 2022/07/14 v2.5.10 XeLaTeX adapter (CTEX)

(e:/Program Files/LateX/texlive/2025/texmf-dist/tex/xelatex/xecjk/xeCJK.sty
Package: xeCJK 2022/08/05 v3.9.1 Typesetting CJK scripts with XeLaTeX

(e:/Program Files/LateX/texlive/2025/texmf-dist/tex/latex/l3packages/xtemplate/
xtemplate.sty
Package: xtemplate 2024-08-16 L3 Experimental prototype document functions
)
\l__xeCJK_tmp_int=\count307
\l__xeCJK_tmp_box=\box55
\l__xeCJK_tmp_dim=\dimen158
\l__xeCJK_tmp_skip=\skip52
\g__xeCJK_space_factor_int=\count308
\l__xeCJK_begin_int=\count309
\l__xeCJK_end_int=\count310
\c__xeCJK_CJK_class_int=\XeTeXcharclass1
\c__xeCJK_FullLeft_class_int=\XeTeXcharclass2
\c__xeCJK_FullRight_class_int=\XeTeXcharclass3
\c__xeCJK_HalfLeft_class_int=\XeTeXcharclass4
\c__xeCJK_HalfRight_class_int=\XeTeXcharclass5
\c__xeCJK_NormalSpace_class_int=\XeTeXcharclass6
\c__xeCJK_CM_class_int=\XeTeXcharclass7
\c__xeCJK_HangulJamo_class_int=\XeTeXcharclass8
\l__xeCJK_last_skip=\skip53
\c__xeCJK_none_node=\count311
\g__xeCJK_node_int=\count312
\c__xeCJK_CJK_node_dim=\dimen159
\c__xeCJK_CJK-space_node_dim=\dimen160
\c__xeCJK_default_node_dim=\dimen161
\c__xeCJK_CJK-widow_node_dim=\dimen162
\c__xeCJK_normalspace_node_dim=\dimen163
\c__xeCJK_default-space_node_skip=\skip54
\l__xeCJK_ccglue_skip=\skip55
\l__xeCJK_ecglue_skip=\skip56
\l__xeCJK_punct_kern_skip=\skip57
\l__xeCJK_indent_box=\box56
\l__xeCJK_last_penalty_int=\count313
\l__xeCJK_last_bound_dim=\dimen164
\l__xeCJK_last_kern_dim=\dimen165
\l__xeCJK_widow_penalty_int=\count314

LaTeX template Info: Declaring template type 'xeCJK/punctuation' taking 0
(template)           argument(s) on line 2396.

\l__xeCJK_fixed_punct_width_dim=\dimen166
\l__xeCJK_mixed_punct_width_dim=\dimen167
\l__xeCJK_middle_punct_width_dim=\dimen168
\l__xeCJK_fixed_margin_width_dim=\dimen169
\l__xeCJK_mixed_margin_width_dim=\dimen170
\l__xeCJK_middle_margin_width_dim=\dimen171
\l__xeCJK_bound_punct_width_dim=\dimen172
\l__xeCJK_bound_margin_width_dim=\dimen173
\l__xeCJK_margin_minimum_dim=\dimen174
\l__xeCJK_kerning_total_width_dim=\dimen175
\l__xeCJK_same_align_margin_dim=\dimen176
\l__xeCJK_different_align_margin_dim=\dimen177
\l__xeCJK_kerning_margin_width_dim=\dimen178
\l__xeCJK_kerning_margin_minimum_dim=\dimen179
\l__xeCJK_bound_dim=\dimen180
\l__xeCJK_reverse_bound_dim=\dimen181
\l__xeCJK_margin_dim=\dimen182
\l__xeCJK_minimum_bound_dim=\dimen183
\l__xeCJK_kerning_margin_dim=\dimen184
\g__xeCJK_family_int=\count315
\l__xeCJK_fam_int=\count316
\g__xeCJK_fam_allocation_int=\count317
\l__xeCJK_verb_case_int=\count318
\l__xeCJK_verb_exspace_skip=\skip58

(e:/Program Files/LateX/texlive/2025/texmf-dist/tex/xelatex/xecjk/xeCJK.cfg
File: xeCJK.cfg 2022/08/05 v3.9.1 Configuration file for xeCJK package
))
\ccwd=\dimen185
\l__ctex_ccglue_skip=\skip59
)
\l__ctex_ziju_dim=\dimen186

(e:/Program Files/LateX/texlive/2025/texmf-dist/tex/latex/zhnumber/zhnumber.sty
Package: zhnumber 2022/07/14 v3.0 Typesetting numbers with Chinese glyphs
\l__zhnum_scale_int=\count319
\l__zhnum_tmp_int=\count320

(e:/Program Files/LateX/texlive/2025/texmf-dist/tex/latex/zhnumber/zhnumber-utf
8.cfg
File: zhnumber-utf8.cfg 2022/07/14 v3.0 Chinese numerals with UTF8 encoding
))
(e:/Program Files/LateX/texlive/2025/texmf-dist/tex/latex/ctex/scheme/ctex-sche
me-plain.def
File: ctex-scheme-plain.def 2022/07/14 v2.5.10 Plain scheme for generic (CTEX)
)
(e:/Program Files/LateX/texlive/2025/texmf-dist/tex/latex/ctex/fontset/ctex-fon
tset-windows.def
File: ctex-fontset-windows.def 2022/07/14 v2.5.10 Windows fonts definition (CTE
X)
))
(e:/Program Files/LateX/texlive/2025/texmf-dist/tex/latex/ctex/config/ctex.cfg
File: ctex.cfg 2022/07/14 v2.5.10 Configuration file (CTEX)
)
(e:/Program Files/LateX/texlive/2025/texmf-dist/tex/latex/anyfontsize/anyfontsi
ze.sty
Invalid UTF-8 byte or sequence at line 3 replaced by U+FFFD.
Invalid UTF-8 byte or sequence at line 3 replaced by U+FFFD.
Package: anyfontsize 2007/11/22 anyfontsize.sty by pts
)
(e:/Program Files/LateX/texlive/2025/texmf-dist/tex/latex/xcolor/xcolor.sty
Package: xcolor 2024/09/29 v3.02 LaTeX color extensions (UK)

(e:/Program Files/LateX/texlive/2025/texmf-dist/tex/latex/graphics-cfg/color.cf
g
File: color.cfg 2016/01/02 v1.6 sample color configuration
)
Package xcolor Info: Driver file: xetex.def on input line 274.

(e:/Program Files/LateX/texlive/2025/texmf-dist/tex/latex/graphics-def/xetex.de
f
File: xetex.def 2022/09/22 v5.0n Graphics/color driver for xetex
)
(e:/Program Files/LateX/texlive/2025/texmf-dist/tex/latex/graphics/mathcolor.lt
x)
Package xcolor Info: Model `cmy' substituted by `cmy0' on input line 1349.
Package xcolor Info: Model `RGB' extended on input line 1365.
Package xcolor Info: Model `HTML' substituted by `rgb' on input line 1367.
Package xcolor Info: Model `Hsb' substituted by `hsb' on input line 1368.
Package xcolor Info: Model `tHsb' substituted by `hsb' on input line 1369.
Package xcolor Info: Model `HSB' substituted by `hsb' on input line 1370.
Package xcolor Info: Model `Gray' substituted by `gray' on input line 1371.
Package xcolor Info: Model `wave' substituted by `hsb' on input line 1372.
)
(e:/Program Files/LateX/texlive/2025/texmf-dist/tex/latex/colortbl/colortbl.sty
Package: colortbl 2024/07/06 v1.0i Color table columns (DPC)
(e:/Program Files/LateX/texlive/2025/texmf-dist/tex/latex/tools/array.sty
Package: array 2024/10/17 v2.6g Tabular extension package (FMi)
\col@sep=\dimen187
\ar@mcellbox=\box57
\extrarowheight=\dimen188
\NC@list=\toks20
\extratabsurround=\skip60
\backup@length=\skip61
\ar@cellbox=\box58
)
\everycr=\toks21
\minrowclearance=\skip62
\rownum=\count321
)
(e:/Program Files/LateX/texlive/2025/texmf-dist/tex/latex/mwe/mwe.sty
Package: mwe 2018/03/30 v0.5 Package to support minimal working examples (MWE)

(e:/Program Files/LateX/texlive/2025/texmf-dist/tex/latex/graphics/graphicx.sty
Package: graphicx 2021/09/16 v1.2d Enhanced LaTeX Graphics (DPC,SPQR)

(e:/Program Files/LateX/texlive/2025/texmf-dist/tex/latex/graphics/graphics.sty
Package: graphics 2024/08/06 v1.4g Standard LaTeX Graphics (DPC,SPQR)
(e:/Program Files/LateX/texlive/2025/texmf-dist/tex/latex/graphics/trig.sty
Package: trig 2023/12/02 v1.11 sin cos tan (DPC)
)
(e:/Program Files/LateX/texlive/2025/texmf-dist/tex/latex/graphics-cfg/graphics
.cfg
File: graphics.cfg 2016/06/04 v1.11 sample graphics configuration
)
Package graphics Info: Driver file: xetex.def on input line 106.
)
\Gin@req@height=\dimen189
\Gin@req@width=\dimen190
)
(e:/Program Files/LateX/texlive/2025/texmf-dist/tex/latex/lipsum/lipsum.sty
(e:/Program Files/LateX/texlive/2025/texmf-dist/tex/latex/l3packages/l3keys2e/l
3keys2e.sty
Package: l3keys2e 2024-08-16 LaTeX2e option processing using LaTeX3 keys
)
Package: lipsum 2021-09-20 v2.7 150 paragraphs of Lorem Ipsum dummy text
\g__lipsum_par_int=\count322
\l__lipsum_a_int=\count323
\l__lipsum_b_int=\count324

(e:/Program Files/LateX/texlive/2025/texmf-dist/tex/latex/lipsum/lipsum.ltd.tex
))
(e:/Program Files/LateX/texlive/2025/texmf-dist/tex/latex/blindtext/blindtext.s
ty
Package: blindtext 2012/01/06 V2.0 blindtext-Package
 (e:/Program Files/LateX/texlive/2025/texmf-dist/tex/latex/tools/xspace.sty
Package: xspace 2014/10/28 v1.13 Space after command names (DPC,MH)
)
\c@blindtext=\count325
\c@Blindtext=\count326
\c@blind@countparstart=\count327
\blind@countxx=\count328
\blindtext@numBlindtext=\count329
\blind@countyy=\count330
\c@blindlist=\count331
\c@blindlistlevel=\count332
\c@blindlist@level=\count333
\blind@listitem=\count334
\c@blind@listcount=\count335
\c@blind@levelcount=\count336
\blind@mathformula=\count337
\blind@Mathformula=\count338
\c@blind@randomcount=\count339
\c@blind@randommax=\count340
\c@blind@pangramcount=\count341
\c@blind@pangrammax=\count342
)) (e:/Program Files/LateX/texlive/2025/texmf-dist/tex/latex/tools/enumerate.st
y
Package: enumerate 2023/07/04 v3.00 enumerate extensions (DPC)
\@enLab=\toks22
)
(e:/Program Files/LateX/texlive/2025/texmf-dist/tex/latex/enumitem/enumitem.sty
Package: enumitem 2025/02/06 v3.11 Customized lists
\labelindent=\skip63
\enit@outerparindent=\dimen191
\enit@toks=\toks23
\enit@inbox=\box59
\enit@count@id=\count343
\enitdp@description=\count344
) (e:/Program Files/LateX/texlive/2025/texmf-dist/tex/latex/caption/caption.sty
Package: caption 2023/08/05 v3.6o Customizing captions (AR)
(e:/Program Files/LateX/texlive/2025/texmf-dist/tex/latex/caption/caption3.sty
Package: caption3 2023/07/31 v2.4d caption3 kernel (AR)
\caption@tempdima=\dimen192
\captionmargin=\dimen193
\caption@leftmargin=\dimen194
\caption@rightmargin=\dimen195
\caption@width=\dimen196
\caption@indent=\dimen197
\caption@parindent=\dimen198
\caption@hangindent=\dimen199
Package caption Info: Standard document class detected.
)
\c@caption@flags=\count345
\c@continuedfloat=\count346
Package caption Info: hyperref package is loaded.
) (e:/Program Files/LateX/texlive/2025/texmf-dist/tex/latex/amsmath/amsmath.sty
Package: amsmath 2024/11/05 v2.17t AMS math features
\@mathmargin=\skip64
For additional information on amsmath, use the `?' option.
(e:/Program Files/LateX/texlive/2025/texmf-dist/tex/latex/amsmath/amstext.sty
Package: amstext 2021/08/26 v2.01 AMS text

(e:/Program Files/LateX/texlive/2025/texmf-dist/tex/latex/amsmath/amsgen.sty
File: amsgen.sty 1999/11/30 v2.0 generic functions
\@emptytoks=\toks24
\ex@=\dimen256
))
(e:/Program Files/LateX/texlive/2025/texmf-dist/tex/latex/amsmath/amsbsy.sty
Package: amsbsy 1999/11/29 v1.2d Bold Symbols
\pmbraise@=\dimen257
)
(e:/Program Files/LateX/texlive/2025/texmf-dist/tex/latex/amsmath/amsopn.sty
Package: amsopn 2022/04/08 v2.04 operator names
)
\inf@bad=\count347
LaTeX Info: Redefining \frac on input line 233.
\uproot@=\count348
\leftroot@=\count349
LaTeX Info: Redefining \overline on input line 398.
LaTeX Info: Redefining \colon on input line 409.
\classnum@=\count350
\DOTSCASE@=\count351
LaTeX Info: Redefining \ldots on input line 495.
LaTeX Info: Redefining \dots on input line 498.
LaTeX Info: Redefining \cdots on input line 619.
\Mathstrutbox@=\box60
\strutbox@=\box61
LaTeX Info: Redefining \big on input line 721.
LaTeX Info: Redefining \Big on input line 722.
LaTeX Info: Redefining \bigg on input line 723.
LaTeX Info: Redefining \Bigg on input line 724.
\big@size=\dimen258
LaTeX Font Info:    Redeclaring font encoding OML on input line 742.
LaTeX Font Info:    Redeclaring font encoding OMS on input line 743.
\macc@depth=\count352
LaTeX Info: Redefining \bmod on input line 904.
LaTeX Info: Redefining \pmod on input line 909.
LaTeX Info: Redefining \smash on input line 939.
LaTeX Info: Redefining \relbar on input line 969.
LaTeX Info: Redefining \Relbar on input line 970.
\c@MaxMatrixCols=\count353
\dotsspace@=\muskip18
\c@parentequation=\count354
\dspbrk@lvl=\count355
\tag@help=\toks25
\row@=\count356
\column@=\count357
\maxfields@=\count358
\andhelp@=\toks26
\eqnshift@=\dimen259
\alignsep@=\dimen260
\tagshift@=\dimen261
\tagwidth@=\dimen262
\totwidth@=\dimen263
\lineht@=\dimen264
\@envbody=\toks27
\multlinegap=\skip65
\multlinetaggap=\skip66
\mathdisplay@stack=\toks28
LaTeX Info: Redefining \[ on input line 2953.
LaTeX Info: Redefining \] on input line 2954.
)
(e:/Program Files/LateX/texlive/2025/texmf-dist/tex/latex/jknapltx/mathrsfs.sty
Package: mathrsfs 1996/01/01 Math RSFS package v1.0 (jk)
\symrsfs=\mathgroup4
)
(e:/Program Files/LateX/texlive/2025/texmf-dist/tex/latex/amsfonts/amsfonts.sty
Package: amsfonts 2013/01/14 v3.01 Basic AMSFonts support
\symAMSa=\mathgroup5
\symAMSb=\mathgroup6
LaTeX Font Info:    Redeclaring math symbol \hbar on input line 98.
LaTeX Font Info:    Overwriting math alphabet `\mathfrak' in version `bold'
(Font)                  U/euf/m/n --> U/euf/b/n on input line 106.
)
(e:/Program Files/LateX/texlive/2025/texmf-dist/tex/latex/amsfonts/amssymb.sty
Package: amssymb 2013/01/14 v3.01 AMS font symbols
)
(e:/Program Files/LateX/texlive/2025/texmf-dist/tex/latex/booktabs/booktabs.sty
Package: booktabs 2020/01/12 v1.61803398 Publication quality tables
\heavyrulewidth=\dimen265
\lightrulewidth=\dimen266
\cmidrulewidth=\dimen267
\belowrulesep=\dimen268
\belowbottomsep=\dimen269
\aboverulesep=\dimen270
\abovetopsep=\dimen271
\cmidrulesep=\dimen272
\cmidrulekern=\dimen273
\defaultaddspace=\dimen274
\@cmidla=\count359
\@cmidlb=\count360
\@aboverulesep=\dimen275
\@belowrulesep=\dimen276
\@thisruleclass=\count361
\@lastruleclass=\count362
\@thisrulewidth=\dimen277
) (e:/Program Files/LateX/texlive/2025/texmf-dist/tex/latex/tools/multicol.sty
Package: multicol 2024/09/14 v1.9i multicolumn formatting (FMi)
\c@tracingmulticols=\count363
\mult@box=\box62
\multicol@leftmargin=\dimen278
\c@unbalance=\count364
\c@collectmore=\count365
\doublecol@number=\count366
\multicoltolerance=\count367
\multicolpretolerance=\count368
\full@width=\dimen279
\page@free=\dimen280
\premulticols=\dimen281
\postmulticols=\dimen282
\multicolsep=\skip67
\multicolbaselineskip=\skip68
\partial@page=\box63
\last@line=\box64
\mc@boxedresult=\box65
\maxbalancingoverflow=\dimen283
\mult@rightbox=\box66
\mult@grightbox=\box67
\mult@firstbox=\box68
\mult@gfirstbox=\box69
\@tempa=\box70
\@tempa=\box71
\@tempa=\box72
\@tempa=\box73
\@tempa=\box74
\@tempa=\box75
\@tempa=\box76
\@tempa=\box77
\@tempa=\box78
\@tempa=\box79
\@tempa=\box80
\@tempa=\box81
\@tempa=\box82
\@tempa=\box83
\@tempa=\box84
\@tempa=\box85
\@tempa=\box86
\@tempa=\box87
\@tempa=\box88
\@tempa=\box89
\@tempa=\box90
\@tempa=\box91
\@tempa=\box92
\@tempa=\box93
\@tempa=\box94
\@tempa=\box95
\@tempa=\box96
\@tempa=\box97
\@tempa=\box98
\@tempa=\box99
\@tempa=\box100
\@tempa=\box101
\@tempa=\box102
\@tempa=\box103
\@tempa=\box104
\@tempa=\box105
\c@minrows=\count369
\c@columnbadness=\count370
\c@finalcolumnbadness=\count371
\last@try=\dimen284
\multicolovershoot=\dimen285
\multicolundershoot=\dimen286
\mult@nat@firstbox=\box106
\colbreak@box=\box107
\mc@col@check@num=\count372
)
(e:/Program Files/LateX/texlive/2025/texmf-dist/tex/latex/multirow/multirow.sty
Package: multirow 2024/11/12 v2.9 Span multiple rows of a table
\multirow@colwidth=\skip69
\multirow@cntb=\count373
\multirow@dima=\skip70
\bigstrutjot=\dimen287
)
(e:/Program Files/LateX/texlive/2025/texmf-dist/tex/latex/fancyvrb/fancyvrb.sty
Package: fancyvrb 2024/01/20 4.5c verbatim text (tvz,hv)
\FV@CodeLineNo=\count374
\FV@InFile=\read2
\FV@TabBox=\box108
\c@FancyVerbLine=\count375
\FV@StepNumber=\count376
\FV@OutFile=\write4
)
(e:/Program Files/LateX/texlive/2025/texmf-dist/tex/latex/makecell/makecell.sty
Package: makecell 2009/08/03 V0.1e Managing of Tab Column Heads and Cells
\rotheadsize=\dimen288
\c@nlinenum=\count377
\TeXr@lab=\toks29
) (e:/Program Files/LateX/texlive/2025/texmf-dist/tex/generic/hologo/hologo.sty
Package: hologo 2021-11-16 v1.15 A logo collection with bookmark support (HO)
)
(e:/Program Files/LateX/texlive/2025/texmf-dist/tex/latex/titlesec/titlesec.sty
Package: titlesec 2025/01/04 v2.17 Sectioning titles
\ttl@box=\box109
\beforetitleunit=\skip71
\aftertitleunit=\skip72
\ttl@plus=\dimen289
\ttl@minus=\dimen290
\ttl@toksa=\toks30
\titlewidth=\dimen291
\titlewidthlast=\dimen292
\titlewidthfirst=\dimen293
(e:/Program Files/LateX/texlive/2025/texmf-dist/tex/latex/titlesec/titleps.sty)
)
(e:/Program Files/LateX/texlive/2025/texmf-dist/tex/latex/appendix/appendix.sty
Package: appendix 2020/02/08 v1.2c extra appendix facilities
\c@@pps=\count378
\c@@ppsavesec=\count379
\c@@ppsaveapp=\count380
)
(e:/Program Files/LateX/texlive/2025/texmf-dist/tex/latex/pgf/frontendlayer/tik
z.sty
(e:/Program Files/LateX/texlive/2025/texmf-dist/tex/latex/pgf/basiclayer/pgf.st
y
(e:/Program Files/LateX/texlive/2025/texmf-dist/tex/latex/pgf/utilities/pgfrcs.
sty
(e:/Program Files/LateX/texlive/2025/texmf-dist/tex/generic/pgf/utilities/pgfut
il-common.tex
\pgfutil@everybye=\toks31
\pgfutil@tempdima=\dimen294
\pgfutil@tempdimb=\dimen295
)
(e:/Program Files/LateX/texlive/2025/texmf-dist/tex/generic/pgf/utilities/pgfut
il-latex.def
\pgfutil@abb=\box110
)
(e:/Program Files/LateX/texlive/2025/texmf-dist/tex/generic/pgf/utilities/pgfrc
s.code.tex
(e:/Program Files/LateX/texlive/2025/texmf-dist/tex/generic/pgf/pgf.revision.te
x)
Package: pgfrcs 2023-01-15 v3.1.10 (3.1.10)
))
Package: pgf 2023-01-15 v3.1.10 (3.1.10)

(e:/Program Files/LateX/texlive/2025/texmf-dist/tex/latex/pgf/basiclayer/pgfcor
e.sty
(e:/Program Files/LateX/texlive/2025/texmf-dist/tex/latex/pgf/systemlayer/pgfsy
s.sty
(e:/Program Files/LateX/texlive/2025/texmf-dist/tex/generic/pgf/systemlayer/pgf
sys.code.tex
Package: pgfsys 2023-01-15 v3.1.10 (3.1.10)

(e:/Program Files/LateX/texlive/2025/texmf-dist/tex/generic/pgf/utilities/pgfke
ys.code.tex
\pgfkeys@pathtoks=\toks32
\pgfkeys@temptoks=\toks33

(e:/Program Files/LateX/texlive/2025/texmf-dist/tex/generic/pgf/utilities/pgfke
yslibraryfiltered.code.tex
\pgfkeys@tmptoks=\toks34
))
\pgf@x=\dimen296
\pgf@y=\dimen297
\pgf@xa=\dimen298
\pgf@ya=\dimen299
\pgf@xb=\dimen300
\pgf@yb=\dimen301
\pgf@xc=\dimen302
\pgf@yc=\dimen303
\pgf@xd=\dimen304
\pgf@yd=\dimen305
\w@pgf@writea=\write5
\r@pgf@reada=\read3
\c@pgf@counta=\count381
\c@pgf@countb=\count382
\c@pgf@countc=\count383
\c@pgf@countd=\count384
\t@pgf@toka=\toks35
\t@pgf@tokb=\toks36
\t@pgf@tokc=\toks37
\pgf@sys@id@count=\count385

(e:/Program Files/LateX/texlive/2025/texmf-dist/tex/generic/pgf/systemlayer/pgf
.cfg
File: pgf.cfg 2023-01-15 v3.1.10 (3.1.10)
)
Driver file for pgf: pgfsys-xetex.def

(e:/Program Files/LateX/texlive/2025/texmf-dist/tex/generic/pgf/systemlayer/pgf
sys-xetex.def
File: pgfsys-xetex.def 2023-01-15 v3.1.10 (3.1.10)

(e:/Program Files/LateX/texlive/2025/texmf-dist/tex/generic/pgf/systemlayer/pgf
sys-dvipdfmx.def
File: pgfsys-dvipdfmx.def 2023-01-15 v3.1.10 (3.1.10)

(e:/Program Files/LateX/texlive/2025/texmf-dist/tex/generic/pgf/systemlayer/pgf
sys-common-pdf.def
File: pgfsys-common-pdf.def 2023-01-15 v3.1.10 (3.1.10)
)
\pgfsys@objnum=\count386
)))
(e:/Program Files/LateX/texlive/2025/texmf-dist/tex/generic/pgf/systemlayer/pgf
syssoftpath.code.tex
File: pgfsyssoftpath.code.tex 2023-01-15 v3.1.10 (3.1.10)
\pgfsyssoftpath@smallbuffer@items=\count387
\pgfsyssoftpath@bigbuffer@items=\count388
)
(e:/Program Files/LateX/texlive/2025/texmf-dist/tex/generic/pgf/systemlayer/pgf
sysprotocol.code.tex
File: pgfsysprotocol.code.tex 2023-01-15 v3.1.10 (3.1.10)
))
(e:/Program Files/LateX/texlive/2025/texmf-dist/tex/generic/pgf/basiclayer/pgfc
ore.code.tex
Package: pgfcore 2023-01-15 v3.1.10 (3.1.10)

(e:/Program Files/LateX/texlive/2025/texmf-dist/tex/generic/pgf/math/pgfmath.co
de.tex
(e:/Program Files/LateX/texlive/2025/texmf-dist/tex/generic/pgf/math/pgfmathuti
l.code.tex)
(e:/Program Files/LateX/texlive/2025/texmf-dist/tex/generic/pgf/math/pgfmathpar
ser.code.tex
\pgfmath@dimen=\dimen306
\pgfmath@count=\count389
\pgfmath@box=\box111
\pgfmath@toks=\toks38
\pgfmath@stack@operand=\toks39
\pgfmath@stack@operation=\toks40
)
(e:/Program Files/LateX/texlive/2025/texmf-dist/tex/generic/pgf/math/pgfmathfun
ctions.code.tex)
(e:/Program Files/LateX/texlive/2025/texmf-dist/tex/generic/pgf/math/pgfmathfun
ctions.basic.code.tex)
(e:/Program Files/LateX/texlive/2025/texmf-dist/tex/generic/pgf/math/pgfmathfun
ctions.trigonometric.code.tex)
(e:/Program Files/LateX/texlive/2025/texmf-dist/tex/generic/pgf/math/pgfmathfun
ctions.random.code.tex)
(e:/Program Files/LateX/texlive/2025/texmf-dist/tex/generic/pgf/math/pgfmathfun
ctions.comparison.code.tex)
(e:/Program Files/LateX/texlive/2025/texmf-dist/tex/generic/pgf/math/pgfmathfun
ctions.base.code.tex)
(e:/Program Files/LateX/texlive/2025/texmf-dist/tex/generic/pgf/math/pgfmathfun
ctions.round.code.tex)
(e:/Program Files/LateX/texlive/2025/texmf-dist/tex/generic/pgf/math/pgfmathfun
ctions.misc.code.tex)
(e:/Program Files/LateX/texlive/2025/texmf-dist/tex/generic/pgf/math/pgfmathfun
ctions.integerarithmetics.code.tex)
(e:/Program Files/LateX/texlive/2025/texmf-dist/tex/generic/pgf/math/pgfmathcal
c.code.tex)
(e:/Program Files/LateX/texlive/2025/texmf-dist/tex/generic/pgf/math/pgfmathflo
at.code.tex
\c@pgfmathroundto@lastzeros=\count390
))
(e:/Program Files/LateX/texlive/2025/texmf-dist/tex/generic/pgf/math/pgfint.cod
e.tex)
(e:/Program Files/LateX/texlive/2025/texmf-dist/tex/generic/pgf/basiclayer/pgfc
orepoints.code.tex
File: pgfcorepoints.code.tex 2023-01-15 v3.1.10 (3.1.10)
\pgf@picminx=\dimen307
\pgf@picmaxx=\dimen308
\pgf@picminy=\dimen309
\pgf@picmaxy=\dimen310
\pgf@pathminx=\dimen311
\pgf@pathmaxx=\dimen312
\pgf@pathminy=\dimen313
\pgf@pathmaxy=\dimen314
\pgf@xx=\dimen315
\pgf@xy=\dimen316
\pgf@yx=\dimen317
\pgf@yy=\dimen318
\pgf@zx=\dimen319
\pgf@zy=\dimen320
)
(e:/Program Files/LateX/texlive/2025/texmf-dist/tex/generic/pgf/basiclayer/pgfc
orepathconstruct.code.tex
File: pgfcorepathconstruct.code.tex 2023-01-15 v3.1.10 (3.1.10)
\pgf@path@lastx=\dimen321
\pgf@path@lasty=\dimen322
)
(e:/Program Files/LateX/texlive/2025/texmf-dist/tex/generic/pgf/basiclayer/pgfc
orepathusage.code.tex
File: pgfcorepathusage.code.tex 2023-01-15 v3.1.10 (3.1.10)
\pgf@shorten@end@additional=\dimen323
\pgf@shorten@start@additional=\dimen324
)
(e:/Program Files/LateX/texlive/2025/texmf-dist/tex/generic/pgf/basiclayer/pgfc
orescopes.code.tex
File: pgfcorescopes.code.tex 2023-01-15 v3.1.10 (3.1.10)
\pgfpic=\box112
\pgf@hbox=\box113
\pgf@layerbox@main=\box114
\pgf@picture@serial@count=\count391
)
(e:/Program Files/LateX/texlive/2025/texmf-dist/tex/generic/pgf/basiclayer/pgfc
oregraphicstate.code.tex
File: pgfcoregraphicstate.code.tex 2023-01-15 v3.1.10 (3.1.10)
\pgflinewidth=\dimen325
)
(e:/Program Files/LateX/texlive/2025/texmf-dist/tex/generic/pgf/basiclayer/pgfc
oretransformations.code.tex
File: pgfcoretransformations.code.tex 2023-01-15 v3.1.10 (3.1.10)
\pgf@pt@x=\dimen326
\pgf@pt@y=\dimen327
\pgf@pt@temp=\dimen328
)
(e:/Program Files/LateX/texlive/2025/texmf-dist/tex/generic/pgf/basiclayer/pgfc
orequick.code.tex
File: pgfcorequick.code.tex 2023-01-15 v3.1.10 (3.1.10)
)
(e:/Program Files/LateX/texlive/2025/texmf-dist/tex/generic/pgf/basiclayer/pgfc
oreobjects.code.tex
File: pgfcoreobjects.code.tex 2023-01-15 v3.1.10 (3.1.10)
)
(e:/Program Files/LateX/texlive/2025/texmf-dist/tex/generic/pgf/basiclayer/pgfc
orepathprocessing.code.tex
File: pgfcorepathprocessing.code.tex 2023-01-15 v3.1.10 (3.1.10)
)
(e:/Program Files/LateX/texlive/2025/texmf-dist/tex/generic/pgf/basiclayer/pgfc
orearrows.code.tex
File: pgfcorearrows.code.tex 2023-01-15 v3.1.10 (3.1.10)
\pgfarrowsep=\dimen329
)
(e:/Program Files/LateX/texlive/2025/texmf-dist/tex/generic/pgf/basiclayer/pgfc
oreshade.code.tex
File: pgfcoreshade.code.tex 2023-01-15 v3.1.10 (3.1.10)
\pgf@max=\dimen330
\pgf@sys@shading@range@num=\count392
\pgf@shadingcount=\count393
)
(e:/Program Files/LateX/texlive/2025/texmf-dist/tex/generic/pgf/basiclayer/pgfc
oreimage.code.tex
File: pgfcoreimage.code.tex 2023-01-15 v3.1.10 (3.1.10)
)
(e:/Program Files/LateX/texlive/2025/texmf-dist/tex/generic/pgf/basiclayer/pgfc
oreexternal.code.tex
File: pgfcoreexternal.code.tex 2023-01-15 v3.1.10 (3.1.10)
\pgfexternal@startupbox=\box115
)
(e:/Program Files/LateX/texlive/2025/texmf-dist/tex/generic/pgf/basiclayer/pgfc
orelayers.code.tex
File: pgfcorelayers.code.tex 2023-01-15 v3.1.10 (3.1.10)
)
(e:/Program Files/LateX/texlive/2025/texmf-dist/tex/generic/pgf/basiclayer/pgfc
oretransparency.code.tex
File: pgfcoretransparency.code.tex 2023-01-15 v3.1.10 (3.1.10)
)
(e:/Program Files/LateX/texlive/2025/texmf-dist/tex/generic/pgf/basiclayer/pgfc
orepatterns.code.tex
File: pgfcorepatterns.code.tex 2023-01-15 v3.1.10 (3.1.10)
)
(e:/Program Files/LateX/texlive/2025/texmf-dist/tex/generic/pgf/basiclayer/pgfc
orerdf.code.tex
File: pgfcorerdf.code.tex 2023-01-15 v3.1.10 (3.1.10)
)))
(e:/Program Files/LateX/texlive/2025/texmf-dist/tex/generic/pgf/modules/pgfmodu
leshapes.code.tex
File: pgfmoduleshapes.code.tex 2023-01-15 v3.1.10 (3.1.10)
\pgfnodeparttextbox=\box116
)
(e:/Program Files/LateX/texlive/2025/texmf-dist/tex/generic/pgf/modules/pgfmodu
leplot.code.tex
File: pgfmoduleplot.code.tex 2023-01-15 v3.1.10 (3.1.10)
)
(e:/Program Files/LateX/texlive/2025/texmf-dist/tex/latex/pgf/compatibility/pgf
comp-version-0-65.sty
Package: pgfcomp-version-0-65 2023-01-15 v3.1.10 (3.1.10)
\pgf@nodesepstart=\dimen331
\pgf@nodesepend=\dimen332
)
(e:/Program Files/LateX/texlive/2025/texmf-dist/tex/latex/pgf/compatibility/pgf
comp-version-1-18.sty
Package: pgfcomp-version-1-18 2023-01-15 v3.1.10 (3.1.10)
))
(e:/Program Files/LateX/texlive/2025/texmf-dist/tex/latex/pgf/utilities/pgffor.
sty
(e:/Program Files/LateX/texlive/2025/texmf-dist/tex/latex/pgf/utilities/pgfkeys
.sty
(e:/Program Files/LateX/texlive/2025/texmf-dist/tex/generic/pgf/utilities/pgfke
ys.code.tex))
(e:/Program Files/LateX/texlive/2025/texmf-dist/tex/latex/pgf/math/pgfmath.sty
(e:/Program Files/LateX/texlive/2025/texmf-dist/tex/generic/pgf/math/pgfmath.co
de.tex))
(e:/Program Files/LateX/texlive/2025/texmf-dist/tex/generic/pgf/utilities/pgffo
r.code.tex
Package: pgffor 2023-01-15 v3.1.10 (3.1.10)
\pgffor@iter=\dimen333
\pgffor@skip=\dimen334
\pgffor@stack=\toks41
\pgffor@toks=\toks42
))
(e:/Program Files/LateX/texlive/2025/texmf-dist/tex/generic/pgf/frontendlayer/t
ikz/tikz.code.tex
Package: tikz 2023-01-15 v3.1.10 (3.1.10)

(e:/Program Files/LateX/texlive/2025/texmf-dist/tex/generic/pgf/libraries/pgfli
braryplothandlers.code.tex
File: pgflibraryplothandlers.code.tex 2023-01-15 v3.1.10 (3.1.10)
\pgf@plot@mark@count=\count394
\pgfplotmarksize=\dimen335
)
\tikz@lastx=\dimen336
\tikz@lasty=\dimen337
\tikz@lastxsaved=\dimen338
\tikz@lastysaved=\dimen339
\tikz@lastmovetox=\dimen340
\tikz@lastmovetoy=\dimen341
\tikzleveldistance=\dimen342
\tikzsiblingdistance=\dimen343
\tikz@figbox=\box117
\tikz@figbox@bg=\box118
\tikz@tempbox=\box119
\tikz@tempbox@bg=\box120
\tikztreelevel=\count395
\tikznumberofchildren=\count396
\tikznumberofcurrentchild=\count397
\tikz@fig@count=\count398

(e:/Program Files/LateX/texlive/2025/texmf-dist/tex/generic/pgf/modules/pgfmodu
lematrix.code.tex
File: pgfmodulematrix.code.tex 2023-01-15 v3.1.10 (3.1.10)
\pgfmatrixcurrentrow=\count399
\pgfmatrixcurrentcolumn=\count400
\pgf@matrix@numberofcolumns=\count401
)
\tikz@expandcount=\count402

(e:/Program Files/LateX/texlive/2025/texmf-dist/tex/generic/pgf/frontendlayer/t
ikz/libraries/tikzlibrarytopaths.code.tex
File: tikzlibrarytopaths.code.tex 2023-01-15 v3.1.10 (3.1.10)
)))
(e:/Program Files/LateX/texlive/2025/texmf-dist/tex/generic/pgf/frontendlayer/t
ikz/libraries/tikzlibrarybackgrounds.code.tex
File: tikzlibrarybackgrounds.code.tex 2023-01-15 v3.1.10 (3.1.10)
\pgf@layerbox@background=\box121
\pgf@layerboxsaved@background=\box122
)
(e:/Program Files/LateX/texlive/2025/texmf-dist/tex/generic/pgf/frontendlayer/t
ikz/libraries/tikzlibrarycalc.code.tex
File: tikzlibrarycalc.code.tex 2023-01-15 v3.1.10 (3.1.10)
)
(e:/Program Files/LateX/texlive/2025/texmf-dist/tex/generic/pgf/frontendlayer/t
ikz/libraries/tikzlibraryshadows.code.tex
File: tikzlibraryshadows.code.tex 2023-01-15 v3.1.10 (3.1.10)

(e:/Program Files/LateX/texlive/2025/texmf-dist/tex/generic/pgf/frontendlayer/t
ikz/libraries/tikzlibraryfadings.code.tex
File: tikzlibraryfadings.code.tex 2023-01-15 v3.1.10 (3.1.10)

(e:/Program Files/LateX/texlive/2025/texmf-dist/tex/generic/pgf/libraries/pgfli
braryfadings.code.tex
File: pgflibraryfadings.code.tex 2023-01-15 v3.1.10 (3.1.10)
)))
(e:/Program Files/LateX/texlive/2025/texmf-dist/tex/generic/pgf/frontendlayer/t
ikz/libraries/tikzlibrarypositioning.code.tex
File: tikzlibrarypositioning.code.tex 2023-01-15 v3.1.10 (3.1.10)
)
(e:/Program Files/LateX/texlive/2025/texmf-dist/tex/generic/pgf/frontendlayer/t
ikz/libraries/tikzlibraryfit.code.tex
File: tikzlibraryfit.code.tex 2023-01-15 v3.1.10 (3.1.10)
)
(e:/Program Files/LateX/texlive/2025/texmf-dist/tex/latex/apptools/apptools.sty
Package: apptools 2012/11/28 v1.0 Tools for customizing appendices
) (e:/Program Files/LateX/texlive/2025/texmf-dist/tex/latex/psnfss/pifont.sty
Package: pifont 2020/03/25 PSNFSS-v9.3 Pi font support (SPQR) 
LaTeX Font Info:    Trying to load font information for U+pzd on input line 63.


(e:/Program Files/LateX/texlive/2025/texmf-dist/tex/latex/psnfss/upzd.fd
File: upzd.fd 2001/06/04 font definitions for U/pzd.
)
LaTeX Font Info:    Trying to load font information for U+psy on input line 64.


(e:/Program Files/LateX/texlive/2025/texmf-dist/tex/latex/psnfss/upsy.fd
File: upsy.fd 2001/06/04 font definitions for U/psy.
))
(e:/Program Files/LateX/texlive/2025/texmf-dist/tex/latex/manfnt/manfnt.sty
Package: manfnt 1999/07/010.2LaTeX2e manfnt package
\dbend@height=\skip73
)
(e:/Program Files/LateX/texlive/2025/texmf-dist/tex/latex/bbding/bbding.sty
Package: bbding 1999/04/15 v1.01 Dingbats symbols
)
(e:/Program Files/LateX/texlive/2025/texmf-dist/tex/latex/tcolorbox/tcolorbox.s
ty
Package: tcolorbox 2024/10/22 version 6.4.1 text color boxes
 (e:/Program Files/LateX/texlive/2025/texmf-dist/tex/latex/tools/verbatim.sty
Package: verbatim 2024-01-22 v1.5x LaTeX2e package for verbatim enhancements
\every@verbatim=\toks43
\verbatim@line=\toks44
\verbatim@in@stream=\read4
) (e:/Program Files/LateX/texlive/2025/texmf-dist/tex/latex/environ/environ.sty
Package: environ 2014/05/04 v0.3 A new way to define environments

(e:/Program Files/LateX/texlive/2025/texmf-dist/tex/latex/trimspaces/trimspaces
.sty
Package: trimspaces 2009/09/17 v1.1 Trim spaces around a token list
))
\tcb@titlebox=\box123
\tcb@upperbox=\box124
\tcb@lowerbox=\box125
\tcb@phantombox=\box126
\c@tcbbreakpart=\count403
\c@tcblayer=\count404
\c@tcolorbox@number=\count405
\l__tcobox_tmpa_box=\box127
\l__tcobox_tmpa_dim=\dimen344
\tcb@temp=\box128
\tcb@temp=\box129
\tcb@temp=\box130
\tcb@temp=\box131

(e:/Program Files/LateX/texlive/2025/texmf-dist/tex/latex/tcolorbox/tcbraster.c
ode.tex
Library (tcolorbox): 'tcbraster.code.tex' version '6.4.1'
\c@tcbrastercolumn=\count406
\c@tcbrasterrow=\count407
\c@tcbrasternum=\count408
\c@tcbraster=\count409
)
(e:/Program Files/LateX/texlive/2025/texmf-dist/tex/latex/tcolorbox/tcbskins.co
de.tex
Library (tcolorbox): 'tcbskins.code.tex' version '6.4.1'

(e:/Program Files/LateX/texlive/2025/texmf-dist/tex/latex/tikzfill/tikzfill.ima
ge.sty
Package: tikzfill.image 2023/08/08 v1.0.1 Image filling library for TikZ

(e:/Program Files/LateX/texlive/2025/texmf-dist/tex/latex/tikzfill/tikzfill-com
mon.sty
Package: tikzfill-common 2023/08/08 v1.0.1 Auxiliary code for tikzfill
)
(e:/Program Files/LateX/texlive/2025/texmf-dist/tex/latex/tikzfill/tikzlibraryf
ill.image.code.tex
File: tikzlibraryfill.image.code.tex 2023/08/08 v1.0.1 Image filling library
\l__tikzfill_img_box=\box132
))
(e:/Program Files/LateX/texlive/2025/texmf-dist/tex/latex/tcolorbox/tcbskinsjig
saw.code.tex
Library (tcolorbox): 'tcbskinsjigsaw.code.tex' version '6.4.1'
))
(e:/Program Files/LateX/texlive/2025/texmf-dist/tex/latex/tcolorbox/tcbbreakabl
e.code.tex
Library (tcolorbox): 'tcbbreakable.code.tex' version '6.4.1'
(e:/Program Files/LateX/texlive/2025/texmf-dist/tex/latex/pdfcol/pdfcol.sty
Package: pdfcol 2022-09-21 v1.7 Handle new color stacks for pdfTeX (HO)
Package pdfcol Info: Interface disabled because of missing PDF mode of pdfTeX.
)
Package pdfcol Info: pdfTeX's color stacks are not available.
\tcb@testbox=\box133
\tcb@totalupperbox=\box134
\tcb@totallowerbox=\box135
)
(e:/Program Files/LateX/texlive/2025/texmf-dist/tex/latex/tcolorbox/tcbhooks.co
de.tex
Library (tcolorbox): 'tcbhooks.code.tex' version '6.4.1'
)
(e:/Program Files/LateX/texlive/2025/texmf-dist/tex/latex/tcolorbox/tcbtheorems
.code.tex
Library (tcolorbox): 'tcbtheorems.code.tex' version '6.4.1'
)
(e:/Program Files/LateX/texlive/2025/texmf-dist/tex/latex/tcolorbox/tcbfitting.
code.tex
Library (tcolorbox): 'tcbfitting.code.tex' version '6.4.1'
\tcbfitdim=\dimen345
\tcb@lowerfitdim=\dimen346
\tcb@upperfitdim=\dimen347
\tcb@cur@hbadness=\count410
))
\c@tcb@cnt@definition=\count411
\c@tcb@cnt@theorem=\count412
\c@tcb@cnt@postulate=\count413
\c@tcb@cnt@axiom=\count414
\c@tcb@cnt@corollary=\count415
\c@tcb@cnt@lemma=\count416
\c@tcb@cnt@proposition=\count417
\c@exam=\count418
\c@exer=\count419
\c@prob=\count420
\c@prop=\count421
\ebword@headbox=\box136
\ebword@leftwidth=\skip74
\ebword@leftmin=\skip75
\ebword@leftmax=\skip76
\ebword@gap=\skip77
\ebword@rightwidth=\skip78
\ebword@measure=\skip79
\ebword@labelwidth=\skip80
\c@ebword@sense=\count422
 (e:/Program Files/LateX/texlive/2025/texmf-dist/tex/latex/adforn/adforn.sty
(e:/Program Files/LateX/texlive/2025/texmf-dist/tex/latex/svn-prov/svn-prov.sty
Package: svn-prov 2010/04/24 v3.1862 Package Date/Version from SVN Keywords
)
Package: adforn 2024/09/29 v1.2 (SVN Rev: 10442)
)
(e:/Program Files/LateX/texlive/2025/texmf-dist/tex/latex/fancyhdr/fancyhdr.sty
Package: fancyhdr 2025/02/07 v5.2 Extensive control of page headers and footers

\f@nch@headwidth=\skip81
\f@nch@offset@elh=\skip82
\f@nch@offset@erh=\skip83
\f@nch@offset@olh=\skip84
\f@nch@offset@orh=\skip85
\f@nch@offset@elf=\skip86
\f@nch@offset@erf=\skip87
\f@nch@offset@olf=\skip88
\f@nch@offset@orf=\skip89
\f@nch@height=\skip90
\f@nch@footalignment=\skip91
\f@nch@widthL=\skip92
\f@nch@widthC=\skip93
\f@nch@widthR=\skip94
\@temptokenb=\toks45
)
(e:/Program Files/LateX/texlive/2025/texmf-dist/tex/latex/listings/listings.sty
\lst@mode=\count423
\lst@gtempboxa=\box137
\lst@token=\toks46
\lst@length=\count424
\lst@currlwidth=\dimen348
\lst@column=\count425
\lst@pos=\count426
\lst@lostspace=\dimen349
\lst@width=\dimen350
\lst@newlines=\count427
\lst@lineno=\count428
\lst@maxwidth=\dimen351

(e:/Program Files/LateX/texlive/2025/texmf-dist/tex/latex/listings/lstpatch.sty
File: lstpatch.sty 2024/09/23 1.10c (Carsten Heinz)
)
(e:/Program Files/LateX/texlive/2025/texmf-dist/tex/latex/listings/lstmisc.sty
File: lstmisc.sty 2024/09/23 1.10c (Carsten Heinz)
\c@lstnumber=\count429
\lst@skipnumbers=\count430
\lst@framebox=\box138
)
(e:/Program Files/LateX/texlive/2025/texmf-dist/tex/latex/listings/listings.cfg
File: listings.cfg 2024/09/23 1.10c listings configuration
))
Package: listings 2024/09/23 1.10c (Carsten Heinz)

(e:/Program Files/LateX/texlive/2025/texmf-dist/tex/xelatex/xecjk/xeCJK-listing
s.sty
Package: xeCJK-listings 2022/08/05 v3.9.1 xeCJK patch file for listings
\l__xeCJK_listings_max_char_int=\count431
\l__xeCJK_listings_flag_int=\count432
)
(e:/Program Files/LateX/texlive/2025/texmf-dist/tex/latex/listings/lstlang1.sty
File: lstlang1.sty 2024/09/23 1.10c listings language file
)
(e:/Program Files/LateX/texlive/2025/texmf-dist/tex/latex/listings/lstlang2.sty
File: lstlang2.sty 2024/09/23 1.10c listings language file
)
(e:/Program Files/LateX/texlive/2025/texmf-dist/tex/latex/listings/lstlang3.sty
File: lstlang3.sty 2024/09/23 1.10c listings language file
)
(e:/Program Files/LateX/texlive/2025/texmf-dist/tex/latex/listings/lstlang1.sty
File: lstlang1.sty 2024/09/23 1.10c listings language file
)
(e:/Program Files/LateX/texlive/2025/texmf-dist/tex/latex/listings/lstlang2.sty
File: lstlang2.sty 2024/09/23 1.10c listings language file
)
(e:/Program Files/LateX/texlive/2025/texmf-dist/tex/latex/listings/lstlang3.sty
File: lstlang3.sty 2024/09/23 1.10c listings language file
)
(e:/Program Files/LateX/texlive/2025/texmf-dist/tex/latex/listings/lstlang1.sty
File: lstlang1.sty 2024/09/23 1.10c listings language file
)
(e:/Program Files/LateX/texlive/2025/texmf-dist/tex/latex/listings/lstlang2.sty
File: lstlang2.sty 2024/09/23 1.10c listings language file
)
(e:/Program Files/LateX/texlive/2025/texmf-dist/tex/latex/listings/lstlang3.sty
File: lstlang3.sty 2024/09/23 1.10c listings language file
)
(e:/Program Files/LateX/texlive/2025/texmf-dist/tex/latex/listings/lstmisc.sty
File: lstmisc.sty 2024/09/23 1.10c (Carsten Heinz)
) (e:/Program Files/LateX/texlive/2025/texmf-dist/tex/latex/tools/bm.sty
Package: bm 2023/12/19 v1.2f Bold Symbol Support (DPC/FMi)
Package bm Info: No bold for \OMX/cmex/m/n, using \pmb.
Package bm Info: No bold for \U/rsfs/m/n, using \pmb.
Package bm Info: No bold for \U/msa/m/n, using \pmb.
Package bm Info: No bold for \U/msb/m/n, using \pmb.
)
(e:/Program Files/LateX/texlive/2025/texmf-dist/tex/latex/tools/calc.sty
Package: calc 2023/07/08 v4.3 Infix arithmetic (KKT,FJ)
\calc@Acount=\count433
\calc@Bcount=\count434
\calc@Adimen=\dimen352
\calc@Bdimen=\dimen353
\calc@Askip=\skip95
\calc@Bskip=\skip96
LaTeX Info: Redefining \setlength on input line 80.
LaTeX Info: Redefining \addtolength on input line 81.
\calc@Ccount=\count435
\calc@Cskip=\skip97
)
(e:/Program Files/LateX/texlive/2025/texmf-dist/tex/latex/tocloft/tocloft.sty
Package: tocloft 2017/08/31 v2.3i parameterised ToC, etc., typesetting
Package tocloft Info: The document has chapter divisions on input line 51.
\cftparskip=\skip98
\cftbeforetoctitleskip=\skip99
\cftaftertoctitleskip=\skip100
\cftbeforepartskip=\skip101
\cftpartnumwidth=\skip102
\cftpartindent=\skip103
\cftbeforechapskip=\skip104
\cftchapindent=\skip105
\cftchapnumwidth=\skip106
\cftbeforesecskip=\skip107
\cftsecindent=\skip108
\cftsecnumwidth=\skip109
\cftbeforesubsecskip=\skip110
\cftsubsecindent=\skip111
\cftsubsecnumwidth=\skip112
\cftbeforesubsubsecskip=\skip113
\cftsubsubsecindent=\skip114
\cftsubsubsecnumwidth=\skip115
\cftbeforeparaskip=\skip116
\cftparaindent=\skip117
\cftparanumwidth=\skip118
\cftbeforesubparaskip=\skip119
\cftsubparaindent=\skip120
\cftsubparanumwidth=\skip121
\cftbeforeloftitleskip=\skip122
\cftafterloftitleskip=\skip123
\cftbeforefigskip=\skip124
\cftfigindent=\skip125
\cftfignumwidth=\skip126
\c@lofdepth=\count436
\c@lotdepth=\count437
\cftbeforelottitleskip=\skip127
\cftafterlottitleskip=\skip128
\cftbeforetabskip=\skip129
\cfttabindent=\skip130
\cfttabnumwidth=\skip131
)
\c@definitions=\count438
\cftbeforedefinitionsskip=\skip132
\cftdefinitionsindent=\skip133
\cftdefinitionsnumwidth=\skip134
\c@loddepth=\count439
\cftbeforelodtitleskip=\skip135
\cftafterlodtitleskip=\skip136
\c@theorems=\count440
\cftbeforetheoremsskip=\skip137
\cfttheoremsindent=\skip138
\cfttheoremsnumwidth=\skip139
\c@lothdepth=\count441
\cftbeforelothtitleskip=\skip140
\cftafterlothtitleskip=\skip141
\c@exercises=\count442
\cftbeforeexercisesskip=\skip142
\cftexercisesindent=\skip143
\cftexercisesnumwidth=\skip144
\c@loexerdepth=\count443
\cftbeforeloexertitleskip=\skip145
\cftafterloexertitleskip=\skip146
\c@properties=\count444
\cftbeforepropertiesskip=\skip147
\cftpropertiesindent=\skip148
\cftpropertiesnumwidth=\skip149
\c@loprdepth=\count445
\cftbeforeloprtitleskip=\skip150
\cftafterloprtitleskip=\skip151
LaTeX Font Info:    Font shape `TU/texgyretermes(0)/b/n' will be
(Font)              scaled to size 10.95pt on input line 1543.
)
Package csquotes Info: Checking for multilingual support...
Package csquotes Info: ... none found.
(./word.aux)
\openout1 = `word.aux'.

LaTeX Font Info:    Checking defaults for OML/cmm/m/it on input line 26.
LaTeX Font Info:    ... okay on input line 26.
LaTeX Font Info:    Checking defaults for OMS/cmsy/m/n on input line 26.
LaTeX Font Info:    ... okay on input line 26.
LaTeX Font Info:    Checking defaults for OT1/cmr/m/n on input line 26.
LaTeX Font Info:    ... okay on input line 26.
LaTeX Font Info:    Checking defaults for T1/cmr/m/n on input line 26.
LaTeX Font Info:    ... okay on input line 26.
LaTeX Font Info:    Checking defaults for TS1/cmr/m/n on input line 26.
LaTeX Font Info:    ... okay on input line 26.
LaTeX Font Info:    Checking defaults for TU/lmr/m/n on input line 26.
LaTeX Font Info:    ... okay on input line 26.
LaTeX Font Info:    Checking defaults for OMX/cmex/m/n on input line 26.
LaTeX Font Info:    ... okay on input line 26.
LaTeX Font Info:    Checking defaults for U/cmr/m/n on input line 26.
LaTeX Font Info:    ... okay on input line 26.
LaTeX Font Info:    Checking defaults for PD1/pdf/m/n on input line 26.
LaTeX Font Info:    ... okay on input line 26.
LaTeX Font Info:    Checking defaults for PU/pdf/m/n on input line 26.
LaTeX Font Info:    ... okay on input line 26.
Package hyperref Info: Link coloring ON on input line 26.
 (./word.out) (./word.out)
\@outlinefile=\write6
\openout6 = `word.out'.


*geometry* driver: auto-detecting
*geometry* detected driver: xetex
*geometry* verbose mode - [ preamble ] result:
* driver: xetex
* paper: a4paper
* layout: <same size as paper>
* layoutoffset:(h,v)=(0.0pt,0.0pt)
* modes: 
* h-part:(L,W,R)=(56.9055pt, 483.69687pt, 56.9055pt)
* v-part:(T,H,B)=(72.26997pt, 700.5069pt, 72.26997pt)
* \paperwidth=597.50787pt
* \paperheight=845.04684pt
* \textwidth=483.69687pt
* \textheight=700.5069pt
* \oddsidemargin=-15.36449pt
* \evensidemargin=-15.36449pt
* \topmargin=-73.12352pt
* \headheight=61.74242pt
* \headsep=11.38109pt
* \topskip=11.0pt
* \footskip=34.1433pt
* \marginparwidth=53.0pt
* \marginparsep=7.0pt
* \columnsep=10.0pt
* \skip\footins=10.0pt plus 4.0pt minus 2.0pt
* \hoffset=0.0pt
* \voffset=0.0pt
* \mag=1000
* \@twocolumnfalse
* \@twosidefalse
* \@mparswitchfalse
* \@reversemarginfalse
* (1in=72.27pt=25.4mm, 1cm=28.453pt)

Package caption Info: Begin \AtBeginDocument code.
Package caption Info: listings package is loaded.
Package caption Info: End \AtBeginDocument code.

(e:/Program Files/LateX/texlive/2025/texmf-dist/tex/latex/footmisc/footmisc.sty
Package: footmisc 2024/12/24 v6.0g a miscellany of footnote facilities
\FN@temptoken=\toks47
\footnotemargin=\dimen354
\@outputbox@depth=\dimen355
Package footmisc Info: Declaring symbol style bringhurst on input line 699.
Package footmisc Info: Declaring symbol style chicago on input line 707.
Package footmisc Info: Declaring symbol style wiley on input line 716.
Package footmisc Info: Declaring symbol style lamport-robust on input line 727.

Package footmisc Info: Declaring symbol style lamport* on input line 747.
Package footmisc Info: Declaring symbol style lamport*-robust on input line 768
.
)
\c@lstlisting=\count446


[1



]

[2

]

[3

]

[4

]

[5

]

[6

]

[7]

[8]

[9]

[10]

[11]

[12]

[13

]

[1


]
Chapter 1.


[2

]

[3]

[4]

[5]

[6]

[7]

[8]

[9]

[10]

[11]

[12]
Chapter 2.


[13

]

[14]

[15]

[16]

[17]

[18]

[19]
Chapter 3.


[20

]

[21]

[22]

[23]

[24]

[25]

[26]

[27]

[28]

[29]

[30]

[31]
Chapter 4.


[32

]

[33]

[34]
Chapter 5.


[35

]

[36]
Chapter 6.


[37

]

[38]

[39]

[40]

[41]

[42]

[43]

[44]

[45]
Chapter 7.


[46

]
Chapter 8.


[47

]

[48]

[49]

[50]

[51]

[52]

[53]

[54]
Chapter 9.


[55

]

[56]

[57]
Chapter 10.


[58

]

[59]

[60]

[61]
Chapter 11.


[62

]

[63]

[64]
Chapter 12.


[65

]

[66]

[67]

[68]
Chapter 13.


[69

]

[70]

[71]
Chapter 14.


[72

]

[73]

[74]
Chapter 15.


[75

]

[76]
Chapter 16.


[77

]

[78]

[79]

[80]

[81]

[82]
Chapter 17.


[83

]

[84]
Chapter 18.


[85

]

[86]

[87]
Chapter 19.


[88

]

[89]
Chapter 20.


[90

]

[91]

[92]
Chapter 21.


[93

]

[94]

[95]

[96]

[97]
Chapter 22.


[98

]

[99]
Chapter 23.


[100

]

[101]
Chapter 24.


[102

]

[103]

[104]
Chapter 25.


[105

]

[106]

[107]

[108]

[109]

[110]

[111]

[112]

[113]

[114]

[115]

[116]
Chapter 26.


[117

]

[118]

[119]

[120]

[121]

[122]

[123]

[124]

[125]

[126]

[127]
Chapter 27.


[128

]

[129]

[130]

[131]

[132]

[133]

[134]

[135]

[136]

[137]

[138]

[139]
Chapter 28.


[140

]

[141]

[142]

[143]

[144]

[145]

[146]

[147]

[148]

[149]

[150]

[151]

[152]

[153]

[154]

[155]

[156]

[157]
Chapter 29.


[158

]

[159]

[160]

[161]

[162]

[163]
Chapter 30.


[164

]

[165]
Chapter 31.


[166

]

[167]
Chapter 32.


[168

]

[169]

[170]

[171]

[172]

[173]

[174]

[175]
Chapter 33.


[176

]

[177]
Chapter 34.


[178

]

[179]

[180]

[181]

[182]
Chapter 35.


[183

]

[184]

[185]

[186]

[187]

[188]

[189]

[190]
Chapter 36.


[191

]

[192]

[193]

[194]

[195]
Chapter 37.


[196

]

[197]

[198]
Chapter 38.


[199

]

[200]
Chapter 39.


[201

]

[202]

[203]
Chapter 40.


[204

]

[205]
Chapter 41.


[206

]

[207]

[208]
Chapter 42.


[209

]

[210]

[211]

[212]

[213]

[214]

[215]

[216]

[217]

[218]

[219]

[220]
Chapter 43.


[221

]

[222]

[223]

[224]

[225]

[226]

[227]

[228]

[229]

[230]

[231]

[232]

[233]

[234]

[235]
Chapter 44.


[236

]

[237]

[238]
Chapter 45.


[239

]

[240]

[241]

[242]

[243]

[244]

[245]

[246]

[247]

[248]
Chapter 46.


[249

]

[250]

[251]
Chapter 47.


[252

]

[253]

[254]
Chapter 48.


[255

]
Chapter 49.


[256

]

[257]
Chapter 50.


[258

]

[259]

[260]
Chapter 51.


[261

]

[262]

[263]

[264]

[265]

[266]

[267]
Chapter 52.


[268

]

[269]

[270]
Chapter 53.


[271

]

[272]
Chapter 54.


[273

]

[274]
Chapter 55.


[275

]

[276]

[277]

[278]

[279]
Chapter 56.


[280

]

[281]

[282]

[283]
Chapter 57.


[284

]

[285]

[286]

[287]
Chapter 58.


[288

]

[289]

[290]
Chapter 59.


[291

]
Chapter 60.


[292

]

[293]

[294]

[295]
Chapter 61.


[296

]

[297]

[298]
Chapter 62.


[299

]

[300]

[301]

[302]

[303]

[304]
Chapter 63.


[305

]

[306]

[307]
Chapter 64.


[308

]

[309]

[310]

[311]

[312]

[313]

[314]

[315]

[316]
Chapter 65.


[317

]

[318]

[319]
Chapter 66.


[320

]

[321]

[322]
Chapter 67.


[323

]

[324]

[325]
Chapter 68.


[326

]

[327]

[328]

[329]

[330]
Chapter 69.


[331

]

[332]
Chapter 70.


[333

]

[334]

[335]

[336]

[337]
Chapter 71.


[338

]

[339]

[340]

[341]

[342]

[343]

[344]
Chapter 72.


[345

]
Chapter 73.


[346

]

[347]

[348]

[349]
Chapter 74.


[350

]

[351]
Chapter 75.


[352

]

[353]

[354]

[355]

[356]

[357]

[358]

[359]

[360]

[361]

[362]

[363]

[364]

[365]

[366]

[367]

[368]

[369]
Chapter 76.


[370

]

[371]

[372]
Chapter 77.


[373

]

[374]
Chapter 78.


[375

]
Chapter 79.


[376

]

[377]

[378]

[379]

[380]

[381]
Chapter 80.


[382

]
Chapter 81.


[383

]

[384]

[385]

[386]
Chapter 82.


[387

]

[388]

[389]

[390]

[391]

[392]
Chapter 83.


[393

]
Chapter 84.


[394

]

[395]

[396]

[397]

[398]

[399]

[400]
Chapter 85.


[401

]

[402]

[403]

[404]

[405]

[406]

[407]

[408]

[409]

[410]

[411]

[412]

[413]

[414]

[415]

[416]

[417]

[418]

[419]
Chapter 86.


[420

]

[421]
Chapter 87.


[422

]

[423]

[424]

[425]

[426]

[427]
Chapter 88.


[428

]

[429]

[430]
Chapter 89.


[431

]
Chapter 90.


[432

]

[433]

[434]

[435]

[436]
Chapter 91.


[437

]

[438]

[439]

[440]

[441]

[442]
Chapter 92.


[443

]

[444]

[445]

[446]
Chapter 93.


[447

]

[448]
Chapter 94.


[449

]
Chapter 95.


[450

]

[451]

[452]

[453]

[454]

[455]
Chapter 96.


[456

]
Chapter 97.


[457

]

[458]
Chapter 98.


[459

]
Chapter 99.


[460

]

[461]

[462]

[463]

[464]

[465]
Chapter 100.


[466

]

[467]

[468]

[469]

[470]
Chapter 101.


[471

]

[472]

[473]

[474]

[475]

[476]

[477]

[478]

[479]

[480]

[481]

[482]

[483]

[484]

[485]

[486]
Chapter 102.


[487

]

[488]

[489]

[490]

[491]

[492]

[493]

[494]

[495]
Chapter 103.


[496

]
Chapter 104.


[497

]

[498]

[499]

[500]

[501]

[502]
Chapter 105.


[503

]

[504]

[505]

[506]

[507]

[508]

[509]
Chapter 106.


[510

]

[511]

[512]

[513]

[514]
Chapter 107.


[515

]

[516]

[517]
Chapter 108.


[518

]

[519]

[520]

[521]

[522]

[523]
Chapter 109.


[524

]

[525]
Chapter 110.


[526

]

[527]

[528]

[529]

[530]
Chapter 111.


[531

]

[532]

[533]
Chapter 112.


[534

]

[535]

[536]

[537]

[538]

[539]

[540]

[541]

[542]

[543]
Chapter 113.


[544

]

[545]

[546]

[547]

[548]

[549]
Chapter 114.


[550

]

[551]

[552]

[553]

[554]
Chapter 115.


[555

]

[556]

[557]

[558]
Chapter 116.


[559

]

[560]

[561]
Chapter 117.


[562

]

[563]

[564]

[565]

[566]

[567]

[568]

[569]

[570]

[571]

[572]

[573]

[574]
Chapter 118.


[575

]

[576]

[577]

[578]

[579]
Chapter 119.


[580

]

[581]

[582]

[583]

[584]

[585]

[586]

[587]
Chapter 120.


[588

]

[589]

[590]

[591]

[592]

[593]

[594]

[595]

[596]

[597]

[598]

[599]
Chapter 121.


[600

]

[601]

[602]
Chapter 122.


[603

]

[604]

[605]

[606]

[607]

[608]

[609]

[610]
Chapter 123.


[611

]

[612]

[613]

[614]

[615]

[616]

[617]
Chapter 124.


[618

]

[619]
Chapter 125.


[620

]

[621]
Chapter 126.


[622

]

[623]

[624]

[625]

[626]
Chapter 127.


[627

]

[628]
Chapter 128.


[629

]

[630]
Chapter 129.


[631

]

[632]

[633]

[634]

[635]

[636]
Chapter 130.


[637

]

[638]
Chapter 131.


[639

]
Chapter 132.


[640

]

[641]
Chapter 133.


[642

]

[643]

[644]

[645]

[646]

[647]
Chapter 134.


[648

]
Chapter 135.


[649

]

[650]
Chapter 136.


[651

]

[652]

[653]
Chapter 137.


[654

]

[655]

[656]

[657]

[658]

[659]
Chapter 138.


[660

]

[661]

[662]
Chapter 139.


[663

]

[664]

[665]

[666]

[667]
Chapter 140.


[668

]

[669]
Chapter 141.


[670

]

[671]

[672]
Chapter 142.


[673

]

[674]

[675]

[676]

[677]

[678]
Chapter 143.


[679

]

[680]
Chapter 144.


[681

]

[682]

[683]

[684]

[685]

[686]
Chapter 145.


[687

]

[688]

[689]

[690]

[691]

[692]

[693]

[694]

[695]

[696]

[697]
Chapter 146.


[698

]

[699]

[700]
Chapter 147.


[701

]

[702]

[703]

[704]

[705]
Chapter 148.


[706

]

[707]

[708]

[709]
Chapter 149.


[710

]

[711]

[712]

[713]

[714]

[715]

[716]

[717]
Chapter 150.


[718

]

[719]
Chapter 151.


[720

]

[721]

[722]

[723]

[724]

[725]

[726]

[727]

[728]

[729]

[730]

[731]

[732]

[733]

[734]

[735]

[736]

[737]

[738]

[739]

[740]
Chapter 152.


[741

]

[742]
Chapter 153.


[743

]
Chapter 154.


[744

]

[745]

[746]
Chapter 155.


[747

]
Chapter 156.


[748

]

[749]

[750]

[751]

[752]

[753]

[754]

[755]

[756]

[757]

[758]

[759]

[760]

[761]

[762]

[763]

[764]

[765]

[766]

[767]

[768]

[769]

[770]

[771]

[772]

[773]

[774]

[775]

[776]

[777]

[778]

[779]

[780]

[781]

[782]

[783]
Chapter 157.


[784

]

[785]

[786]

[787]
Chapter 158.


[788

]

[789]

[790]
Chapter 159.


[791

]

[792]

[793]

[794]
Chapter 160.


[795

]

[796]
Chapter 161.


[797

]

[798]
Chapter 162.


[799

]
Chapter 163.


[800

]
Chapter 164.


[801

]

[802]

[803]

[804]

[805]
Chapter 165.


[806

]

[807]

[808]

[809]

[810]

[811]
Chapter 166.


[812

]

[813]

[814]

[815]

[816]
Chapter 167.


[817

]

[818]

[819]

[820]
Chapter 168.


[821

]
Chapter 169.


[822

]

[823]

[824]

[825]

[826]

[827]

[828]

[829]

[830]

[831]

[832]
Chapter 170.


[833

]

[834]

[835]

[836]

[837]

[838]
Chapter 171.


[839

]

[840]
Chapter 172.


[841

]

[842]

[843]

[844]

[845]
Chapter 173.


[846

]

[847]
Chapter 174.


[848

]

[849]
Chapter 175.


[850

]

[851]

[852]

[853]

[854]

[855]

[856]
Chapter 176.


[857

]

[858]

[859]

[860]

[861]
Chapter 177.


[862

]

[863]

[864]

[865]

[866]
Chapter 178.


[867

]

[868]

[869]

[870]

[871]
Chapter 179.


[872

]

[873]

[874]

[875]

[876]

[877]

[878]

[879]

[880]

[881]
Chapter 180.


[882

]

[883]
Chapter 181.


[884

]

[885]

[886]

[887]
Chapter 182.


[888

]

[889]

[890]
Chapter 183.


[891

]

[892]

[893]

[894]

[895]

[896]

[897]
Chapter 184.


[898

]

[899]

[900]

[901]
Chapter 185.


[902

]

[903]

[904]

[905]
Chapter 186.


[906

]

[907]

[908]
Chapter 187.


[909

]

[910]

[911]
Chapter 188.


[912

]

[913]
Chapter 189.


[914

]

[915]

[916]
Chapter 190.


[917

]

[918]
Chapter 191.


[919

]

[920]
Chapter 192.


[921

]

[922]
Chapter 193.


[923

]

[924]

[925]

[926]
Chapter 194.


[927

]

[928]

[929]

[930]
Chapter 195.


[931

]

[932]

[933]

[934]
Chapter 196.


[935

]
Chapter 197.


[936

]

[937]

[938]
Chapter 198.


[939

]
Chapter 199.


[940

]

[941]

[942]
Chapter 200.


[943

]

[944]
Chapter 201.


[945

]

[946]

[947]

[948]

[949]

[950]
Chapter 202.


[951

]

[952]

[953]

[954]
Chapter 203.


[955

]

[956]
Chapter 204.


[957

]
Chapter 205.


[958

]

[959]

[960]

[961]

[962]
Chapter 206.


[963

]

[964]

[965]
Chapter 207.


[966

]

[967]
Chapter 208.


[968

]

[969]

[970]

[971]
Chapter 209.


[972

]

[973]

[974]

[975]

[976]
Chapter 210.


[977

]

[978]

[979]

[980]

[981]
Chapter 211.


[982

]

[983]

[984]
Chapter 212.


[985

]

[986]

[987]
Chapter 213.


[988

]

[989]
Chapter 214.


[990

]

[991]
Chapter 215.


[992

]

[993]
Chapter 216.


[994

]
Chapter 217.


[995

]
Chapter 218.


[996

]

[997]
Chapter 219.


[998

]

[999]
Chapter 220.


[1000

]
Chapter 221.


[1001

]

[1002]
Chapter 222.


[1003

]

[1004]
Chapter 223.


[1005

]

[1006]

[1007]
Chapter 224.


[1008

]

[1009]
Chapter 225.


[1010

]

[1011]
Chapter 226.


[1012

]
Chapter 227.


[1013

]

[1014]
Chapter 228.


[1015

]

[1016]
Chapter 229.


[1017

]
Chapter 230.


[1018

]

[1019]

[1020]

[1021]

[1022]

[1023]
Chapter 231.


[1024

]

[1025]
Chapter 232.


[1026

]
Chapter 233.


[1027

]

[1028]

[1029]

[1030]
Chapter 234.


[1031

]

[1032]
Chapter 235.


[1033

]

[1034]

[1035]

[1036]

[1037]
Chapter 236.


[1038

]

[1039]

[1040]

[1041]

[1042]

[1043]

[1044]

[1045]

[1046]
Chapter 237.


[1047

]

[1048]

[1049]

[1050]
Chapter 238.


[1051

]

[1052]
Chapter 239.


[1053

]

[1054]
Chapter 240.


[1055

]

[1056]

[1057]

[1058]
Chapter 241.


[1059

]
Chapter 242.


[1060

]
Chapter 243.


[1061

]

[1062]

[1063]
Chapter 244.


[1064

]
Chapter 245.


[1065

]

[1066]
Chapter 246.


[1067

]

[1068]
Chapter 247.


[1069

]

[1070]
Chapter 248.


[1071

]
Chapter 249.


[1072

]

[1073]

[1074]

[1075]

[1076]

[1077]
Chapter 250.


[1078

]

[1079]

[1080]
Chapter 251.


[1081

]
Chapter 252.


[1082

]

[1083]
Chapter 253.


[1084

]

[1085]

[1086]

[1087]

[1088]

[1089]

[1090]

[1091]
Chapter 254.


[1092

]
Chapter 255.


[1093

]
Chapter 256.


[1094

]

[1095]
Chapter 257.


[1096

]

[1097]
Chapter 258.


[1098

]

[1099]
Chapter 259.


[1100

]

[1101]

[1102]
Chapter 260.


[1103

]
Chapter 261.


[1104

]
Chapter 262.


[1105

]

[1106]
Chapter 263.


[1107

]

[1108]
Chapter 264.


[1109

]

[1110]
Chapter 265.


[1111

]

[1112]
Chapter 266.


[1113

]

[1114]
Chapter 267.


[1115

]
Chapter 268.


[1116

]

[1117]

[1118]
Chapter 269.


[1119

]

[1120]

[1121]

[1122]
Chapter 270.


[1123

]

[1124]

[1125]

[1126]

[1127]

[1128]
Chapter 271.


[1129

]
Chapter 272.


[1130

]
Chapter 273.


[1131

]
Chapter 274.


[1132

]

[1133]

[1134]
Chapter 275.


[1135

]

[1136]

[1137]

[1138]
Chapter 276.


[1139

]

[1140]
Chapter 277.


[1141

]

[1142]

[1143]
Chapter 278.


[1144

]

[1145]

[1146]
Chapter 279.


[1147

]

[1148]

[1149]

[1150]
Chapter 280.


[1151

]
Chapter 281.


[1152

]

[1153]
Chapter 282.


[1154

]

[1155]
Chapter 283.


[1156

]

[1157]
Chapter 284.


[1158

]

[1159]

[1160]
Chapter 285.


[1161

]

[1162]
Chapter 286.


[1163

]

[1164]
Chapter 287.


[1165

]
Chapter 288.


[1166

]

[1167]

[1168]
Chapter 289.


[1169

]

[1170]
Chapter 290.


[1171

]

[1172]

[1173]

[1174]
Chapter 291.


[1175

]

[1176]
Chapter 292.


[1177

]

[1178]

[1179]
Chapter 293.


[1180

]

[1181]

[1182]

[1183]
Chapter 294.


[1184

]

[1185]
Chapter 295.


[1186

]

[1187]

[1188]

[1189]
Chapter 296.


[1190

]
Chapter 297.


[1191

]

[1192]
Chapter 298.


[1193

]
Chapter 299.


[1194

]

[1195]
Chapter 300.


[1196

]

[1197]

[1198]

[1199]

[1200]
Chapter 301.


[1201

]

[1202]
Chapter 302.


[1203

]

[1204]

[1205]
Chapter 303.


[1206

]

[1207]
Chapter 304.


[1208

]

[1209]

[1210]

[1211]

[1212]
Chapter 305.


[1213

]

[1214]

[1215]
Chapter 306.


[1216

]

[1217]

[1218]
Chapter 307.


[1219

]

[1220]
Chapter 308.


[1221

]

[1222]

[1223]

[1224]
Chapter 309.


[1225

]

[1226]

[1227]

[1228]
Chapter 310.


[1229

]

[1230]

[1231]

[1232]
Chapter 311.


[1233

]

[1234]

[1235]

[1236]

[1237]

[1238]

[1239]

[1240]
Chapter 312.


[1241

]

[1242]
Chapter 313.


[1243

]
Chapter 314.


[1244

]

[1245]
Chapter 315.


[1246

]

[1247]
Chapter 316.


[1248

]

[1249]

[1250]

[1251]

[1252]
Chapter 317.


[1253

]
Chapter 318.


[1254

]

[1255]

[1256]

[1257]
Chapter 319.


[1258

]
Chapter 320.


[1259

]

[1260]
Chapter 321.


[1261

]
Chapter 322.


[1262

]

[1263]

[1264]
Chapter 323.


[1265

]

[1266]

[1267]

[1268]
Chapter 324.


[1269

]
Chapter 325.


[1270

]
Chapter 326.


[1271

]
Chapter 327.


[1272

]

[1273]

[1274]
Chapter 328.


[1275

]
Chapter 329.


[1276

]

[1277]
Chapter 330.


[1278

]

[1279]
Chapter 331.


[1280

]
Chapter 332.


[1281

]
Chapter 333.


[1282

]
Chapter 334.


[1283

]
Chapter 335.


[1284

]

[1285]

[1286]

[1287]
Chapter 336.


[1288

]

[1289]
Chapter 337.


[1290

]
Chapter 338.


[1291

]

[1292]

[1293]

[1294]

[1295]

[1296]

[1297]

[1298]

[1299]

[1300]

[1301]

[1302]
Chapter 339.


[1303

]

[1304]

[1305]

[1306]

[1307]

[1308]
Chapter 340.


[1309

]

[1310]

[1311]
Chapter 341.


[1312

]

[1313]

[1314]

[1315

]
Chapter 342.


[1316

]

[1317]
Chapter 343.


[1318

]
Chapter 344.


[1319

]

[1320]
Chapter 345.


[1321

]

[1322]
Chapter 346.


[1323

]
Chapter 347.


[1324

]

[1325]
Chapter 348.


[1326

]

[1327]
Chapter 349.


[1328

]

[1329]
Chapter 350.


[1330

]

[1331]
Chapter 351.


[1332

]
Chapter 352.


[1333

]

[1334]
Chapter 353.


[1335

]
Chapter 354.


[1336

]

[1337]
Chapter 355.


[1338

]
Chapter 356.


[1339

]

[1340]

[1341]
Chapter 357.


[1342

]

[1343]

[1344]

[1345]
Chapter 358.


[1346

]

[1347]
Chapter 359.


[1348

]

[1349]
Chapter 360.


[1350

]

[1351]

[1352]
Chapter 361.


[1353

]

[1354]
Chapter 362.


[1355

]

[1356]

[1357]
Chapter 363.


[1358

]
Chapter 364.


[1359

]

[1360]
Chapter 365.


[1361

]
Chapter 366.


[1362

]
Chapter 367.


[1363

]
Chapter 368.


[1364

]
Chapter 369.


[1365

]
Chapter 370.


[1366

]

[1367]

[1368]

[1369]
Chapter 371.


[1370

]

[1371]

[1372]

[1373]

[1374]
Chapter 372.


[1375

]

[1376]
Chapter 373.


[1377

]

[1378]

[1379]

[1380]

[1381]
Chapter 374.


[1382

]

[1383]

[1384]

[1385]

[1386]

[1387]
Chapter 375.


[1388

]
Chapter 376.


[1389

]

[1390]

[1391]
Chapter 377.


[1392

]
Chapter 378.


[1393

]
Chapter 379.


[1394

]
Chapter 380.


[1395

]

[1396]

[1397]
Chapter 381.


[1398

]

[1399]
Chapter 382.


[1400

]

[1401]

[1402]

[1403]
Chapter 383.


[1404

]
Chapter 384.


[1405

]

[1406]
Chapter 385.


[1407

]

[1408]
Chapter 386.


[1409

]
Chapter 387.


[1410

]
Chapter 388.


[1411

]
Chapter 389.


[1412

]

[1413]
Chapter 390.


[1414

]
Chapter 391.


[1415

]
Chapter 392.


[1416

]

[1417]

[1418]

[1419]

[1420]

[1421]
Chapter 393.


[1422

]
Chapter 394.


[1423

]

[1424]

[1425]

[1426]

[1427]
Chapter 395.


[1428

]
Chapter 396.


[1429

]
Chapter 397.


[1430

]
Chapter 398.


[1431

]

[1432]
Chapter 399.


[1433

]

[1434]
Chapter 400.


[1435

]

[1436]

[1437]
Chapter 401.


[1438

]

[1439]
Chapter 402.


[1440

]

[1441]

[1442]

[1443]

[1444]
Chapter 403.


[1445

]

[1446]
Chapter 404.


[1447

]

[1448]

[1449]

[1450]

[1451]

[1452]

[1453]
Chapter 405.


[1454

]

[1455]
Chapter 406.


[1456

]

[1457]

[1458]

[1459]

[1460]

[1461]
Chapter 407.


[1462

]

[1463]

[1464]

[1465]
Chapter 408.


[1466

]
Chapter 409.


[1467

]

[1468]

[1469]
Chapter 410.


[1470

]
Chapter 411.


[1471

]

[1472]

[1473]
Chapter 412.


[1474

]
Chapter 413.


[1475

]
Chapter 414.


[1476

]
Chapter 415.


[1477

]
Chapter 416.


[1478

]

[1479]

[1480]

[1481]
Chapter 417.


[1482

]

[1483]
Chapter 418.


[1484

]
Chapter 419.


[1485

]
Chapter 420.


[1486

]

[1487]
Chapter 421.


[1488

]

[1489]

[1490]

[1491]
Chapter 422.


[1492

]
Chapter 423.


[1493

]

[1494]

[1495]
Chapter 424.


[1496

]

[1497]

[1498]
Chapter 425.


[1499

]

[1500]

[1501]

[1502]
Chapter 426.


[1503

]

[1504]
Chapter 427.


[1505

]

[1506]

[1507]

[1508]

[1509]
Chapter 428.


[1510

]

[1511]
Chapter 429.


[1512

]
Chapter 430.


[1513

]

[1514]
Chapter 431.


[1515

]

[1516]
Chapter 432.


[1517

]
Chapter 433.


[1518

]
Chapter 434.


[1519

]
Chapter 435.


[1520

]
Chapter 436.


[1521

]

[1522]
Chapter 437.


[1523

]
Chapter 438.


[1524

]
Chapter 439.


[1525

]
Chapter 440.


[1526

]

[1527]

[1528]

[1529]

[1530]
Chapter 441.


[1531

]
Chapter 442.


[1532

]
Chapter 443.


[1533

]
Chapter 444.


[1534

]

[1535]

[1536]

[1537]
Chapter 445.


[1538

]

[1539]

[1540]
附录 A.


[1541

]

[1542]

[1543]

[1544]

[1545]

[1546]

[1547]

[1548]

[1549]

[1550]

[1551]

[1552]

[1553]

[1554]

[1555]

[1556]

[1557]

[1558]

[1559]

[1560]

[1561]

[1562]

[1563]

[1564]

[1565]

[1566]

[1567]

[1568]

[1569]

[1570]

[1571]

[1572]

[1573]

[1574]

[1575]

[1576]

[1577]

[1578]

[1579]

[1580]

[1581]

[1582]

[1583]

[1584]

[1585]

[1586]

[1587]

[1588]

[1589]

[1590]

[1591]

[1592]

[1593]

[1594]

[1595]

[1596]

[1597]

[1598]

[1599]

[1600]

[1601]

[1602]

[1603]

[1604]

[1605]

[1606]

[1607]

[1608]

[1609]

[1610]

[1611]

[1612]

[1613]

[1614]

[1615]

[1616]

[1617]

[1618]

[1619]

[1620]

[1621]

[1622]

[1623]

[1624]

[1625]

[1626]

[1627]

[1628]

[1629]

[1630]

[1631]

[1632]

[1633]

[1634]

[1635]

[1636]

[1637]

[1638]

[1639]

[1640]

[1641]

[1642]

[1643]

[1644]

[1645]

[1646]

[1647]

[1648]

[1649]

[1650]

[1651]

[1652]

[1653]

[1654]

[1655]

[1656]

[1657]

[1658]

[1659]

[1660]

[1661]

[1662]

[1663]

[1664]

[1665]

[1666]

[1667]

[1668]

[1669]

[1670]

[1671]

[1672]

[1673]

[1674]

[1675]

[1676]

[1677]

[1678]

[1679]

[1680]

[1681]

[1682]

[1683]

[1684]

[1685]

[1686]

[1687]

[1688]

[1689]

[1690]

[1691]

[1692]

[1693]

[1694]

[1695]

[1696]

[1697]

[1698]

[1699]

[1700]

[1701]

[1702]

[1703]

[1704]

[1705]

[1706]

[1707]

[1708]

[1709]

[1710]

[1711]

[1712]

[1713]

[1714]

[1715]

[1716]

[1717]

[1718]

[1719]

[1720]

[1721]

[1722]

[1723]

[1724]

[1725]

[1726]

[1727]

[1728]

[1729]

[1730]

[1731]

[1732]

[1733]

[1734]

[1735]

[1736]

[1737]

[1738]

[1739]

[1740]

[1741]

[1742]

[1743]

[1744]

[1745]

[1746]

[1747]

[1748]

[1749]

[1750]

[1751]

[1752]

[1753]

[1754]

[1755]

[1756]

[1757]

[1758]

[1759]

[1760]

[1761]

[1762]

[1763]

[1764]

[1765]

[1766]

[1767]

[1768]

[1769]

[1770]

[1771]

[1772]

[1773]

[1774]

[1775]

[1776]

[1777]

[1778]

[1779]

[1780]

[1781]

[1782]

[1783]

[1784]

[1785]

[1786]

[1787]

[1788]

[1789]

[1790]

[1791]

[1792]

[1793]

[1794]

[1795]

[1796]

[1797]

[1798]

[1799]

[1800]

[1801]

[1802]

[1803]

[1804]

[1805]

[1806]

[1807]

[1808]

[1809]

[1810]

[1811]

[1812]

[1813]

[1814]

[1815]

[1816]

[1817]

[1818]

[1819]

[1820]

[1821]

[1822]

[1823]

[1824]

[1825]

[1826]

[1827]

[1828]

[1829]

[1830]

[1831]

[1832]

[1833]

[1834]

[1835]

[1836]

[1837]

[1838]

[1839]

[1840]

[1841]

[1842]

[1843]

[1844]

[1845]

[1846]

[1847]

[1848]

[1849]

[1850]

[1851]

[1852]

[1853]

[1854]

[1855]

[1856]

[1857]

[1858]

[1859]

[1860]

[1861]

[1862]

[1863]

[1864]

[1865]

[1866]

[1867]

[1868]

[1869]

[1870]

[1871]

[1872]

[1873]

[1874]

[1875]

[1876]

[1877]

[1878]

[1879]

[1880]

[1881]

[1882]

[1883]

[1884]

[1885]

[1886]

[1887]

[1888]

[1889]

[1890]

[1891]

[1892]

[1893]

[1894]

[1895]

[1896]

[1897]

[1898]

[1899]

[1900]

[1901]

[1902]

[1903]

[1904]

[1905]

[1906]

[1907]

[1908]

[1909]

[1910]

[1911]

[1912]

[1913]

[1914]

[1915]

[1916]

[1917]

[1918]

[1919]

[1920]

[1921]

[1922]

[1923]

[1924]

[1925]

[1926]

[1927]

[1928]

[1929]

[1930]

[1931]

[1932]

[1933]

[1934]

[1935]

[1936]

[1937]

[1938]

[1939]

[1940]

[1941]

[1942]

[1943]

[1944]

[1945]

[1946]

[1947]

[1948]

[1949]

[1950]

[1951]

[1952]

[1953]

[1954]

[1955]

[1956]

[1957]

[1958]

[1959]

[1960]

[1961]

[1962]

[1963]

[1964]

[1965]

[1966]

[1967]

[1968]

[1969]

[1970]

[1971]

[1972]

[1973]

[1974]

[1975]

[1976]

[1977]

[1978]

[1979]

[1980]

[1981]

[1982]

[1983]

[1984]

[1985]

[1986]

[1987]

[1988]

[1989]

[1990]

[1991]

[1992]

[1993]

[1994]

[1995]

[1996]

[1997]

[1998]

[1999]

[2000]

[2001]

[2002]

[2003]

[2004]

[2005]

[2006]

[2007]

[2008]

[2009]

[2010]

[2011]

[2012]

[2013]

[2014]

[2015]

[2016]

[2017]

[2018]

[2019]

[2020]

[2021]

[2022]

[2023]

[2024]

[2025]

[2026]

[2027]

[2028]

[2029]

[2030]

[2031]

[2032]

[2033]

[2034]

[2035]

[2036]

[2037]

[2038]

[2039]

[2040]

[2041]

[2042]

[2043]

[2044]

[2045]

[2046]

[2047]

[2048]

[2049]

[2050]

[2051] (./generated-root-index.tex [2052


] [2053] [2054] [2055] [2056] [2057]
[2058] [2059]) (./generated-word-index.tex [2060] [2061] [2062] [2063] [2064]
[2065] [2066] [2067] [2068] [2069] [2070] [2071] [2072] [2073] [2074] [2075]
[2076] [2077] [2078] [2079] [2080] [2081] [2082] [2083] [2084] [2085] [2086]
[2087] [2088] [2089])

[2090] (./word.aux)
 ***********
LaTeX2e <2024-11-01> patch level 2
L3 programming layer <2022/08/05>
 ***********
Package rerunfilecheck Info: File `word.out' has not changed.
(rerunfilecheck)             Checksum: DC11A0AFED63487F5DD192883CC3E9B5;1031.
 ) 
Here is how much of TeX's memory you used:
 39627 strings out of 473832
 908544 string characters out of 5723978
 1592724 words of memory out of 5000000
 61943 multiletter control sequences out of 15000+600000
 561699 words of font info for 130 fonts, out of 8000000 for 9000
 1348 hyphenation exceptions out of 8191
 103i,12n,127p,750b,938s stack positions out of 10000i,1000n,20000p,200000b,200000s

Output written on word.pdf (2103 pages).
