\BOOKMARK [0][]{chapter.1}{\376\377\0001\000\040\177\373\213\321}{}% 1
\BOOKMARK [0][]{chapter.2}{\376\377\0002\000\040\121\231\117\134}{}% 2
\BOOKMARK [1][]{section.2.1}{\376\377\0002\000.\0001\000\040\137\000\131\064\153\265}{chapter.2}% 3
\BOOKMARK [2][]{subsection.2.1.1}{\376\377\0002\000.\0001\000.\0001\000\040\126\340\147\234\230\172\143\250\116\016\116\367\120\074\155\361\123\026\127\213}{section.2.1}% 4
\BOOKMARK [2][]{subsection.2.1.2}{\376\377\0002\000.\0001\000.\0002\000\040\123\161\147\072\120\022\220\074\116\016\143\021\142\030\136\224\133\371\127\213}{section.2.1}% 5
\BOOKMARK [2][]{subsection.2.1.3}{\376\377\0002\000.\0001\000.\0003\000\040\136\163\210\141\123\005\133\271\116\016\123\314\217\150\136\166\210\114\127\213}{section.2.1}% 6
\BOOKMARK [1][]{section.2.2}{\376\377\0002\000.\0002\000\040\116\055\225\364\153\265}{chapter.2}% 7
\BOOKMARK [2][]{subsection.2.2.1}{\376\377\0002\000.\0002\000.\0001\000\040\217\336\143\245\213\315}{section.2.2}% 8
\BOOKMARK [3][]{subsubsection.2.2.1.1}{\376\377\0002\000.\0002\000.\0001\000.\0001\000\040\231\226\121\110}{subsection.2.2.1}% 9
\BOOKMARK [3][]{subsubsection.2.2.1.2}{\376\377\0002\000.\0002\000.\0001\000.\0002\000\040\121\166\153\041\377\014\153\144\131\026}{subsection.2.2.1}% 10
\BOOKMARK [3][]{subsubsection.2.2.1.3}{\376\377\0002\000.\0002\000.\0001\000.\0003\000\040\126\340\153\144}{subsection.2.2.1}% 11
\BOOKMARK [3][]{subsubsection.2.2.1.4}{\376\377\0002\000.\0002\000.\0001\000.\0004\000\040\150\071\147\054\123\237\126\340\000\040\000/\000\040\140\073\176\323\145\066\134\076}{subsection.2.2.1}% 12
\BOOKMARK [3][]{subsubsection.2.2.1.5}{\376\377\0002\000.\0002\000.\0001\000.\0005\000\040\217\154\142\230}{subsection.2.2.1}% 13
\BOOKMARK [3][]{subsubsection.2.2.1.6}{\376\377\0002\000.\0002\000.\0001\000.\0006\000\040\116\076\117\213}{subsection.2.2.1}% 14
\BOOKMARK [3][]{subsubsection.2.2.1.7}{\376\377\0002\000.\0002\000.\0001\000.\0007\000\040\124\175\230\230\211\201\154\102\220\002\221\115}{subsection.2.2.1}% 15
\BOOKMARK [2][]{subsection.2.2.2}{\376\377\0002\000.\0002\000.\0002\000\040\163\260\214\141\143\317\217\360}{section.2.2}% 16
\BOOKMARK [3][]{subsubsection.2.2.2.1}{\376\377\0002\000.\0002\000.\0002\000.\0001\000\040\146\156\220\115\133\130\127\050}{subsection.2.2.2}% 17
\BOOKMARK [3][]{subsubsection.2.2.2.2}{\376\377\0002\000.\0002\000.\0002\000.\0002\000\040\217\321\136\164\147\145\145\260\121\372\163\260\000/\213\250\213\272\160\355\136\246\232\330\166\204\161\046\160\271}{subsection.2.2.2}% 18
\BOOKMARK [3][]{subsubsection.2.2.2.3}{\376\377\0002\000.\0002\000.\0002\000.\0003\000\040\141\142\141\142\123\327\122\060\137\375\211\306\000/\210\253\155\341\137\330\166\204\226\220\137\347\163\260\214\141}{subsection.2.2.2}% 19
\BOOKMARK [2][]{subsection.2.2.3}{\376\377\0002\000.\0002\000.\0003\000\040\163\260\214\141\122\006\147\220}{section.2.2}% 20
\BOOKMARK [3][]{subsubsection.2.2.3.1}{\376\377\0002\000.\0002\000.\0003\000.\0001\000\040\165\061\121\205\124\021\131\026\040\024\040\024\116\052\117\123\137\303\164\006\121\205\126\340\122\060\171\076\117\032\163\257\130\203\131\026\126\340}{subsection.2.2.3}% 21
\BOOKMARK [3][]{subsubsection.2.2.3.2}{\376\377\0002\000.\0002\000.\0003\000.\0002\000\040\165\061\210\150\123\312\221\314\040\024\040\024\210\150\227\142\176\242\122\051\163\260\214\141\122\060\155\361\134\102\123\321\134\125\147\054\215\050\166\204\000"\116\367\120\074\220\022\217\333\176\277\000"}{subsection.2.2.3}% 22
\BOOKMARK [3][]{subsubsection.2.2.3.3}{\376\377\0002\000.\0002\000.\0003\000.\0003\000\040\165\061\210\150\123\312\221\314\040\024\040\024\163\260\116\343\040\034\226\220\137\347\165\333\160\271\040\035\122\060\213\244\167\345\040\034\150\071\156\220\122\126\147\220\040\035}{subsection.2.2.3}% 23
\BOOKMARK [2][]{subsection.2.2.4}{\376\377\0002\000.\0002\000.\0004\000\040\173\054\116\214\153\265\145\066\134\076}{section.2.2}% 24
\BOOKMARK [3][]{subsubsection.2.2.4.1}{\376\377\0002\000.\0002\000.\0004\000.\0001\000\040\133\242\211\302\137\305\211\201\140\047\124\174\124\001}{subsection.2.2.4}% 25
\BOOKMARK [3][]{subsubsection.2.2.4.2}{\376\377\0002\000.\0002\000.\0004\000.\0002\000\040\123\315\124\021\120\107\213\276\213\272\213\301}{subsection.2.2.4}% 26
\BOOKMARK [3][]{subsubsection.2.2.4.3}{\376\377\0002\000.\0002\000.\0004\000.\0003\000\040\230\204\147\037\171\076\117\032\145\110\136\224\230\204\155\113}{subsection.2.2.4}% 27
\BOOKMARK [3][]{subsubsection.2.2.4.4}{\376\377\0002\000.\0002\000.\0004\000.\0004\000\040\145\260\145\347\203\003\137\017\133\371\153\324}{subsection.2.2.4}% 28
\BOOKMARK [1][]{section.2.3}{\376\377\0002\000.\0003\000\040\176\323\134\076\153\265}{chapter.2}% 29
\BOOKMARK [2][]{subsection.2.3.1}{\376\377\0002\000.\0003\000.\0001\000\040\123\314\217\150\122\066\210\114\122\250\204\075\127\060\176\277}{section.2.3}% 30
\BOOKMARK [2][]{subsection.2.3.2}{\376\377\0002\000.\0003\000.\0002\000\040\176\246\147\137\147\072\122\066\116\016\123\161\147\072\133\371\121\262\176\277}{section.2.3}% 31
\BOOKMARK [2][]{subsection.2.3.3}{\376\377\0002\000.\0003\000.\0003\000\040\136\372\213\256}{section.2.3}% 32
\BOOKMARK [1][]{section.2.4}{\376\377\0002\000.\0004\000\040\176\323\134\076}{chapter.2}% 33
\BOOKMARK [2][]{subsection.2.4.1}{\376\377\0002\000.\0004\000.\0001\000\040\153\265\231\226\217\336\143\245\213\315}{section.2.4}% 34
