\BOOKMARK [-1][-]{part.1}{\376\377\173\054\116\000\220\350\122\006\000\040\000B\000l\000o\000w\000-\000u\000p\000\040\116\016\000D\000o\000l\000b\000e\000a\000u\000l\000t\000\040\116\012\124\014\214\003\133\146\116\140\173\024\213\260}{}% 1
\BOOKMARK [0][-]{chapter.1}{\376\377\000B\000l\000o\000w\000-\000u\000p}{part.1}% 2
\BOOKMARK [1][-]{section.1.1}{\376\377\127\372\147\054\151\202\137\365\124\214\117\213\133\120\133\146\116\140}{chapter.1}% 3
\BOOKMARK [2][-]{subsection.1.1.1}{\376\377\117\213\133\120\116\000}{section.1.1}% 4
\BOOKMARK [3][-]{subsubsection.1.1.1.1}{\376\377\000S\000o\000m\000e\000\040\000n\000o\000t\000a\000t\000i\000o\000n\000s}{subsection.1.1.1}% 5
\BOOKMARK [2][-]{subsection.1.1.2}{\376\377\000B\000l\000o\000w\000-\000u\000p\000\040\000w\000i\000t\000h\000\040\000t\000h\000e\000\040\000c\000e\000n\000t\000e\000r\000\040\000a\000t\000\040\000a\000\040\000p\000o\000i\000n\000t}{section.1.1}% 6
\BOOKMARK [2][-]{subsection.1.1.3}{\376\377\117\213\133\120\116\214}{section.1.1}% 7
\BOOKMARK [2][-]{subsection.1.1.4}{\376\377\147\204\136\372\116\000\202\054\131\015\155\101\137\142\116\012\166\204\000B\000l\000o\000w\000-\000u\000p\000s}{section.1.1}% 8
\BOOKMARK [2][-]{subsection.1.1.5}{\376\377\000D\000o\000l\000b\000e\000a\000u\000l\000t\000\040\000b\000l\000o\000w\000-\000u\000p\000\040\000f\000o\000r\000m\000u\000l\000a}{section.1.1}% 9
\BOOKMARK [-1][-]{part.2}{\376\377\173\054\116\214\220\350\122\006\000\040\136\046\147\000\117\030\136\070\145\160\117\060\213\241\166\204\136\366\142\323\133\232\164\006\123\312\121\166\136\224\165\050}{}% 10
\BOOKMARK [0][-]{chapter.2}{\376\377\000-\000e\000x\000t\000e\000n\000s\000i\000o\000n\000\040\000t\000h\000e\000o\000r\000e\000m\000s}{part.2}% 11
\BOOKMARK [1][-]{section.2.1}{\376\377\000-\000e\000x\000t\000e\000n\000s\000i\000o\000n\000\040\000t\000h\000e\000o\000r\000e\000m\000s\000\040\000w\000i\000t\000h\000\040\000o\000p\000t\000i\000m\000a\000l\000\040\000c\000o\000n\000s\000t\000a\000n\000t}{chapter.2}% 12
\BOOKMARK [2][-]{subsection.2.1.1}{\376\377\000S\000o\000m\000e\000\040\000n\000o\000t\000a\000t\000i\000o\000n\000s}{section.2.1}% 13
\BOOKMARK [2][-]{subsection.2.1.2}{\376\377\000P\000r\000o\000o\000f\000\040\000o\000f\000\040\000L\000e\000m\000m\000a\000\040\0004\000.\0002}{section.2.1}% 14
\BOOKMARK [3][-]{subsubsection.2.1.2.1}{\376\377\133\371\211\322\123\026}{subsection.2.1.2}% 15
\BOOKMARK [2][-]{subsection.2.1.3}{\376\377\000P\000r\000o\000o\000f\000\040\000o\000f\000\040\000L\000e\000m\000m\000a\000\040\0004\000.\0004}{section.2.1}% 16
\BOOKMARK [2][-]{subsection.2.1.4}{\376\377\000P\000r\000o\000o\000f\000\040\000o\000f\000\040\000L\000e\000m\000m\000a\000\040\0004\000.\0005}{section.2.1}% 17
\BOOKMARK [2][-]{subsection.2.1.5}{\376\377\000P\000r\000o\000o\000f\000\040\000o\000f\000\040\000L\000e\000m\000m\000a\000\040\0004\000.\0006}{section.2.1}% 18
\BOOKMARK [2][-]{subsection.2.1.6}{\376\377\000P\000r\000o\000o\000f\000\040\000o\000f\000\040\000L\000e\000m\000m\000a\000\040\0004\000.\0008}{section.2.1}% 19
\BOOKMARK [2][-]{subsection.2.1.7}{\376\377\000P\000r\000o\000o\000f\000\040\000o\000f\000\040\000L\000e\000m\000m\000a\000\040\0004\000.\0001\0001}{section.2.1}% 20
\BOOKMARK [2][-]{subsection.2.1.8}{\376\377\000P\000r\000o\000o\000f\000\040\000o\000f\000\040\000R\000e\000m\000a\000r\000k\000\040\0004\000.\0001\0002}{section.2.1}% 21
\BOOKMARK [2][-]{subsection.2.1.9}{\376\377\000P\000r\000o\000o\000f\000\040\000o\000f\000\040\000L\000e\000m\000m\000a\000\040\0004\000.\0001\0004}{section.2.1}% 22
\BOOKMARK [2][-]{subsection.2.1.10}{\376\377\000P\000r\000o\000o\000f\000\040\000o\000f\000\040\000L\000e\000m\000m\000a\000\040\0004\000.\0001\0006}{section.2.1}% 23
\BOOKMARK [2][-]{subsection.2.1.11}{\376\377\000P\000r\000o\000o\000f\000\040\000o\000f\000\040\000L\000e\000m\000m\000a\000\040\0004\000.\0001\0007}{section.2.1}% 24
\BOOKMARK [2][-]{subsection.2.1.12}{\376\377\000P\000r\000o\000o\000f\000\040\000o\000f\000\040\000L\000e\000m\000m\000a\000\040\0004\000.\0001\0008}{section.2.1}% 25
\BOOKMARK [1][-]{section.2.2}{\376\377\000T\000h\000e\000\040\000p\000r\000o\000o\000f\000\040\000o\000f\000\040\000t\000h\000e\000\040\000m\000a\000i\000n\000\040\000t\000h\000e\000o\000r\000e\000m\000\040\000I}{chapter.2}% 26
\BOOKMARK [1][-]{section.2.3}{\376\377\000P\000r\000o\000o\000f\000\040\000o\000f\000\040\000t\000h\000e\000\040\000m\000a\000i\000n\000\040\000T\000h\000e\000o\000r\000e\000m}{chapter.2}% 27
\BOOKMARK [2][-]{subsection.2.3.1}{\376\377\000A\000\040\000s\000i\000m\000p\000l\000e\000\040\000a\000b\000s\000t\000r\000a\000c\000t\000\040\000o\000f\000\040\000t\000h\000e\000\040\000a\000b\000o\000v\000e\000\040\000p\000r\000o\000g\000r\000e\000s\000s}{section.2.3}% 28
\BOOKMARK [3][-]{subsubsection.2.3.1.1}{\376\377\000S\000o\000m\000e\000\040\000b\000a\000s\000i\000c\000\040\000s\000e\000t\000t\000i\000n\000g\000s}{subsection.2.3.1}% 29
\BOOKMARK [3][-]{subsubsection.2.3.1.2}{\376\377\000C\000o\000n\000s\000t\000r\000u\000c\000t\000i\000o\000n\000\040\000o\000f\000\040\000t\000h\000e\000\040\000f\000a\000m\000i\000l\000y\000\040}{subsection.2.3.1}% 30
\BOOKMARK [3][-]{subsubsection.2.3.1.3}{\376\377\000S\000m\000o\000o\000t\000h\000\040\000r\000e\000a\000l\000\040\000f\000u\000n\000c\000t\000i\000o\000n\000s\000\040\000\040\000a\000n\000d\000\040\000\040\000i\000n\000\040}{subsection.2.3.1}% 31
\BOOKMARK [3][-]{subsubsection.2.3.1.4}{\376\377\000F\000i\000n\000d\000i\000n\000g\000\040\000t\000h\000e\000\040\000o\000p\000t\000i\000m\000a\000l\000\040\000l\000o\000w\000e\000r\000\040\000b\000o\000u\000n\000d\000\040\000f\000o\000r\000\040\000t\000h\000e\000\040\000e\000q\000u\000a\000t\000i\000o\000n\000\040\000i\000n\000\040\000L\000e\000m\000m\000a\000\040\0004\000.\0001}{subsection.2.3.1}% 32
\BOOKMARK [2][-]{subsection.2.3.2}{\376\377\000A\000\040\000s\000i\000n\000g\000u\000l\000a\000r\000\040\000m\000e\000t\000r\000i\000c\000\040\000v\000e\000r\000s\000i\000o\000n\000\040\000o\000f\000\040\000T\000h\000e\000o\000r\000e\000m\000\040\0002\000.\0001\000.\0001}{section.2.3}% 33
\BOOKMARK [2][-]{subsection.2.3.3}{\376\377\000P\000r\000o\000o\000f\000\040\000o\000f\000\040\000T\000h\000e\000o\000r\000e\000m\000\040\0002\000.\0001\000.\0002}{section.2.3}% 34
\BOOKMARK [2][-]{subsection.2.3.4}{\376\377\000S\000o\000l\000u\000t\000i\000o\000n\000\040\000o\000f\000\040\000t\000h\000e\000\040\000O\000D\000E\000\040\000s\000y\000s\000t\000e\000m\000\040\0002\000.\0003\0009}{section.2.3}% 35
\BOOKMARK [2][-]{subsection.2.3.5}{\376\377\000V\000e\000r\000i\000f\000i\000c\000a\000t\000i\000o\000n\000s\000\040\000o\000f\000\040\000R\000e\000m\000a\000r\000k\000\040\000\040\000a\000n\000d\000\040\000R\000e\000m\000a\000r\000k\000\040}{section.2.3}% 36
\BOOKMARK [1][-]{section.2.4}{\376\377\000T\000h\000e\000\040\000a\000p\000p\000l\000i\000c\000a\000t\000i\000o\000n\000s\000\040\000o\000f\000\040\000t\000h\000e\000\040\000m\000a\000i\000n\000\040\000t\000h\000e\000o\000r\000e\000m}{chapter.2}% 37
\BOOKMARK [2][-]{subsection.2.4.1}{\376\377\000T\000h\000e\000\040\000S\000u\000i\000t\000a\000'\000s\000\040\000c\000o\000n\000j\000e\000c\000t\000u\000r\000e}{section.2.4}% 38
\BOOKMARK [2][-]{subsection.2.4.2}{\376\377\000-\000c\000o\000n\000j\000e\000c\000t\000u\000r\000e}{section.2.4}% 39
\BOOKMARK [-1][-]{part.3}{\376\377\173\054\116\011\220\350\122\006\000\040\000S\000e\000r\000i\000e\000s\000\040\000o\000f\000\040\000`\000`\000O\000n\000\040\000t\000h\000e\000\040\000E\000x\000t\000e\000n\000s\000i\000o\000n\000\040\000o\000f\000\040\000\040\000H\000o\000l\000o\000m\000o\000r\000p\000h\000i\000c\000\040\000F\000u\000n\000c\000t\000i\000o\000n\000s\000'\000'\000\040\000B\000y\000\040\000T\000a\000k\000e\000o\000\040\000O\000h\000s\000a\000w\000a}{}% 40
\BOOKMARK [0][-]{chapter.3}{\376\377\000O\000n\000\040\000t\000h\000e\000\040\000E\000x\000t\000e\000n\000s\000i\000o\000n\000\040\000o\000f\000\040\000\040\000H\000o\000l\000o\000m\000o\000r\000p\000h\000i\000c\000\040\000F\000u\000n\000c\000t\000i\000o\000n\000s\000\040\000I}{part.3}% 41
\BOOKMARK [1][-]{section.3.1}{\376\377\000P\000r\000e\000l\000i\000m\000i\000n\000a\000r\000i\000e\000s}{chapter.3}% 42
\BOOKMARK [-1][-]{part.4}{\376\377\173\054\126\333\220\350\122\006\000\040\000S\000o\000m\000e\000\040\000C\000o\000m\000p\000l\000e\000m\000e\000n\000t\000s\000\040\000a\000b\000o\000u\000t\000\040\000t\000h\000e\000\040\000m\000a\000i\000n\000\040\000r\000e\000s\000u\000l\000t\000s}{}% 43
\BOOKMARK [0][-]{appendix.A}{\376\377\000C\000o\000m\000p\000l\000e\000m\000e\000n\000t\000s}{part.4}% 44
\BOOKMARK [1][-]{section.A.1}{\376\377\000P\000s\000e\000u\000d\000o\000c\000o\000n\000v\000e\000x\000i\000t\000y}{appendix.A}% 45
\BOOKMARK [0][-]{appendix*.3}{\376\377\123\302\200\003\145\207\163\056}{part.4}% 46
