\BOOKMARK [1][]{Doc-Start}{\376\377\000P\000D\000F\173\054\0001\230\165}{}% 1
\BOOKMARK [1][]{Doc-Start}{\376\377\000P\000D\000F\173\054\0002\230\165}{}% 2
\BOOKMARK [1][]{Doc-Start}{\376\377\000P\000D\000F\173\054\0003\230\165}{}% 3
\BOOKMARK [1][]{Doc-Start}{\376\377\000P\000D\000F\173\054\0004\230\165}{}% 4
\BOOKMARK [1][]{Doc-Start}{\376\377\000P\000D\000F\173\054\0005\230\165}{}% 5
\BOOKMARK [1][]{Doc-Start}{\376\377\000P\000D\000F\173\054\0006\230\165}{}% 6
\BOOKMARK [1][]{Doc-Start}{\376\377\000P\000D\000F\173\054\0007\230\165}{}% 7
\BOOKMARK [1][]{Doc-Start}{\376\377\000P\000D\000F\173\054\0008\230\165}{}% 8
\BOOKMARK [1][]{Doc-Start}{\376\377\000P\000D\000F\173\054\0009\230\165}{}% 9
\BOOKMARK [1][]{Doc-Start}{\376\377\000P\000D\000F\173\054\0001\0000\230\165}{}% 10
\BOOKMARK [1][]{Doc-Start}{\376\377\000P\000D\000F\173\054\0001\0001\230\165}{}% 11
\BOOKMARK [1][]{Doc-Start}{\376\377\000P\000D\000F\173\054\0001\0002\230\165}{}% 12
\BOOKMARK [1][]{Doc-Start}{\376\377\000P\000D\000F\173\054\0001\0003\230\165}{}% 13
\BOOKMARK [1][]{Doc-Start}{\376\377\000P\000D\000F\173\054\0001\0004\230\165}{}% 14
\BOOKMARK [2][]{section*.1}{\376\377\116\003\116\013}{Doc-Start}% 15
\BOOKMARK [2][]{section*.1}{\376\377\173\054\116\000\123\125\121\103\000\040\227\122\146\045\145\366\121\111\377\010\201\352\117\341\377\014\201\352\137\072\377\014\201\352\134\012\377\014\201\352\172\313\377\011}{Doc-Start}% 16
\BOOKMARK [1][]{section*.1}{\376\377\000P\000D\000F\173\054\0001\0005\230\165}{}% 17
\BOOKMARK [1][]{section*.1}{\376\377\000P\000D\000F\173\054\0001\0006\230\165}{}% 18
\BOOKMARK [1][]{section*.1}{\376\377\000P\000D\000F\173\054\0001\0007\230\165}{}% 19
\BOOKMARK [1][]{section*.1}{\376\377\000P\000D\000F\173\054\0001\0008\230\165}{}% 20
\BOOKMARK [2][]{section*.2}{\376\377\173\054\116\000\123\125\121\103\377\032\120\132\140\305\176\352\140\305\141\037\166\204\116\073\116\272}{section*.1}% 21
\BOOKMARK [1][]{section*.2}{\376\377\000P\000D\000F\173\054\0001\0009\230\165}{}% 22
\BOOKMARK [1][]{section*.2}{\376\377\000P\000D\000F\173\054\0002\0000\230\165}{}% 23
\BOOKMARK [2][]{section*.3}{\376\377\173\054\116\011\123\125\121\103\127\050\226\306\117\123\116\055\142\020\225\177}{section*.2}% 24
\BOOKMARK [1][]{section*.3}{\376\377\000P\000D\000F\173\054\0002\0001\230\165}{}% 25
\BOOKMARK [1][]{section*.3}{\376\377\000P\000D\000F\173\054\0002\0002\230\165}{}% 26
\BOOKMARK [1][]{section*.3}{\376\377\000P\000D\000F\173\054\0002\0003\230\165}{}% 27
\BOOKMARK [1][]{section*.3}{\376\377\000P\000D\000F\173\054\0002\0004\230\165}{}% 28
\BOOKMARK [1][]{section*.3}{\376\377\000P\000D\000F\173\054\0002\0005\230\165}{}% 29
\BOOKMARK [1][]{section*.3}{\376\377\000P\000D\000F\173\054\0002\0006\230\165}{}% 30
\BOOKMARK [2][]{section*.4}{\376\377\173\054\126\333\123\125\121\103\215\160\217\333\154\325\154\273\131\051\127\060}{section*.3}% 31
\BOOKMARK [1][]{section*.4}{\376\377\000P\000D\000F\173\054\0002\0007\230\165}{}% 32
\BOOKMARK [1][]{section*.4}{\376\377\000P\000D\000F\173\054\0002\0008\230\165}{}% 33
\BOOKMARK [1][]{section*.4}{\376\377\000P\000D\000F\173\054\0002\0009\230\165}{}% 34
\BOOKMARK [1][]{section*.4}{\376\377\000P\000D\000F\173\054\0003\0000\230\165}{}% 35
\BOOKMARK [2][]{section*.5}{\376\377\121\153\116\012}{section*.4}% 36
\BOOKMARK [2][]{section*.5}{\376\377\173\054\116\000\123\125\121\103\000\040\215\160\217\333\171\076\117\032\165\037\155\073}{section*.4}% 37
\BOOKMARK [2][]{section*.5}{\376\377\173\054\116\000\213\376\000\040\116\060\133\314\166\204\171\076\117\032\165\037\155\073}{section*.4}% 38
\BOOKMARK [1][]{section*.5}{\376\377\000P\000D\000F\173\054\0003\0001\230\165}{}% 39
\BOOKMARK [2][]{section*.6}{\376\377\173\054\116\214\213\376\177\121\176\334\165\037\155\073\145\260\172\172\225\364}{section*.5}% 40
\BOOKMARK [2][]{section*.6}{\376\377\173\054\116\011\213\376\000\267\171\076\117\032\165\037\155\073\171\273\116\015\137\000\211\304\122\031}{section*.5}% 41
\BOOKMARK [1][]{section*.6}{\376\377\000P\000D\000F\173\054\0003\0002\230\165}{}% 42
\BOOKMARK [2][]{section*.7}{\376\377\173\054\126\333\213\376\171\076\117\032\165\037\155\073\213\262\220\123\137\267}{section*.6}% 43
\BOOKMARK [1][]{section*.7}{\376\377\000P\000D\000F\173\054\0003\0003\230\165}{}% 44
\BOOKMARK [2][]{section*.8}{\376\377\173\054\116\224\213\376\120\132\133\210\154\325\166\204\121\154\154\021\124\014\131\004\116\016}{section*.7}% 45
\BOOKMARK [1][]{section*.8}{\376\377\000P\000D\000F\173\054\0003\0004\230\165}{}% 46
\BOOKMARK [1][]{section*.8}{\376\377\000P\000D\000F\173\054\0003\0005\230\165}{}% 47
\BOOKMARK [2][]{section*.9}{\376\377\173\054\116\011\123\125\121\103\122\307\142\305\171\076\117\032\215\043\116\373}{section*.8}% 48
\BOOKMARK [2][]{section*.9}{\376\377\173\054\121\155\213\376\215\043\116\373\116\016\211\322\202\162\124\014\127\050}{section*.8}% 49
\BOOKMARK [1][]{section*.9}{\376\377\000P\000D\000F\173\054\0003\0006\230\165}{}% 50
\BOOKMARK [2][]{section*.10}{\376\377\173\054\116\003\213\376\000\040\171\357\147\201\131\111\163\056\171\076\117\032}{section*.9}% 51
\BOOKMARK [1][]{section*.10}{\376\377\000P\000D\000F\173\054\0003\0007\230\165}{}% 52
\BOOKMARK [2][]{section*.11}{\376\377\173\054\121\153\213\376\000\040\126\375\133\266\122\051\166\312\201\363\116\012}{section*.10}% 53
\BOOKMARK [1][]{section*.11}{\376\377\000P\000D\000F\173\054\0003\0008\230\165}{}% 54
\BOOKMARK [2][]{section*.12}{\376\377\173\054\116\135\213\376\000\040\150\021\172\313\140\073\117\123\126\375\133\266\133\211\121\150\211\302}{section*.11}% 55
\BOOKMARK [2][]{section*.12}{\376\377\173\054\123\101\213\376\136\372\213\276\177\216\131\175\171\126\126\375}{section*.11}% 56
\BOOKMARK [1][]{section*.12}{\376\377\000P\000D\000F\173\054\0003\0009\230\165}{}% 57
\BOOKMARK [2][]{section*.13}{\376\377\121\153\116\013}{section*.12}% 58
\BOOKMARK [2][]{section*.13}{\376\377\173\054\116\000\213\376\176\364\142\244\133\252\154\325\147\103\132\001}{section*.12}% 59
\BOOKMARK [1][]{section*.13}{\376\377\000P\000D\000F\173\054\0004\0000\230\165}{}% 60
\BOOKMARK [1][]{section*.13}{\376\377\000P\000D\000F\173\054\0004\0001\230\165}{}% 61
\BOOKMARK [1][]{section*.13}{\376\377\000P\000D\000F\173\054\0004\0002\230\165}{}% 62
\BOOKMARK [2][]{section*.14}{\376\377\173\054\116\000\213\376\176\364\142\244\133\252\154\325\147\103\132\001}{section*.13}% 63
\BOOKMARK [1][]{section*.14}{\376\377\000P\000D\000F\173\054\0004\0003\230\165}{}% 64
\BOOKMARK [1][]{section*.14}{\376\377\000P\000D\000F\173\054\0004\0004\230\165}{}% 65
\BOOKMARK [1][]{section*.14}{\376\377\000P\000D\000F\173\054\0004\0005\230\165}{}% 66
\BOOKMARK [2][]{section*.15}{\376\377\173\054\116\011\213\376\121\154\154\021\147\103\122\051}{section*.14}% 67
\BOOKMARK [1][]{section*.15}{\376\377\000P\000D\000F\173\054\0004\0006\230\165}{}% 68
\BOOKMARK [1][]{section*.15}{\376\377\000P\000D\000F\173\054\0004\0007\230\165}{}% 69
\BOOKMARK [1][]{section*.15}{\376\377\000P\000D\000F\173\054\0004\0008\230\165}{}% 70
\BOOKMARK [2][]{section*.16}{\376\377\173\054\126\333\213\376\121\154\154\021\116\111\122\241}{section*.15}% 71
\BOOKMARK [1][]{section*.16}{\376\377\000P\000D\000F\173\054\0004\0009\230\165}{}% 72
\BOOKMARK [1][]{section*.16}{\376\377\000P\000D\000F\173\054\0005\0000\230\165}{}% 73
\BOOKMARK [2][]{section*.17}{\376\377\173\054\116\224\213\376\000\040\142\021\126\375\166\204\145\077\154\273\124\214\176\317\155\116\122\066\136\246}{section*.16}% 74
\BOOKMARK [1][]{section*.17}{\376\377\000P\000D\000F\173\054\0005\0001\230\165}{}% 75
\BOOKMARK [1][]{section*.17}{\376\377\000P\000D\000F\173\054\0005\0002\230\165}{}% 76
\BOOKMARK [2][]{section*.18}{\376\377\173\054\116\224\213\376\000\040\142\021\126\375\166\204\145\077\154\273\124\214\176\317\155\116\122\066\136\246}{section*.17}% 77
\BOOKMARK [1][]{section*.18}{\376\377\000P\000D\000F\173\054\0005\0003\230\165}{}% 78
\BOOKMARK [2][]{section*.19}{\376\377\173\054\116\224\213\376\000\040\142\021\126\375\166\204\145\077\154\273\124\214\176\317\155\116\122\066\136\246}{section*.18}% 79
\BOOKMARK [1][]{section*.19}{\376\377\000P\000D\000F\173\054\0005\0004\230\165}{}% 80
\BOOKMARK [2][]{section*.20}{\376\377\173\054\121\155\213\376\000\040\142\021\126\375\126\375\133\266\147\072\147\204}{section*.19}% 81
\BOOKMARK [1][]{section*.20}{\376\377\000P\000D\000F\173\054\0005\0005\230\165}{}% 82
\BOOKMARK [1][]{section*.20}{\376\377\000P\000D\000F\173\054\0005\0006\230\165}{}% 83
\BOOKMARK [1][]{section*.20}{\376\377\000P\000D\000F\173\054\0005\0007\230\165}{}% 84
\BOOKMARK [1][]{section*.20}{\376\377\000P\000D\000F\173\054\0005\0008\230\165}{}% 85
\BOOKMARK [2][]{section*.21}{\376\377\173\054\121\155\213\376\000\040\142\021\126\375\126\375\133\266\147\072\147\204}{section*.20}% 86
\BOOKMARK [1][]{section*.21}{\376\377\000P\000D\000F\173\054\0005\0009\230\165}{}% 87
\BOOKMARK [1][]{section*.21}{\376\377\000P\000D\000F\173\054\0006\0000\230\165}{}% 88
\BOOKMARK [2][]{section*.22}{\376\377\173\054\116\003\213\376\134\012\221\315\201\352\165\061\136\163\173\111}{section*.21}% 89
\BOOKMARK [1][]{section*.22}{\376\377\000P\000D\000F\173\054\0006\0001\230\165}{}% 90
\BOOKMARK [2][]{section*.23}{\376\377\173\054\121\153\213\376\176\364\142\244\121\154\136\163\153\143\116\111}{section*.22}% 91
\BOOKMARK [1][]{section*.23}{\376\377\000P\000D\000F\173\054\0006\0002\230\165}{}% 92
\BOOKMARK [2][]{section*.24}{\376\377\173\054\121\153\213\376\000\040\176\364\142\244\121\154\136\163\153\143\116\111}{section*.23}% 93
\BOOKMARK [1][]{section*.24}{\376\377\000P\000D\000F\173\054\0006\0003\230\165}{}% 94
\BOOKMARK [1][]{section*.24}{\376\377\000P\000D\000F\173\054\0006\0004\230\165}{}% 95
\BOOKMARK [1][]{section*.24}{\376\377\000P\000D\000F\173\054\0006\0005\230\165}{}% 96
\BOOKMARK [2][]{section*.25}{\376\377\173\054\116\000\213\376\216\017\116\012\137\072\126\375\116\113\215\357\173\054\116\000\150\106\377\032\127\132\143\001\145\071\227\151\137\000\145\076}{section*.24}% 97
\BOOKMARK [1][]{section*.25}{\376\377\000P\000D\000F\173\054\0006\0006\230\165}{}% 98
\BOOKMARK [2][]{section*.26}{\376\377\173\054\116\214\213\376\122\033\145\260\232\161\122\250\123\321\134\125\202\022\122\237\166\204\217\203\221\317}{section*.25}% 99
\BOOKMARK [1][]{section*.26}{\376\377\000P\000D\000F\173\054\0006\0007\230\165}{}% 100
\BOOKMARK [1][]{section*.26}{\376\377\000P\000D\000F\173\054\0006\0008\230\165}{}% 101
\BOOKMARK [1][]{section*.26}{\376\377\000P\000D\000F\173\054\0006\0009\230\165}{}% 102
\BOOKMARK [2][]{section*.27}{\376\377\173\054\126\333\213\376\136\372\213\276\154\325\154\273\116\055\126\375\000\040\163\207\215\050\147\234\147\137\000:\121\150\225\364\117\235\154\325\154\273}{section*.26}% 103
\BOOKMARK [1][]{section*.27}{\376\377\000P\000D\000F\173\054\0007\0000\230\165}{}% 104
\BOOKMARK [2][]{section*.28}{\376\377\173\054\116\224\213\376\133\210\147\033\174\276\171\136\133\266\126\355\173\054\116\000\150\106\136\366\176\355\145\207\123\026\210\100\201\011}{section*.27}% 105
\BOOKMARK [1][]{section*.28}{\376\377\000P\000D\000F\173\054\0007\0001\230\165}{}% 106
\BOOKMARK [1][]{section*.28}{\376\377\000P\000D\000F\173\054\0007\0002\230\165}{}% 107
\BOOKMARK [1][]{section*.28}{\376\377\000P\000D\000F\173\054\0007\0003\230\165}{}% 108
\BOOKMARK [2][]{section*.29}{\376\377\173\054\121\155\213\376\136\372\213\276\177\216\116\075\116\055\126\375\173\054\116\000\150\106\153\143\211\306\123\321\134\125\143\021\142\030}{section*.28}% 109
\BOOKMARK [1][]{section*.29}{\376\377\000P\000D\000F\173\054\0007\0004\230\165}{}% 110
\BOOKMARK [1][]{section*.29}{\376\377\000P\000D\000F\173\054\0007\0005\230\165}{}% 111
\BOOKMARK [2][]{section*.30}{\376\377\173\054\116\003\213\376\000\040\116\055\123\116\116\000\133\266\116\262\173\054\116\000\150\106\117\303\217\333\154\021\145\317\126\342\176\323}{section*.29}% 112
\BOOKMARK [1][]{section*.30}{\376\377\000P\000D\000F\173\054\0007\0006\230\165}{}% 113
\BOOKMARK [1][]{section*.30}{\376\377\000P\000D\000F\173\054\0007\0007\230\165}{}% 114
\BOOKMARK [2][]{section*.31}{\376\377\173\054\121\153\213\376\116\055\126\375\116\272\116\055\126\375\150\246\000\040\173\054\116\000\150\106\142\021\116\354\166\204\150\246\140\363}{section*.30}% 115
\BOOKMARK [1][]{section*.31}{\376\377\000P\000D\000F\173\054\0007\0008\230\165}{}% 116
\BOOKMARK [1][]{section*.31}{\376\377\000P\000D\000F\173\054\0007\0009\230\165}{}% 117
\BOOKMARK [1][]{section*.31}{\376\377\000P\000D\000F\173\054\0008\0000\230\165}{}% 118
\BOOKMARK [1][]{section*.31}{\376\377\000P\000D\000F\173\054\0008\0001\230\165}{}% 119
\BOOKMARK [1][]{section*.31}{\376\377\000P\000D\000F\173\054\0008\0002\230\165}{}% 120
\BOOKMARK [1][]{section*.31}{\376\377\000P\000D\000F\173\054\0008\0003\230\165}{}% 121
\BOOKMARK [2][]{section*.32}{\376\377\173\054\116\000\123\125\121\103\142\021\116\354\121\161\124\014\166\204\116\026\165\114\377\010\126\375\116\016\126\375\377\011\000\040\377\014\147\054\166\204}{section*.31}% 122
\BOOKMARK [1][]{section*.32}{\376\377\000P\000D\000F\173\054\0008\0004\230\165}{}% 123
\BOOKMARK [1][]{section*.32}{\376\377\000P\000D\000F\173\054\0008\0005\230\165}{}% 124
\BOOKMARK [2][]{section*.33}{\376\377\173\054\116\214\123\125\121\103\116\026\165\114\202\036\123\360\116\012\166\204\116\055\126\375\377\010\116\055\126\375\116\016\116\026\165\114\377\011}{section*.32}% 125
\BOOKMARK [1][]{section*.33}{\376\377\000P\000D\000F\173\054\0008\0006\230\165}{}% 126
\BOOKMARK [1][]{section*.33}{\376\377\000P\000D\000F\173\054\0008\0007\230\165}{}% 127
\BOOKMARK [2][]{section*.34}{\376\377\173\054\116\011\123\125\121\103\215\160\124\021\147\052\147\145\166\204\134\021\136\164\377\010\134\021\136\164\116\016\116\026\165\114\377\011}{section*.33}% 128
\BOOKMARK [1][]{section*.34}{\376\377\000P\000D\000F\173\054\0008\0008\230\165}{}% 129
\BOOKMARK [1][]{section*.34}{\376\377\000P\000D\000F\173\054\0008\0009\230\165}{}% 130
\BOOKMARK [1][]{section*.34}{\376\377\000P\000D\000F\173\054\0009\0000\230\165}{}% 131
