\BOOKMARK [-1][-]{part.1}{\376\377\173\054\116\000\220\350\122\006\000\040\155\361\136\246\133\146\116\140}{}% 1
\BOOKMARK [0][-]{chapter.1}{\376\377\171\136\176\317\177\121\176\334\116\016\155\361\136\246\133\146\116\140\127\372\170\100}{part.1}% 2
\BOOKMARK [1][-]{section.1.1}{\376\377\124\057\123\321\140\047\140\035\200\003}{chapter.1}% 3
\BOOKMARK [1][-]{section.1.2}{\376\377\171\136\176\317\121\103\377\032\155\361\136\246\133\146\116\140\166\204\127\372\167\363}{chapter.1}% 4
\BOOKMARK [2][-]{subsection.1.2.1}{\376\377\116\072\116\300\116\110\227\000\211\201\171\136\176\317\121\103\377\037}{section.1.2}% 5
\BOOKMARK [2][-]{subsection.1.2.2}{\376\377\174\173\153\324\116\272\174\173\171\136\176\317\121\103}{section.1.2}% 6
\BOOKMARK [1][-]{section.1.3}{\376\377\171\136\176\317\177\121\176\334\166\204\213\255\176\303\377\032\213\251\152\041\127\213\133\146\117\032\140\035\200\003}{chapter.1}% 7
\BOOKMARK [2][-]{subsection.1.3.1}{\376\377\122\115\231\210\171\136\176\317\177\121\176\334\176\323\147\204\166\204\210\150\171\072}{section.1.3}% 8
\BOOKMARK [3][-]{subsubsection.1.3.1.1}{\376\377\217\223\121\372\134\102\166\204\162\171\153\212\131\004\164\006\377\032\000S\000o\000f\000t\000m\000a\000x\121\375\145\160}{subsection.1.3.1}% 9
\BOOKMARK [3][-]{subsubsection.1.3.1.2}{\376\377\156\051\136\246\174\373\145\160\377\032\143\247\122\066\151\202\163\207\166\204\040\034\217\157\170\154\040\035\172\013\136\246}{subsection.1.3.1}% 10
\BOOKMARK [2][-]{subsection.1.3.2}{\376\377\173\054\116\000\153\145\377\032\133\232\116\111\143\137\131\061\121\375\145\160}{section.1.3}% 11
\BOOKMARK [3][-]{subsubsection.1.3.2.1}{\376\377\126\336\137\122\116\373\122\241\377\032\230\204\155\113\217\336\176\355\120\074}{subsection.1.3.2}% 12
\BOOKMARK [3][-]{subsubsection.1.3.2.2}{\376\377\122\006\174\173\116\373\122\241\377\032\230\204\155\113\171\273\145\143\174\173\122\053}{subsection.1.3.2}% 13
\BOOKMARK [2][-]{subsection.1.3.3}{\376\377\173\054\116\214\153\145\377\032\150\257\136\246\116\013\226\115}{section.1.3}% 14
\BOOKMARK [2][-]{subsection.1.3.4}{\376\377\173\054\116\011\153\145\377\032\213\241\173\227\150\257\136\246\040\024\040\024\123\315\124\021\117\040\144\255}{section.1.3}% 15
\BOOKMARK [2][-]{subsection.1.3.5}{\376\377\213\241\173\227\147\103\221\315\150\257\136\246}{section.1.3}% 16
\BOOKMARK [1][-]{section.1.4}{\376\377\136\070\211\301\166\204\157\300\155\073\121\375\145\160\123\312\121\166\162\171\160\271}{chapter.1}% 17
\BOOKMARK [0][-]{chapter.2}{\376\377\116\316\142\337\124\010\145\160\143\156\122\060\154\333\123\026\116\026\165\114}{part.1}% 18
\BOOKMARK [1][-]{section.2.1}{\376\377\152\041\127\213\140\047\200\375\213\304\117\060\377\032\116\015\123\352\146\057\167\013\213\255\176\303\122\006\145\160}{chapter.2}% 19
\BOOKMARK [2][-]{subsection.2.1.1}{\376\377\145\160\143\156\226\306\166\204\123\125\153\041\122\022\122\006}{section.2.1}% 20
\BOOKMARK [2][-]{subsection.2.1.2}{\376\377\000K\000-\142\230\116\244\123\311\232\214\213\301\377\032\134\017\145\160\143\156\226\306\166\204\145\121\146\037}{section.2.1}% 21
\BOOKMARK [1][-]{section.2.2}{\376\377\213\312\145\255\152\041\127\213\225\356\230\230\377\032\153\040\142\337\124\010\116\016\217\307\142\337\124\010}{chapter.2}% 22
\BOOKMARK [2][-]{subsection.2.2.1}{\376\377\217\307\142\337\124\010\377\010\000O\000v\000e\000r\000f\000i\000t\000t\000i\000n\000g\377\011}{section.2.2}% 23
\BOOKMARK [2][-]{subsection.2.2.2}{\376\377\153\040\142\337\124\010}{section.2.2}% 24
\BOOKMARK [1][-]{section.2.3}{\376\377\120\117\135\356\000-\145\271\135\356\147\103\210\141\377\032\176\337\213\241\133\146\116\140\164\006\213\272\166\204\211\306\211\322}{chapter.2}% 25
\BOOKMARK [1][-]{section.2.4}{\376\377\153\143\122\031\123\026}{chapter.2}% 26
\BOOKMARK [2][-]{subsection.2.4.1}{\376\377\000L\0001\153\143\122\031\123\026}{section.2.4}% 27
\BOOKMARK [2][-]{subsection.2.4.2}{\376\377\000L\0002\153\143\122\031\123\026}{section.2.4}% 28
\BOOKMARK [2][-]{subsection.2.4.3}{\376\377\134\017\176\323\000:\000L\0001\116\016\000L\0002\153\143\122\031\123\026\166\204\133\371\153\324}{section.2.4}% 29
\BOOKMARK [2][-]{subsection.2.4.4}{\376\377\000D\000r\000o\000p\000o\000u\000t\377\032\213\255\176\303\145\366\226\217\147\072\116\042\137\003\171\136\176\317\121\103}{section.2.4}% 30
\BOOKMARK [3][-]{subsubsection.2.4.4.1}{\376\377\131\202\117\125\220\011\142\351\116\042\137\003\151\202\163\207\377\037}{subsection.2.4.4}% 31
\BOOKMARK [1][-]{section.2.5}{\376\377\116\316\171\136\176\317\177\121\176\334\122\060\155\361\136\246\133\146\116\140}{chapter.2}% 32
\BOOKMARK [2][-]{subsection.2.5.1}{\376\377\123\321\134\125\123\206\172\013}{section.2.5}% 33
\BOOKMARK [2][-]{subsection.2.5.2}{\376\377\155\361\136\246\133\146\116\140\166\204\126\333\131\047\145\057\147\361}{section.2.5}% 34
\BOOKMARK [2][-]{subsection.2.5.3}{\376\377\116\072\116\300\116\110\123\353\040\034\155\361\136\246\133\146\116\140\040\035\377\037}{section.2.5}% 35
\BOOKMARK [2][-]{subsection.2.5.4}{\376\377\201\352\177\026\170\001\126\150\377\010\000A\000u\000t\000o\000e\000n\000c\000o\000d\000e\000r\000s\000,\000\040\000A\000E\000s\377\011}{section.2.5}% 36
\BOOKMARK [2][-]{subsection.2.5.5}{\376\377\123\167\171\357\171\136\176\317\177\121\176\334\377\010\000C\000o\000n\000v\000o\000l\000u\000t\000i\000o\000n\000a\000l\000\040\000N\000e\000u\000r\000a\000l\000\040\000N\000e\000t\000w\000o\000r\000k\000,\000\040\000C\000N\000N\377\011}{section.2.5}% 37
\BOOKMARK [3][-]{subsubsection.2.5.5.1}{\376\377\123\167\171\357\134\102}{subsection.2.5.5}% 38
\BOOKMARK [3][-]{subsubsection.2.5.5.2}{\376\377\154\140\123\026\134\102}{subsection.2.5.5}% 39
\BOOKMARK [3][-]{subsubsection.2.5.5.3}{\376\377\121\150\217\336\143\245\134\102}{subsection.2.5.5}% 40
\BOOKMARK [3][-]{subsubsection.2.5.5.4}{\376\377\176\317\121\170\147\266\147\204\166\204\157\024\217\333}{subsection.2.5.5}% 41
\BOOKMARK [2][-]{subsection.2.5.6}{\376\377\137\252\163\257\171\136\176\317\177\121\176\334\377\010\000R\000N\000N\377\011}{section.2.5}% 42
\BOOKMARK [3][-]{subsubsection.2.5.6.1}{\376\377\000R\000N\000N\166\204\126\360\130\203\377\032\150\257\136\246\155\210\131\061\116\016\225\177\147\037\117\235\215\126}{subsection.2.5.6}% 43
\BOOKMARK [3][-]{subsubsection.2.5.6.2}{\376\377\116\316\000R\000N\000N\122\060\000L\000S\000T\000M\377\032\225\350\143\247\147\072\122\066\166\204\137\025\121\145}{subsection.2.5.6}% 44
\BOOKMARK [2][-]{subsection.2.5.7}{\376\377\000L\000S\000T\000M\377\032\225\177\167\355\147\037\213\260\137\306\177\121\176\334}{section.2.5}% 45
\BOOKMARK [2][-]{subsection.2.5.8}{\376\377\165\037\142\020\133\371\142\227\177\121\176\334\377\010\000G\000A\000N\000s\377\011}{section.2.5}% 46
\BOOKMARK [2][-]{subsection.2.5.9}{\376\377\142\151\145\143\152\041\127\213\377\010\000D\000i\000f\000f\000u\000s\000i\000o\000n\000\040\000M\000o\000d\000e\000l\000s\377\011}{section.2.5}% 47
\BOOKMARK [3][-]{subsubsection.2.5.9.1}{\376\377\122\115\124\021\217\307\172\013\377\032\220\020\156\020\122\240\126\152}{subsection.2.5.9}% 48
\BOOKMARK [3][-]{subsubsection.2.5.9.2}{\376\377\123\315\124\021\217\307\172\013\377\032\133\146\116\140\123\273\126\152}{subsection.2.5.9}% 49
\BOOKMARK [3][-]{subsubsection.2.5.9.3}{\376\377\213\255\176\303\116\016\221\307\150\067}{subsection.2.5.9}% 50
\BOOKMARK [3][-]{subsubsection.2.5.9.4}{\376\377\117\030\122\277\116\016\143\021\142\030}{subsection.2.5.9}% 51
\BOOKMARK [3][-]{subsubsection.2.5.9.5}{\376\377\142\151\145\143\152\041\127\213\116\016\163\260\116\343\165\037\142\020\137\017\000\040\000A\000I}{subsection.2.5.9}% 52
\BOOKMARK [2][-]{subsection.2.5.10}{\376\377\123\321\210\114\162\110\133\211\210\305\116\016\146\364\145\260}{section.2.5}% 53
\BOOKMARK [2][-]{subsection.2.5.11}{\376\377\121\166\116\326\123\321\210\114\162\110\147\054}{section.2.5}% 54
\BOOKMARK [0][-]{chapter.3}{\376\377\000b\000e\000a\000u\000t\000y\000b\000o\000o\000k\000\040\213\276\177\156\213\364\146\016}{part.1}% 55
\BOOKMARK [1][-]{section.3.1}{\376\377\213\355\212\000\152\041\137\017}{chapter.3}% 56
\BOOKMARK [1][-]{section.3.2}{\376\377\230\234\202\162\116\073\230\230}{chapter.3}% 57
\BOOKMARK [1][-]{section.3.3}{\376\377\134\001\227\142}{chapter.3}% 58
\BOOKMARK [2][-]{subsection.3.3.1}{\376\377\134\001\227\142\116\052\140\047\123\026}{section.3.3}% 59
\BOOKMARK [2][-]{subsection.3.3.2}{\376\377\134\001\227\142\126\376}{section.3.3}% 60
\BOOKMARK [2][-]{subsection.3.3.3}{\376\377\137\275\150\007}{section.3.3}% 61
\BOOKMARK [2][-]{subsection.3.3.4}{\376\377\201\352\133\232\116\111\134\001\227\142}{section.3.3}% 62
\BOOKMARK [1][-]{section.3.4}{\376\377\172\340\150\007\230\230}{chapter.3}% 63
\BOOKMARK [1][-]{section.3.5}{\376\377\145\160\133\146\163\257\130\203\173\200\116\313}{chapter.3}% 64
\BOOKMARK [2][-]{subsection.3.5.1}{\376\377\133\232\164\006\174\173\163\257\130\203\166\204\117\177\165\050}{section.3.5}% 65
\BOOKMARK [3][-]{subsubsection.3.5.1.1}{\376\377\000a\000m\000s\000t\000h\000m}{subsection.3.5.1}% 66
\BOOKMARK [3][-]{subsubsection.3.5.1.2}{\376\377\000t\000h\000m\000t\000o\000o\000l\000s}{subsection.3.5.1}% 67
\BOOKMARK [3][-]{subsubsection.3.5.1.3}{\376\377\137\151\202\162\137\072\214\003\166\322\133\120}{subsection.3.5.1}% 68
\BOOKMARK [3][-]{subsubsection.3.5.1.4}{\376\377\116\052\116\272\162\110\147\103\166\204\166\322\133\120\121\161\116\044\171\315}{subsection.3.5.1}% 69
\BOOKMARK [2][-]{subsection.3.5.2}{\376\377\117\356\145\071\213\241\145\160\126\150}{section.3.5}% 70
\BOOKMARK [2][-]{subsection.3.5.3}{\376\377\117\356\145\071\145\207\163\056\150\074\137\017}{section.3.5}% 71
