This is XeTeX, Version 3.141592653-2.6-0.999997 (TeX Live 2025) (preloaded format=xelatex 2025.8.30)  18 MAR 2026 09:41
entering extended mode
 restricted \write18 enabled.
 file:line:error style messages enabled.
 %&-line parsing enabled.
**beautybook-en
(./beautybook-en.tex
LaTeX2e <2024-11-01> patch level 2
L3 programming layer <2025-01-18>
(./beautybook.cls
Document Class: beautybook 01-07-2024 V10.0 beautybook Class
(e:/Program Files/LateX/texlive/2025/texmf-dist/tex/latex/base/book.cls
Document Class: book 2024/06/29 v1.4n Standard LaTeX document class
(e:/Program Files/LateX/texlive/2025/texmf-dist/tex/latex/base/bk12.clo
File: bk12.clo 2024/06/29 v1.4n Standard LaTeX file (size option)
)
\c@part=\count192
\c@chapter=\count193
\c@section=\count194
\c@subsection=\count195
\c@subsubsection=\count196
\c@paragraph=\count197
\c@subparagraph=\count198
\c@figure=\count199
\c@table=\count266
\abovecaptionskip=\skip49
\belowcaptionskip=\skip50
\bibindent=\dimen141
) (e:/Program Files/LateX/texlive/2025/texmf-dist/tex/latex/xcolor/xcolor.sty
Package: xcolor 2024/09/29 v3.02 LaTeX color extensions (UK)
 (e:/Program Files/LateX/texlive/2025/texmf-dist/tex/latex/graphics-cfg/color.cfg
File: color.cfg 2016/01/02 v1.6 sample color configuration
)
Package xcolor Info: Driver file: xetex.def on input line 274.
 (e:/Program Files/LateX/texlive/2025/texmf-dist/tex/latex/graphics-def/xetex.def
File: xetex.def 2022/09/22 v5.0n Graphics/color driver for xetex
) (e:/Program Files/LateX/texlive/2025/texmf-dist/tex/latex/graphics/mathcolor.ltx)
Package xcolor Info: Model `cmy' substituted by `cmy0' on input line 1349.
Package xcolor Info: Model `RGB' extended on input line 1365.
Package xcolor Info: Model `HTML' substituted by `rgb' on input line 1367.
Package xcolor Info: Model `Hsb' substituted by `hsb' on input line 1368.
Package xcolor Info: Model `tHsb' substituted by `hsb' on input line 1369.
Package xcolor Info: Model `HSB' substituted by `hsb' on input line 1370.
Package xcolor Info: Model `Gray' substituted by `gray' on input line 1371.
Package xcolor Info: Model `wave' substituted by `hsb' on input line 1372.
) (e:/Program Files/LateX/texlive/2025/texmf-dist/tex/latex/graphics/dvipsnam.def
File: dvipsnam.def 2016/06/17 v3.0m Driver-dependent file (DPC,SPQR)
) (e:/Program Files/LateX/texlive/2025/texmf-dist/tex/latex/xcolor/svgnam.def
File: svgnam.def 2024/09/29 v3.02 Predefined colors according to SVG 1.1 (UK)
) (e:/Program Files/LateX/texlive/2025/texmf-dist/tex/latex/xcolor/x11nam.def
File: x11nam.def 2024/09/29 v3.02 Predefined colors according to Unix/X11 (UK)
) (e:/Program Files/LateX/texlive/2025/texmf-dist/tex/latex/colortbl/colortbl.sty
Package: colortbl 2024/07/06 v1.0i Color table columns (DPC)
 (e:/Program Files/LateX/texlive/2025/texmf-dist/tex/latex/tools/array.sty
Package: array 2024/10/17 v2.6g Tabular extension package (FMi)
\col@sep=\dimen142
\ar@mcellbox=\box52
\extrarowheight=\dimen143
\NC@list=\toks17
\extratabsurround=\skip51
\backup@length=\skip52
\ar@cellbox=\box53
)
\everycr=\toks18
\minrowclearance=\skip53
\rownum=\count267
) (e:/Program Files/LateX/texlive/2025/texmf-dist/tex/latex/pgfornament-han/cncolours.sty
Package: cncolours 2023/07/11 v2.0 Chinese colour names
 (e:/Program Files/LateX/texlive/2025/texmf-dist/tex/latex/bigfoot/suffix.sty
Package: suffix 2006/07/15 1.5a Variant command support
)) (e:/Program Files/LateX/texlive/2025/texmf-dist/tex/latex/bropd/bropd.sty
Package: bropd 2014/10/14 1.2 automated typing of brackets and differential operators
\c@@bropd@c=\count268
\c@@bropd@d=\count269
\c@@bropd@e=\count270
\c@@bropd@f=\count271
) (e:/Program Files/LateX/texlive/2025/texmf-dist/tex/latex/tikz-imagelabels/tikz-imagelabels.sty
Package: tikz-imagelabels 2019/06/27 v0.2 put labels on images using TikZ
 (e:/Program Files/LateX/texlive/2025/texmf-dist/tex/latex/pgf/frontendlayer/tikz.sty (e:/Program Files/LateX/texlive/2025/texmf-dist/tex/latex/pgf/basiclayer/pgf.sty (e:/Program Files/LateX/texlive/2025/texmf-dist/tex/latex/pgf/utilities/pgfrcs.sty (e:/Program Files/LateX/texlive/2025/texmf-dist/tex/generic/pgf/utilities/pgfutil-common.tex
\pgfutil@everybye=\toks19
\pgfutil@tempdima=\dimen144
\pgfutil@tempdimb=\dimen145
) (e:/Program Files/LateX/texlive/2025/texmf-dist/tex/generic/pgf/utilities/pgfutil-latex.def
\pgfutil@abb=\box54
) (e:/Program Files/LateX/texlive/2025/texmf-dist/tex/generic/pgf/utilities/pgfrcs.code.tex (e:/Program Files/LateX/texlive/2025/texmf-dist/tex/generic/pgf/pgf.revision.tex)
Package: pgfrcs 2023-01-15 v3.1.10 (3.1.10)
))
Package: pgf 2023-01-15 v3.1.10 (3.1.10)
 (e:/Program Files/LateX/texlive/2025/texmf-dist/tex/latex/pgf/basiclayer/pgfcore.sty (e:/Program Files/LateX/texlive/2025/texmf-dist/tex/latex/graphics/graphicx.sty
Package: graphicx 2021/09/16 v1.2d Enhanced LaTeX Graphics (DPC,SPQR)
 (e:/Program Files/LateX/texlive/2025/texmf-dist/tex/latex/graphics/keyval.sty
Package: keyval 2022/05/29 v1.15 key=value parser (DPC)
\KV@toks@=\toks20
) (e:/Program Files/LateX/texlive/2025/texmf-dist/tex/latex/graphics/graphics.sty
Package: graphics 2024/08/06 v1.4g Standard LaTeX Graphics (DPC,SPQR)
 (e:/Program Files/LateX/texlive/2025/texmf-dist/tex/latex/graphics/trig.sty
Package: trig 2023/12/02 v1.11 sin cos tan (DPC)
) (e:/Program Files/LateX/texlive/2025/texmf-dist/tex/latex/graphics-cfg/graphics.cfg
File: graphics.cfg 2016/06/04 v1.11 sample graphics configuration
)
Package graphics Info: Driver file: xetex.def on input line 106.
)
\Gin@req@height=\dimen146
\Gin@req@width=\dimen147
) (e:/Program Files/LateX/texlive/2025/texmf-dist/tex/latex/pgf/systemlayer/pgfsys.sty (e:/Program Files/LateX/texlive/2025/texmf-dist/tex/generic/pgf/systemlayer/pgfsys.code.tex
Package: pgfsys 2023-01-15 v3.1.10 (3.1.10)
 (e:/Program Files/LateX/texlive/2025/texmf-dist/tex/generic/pgf/utilities/pgfkeys.code.tex
\pgfkeys@pathtoks=\toks21
\pgfkeys@temptoks=\toks22
 (e:/Program Files/LateX/texlive/2025/texmf-dist/tex/generic/pgf/utilities/pgfkeyslibraryfiltered.code.tex
\pgfkeys@tmptoks=\toks23
))
\pgf@x=\dimen148
\pgf@y=\dimen149
\pgf@xa=\dimen150
\pgf@ya=\dimen151
\pgf@xb=\dimen152
\pgf@yb=\dimen153
\pgf@xc=\dimen154
\pgf@yc=\dimen155
\pgf@xd=\dimen156
\pgf@yd=\dimen157
\w@pgf@writea=\write3
\r@pgf@reada=\read2
\c@pgf@counta=\count272
\c@pgf@countb=\count273
\c@pgf@countc=\count274
\c@pgf@countd=\count275
\t@pgf@toka=\toks24
\t@pgf@tokb=\toks25
\t@pgf@tokc=\toks26
\pgf@sys@id@count=\count276
 (e:/Program Files/LateX/texlive/2025/texmf-dist/tex/generic/pgf/systemlayer/pgf.cfg
File: pgf.cfg 2023-01-15 v3.1.10 (3.1.10)
)
Driver file for pgf: pgfsys-xetex.def
 (e:/Program Files/LateX/texlive/2025/texmf-dist/tex/generic/pgf/systemlayer/pgfsys-xetex.def
File: pgfsys-xetex.def 2023-01-15 v3.1.10 (3.1.10)
 (e:/Program Files/LateX/texlive/2025/texmf-dist/tex/generic/pgf/systemlayer/pgfsys-dvipdfmx.def
File: pgfsys-dvipdfmx.def 2023-01-15 v3.1.10 (3.1.10)
 (e:/Program Files/LateX/texlive/2025/texmf-dist/tex/generic/pgf/systemlayer/pgfsys-common-pdf.def
File: pgfsys-common-pdf.def 2023-01-15 v3.1.10 (3.1.10)
)
\pgfsys@objnum=\count277
))) (e:/Program Files/LateX/texlive/2025/texmf-dist/tex/generic/pgf/systemlayer/pgfsyssoftpath.code.tex
File: pgfsyssoftpath.code.tex 2023-01-15 v3.1.10 (3.1.10)
\pgfsyssoftpath@smallbuffer@items=\count278
\pgfsyssoftpath@bigbuffer@items=\count279
) (e:/Program Files/LateX/texlive/2025/texmf-dist/tex/generic/pgf/systemlayer/pgfsysprotocol.code.tex
File: pgfsysprotocol.code.tex 2023-01-15 v3.1.10 (3.1.10)
)) (e:/Program Files/LateX/texlive/2025/texmf-dist/tex/generic/pgf/basiclayer/pgfcore.code.tex
Package: pgfcore 2023-01-15 v3.1.10 (3.1.10)
 (e:/Program Files/LateX/texlive/2025/texmf-dist/tex/generic/pgf/math/pgfmath.code.tex (e:/Program Files/LateX/texlive/2025/texmf-dist/tex/generic/pgf/math/pgfmathutil.code.tex) (e:/Program Files/LateX/texlive/2025/texmf-dist/tex/generic/pgf/math/pgfmathparser.code.tex
\pgfmath@dimen=\dimen158
\pgfmath@count=\count280
\pgfmath@box=\box55
\pgfmath@toks=\toks27
\pgfmath@stack@operand=\toks28
\pgfmath@stack@operation=\toks29
) (e:/Program Files/LateX/texlive/2025/texmf-dist/tex/generic/pgf/math/pgfmathfunctions.code.tex) (e:/Program Files/LateX/texlive/2025/texmf-dist/tex/generic/pgf/math/pgfmathfunctions.basic.code.tex) (e:/Program Files/LateX/texlive/2025/texmf-dist/tex/generic/pgf/math/pgfmathfunctions.trigonometric.code.tex) (e:/Program Files/LateX/texlive/2025/texmf-dist/tex/generic/pgf/math/pgfmathfunctions.random.code.tex) (e:/Program Files/LateX/texlive/2025/texmf-dist/tex/generic/pgf/math/pgfmathfunctions.comparison.code.tex) (e:/Program Files/LateX/texlive/2025/texmf-dist/tex/generic/pgf/math/pgfmathfunctions.base.code.tex) (e:/Program Files/LateX/texlive/2025/texmf-dist/tex/generic/pgf/math/pgfmathfunctions.round.code.tex) (e:/Program Files/LateX/texlive/2025/texmf-dist/tex/generic/pgf/math/pgfmathfunctions.misc.code.tex) (e:/Program Files/LateX/texlive/2025/texmf-dist/tex/generic/pgf/math/pgfmathfunctions.integerarithmetics.code.tex) (e:/Program Files/LateX/texlive/2025/texmf-dist/tex/generic/pgf/math/pgfmathcalc.code.tex) (e:/Program Files/LateX/texlive/2025/texmf-dist/tex/generic/pgf/math/pgfmathfloat.code.tex
\c@pgfmathroundto@lastzeros=\count281
)) (e:/Program Files/LateX/texlive/2025/texmf-dist/tex/generic/pgf/math/pgfint.code.tex) (e:/Program Files/LateX/texlive/2025/texmf-dist/tex/generic/pgf/basiclayer/pgfcorepoints.code.tex
File: pgfcorepoints.code.tex 2023-01-15 v3.1.10 (3.1.10)
\pgf@picminx=\dimen159
\pgf@picmaxx=\dimen160
\pgf@picminy=\dimen161
\pgf@picmaxy=\dimen162
\pgf@pathminx=\dimen163
\pgf@pathmaxx=\dimen164
\pgf@pathminy=\dimen165
\pgf@pathmaxy=\dimen166
\pgf@xx=\dimen167
\pgf@xy=\dimen168
\pgf@yx=\dimen169
\pgf@yy=\dimen170
\pgf@zx=\dimen171
\pgf@zy=\dimen172
) (e:/Program Files/LateX/texlive/2025/texmf-dist/tex/generic/pgf/basiclayer/pgfcorepathconstruct.code.tex
File: pgfcorepathconstruct.code.tex 2023-01-15 v3.1.10 (3.1.10)
\pgf@path@lastx=\dimen173
\pgf@path@lasty=\dimen174
) (e:/Program Files/LateX/texlive/2025/texmf-dist/tex/generic/pgf/basiclayer/pgfcorepathusage.code.tex
File: pgfcorepathusage.code.tex 2023-01-15 v3.1.10 (3.1.10)
\pgf@shorten@end@additional=\dimen175
\pgf@shorten@start@additional=\dimen176
) (e:/Program Files/LateX/texlive/2025/texmf-dist/tex/generic/pgf/basiclayer/pgfcorescopes.code.tex
File: pgfcorescopes.code.tex 2023-01-15 v3.1.10 (3.1.10)
\pgfpic=\box56
\pgf@hbox=\box57
\pgf@layerbox@main=\box58
\pgf@picture@serial@count=\count282
) (e:/Program Files/LateX/texlive/2025/texmf-dist/tex/generic/pgf/basiclayer/pgfcoregraphicstate.code.tex
File: pgfcoregraphicstate.code.tex 2023-01-15 v3.1.10 (3.1.10)
\pgflinewidth=\dimen177
) (e:/Program Files/LateX/texlive/2025/texmf-dist/tex/generic/pgf/basiclayer/pgfcoretransformations.code.tex
File: pgfcoretransformations.code.tex 2023-01-15 v3.1.10 (3.1.10)
\pgf@pt@x=\dimen178
\pgf@pt@y=\dimen179
\pgf@pt@temp=\dimen180
) (e:/Program Files/LateX/texlive/2025/texmf-dist/tex/generic/pgf/basiclayer/pgfcorequick.code.tex
File: pgfcorequick.code.tex 2023-01-15 v3.1.10 (3.1.10)
) (e:/Program Files/LateX/texlive/2025/texmf-dist/tex/generic/pgf/basiclayer/pgfcoreobjects.code.tex
File: pgfcoreobjects.code.tex 2023-01-15 v3.1.10 (3.1.10)
) (e:/Program Files/LateX/texlive/2025/texmf-dist/tex/generic/pgf/basiclayer/pgfcorepathprocessing.code.tex
File: pgfcorepathprocessing.code.tex 2023-01-15 v3.1.10 (3.1.10)
) (e:/Program Files/LateX/texlive/2025/texmf-dist/tex/generic/pgf/basiclayer/pgfcorearrows.code.tex
File: pgfcorearrows.code.tex 2023-01-15 v3.1.10 (3.1.10)
\pgfarrowsep=\dimen181
) (e:/Program Files/LateX/texlive/2025/texmf-dist/tex/generic/pgf/basiclayer/pgfcoreshade.code.tex
File: pgfcoreshade.code.tex 2023-01-15 v3.1.10 (3.1.10)
\pgf@max=\dimen182
\pgf@sys@shading@range@num=\count283
\pgf@shadingcount=\count284
) (e:/Program Files/LateX/texlive/2025/texmf-dist/tex/generic/pgf/basiclayer/pgfcoreimage.code.tex
File: pgfcoreimage.code.tex 2023-01-15 v3.1.10 (3.1.10)
) (e:/Program Files/LateX/texlive/2025/texmf-dist/tex/generic/pgf/basiclayer/pgfcoreexternal.code.tex
File: pgfcoreexternal.code.tex 2023-01-15 v3.1.10 (3.1.10)
\pgfexternal@startupbox=\box59
) (e:/Program Files/LateX/texlive/2025/texmf-dist/tex/generic/pgf/basiclayer/pgfcorelayers.code.tex
File: pgfcorelayers.code.tex 2023-01-15 v3.1.10 (3.1.10)
) (e:/Program Files/LateX/texlive/2025/texmf-dist/tex/generic/pgf/basiclayer/pgfcoretransparency.code.tex
File: pgfcoretransparency.code.tex 2023-01-15 v3.1.10 (3.1.10)
) (e:/Program Files/LateX/texlive/2025/texmf-dist/tex/generic/pgf/basiclayer/pgfcorepatterns.code.tex
File: pgfcorepatterns.code.tex 2023-01-15 v3.1.10 (3.1.10)
) (e:/Program Files/LateX/texlive/2025/texmf-dist/tex/generic/pgf/basiclayer/pgfcorerdf.code.tex
File: pgfcorerdf.code.tex 2023-01-15 v3.1.10 (3.1.10)
))) (e:/Program Files/LateX/texlive/2025/texmf-dist/tex/generic/pgf/modules/pgfmoduleshapes.code.tex
File: pgfmoduleshapes.code.tex 2023-01-15 v3.1.10 (3.1.10)
\pgfnodeparttextbox=\box60
) (e:/Program Files/LateX/texlive/2025/texmf-dist/tex/generic/pgf/modules/pgfmoduleplot.code.tex
File: pgfmoduleplot.code.tex 2023-01-15 v3.1.10 (3.1.10)
) (e:/Program Files/LateX/texlive/2025/texmf-dist/tex/latex/pgf/compatibility/pgfcomp-version-0-65.sty
Package: pgfcomp-version-0-65 2023-01-15 v3.1.10 (3.1.10)
\pgf@nodesepstart=\dimen183
\pgf@nodesepend=\dimen184
) (e:/Program Files/LateX/texlive/2025/texmf-dist/tex/latex/pgf/compatibility/pgfcomp-version-1-18.sty
Package: pgfcomp-version-1-18 2023-01-15 v3.1.10 (3.1.10)
)) (e:/Program Files/LateX/texlive/2025/texmf-dist/tex/latex/pgf/utilities/pgffor.sty (e:/Program Files/LateX/texlive/2025/texmf-dist/tex/latex/pgf/utilities/pgfkeys.sty (e:/Program Files/LateX/texlive/2025/texmf-dist/tex/generic/pgf/utilities/pgfkeys.code.tex)) (e:/Program Files/LateX/texlive/2025/texmf-dist/tex/latex/pgf/math/pgfmath.sty (e:/Program Files/LateX/texlive/2025/texmf-dist/tex/generic/pgf/math/pgfmath.code.tex)) (e:/Program Files/LateX/texlive/2025/texmf-dist/tex/generic/pgf/utilities/pgffor.code.tex
Package: pgffor 2023-01-15 v3.1.10 (3.1.10)
\pgffor@iter=\dimen185
\pgffor@skip=\dimen186
\pgffor@stack=\toks30
\pgffor@toks=\toks31
)) (e:/Program Files/LateX/texlive/2025/texmf-dist/tex/generic/pgf/frontendlayer/tikz/tikz.code.tex
Package: tikz 2023-01-15 v3.1.10 (3.1.10)
 (e:/Program Files/LateX/texlive/2025/texmf-dist/tex/generic/pgf/libraries/pgflibraryplothandlers.code.tex
File: pgflibraryplothandlers.code.tex 2023-01-15 v3.1.10 (3.1.10)
\pgf@plot@mark@count=\count285
\pgfplotmarksize=\dimen187
)
\tikz@lastx=\dimen188
\tikz@lasty=\dimen189
\tikz@lastxsaved=\dimen190
\tikz@lastysaved=\dimen191
\tikz@lastmovetox=\dimen192
\tikz@lastmovetoy=\dimen193
\tikzleveldistance=\dimen194
\tikzsiblingdistance=\dimen195
\tikz@figbox=\box61
\tikz@figbox@bg=\box62
\tikz@tempbox=\box63
\tikz@tempbox@bg=\box64
\tikztreelevel=\count286
\tikznumberofchildren=\count287
\tikznumberofcurrentchild=\count288
\tikz@fig@count=\count289
 (e:/Program Files/LateX/texlive/2025/texmf-dist/tex/generic/pgf/modules/pgfmodulematrix.code.tex
File: pgfmodulematrix.code.tex 2023-01-15 v3.1.10 (3.1.10)
\pgfmatrixcurrentrow=\count290
\pgfmatrixcurrentcolumn=\count291
\pgf@matrix@numberofcolumns=\count292
)
\tikz@expandcount=\count293
 (e:/Program Files/LateX/texlive/2025/texmf-dist/tex/generic/pgf/frontendlayer/tikz/libraries/tikzlibrarytopaths.code.tex
File: tikzlibrarytopaths.code.tex 2023-01-15 v3.1.10 (3.1.10)
))) (e:/Program Files/LateX/texlive/2025/texmf-dist/tex/latex/xifthen/xifthen.sty
Package: xifthen 2015/11/05 v1.4.0 Extended ifthen features
 (e:/Program Files/LateX/texlive/2025/texmf-dist/tex/latex/tools/calc.sty
Package: calc 2023/07/08 v4.3 Infix arithmetic (KKT,FJ)
\calc@Acount=\count294
\calc@Bcount=\count295
\calc@Adimen=\dimen196
\calc@Bdimen=\dimen197
\calc@Askip=\skip54
\calc@Bskip=\skip55
LaTeX Info: Redefining \setlength on input line 80.
LaTeX Info: Redefining \addtolength on input line 81.
\calc@Ccount=\count296
\calc@Cskip=\skip56
) (e:/Program Files/LateX/texlive/2025/texmf-dist/tex/latex/base/ifthen.sty
Package: ifthen 2024/03/16 v1.1e Standard LaTeX ifthen package (DPC)
) (e:/Program Files/LateX/texlive/2025/texmf-dist/tex/latex/ifmtarg/ifmtarg.sty
Package: ifmtarg 2018/04/16 v1.2b check for an empty argument
)) (e:/Program Files/LateX/texlive/2025/texmf-dist/tex/generic/pgf/libraries/pgflibraryarrows.meta.code.tex
File: pgflibraryarrows.meta.code.tex 2023-01-15 v3.1.10 (3.1.10)
\pgfarrowinset=\dimen198
\pgfarrowlength=\dimen199
\pgfarrowwidth=\dimen256
\pgfarrowlinewidth=\dimen257
) (e:/Program Files/LateX/texlive/2025/texmf-dist/tex/generic/pgf/frontendlayer/tikz/libraries/tikzlibrarycalc.code.tex
File: tikzlibrarycalc.code.tex 2023-01-15 v3.1.10 (3.1.10)
) (e:/Program Files/LateX/texlive/2025/texmf-dist/tex/generic/pgf/frontendlayer/tikz/libraries/tikzlibrarypositioning.code.tex
File: tikzlibrarypositioning.code.tex 2023-01-15 v3.1.10 (3.1.10)
) (e:/Program Files/LateX/texlive/2025/texmf-dist/tex/generic/pgf/frontendlayer/tikz/libraries/tikzlibrarydecorations.code.tex (e:/Program Files/LateX/texlive/2025/texmf-dist/tex/generic/pgf/modules/pgfmoduledecorations.code.tex
\pgfdecoratedcompleteddistance=\dimen258
\pgfdecoratedremainingdistance=\dimen259
\pgfdecoratedinputsegmentcompleteddistance=\dimen260
\pgfdecoratedinputsegmentremainingdistance=\dimen261
\pgf@decorate@distancetomove=\dimen262
\pgf@decorate@repeatstate=\count297
\pgfdecorationsegmentamplitude=\dimen263
\pgfdecorationsegmentlength=\dimen264
)
\tikz@lib@dec@box=\box65
) (e:/Program Files/LateX/texlive/2025/texmf-dist/tex/generic/pgf/frontendlayer/tikz/libraries/tikzlibrarydecorations.markings.code.tex (e:/Program Files/LateX/texlive/2025/texmf-dist/tex/generic/pgf/libraries/decorations/pgflibrarydecorations.markings.code.tex)) (e:/Program Files/LateX/texlive/2025/texmf-dist/tex/generic/pgf/frontendlayer/tikz/libraries/tikzlibrarymath.code.tex (e:/Program Files/LateX/texlive/2025/texmf-dist/tex/generic/pgf/frontendlayer/tikz/libraries/tikzlibraryfpu.code.tex (e:/Program Files/LateX/texlive/2025/texmf-dist/tex/generic/pgf/libraries/pgflibraryfpu.code.tex))
\tikz@math@for@depth=\count298
\tikz@math@dimen=\dimen265
\tikz@math@toks=\toks32
)) (e:/Program Files/LateX/texlive/2025/texmf-dist/tex/latex/epigraph-keys/epigraph-keys.sty
Package: epigraph-keys 2020/04/22 v1.0 Epigraphs using key values
 (e:/Program Files/LateX/texlive/2025/texmf-dist/tex/latex/enumitem/enumitem.sty
Package: enumitem 2025/02/06 v3.11 Customized lists
\labelindent=\skip57
\enit@outerparindent=\dimen266
\enit@toks=\toks33
\enit@inbox=\box66
\enit@count@id=\count299
\enitdp@description=\count300
) (e:/Program Files/LateX/texlive/2025/texmf-dist/tex/latex/songbook/conditionals.sty) (e:/Program Files/LateX/texlive/2025/texmf-dist/tex/latex/microtype/microtype.sty
Package: microtype 2025/02/11 v3.2a Micro-typographical refinements (RS)
 (e:/Program Files/LateX/texlive/2025/texmf-dist/tex/latex/etoolbox/etoolbox.sty
Package: etoolbox 2025/02/11 v2.5l e-TeX tools for LaTeX (JAW)
\etb@tempcnta=\count301
)
\MT@toks=\toks34
\MT@tempbox=\box67
\MT@count=\count302
LaTeX Info: Redefining \noprotrusionifhmode on input line 1087.
LaTeX Info: Redefining \leftprotrusion on input line 1088.
\MT@prot@toks=\toks35
LaTeX Info: Redefining \rightprotrusion on input line 1107.
LaTeX Info: Redefining \textls on input line 1449.
\MT@outer@kern=\dimen267
LaTeX Info: Redefining \microtypecontext on input line 2053.
LaTeX Info: Redefining \textmicrotypecontext on input line 2070.
\MT@listname@count=\count303
 (e:/Program Files/LateX/texlive/2025/texmf-dist/tex/latex/microtype/microtype-xetex.def
File: microtype-xetex.def 2025/02/11 v3.2a Definitions specific to xetex (RS)
LaTeX Info: Redefining \lsstyle on input line 443.
LaTeX Info: Redefining \lslig on input line 451.
\MT@outer@space=\skip58
)
Package microtype Info: Loading configuration file microtype.cfg.
 (e:/Program Files/LateX/texlive/2025/texmf-dist/tex/latex/microtype/microtype.cfg
File: microtype.cfg 2025/02/11 v3.2a microtype main configuration file (RS)
)
LaTeX Info: Redefining \microtypesetup on input line 3065.
)) (e:/Program Files/LateX/texlive/2025/texmf-dist/tex/latex/fitbox/fitbox.sty
Package: fitbox 2019/02/20 v1.02 Fitting boxes on a page
\fitboxnatheight=\dimen268
\fitboxnatwidth=\dimen269

(e:/Program Files/LateX/texlive/2025/texmf-dist/tex/latex/xkeyval/xkeyval.sty
Package: xkeyval 2022/06/16 v2.9 package option processing (HA)
 (e:/Program Files/LateX/texlive/2025/texmf-dist/tex/generic/xkeyval/xkeyval.tex (e:/Program Files/LateX/texlive/2025/texmf-dist/tex/generic/xkeyval/xkvutils.tex
\XKV@toks=\toks36
\XKV@tempa@toks=\toks37
)
\XKV@depth=\count304
File: xkeyval.tex 2014/12/03 v2.7a key=value parser (HA)
))
\FTBX@box=\box68
\FTBX@desired@maxheight=\dimen270
\FTBX@desired@minheight=\dimen271
\FTBX@available@height=\dimen272
) (e:/Program Files/LateX/texlive/2025/texmf-dist/tex/latex/pgfornament-han/pgfornament-han.sty
Package: pgfornament-han 
 (e:/Program Files/LateX/texlive/2025/texmf-dist/tex/latex/xpatch/xpatch.sty (e:/Program Files/LateX/texlive/2025/texmf-dist/tex/latex/l3kernel/expl3.sty
Package: expl3 2025-01-18 L3 programming layer (loader) 
 (e:/Program Files/LateX/texlive/2025/texmf-dist/tex/latex/l3backend/l3backend-xetex.def
File: l3backend-xetex.def 2024-05-08 L3 backend support: XeTeX
\g__graphics_track_int=\count305
\l__pdf_internal_box=\box69
\g__pdf_backend_annotation_int=\count306
\g__pdf_backend_link_int=\count307
))
Package: xpatch 2020/03/25 v0.3a Extending etoolbox patching commands
 (e:/Program Files/LateX/texlive/2025/texmf-dist/tex/latex/l3packages/xparse/xparse.sty
Package: xparse 2024-08-16 L3 Experimental document command parser
)) (e:/Program Files/LateX/texlive/2025/texmf-dist/tex/latex/pgfornament/pgfornament.sty (e:/Program Files/LateX/texlive/2025/texmf-dist/tex/latex/pgfopts/pgfopts.sty
Package: pgfopts 2014/07/10 v2.1a LaTeX package options with pgfkeys
\pgfopts@list@add@a@toks=\toks38
\pgfopts@list@add@b@toks=\toks39
)
Package: pgfornament 2024/08/14 v1.3 vector ornaments
 (e:/Program Files/LateX/texlive/2025/texmf-dist/tex/latex/pgfornament/pgflibraryvectorian.code.tex
2020/04/06 1.1 pgflibraryvectorian.code.tex
)) (e:/Program Files/LateX/texlive/2025/texmf-dist/tex/latex/pgfornament-han/pgflibraryhan.code.tex)) (e:/Program Files/LateX/texlive/2025/texmf-dist/tex/generic/pgf/frontendlayer/tikz/libraries/tikzlibraryshadows.code.tex
File: tikzlibraryshadows.code.tex 2023-01-15 v3.1.10 (3.1.10)
 (e:/Program Files/LateX/texlive/2025/texmf-dist/tex/generic/pgf/frontendlayer/tikz/libraries/tikzlibraryfadings.code.tex
File: tikzlibraryfadings.code.tex 2023-01-15 v3.1.10 (3.1.10)
 (e:/Program Files/LateX/texlive/2025/texmf-dist/tex/generic/pgf/libraries/pgflibraryfadings.code.tex
File: pgflibraryfadings.code.tex 2023-01-15 v3.1.10 (3.1.10)
))) (e:/Program Files/LateX/texlive/2025/texmf-dist/tex/latex/hobby/tikzlibraryhobby.code.tex (e:/Program Files/LateX/texlive/2025/texmf-dist/tex/latex/hobby/pgflibraryhobby.code.tex (e:/Program Files/LateX/texlive/2025/texmf-dist/tex/latex/hobby/hobby.code.tex (e:/Program Files/LateX/texlive/2025/texmf-dist/tex/latex/hobby/pml3array.sty
\l_array_base_int=\count308
\l_array_top_int=\count309
\l_array_tmp_int=\count310
\g_array_map_int=\count311
\g_array_base_int=\count312
)
\g__hobby_npoints_int=\count313
\g__hobby_draw_int=\count314
))) (e:/Program Files/LateX/texlive/2025/texmf-dist/tex/generic/pgf/frontendlayer/tikz/libraries/tikzlibraryintersections.code.tex (e:/Program Files/LateX/texlive/2025/texmf-dist/tex/generic/pgf/libraries/pgflibraryintersections.code.tex
\pgf@intersect@solutions=\count315
)) (e:/Program Files/LateX/texlive/2025/texmf-dist/tex/generic/pgf/frontendlayer/tikz/libraries/tikzlibrarydecorations.pathreplacing.code.tex (e:/Program Files/LateX/texlive/2025/texmf-dist/tex/generic/pgf/libraries/decorations/pgflibrarydecorations.pathreplacing.code.tex)) (e:/Program Files/LateX/texlive/2025/texmf-dist/tex/generic/pgf/frontendlayer/tikz/libraries/tikzlibraryspy.code.tex
File: tikzlibraryspy.code.tex 2023-01-15 v3.1.10 (3.1.10)
\tikz@lib@spybox=\box70
) (e:/Program Files/LateX/texlive/2025/texmf-dist/tex/generic/pgf/frontendlayer/tikz/libraries/tikzlibraryarrows.code.tex
File: tikzlibraryarrows.code.tex 2023-01-15 v3.1.10 (3.1.10)
 (e:/Program Files/LateX/texlive/2025/texmf-dist/tex/generic/pgf/libraries/pgflibraryarrows.code.tex
File: pgflibraryarrows.code.tex 2023-01-15 v3.1.10 (3.1.10)
\arrowsize=\dimen273
)) (e:/Program Files/LateX/texlive/2025/texmf-dist/tex/generic/pgf/frontendlayer/tikz/libraries/tikzlibraryshapes.code.tex
File: tikzlibraryshapes.code.tex 2023-01-15 v3.1.10 (3.1.10)
 (e:/Program Files/LateX/texlive/2025/texmf-dist/tex/generic/pgf/frontendlayer/tikz/libraries/tikzlibraryshapes.geometric.code.tex
File: tikzlibraryshapes.geometric.code.tex 2023-01-15 v3.1.10 (3.1.10)
 (e:/Program Files/LateX/texlive/2025/texmf-dist/tex/generic/pgf/libraries/shapes/pgflibraryshapes.geometric.code.tex
File: pgflibraryshapes.geometric.code.tex 2023-01-15 v3.1.10 (3.1.10)
)) (e:/Program Files/LateX/texlive/2025/texmf-dist/tex/generic/pgf/frontendlayer/tikz/libraries/tikzlibraryshapes.misc.code.tex
File: tikzlibraryshapes.misc.code.tex 2023-01-15 v3.1.10 (3.1.10)
 (e:/Program Files/LateX/texlive/2025/texmf-dist/tex/generic/pgf/libraries/shapes/pgflibraryshapes.misc.code.tex
File: pgflibraryshapes.misc.code.tex 2023-01-15 v3.1.10 (3.1.10)
)) (e:/Program Files/LateX/texlive/2025/texmf-dist/tex/generic/pgf/frontendlayer/tikz/libraries/tikzlibraryshapes.symbols.code.tex
File: tikzlibraryshapes.symbols.code.tex 2023-01-15 v3.1.10 (3.1.10)
 (e:/Program Files/LateX/texlive/2025/texmf-dist/tex/generic/pgf/libraries/shapes/pgflibraryshapes.symbols.code.tex
File: pgflibraryshapes.symbols.code.tex 2023-01-15 v3.1.10 (3.1.10)
)) (e:/Program Files/LateX/texlive/2025/texmf-dist/tex/generic/pgf/frontendlayer/tikz/libraries/tikzlibraryshapes.arrows.code.tex
File: tikzlibraryshapes.arrows.code.tex 2023-01-15 v3.1.10 (3.1.10)
 (e:/Program Files/LateX/texlive/2025/texmf-dist/tex/generic/pgf/libraries/shapes/pgflibraryshapes.arrows.code.tex
File: pgflibraryshapes.arrows.code.tex 2023-01-15 v3.1.10 (3.1.10)
)) (e:/Program Files/LateX/texlive/2025/texmf-dist/tex/generic/pgf/frontendlayer/tikz/libraries/tikzlibraryshapes.callouts.code.tex (e:/Program Files/LateX/texlive/2025/texmf-dist/tex/generic/pgf/libraries/shapes/pgflibraryshapes.callouts.code.tex)) (e:/Program Files/LateX/texlive/2025/texmf-dist/tex/generic/pgf/frontendlayer/tikz/libraries/tikzlibraryshapes.multipart.code.tex
File: tikzlibraryshapes.multipart.code.tex 2023-01-15 v3.1.10 (3.1.10)
 (e:/Program Files/LateX/texlive/2025/texmf-dist/tex/generic/pgf/libraries/shapes/pgflibraryshapes.multipart.code.tex
File: pgflibraryshapes.multipart.code.tex 2023-01-15 v3.1.10 (3.1.10)
\pgfnodepartlowerbox=\box71
\pgfnodeparttwobox=\box72
\pgfnodepartthreebox=\box73
\pgfnodepartfourbox=\box74
\pgfnodeparttwentybox=\box75
\pgfnodepartnineteenbox=\box76
\pgfnodeparteighteenbox=\box77
\pgfnodepartseventeenbox=\box78
\pgfnodepartsixteenbox=\box79
\pgfnodepartfifteenbox=\box80
\pgfnodepartfourteenbox=\box81
\pgfnodepartthirteenbox=\box82
\pgfnodeparttwelvebox=\box83
\pgfnodepartelevenbox=\box84
\pgfnodeparttenbox=\box85
\pgfnodepartninebox=\box86
\pgfnodeparteightbox=\box87
\pgfnodepartsevenbox=\box88
\pgfnodepartsixbox=\box89
\pgfnodepartfivebox=\box90
))) (e:/Program Files/LateX/texlive/2025/texmf-dist/tex/generic/pgf/frontendlayer/tikz/libraries/tikzlibrarytrees.code.tex
File: tikzlibrarytrees.code.tex 2023-01-15 v3.1.10 (3.1.10)
) (e:/Program Files/LateX/texlive/2025/texmf-dist/tex/generic/pgf/frontendlayer/tikz/libraries/tikzlibrarymindmap.code.tex
File: tikzlibrarymindmap.code.tex 2023-01-15 v3.1.10 (3.1.10)
) (e:/Program Files/LateX/texlive/2025/texmf-dist/tex/generic/pgf/frontendlayer/tikz/libraries/tikzlibrarypatterns.code.tex
File: tikzlibrarypatterns.code.tex 2023-01-15 v3.1.10 (3.1.10)
 (e:/Program Files/LateX/texlive/2025/texmf-dist/tex/generic/pgf/libraries/pgflibrarypatterns.code.tex
File: pgflibrarypatterns.code.tex 2023-01-15 v3.1.10 (3.1.10)
)) (e:/Program Files/LateX/texlive/2025/texmf-dist/tex/latex/tikzmark/tikzlibrarytikzmark.code.tex
File: tikzlibrarytikzmark.code.tex 2022/08/24 v1.15 TikZ library for marking positions in a document
 (e:/Program Files/LateX/texlive/2025/texmf-dist/tex/latex/l3packages/l3keys2e/l3keys2e.sty
Package: l3keys2e 2024-08-16 LaTeX2e option processing using LaTeX3 keys
)
\l__sn_x_dim=\dimen274
\l__sn_y_dim=\dimen275
\l__sn_xa_dim=\dimen276
\l__sn_ya_dim=\dimen277
) (e:/Program Files/LateX/texlive/2025/texmf-dist/tex/generic/pgf/frontendlayer/tikz/libraries/graphs/tikzlibrarygraphs.code.tex
File: tikzlibrarygraphs.code.tex 2023-01-15 v3.1.10 (3.1.10)
\tikz@lib@auto@number=\count316
\tikz@qnode@count=\count317
) (e:/Program Files/LateX/texlive/2025/texmf-dist/tex/generic/pgf/frontendlayer/tikz/libraries/tikzlibraryquotes.code.tex
File: tikzlibraryquotes.code.tex 2023-01-15 v3.1.10 (3.1.10)
) (e:/Program Files/LateX/texlive/2025/texmf-dist/tex/generic/pgf/frontendlayer/tikz/libraries/tikzlibraryangles.code.tex
File: tikzlibraryangles.code.tex 2023-01-15 v3.1.10 (3.1.10)
) (e:/Program Files/LateX/texlive/2025/texmf-dist/tex/generic/pgf/frontendlayer/tikz/libraries/tikzlibrarydecorations.pathmorphing.code.tex (e:/Program Files/LateX/texlive/2025/texmf-dist/tex/generic/pgf/libraries/decorations/pgflibrarydecorations.pathmorphing.code.tex)) (e:/Program Files/LateX/texlive/2025/texmf-dist/tex/generic/pgf/frontendlayer/tikz/libraries/tikzlibrarythrough.code.tex
File: tikzlibrarythrough.code.tex 2023-01-15 v3.1.10 (3.1.10)
) (e:/Program Files/LateX/texlive/2025/texmf-dist/tex/generic/pgf/frontendlayer/tikz/libraries/tikzlibraryshadings.code.tex
File: tikzlibraryshadings.code.tex 2023-01-15 v3.1.10 (3.1.10)
 (e:/Program Files/LateX/texlive/2025/texmf-dist/tex/generic/pgf/libraries/pgflibraryshadings.code.tex
File: pgflibraryshadings.code.tex 2023-01-15 v3.1.10 (3.1.10)
)) (e:/Program Files/LateX/texlive/2025/texmf-dist/tex/generic/pgf/frontendlayer/tikz/libraries/tikzlibrarybackgrounds.code.tex
File: tikzlibrarybackgrounds.code.tex 2023-01-15 v3.1.10 (3.1.10)
\pgf@layerbox@background=\box91
\pgf@layerboxsaved@background=\box92
) (e:/Program Files/LateX/texlive/2025/texmf-dist/tex/generic/pgf/frontendlayer/tikz/libraries/tikzlibraryfit.code.tex
File: tikzlibraryfit.code.tex 2023-01-15 v3.1.10 (3.1.10)
) (e:/Program Files/LateX/texlive/2025/texmf-dist/tex/generic/pgf/frontendlayer/tikz/libraries/tikzlibrarydecorations.shapes.code.tex (e:/Program Files/LateX/texlive/2025/texmf-dist/tex/generic/pgf/libraries/decorations/pgflibrarydecorations.shapes.code.tex)) (e:/Program Files/LateX/texlive/2025/texmf-dist/tex/latex/pgfplots/pgfplots.sty (e:/Program Files/LateX/texlive/2025/texmf-dist/tex/generic/pgfplots/pgfplots.revision.tex)
Package: pgfplots 2021/05/15 v1.18.1 Data Visualization (1.18.1)
 (e:/Program Files/LateX/texlive/2025/texmf-dist/tex/generic/pgfplots/pgfplots.code.tex (e:/Program Files/LateX/texlive/2025/texmf-dist/tex/generic/pgfplots/pgfplotscore.code.tex
\t@pgfplots@toka=\toks40
\t@pgfplots@tokb=\toks41
\t@pgfplots@tokc=\toks42
\pgfplots@tmpa=\dimen278
\c@pgfplots@coordindex=\count318
\c@pgfplots@scanlineindex=\count319
 (e:/Program Files/LateX/texlive/2025/texmf-dist/tex/generic/pgfplots/sys/pgfplotssysgeneric.code.tex)) (e:/Program Files/LateX/texlive/2025/texmf-dist/tex/generic/pgfplots/libs/pgfplotslibrary.code.tex) (e:/Program Files/LateX/texlive/2025/texmf-dist/tex/generic/pgfplots/oldpgfcompatib/pgfplotsoldpgfsupp_loader.code.tex
Package pgfplots: loading complementary utilities for your pgf version...
\t@pgf@toka=\toks43
\t@pgf@tokb=\toks44
\t@pgf@tokc=\toks45
(e:/Program Files/LateX/texlive/2025/texmf-dist/tex/generic/pgfplots/oldpgfcompatib/pgfplotsoldpgfsupp_pgfutil-common-lists.tex)) (e:/Program Files/LateX/texlive/2025/texmf-dist/tex/generic/pgfplots/util/pgfplotsutil.code.tex (e:/Program Files/LateX/texlive/2025/texmf-dist/tex/generic/pgfplots/liststructure/pgfplotsliststructure.code.tex) (e:/Program Files/LateX/texlive/2025/texmf-dist/tex/generic/pgfplots/liststructure/pgfplotsliststructureext.code.tex) (e:/Program Files/LateX/texlive/2025/texmf-dist/tex/generic/pgfplots/liststructure/pgfplotsarray.code.tex
\c@pgfplotsarray@tmp=\count320
) (e:/Program Files/LateX/texlive/2025/texmf-dist/tex/generic/pgfplots/liststructure/pgfplotsmatrix.code.tex) (e:/Program Files/LateX/texlive/2025/texmf-dist/tex/generic/pgfplots/numtable/pgfplotstableshared.code.tex
\c@pgfplotstable@counta=\count321
\t@pgfplotstable@a=\toks46
) (e:/Program Files/LateX/texlive/2025/texmf-dist/tex/generic/pgfplots/liststructure/pgfplotsdeque.code.tex) (e:/Program Files/LateX/texlive/2025/texmf-dist/tex/generic/pgfplots/util/pgfplotsbinary.code.tex (e:/Program Files/LateX/texlive/2025/texmf-dist/tex/generic/pgfplots/util/pgfplotsbinary.data.code.tex)) (e:/Program Files/LateX/texlive/2025/texmf-dist/tex/generic/pgfplots/util/pgfplotsutil.verb.code.tex) (e:/Program Files/LateX/texlive/2025/texmf-dist/tex/generic/pgfplots/libs/pgflibrarypgfplots.surfshading.code.tex
\c@pgfplotslibrarysurf@no=\count322
 (e:/Program Files/LateX/texlive/2025/texmf-dist/tex/generic/pgfplots/sys/pgflibrarypgfplots.surfshading.pgfsys-xetex.def (e:/Program Files/LateX/texlive/2025/texmf-dist/tex/generic/pgfplots/sys/pgflibrarypgfplots.surfshading.pgfsys-dvipdfmx.def
\c@pgfplotslibrarysurf@streamlen=\count323
)))) (e:/Program Files/LateX/texlive/2025/texmf-dist/tex/generic/pgfplots/util/pgfplotscolormap.code.tex (e:/Program Files/LateX/texlive/2025/texmf-dist/tex/generic/pgfplots/util/pgfplotscolor.code.tex)) (e:/Program Files/LateX/texlive/2025/texmf-dist/tex/generic/pgfplots/pgfplotsstackedplots.code.tex) (e:/Program Files/LateX/texlive/2025/texmf-dist/tex/generic/pgfplots/pgfplotsplothandlers.code.tex (e:/Program Files/LateX/texlive/2025/texmf-dist/tex/generic/pgfplots/pgfplotsmeshplothandler.code.tex (e:/Program Files/LateX/texlive/2025/texmf-dist/tex/generic/pgfplots/pgfplotsmeshplotimage.code.tex))) (e:/Program Files/LateX/texlive/2025/texmf-dist/tex/generic/pgfplots/pgfplots.scaling.code.tex) (e:/Program Files/LateX/texlive/2025/texmf-dist/tex/generic/pgfplots/pgfplotscoordprocessing.code.tex) (e:/Program Files/LateX/texlive/2025/texmf-dist/tex/generic/pgfplots/pgfplots.errorbars.code.tex) (e:/Program Files/LateX/texlive/2025/texmf-dist/tex/generic/pgfplots/pgfplots.markers.code.tex) (e:/Program Files/LateX/texlive/2025/texmf-dist/tex/generic/pgfplots/pgfplotsticks.code.tex) (e:/Program Files/LateX/texlive/2025/texmf-dist/tex/generic/pgfplots/pgfplots.paths.code.tex) (e:/Program Files/LateX/texlive/2025/texmf-dist/tex/generic/pgfplots/libs/tikzlibrarypgfplots.contourlua.code.tex)
\pgfplots@numplots=\count324
\pgfplots@xmin@reg=\dimen279
\pgfplots@xmax@reg=\dimen280
\pgfplots@ymin@reg=\dimen281
\pgfplots@ymax@reg=\dimen282
\pgfplots@zmin@reg=\dimen283
\pgfplots@zmax@reg=\dimen284
) (e:/Program Files/LateX/texlive/2025/texmf-dist/tex/generic/pgf/frontendlayer/tikz/libraries/tikzlibraryplotmarks.code.tex
File: tikzlibraryplotmarks.code.tex 2023-01-15 v3.1.10 (3.1.10)
 (e:/Program Files/LateX/texlive/2025/texmf-dist/tex/generic/pgf/libraries/pgflibraryplotmarks.code.tex
File: pgflibraryplotmarks.code.tex 2023-01-15 v3.1.10 (3.1.10)
)))
\l__beautybook_tmpa_toks=\toks47
 (./stys/beautybook-bottompage.sty
Package: stys/beautybook-bottompage 2024/07/01,v2.0
 (e:/Program Files/LateX/texlive/2025/texmf-dist/tex/latex/ean13isbn/ean13isbn.sty
Package: ean13isbn 2021/01/24 EAN13 with ISBN
Package ean13isbn Info: $Id: ean13isbn.sty 550 2021-01-23 23:47:58Z zw $.
 (e:/Program Files/LateX/texlive/2025/texmf-dist/tex/latex/kvoptions/kvoptions.sty
Package: kvoptions 2022-06-15 v3.15 Key value format for package options (HO)
 (e:/Program Files/LateX/texlive/2025/texmf-dist/tex/generic/ltxcmds/ltxcmds.sty
Package: ltxcmds 2023-12-04 v1.26 LaTeX kernel commands for general use (HO)
) (e:/Program Files/LateX/texlive/2025/texmf-dist/tex/latex/kvsetkeys/kvsetkeys.sty
Package: kvsetkeys 2022-10-05 v1.19 Key value parser (HO)
)) (e:/Program Files/LateX/texlive/2025/texmf-dist/tex/generic/ean/ean13.tex The EAN-13 barcodes macro. Copyright (C) Petr Olsak, 1995
\numlines=\count325
\nummodules=\count326
\numdigit=\count327
\evensum=\count328
\oddsum=\count329
\X=\dimen285
\bcorr=\dimen286
\workdimen=\dimen287
\barheight=\dimen288
)
\zw@isbnfsize=\dimen289
\zw@test@box=\box93
LaTeX Font Info:    Trying to load font information for OT1+phv on input line 97.
 (e:/Program Files/LateX/texlive/2025/texmf-dist/tex/latex/psnfss/ot1phv.fd
File: ot1phv.fd 2020/03/25 scalable font definitions for OT1/phv.
))
\pgf@layerbox@foreground=\box94
\pgf@layerboxsaved@foreground=\box95
\pgf@layerbox@top=\box96
\pgf@layerboxsaved@top=\box97
\pgf@layerbox@bottom=\box98
\pgf@layerboxsaved@bottom=\box99
) (e:/Program Files/LateX/texlive/2025/texmf-dist/tex/latex/graphics/rotating.sty
Package: rotating 2016/08/11 v2.16d rotated objects in LaTeX
\c@r@tfl@t=\count330
\rotFPtop=\skip59
\rotFPbot=\skip60
\rot@float@box=\box100
\rot@mess@toks=\toks48
) (e:/Program Files/LateX/texlive/2025/texmf-dist/tex/latex/extarrows/extarrows.sty
Package: extarrows 2020/03/12 v1.2.0 Some extensible arrows
 (e:/Program Files/LateX/texlive/2025/texmf-dist/tex/latex/amsmath/amsmath.sty
Package: amsmath 2024/11/05 v2.17t AMS math features
\@mathmargin=\skip61

For additional information on amsmath, use the `?' option.
(e:/Program Files/LateX/texlive/2025/texmf-dist/tex/latex/amsmath/amstext.sty
Package: amstext 2021/08/26 v2.01 AMS text
 (e:/Program Files/LateX/texlive/2025/texmf-dist/tex/latex/amsmath/amsgen.sty
File: amsgen.sty 1999/11/30 v2.0 generic functions
\@emptytoks=\toks49
\ex@=\dimen290
)) (e:/Program Files/LateX/texlive/2025/texmf-dist/tex/latex/amsmath/amsbsy.sty
Package: amsbsy 1999/11/29 v1.2d Bold Symbols
\pmbraise@=\dimen291
) (e:/Program Files/LateX/texlive/2025/texmf-dist/tex/latex/amsmath/amsopn.sty
Package: amsopn 2022/04/08 v2.04 operator names
)
\inf@bad=\count331
LaTeX Info: Redefining \frac on input line 233.
\uproot@=\count332
\leftroot@=\count333
LaTeX Info: Redefining \overline on input line 398.
LaTeX Info: Redefining \colon on input line 409.
\classnum@=\count334
\DOTSCASE@=\count335
LaTeX Info: Redefining \ldots on input line 495.
LaTeX Info: Redefining \dots on input line 498.
LaTeX Info: Redefining \cdots on input line 619.
\Mathstrutbox@=\box101
\strutbox@=\box102
LaTeX Info: Redefining \big on input line 721.
LaTeX Info: Redefining \Big on input line 722.
LaTeX Info: Redefining \bigg on input line 723.
LaTeX Info: Redefining \Bigg on input line 724.
\big@size=\dimen292
LaTeX Font Info:    Redeclaring font encoding OML on input line 742.
LaTeX Font Info:    Redeclaring font encoding OMS on input line 743.
\macc@depth=\count336
LaTeX Info: Redefining \bmod on input line 904.
LaTeX Info: Redefining \pmod on input line 909.
LaTeX Info: Redefining \smash on input line 939.
LaTeX Info: Redefining \relbar on input line 969.
LaTeX Info: Redefining \Relbar on input line 970.
\c@MaxMatrixCols=\count337
\dotsspace@=\muskip17
\c@parentequation=\count338
\dspbrk@lvl=\count339
\tag@help=\toks50
\row@=\count340
\column@=\count341
\maxfields@=\count342
\andhelp@=\toks51
\eqnshift@=\dimen293
\alignsep@=\dimen294
\tagshift@=\dimen295
\tagwidth@=\dimen296
\totwidth@=\dimen297
\lineht@=\dimen298
\@envbody=\toks52
\multlinegap=\skip62
\multlinetaggap=\skip63
\mathdisplay@stack=\toks53
LaTeX Info: Redefining \[ on input line 2953.
LaTeX Info: Redefining \] on input line 2954.
)) (e:/Program Files/LateX/texlive/2025/texmf-dist/tex/latex/appendix/appendix.sty
Package: appendix 2020/02/08 v1.2c extra appendix facilities
\c@@pps=\count343
\c@@ppsavesec=\count344
\c@@ppsaveapp=\count345
) (e:/Program Files/LateX/texlive/2025/texmf-dist/tex/latex/base/makeidx.sty
Package: makeidx 2021/10/04 v1.0m Standard LaTeX package
) (e:/Program Files/LateX/texlive/2025/texmf-dist/tex/latex/paracol/paracol.sty
Package: paracol 2024/10/22 1.36 typeset columns in parallel
\pcol@currcol=\count346
\pcol@nextcol=\count347
\pcol@ncol=\count348
\pcol@ncolleft=\count349
\pcol@page=\count350
\pcol@basepage=\count351
\pcol@toppage=\count352
\pcol@footnotebase=\count353
\pcol@nfootnotes=\count354
\pcol@mcid=\count355
\pcol@prevdepth=\dimen299
\pcol@colht=\dimen300
\pcol@textfloatsep=\dimen301
\pcol@lrmargin=\dimen302
\pagerim=\dimen303
\pcol@topskip=\skip64
\belowfootnoteskip=\skip65
\pcol@topfnotes=\box103
\pcol@prespan=\box104
\pcol@rightpage=\box105
\pcol@colorstack@saved=\box106
\pcol@tempboxa=\box107
\pcol@tempboxb=\box108
\pcol@colorins=\insert252
\pcol@everyvbox=\toks54
) (e:/Program Files/LateX/texlive/2025/texmf-dist/tex/latex/tikz-cd/tikz-cd.sty
Package: tikz-cd 2021/05/04 v1.0 Commutative diagrams with TikZ
 (e:/Program Files/LateX/texlive/2025/texmf-dist/tex/generic/tikz-cd/tikzlibrarycd.code.tex (e:/Program Files/LateX/texlive/2025/texmf-dist/tex/generic/pgf/frontendlayer/tikz/libraries/tikzlibrarymatrix.code.tex
File: tikzlibrarymatrix.code.tex 2023-01-15 v3.1.10 (3.1.10)
))) (e:/Program Files/LateX/texlive/2025/texmf-dist/tex/latex/imakeidx/imakeidx.sty
Package: imakeidx 2016/10/15 v1.3e Package for typesetting indices in a synchronous mode
 (e:/Program Files/LateX/texlive/2025/texmf-dist/tex/generic/iftex/ifxetex.sty
Package: ifxetex 2019/10/25 v0.7 ifxetex legacy package. Use iftex instead.
 (e:/Program Files/LateX/texlive/2025/texmf-dist/tex/generic/iftex/iftex.sty
Package: iftex 2024/12/12 v1.0g TeX engine tests
)) (e:/Program Files/LateX/texlive/2025/texmf-dist/tex/generic/iftex/ifluatex.sty
Package: ifluatex 2019/10/25 v1.5 ifluatex legacy package. Use iftex instead.
) (e:/Program Files/LateX/texlive/2025/texmf-dist/tex/latex/tools/multicol.sty
Package: multicol 2024/09/14 v1.9i multicolumn formatting (FMi)
\c@tracingmulticols=\count356
\mult@box=\box109
\multicol@leftmargin=\dimen304
\c@unbalance=\count357
\c@collectmore=\count358
\doublecol@number=\count359
\multicoltolerance=\count360
\multicolpretolerance=\count361
\full@width=\dimen305
\page@free=\dimen306
\premulticols=\dimen307
\postmulticols=\dimen308
\multicolsep=\skip66
\multicolbaselineskip=\skip67
\partial@page=\box110
\last@line=\box111
\mc@boxedresult=\box112
\maxbalancingoverflow=\dimen309
\mult@rightbox=\box113
\mult@grightbox=\box114
\mult@firstbox=\box115
\mult@gfirstbox=\box116
\@tempa=\box117
\@tempa=\box118
\@tempa=\box119
\@tempa=\box120
\@tempa=\box121
\@tempa=\box122
\@tempa=\box123
\@tempa=\box124
\@tempa=\box125
\@tempa=\box126
\@tempa=\box127
\@tempa=\box128
\@tempa=\box129
\@tempa=\box130
\@tempa=\box131
\@tempa=\box132
\@tempa=\box133
\@tempa=\box134
\@tempa=\box135
\@tempa=\box136
\@tempa=\box137
\@tempa=\box138
\@tempa=\box139
\@tempa=\box140
\@tempa=\box141
\@tempa=\box142
\@tempa=\box143
\@tempa=\box144
\@tempa=\box145
\@tempa=\box146
\@tempa=\box147
\@tempa=\box148
\@tempa=\box149
\@tempa=\box150
\@tempa=\box151
\@tempa=\box152
\c@minrows=\count362
\c@columnbadness=\count363
\c@finalcolumnbadness=\count364
\last@try=\dimen310
\multicolovershoot=\dimen311
\multicolundershoot=\dimen312
\mult@nat@firstbox=\box153
\colbreak@box=\box154
\mc@col@check@num=\count365
)) (e:/Program Files/LateX/texlive/2025/texmf-dist/tex/latex/anyfontsize/anyfontsize.sty
Invalid UTF-8 byte or sequence at line 3 replaced by U+FFFD.
Invalid UTF-8 byte or sequence at line 3 replaced by U+FFFD.
Package: anyfontsize 2007/11/22 anyfontsize.sty by pts
) (e:/Program Files/LateX/texlive/2025/texmf-dist/tex/latex/todonotes/todonotes.sty
Package: todonotes 2024/01/05 v1.1.7 Todonotes source and documentation.
Package: todonotes 2024/01/05
\c@@todonotes@numberoftodonotes=\count366
) (e:/Program Files/LateX/texlive/2025/texmf-dist/tex/latex/varwidth/varwidth.sty
Package: varwidth 2009/03/30 ver 0.92;  Variable-width minipages
\@vwid@box=\box155
\sift@deathcycles=\count367
\@vwid@loff=\dimen313
\@vwid@roff=\dimen314
) (e:/Program Files/LateX/texlive/2025/texmf-dist/tex/latex/hyperref/hyperref.sty
Package: hyperref 2024-11-05 v7.01l Hypertext links for LaTeX
 (e:/Program Files/LateX/texlive/2025/texmf-dist/tex/generic/kvdefinekeys/kvdefinekeys.sty
Package: kvdefinekeys 2019-12-19 v1.6 Define keys (HO)
) (e:/Program Files/LateX/texlive/2025/texmf-dist/tex/generic/pdfescape/pdfescape.sty
Package: pdfescape 2019/12/09 v1.15 Implements pdfTeX's escape features (HO)
 (e:/Program Files/LateX/texlive/2025/texmf-dist/tex/generic/pdftexcmds/pdftexcmds.sty
Package: pdftexcmds 2020-06-27 v0.33 Utility functions of pdfTeX for LuaTeX (HO)
 (e:/Program Files/LateX/texlive/2025/texmf-dist/tex/generic/infwarerr/infwarerr.sty
Package: infwarerr 2019/12/03 v1.5 Providing info/warning/error messages (HO)
)
Package pdftexcmds Info: \pdf@primitive is available.
Package pdftexcmds Info: \pdf@ifprimitive is available.
Package pdftexcmds Info: \pdfdraftmode not found.
)) (e:/Program Files/LateX/texlive/2025/texmf-dist/tex/latex/hycolor/hycolor.sty
Package: hycolor 2020-01-27 v1.10 Color options for hyperref/bookmark (HO)
) (e:/Program Files/LateX/texlive/2025/texmf-dist/tex/latex/hyperref/nameref.sty
Package: nameref 2023-11-26 v2.56 Cross-referencing by name of section
 (e:/Program Files/LateX/texlive/2025/texmf-dist/tex/latex/refcount/refcount.sty
Package: refcount 2019/12/15 v3.6 Data extraction from label references (HO)
) (e:/Program Files/LateX/texlive/2025/texmf-dist/tex/generic/gettitlestring/gettitlestring.sty
Package: gettitlestring 2019/12/15 v1.6 Cleanup title references (HO)
)
\c@section@level=\count368
) (e:/Program Files/LateX/texlive/2025/texmf-dist/tex/generic/stringenc/stringenc.sty
Package: stringenc 2019/11/29 v1.12 Convert strings between diff. encodings (HO)
)
\@linkdim=\dimen315
\Hy@linkcounter=\count369
\Hy@pagecounter=\count370
 (e:/Program Files/LateX/texlive/2025/texmf-dist/tex/latex/hyperref/pd1enc.def
File: pd1enc.def 2024-11-05 v7.01l Hyperref: PDFDocEncoding definition (HO)
) (e:/Program Files/LateX/texlive/2025/texmf-dist/tex/generic/intcalc/intcalc.sty
Package: intcalc 2019/12/15 v1.3 Expandable calculations with integers (HO)
)
\Hy@SavedSpaceFactor=\count371
 (e:/Program Files/LateX/texlive/2025/texmf-dist/tex/latex/hyperref/puenc.def
File: puenc.def 2024-11-05 v7.01l Hyperref: PDF Unicode definition (HO)
)
Package hyperref Info: Option `colorlinks' set `true' on input line 4040.
Package hyperref Info: Hyper figures OFF on input line 4157.
Package hyperref Info: Link nesting OFF on input line 4162.
Package hyperref Info: Hyper index ON on input line 4165.
Package hyperref Info: Plain pages OFF on input line 4172.
Package hyperref Info: Backreferencing OFF on input line 4177.
Package hyperref Info: Implicit mode ON; LaTeX internals redefined.
Package hyperref Info: Bookmarks ON on input line 4424.
\c@Hy@tempcnt=\count372
 (e:/Program Files/LateX/texlive/2025/texmf-dist/tex/latex/url/url.sty
\Urlmuskip=\muskip18
Package: url 2013/09/16  ver 3.4  Verb mode for urls, etc.
)
LaTeX Info: Redefining \url on input line 4763.
\XeTeXLinkMargin=\dimen316
 (e:/Program Files/LateX/texlive/2025/texmf-dist/tex/generic/bitset/bitset.sty
Package: bitset 2019/12/09 v1.3 Handle bit-vector datatype (HO)
 (e:/Program Files/LateX/texlive/2025/texmf-dist/tex/generic/bigintcalc/bigintcalc.sty
Package: bigintcalc 2019/12/15 v1.5 Expandable calculations on big integers (HO)
))
\Fld@menulength=\count373
\Field@Width=\dimen317
\Fld@charsize=\dimen318
Package hyperref Info: Hyper figures OFF on input line 6042.
Package hyperref Info: Link nesting OFF on input line 6047.
Package hyperref Info: Hyper index ON on input line 6050.
Package hyperref Info: backreferencing OFF on input line 6057.
Package hyperref Info: Link coloring ON on input line 6060.
Package hyperref Info: Link coloring with OCG OFF on input line 6067.
Package hyperref Info: PDF/A mode OFF on input line 6072.
 (e:/Program Files/LateX/texlive/2025/texmf-dist/tex/latex/base/atbegshi-ltx.sty
Package: atbegshi-ltx 2021/01/10 v1.0c Emulation of the original atbegshi
package with kernel methods
)
\Hy@abspage=\count374
\c@Item=\count375
\c@Hfootnote=\count376
)
Package hyperref Info: Driver (autodetected): hxetex.
 (e:/Program Files/LateX/texlive/2025/texmf-dist/tex/latex/hyperref/hxetex.def
File: hxetex.def 2024-11-05 v7.01l Hyperref driver for XeTeX
\pdfm@box=\box156
\c@Hy@AnnotLevel=\count377
\HyField@AnnotCount=\count378
\Fld@listcount=\count379
\c@bookmark@seq@number=\count380
 (e:/Program Files/LateX/texlive/2025/texmf-dist/tex/latex/rerunfilecheck/rerunfilecheck.sty
Package: rerunfilecheck 2022-07-10 v1.10 Rerun checks for auxiliary files (HO)
 (e:/Program Files/LateX/texlive/2025/texmf-dist/tex/latex/base/atveryend-ltx.sty
Package: atveryend-ltx 2020/08/19 v1.0a Emulation of the original atveryend package
with kernel methods
) (e:/Program Files/LateX/texlive/2025/texmf-dist/tex/generic/uniquecounter/uniquecounter.sty
Package: uniquecounter 2019/12/15 v1.4 Provide unlimited unique counter (HO)
)
Package uniquecounter Info: New unique counter `rerunfilecheck' on input line 285.
)
\Hy@SectionHShift=\skip68
) (e:/Program Files/LateX/texlive/2025/texmf-dist/tex/latex/dashrule/dashrule.sty
Package: dashrule 2013/03/28 v1.3 Dashed rules
\c@hdr@segments=\count381
)
\outermarginwidth=\skip69
\covershift=\skip70
 (e:/Program Files/LateX/texlive/2025/texmf-dist/tex/latex/caption/caption.sty
Package: caption 2023/08/05 v3.6o Customizing captions (AR)
 (e:/Program Files/LateX/texlive/2025/texmf-dist/tex/latex/caption/caption3.sty
Package: caption3 2023/07/31 v2.4d caption3 kernel (AR)
\caption@tempdima=\dimen319
\captionmargin=\dimen320
\caption@leftmargin=\dimen321
\caption@rightmargin=\dimen322
\caption@width=\dimen323
\caption@indent=\dimen324
\caption@parindent=\dimen325
\caption@hangindent=\dimen326
Package caption Info: Standard document class detected.
)
\c@caption@flags=\count382
\c@continuedfloat=\count383
Package caption Info: hyperref package is loaded.
Package caption Info: rotating package is loaded.
) (e:/Program Files/LateX/texlive/2025/texmf-dist/tex/latex/tools/indentfirst.sty
Package: indentfirst 2023/07/02 v1.03 Indent first paragraph (DPC)
) (e:/Program Files/LateX/texlive/2025/texmf-dist/tex/latex/geometry/geometry.sty
Package: geometry 2020/01/02 v5.9 Page Geometry
 (e:/Program Files/LateX/texlive/2025/texmf-dist/tex/generic/iftex/ifvtex.sty
Package: ifvtex 2019/10/25 v1.7 ifvtex legacy package. Use iftex instead.
)
\Gm@cnth=\count384
\Gm@cntv=\count385
\c@Gm@tempcnt=\count386
\Gm@bindingoffset=\dimen327
\Gm@wd@mp=\dimen328
\Gm@odd@mp=\dimen329
\Gm@even@mp=\dimen330
\Gm@layoutwidth=\dimen331
\Gm@layoutheight=\dimen332
\Gm@layouthoffset=\dimen333
\Gm@layoutvoffset=\dimen334
\Gm@dimlist=\toks55
) (e:/Program Files/LateX/texlive/2025/texmf-dist/tex/latex/koma-script/scrlayer-scrpage.sty
Package: scrlayer-scrpage 2024/10/24 v3.43 KOMA-Script package (end user interface for scrlayer)
 (e:/Program Files/LateX/texlive/2025/texmf-dist/tex/latex/koma-script/scrlayer.sty
Package: scrlayer 2024/10/24 v3.43 KOMA-Script package (defining layers and page styles)
 (e:/Program Files/LateX/texlive/2025/texmf-dist/tex/latex/koma-script/scrkbase.sty
Package: scrkbase 2024/10/24 v3.43 KOMA-Script package (KOMA-Script-dependent basics and keyval usage)
 (e:/Program Files/LateX/texlive/2025/texmf-dist/tex/latex/koma-script/scrbase.sty
Package: scrbase 2024/10/24 v3.43 KOMA-Script package (KOMA-Script-independent basics and keyval usage)
 (e:/Program Files/LateX/texlive/2025/texmf-dist/tex/latex/koma-script/scrlfile.sty
Package: scrlfile 2024/10/24 v3.43 KOMA-Script package (file load hooks)
 (e:/Program Files/LateX/texlive/2025/texmf-dist/tex/latex/koma-script/scrlfile-hook.sty
Package: scrlfile-hook 2024/10/24 v3.43 KOMA-Script package (using LaTeX hooks)
 (e:/Program Files/LateX/texlive/2025/texmf-dist/tex/latex/koma-script/scrlogo.sty
Package: scrlogo 2024/10/24 v3.43 KOMA-Script package (logo)
)))
Applying: [2021/05/01] Usage of raw or classic option list on input line 254.
Already applied: [0000/00/00] Usage of raw or classic option list on input line 370.
))
\footheight=\skip71
Package scrlayer Info: patching LaTeX kernel macro \pagestyle on input line 2182.
)) (e:/Program Files/LateX/texlive/2025/texmf-dist/tex/latex/fontawesome5/fontawesome5.sty
Package: fontawesome5 2022/05/02 v5.15.4 Font Awesome 5
 (e:/Program Files/LateX/texlive/2025/texmf-dist/tex/latex/fontawesome5/fontawesome5-utex-helper.sty
Package: fontawesome5-utex-helper 2022/05/02 v5.15.4 uTeX helper for fontawesome5
LaTeX Font Info:    Trying to load font information for TU+fontawesomefree on input line 69.
 (e:/Program Files/LateX/texlive/2025/texmf-dist/tex/latex/fontawesome5/tufontawesomefree.fd)
LaTeX Font Info:    Trying to load font information for TU+fontawesomebrands on input line 70.
 (e:/Program Files/LateX/texlive/2025/texmf-dist/tex/latex/fontawesome5/tufontawesomebrands.fd))) (e:/Program Files/LateX/texlive/2025/texmf-dist/tex/latex/jknapltx/mathrsfs.sty
Package: mathrsfs 1996/01/01 Math RSFS package v1.0 (jk)
\symrsfs=\mathgroup4
) (e:/Program Files/LateX/texlive/2025/texmf-dist/tex/latex/tcolorbox/tcolorbox.sty
Package: tcolorbox 2024/10/22 version 6.4.1 text color boxes
 (e:/Program Files/LateX/texlive/2025/texmf-dist/tex/latex/tools/verbatim.sty
Package: verbatim 2024-01-22 v1.5x LaTeX2e package for verbatim enhancements
\every@verbatim=\toks56
\verbatim@line=\toks57
\verbatim@in@stream=\read3
) (e:/Program Files/LateX/texlive/2025/texmf-dist/tex/latex/environ/environ.sty
Package: environ 2014/05/04 v0.3 A new way to define environments
 (e:/Program Files/LateX/texlive/2025/texmf-dist/tex/latex/trimspaces/trimspaces.sty
Package: trimspaces 2009/09/17 v1.1 Trim spaces around a token list
))
\tcb@titlebox=\box157
\tcb@upperbox=\box158
\tcb@lowerbox=\box159
\tcb@phantombox=\box160
\c@tcbbreakpart=\count387
\c@tcblayer=\count388
\c@tcolorbox@number=\count389
\l__tcobox_tmpa_box=\box161
\l__tcobox_tmpa_dim=\dimen335
\tcb@temp=\box162
\tcb@temp=\box163
\tcb@temp=\box164
\tcb@temp=\box165
 (e:/Program Files/LateX/texlive/2025/texmf-dist/tex/latex/tcolorbox/tcbraster.code.tex
Library (tcolorbox): 'tcbraster.code.tex' version '6.4.1'
\c@tcbrastercolumn=\count390
\c@tcbrasterrow=\count391
\c@tcbrasternum=\count392
\c@tcbraster=\count393
) (e:/Program Files/LateX/texlive/2025/texmf-dist/tex/latex/tcolorbox/tcbskins.code.tex
Library (tcolorbox): 'tcbskins.code.tex' version '6.4.1'
(e:/Program Files/LateX/texlive/2025/texmf-dist/tex/latex/tikzfill/tikzfill.image.sty
Package: tikzfill.image 2023/08/08 v1.0.1 Image filling library for TikZ
 (e:/Program Files/LateX/texlive/2025/texmf-dist/tex/latex/tikzfill/tikzfill-common.sty
Package: tikzfill-common 2023/08/08 v1.0.1 Auxiliary code for tikzfill
) (e:/Program Files/LateX/texlive/2025/texmf-dist/tex/latex/tikzfill/tikzlibraryfill.image.code.tex
File: tikzlibraryfill.image.code.tex 2023/08/08 v1.0.1 Image filling library
\l__tikzfill_img_box=\box166
)) (e:/Program Files/LateX/texlive/2025/texmf-dist/tex/latex/tcolorbox/tcbskinsjigsaw.code.tex
Library (tcolorbox): 'tcbskinsjigsaw.code.tex' version '6.4.1'
)) (e:/Program Files/LateX/texlive/2025/texmf-dist/tex/latex/tcolorbox/tcbbreakable.code.tex
Library (tcolorbox): 'tcbbreakable.code.tex' version '6.4.1'
(e:/Program Files/LateX/texlive/2025/texmf-dist/tex/latex/pdfcol/pdfcol.sty
Package: pdfcol 2022-09-21 v1.7 Handle new color stacks for pdfTeX (HO)
Package pdfcol Info: Interface disabled because of missing PDF mode of pdfTeX.
)
Package pdfcol Info: pdfTeX's color stacks are not available.
\tcb@testbox=\box167
\tcb@totalupperbox=\box168
\tcb@totallowerbox=\box169
) (e:/Program Files/LateX/texlive/2025/texmf-dist/tex/latex/tcolorbox/tcbhooks.code.tex
Library (tcolorbox): 'tcbhooks.code.tex' version '6.4.1'
) (e:/Program Files/LateX/texlive/2025/texmf-dist/tex/latex/tcolorbox/tcbtheorems.code.tex
Library (tcolorbox): 'tcbtheorems.code.tex' version '6.4.1'
) (e:/Program Files/LateX/texlive/2025/texmf-dist/tex/latex/tcolorbox/tcbfitting.code.tex
Library (tcolorbox): 'tcbfitting.code.tex' version '6.4.1'
\tcbfitdim=\dimen336
\tcb@lowerfitdim=\dimen337
\tcb@upperfitdim=\dimen338
\tcb@cur@hbadness=\count394
) (e:/Program Files/LateX/texlive/2025/texmf-dist/tex/latex/tcolorbox/tcblistingsutf8.code.tex
Library (tcolorbox): 'tcblistingsutf8.code.tex' version '6.4.1'
(e:/Program Files/LateX/texlive/2025/texmf-dist/tex/latex/tcolorbox/tcblistings.code.tex
Library (tcolorbox): 'tcblistings.code.tex' version '6.4.1'
(e:/Program Files/LateX/texlive/2025/texmf-dist/tex/latex/listings/listings.sty
\lst@mode=\count395
\lst@gtempboxa=\box170
\lst@token=\toks58
\lst@length=\count396
\lst@currlwidth=\dimen339
\lst@column=\count397
\lst@pos=\count398
\lst@lostspace=\dimen340
\lst@width=\dimen341
\lst@newlines=\count399
\lst@lineno=\count400
\lst@maxwidth=\dimen342
 (e:/Program Files/LateX/texlive/2025/texmf-dist/tex/latex/listings/lstpatch.sty
File: lstpatch.sty 2024/09/23 1.10c (Carsten Heinz)
) (e:/Program Files/LateX/texlive/2025/texmf-dist/tex/latex/listings/lstmisc.sty
File: lstmisc.sty 2024/09/23 1.10c (Carsten Heinz)
\c@lstnumber=\count401
\lst@skipnumbers=\count402
\lst@framebox=\box171
) (e:/Program Files/LateX/texlive/2025/texmf-dist/tex/latex/listings/listings.cfg
File: listings.cfg 2024/09/23 1.10c listings configuration
))
Package: listings 2024/09/23 1.10c (Carsten Heinz)
 (e:/Program Files/LateX/texlive/2025/texmf-dist/tex/latex/tcolorbox/tcblistingscore.code.tex
Library (tcolorbox): 'tcblistingscore.code.tex' version '6.4.1'
(e:/Program Files/LateX/texlive/2025/texmf-dist/tex/latex/tcolorbox/tcbprocessing.code.tex
Library (tcolorbox): 'tcbprocessing.code.tex' version '6.4.1'
)
\c@tcblisting=\count403
))
Package tcolorbox Info: Library `listingsutf8' is compatible with pdftex only. Library `listings` is loaded instead. on input line 29.
) (e:/Program Files/LateX/texlive/2025/texmf-dist/tex/latex/tcolorbox/tcbexternal.code.tex
Library (tcolorbox): 'tcbexternal.code.tex' version '6.4.1'
) (e:/Program Files/LateX/texlive/2025/texmf-dist/tex/latex/tcolorbox/tcbmagazine.code.tex
Library (tcolorbox): 'tcbmagazine.code.tex' version '6.4.1'
) (e:/Program Files/LateX/texlive/2025/texmf-dist/tex/latex/tcolorbox/tcbvignette.code.tex
Library (tcolorbox): 'tcbvignette.code.tex' version '6.4.1'
) (e:/Program Files/LateX/texlive/2025/texmf-dist/tex/latex/tcolorbox/tcbposter.code.tex
Library (tcolorbox): 'tcbposter.code.tex' version '6.4.1'
)) (e:/Program Files/LateX/texlive/2025/texmf-dist/tex/latex/tools/tabularx.sty
Package: tabularx 2023/12/11 v2.12a `tabularx' package (DPC)
\TX@col@width=\dimen343
\TX@old@table=\dimen344
\TX@old@col=\dimen345
\TX@target=\dimen346
\TX@delta=\dimen347
\TX@cols=\count404
\TX@ftn=\toks59
) (e:/Program Files/LateX/texlive/2025/texmf-dist/tex/latex/lastpage/lastpage.sty
Package: lastpage 2025/01/27 v2.1e lastpage: 2.09 or 2e? (HMM)
 (e:/Program Files/LateX/texlive/2025/texmf-dist/tex/latex/lastpage/lastpage2e.sty
Package: lastpage2e 2025/01/27 v2.1e Decide which 2e lastpage version to use (HMM)
 (e:/Program Files/LateX/texlive/2025/texmf-dist/tex/latex/lastpage/lastpagemodern.sty
Package: lastpagemodern 2025-01-27 v2.1e Refers to last page's name (HMM; JPG)
\c@lastpagecount=\count405
) 
)) (e:/Program Files/LateX/texlive/2025/texmf-dist/tex/latex/ninecolors/ninecolors.sty
Package: ninecolors 2022-02-13 v2022D Select colors with proper color contrast
) (e:/Program Files/LateX/texlive/2025/texmf-dist/tex/latex/tabularray/tabularray.sty
Package: tabularray 2024-02-16 v2024A Typeset tabulars and arrays with LaTeX3
\l__tblr_a_int=\count406
\l__tblr_c_int=\count407
\l__tblr_r_int=\count408
\l__tblr_d_dim=\dimen348
\l__tblr_h_dim=\dimen349
\l__tblr_o_dim=\dimen350
\l__tblr_p_dim=\dimen351
\l__tblr_q_dim=\dimen352
\l__tblr_r_dim=\dimen353
\l__tblr_s_dim=\dimen354
\l__tblr_t_dim=\dimen355
\l__tblr_v_dim=\dimen356
\l__tblr_w_dim=\dimen357
\l__tblr_a_box=\box172
\l__tblr_b_box=\box173
\l__tblr_c_box=\box174
\l__tblr_d_box=\box175
\g__tblr_table_count_int=\count409
\c@colnum=\count410
\c@rowcount=\count411
\c@colcount=\count412
\abovesep=\dimen358
\belowsep=\dimen359
\leftsep=\dimen360
\rightsep=\dimen361
\g_tblr_level_int=\count413
\g__tblr_data_row_key_count_int=\count414
\g__tblr_data_column_key_count_int=\count415
\g__tblr_data_cell_key_count_int=\count416
\g__tblr_array_int=\count417
\l__tblr_key_count_int=\count418
\l__tblr_key_quotient_int=\count419
\l__tblr_key_quotient_two_int=\count420
\l__tblr_key_remainder_int=\count421
\g__tblr_data_str_value_count_int=\count422
\rulewidth=\dimen362
\l__tblr_strut_dp_dim=\dimen363
\l__tblr_strut_ht_dim=\dimen364
\g__tblr_cell_wd_dim=\dimen365
\g__tblr_cell_ht_dim=\dimen366
\g__tblr_cell_head_dim=\dimen367
\g__tblr_cell_foot_dim=\dimen368
\l__column_target_dim=\dimen369
\l__tblr_caption_box=\box176
\l__tblr_caption_left_box=\box177
\l__tblr_row_head_box=\box178
\l__tblr_row_foot_box=\box179
\l__tblr_row_head_foot_dim=\dimen370
\tablewidth=\dimen371
\l__tblr_table_firsthead_box=\box180
\l__tblr_table_middlehead_box=\box181
\l__tblr_table_lasthead_box=\box182
\l__tblr_table_firstfoot_box=\box183
\l__tblr_table_middlefoot_box=\box184
\l__tblr_table_lastfoot_box=\box185
\l__tblr_remain_height_dim=\dimen372
\l__tblr_long_from_int=\count423
\l__tblr_long_to_int=\count424
\l__tblr_curr_i_int=\count425
\l__tblr_prev_i_int=\count426
\l__tblr_table_page_int=\count427
\l__tblr_table_head_box=\box186
\l__tblr_table_foot_box=\box187
\l__tblr_table_head_foot_dim=\dimen373
\l__tblr_table_head_body_foot_dim=\dimen374
\l__tblr_table_box=\box188
\l__tblr_table_hlines_box=\box189
\l__tblr_hline_box=\box190
\l__tblr_row_box=\box191
\l__tblr_col_o_wd_dim=\dimen375
\l__tblr_col_b_wd_dim=\dimen376
\l__tblr_hline_leftskip_dim=\dimen377
\l__tblr_hline_rightskip_dim=\dimen378
\l__tblr_row_ht_dim=\dimen379
\l__tblr_row_dp_dim=\dimen380
\l__tblr_row_abovesep_dim=\dimen381
\l__tblr_row_belowsep_dim=\dimen382
\l__tblr_row_vlines_box=\box192
\l__tblr_vline_box=\box193
\l__tblr_cell_box=\box194
\l__row_upper_dim=\dimen383
\l__row_lower_dim=\dimen384
\l__row_vpace_dim=\dimen385
\l__tblr_vline_aboveskip_dim=\dimen386
\l__tblr_vline_belowskip_dim=\dimen387
\l__tblr_cell_wd_dim=\dimen388
\l__tblr_cell_ht_dim=\dimen389
\l__tblr_diag_box=\box195
) (e:/Program Files/LateX/texlive/2025/texmf-dist/tex/latex/booktabs/booktabs.sty
Package: booktabs 2020/01/12 v1.61803398 Publication quality tables
\heavyrulewidth=\dimen390
\lightrulewidth=\dimen391
\cmidrulewidth=\dimen392
\belowrulesep=\dimen393
\belowbottomsep=\dimen394
\aboverulesep=\dimen395
\abovetopsep=\dimen396
\cmidrulesep=\dimen397
\cmidrulekern=\dimen398
\defaultaddspace=\dimen399
\@cmidla=\count428
\@cmidlb=\count429
\@aboverulesep=\dimen400
\@belowrulesep=\dimen401
\@thisruleclass=\count430
\@lastruleclass=\count431
\@thisrulewidth=\dimen402
) (e:/Program Files/LateX/texlive/2025/texmf-dist/tex/latex/diagbox/diagbox.sty
Package: diagbox 2020/02/09 v2.3 Making table heads with diagonal lines
 (e:/Program Files/LateX/texlive/2025/texmf-dist/tex/latex/pict2e/pict2e.sty
Package: pict2e 2020/09/30 v0.4b Improved picture commands (HjG,RN,JT)
 (e:/Program Files/LateX/texlive/2025/texmf-dist/tex/latex/pict2e/pict2e.cfg
File: pict2e.cfg 2016/02/05 v0.1u pict2e configuration for teTeX/TeXLive
)
Package pict2e Info: Driver file: xetex.def on input line 112.
Package pict2e Info: Driver file for pict2e: p2e-xetex.def on input line 114.
 (e:/Program Files/LateX/texlive/2025/texmf-dist/tex/latex/pict2e/p2e-xetex.def
File: p2e-xetex.def 2016/02/05 v0.1u Driver-dependant file (RN,HjG,JT)
)
\pIIe@GRAPH=\toks60
\@arclen=\dimen403
\@arcrad=\dimen404
\pIIe@tempdima=\dimen405
\pIIe@tempdimb=\dimen406
\pIIe@tempdimc=\dimen407
\pIIe@tempdimd=\dimen408
\pIIe@tempdime=\dimen409
\pIIe@tempdimf=\dimen410
)
\diagbox@boxa=\box196
\diagbox@boxb=\box197
\diagbox@boxm=\box198
\diagbox@wd=\dimen411
\diagbox@ht=\dimen412
\diagbox@insepl=\dimen413
\diagbox@insepr=\dimen414
\diagbox@outsepl=\dimen415
\diagbox@outsepr=\dimen416
) (e:/Program Files/LateX/texlive/2025/texmf-dist/tex/latex/zhnumber/zhnumber.sty
Package: zhnumber 2022/07/14 v3.0 Typesetting numbers with Chinese glyphs
\l__zhnum_scale_int=\count432
\l__zhnum_tmp_int=\count433
 (e:/Program Files/LateX/texlive/2025/texmf-dist/tex/latex/zhnumber/zhnumber-utf8.cfg
File: zhnumber-utf8.cfg 2022/07/14 v3.0 Chinese numerals with UTF8 encoding
)) (e:/Program Files/LateX/texlive/2025/texmf-dist/tex/latex/adjustbox/adjustbox.sty
Package: adjustbox 2025/02/26 v1.3c Adjusting TeX boxes (trim, clip, ...)
 (e:/Program Files/LateX/texlive/2025/texmf-dist/tex/latex/adjustbox/adjcalc.sty
Package: adjcalc 2012/05/16 v1.1 Provides advanced setlength with multiple back-ends (calc, etex, pgfmath)
) (e:/Program Files/LateX/texlive/2025/texmf-dist/tex/latex/adjustbox/trimclip.sty
Package: trimclip 2025/02/21 v1.2a Trim and clip general TeX material
 (e:/Program Files/LateX/texlive/2025/texmf-dist/tex/latex/collectbox/collectbox.sty
Package: collectbox 2022/10/17 v0.4c Collect macro arguments as boxes
\collectedbox=\box199
)
\tc@llx=\dimen417
\tc@lly=\dimen418
\tc@urx=\dimen419
\tc@ury=\dimen420
Package trimclip Info: Using driver 'tc-xetex.def'.
 (e:/Program Files/LateX/texlive/2025/texmf-dist/tex/latex/adjustbox/tc-xetex.def
File: tc-xetex.def 2019/01/04 v2.2 Clipping driver for xetex
))
\adjbox@Width=\dimen421
\adjbox@Height=\dimen422
\adjbox@Depth=\dimen423
\adjbox@Totalheight=\dimen424
\adjbox@pwidth=\dimen425
\adjbox@pheight=\dimen426
\adjbox@pdepth=\dimen427
\adjbox@ptotalheight=\dimen428
 (e:/Program Files/LateX/texlive/2025/texmf-dist/tex/latex/ifoddpage/ifoddpage.sty
Package: ifoddpage 2022/10/18 v1.2 Conditionals for odd/even page detection
\c@checkoddpage=\count434
)) (e:/Program Files/LateX/texlive/2025/texmf-dist/tex/latex/amscls/amsthm.sty
Package: amsthm 2020/05/29 v2.20.6
\thm@style=\toks61
\thm@bodyfont=\toks62
\thm@headfont=\toks63
\thm@notefont=\toks64
\thm@headpunct=\toks65
\thm@preskip=\skip72
\thm@postskip=\skip73
\thm@headsep=\skip74
\dth@everypar=\toks66
) (e:/Program Files/LateX/texlive/2025/texmf-dist/tex/latex/thmtools/thmtools.sty
Package: thmtools 2023/05/04 v0.76
\thmt@toks=\toks67
\c@thmt@dummyctr=\count435
 (e:/Program Files/LateX/texlive/2025/texmf-dist/tex/latex/thmtools/thm-patch.sty
Package: thm-patch 2023/05/04 v0.76
 (e:/Program Files/LateX/texlive/2025/texmf-dist/tex/latex/thmtools/parseargs.sty
Package: parseargs 2023/05/04 v0.76
\@parsespec=\toks68
)) (e:/Program Files/LateX/texlive/2025/texmf-dist/tex/latex/thmtools/thm-kv.sty
Package: thm-kv 2023/05/04 v0.76
Package thm-kv Info: Theorem names will be uppercased on input line 42.
Package thm-kv Info: kvsetkeys patch (v1.16 or later) on input line 158.
) (e:/Program Files/LateX/texlive/2025/texmf-dist/tex/latex/thmtools/thm-autoref.sty
Package: thm-autoref 2023/05/04 v0.76
 (e:/Program Files/LateX/texlive/2025/texmf-dist/tex/latex/thmtools/aliasctr.sty
Package: aliasctr 2023/05/04 v0.76
)) (e:/Program Files/LateX/texlive/2025/texmf-dist/tex/latex/thmtools/thm-listof.sty
Package: thm-listof 2023/05/04 v0.76
) (e:/Program Files/LateX/texlive/2025/texmf-dist/tex/latex/thmtools/thm-restate.sty
Package: thm-restate 2023/05/04 v0.76
) (e:/Program Files/LateX/texlive/2025/texmf-dist/tex/latex/thmtools/thm-amsthm.sty
Package: thm-amsthm 2023/05/04 v0.76
\thmt@style@headstyle=\toks69
)) (e:/Program Files/LateX/texlive/2025/texmf-dist/tex/latex/bclogo/bclogo.sty
Package: bclogo 2024/01/23 v3.15
\bc@invboxh=\skip75
\bc@invboxd=\skip76
\bc@titleLength=\skip77
\logowidth=\skip78
 (e:/Program Files/LateX/texlive/2025/texmf-dist/tex/latex/pstricks/pstricks.sty
Package: pstricks 2024/02/02 v0.75 LaTeX wrapper for `PSTricks' (RN,HV)
 (e:/Program Files/LateX/texlive/2025/texmf-dist/tex/generic/xkeyval/pst-xkey.tex
File: pst-xkey.tex 2005/11/25 v1.6 PSTricks specialization of xkeyval (HA)
) (e:/Program Files/LateX/texlive/2025/texmf-dist/tex/generic/pstricks/pstricks.tex (e:/Program Files/LateX/texlive/2025/texmf-dist/tex/generic/pstricks/pst-fp.tex `pst-fp' v0.06, 2020/11/20 (hv)
\pstFP@xs=\count436
\pstFP@xia=\count437
\pstFP@xib=\count438
\pstFP@xfa=\count439
\pstFP@xfb=\count440
\pstFP@rega=\count441
\pstFP@regb=\count442
\pstFP@regs=\count443
\pstFP@times=\count444
)
\psLoopIndex=\count445

`PSTricks' v3.21  <2024/11/16> (tvz,hv)
\pst@dima=\dimen429
\pst@dimb=\dimen430
\pst@dimc=\dimen431
\pst@dimd=\dimen432
\pst@dimg=\dimen433
\pst@dimh=\dimen434
\pst@dimm=\dimen435
\pst@dimn=\dimen436
\pst@dimo=\dimen437
\pst@dimp=\dimen438
\pst@hbox=\box256
\pst@ibox=\box257
\pst@boxg=\box258
\pst@cnta=\count446
\pst@cntb=\count447
\pst@cntc=\count448
\pst@cntd=\count449
\pst@cntg=\count450
\pst@cnth=\count451
\pst@cntm=\count452
\pst@cntn=\count453
\pst@cnto=\count454
\pst@cntp=\count455
\@zero=\count456
\pst@toks=\toks70
--- We are running latex or xelatex ---
(e:/Program Files/LateX/texlive/2025/texmf-dist/tex/xelatex/xetex-pstricks/pstricks.con (e:/Program Files/LateX/texlive/2025/texmf-dist/tex/generic/pstricks/config/xdvipdfmx.cfg)) (e:/Program Files/LateX/texlive/2025/texmf-dist/tex/generic/pstricks/pstricks-color.tex)
\psunit=\dimen439
\psxunit=\dimen440
\psyunit=\dimen441
\pst@C@@rType=\count457
\pslinewidth=\dimen442
\psk@startLW=\dimen443
\psk@endLW=\dimen444
 (e:/Program Files/LateX/texlive/2025/texmf-dist/tex/generic/pstricks/pstricks-arrows.tex
\pshooklength=\dimen445
\pshookwidth=\dimen446
)
\pst@customdefs=\toks71
 (e:/Program Files/LateX/texlive/2025/texmf-dist/tex/generic/pstricks/pstricks-dots.tex)
\pslinearc=\dimen447
\pst@symbolStep=\dimen448
\pst@symbolWidth=\dimen449
\pst@symbolLinewidth=\dimen450
\everypsbox=\toks72
\psframesep=\dimen451
\pslabelsep=\dimen452
\sh@wgridXunit=\dimen453
\sh@wgridYunit=\dimen454
\pst@shift=\dimen455
\ps@imagectr=\count458
 (e:/Program Files/LateX/texlive/2025/texmf-dist/tex/xelatex/xetex-pstricks/pstricks.con (e:/Program Files/LateX/texlive/2025/texmf-dist/tex/generic/pstricks/config/xdvipdfmx.cfg
Using PSTricks configuration for LaTeX+dvipdfmx
)))
File: pstricks.tex 2024/11/16 v3.21 `PSTricks' (tvz,hv)
 (e:/Program Files/LateX/texlive/2025/texmf-dist/tex/generic/pstricks/pst-fp.tex `pst-fp' v0.06, 2020/11/20 (hv))
File: pst-fp.tex 2020/11/20 v0.06 `PST-fp' (hv)

>>> Loading XeTeX special macros
(e:/Program Files/LateX/texlive/2025/texmf-dist/tex/generic/pstricks/pstricks-xetex.def)) (e:/Program Files/LateX/texlive/2025/texmf-dist/tex/latex/pst-grad/pst-grad.sty
Package: pst-grad 2004/07/15 package wrapper for pst-grad.tex (hv)
 (e:/Program Files/LateX/texlive/2025/texmf-dist/tex/generic/pst-grad/pst-grad.tex `pst-grad' v1.06, 2006/11/27 (tvz,dg,hv))
File: pst-grad.tex 2006/11/27 1.06 `pst-grad' (tvz)
) (e:/Program Files/LateX/texlive/2025/texmf-dist/tex/latex/pst-coil/pst-coil.sty
Package: pst-coil 2010/02/01 package wrapper for pst-coil.tex (hv)
 (e:/Program Files/LateX/texlive/2025/texmf-dist/tex/generic/pst-coil/pst-coil.tex  v1.06, 2006/11/27 (e:/Program Files/LateX/texlive/2025/texmf-dist/tex/generic/pst-node/pst-node.tex  v1.45, 2024/07/10
\psrow=\count459
\pscol=\count460
\psmatrixcnt=\count461
\psrowsep=\skip79
\pscolsep=\skip80
\pst@args=\count462
\num@pts=\count463
\pst@argcnt=\count464
))
File: pst-coil.tex 2024/08/13 v1.08 `PST-coil' (tvz,hv)
) (e:/Program Files/LateX/texlive/2025/texmf-dist/tex/latex/mdframed/mdframed.sty
Package: mdframed 2013/07/01 1.9b: mdframed
 (e:/Program Files/LateX/texlive/2025/texmf-dist/tex/latex/zref/zref-abspage.sty
Package: zref-abspage 2023-09-14 v2.35 Module abspage for zref (HO)
 (e:/Program Files/LateX/texlive/2025/texmf-dist/tex/latex/zref/zref-base.sty
Package: zref-base 2023-09-14 v2.35 Module base for zref (HO)
 (e:/Program Files/LateX/texlive/2025/texmf-dist/tex/generic/etexcmds/etexcmds.sty
Package: etexcmds 2019/12/15 v1.7 Avoid name clashes with e-TeX commands (HO)
) (e:/Program Files/LateX/texlive/2025/texmf-dist/tex/latex/auxhook/auxhook.sty
Package: auxhook 2019-12-17 v1.6 Hooks for auxiliary files (HO)
)
Package zref Info: New property list: main on input line 767.
Package zref Info: New property: default on input line 768.
Package zref Info: New property: page on input line 769.
)
\c@abspage=\count465
Package zref Info: New property: abspage on input line 67.
) (e:/Program Files/LateX/texlive/2025/texmf-dist/tex/latex/needspace/needspace.sty
Package: needspace 2010/09/12 v1.3d reserve vertical space
)
\mdf@templength=\skip81
\c@mdf@globalstyle@cnt=\count466
\mdf@skipabove@length=\skip82
\mdf@skipbelow@length=\skip83
\mdf@leftmargin@length=\skip84
\mdf@rightmargin@length=\skip85
\mdf@innerleftmargin@length=\skip86
\mdf@innerrightmargin@length=\skip87
\mdf@innertopmargin@length=\skip88
\mdf@innerbottommargin@length=\skip89
\mdf@splittopskip@length=\skip90
\mdf@splitbottomskip@length=\skip91
\mdf@outermargin@length=\skip92
\mdf@innermargin@length=\skip93
\mdf@linewidth@length=\skip94
\mdf@innerlinewidth@length=\skip95
\mdf@middlelinewidth@length=\skip96
\mdf@outerlinewidth@length=\skip97
\mdf@roundcorner@length=\skip98
\mdf@footenotedistance@length=\skip99
\mdf@userdefinedwidth@length=\skip100
\mdf@needspace@length=\skip101
\mdf@frametitleaboveskip@length=\skip102
\mdf@frametitlebelowskip@length=\skip103
\mdf@frametitlerulewidth@length=\skip104
\mdf@frametitleleftmargin@length=\skip105
\mdf@frametitlerightmargin@length=\skip106
\mdf@shadowsize@length=\skip107
\mdf@extratopheight@length=\skip108
\mdf@subtitleabovelinewidth@length=\skip109
\mdf@subtitlebelowlinewidth@length=\skip110
\mdf@subtitleaboveskip@length=\skip111
\mdf@subtitlebelowskip@length=\skip112
\mdf@subtitleinneraboveskip@length=\skip113
\mdf@subtitleinnerbelowskip@length=\skip114
\mdf@subsubtitleabovelinewidth@length=\skip115
\mdf@subsubtitlebelowlinewidth@length=\skip116
\mdf@subsubtitleaboveskip@length=\skip117
\mdf@subsubtitlebelowskip@length=\skip118
\mdf@subsubtitleinneraboveskip@length=\skip119
\mdf@subsubtitleinnerbelowskip@length=\skip120
 (e:/Program Files/LateX/texlive/2025/texmf-dist/tex/latex/pst-node/pst-node.sty
Package: pst-node 2024/07/10 v1.02 LaTeX wrapper for `pst-node' (HV)
Package: pst-node 2024/07/10 package wrapper for pst-node.tex
 (e:/Program Files/LateX/texlive/2025/texmf-dist/tex/generic/pst-node/pst-node.tex)
File: pst-node.tex 2024/08/13 1.08 `pst-node' (tvz,hv)
) (e:/Program Files/LateX/texlive/2025/texmf-dist/tex/latex/mdframed/md-frame-2.mdf
File: md-frame-2.mdf 2013/07/01\ 1.9b: md-frame-2
)
\mdf@frametitlebox=\box259
\mdf@footnotebox=\box260
\mdf@splitbox@one=\box261
\mdf@splitbox@two=\box262
\mdf@splitbox@save=\box263
\mdfsplitboxwidth=\skip121
\mdfsplitboxtotalwidth=\skip122
\mdfsplitboxheight=\skip123
\mdfsplitboxdepth=\skip124
\mdfsplitboxtotalheight=\skip125
\mdfframetitleboxwidth=\skip126
\mdfframetitleboxtotalwidth=\skip127
\mdfframetitleboxheight=\skip128
\mdfframetitleboxdepth=\skip129
\mdfframetitleboxtotalheight=\skip130
\mdffootnoteboxwidth=\skip131
\mdffootnoteboxtotalwidth=\skip132
\mdffootnoteboxheight=\skip133
\mdffootnoteboxdepth=\skip134
\mdffootnoteboxtotalheight=\skip135
\mdftotallinewidth=\skip136
\mdfboundingboxwidth=\skip137
\mdfboundingboxtotalwidth=\skip138
\mdfboundingboxheight=\skip139
\mdfboundingboxdepth=\skip140
\mdfboundingboxtotalheight=\skip141
\mdf@freevspace@length=\skip142
\mdf@horizontalwidthofbox@length=\skip143
\mdf@verticalmarginwhole@length=\skip144
\mdf@horizontalspaceofbox=\skip145
\mdfsubtitleheight=\skip146
\mdfsubsubtitleheight=\skip147
\c@mdfcountframes=\count467

****** mdframed patching \endmdf@trivlist

****** -- success******

\mdf@envdepth=\count468
\c@mdf@env@i=\count469
\c@mdf@env@ii=\count470
\c@mdf@zref@counter=\count471
Package zref Info: New property: mdf@pagevalue on input line 895.
) (e:/Program Files/LateX/texlive/2025/texmf-dist/tex/latex/pst-blur/pst-blur.sty
Package: pst-blur 2005/09/08 package wrapper for pst-blur.tex (hv)
 (e:/Program Files/LateX/texlive/2025/texmf-dist/tex/generic/pst-blur/pst-blur.tex  v2.0, 2005/09/08)
File: pst-blur.tex 2005/09/08 v2.0 `PST-blur' (hv)
) (e:/Program Files/LateX/texlive/2025/texmf-dist/tex/generic/iftex/ifpdf.sty
Package: ifpdf 2019/10/25 v3.4 ifpdf legacy package. Use iftex instead.
)
\c@bclogocompteur=\count472
\bcval@epBarre=\skip148
\bcval@framesep=\skip149
\bcval@tailleOndu=\skip150
\bcval@borderWidth=\skip151
\bcval@margeG=\skip152
\bcval@margeD=\skip153
\bc@envbox=\box264
) (e:/Program Files/LateX/texlive/2025/texmf-dist/tex/generic/ulem/ulem.sty
\UL@box=\box265
\UL@hyphenbox=\box266
\UL@skip=\skip154
\UL@hook=\toks73
\UL@height=\dimen456
\UL@pe=\count473
\UL@pixel=\dimen457
\ULC@box=\box267
Package: ulem 2019/11/18
\ULdepth=\dimen458
) (e:/Program Files/LateX/texlive/2025/texmf-dist/tex/latex/titlesec/titlesec.sty
Package: titlesec 2025/01/04 v2.17 Sectioning titles
\ttl@box=\box268
\beforetitleunit=\skip155
\aftertitleunit=\skip156
\ttl@plus=\dimen459
\ttl@minus=\dimen460
\ttl@toksa=\toks74
\titlewidth=\dimen461
\titlewidthlast=\dimen462
\titlewidthfirst=\dimen463
) (e:/Program Files/LateX/texlive/2025/texmf-dist/tex/latex/titlesec/titletoc.sty
Package: titletoc 2025/01/04 v2.17 TOC entries
\ttl@leftsep=\dimen464
)
\c@ttlp@side=\count474
\ttlp@side=\count475
\partstarlen=\skip157
\criticstarlen=\skip158
 (e:/Program Files/LateX/texlive/2025/texmf-dist/tex/latex/psnfss/pifont.sty
Package: pifont 2020/03/25 PSNFSS-v9.3 Pi font support (SPQR) 
LaTeX Font Info:    Trying to load font information for U+pzd on input line 63.
 (e:/Program Files/LateX/texlive/2025/texmf-dist/tex/latex/psnfss/upzd.fd
File: upzd.fd 2001/06/04 font definitions for U/pzd.
)
LaTeX Font Info:    Trying to load font information for U+psy on input line 64.
 (e:/Program Files/LateX/texlive/2025/texmf-dist/tex/latex/psnfss/upsy.fd
File: upsy.fd 2001/06/04 font definitions for U/psy.
))
\chapternumbersize=\skip159
\chapternum=\marks4
\secnum=\marks5
\baryshift=\skip160
\ys@frame@linewidth=\dimen465
\ys@frame@radius=\dimen466
\ys@frame@sep=\dimen467
Package thmtools Info: Key `qed' (with value `\color {cyan!40!black}$\blacksquare $')
(thmtools)             is not a known style key.
(thmtools)             Will pass this to every \declaretheorem
(thmtools)             that uses `style=Proofstyle' on input line 1276.
) (e:/Program Files/LateX/texlive/2025/texmf-dist/tex/latex/base/inputenc.sty
Package: inputenc 2024/02/08 v1.3d Input encoding file
\inpenc@prehook=\toks75
\inpenc@posthook=\toks76


Package inputenc Warning: inputenc package ignored with utf8 based engines.

) (e:/Program Files/LateX/texlive/2025/texmf-dist/tex/latex/psnfss/times.sty
Package: times 2020/03/25 PSNFSS-v9.3 (SPQR) 
) (e:/Program Files/LateX/texlive/2025/texmf-dist/tex/latex/base/fontenc.sty
Package: fontenc 2021/04/29 v2.0v Standard LaTeX package
LaTeX Font Info:    Trying to load font information for T1+ptm on input line 116.
 (e:/Program Files/LateX/texlive/2025/texmf-dist/tex/latex/psnfss/t1ptm.fd
File: t1ptm.fd 2001/06/04 font definitions for T1/ptm.
)) (./stys/beautybook-cover-en.sty
Package: stys/beautybook-cover-en 2024/07/01,v2.0
) (e:/Program Files/LateX/texlive/2025/texmf-dist/tex/latex/amsfonts/amssymb.sty
Package: amssymb 2013/01/14 v3.01 AMS font symbols
 (e:/Program Files/LateX/texlive/2025/texmf-dist/tex/latex/amsfonts/amsfonts.sty
Package: amsfonts 2013/01/14 v3.01 Basic AMSFonts support
\symAMSa=\mathgroup5
\symAMSb=\mathgroup6
LaTeX Font Info:    Redeclaring math symbol \hbar on input line 98.
LaTeX Font Info:    Overwriting math alphabet `\mathfrak' in version `bold'
(Font)                  U/euf/m/n --> U/euf/b/n on input line 106.
)) (e:/Program Files/LateX/texlive/2025/texmf-dist/tex/latex/was/upgreek.sty
Package: upgreek 2003/02/12 v2.0 (WaS)
Package upgreek Info: Using Euler Roman for upright Greek on input line 31.
\symugrf@m=\mathgroup7
LaTeX Font Info:    Overwriting symbol font `ugrf@m' in version `bold'
(Font)                  U/eur/m/n --> U/eur/b/n on input line 38.
) (e:/Program Files/LateX/texlive/2025/texmf-dist/tex/latex/tools/bm.sty
Package: bm 2023/12/19 v1.2f Bold Symbol Support (DPC/FMi)
\symboldoperators=\mathgroup8
\symboldletters=\mathgroup9
\symboldsymbols=\mathgroup10
Package bm Info: No bold for \OMX/cmex/m/n, using \pmb.
Package bm Info: No bold for \U/rsfs/m/n, using \pmb.
Package bm Info: No bold for \U/msa/m/n, using \pmb.
Package bm Info: No bold for \U/msb/m/n, using \pmb.
\symboldugrf@m=\mathgroup11
LaTeX Font Info:    Redeclaring math alphabet \mathbf on input line 149.
)
\c@defi=\count476
\c@thm=\count477
\c@lem=\count478
\c@prop=\count479
\c@exam=\count480
\c@cor=\count481
\c@tcbprob=\count482
\c@tcblem=\count483
\c@tcbcor=\count484
\c@tcbprop=\count485
\c@tcbdefi=\count486
\c@tcbexam=\count487
\c@tcbexer=\count488
\c@tcbthm=\count489
\c@tcbconj=\count490
 (e:/Program Files/LateX/texlive/2025/texmf-dist/tex/latex/biblatex/biblatex.sty
Package: biblatex 2024/03/21 v3.20 programmable bibliographies (PK/MW)
 (e:/Program Files/LateX/texlive/2025/texmf-dist/tex/latex/logreq/logreq.sty
Package: logreq 2010/08/04 v1.0 xml request logger
\lrq@indent=\count491
 (e:/Program Files/LateX/texlive/2025/texmf-dist/tex/latex/logreq/logreq.def
File: logreq.def 2010/08/04 v1.0 logreq spec v1.0
))
\c@tabx@nest=\count492
\c@listtotal=\count493
\c@listcount=\count494
\c@liststart=\count495
\c@liststop=\count496
\c@citecount=\count497
\c@citetotal=\count498
\c@multicitecount=\count499
\c@multicitetotal=\count500
\c@instcount=\count501
\c@maxnames=\count502
\c@minnames=\count503
\c@maxitems=\count504
\c@minitems=\count505
\c@citecounter=\count506
\c@maxcitecounter=\count507
\c@savedcitecounter=\count508
\c@uniquelist=\count509
\c@uniquename=\count510
\c@refsection=\count511
\c@refsegment=\count512
\c@maxextratitle=\count513
\c@maxextratitleyear=\count514
\c@maxextraname=\count515
\c@maxextradate=\count516
\c@maxextraalpha=\count517
\c@abbrvpenalty=\count518
\c@highnamepenalty=\count519
\c@lownamepenalty=\count520
\c@maxparens=\count521
\c@parenlevel=\count522
\blx@tempcnta=\count523
\bl