\BOOKMARK [0][]{chapter.1}{\376\377\0001\000\040\215\050\160\271\217\320\122\250\133\146}{}% 1
\BOOKMARK [1][]{section.1.1}{\376\377\0001\000.\0001\000\040\117\115\177\156\167\342\221\317}{chapter.1}% 2
\BOOKMARK [1][]{section.1.2}{\376\377\0001\000.\0002\000\040\122\007\124\021\122\240\220\037\136\246\000/\154\325\124\021\122\240\220\037\136\246}{chapter.1}% 3
\BOOKMARK [0][]{chapter.2}{\376\377\0002\000\040\215\050\160\271\122\250\122\233\133\146\127\372\170\100}{}% 4
\BOOKMARK [1][]{section.2.1}{\376\377\0002\000.\0001\000\040\140\357\140\047\116\016\140\357\140\047\174\373}{chapter.2}% 5
\BOOKMARK [0][]{chapter.3}{\376\377\0003\000\040\116\011\131\047\133\210\140\122\133\232\137\213}{}% 6
\BOOKMARK [1][]{section.3.1}{\376\377\0003\000.\0001\000\040\122\250\221\317\116\016\122\250\221\317\133\210\140\122}{chapter.3}% 7
\BOOKMARK [1][]{section.3.2}{\376\377\0003\000.\0002\000\040\215\050\137\303\377\032\116\072\116\300\116\110\174\373\176\337\217\330\200\375\165\050\116\000\116\052\160\271\116\343\210\150\145\164\117\123\136\163\171\373}{chapter.3}% 8
\BOOKMARK [1][]{section.3.3}{\376\377\0003\000.\0003\000\040\123\330\122\233\120\132\122\237}{chapter.3}% 9
\BOOKMARK [1][]{section.3.4}{\376\377\0003\000.\0004\000\040\116\000\133\371\122\233\166\204\122\237\377\014\122\277\200\375}{chapter.3}% 10
\BOOKMARK [1][]{section.3.5}{\376\377\0003\000.\0005\000\040\211\322\122\250\221\317\116\016\211\322\122\250\221\317\133\210\140\122}{chapter.3}% 11
\BOOKMARK [0][]{chapter.4}{\376\377\0004\000\040\122\032\117\123\122\233\133\146}{}% 12
\BOOKMARK [1][]{section.4.1}{\376\377\0004\000.\0001\000\040\122\032\117\123\116\016\133\232\217\164\217\154\122\250}{chapter.4}% 13
\BOOKMARK [1][]{section.4.2}{\376\377\0004\000.\0002\000\040\122\032\117\123\133\232\217\164\217\154\122\250\166\204\211\322\122\250\221\317\133\232\164\006\116\016\217\154\122\250\133\232\137\213}{chapter.4}% 14
\BOOKMARK [1][]{section.4.3}{\376\377\0004\000.\0003\000\040\126\336\217\154\217\320\122\250\116\016\226\100\207\272\166\204\217\333\122\250}{chapter.4}% 15
\BOOKMARK [0][]{chapter.5}{\376\377\0005\000\040\147\072\150\260\143\057\122\250}{}% 16
\BOOKMARK [1][]{section.5.1}{\376\377\0005\000.\0001\000\040\143\057\122\250\200\375\221\317}{chapter.5}% 17
\BOOKMARK [1][]{section.5.2}{\376\377\0005\000.\0002\000\040\124\014\145\271\124\021\124\014\230\221\163\207\173\200\214\020\143\057\122\250\166\204\124\010\142\020}{chapter.5}% 18
\BOOKMARK [1][]{section.5.3}{\376\377\0005\000.\0003\000\040\142\315\116\016\142\315\230\221}{chapter.5}% 19
\BOOKMARK [1][]{section.5.4}{\376\377\0005\000.\0004\000\040\166\370\116\222\127\202\166\364\166\204\124\010\142\020}{chapter.5}% 20
\BOOKMARK [2][]{subsection.5.4.1}{\376\377\0005\000.\0004\000.\0001\000\040\124\014\230\221\163\207\166\370\116\222\127\202\166\364\173\200\214\020\217\320\122\250\166\204\124\010\142\020}{section.5.4}% 21
\BOOKMARK [2][]{subsection.5.4.2}{\376\377\0005\000.\0004\000.\0002\000\040\116\015\124\014\230\221\163\207\166\370\116\222\127\202\166\364\173\200\214\020\217\320\122\250\166\204\124\010\142\020\377\032\147\116\204\050\131\202\126\376\137\142}{section.5.4}% 22
\BOOKMARK [1][]{section.5.5}{\376\377\0005\000.\0005\000\040\226\073\134\074\143\057\122\250}{chapter.5}% 23
\BOOKMARK [1][]{section.5.6}{\376\377\0005\000.\0006\000\040\123\327\217\353\143\057\122\250}{chapter.5}% 24
\BOOKMARK [1][]{section.5.7}{\376\377\0005\000.\0007\000\040\121\161\143\057}{chapter.5}% 25
\BOOKMARK [0][]{chapter.6}{\376\377\0006\000\040\147\072\150\260\154\342}{}% 26
\BOOKMARK [1][]{section.6.1}{\376\377\0006\000.\0001\000\040\136\163\227\142\173\200\214\020\154\342\166\204\154\342\121\375\145\160}{chapter.6}% 27
\BOOKMARK [1][]{section.6.2}{\376\377\0006\000.\0002\000\040\147\072\150\260\154\342\166\204\200\375\221\317}{chapter.6}% 28
\BOOKMARK [1][]{section.6.3}{\376\377\0006\000.\0003\000\040\140\340\146\364\145\257\123\237\164\006\116\016\154\342\166\204\210\115\134\004\377\014\154\342\166\204\123\315\134\004\124\214\142\230\134\004}{chapter.6}% 29
\BOOKMARK [1][]{section.6.4}{\376\377\0006\000.\0004\000\040\154\342\166\204\123\340\122\240\377\014\136\162\155\211}{chapter.6}% 30
\BOOKMARK [1][]{section.6.5}{\376\377\0006\000.\0005\000\040\232\173\154\342}{chapter.6}% 31
\BOOKMARK [1][]{section.6.6}{\376\377\0006\000.\0006\000\040\166\370\117\115\172\201\123\330\116\016\123\112\154\342\143\137\131\061}{chapter.6}% 32
\BOOKMARK [1][]{section.6.7}{\376\377\0006\000.\0007\000\040\137\046\143\057\122\250\166\204\173\200\153\143\152\041\137\017}{chapter.6}% 33
\BOOKMARK [1][]{section.6.8}{\376\377\0006\000.\0008\000\040\131\032\146\156\122\322\145\110\136\224}{chapter.6}% 34
\BOOKMARK [0][]{chapter.7}{\376\377\0007\000\040\121\111\166\204\136\162\155\211}{}% 35
\BOOKMARK [1][]{section.7.1}{\376\377\0007\000.\0001\000\040\136\162\155\211\166\204\121\111\137\072\122\006\136\003\116\016\121\111\172\013}{chapter.7}% 36
\BOOKMARK [1][]{section.7.2}{\376\377\0007\000.\0002\000\040\147\150\154\017\123\314\177\035\136\162\155\211\133\236\232\214}{chapter.7}% 37
\BOOKMARK [1][]{section.7.3}{\376\377\0007\000.\0003\000\040\205\204\201\234\136\162\155\211\121\154\137\017\116\016\226\104\122\240\121\111\172\013\135\356}{chapter.7}% 38
\BOOKMARK [1][]{section.7.4}{\376\377\0007\000.\0004\000\040\122\210\134\026\205\204\201\234\166\204\136\162\155\211}{chapter.7}% 39
\BOOKMARK [1][]{section.7.5}{\376\377\0007\000.\0005\000\040\162\133\230\177\163\257}{chapter.7}% 40
\BOOKMARK [0][]{chapter.8}{\376\377\0008\000\040\121\111\166\204\210\115\134\004}{}% 41
\BOOKMARK [1][]{section.8.1}{\376\377\0008\000.\0001\000\040\210\115\134\004\163\260\214\141\377\014\140\340\146\364\145\257\000-\203\362\155\205\134\024\123\237\164\006}{chapter.8}% 42
\BOOKMARK [1][]{section.8.2}{\376\377\0008\000.\0002\000\040\203\362\155\205\200\063\123\112\154\342\136\046\116\016\123\112\154\342\136\046\154\325}{chapter.8}% 43
\BOOKMARK [1][]{section.8.3}{\376\377\0008\000.\0003\000\040\123\125\177\035\166\204\131\053\164\005\171\276\215\071\210\115\134\004}{chapter.8}% 44
\BOOKMARK [1][]{section.8.4}{\376\377\0008\000.\0004\000\040\127\006\133\124\131\053\164\005\171\276\215\071\210\115\134\004\116\016\121\111\133\146\116\352\126\150\166\204\122\006\217\250\147\054\230\206}{chapter.8}% 45
\BOOKMARK [1][]{section.8.5}{\376\377\0008\000.\0005\000\040\121\111\150\005\210\115\134\004}{chapter.8}% 46
\BOOKMARK [2][]{subsection.8.5.1}{\376\377\0008\000.\0005\000.\0001\000\040\121\111\150\005\210\115\134\004\126\376\150\067\377\014\177\072\176\247\163\260\214\141}{section.8.5}% 47
\BOOKMARK [0][]{chapter.9}{\376\377\0009\000\040\121\111\166\204\120\117\143\057}{}% 48
\BOOKMARK [1][]{section.9.1}{\376\377\0009\000.\0001\000\040\123\315\134\004\124\214\142\230\134\004\145\366\166\204\120\117\143\057}{chapter.9}% 49
\BOOKMARK [0][]{chapter.10}{\376\377\0001\0000\000\040\154\024\117\123\122\250\164\006\213\272}{}% 50
\BOOKMARK [1][]{section.10.1}{\376\377\0001\0000\000.\0001\000\040\154\024\117\123\122\006\133\120\145\160\143\011\220\037\163\207\122\006\136\003\166\204\176\337\213\241\211\304\137\213}{chapter.10}% 51
\BOOKMARK [1][]{section.10.2}{\376\377\0001\0000\000.\0002\000\040\123\213\137\072\124\214\156\051\136\246\166\204\137\256\211\302\211\343\221\312}{chapter.10}% 52
\BOOKMARK [1][]{section.10.3}{\376\377\0001\0000\000.\0003\000\040\201\352\165\061\136\246}{chapter.10}% 53
\BOOKMARK [0][]{chapter.11}{\376\377\0001\0001\000\040\160\355\122\233\133\146\173\054\116\000\133\232\137\213}{}% 54
\BOOKMARK [1][]{section.11.1}{\376\377\0001\0001\000.\0001\000\040\154\024\117\123\166\204\160\355\133\271\116\016\144\151\134\024\160\355\133\271}{chapter.11}% 55
\BOOKMARK [1][]{section.11.2}{\376\377\0001\0001\000.\0002\000\040\137\252\163\257\217\307\172\013}{chapter.11}% 56
\BOOKMARK [2][]{subsection.11.2.1}{\376\377\0001\0001\000.\0002\000.\0001\000\040\153\143\137\252\163\257\116\016\160\355\147\072\145\110\163\207\377\014\220\006\137\252\163\257\116\016\201\364\121\267\174\373\145\160\377\014\123\141\213\372\137\252\163\257}{section.11.2}% 57
\BOOKMARK [0][]{chapter.12}{\376\377\0001\0002\000\040\160\355\122\233\133\146\173\054\116\214\133\232\137\213}{}% 58
\BOOKMARK [1][]{section.12.1}{\376\377\0001\0002\000.\0001\000\040\161\265}{chapter.12}% 59
