\BOOKMARK [-1][]{part.1}{\376\377\173\054\116\000\220\350\122\006\000\040\122\233\133\146}{}% 1
\BOOKMARK [0][]{chapter.1}{\376\377\0001\000\040\215\050\160\271\217\320\122\250\133\146}{part.1}% 2
\BOOKMARK [1][]{section.1.1}{\376\377\0001\000.\0001\000\040\116\072\116\300\116\110\131\047\133\146\162\151\164\006\121\110\213\262\217\320\122\250\133\146}{chapter.1}% 3
\BOOKMARK [2][]{subsection.1.1.1}{\376\377\0001\000.\0001\000.\0001\000\040\215\050\160\271\152\041\127\213}{section.1.1}% 4
\BOOKMARK [1][]{section.1.2}{\376\377\0001\000.\0002\000\040\117\115\177\156\060\001\217\320\122\250\145\271\172\013\116\016\217\150\217\371}{chapter.1}% 5
\BOOKMARK [1][]{section.1.3}{\376\377\0001\000.\0003\000\040\117\115\171\373\116\016\215\357\172\013}{chapter.1}% 6
\BOOKMARK [1][]{section.1.4}{\376\377\0001\000.\0004\000\040\136\163\127\107\220\037\136\246\116\016\167\254\145\366\220\037\136\246}{chapter.1}% 7
\BOOKMARK [1][]{section.1.5}{\376\377\0001\000.\0005\000\040\136\163\127\107\122\240\220\037\136\246\116\016\167\254\145\366\122\240\220\037\136\246}{chapter.1}% 8
\BOOKMARK [1][]{section.1.6}{\376\377\0001\000.\0006\000\040\166\364\176\277\217\320\122\250\166\204\121\340\174\173\121\170\127\213\152\041\127\213}{chapter.1}% 9
\BOOKMARK [2][]{subsection.1.6.1}{\376\377\0001\000.\0006\000.\0001\000\040\123\000\220\037\166\364\176\277\217\320\122\250}{section.1.6}% 10
\BOOKMARK [2][]{subsection.1.6.2}{\376\377\0001\000.\0006\000.\0002\000\040\123\000\123\330\220\037\166\364\176\277\217\320\122\250}{section.1.6}% 11
\BOOKMARK [1][]{section.1.7}{\376\377\0001\000.\0007\000\040\136\163\227\142\217\320\122\250\166\204\122\006\211\343\140\035\140\363}{chapter.1}% 12
\BOOKMARK [1][]{section.1.8}{\376\377\0001\000.\0008\000\040\127\006\124\150\217\320\122\250\116\016\201\352\161\066\127\120\150\007\174\373}{chapter.1}% 13
\BOOKMARK [2][]{subsection.1.8.1}{\376\377\0001\000.\0008\000.\0001\000\040\122\007\124\021\122\240\220\037\136\246\116\016\154\325\124\021\122\240\220\037\136\246}{section.1.8}% 14
\BOOKMARK [1][]{section.1.9}{\376\377\0001\000.\0009\000\040\211\322\221\317\143\317\217\360}{chapter.1}% 15
\BOOKMARK [1][]{section.1.10}{\376\377\0001\000.\0001\0000\000\040\147\054\172\340\136\070\211\301\213\357\123\072}{chapter.1}% 16
\BOOKMARK [1][]{section.1.11}{\376\377\0001\000.\0001\0001\000\040\172\340\147\053\134\017\176\323}{chapter.1}% 17
\BOOKMARK [0][]{chapter.2}{\376\377\0002\000\040\215\050\160\271\122\250\122\233\133\146\127\372\170\100}{part.1}% 18
\BOOKMARK [1][]{section.2.1}{\376\377\0002\000.\0001\000\040\122\250\122\233\133\146\170\024\172\166\116\300\116\110}{chapter.2}% 19
\BOOKMARK [1][]{section.2.2}{\376\377\0002\000.\0002\000\040\140\357\140\047\116\016\140\357\140\047\174\373}{chapter.2}% 20
\BOOKMARK [1][]{section.2.3}{\376\377\0002\000.\0003\000\040\162\133\230\177\173\054\116\000\133\232\137\213}{chapter.2}% 21
\BOOKMARK [1][]{section.2.4}{\376\377\0002\000.\0004\000\040\162\133\230\177\173\054\116\214\133\232\137\213}{chapter.2}% 22
\BOOKMARK [2][]{subsection.2.4.1}{\376\377\0002\000.\0004\000.\0001\000\040\122\006\221\317\137\142\137\017}{section.2.4}% 23
\BOOKMARK [1][]{section.2.5}{\376\377\0002\000.\0005\000\040\162\133\230\177\173\054\116\011\133\232\137\213}{chapter.2}% 24
\BOOKMARK [1][]{section.2.6}{\376\377\0002\000.\0006\000\040\136\070\211\301\122\233}{chapter.2}% 25
\BOOKMARK [2][]{subsection.2.6.1}{\376\377\0002\000.\0006\000.\0001\000\040\116\007\147\011\137\025\122\233\116\016\221\315\122\233}{section.2.6}% 26
\BOOKMARK [2][]{subsection.2.6.2}{\376\377\0002\000.\0006\000.\0002\000\040\137\071\122\233}{section.2.6}% 27
\BOOKMARK [2][]{subsection.2.6.3}{\376\377\0002\000.\0006\000.\0003\000\040\144\151\144\346\122\233}{section.2.6}% 28
\BOOKMARK [1][]{section.2.7}{\376\377\0002\000.\0007\000\040\123\327\122\233\122\006\147\220}{chapter.2}% 29
\BOOKMARK [1][]{section.2.8}{\376\377\0002\000.\0008\000\040\122\250\122\233\133\146\225\356\230\230\166\204\116\044\174\173\127\372\147\054\152\041\127\213}{chapter.2}% 30
\BOOKMARK [2][]{subsection.2.8.1}{\376\377\0002\000.\0008\000.\0001\000\040\135\362\167\345\122\233\377\014\154\102\217\320\122\250}{section.2.8}% 31
\BOOKMARK [2][]{subsection.2.8.2}{\376\377\0002\000.\0008\000.\0002\000\040\135\362\167\345\217\320\122\250\377\014\123\315\154\102\122\233}{section.2.8}% 32
\BOOKMARK [1][]{section.2.9}{\376\377\0002\000.\0009\000\040\140\357\140\047\122\233\166\204\166\364\211\302\213\244\213\306}{chapter.2}% 33
\BOOKMARK [1][]{section.2.10}{\376\377\0002\000.\0001\0000\000\040\172\340\147\053\134\017\176\323}{chapter.2}% 34
\BOOKMARK [0][]{chapter.3}{\376\377\0003\000\040\116\011\131\047\133\210\140\122\133\232\137\213}{part.1}% 35
\BOOKMARK [1][]{section.3.1}{\376\377\0003\000.\0001\000\040\116\072\116\300\116\110\133\210\140\122\133\232\137\213\162\171\122\053\221\315\211\201}{chapter.3}% 36
\BOOKMARK [1][]{section.3.2}{\376\377\0003\000.\0002\000\040\122\250\221\317\116\016\122\250\221\317\133\210\140\122}{chapter.3}% 37
\BOOKMARK [2][]{subsection.3.2.1}{\376\377\0003\000.\0002\000.\0001\000\040\170\260\144\236\225\356\230\230}{section.3.2}% 38
\BOOKMARK [1][]{section.3.3}{\376\377\0003\000.\0003\000\040\215\050\137\303\377\032\116\072\116\300\116\110\174\373\176\337\217\330\200\375\165\050\116\000\116\052\160\271\116\343\210\150\145\164\117\123\136\163\171\373}{chapter.3}% 39
\BOOKMARK [1][]{section.3.4}{\376\377\0003\000.\0004\000\040\123\330\215\050\221\317\174\373\176\337\377\032\116\072\116\300\116\110\160\153\173\255\230\230\116\015\200\375\166\364\143\245\131\127\000\040\000F\000=\000m\000a}{chapter.3}% 40
\BOOKMARK [1][]{section.3.5}{\376\377\0003\000.\0005\000\040\211\322\122\250\221\317\116\016\211\322\122\250\221\317\133\210\140\122}{chapter.3}% 41
\BOOKMARK [1][]{section.3.6}{\376\377\0003\000.\0006\000\040\122\237\060\001\122\250\200\375\116\016\122\250\200\375\133\232\164\006}{chapter.3}% 42
\BOOKMARK [1][]{section.3.7}{\376\377\0003\000.\0007\000\040\122\277\200\375\116\016\147\072\150\260\200\375\133\210\140\122}{chapter.3}% 43
\BOOKMARK [2][]{subsection.3.7.1}{\376\377\0003\000.\0007\000.\0001\000\040\136\070\211\301\122\277\200\375}{section.3.7}% 44
\BOOKMARK [1][]{section.3.8}{\376\377\0003\000.\0008\000\040\172\340\147\053\134\017\176\323}{chapter.3}% 45
\BOOKMARK [0][]{chapter.4}{\376\377\0004\000\040\122\032\117\123\122\233\133\146}{part.1}% 46
\BOOKMARK [1][]{section.4.1}{\376\377\0004\000.\0001\000\040\116\072\116\300\116\110\215\050\160\271\152\041\127\213\116\015\131\037\165\050\116\206}{chapter.4}% 47
\BOOKMARK [1][]{section.4.2}{\376\377\0004\000.\0002\000\040\122\032\117\123\166\204\127\372\147\054\217\320\122\250\137\142\137\017\377\032\136\163\122\250\060\001\217\154\122\250\060\001\116\000\202\054\217\320\122\250}{chapter.4}% 48
\BOOKMARK [1][]{section.4.3}{\376\377\0004\000.\0003\000\040\122\032\117\123\116\016\133\232\217\164\217\154\122\250}{chapter.4}% 49
\BOOKMARK [1][]{section.4.4}{\376\377\0004\000.\0004\000\040\211\322\117\115\171\373\060\001\211\322\220\037\136\246\060\001\211\322\122\240\220\037\136\246}{chapter.4}% 50
\BOOKMARK [1][]{section.4.5}{\376\377\0004\000.\0005\000\040\122\233\167\351}{chapter.4}% 51
\BOOKMARK [1][]{section.4.6}{\376\377\0004\000.\0006\000\040\122\032\117\123\133\232\217\164\217\154\122\250\166\204\211\322\122\250\221\317}{chapter.4}% 52
\BOOKMARK [1][]{section.4.7}{\376\377\0004\000.\0007\000\040\217\154\122\250\140\357\221\317}{chapter.4}% 53
\BOOKMARK [1][]{section.4.8}{\376\377\0004\000.\0008\000\040\217\154\122\250\140\357\221\317\166\204\213\241\173\227}{chapter.4}% 54
\BOOKMARK [1][]{section.4.9}{\376\377\0004\000.\0009\000\040\136\163\210\114\217\164\133\232\164\006}{chapter.4}% 55
\BOOKMARK [1][]{section.4.10}{\376\377\0004\000.\0001\0000\000\040\121\340\171\315\136\070\211\301\122\032\117\123\166\204\217\154\122\250\140\357\221\317\143\250\133\374}{chapter.4}% 56
\BOOKMARK [1][]{section.4.11}{\376\377\0004\000.\0001\0001\000\040\122\032\117\123\133\232\217\164\217\154\122\250\166\204\211\322\122\250\221\317\133\232\164\006\116\016\217\154\122\250\133\232\137\213}{chapter.4}% 57
\BOOKMARK [1][]{section.4.12}{\376\377\0004\000.\0001\0002\000\040\122\233\167\351\117\134\122\237}{chapter.4}% 58
\BOOKMARK [1][]{section.4.13}{\376\377\0004\000.\0001\0003\000\040\122\032\117\123\133\232\217\164\217\154\122\250\166\204\122\250\200\375\116\016\122\250\200\375\133\232\164\006}{chapter.4}% 59
\BOOKMARK [1][]{section.4.14}{\376\377\0004\000.\0001\0004\000\040\122\032\117\123\166\204\221\315\122\233\122\277\200\375}{chapter.4}% 60
\BOOKMARK [1][]{section.4.15}{\376\377\0004\000.\0001\0005\000\040\176\257\122\032\117\123\230\230\377\032\217\154\122\250\133\232\137\213\060\001\122\250\200\375\133\232\164\006\060\001\147\072\150\260\200\375\133\210\140\122\131\202\117\125\116\222\166\370\143\245\220\032}{chapter.4}% 61
\BOOKMARK [1][]{section.4.16}{\376\377\0004\000.\0001\0006\000\040\122\032\117\123\116\016\215\050\160\271\166\204\131\015\124\010\174\373\176\337}{chapter.4}% 62
\BOOKMARK [1][]{section.4.17}{\376\377\0004\000.\0001\0007\000\040\122\032\117\123\133\232\217\164\217\154\122\250\166\204\211\322\122\250\221\317\133\210\140\122\133\232\137\213}{chapter.4}% 63
\BOOKMARK [1][]{section.4.18}{\376\377\0004\000.\0001\0008\000\040\126\336\217\154\217\320\122\250}{chapter.4}% 64
\BOOKMARK [1][]{section.4.19}{\376\377\0004\000.\0001\0009\000\040\217\333\122\250\377\010\126\336\217\154\217\320\122\250\377\011}{chapter.4}% 65
\BOOKMARK [1][]{section.4.20}{\376\377\0004\000.\0002\0000\000\040\156\332\122\250\116\016\176\374\124\010\230\230\121\145\123\343}{chapter.4}% 66
\BOOKMARK [2][]{subsection.4.20.1}{\376\377\0004\000.\0002\0000\000.\0001\000\040\176\257\156\332\122\250\166\204\150\145\143\245\164\006\211\343}{section.4.20}% 67
\BOOKMARK [2][]{subsection.4.20.2}{\376\377\0004\000.\0002\0000\000.\0002\000\040\122\032\117\123\176\374\124\010\230\230\166\204\116\011\153\145\121\145\123\343}{section.4.20}% 68
\BOOKMARK [1][]{section.4.21}{\376\377\0004\000.\0002\0001\000\040\136\070\211\301\213\357\123\072}{chapter.4}% 69
\BOOKMARK [1][]{section.4.22}{\376\377\0004\000.\0002\0002\000\040\172\340\147\053\134\017\176\323}{chapter.4}% 70
\BOOKMARK [-1][]{part.2}{\376\377\173\054\116\214\220\350\122\006\000\040\143\057\122\250\116\016\154\342\122\250}{}% 71
\BOOKMARK [0][]{chapter.5}{\376\377\0005\000\040\147\072\150\260\143\057\122\250}{part.2}% 72
\BOOKMARK [1][]{section.5.1}{\376\377\0005\000.\0001\000\040\121\110\142\176\136\163\210\141\117\115\177\156\377\014\121\215\214\010\143\057\122\250}{chapter.5}% 73
\BOOKMARK [1][]{section.5.2}{\376\377\0005\000.\0002\000\040\116\300\116\110\146\057\147\072\150\260\143\057\122\250}{chapter.5}% 74
\BOOKMARK [1][]{section.5.3}{\376\377\0005\000.\0003\000\040\116\300\116\110\142\115\123\353\173\200\214\020\143\057\122\250}{chapter.5}% 75
\BOOKMARK [1][]{section.5.4}{\376\377\0005\000.\0004\000\040\122\250\122\233\133\146\145\271\172\013\116\016\217\320\122\250\133\146\145\271\172\013}{chapter.5}% 76
\BOOKMARK [1][]{section.5.5}{\376\377\0005\000.\0005\000\040\220\037\136\246\116\016\122\240\220\037\136\246}{chapter.5}% 77
\BOOKMARK [1][]{section.5.6}{\376\377\0005\000.\0006\000\040\140\016\150\067\213\373\141\302\166\370\117\115}{chapter.5}% 78
\BOOKMARK [1][]{section.5.7}{\376\377\0005\000.\0007\000\040\145\313\217\154\167\342\221\317\154\325\377\032\142\212\166\370\117\115\165\073\121\372\147\145}{chapter.5}% 79
\BOOKMARK [1][]{section.5.8}{\376\377\0005\000.\0008\000\040\165\061\122\035\131\313\117\115\177\156\124\214\122\035\131\313\220\037\136\246\170\156\133\232\122\035\166\370}{chapter.5}% 80
\BOOKMARK [1][]{section.5.9}{\376\377\0005\000.\0009\000\040\124\150\147\037\124\214\230\221\163\207}{chapter.5}% 81
\BOOKMARK [1][]{section.5.10}{\376\377\0005\000.\0001\0000\000\040\137\071\174\047\143\057\133\120}{chapter.5}% 82
\BOOKMARK [1][]{section.5.11}{\376\377\0005\000.\0001\0001\000\040\134\017\211\322\136\246\123\125\144\106}{chapter.5}% 83
\BOOKMARK [1][]{section.5.12}{\376\377\0005\000.\0001\0002\000\040\131\015\144\106}{chapter.5}% 84
\BOOKMARK [1][]{section.5.13}{\376\377\0005\000.\0001\0003\000\040\142\155\144\106}{chapter.5}% 85
\BOOKMARK [1][]{section.5.14}{\376\377\0005\000.\0001\0004\000\040\143\057\122\250\200\375\221\317}{chapter.5}% 86
\BOOKMARK [1][]{section.5.15}{\376\377\0005\000.\0001\0005\000\040\116\316\200\375\221\317\133\210\140\122\121\215\143\250\126\336\122\250\122\233\133\146\145\271\172\013}{chapter.5}% 87
\BOOKMARK [1][]{section.5.16}{\376\377\0005\000.\0001\0006\000\040\124\014\145\271\124\021\124\014\230\221\163\207\173\200\214\020\143\057\122\250\166\204\124\010\142\020}{chapter.5}% 88
\BOOKMARK [1][]{section.5.17}{\376\377\0005\000.\0001\0007\000\040\124\014\145\271\124\021\116\015\124\014\230\221\163\207\173\200\214\020\143\057\122\250\166\204\124\010\142\020}{chapter.5}% 89
\BOOKMARK [1][]{section.5.18}{\376\377\0005\000.\0001\0008\000\040\142\315\116\016\142\315\230\221}{chapter.5}% 90
\BOOKMARK [1][]{section.5.19}{\376\377\0005\000.\0001\0009\000\040\166\370\116\222\127\202\166\364\166\204\124\010\142\020}{chapter.5}% 91
\BOOKMARK [1][]{section.5.20}{\376\377\0005\000.\0002\0000\000\040\147\116\204\050\131\202\126\376\137\142\377\032\165\050\217\150\217\371\213\373\230\221\163\207\153\324\124\214\166\370\117\115\135\356}{chapter.5}% 92
\BOOKMARK [1][]{section.5.21}{\376\377\0005\000.\0002\0001\000\040\226\073\134\074\143\057\122\250}{chapter.5}% 93
\BOOKMARK [1][]{section.5.22}{\376\377\0005\000.\0002\0002\000\040\123\327\217\353\143\057\122\250}{chapter.5}% 94
\BOOKMARK [1][]{section.5.23}{\376\377\0005\000.\0002\0003\000\040\121\161\143\057}{chapter.5}% 95
\BOOKMARK [1][]{section.5.24}{\376\377\0005\000.\0002\0004\000\040\136\070\211\301\213\357\123\072}{chapter.5}% 96
\BOOKMARK [1][]{section.5.25}{\376\377\0005\000.\0002\0005\000\040\172\340\147\053\134\017\176\323}{chapter.5}% 97
\BOOKMARK [0][]{chapter.6}{\376\377\0006\000\040\147\072\150\260\154\342}{part.2}% 98
\BOOKMARK [1][]{section.6.1}{\376\377\0006\000.\0001\000\040\116\316\116\000\116\052\143\057\133\120\122\060\116\000\122\027\143\057\133\120}{chapter.6}% 99
\BOOKMARK [1][]{section.6.2}{\376\377\0006\000.\0002\000\040\147\072\150\260\154\342\166\204\137\142\142\020}{chapter.6}% 100
\BOOKMARK [1][]{section.6.3}{\376\377\0006\000.\0003\000\040\152\052\154\342\060\001\176\265\154\342\116\016\116\313\215\050\137\142\123\330}{chapter.6}% 101
\BOOKMARK [1][]{section.6.4}{\376\377\0006\000.\0004\000\040\124\004\171\315\154\342\220\037\116\072\116\300\116\110\116\015\116\000\150\067\377\032\152\041\221\317\116\016\133\306\136\246}{chapter.6}% 102
\BOOKMARK [1][]{section.6.5}{\376\377\0006\000.\0005\000\040\154\342\166\204\127\372\147\054\221\317}{chapter.6}% 103
\BOOKMARK [1][]{section.6.6}{\376\377\0006\000.\0006\000\040\154\342\227\142\060\001\154\342\122\115\116\016\154\342\176\277}{chapter.6}% 104
\BOOKMARK [1][]{section.6.7}{\376\377\0006\000.\0007\000\040\136\163\227\142\173\200\214\020\154\342\166\204\154\342\121\375\145\160}{chapter.6}% 105
\BOOKMARK [1][]{section.6.8}{\376\377\0006\000.\0008\000\040\154\342\121\375\145\160\166\204\162\151\164\006\141\017\116\111}{chapter.6}% 106
\BOOKMARK [1][]{section.6.9}{\376\377\0006\000.\0009\000\040\165\061\143\057\122\250\145\271\172\013\121\231\154\342\122\250\145\271\172\013}{chapter.6}% 107
\BOOKMARK [1][]{section.6.10}{\376\377\0006\000.\0001\0000\000\040\165\061\123\302\200\003\160\271\165\050\166\370\117\115\135\356\154\325\121\231\154\342\122\250\145\271\172\013}{chapter.6}% 108
\BOOKMARK [1][]{section.6.11}{\376\377\0006\000.\0001\0001\000\040\166\370\117\115\135\356\116\016\154\342\172\013\135\356}{chapter.6}% 109
\BOOKMARK [1][]{section.6.12}{\376\377\0006\000.\0001\0002\000\040\116\000\176\364\154\342\122\250\137\256\122\006\145\271\172\013\116\016\116\011\176\364\173\200\214\020\154\342\122\250\122\233\133\146\145\271\172\013}{chapter.6}% 110
\BOOKMARK [1][]{section.6.13}{\376\377\0006\000.\0001\0003\000\040\164\003\227\142\173\200\214\020\154\342}{chapter.6}% 111
\BOOKMARK [1][]{section.6.14}{\376\377\0006\000.\0001\0004\000\040\147\072\150\260\154\342\166\204\200\375\221\317}{chapter.6}% 112
\BOOKMARK [1][]{section.6.15}{\376\377\0006\000.\0001\0005\000\040\200\375\155\101\124\214\200\375\155\101\133\306\136\246}{chapter.6}% 113
\BOOKMARK [1][]{section.6.16}{\376\377\0006\000.\0001\0006\000\040\140\340\146\364\145\257\123\237\164\006}{chapter.6}% 114
\BOOKMARK [1][]{section.6.17}{\376\377\0006\000.\0001\0007\000\040\154\342\166\204\210\115\134\004}{chapter.6}% 115
\BOOKMARK [1][]{section.6.18}{\376\377\0006\000.\0001\0008\000\040\154\342\166\204\123\315\134\004\124\214\142\230\134\004}{chapter.6}% 116
\BOOKMARK [1][]{section.6.19}{\376\377\0006\000.\0001\0009\000\040\154\342\166\204\123\340\122\240\123\237\164\006}{chapter.6}% 117
\BOOKMARK [1][]{section.6.20}{\376\377\0006\000.\0002\0000\000\040\154\342\166\204\123\314\177\035\136\162\155\211}{chapter.6}% 118
\BOOKMARK [1][]{section.6.21}{\376\377\0006\000.\0002\0001\000\040\232\173\154\342\166\204\116\247\165\037}{chapter.6}% 119
\BOOKMARK [1][]{section.6.22}{\376\377\0006\000.\0002\0002\000\040\232\173\154\342\145\271\172\013}{chapter.6}% 120
\BOOKMARK [1][]{section.6.23}{\376\377\0006\000.\0002\0003\000\040\123\315\134\004\160\271\116\072\154\342\202\202\217\330\146\057\154\342\201\171}{chapter.6}% 121
\BOOKMARK [1][]{section.6.24}{\376\377\0006\000.\0002\0004\000\040\166\370\117\115\172\201\123\330\116\016\123\112\154\342\143\137\131\061}{chapter.6}% 122
\BOOKMARK [1][]{section.6.25}{\376\377\0006\000.\0002\0005\000\040\137\046\143\057\122\250\166\204\173\200\153\143\152\041\137\017}{chapter.6}% 123
\BOOKMARK [1][]{section.6.26}{\376\377\0006\000.\0002\0006\000\040\131\032\146\156\122\322\145\110\136\224}{chapter.6}% 124
\BOOKMARK [1][]{section.6.27}{\376\377\0006\000.\0002\0007\000\040\136\070\211\301\213\357\123\072}{chapter.6}% 125
\BOOKMARK [1][]{section.6.28}{\376\377\0006\000.\0002\0008\000\040\172\340\147\053\134\017\176\323}{chapter.6}% 126
\BOOKMARK [-1][]{part.3}{\376\377\173\054\116\011\220\350\122\006\000\040\154\342\122\250\121\111\133\146}{}% 127
\BOOKMARK [0][]{chapter.7}{\376\377\0007\000\040\121\111\166\204\136\162\155\211}{part.3}% 128
\BOOKMARK [1][]{section.7.1}{\376\377\0007\000.\0001\000\040\116\072\116\300\116\110\136\162\155\211\200\375\213\301\146\016\121\111\166\204\154\342\122\250\140\047}{chapter.7}% 129
\BOOKMARK [1][]{section.7.2}{\376\377\0007\000.\0002\000\040\121\111\166\204\147\054\140\047\377\032\154\342\174\222\116\214\214\141\140\047}{chapter.7}% 130
\BOOKMARK [1][]{section.7.3}{\376\377\0007\000.\0003\000\040\121\111\146\057\165\065\170\301\154\342\377\032\121\111\167\342\221\317\060\001\121\111\143\057\122\250\116\016\121\111\154\342\166\204\143\057\122\250\145\271\124\021}{chapter.7}% 131
\BOOKMARK [1][]{section.7.4}{\376\377\0007\000.\0004\000\040\146\156\220\032\121\111\156\220\166\204\123\321\121\111\147\072\164\006}{chapter.7}% 132
\BOOKMARK [1][]{section.7.5}{\376\377\0007\000.\0005\000\040\116\072\116\300\116\110\146\156\220\032\121\111\156\220\131\051\161\066\116\015\166\370\136\162}{chapter.7}% 133
\BOOKMARK [1][]{section.7.6}{\376\377\0007\000.\0006\000\040\122\051\165\050\146\156\220\032\121\111\156\220\203\267\137\227\166\370\136\162\121\111\166\204\127\372\147\054\123\237\164\006}{chapter.7}% 134
\BOOKMARK [1][]{section.7.7}{\376\377\0007\000.\0007\000\040\122\006\154\342\226\065\227\142\154\325\116\016\122\006\143\057\136\105\154\325}{chapter.7}% 135
\BOOKMARK [1][]{section.7.8}{\376\377\0007\000.\0008\000\040\166\370\136\162\147\141\116\366\122\060\136\225\127\050\176\246\147\137\116\300\116\110}{chapter.7}% 136
\BOOKMARK [1][]{section.7.9}{\376\377\0007\000.\0009\000\040\136\162\155\211\166\204\121\111\137\072\122\006\136\003}{chapter.7}% 137
\BOOKMARK [1][]{section.7.10}{\376\377\0007\000.\0001\0000\000\040\136\163\127\107\121\111\137\072\377\032\166\370\136\162\123\340\122\240\116\016\227\136\166\370\136\162\123\340\122\240}{chapter.7}% 138
\BOOKMARK [1][]{section.7.11}{\376\377\0007\000.\0001\0001\000\040\121\111\137\072\226\217\166\370\117\115\135\356\140\016\150\067\123\330\123\026}{chapter.7}% 139
\BOOKMARK [1][]{section.7.12}{\376\377\0007\000.\0001\0002\000\040\121\111\172\013\116\016\121\111\172\013\135\356}{chapter.7}% 140
\BOOKMARK [1][]{section.7.13}{\376\377\0007\000.\0001\0003\000\040\116\313\215\050\116\055\166\204\121\111\172\013}{chapter.7}% 141
\BOOKMARK [1][]{section.7.14}{\376\377\0007\000.\0001\0004\000\040\205\204\220\017\225\134\166\204\173\111\121\111\172\013\140\047}{chapter.7}% 142
\BOOKMARK [1][]{section.7.15}{\376\377\0007\000.\0001\0005\000\040\147\150\154\017\123\314\177\035\136\162\155\211\133\236\232\214}{chapter.7}% 143
\BOOKMARK [1][]{section.7.16}{\376\377\0007\000.\0001\0006\000\040\146\016\146\227\147\141\176\271\166\204\117\115\177\156\116\016\147\141\176\271\225\364\215\335}{chapter.7}% 144
\BOOKMARK [1][]{section.7.17}{\376\377\0007\000.\0001\0007\000\040\121\111\215\357\116\055\143\322\121\145\116\313\215\050\162\107\124\016\147\141\176\271\140\016\150\067\171\373\122\250}{chapter.7}% 145
\BOOKMARK [1][]{section.7.18}{\376\377\0007\000.\0001\0008\000\040\136\162\155\211\230\230\166\204\176\337\116\000\121\145\123\343}{chapter.7}% 146
\BOOKMARK [1][]{section.7.19}{\376\377\0007\000.\0001\0009\000\040\122\006\154\342\226\065\227\142\136\162\155\211\166\204\121\166\116\326\133\236\232\214}{chapter.7}% 147
\BOOKMARK [2][]{subsection.7.19.1}{\376\377\0007\000.\0001\0009\000.\0001\000\040\203\362\155\205\200\063\123\314\150\361\225\134\116\016\123\314\227\142\225\134}{section.7.19}% 148
\BOOKMARK [2][]{subsection.7.19.2}{\376\377\0007\000.\0001\0009\000.\0002\000\040\155\033\127\303\225\134}{section.7.19}% 149
\BOOKMARK [1][]{section.7.20}{\376\377\0007\000.\0002\0000\000\040\123\315\134\004\121\111\166\204\166\370\117\115\172\201\123\330\116\016\123\112\154\342\143\137\131\061}{chapter.7}% 150
\BOOKMARK [1][]{section.7.21}{\376\377\0007\000.\0002\0001\000\040\205\204\201\234\136\162\155\211\377\010\122\006\143\057\136\105\154\325\377\011}{chapter.7}% 151
\BOOKMARK [1][]{section.7.22}{\376\377\0007\000.\0002\0002\000\040\205\204\201\234\136\162\155\211\121\154\137\017\116\016\226\104\122\240\121\111\172\013\135\356}{chapter.7}% 152
\BOOKMARK [1][]{section.7.23}{\376\377\0007\000.\0002\0003\000\040\205\204\201\234\136\162\155\211\122\240\137\072\116\016\166\370\155\210\147\141\116\366}{chapter.7}% 153
\BOOKMARK [1][]{section.7.24}{\376\377\0007\000.\0002\0004\000\040\130\236\220\017\201\234\116\016\130\236\123\315\201\234}{chapter.7}% 154
\BOOKMARK [1][]{section.7.25}{\376\377\0007\000.\0002\0005\000\040\173\111\123\232\136\162\155\211}{chapter.7}% 155
\BOOKMARK [1][]{section.7.26}{\376\377\0007\000.\0002\0006\000\040\122\210\134\026\205\204\201\234\166\204\136\162\155\211}{chapter.7}% 156
\BOOKMARK [1][]{section.7.27}{\376\377\0007\000.\0002\0007\000\040\122\210\134\026\147\141\176\271\166\204\171\373\122\250\116\016\137\256\134\017\123\232\136\246\155\113\221\317}{chapter.7}% 157
\BOOKMARK [1][]{section.7.28}{\376\377\0007\000.\0002\0008\000\040\162\133\230\177\163\257}{chapter.7}% 158
\BOOKMARK [1][]{section.7.29}{\376\377\0007\000.\0002\0009\000\040\162\133\230\177\163\257\166\204\136\224\165\050}{chapter.7}% 159
\BOOKMARK [1][]{section.7.30}{\376\377\0007\000.\0003\0000\000\040\217\310\121\113\200\063\133\131\136\162\155\211\116\352}{chapter.7}% 160
\BOOKMARK [1][]{section.7.31}{\376\377\0007\000.\0003\0001\000\040\136\070\211\301\213\357\123\072}{chapter.7}% 161
\BOOKMARK [1][]{section.7.32}{\376\377\0007\000.\0003\0002\000\040\172\340\147\053\134\017\176\323}{chapter.7}% 162
\BOOKMARK [0][]{chapter.8}{\376\377\0008\000\040\121\111\166\204\210\115\134\004}{part.3}% 163
\BOOKMARK [1][]{section.8.1}{\376\377\0008\000.\0001\000\040\121\110\122\044\217\331\146\057\116\015\146\057\210\115\134\004\230\230}{chapter.8}% 164
\BOOKMARK [1][]{section.8.2}{\376\377\0008\000.\0002\000\040\140\340\146\364\145\257\000-\203\362\155\205\134\024\123\237\164\006}{chapter.8}% 165
\BOOKMARK [1][]{section.8.3}{\376\377\0008\000.\0003\000\040\210\115\134\004\163\260\214\141}{chapter.8}% 166
\BOOKMARK [1][]{section.8.4}{\376\377\0008\000.\0004\000\040\203\362\155\205\200\063\210\115\134\004\116\016\131\053\164\005\171\276\215\071\210\115\134\004}{chapter.8}% 167
\BOOKMARK [1][]{section.8.5}{\376\377\0008\000.\0005\000\040\203\362\155\205\200\063\123\112\154\342\136\046\116\016\123\112\154\342\136\046\154\325}{chapter.8}% 168
\BOOKMARK [1][]{section.8.6}{\376\377\0008\000.\0006\000\040\123\125\177\035\166\204\131\053\164\005\171\276\215\071\210\115\134\004}{chapter.8}% 169
\BOOKMARK [1][]{section.8.7}{\376\377\0008\000.\0007\000\040\123\125\177\035\210\115\134\004\166\204\121\111\137\072\122\006\136\003}{chapter.8}% 170
\BOOKMARK [1][]{section.8.8}{\376\377\0008\000.\0008\000\040\123\125\177\035\210\115\134\004\166\204\122\250\140\001\123\330\123\026}{chapter.8}% 171
\BOOKMARK [1][]{section.8.9}{\376\377\0008\000.\0009\000\040\127\006\133\124\131\053\164\005\171\276\215\071\210\115\134\004}{chapter.8}% 172
\BOOKMARK [1][]{section.8.10}{\376\377\0008\000.\0001\0000\000\040\210\115\134\004\116\016\122\006\217\250\147\054\230\206}{chapter.8}% 173
\BOOKMARK [1][]{section.8.11}{\376\377\0008\000.\0001\0001\000\040\122\006\217\250\147\054\230\206\166\204\122\035\153\145\213\244\213\306}{chapter.8}% 174
\BOOKMARK [1][]{section.8.12}{\376\377\0008\000.\0001\0002\000\040\136\162\155\211\116\016\210\115\134\004\166\204\123\072\122\053\124\214\200\124\174\373}{chapter.8}% 175
\BOOKMARK [1][]{section.8.13}{\376\377\0008\000.\0001\0003\000\040\210\115\134\004\230\230\166\204\176\337\116\000\121\145\123\343}{chapter.8}% 176
\BOOKMARK [1][]{section.8.14}{\376\377\0008\000.\0001\0004\000\040\121\111\150\005\210\115\134\004}{chapter.8}% 177
\BOOKMARK [2][]{subsection.8.14.1}{\376\377\0008\000.\0001\0004\000.\0001\000\040\121\111\150\005\210\115\134\004\147\141\176\271\166\204\137\142\142\020\116\016\126\376\150\067\162\171\160\271}{section.8.14}% 178
\BOOKMARK [2][]{subsection.8.14.2}{\376\377\0008\000.\0001\0004\000.\0002\000\040\177\072\176\247\163\260\214\141}{section.8.14}% 179
\BOOKMARK [2][]{subsection.8.14.3}{\376\377\0008\000.\0001\0004\000.\0003\000\040\121\111\150\005\121\111\214\061}{section.8.14}% 180
\BOOKMARK [1][]{section.8.15}{\376\377\0008\000.\0001\0005\000\040\136\070\211\301\213\357\123\072}{chapter.8}% 181
\BOOKMARK [1][]{section.8.16}{\376\377\0008\000.\0001\0006\000\040\172\340\147\053\134\017\176\323}{chapter.8}% 182
\BOOKMARK [0][]{chapter.9}{\376\377\0009\000\040\121\111\166\204\120\117\143\057}{part.3}% 183
\BOOKMARK [1][]{section.9.1}{\376\377\0009\000.\0001\000\040\121\110\122\044\217\331\146\057\116\015\146\057\120\117\143\057\230\230}{chapter.9}% 184
\BOOKMARK [1][]{section.9.2}{\376\377\0009\000.\0002\000\040\116\072\116\300\116\110\120\117\143\057\123\352\134\136\116\216\152\052\154\342}{chapter.9}% 185
\BOOKMARK [1][]{section.9.3}{\376\377\0009\000.\0003\000\040\146\156\220\032\121\111\156\220\166\204\123\321\121\111\147\072\122\066\116\016\226\217\147\072\140\047}{chapter.9}% 186
\BOOKMARK [1][]{section.9.4}{\376\377\0009\000.\0004\000\040\116\300\116\110\146\057\120\117\143\057}{chapter.9}% 187
\BOOKMARK [1][]{section.9.5}{\376\377\0009\000.\0005\000\040\220\350\122\006\120\117\143\057\121\111}{chapter.9}% 188
\BOOKMARK [1][]{section.9.6}{\376\377\0009\000.\0006\000\040\120\117\143\057\162\107\060\001\215\167\120\117\124\214\150\300\120\117}{chapter.9}% 189
\BOOKMARK [1][]{section.9.7}{\376\377\0009\000.\0007\000\040\232\154\124\025\145\257\133\232\137\213}{chapter.9}% 190
\BOOKMARK [1][]{section.9.8}{\376\377\0009\000.\0008\000\040\120\117\121\111\225\134\116\016\163\260\133\236\136\224\165\050}{chapter.9}% 191
\BOOKMARK [1][]{section.9.9}{\376\377\0009\000.\0009\000\040\123\315\134\004\124\214\142\230\134\004\145\366\166\204\120\117\143\057}{chapter.9}% 192
\BOOKMARK [1][]{section.9.10}{\376\377\0009\000.\0001\0000\000\040\163\273\164\203\162\107\130\006\215\167\120\117}{chapter.9}% 193
\BOOKMARK [1][]{section.9.11}{\376\377\0009\000.\0001\0001\000\040\120\117\143\057\166\204\162\151\164\006\141\017\116\111}{chapter.9}% 194
\BOOKMARK [1][]{section.9.12}{\376\377\0009\000.\0001\0002\000\040\136\070\211\301\213\357\123\072}{chapter.9}% 195
\BOOKMARK [1][]{section.9.13}{\376\377\0009\000.\0001\0003\000\040\172\340\147\053\134\017\176\323}{chapter.9}% 196
\BOOKMARK [-1][]{part.4}{\376\377\173\054\126\333\220\350\122\006\000\040\160\355\133\146}{}% 197
\BOOKMARK [0][]{chapter.10}{\376\377\0001\0000\000\040\154\024\117\123\122\250\164\006\213\272}{part.4}% 198
\BOOKMARK [1][]{section.10.1}{\376\377\0001\0000\000.\0001\000\040\164\006\140\363\154\024\117\123\152\041\127\213}{chapter.10}% 199
\BOOKMARK [1][]{section.10.2}{\376\377\0001\0000\000.\0002\000\040\162\266\140\001\145\271\172\013}{chapter.10}% 200
\BOOKMARK [1][]{section.10.3}{\376\377\0001\0000\000.\0003\000\040\123\213\137\072\166\204\137\256\211\302\211\343\221\312}{chapter.10}% 201
\BOOKMARK [1][]{section.10.4}{\376\377\0001\0000\000.\0004\000\040\156\051\136\246\166\204\137\256\211\302\141\017\116\111}{chapter.10}% 202
\BOOKMARK [1][]{section.10.5}{\376\377\0001\0000\000.\0005\000\040\154\024\117\123\122\006\133\120\145\160\143\011\220\037\163\207\122\006\136\003\166\204\176\337\213\241\211\304\137\213}{chapter.10}% 203
\BOOKMARK [1][]{section.10.6}{\376\377\0001\0000\000.\0006\000\040\236\246\121\113\145\257\227\346\220\037\163\207\122\006\136\003\116\016\116\011\171\315\176\337\213\241\220\037\163\207}{chapter.10}% 204
\BOOKMARK [1][]{section.10.7}{\376\377\0001\0000\000.\0007\000\040\201\352\165\061\136\246}{chapter.10}% 205
\BOOKMARK [1][]{section.10.8}{\376\377\0001\0000\000.\0008\000\040\200\375\221\317\143\011\201\352\165\061\136\246\127\107\122\006\123\237\164\006}{chapter.10}% 206
\BOOKMARK [1][]{section.10.9}{\376\377\0001\0000\000.\0009\000\040\164\006\140\363\154\024\117\123\166\204\160\355\122\233\133\146\200\375\377\010\121\205\200\375\377\011}{chapter.10}% 207
\BOOKMARK [1][]{section.10.10}{\376\377\0001\0000\000.\0001\0000\000\040\136\070\211\301\213\357\123\072}{chapter.10}% 208
\BOOKMARK [1][]{section.10.11}{\376\377\0001\0000\000.\0001\0001\000\040\172\340\147\053\134\017\176\323}{chapter.10}% 209
\BOOKMARK [0][]{chapter.11}{\376\377\0001\0001\000\040\160\355\122\233\133\146\173\054\116\000\133\232\137\213}{part.4}% 210
\BOOKMARK [1][]{section.11.1}{\376\377\0001\0001\000.\0001\000\040\136\163\210\141\140\001\060\001\121\306\227\131\140\001\217\307\172\013\116\016\137\033\214\153\145\366\225\364}{chapter.11}% 211
\BOOKMARK [1][]{section.11.2}{\376\377\0001\0001\000.\0002\000\040\145\071\123\330\121\205\200\375\166\204\116\044\171\315\220\024\137\204}{chapter.11}% 212
\BOOKMARK [1][]{section.11.3}{\376\377\0001\0001\000.\0003\000\040\160\355\221\317\060\001\121\205\200\375\116\016\121\306\227\131\140\001\117\123\171\357\122\237}{chapter.11}% 213
\BOOKMARK [1][]{section.11.4}{\376\377\0001\0001\000.\0004\000\040\160\355\122\233\133\146\173\054\116\000\133\232\137\213}{chapter.11}% 214
\BOOKMARK [1][]{section.11.5}{\376\377\0001\0001\000.\0005\000\040\164\006\140\363\154\024\117\123\173\111\120\074\217\307\172\013\166\204\176\337\116\000\121\145\123\343}{chapter.11}% 215
\BOOKMARK [1][]{section.11.6}{\376\377\0001\0001\000.\0006\000\040\154\024\117\123\166\204\160\355\133\271\116\016\144\151\134\024\160\355\133\271}{chapter.11}% 216
\BOOKMARK [1][]{section.11.7}{\376\377\0001\0001\000.\0007\000\040\133\232\117\123\144\151\134\024\160\355\133\271\060\001\133\232\123\213\144\151\134\024\160\355\133\271\116\016\144\151\134\024\160\355\133\271\153\324}{chapter.11}% 217
\BOOKMARK [1][]{section.11.8}{\376\377\0001\0001\000.\0008\000\040\121\340\174\173\164\006\140\363\154\024\117\123\166\204\136\070\211\301\123\326\120\074}{chapter.11}% 218
\BOOKMARK [1][]{section.11.9}{\376\377\0001\0001\000.\0009\000\040\164\006\140\363\154\024\117\123\166\204\126\333\174\173\136\070\211\301\121\306\227\131\140\001\217\307\172\013}{chapter.11}% 219
\BOOKMARK [2][]{subsection.11.9.1}{\376\377\0001\0001\000.\0009\000.\0001\000\040\173\111\117\123\217\307\172\013}{section.11.9}% 220
\BOOKMARK [2][]{subsection.11.9.2}{\376\377\0001\0001\000.\0009\000.\0002\000\040\173\111\123\213\217\307\172\013}{section.11.9}% 221
\BOOKMARK [2][]{subsection.11.9.3}{\376\377\0001\0001\000.\0009\000.\0003\000\040\173\111\156\051\217\307\172\013}{section.11.9}% 222
\BOOKMARK [2][]{subsection.11.9.4}{\376\377\0001\0001\000.\0009\000.\0004\000\040\121\306\227\131\140\001\176\335\160\355\217\307\172\013}{section.11.9}% 223
\BOOKMARK [1][]{section.11.10}{\376\377\0001\0001\000.\0001\0000\000\040\176\335\160\355\176\277\000\040\000v\000s\000.\000\040\173\111\156\051\176\277}{chapter.11}% 224
\BOOKMARK [1][]{section.11.11}{\376\377\0001\0001\000.\0001\0001\000\040\227\136\121\306\227\131\140\001\176\335\160\355\217\307\172\013\377\032\176\335\160\355\201\352\165\061\201\250\200\300}{chapter.11}% 225
\BOOKMARK [1][]{section.11.12}{\376\377\0001\0001\000.\0001\0002\000\040\131\032\145\271\217\307\172\013}{chapter.11}% 226
\BOOKMARK [1][]{section.11.13}{\376\377\0001\0001\000.\0001\0003\000\040\160\355\122\233\133\146\137\252\163\257\217\307\172\013}{chapter.11}% 227
\BOOKMARK [1][]{section.11.14}{\376\377\0001\0001\000.\0001\0004\000\040\153\143\137\252\163\257\116\016\160\355\147\072\145\110\163\207}{chapter.11}% 228
\BOOKMARK [1][]{section.11.15}{\376\377\0001\0001\000.\0001\0005\000\040\220\006\137\252\163\257\116\016\201\364\121\267\174\373\145\160}{chapter.11}% 229
\BOOKMARK [1][]{section.11.16}{\376\377\0001\0001\000.\0001\0006\000\040\123\141\213\372\137\252\163\257\060\001\123\141\213\372\160\355\147\072\116\016\123\141\213\372\122\066\121\267\147\072}{chapter.11}% 230
\BOOKMARK [1][]{section.11.17}{\376\377\0001\0001\000.\0001\0007\000\040\136\070\211\301\213\357\123\072}{chapter.11}% 231
\BOOKMARK [1][]{section.11.18}{\376\377\0001\0001\000.\0001\0008\000\040\172\340\147\053\134\017\176\323}{chapter.11}% 232
\BOOKMARK [0][]{chapter.12}{\376\377\0001\0002\000\040\160\355\122\233\133\146\173\054\116\214\133\232\137\213}{part.4}% 233
\BOOKMARK [1][]{section.12.1}{\376\377\0001\0002\000.\0001\000\040\116\072\116\300\116\110\217\330\227\000\211\201\173\054\116\214\133\232\137\213}{chapter.12}% 234
\BOOKMARK [1][]{section.12.2}{\376\377\0001\0002\000.\0002\000\040\173\054\116\214\133\232\137\213\166\204\116\044\171\315\176\317\121\170\210\150\217\360}{chapter.12}% 235
\BOOKMARK [1][]{section.12.3}{\376\377\0001\0002\000.\0003\000\040\160\355\122\233\133\146\173\054\116\214\133\232\137\213\166\204\136\224\165\050\377\032\123\141\213\372\133\232\164\006}{chapter.12}% 236
\BOOKMARK [1][]{section.12.4}{\376\377\0001\0002\000.\0004\000\040\123\357\220\006\217\307\172\013\116\016\116\015\123\357\220\006\217\307\172\013}{chapter.12}% 237
\BOOKMARK [1][]{section.12.5}{\376\377\0001\0002\000.\0005\000\040\161\265\166\204\122\035\153\145\151\202\137\365}{chapter.12}% 238
\BOOKMARK [1][]{section.12.6}{\376\377\0001\0002\000.\0006\000\040\161\265\166\204\213\241\173\227}{chapter.12}% 239
\BOOKMARK [1][]{section.12.7}{\376\377\0001\0002\000.\0007\000\040\161\265\130\236\122\240\123\237\164\006}{chapter.12}% 240
\BOOKMARK [1][]{section.12.8}{\376\377\0001\0002\000.\0008\000\040\160\355\117\040\133\374\116\055\166\204\161\265\123\330}{chapter.12}% 241
\BOOKMARK [1][]{section.12.9}{\376\377\0001\0002\000.\0009\000\040\161\265\124\214\161\265\123\330\166\204\123\357\123\340\122\240\140\047}{chapter.12}% 242
\BOOKMARK [1][]{section.12.10}{\376\377\0001\0002\000.\0001\0000\000\040\160\355\122\233\133\146\173\054\116\214\133\232\137\213\166\204\176\337\213\241\141\017\116\111}{chapter.12}% 243
\BOOKMARK [1][]{section.12.11}{\376\377\0001\0002\000.\0001\0001\000\040\136\070\211\301\213\357\123\072}{chapter.12}% 244
\BOOKMARK [1][]{section.12.12}{\376\377\0001\0002\000.\0001\0002\000\040\172\340\147\053\134\017\176\323}{chapter.12}% 245
\BOOKMARK [-1][]{part.5}{\376\377\173\054\116\224\220\350\122\006\000\040\147\037\147\053\140\073\131\015\116\140}{}% 246
\BOOKMARK [0][]{chapter.13}{\376\377\0001\0003\000\040\131\047\133\146\162\151\164\006\116\000\140\073\131\015\116\140}{part.5}% 247
\BOOKMARK [1][]{section.13.1}{\376\377\0001\0003\000.\0001\000\040\122\233\133\146\220\350\122\006\140\073\116\062\213\262}{chapter.13}% 248
\BOOKMARK [1][]{section.13.2}{\376\377\0001\0003\000.\0002\000\040\143\057\122\250\116\016\154\342\122\250\220\350\122\006\140\073\116\062\213\262}{chapter.13}% 249
\BOOKMARK [1][]{section.13.3}{\376\377\0001\0003\000.\0003\000\040\121\111\133\146\220\350\122\006\140\073\116\062\213\262}{chapter.13}% 250
\BOOKMARK [1][]{section.13.4}{\376\377\0001\0003\000.\0004\000\040\160\355\133\146\220\350\122\006\140\073\116\062\213\262}{chapter.13}% 251
\BOOKMARK [-1][]{part.6}{\376\377\173\054\121\155\220\350\122\006\000\040\165\065\170\301\133\146}{}% 252
\BOOKMARK [0][]{chapter.14}{\376\377\0001\0004\000\040\167\037\172\172\116\055\166\204\227\131\165\065\127\072}{part.6}% 253
\BOOKMARK [1][]{section.14.1}{\376\377\0001\0004\000.\0001\000\040\116\316\160\271\165\065\203\167\166\370\116\222\117\134\165\050\122\060\127\072\166\204\211\302\160\271}{chapter.14}% 254
\BOOKMARK [1][]{section.14.2}{\376\377\0001\0004\000.\0002\000\040\136\223\116\321\133\232\137\213\377\032\227\131\165\065\166\370\116\222\117\134\165\050\166\204\133\232\221\317\215\167\160\271}{chapter.14}% 255
\BOOKMARK [1][]{section.14.3}{\376\377\0001\0004\000.\0003\000\040\165\065\127\072\137\072\136\246\377\032\142\212\040\034\123\327\122\233\040\035\145\071\121\231\142\020\040\034\172\172\225\364\134\136\140\047\040\035}{chapter.14}% 256
\BOOKMARK [1][]{section.14.4}{\376\377\0001\0004\000.\0004\000\040\123\340\122\240\123\237\164\006\116\016\217\336\176\355\136\046\165\065\117\123\377\032\116\072\116\300\116\110\211\201\171\357\122\006}{chapter.14}% 257
\BOOKMARK [1][]{section.14.5}{\376\377\0001\0004\000.\0005\000\040\165\065\127\072\176\277\060\001\165\065\220\032\221\317\116\016\232\330\145\257\133\232\164\006\166\204\140\035\215\357}{chapter.14}% 258
\BOOKMARK [1][]{section.14.6}{\376\377\0001\0004\000.\0006\000\040\227\131\165\065\127\072\166\204\163\257\215\357\133\232\164\006\116\016\165\065\122\277}{chapter.14}% 259
\BOOKMARK [1][]{section.14.7}{\376\377\0001\0004\000.\0007\000\040\173\111\122\277\227\142\116\016\127\072\137\072\166\204\137\256\122\006\121\163\174\373}{chapter.14}% 260
\BOOKMARK [1][]{section.14.8}{\376\377\0001\0004\000.\0008\000\040\117\213\230\230\174\276\213\262}{chapter.14}% 261
\BOOKMARK [1][]{section.14.9}{\376\377\0001\0004\000.\0009\000\040\147\054\172\340\176\337\116\000\215\167\142\113\122\250\117\134}{chapter.14}% 262
\BOOKMARK [1][]{section.14.10}{\376\377\0001\0004\000.\0001\0000\000\040\136\070\211\301\213\357\123\072}{chapter.14}% 263
\BOOKMARK [1][]{section.14.11}{\376\377\0001\0004\000.\0001\0001\000\040\172\340\147\053\134\017\176\323}{chapter.14}% 264
\BOOKMARK [0][]{chapter.15}{\376\377\0001\0005\000\040\227\131\165\065\127\072\116\055\166\204\162\151\215\050\116\016\165\065\133\271}{part.6}% 265
\BOOKMARK [1][]{section.15.1}{\376\377\0001\0005\000.\0001\000\040\133\374\117\123\166\204\227\131\165\065\136\163\210\141\377\032\116\072\116\300\116\110\121\205\220\350\127\072\137\305\230\173\116\072\226\366}{chapter.15}% 266
\BOOKMARK [1][]{section.15.2}{\376\377\0001\0005\000.\0002\000\040\133\374\117\123\210\150\227\142\226\104\217\321\166\204\127\072\116\016\227\131\165\065\134\117\205\075}{chapter.15}% 267
\BOOKMARK [1][]{section.15.3}{\376\377\0001\0005\000.\0003\000\040\165\065\116\313\215\050\147\201\123\026\377\032\116\072\116\300\116\110\176\335\177\030\117\123\116\137\117\032\124\315\136\224\165\065\127\072}{chapter.15}% 268
\BOOKMARK [1][]{section.15.4}{\376\377\0001\0005\000.\0004\000\040\165\065\117\115\171\373\167\342\221\317\377\032\142\212\201\352\165\061\165\065\203\167\124\214\147\137\177\032\165\065\203\167\122\006\215\046}{chapter.15}% 269
\BOOKMARK [1][]{section.15.5}{\376\377\0001\0005\000.\0005\000\040\165\065\133\271\126\150\116\016\165\065\133\271\377\032\116\072\116\300\116\110\040\034\120\250\165\065\040\035\121\166\133\236\146\057\127\050\120\250\127\072}{chapter.15}% 270
\BOOKMARK [1][]{section.15.6}{\376\377\0001\0005\000.\0006\000\040\116\062\200\124\060\001\136\166\200\124\116\016\143\322\121\145\165\065\116\313\215\050\145\366\122\060\136\225\214\001\133\210\140\122}{chapter.15}% 271
\BOOKMARK [1][]{section.15.7}{\376\377\0001\0005\000.\0007\000\040\165\065\127\072\200\375\221\317\377\032\116\072\116\300\116\110\213\364\200\375\221\317\120\250\133\130\127\050\127\072\116\055}{chapter.15}% 272
\BOOKMARK [1][]{section.15.8}{\376\377\0001\0005\000.\0008\000\040\117\213\230\230\174\276\213\262}{chapter.15}% 273
\BOOKMARK [1][]{section.15.9}{\376\377\0001\0005\000.\0009\000\040\147\054\172\340\176\337\116\000\215\167\142\113\122\250\117\134}{chapter.15}% 274
\BOOKMARK [1][]{section.15.10}{\376\377\0001\0005\000.\0001\0000\000\040\136\070\211\301\213\357\123\072}{chapter.15}% 275
\BOOKMARK [1][]{section.15.11}{\376\377\0001\0005\000.\0001\0001\000\040\172\340\147\053\134\017\176\323}{chapter.15}% 276
\BOOKMARK [0][]{chapter.16}{\376\377\0001\0006\000\040\172\063\140\122\165\065\155\101\116\016\227\131\170\301\127\072\127\372\170\100}{part.6}% 277
\BOOKMARK [1][]{section.16.1}{\376\377\0001\0006\000.\0001\000\040\172\063\140\122\165\065\155\101\116\016\165\065\155\101\133\306\136\246}{chapter.16}% 278
\BOOKMARK [1][]{section.16.2}{\376\377\0001\0006\000.\0002\000\040\153\047\131\306\133\232\137\213\377\032\116\316\134\100\220\350\122\060\145\164\117\123}{chapter.16}% 279
\BOOKMARK [1][]{section.16.3}{\376\377\0001\0006\000.\0003\000\040\170\301\141\037\136\224\137\072\136\246\377\032\170\301\127\072\166\204\127\372\147\054\221\317}{chapter.16}% 280
\BOOKMARK [1][]{section.16.4}{\376\377\0001\0006\000.\0004\000\040\153\325\131\145\000-\204\050\117\020\134\024\133\232\137\213\377\032\165\065\155\101\121\103\131\202\117\125\116\247\165\037\170\301\127\072}{chapter.16}% 281
\BOOKMARK [1][]{section.16.5}{\376\377\0001\0006\000.\0005\000\040\217\320\122\250\165\065\203\167\166\204\170\301\127\072\116\016\165\065\127\072\060\001\170\301\127\072\166\204\221\317\176\247\153\324\217\203}{chapter.16}% 282
\BOOKMARK [1][]{section.16.6}{\376\377\0001\0006\000.\0006\000\040\170\301\127\072\166\204\232\330\145\257\133\232\164\006\116\016\133\211\127\371\163\257\215\357\133\232\164\006}{chapter.16}% 283
\BOOKMARK [1][]{section.16.7}{\376\377\0001\0006\000.\0007\000\040\117\213\230\230\174\276\213\262}{chapter.16}% 284
\BOOKMARK [1][]{section.16.8}{\376\377\0001\0006\000.\0008\000\040\147\054\172\340\176\337\116\000\215\167\142\113\122\250\117\134}{chapter.16}% 285
\BOOKMARK [1][]{section.16.9}{\376\377\0001\0006\000.\0009\000\040\136\070\211\301\213\357\123\072}{chapter.16}% 286
\BOOKMARK [1][]{section.16.10}{\376\377\0001\0006\000.\0001\0000\000\040\172\340\147\053\134\017\176\323}{chapter.16}% 287
\BOOKMARK [0][]{chapter.17}{\376\377\0001\0007\000\040\170\301\127\072\122\233\116\016\217\175\155\101\133\374\117\123\000/\176\277\127\010}{part.6}% 288
\BOOKMARK [1][]{section.17.1}{\376\377\0001\0007\000.\0001\000\040\155\033\117\046\121\171\122\233\377\032\170\301\127\072\131\202\117\125\117\134\165\050\116\216\217\320\122\250\165\065\203\167}{chapter.17}% 289
\BOOKMARK [1][]{section.17.2}{\376\377\0001\0007\000.\0002\000\040\116\072\116\300\116\110\170\301\127\072\200\375\213\251\174\222\133\120\217\154\137\057}{chapter.17}% 290
\BOOKMARK [1][]{section.17.3}{\376\377\0001\0007\000.\0003\000\040\116\072\116\300\116\110\170\301\122\233\116\015\120\132\122\237}{chapter.17}% 291
\BOOKMARK [1][]{section.17.4}{\376\377\0001\0007\000.\0004\000\040\155\033\117\046\121\171\122\233\166\204\121\340\116\052\176\317\121\170\136\224\165\050}{chapter.17}% 292
\BOOKMARK [1][]{section.17.5}{\376\377\0001\0007\000.\0005\000\040\170\301\127\072\133\371\217\175\155\101\133\374\176\277\166\204\117\134\165\050}{chapter.17}% 293
\BOOKMARK [1][]{section.17.6}{\376\377\0001\0007\000.\0006\000\040\176\277\127\010\116\072\116\300\116\110\117\032\210\253\170\301\127\072\040\034\142\347\217\154\040\035}{chapter.17}% 294
\BOOKMARK [1][]{section.17.7}{\376\377\0001\0007\000.\0007\000\040\170\301\122\233\133\371\165\065\155\101\126\336\215\357\120\132\122\237\140\016\150\067\124\214\170\301\220\032\143\245\215\167\147\145}{chapter.17}% 295
\BOOKMARK [1][]{section.17.8}{\376\377\0001\0007\000.\0008\000\040\117\213\230\230\174\276\213\262}{chapter.17}% 296
\BOOKMARK [1][]{section.17.9}{\376\377\0001\0007\000.\0009\000\040\147\054\172\340\176\337\116\000\215\167\142\113\122\250\117\134}{chapter.17}% 297
\BOOKMARK [1][]{section.17.10}{\376\377\0001\0007\000.\0001\0000\000\040\136\070\211\301\213\357\123\072}{chapter.17}% 298
\BOOKMARK [1][]{section.17.11}{\376\377\0001\0007\000.\0001\0001\000\040\172\340\147\053\134\017\176\323}{chapter.17}% 299
\BOOKMARK [0][]{chapter.18}{\376\377\0001\0008\000\040\170\301\116\313\215\050}{part.6}% 300
\BOOKMARK [1][]{section.18.1}{\376\377\0001\0008\000.\0001\000\040\170\301\123\026\116\016\170\301\167\351}{chapter.18}% 301
\BOOKMARK [1][]{section.18.2}{\376\377\0001\0008\000.\0002\000\040\170\301\127\072\137\072\136\246\000\040\000H\000\040\116\016\116\313\215\050\116\055\166\204\133\211\127\371\163\257\215\357\133\232\164\006}{chapter.18}% 302
\BOOKMARK [1][]{section.18.3}{\376\377\0001\0008\000.\0003\000\040\116\011\174\173\136\070\211\301\170\301\116\313\215\050\377\032\142\227\170\301\060\001\230\172\170\301\060\001\224\301\170\301}{chapter.18}% 303
\BOOKMARK [1][]{section.18.4}{\376\377\0001\0008\000.\0004\000\040\170\301\156\336\116\016\217\157\170\301\060\001\170\154\170\301\147\120\145\231}{chapter.18}% 304
\BOOKMARK [1][]{section.18.5}{\376\377\0001\0008\000.\0005\000\040\117\213\230\230\174\276\213\262}{chapter.18}% 305
\BOOKMARK [1][]{section.18.6}{\376\377\0001\0008\000.\0006\000\040\147\054\172\340\176\337\116\000\215\167\142\113\122\250\117\134}{chapter.18}% 306
\BOOKMARK [1][]{section.18.7}{\376\377\0001\0008\000.\0007\000\040\136\070\211\301\213\357\123\072}{chapter.18}% 307
\BOOKMARK [1][]{section.18.8}{\376\377\0001\0008\000.\0008\000\040\172\340\147\053\134\017\176\323}{chapter.18}% 308
\BOOKMARK [0][]{chapter.19}{\376\377\0001\0009\000\040\165\065\170\301\141\037\136\224}{part.6}% 309
\BOOKMARK [1][]{section.19.1}{\376\377\0001\0009\000.\0001\000\040\170\301\220\032\221\317\116\016\154\325\142\311\173\054\165\065\170\301\141\037\136\224\133\232\137\213}{chapter.19}% 310
\BOOKMARK [1][]{section.19.2}{\376\377\0001\0009\000.\0002\000\040\122\250\165\037\165\065\122\250\122\277\116\016\141\037\165\037\165\065\122\250\122\277}{chapter.19}% 311
\BOOKMARK [1][]{section.19.3}{\376\377\0001\0009\000.\0003\000\040\201\352\141\037\116\016\116\222\141\037}{chapter.19}% 312
\BOOKMARK [1][]{section.19.4}{\376\377\0001\0009\000.\0004\000\040\170\301\127\072\200\375\221\317}{chapter.19}% 313
\BOOKMARK [1][]{section.19.5}{\376\377\0001\0009\000.\0005\000\040\117\213\230\230\174\276\213\262}{chapter.19}% 314
\BOOKMARK [1][]{section.19.6}{\376\377\0001\0009\000.\0006\000\040\147\054\172\340\176\337\116\000\215\167\142\113\122\250\117\134}{chapter.19}% 315
\BOOKMARK [1][]{section.19.7}{\376\377\0001\0009\000.\0007\000\040\136\070\211\301\213\357\123\072}{chapter.19}% 316
\BOOKMARK [1][]{section.19.8}{\376\377\0001\0009\000.\0008\000\040\172\340\147\053\134\017\176\323}{chapter.19}% 317
\BOOKMARK [0][]{chapter.20}{\376\377\0002\0000\000\040\236\246\121\113\145\257\227\346\145\271\172\013\176\304\116\016\165\065\170\301\154\342\122\035\153\145}{part.6}% 318
\BOOKMARK [1][]{section.20.1}{\376\377\0002\0000\000.\0001\000\040\116\072\116\300\116\110\123\237\133\211\127\371\133\232\137\213\217\330\116\015\131\037}{chapter.20}% 319
\BOOKMARK [1][]{section.20.2}{\376\377\0002\0000\000.\0002\000\040\236\246\121\113\145\257\227\346\145\271\172\013\176\304\166\204\171\357\122\006\137\142\137\017}{chapter.20}% 320
\BOOKMARK [1][]{section.20.3}{\376\377\0002\0000\000.\0003\000\040\137\256\122\006\137\142\137\017\116\016\134\100\220\350\211\302\160\271}{chapter.20}% 321
\BOOKMARK [1][]{section.20.4}{\376\377\0002\0000\000.\0004\000\040\165\065\170\301\154\342\377\032\123\330\123\026\166\204\165\065\127\072\116\016\170\301\127\072\131\202\117\125\201\352\142\021\117\040\144\255}{chapter.20}% 322
\BOOKMARK [1][]{section.20.5}{\376\377\0002\0000\000.\0005\000\040\165\065\170\301\154\342\166\204\127\372\147\054\140\047\215\050}{chapter.20}% 323
\BOOKMARK [1][]{section.20.6}{\376\377\0002\0000\000.\0006\000\040\165\065\170\301\154\342\214\061\377\032\124\014\116\000\171\315\154\342\377\014\116\072\116\300\116\110\200\375\210\150\163\260\137\227\217\331\116\110\116\015\124\014}{chapter.20}% 324
\BOOKMARK [1][]{section.20.7}{\376\377\0002\0000\000.\0007\000\040\165\065\170\301\154\342\140\016\150\067\144\072\136\046\200\375\221\317}{chapter.20}% 325
\BOOKMARK [1][]{section.20.8}{\376\377\0002\0000\000.\0008\000\040\165\065\170\301\154\342\116\137\144\072\136\046\122\250\221\317\377\032\217\220\134\004\123\213\116\316\124\352\221\314\147\145}{chapter.20}% 326
\BOOKMARK [1][]{section.20.9}{\376\377\0002\0000\000.\0009\000\040\117\213\230\230\174\276\213\262}{chapter.20}% 327
\BOOKMARK [1][]{section.20.10}{\376\377\0002\0000\000.\0001\0000\000\040\147\054\172\340\176\337\116\000\215\167\142\113\122\250\117\134}{chapter.20}% 328
\BOOKMARK [1][]{section.20.11}{\376\377\0002\0000\000.\0001\0001\000\040\136\070\211\301\213\357\123\072}{chapter.20}% 329
\BOOKMARK [1][]{section.20.12}{\376\377\0002\0000\000.\0001\0002\000\040\172\340\147\053\134\017\176\323}{chapter.20}% 330
\BOOKMARK [-1][]{part.7}{\376\377\173\054\116\003\220\350\122\006\000\040\217\321\116\343\162\151\164\006}{}% 331
\BOOKMARK [0][]{chapter.21}{\376\377\0002\0001\000\040\162\355\116\111\166\370\133\371\213\272}{part.7}% 332
\BOOKMARK [1][]{section.21.1}{\376\377\0002\0001\000.\0001\000\040\176\317\121\170\145\366\172\172\211\302\116\072\116\300\116\110\117\032\220\107\122\060\126\360\226\276}{chapter.21}% 333
\BOOKMARK [1][]{section.21.2}{\376\377\0002\0001\000.\0002\000\040\116\044\147\141\127\372\147\054\123\237\164\006}{chapter.21}% 334
\BOOKMARK [1][]{section.21.3}{\376\377\0002\0001\000.\0003\000\040\124\014\145\366\140\047\166\204\166\370\133\371\140\047\116\016\121\111\224\237\126\376\146\157}{chapter.21}% 335
\BOOKMARK [1][]{section.21.4}{\376\377\0002\0001\000.\0004\000\040\225\177\136\246\145\066\177\051\116\016\155\033\117\046\121\171\123\330\143\142}{chapter.21}% 336
\BOOKMARK [1][]{section.21.5}{\376\377\0002\0001\000.\0005\000\040\166\370\133\371\213\272\220\037\136\246\123\330\143\142}{chapter.21}% 337
\BOOKMARK [1][]{section.21.6}{\376\377\0002\0001\000.\0006\000\040\166\370\133\371\213\272\122\250\221\317\060\001\200\375\221\317\116\016\215\050\200\375\121\163\174\373}{chapter.21}% 338
\BOOKMARK [1][]{section.21.7}{\376\377\0002\0001\000.\0007\000\040\117\213\230\230\174\276\213\262}{chapter.21}% 339
\BOOKMARK [1][]{section.21.8}{\376\377\0002\0001\000.\0008\000\040\147\054\172\340\176\337\116\000\215\167\142\113\122\250\117\134}{chapter.21}% 340
\BOOKMARK [1][]{section.21.9}{\376\377\0002\0001\000.\0009\000\040\136\070\211\301\213\357\123\072}{chapter.21}% 341
\BOOKMARK [1][]{section.21.10}{\376\377\0002\0001\000.\0001\0000\000\040\172\340\147\053\134\017\176\323}{chapter.21}% 342
\BOOKMARK [0][]{chapter.22}{\376\377\0002\0002\000\040\145\351\147\037\221\317\133\120\213\272}{part.7}% 343
\BOOKMARK [1][]{section.22.1}{\376\377\0002\0002\000.\0001\000\040\236\321\117\123\217\220\134\004\116\016\200\375\221\317\221\317\133\120\123\026}{chapter.22}% 344
\BOOKMARK [1][]{section.22.2}{\376\377\0002\0002\000.\0002\000\040\121\111\165\065\145\110\136\224\377\032\116\072\116\300\116\110\121\111\137\072\116\015\146\057\121\163\225\056\377\014\230\221\163\207\142\115\146\057\121\163\225\056}{chapter.22}% 345
\BOOKMARK [1][]{section.22.3}{\376\377\0002\0002\000.\0003\000\040\136\267\146\156\230\177\145\110\136\224\377\032\121\111\133\120\116\015\116\305\147\011\200\375\221\317\377\014\217\330\147\011\122\250\221\317}{chapter.22}% 346
\BOOKMARK [1][]{section.22.4}{\376\377\0002\0002\000.\0004\000\040\154\042\121\111\214\061\116\016\154\342\134\024\152\041\127\213}{chapter.22}% 347
\BOOKMARK [1][]{section.22.5}{\376\377\0002\0002\000.\0005\000\040\154\342\134\024\152\041\127\213\166\204\142\020\122\237\116\016\134\100\226\120}{chapter.22}% 348
\BOOKMARK [1][]{section.22.6}{\376\377\0002\0002\000.\0006\000\040\117\213\230\230\174\276\213\262}{chapter.22}% 349
\BOOKMARK [1][]{section.22.7}{\376\377\0002\0002\000.\0007\000\040\147\054\172\340\176\337\116\000\215\167\142\113\122\250\117\134}{chapter.22}% 350
\BOOKMARK [1][]{section.22.8}{\376\377\0002\0002\000.\0008\000\040\136\070\211\301\213\357\123\072}{chapter.22}% 351
\BOOKMARK [1][]{section.22.9}{\376\377\0002\0002\000.\0009\000\040\172\340\147\053\134\017\176\323}{chapter.22}% 352
\BOOKMARK [0][]{chapter.23}{\376\377\0002\0003\000\040\221\317\133\120\122\233\133\146\127\372\170\100}{part.7}% 353
\BOOKMARK [1][]{section.23.1}{\376\377\0002\0003\000.\0001\000\040\137\267\136\003\177\127\141\017\154\342\377\032\116\015\123\352\146\057\121\111\147\011\154\342\174\222\116\214\214\141\140\047}{chapter.23}% 354
\BOOKMARK [1][]{section.23.2}{\376\377\0002\0003\000.\0002\000\040\116\015\170\156\133\232\121\163\174\373\377\032\116\072\116\300\116\110\176\317\121\170\217\150\220\123\126\376\146\157\117\032\131\061\145\110}{chapter.23}% 355
\BOOKMARK [1][]{section.23.3}{\376\377\0002\0003\000.\0003\000\040\154\342\121\375\145\160\116\016\151\202\163\207\211\343\221\312}{chapter.23}% 356
\BOOKMARK [1][]{section.23.4}{\376\377\0002\0003\000.\0004\000\040\154\342\121\375\145\160\166\204\140\047\215\050\377\032\124\352\116\233\121\375\145\160\142\115\123\357\200\375\116\343\210\150\167\037\133\236\221\317\133\120\140\001}{chapter.23}% 357
\BOOKMARK [1][]{section.23.5}{\376\377\0002\0003\000.\0005\000\040\205\233\133\232\214\024\145\271\172\013\377\032\221\317\133\120\140\001\131\202\117\125\226\217\145\366\225\364\157\024\123\026}{chapter.23}% 358
\BOOKMARK [1][]{section.23.6}{\376\377\0002\0003\000.\0006\000\040\116\000\176\364\145\340\226\120\155\361\122\277\226\061\377\032\221\317\133\120\217\271\165\114\147\141\116\366\131\202\117\125\173\133\121\372\171\273\145\143\200\375\176\247}{chapter.23}% 359
\BOOKMARK [1][]{section.23.7}{\376\377\0002\0003\000.\0007\000\040\116\000\176\364\145\271\122\277\127\222\116\016\226\247\220\123\145\110\136\224\377\032\176\317\121\170\171\201\123\072\116\072\116\300\116\110\217\330\200\375\172\177\217\307}{chapter.23}% 360
\BOOKMARK [1][]{section.23.8}{\376\377\0002\0003\000.\0008\000\040\214\020\143\057\133\120\377\032\123\346\116\000\171\315\121\170\127\213\171\273\145\143\214\061}{chapter.23}% 361
\BOOKMARK [1][]{section.23.9}{\376\377\0002\0003\000.\0009\000\040\154\042\123\237\133\120\221\317\133\120\140\001\116\016\221\317\133\120\145\160}{chapter.23}% 362
\BOOKMARK [1][]{section.23.10}{\376\377\0002\0003\000.\0001\0000\000\040\116\072\116\300\116\110\116\011\116\052\221\317\133\120\145\160\217\330\116\015\131\037\377\032\145\257\162\171\140\151\000-\166\326\142\311\215\153\133\236\232\214\116\016\201\352\145\313}{chapter.23}% 363
\BOOKMARK [1][]{section.23.11}{\376\377\0002\0003\000.\0001\0001\000\040\117\213\230\230\174\276\213\262}{chapter.23}% 364
\BOOKMARK [1][]{section.23.12}{\376\377\0002\0003\000.\0001\0002\000\040\147\054\172\340\176\337\116\000\215\167\142\113\122\250\117\134}{chapter.23}% 365
\BOOKMARK [1][]{section.23.13}{\376\377\0002\0003\000.\0001\0003\000\040\136\070\211\301\213\357\123\072}{chapter.23}% 366
\BOOKMARK [1][]{section.23.14}{\376\377\0002\0003\000.\0001\0004\000\040\172\340\147\053\134\017\176\323}{chapter.23}% 367
\BOOKMARK [-1][]{part.8}{\376\377\173\054\121\153\220\350\122\006\000\040\147\037\147\053\140\073\131\015\116\140}{}% 368
\BOOKMARK [0][]{chapter.24}{\376\377\0002\0004\000\040\131\047\133\146\162\151\164\006\116\214\140\073\131\015\116\140}{part.8}% 369
\BOOKMARK [1][]{section.24.1}{\376\377\0002\0004\000.\0001\000\040\165\065\170\301\133\146\220\350\122\006\140\073\116\062\213\262}{chapter.24}% 370
\BOOKMARK [1][]{section.24.2}{\376\377\0002\0004\000.\0002\000\040\166\370\133\371\213\272\220\350\122\006\140\073\116\062\213\262}{chapter.24}% 371
\BOOKMARK [1][]{section.24.3}{\376\377\0002\0004\000.\0003\000\040\221\317\133\120\162\151\164\006\220\350\122\006\140\073\116\062\213\262}{chapter.24}% 372
\BOOKMARK [1][]{section.24.4}{\376\377\0002\0004\000.\0004\000\040\131\047\133\146\162\151\164\006\116\214\232\330\230\221\213\357\123\072\133\371\161\147}{chapter.24}% 373
