\BOOKMARK [0][]{chapter.1}{\376\377\0001\000\040\167\037\172\172\116\055\166\204\227\131\165\065\127\072}{}% 1
\BOOKMARK [1][]{section.1.1}{\376\377\0001\000.\0001\000\040\165\065\203\167}{chapter.1}% 2
\BOOKMARK [1][]{section.1.2}{\376\377\0001\000.\0002\000\040\165\065\127\072}{chapter.1}% 3
\BOOKMARK [1][]{section.1.3}{\376\377\0001\000.\0003\000\040\123\340\122\240\123\237\164\006\116\016\217\336\176\355\136\046\165\065\117\123\377\032\116\072\116\300\116\110\211\201\171\357\122\006}{chapter.1}% 4
\BOOKMARK [1][]{section.1.4}{\376\377\0001\000.\0004\000\040\165\065\127\072\176\277\060\001\165\065\220\032\221\317\116\016\232\330\145\257\133\232\164\006\166\204\140\035\215\357}{chapter.1}% 5
\BOOKMARK [1][]{section.1.5}{\376\377\0001\000.\0005\000\040\227\131\165\065\127\072\166\204\163\257\215\357\133\232\164\006\116\016\165\065\122\277}{chapter.1}% 6
\BOOKMARK [1][]{section.1.6}{\376\377\0001\000.\0006\000\040\173\111\122\277\227\142\116\016\127\072\137\072\166\204\137\256\122\006\121\163\174\373}{chapter.1}% 7
\BOOKMARK [1][]{section.1.7}{\376\377\0001\000.\0007\000\040\117\213\230\230\174\276\213\262}{chapter.1}% 8
\BOOKMARK [1][]{section.1.8}{\376\377\0001\000.\0008\000\040\147\054\172\340\145\271\154\325\143\320\211\201}{chapter.1}% 9
\BOOKMARK [1][]{section.1.9}{\376\377\0001\000.\0009\000\040\136\070\211\301\213\357\123\072}{chapter.1}% 10
\BOOKMARK [1][]{section.1.10}{\376\377\0001\000.\0001\0000\000\040\172\340\147\053\134\017\176\323}{chapter.1}% 11
\BOOKMARK [0][]{chapter.2}{\376\377\0002\000\040\227\131\165\065\127\072\116\055\166\204\162\151\215\050\116\016\165\065\133\271}{}% 12
\BOOKMARK [1][]{section.2.1}{\376\377\0002\000.\0001\000\040\133\374\117\123\166\204\227\131\165\065\136\163\210\141\377\032\116\072\116\300\116\110\121\205\220\350\127\072\137\305\230\173\116\072\226\366}{chapter.2}% 13
\BOOKMARK [1][]{section.2.2}{\376\377\0002\000.\0002\000\040\133\374\117\123\210\150\227\142\226\104\217\321\166\204\127\072\116\016\227\131\165\065\134\117\205\075}{chapter.2}% 14
\BOOKMARK [1][]{section.2.3}{\376\377\0002\000.\0003\000\040\165\065\116\313\215\050\147\201\123\026\377\032\116\072\116\300\116\110\176\335\177\030\117\123\116\137\117\032\124\315\136\224\165\065\127\072}{chapter.2}% 15
\BOOKMARK [1][]{section.2.4}{\376\377\0002\000.\0004\000\040\165\065\117\115\171\373\167\342\221\317\377\032\142\212\201\352\165\061\165\065\203\167\124\214\147\137\177\032\165\065\203\167\122\006\215\046}{chapter.2}% 16
\BOOKMARK [1][]{section.2.5}{\376\377\0002\000.\0005\000\040\165\065\133\271\126\150\116\016\165\065\133\271\377\032\116\072\116\300\116\110\040\034\120\250\165\065\040\035\121\166\133\236\146\057\127\050\120\250\127\072}{chapter.2}% 17
\BOOKMARK [1][]{section.2.6}{\376\377\0002\000.\0006\000\040\116\062\200\124\060\001\136\166\200\124\116\016\143\322\121\145\165\065\116\313\215\050\145\366\122\060\136\225\214\001\133\210\140\122}{chapter.2}% 18
\BOOKMARK [1][]{section.2.7}{\376\377\0002\000.\0007\000\040\165\065\127\072\200\375\221\317\377\032\116\072\116\300\116\110\213\364\200\375\221\317\120\250\133\130\127\050\127\072\116\055}{chapter.2}% 19
\BOOKMARK [1][]{section.2.8}{\376\377\0002\000.\0008\000\040\117\213\230\230\174\276\213\262}{chapter.2}% 20
\BOOKMARK [1][]{section.2.9}{\376\377\0002\000.\0009\000\040\147\054\172\340\145\271\154\325\143\320\211\201}{chapter.2}% 21
\BOOKMARK [1][]{section.2.10}{\376\377\0002\000.\0001\0000\000\040\136\070\211\301\213\357\123\072}{chapter.2}% 22
\BOOKMARK [1][]{section.2.11}{\376\377\0002\000.\0001\0001\000\040\172\340\147\053\134\017\176\323}{chapter.2}% 23
\BOOKMARK [0][]{chapter.3}{\376\377\0003\000\040\172\063\140\122\165\065\155\101\116\016\227\131\170\301\127\072\127\372\170\100}{}% 24
\BOOKMARK [1][]{section.3.1}{\376\377\0003\000.\0001\000\040\172\063\140\122\165\065\155\101\116\016\165\065\155\101\133\306\136\246}{chapter.3}% 25
\BOOKMARK [1][]{section.3.2}{\376\377\0003\000.\0002\000\040\153\047\131\306\133\232\137\213\377\032\116\316\134\100\220\350\122\060\145\164\117\123}{chapter.3}% 26
\BOOKMARK [1][]{section.3.3}{\376\377\0003\000.\0003\000\040\170\301\141\037\136\224\137\072\136\246\377\032\170\301\127\072\166\204\127\372\147\054\221\317}{chapter.3}% 27
\BOOKMARK [1][]{section.3.4}{\376\377\0003\000.\0004\000\040\153\325\131\145\000-\204\050\117\020\134\024\133\232\137\213\377\032\165\065\155\101\121\103\131\202\117\125\116\247\165\037\170\301\127\072}{chapter.3}% 28
\BOOKMARK [1][]{section.3.5}{\376\377\0003\000.\0005\000\040\217\320\122\250\165\065\203\167\166\204\170\301\127\072\116\016\165\065\127\072\060\001\170\301\127\072\166\204\221\317\176\247\153\324\217\203}{chapter.3}% 29
\BOOKMARK [1][]{section.3.6}{\376\377\0003\000.\0006\000\040\170\301\127\072\166\204\232\330\145\257\133\232\164\006\116\016\133\211\127\371\163\257\215\357\133\232\164\006}{chapter.3}% 30
\BOOKMARK [1][]{section.3.7}{\376\377\0003\000.\0007\000\040\117\213\230\230\174\276\213\262}{chapter.3}% 31
\BOOKMARK [1][]{section.3.8}{\376\377\0003\000.\0008\000\040\147\054\172\340\145\271\154\325\143\320\211\201}{chapter.3}% 32
\BOOKMARK [1][]{section.3.9}{\376\377\0003\000.\0009\000\040\136\070\211\301\213\357\123\072}{chapter.3}% 33
\BOOKMARK [1][]{section.3.10}{\376\377\0003\000.\0001\0000\000\040\172\340\147\053\134\017\176\323}{chapter.3}% 34
\BOOKMARK [0][]{chapter.4}{\376\377\0004\000\040\170\301\127\072\122\233\116\016\217\175\155\101\133\374\117\123\000/\176\277\127\010}{}% 35
\BOOKMARK [1][]{section.4.1}{\376\377\0004\000.\0001\000\040\155\033\117\046\121\171\122\233\377\032\170\301\127\072\131\202\117\125\117\134\165\050\116\216\217\320\122\250\165\065\203\167}{chapter.4}% 36
\BOOKMARK [1][]{section.4.2}{\376\377\0004\000.\0002\000\040\116\072\116\300\116\110\170\301\127\072\200\375\213\251\174\222\133\120\217\154\137\057}{chapter.4}% 37
\BOOKMARK [1][]{section.4.3}{\376\377\0004\000.\0003\000\040\116\072\116\300\116\110\170\301\122\233\116\015\120\132\122\237}{chapter.4}% 38
\BOOKMARK [1][]{section.4.4}{\376\377\0004\000.\0004\000\040\155\033\117\046\121\171\122\233\166\204\121\340\116\052\176\317\121\170\136\224\165\050}{chapter.4}% 39
\BOOKMARK [1][]{section.4.5}{\376\377\0004\000.\0005\000\040\170\301\127\072\133\371\217\175\155\101\133\374\176\277\166\204\117\134\165\050}{chapter.4}% 40
\BOOKMARK [1][]{section.4.6}{\376\377\0004\000.\0006\000\040\176\277\127\010\116\072\116\300\116\110\117\032\210\253\170\301\127\072\040\034\142\347\217\154\040\035}{chapter.4}% 41
\BOOKMARK [1][]{section.4.7}{\376\377\0004\000.\0007\000\040\170\301\122\233\133\371\165\065\155\101\126\336\215\357\120\132\122\237\140\016\150\067\124\214\170\301\220\032\143\245\215\167\147\145}{chapter.4}% 42
\BOOKMARK [1][]{section.4.8}{\376\377\0004\000.\0008\000\040\117\213\230\230\174\276\213\262}{chapter.4}% 43
\BOOKMARK [1][]{section.4.9}{\376\377\0004\000.\0009\000\040\147\054\172\340\145\271\154\325\143\320\211\201}{chapter.4}% 44
\BOOKMARK [1][]{section.4.10}{\376\377\0004\000.\0001\0000\000\040\136\070\211\301\213\357\123\072}{chapter.4}% 45
\BOOKMARK [1][]{section.4.11}{\376\377\0004\000.\0001\0001\000\040\172\340\147\053\134\017\176\323}{chapter.4}% 46
\BOOKMARK [0][]{chapter.5}{\376\377\0005\000\040\170\301\116\313\215\050}{}% 47
\BOOKMARK [1][]{section.5.1}{\376\377\0005\000.\0001\000\040\170\301\123\026\116\016\170\301\167\351}{chapter.5}% 48
\BOOKMARK [1][]{section.5.2}{\376\377\0005\000.\0002\000\040\170\301\127\072\137\072\136\246\000\040\000H\000\040\116\016\116\313\215\050\116\055\166\204\133\211\127\371\163\257\215\357\133\232\164\006}{chapter.5}% 49
\BOOKMARK [1][]{section.5.3}{\376\377\0005\000.\0003\000\040\116\011\174\173\136\070\211\301\170\301\116\313\215\050\377\032\142\227\170\301\060\001\230\172\170\301\060\001\224\301\170\301}{chapter.5}% 50
\BOOKMARK [1][]{section.5.4}{\376\377\0005\000.\0004\000\040\170\301\156\336\116\016\217\157\170\301\060\001\170\154\170\301\147\120\145\231}{chapter.5}% 51
\BOOKMARK [1][]{section.5.5}{\376\377\0005\000.\0005\000\040\117\213\230\230\174\276\213\262}{chapter.5}% 52
\BOOKMARK [1][]{section.5.6}{\376\377\0005\000.\0006\000\040\147\054\172\340\145\271\154\325\143\320\211\201}{chapter.5}% 53
\BOOKMARK [1][]{section.5.7}{\376\377\0005\000.\0007\000\040\136\070\211\301\213\357\123\072}{chapter.5}% 54
\BOOKMARK [1][]{section.5.8}{\376\377\0005\000.\0008\000\040\172\340\147\053\134\017\176\323}{chapter.5}% 55
\BOOKMARK [0][]{chapter.6}{\376\377\0006\000\040\165\065\170\301\141\037\136\224}{}% 56
\BOOKMARK [1][]{section.6.1}{\376\377\0006\000.\0001\000\040\170\301\220\032\221\317\116\016\154\325\142\311\173\054\165\065\170\301\141\037\136\224\133\232\137\213}{chapter.6}% 57
\BOOKMARK [1][]{section.6.2}{\376\377\0006\000.\0002\000\040\122\250\165\037\165\065\122\250\122\277\116\016\141\037\165\037\165\065\122\250\122\277}{chapter.6}% 58
\BOOKMARK [1][]{section.6.3}{\376\377\0006\000.\0003\000\040\201\352\141\037\116\016\116\222\141\037}{chapter.6}% 59
\BOOKMARK [1][]{section.6.4}{\376\377\0006\000.\0004\000\040\170\301\127\072\200\375\221\317}{chapter.6}% 60
\BOOKMARK [1][]{section.6.5}{\376\377\0006\000.\0005\000\040\117\213\230\230\174\276\213\262}{chapter.6}% 61
\BOOKMARK [1][]{section.6.6}{\376\377\0006\000.\0006\000\040\147\054\172\340\145\271\154\325\143\320\211\201}{chapter.6}% 62
\BOOKMARK [1][]{section.6.7}{\376\377\0006\000.\0007\000\040\136\070\211\301\213\357\123\072}{chapter.6}% 63
\BOOKMARK [1][]{section.6.8}{\376\377\0006\000.\0008\000\040\172\340\147\053\134\017\176\323}{chapter.6}% 64
\BOOKMARK [0][]{chapter.7}{\376\377\0007\000\040\236\246\121\113\145\257\227\346\145\271\172\013\176\304\116\016\165\065\170\301\154\342\122\035\153\145}{}% 65
\BOOKMARK [1][]{section.7.1}{\376\377\0007\000.\0001\000\040\116\072\116\300\116\110\123\237\133\211\127\371\133\232\137\213\217\330\116\015\131\037}{chapter.7}% 66
\BOOKMARK [1][]{section.7.2}{\376\377\0007\000.\0002\000\040\236\246\121\113\145\257\227\346\145\271\172\013\176\304\166\204\171\357\122\006\137\142\137\017}{chapter.7}% 67
\BOOKMARK [1][]{section.7.3}{\376\377\0007\000.\0003\000\040\137\256\122\006\137\142\137\017\116\016\134\100\220\350\211\302\160\271}{chapter.7}% 68
\BOOKMARK [1][]{section.7.4}{\376\377\0007\000.\0004\000\040\165\065\170\301\154\342\377\032\123\330\123\026\166\204\165\065\127\072\116\016\170\301\127\072\131\202\117\125\201\352\142\021\117\040\144\255}{chapter.7}% 69
\BOOKMARK [1][]{section.7.5}{\376\377\0007\000.\0005\000\040\165\065\170\301\154\342\166\204\127\372\147\054\140\047\215\050}{chapter.7}% 70
\BOOKMARK [1][]{section.7.6}{\376\377\0007\000.\0006\000\040\165\065\170\301\154\342\214\061\377\032\124\014\116\000\171\315\154\342\377\014\116\072\116\300\116\110\200\375\210\150\163\260\137\227\217\331\116\110\116\015\124\014}{chapter.7}% 71
\BOOKMARK [1][]{section.7.7}{\376\377\0007\000.\0007\000\040\165\065\170\301\154\342\140\016\150\067\144\072\136\046\200\375\221\317}{chapter.7}% 72
\BOOKMARK [1][]{section.7.8}{\376\377\0007\000.\0008\000\040\165\065\170\301\154\342\116\137\144\072\136\046\122\250\221\317\377\032\217\220\134\004\123\213\116\316\124\352\221\314\147\145}{chapter.7}% 73
\BOOKMARK [1][]{section.7.9}{\376\377\0007\000.\0009\000\040\117\213\230\230\174\276\213\262}{chapter.7}% 74
\BOOKMARK [1][]{section.7.10}{\376\377\0007\000.\0001\0000\000\040\147\054\172\340\145\271\154\325\143\320\211\201}{chapter.7}% 75
\BOOKMARK [1][]{section.7.11}{\376\377\0007\000.\0001\0001\000\040\136\070\211\301\213\357\123\072}{chapter.7}% 76
\BOOKMARK [1][]{section.7.12}{\376\377\0007\000.\0001\0002\000\040\172\340\147\053\134\017\176\323}{chapter.7}% 77
\BOOKMARK [-1][]{part.1}{\376\377\173\054\116\000\220\350\122\006\000\040\217\321\116\343\162\151\164\006}{}% 78
\BOOKMARK [0][]{chapter.8}{\376\377\0008\000\040\162\355\116\111\166\370\133\371\213\272}{part.1}% 79
\BOOKMARK [1][]{section.8.1}{\376\377\0008\000.\0001\000\040\176\317\121\170\145\366\172\172\211\302\116\072\116\300\116\110\117\032\220\107\122\060\126\360\226\276}{chapter.8}% 80
\BOOKMARK [1][]{section.8.2}{\376\377\0008\000.\0002\000\040\116\044\147\141\127\372\147\054\123\237\164\006}{chapter.8}% 81
\BOOKMARK [1][]{section.8.3}{\376\377\0008\000.\0003\000\040\124\014\145\366\140\047\166\204\166\370\133\371\140\047\116\016\121\111\224\237\126\376\146\157}{chapter.8}% 82
\BOOKMARK [1][]{section.8.4}{\376\377\0008\000.\0004\000\040\225\177\136\246\145\066\177\051\116\016\155\033\117\046\121\171\123\330\143\142}{chapter.8}% 83
\BOOKMARK [1][]{section.8.5}{\376\377\0008\000.\0005\000\040\166\370\133\371\213\272\220\037\136\246\123\330\143\142}{chapter.8}% 84
\BOOKMARK [1][]{section.8.6}{\376\377\0008\000.\0006\000\040\166\370\133\371\213\272\122\250\221\317\060\001\200\375\221\317\116\016\215\050\200\375\121\163\174\373}{chapter.8}% 85
\BOOKMARK [1][]{section.8.7}{\376\377\0008\000.\0007\000\040\117\213\230\230\174\276\213\262}{chapter.8}% 86
\BOOKMARK [1][]{section.8.8}{\376\377\0008\000.\0008\000\040\147\054\172\340\145\271\154\325\143\320\211\201}{chapter.8}% 87
\BOOKMARK [1][]{section.8.9}{\376\377\0008\000.\0009\000\040\136\070\211\301\213\357\123\072}{chapter.8}% 88
\BOOKMARK [1][]{section.8.10}{\376\377\0008\000.\0001\0000\000\040\172\340\147\053\134\017\176\323}{chapter.8}% 89
\BOOKMARK [0][]{chapter.9}{\376\377\0009\000\040\145\351\147\037\221\317\133\120\213\272}{part.1}% 90
\BOOKMARK [1][]{section.9.1}{\376\377\0009\000.\0001\000\040\236\321\117\123\217\220\134\004\116\016\200\375\221\317\221\317\133\120\123\026}{chapter.9}% 91
\BOOKMARK [1][]{section.9.2}{\376\377\0009\000.\0002\000\040\121\111\165\065\145\110\136\224\377\032\116\072\116\300\116\110\121\111\137\072\116\015\146\057\121\163\225\056\377\014\230\221\163\207\142\115\146\057\121\163\225\056}{chapter.9}% 92
\BOOKMARK [1][]{section.9.3}{\376\377\0009\000.\0003\000\040\136\267\146\156\230\177\145\110\136\224\377\032\121\111\133\120\116\015\116\305\147\011\200\375\221\317\377\014\217\330\147\011\122\250\221\317}{chapter.9}% 93
\BOOKMARK [1][]{section.9.4}{\376\377\0009\000.\0004\000\040\154\042\121\111\214\061\116\016\154\342\134\024\152\041\127\213}{chapter.9}% 94
\BOOKMARK [1][]{section.9.5}{\376\377\0009\000.\0005\000\040\154\342\134\024\152\041\127\213\166\204\142\020\122\237\116\016\134\100\226\120}{chapter.9}% 95
\BOOKMARK [1][]{section.9.6}{\376\377\0009\000.\0006\000\040\117\213\230\230\174\276\213\262}{chapter.9}% 96
\BOOKMARK [1][]{section.9.7}{\376\377\0009\000.\0007\000\040\147\054\172\340\145\271\154\325\143\320\211\201}{chapter.9}% 97
\BOOKMARK [1][]{section.9.8}{\376\377\0009\000.\0008\000\040\136\070\211\301\213\357\123\072}{chapter.9}% 98
\BOOKMARK [1][]{section.9.9}{\376\377\0009\000.\0009\000\040\172\340\147\053\134\017\176\323}{chapter.9}% 99
\BOOKMARK [0][]{chapter.10}{\376\377\0001\0000\000\040\221\317\133\120\122\233\133\146\127\372\170\100}{part.1}% 100
\BOOKMARK [1][]{section.10.1}{\376\377\0001\0000\000.\0001\000\040\137\267\136\003\177\127\141\017\154\342\377\032\116\015\123\352\146\057\121\111\147\011\154\342\174\222\116\214\214\141\140\047}{chapter.10}% 101
\BOOKMARK [1][]{section.10.2}{\376\377\0001\0000\000.\0002\000\040\116\015\170\156\133\232\121\163\174\373\377\032\116\072\116\300\116\110\176\317\121\170\217\150\220\123\126\376\146\157\117\032\131\061\145\110}{chapter.10}% 102
\BOOKMARK [1][]{section.10.3}{\376\377\0001\0000\000.\0003\000\040\154\342\121\375\145\160\116\016\151\202\163\207\211\343\221\312}{chapter.10}% 103
\BOOKMARK [1][]{section.10.4}{\376\377\0001\0000\000.\0004\000\040\154\342\121\375\145\160\166\204\140\047\215\050\377\032\124\352\116\233\121\375\145\160\142\115\123\357\200\375\116\343\210\150\167\037\133\236\221\317\133\120\140\001}{chapter.10}% 104
\BOOKMARK [1][]{section.10.5}{\376\377\0001\0000\000.\0005\000\040\205\233\133\232\214\024\145\271\172\013\377\032\221\317\133\120\140\001\131\202\117\125\226\217\145\366\225\364\157\024\123\026}{chapter.10}% 105
\BOOKMARK [1][]{section.10.6}{\376\377\0001\0000\000.\0006\000\040\116\000\176\364\145\340\226\120\155\361\122\277\226\061\377\032\221\317\133\120\217\271\165\114\147\141\116\366\131\202\117\125\173\133\121\372\171\273\145\143\200\375\176\247}{chapter.10}% 106
\BOOKMARK [1][]{section.10.7}{\376\377\0001\0000\000.\0007\000\040\116\000\176\364\145\271\122\277\127\222\116\016\226\247\220\123\145\110\136\224\377\032\176\317\121\170\171\201\123\072\116\072\116\300\116\110\217\330\200\375\172\177\217\307}{chapter.10}% 107
\BOOKMARK [1][]{section.10.8}{\376\377\0001\0000\000.\0008\000\040\214\020\143\057\133\120\377\032\123\346\116\000\171\315\121\170\127\213\171\273\145\143\214\061}{chapter.10}% 108
\BOOKMARK [1][]{section.10.9}{\376\377\0001\0000\000.\0009\000\040\154\042\123\237\133\120\221\317\133\120\140\001\116\016\221\317\133\120\145\160}{chapter.10}% 109
\BOOKMARK [1][]{section.10.10}{\376\377\0001\0000\000.\0001\0000\000\040\116\072\116\300\116\110\116\011\116\052\221\317\133\120\145\160\217\330\116\015\131\037\377\032\145\257\162\171\140\151\000-\166\326\142\311\215\153\133\236\232\214\116\016\201\352\145\313}{chapter.10}% 110
\BOOKMARK [1][]{section.10.11}{\376\377\0001\0000\000.\0001\0001\000\040\117\213\230\230\174\276\213\262}{chapter.10}% 111
\BOOKMARK [1][]{section.10.12}{\376\377\0001\0000\000.\0001\0002\000\040\147\054\172\340\145\271\154\325\143\320\211\201}{chapter.10}% 112
\BOOKMARK [1][]{section.10.13}{\376\377\0001\0000\000.\0001\0003\000\040\136\070\211\301\213\357\123\072}{chapter.10}% 113
\BOOKMARK [1][]{section.10.14}{\376\377\0001\0000\000.\0001\0004\000\040\172\340\147\053\134\017\176\323}{chapter.10}% 114
\BOOKMARK [-1][]{part.2}{\376\377\173\054\116\214\220\350\122\006\000\040\147\037\147\053\140\073\131\015\116\140}{}% 115
\BOOKMARK [0][]{chapter.11}{\376\377\0001\0001\000\040\131\047\133\146\162\151\164\006\116\214\140\073\131\015\116\140}{part.2}% 116
\BOOKMARK [1][]{section.11.1}{\376\377\0001\0001\000.\0001\000\040\165\065\170\301\133\146\220\350\122\006\140\073\116\062\213\262}{chapter.11}% 117
\BOOKMARK [1][]{section.11.2}{\376\377\0001\0001\000.\0002\000\040\166\370\133\371\213\272\220\350\122\006\140\073\116\062\213\262}{chapter.11}% 118
\BOOKMARK [1][]{section.11.3}{\376\377\0001\0001\000.\0003\000\040\221\317\133\120\162\151\164\006\220\350\122\006\140\073\116\062\213\262}{chapter.11}% 119
